[[[[-0.1977682  -0.29977382 -0.14308308 -0.21645458 -0.03453505]
   [-0.14397202 -0.39883625  0.03802181  0.05821109 -0.09023499]
   [-0.1604349  -0.3978886  -0.08869606  0.35980658  0.12978106]
   [ 0.30361306  0.01862514 -0.18499133 -0.23857811 -0.13918616]
   [-0.35527474 -0.11324235  0.23313565 -0.14902591 -0.12139504]]]


 [[[-0.25484982 -0.16221936  0.11296007 -0.18124796 -0.08873666]
   [-0.30171295 -0.16870855  0.38446522 -0.35035437  0.00209157]
   [-0.34801216  0.35250351 -0.38925984 -0.28617161 -0.2062809 ]
   [-0.16336811 -0.18503477  0.19047303 -0.10938929  0.06942484]
   [-0.16310118  0.34033898 -0.26901536 -0.25819503 -0.27216664]]]


 [[[ 0.29183892 -0.24367067  0.03684987  0.37934655 -0.28763623]
   [ 0.22946718  0.26572316  0.21637459  0.13237044 -0.24515036]
   [-0.09825461 -0.27502352 -0.10839052 -0.07669972  0.262316  ]
   [ 0.29470554  0.10125996 -0.26537823 -0.35940719  0.267333  ]
   [-0.39129432 -0.36742968  0.24686737 -0.24731183  0.01636257]]]


 [[[ 0.14826649  0.04353744 -0.25973452  0.12141569  0.10771211]
   [-0.02224723 -0.21942355 -0.02529493  0.16234743 -0.21356358]
   [ 0.35578884 -0.14949579 -0.17401309 -0.02034977 -0.03479962]
   [-0.2529991  -0.35618704  0.19308044 -0.28314203 -0.00153366]
   [ 0.0348186   0.28608529 -0.32908227 -0.16896002 -0.2792803 ]]]


 [[[ 0.11979066  0.32727823  0.00923462 -0.08334729 -0.02324549]
   [ 0.25291429 -0.39822633 -0.01490849 -0.26171967 -0.32539914]
   [-0.2915225  -0.38371026 -0.18933777 -0.32792815 -0.14453425]
   [ 0.1764707   0.35689017  0.20472665 -0.0251103   0.15253759]
   [-0.3052757   0.04756849  0.37399046  0.24877373  0.03464931]]]


 [[[ 0.25145663  0.20943009 -0.32717351  0.27433274  0.0119207 ]
   [ 0.02950427  0.33628954 -0.23711138  0.04127775  0.31331628]
   [ 0.34163407 -0.32278341  0.0131656   0.02946364  0.00803859]
   [-0.37577785 -0.02961118  0.09572893  0.04950381  0.23147926]
   [ 0.14511942 -0.23022119 -0.23049408 -0.13563006  0.06705985]]]][-0.26928068400324007, 0.30388513722229443, 0.34755341712858895, -0.37707747282948084, 0.21504786614083243, -0.04140299950635351]
-----------------------------------------------
[[ 0.16749961  0.46065316]
 [ 0.0210391  -0.08983908]
 [-0.00499067  0.0508252 ]
 [-0.17438323  0.02687749]
 [-0.17677061 -0.10207626]
 [-0.35533736 -0.42971423]]
-----------------------------------------------
[array([[[ 0.0743114 ,  0.0958802 ,  0.13679269, -0.10440529,
         -0.10683221],
        [ 0.07792471, -0.06712103,  0.12027362,  0.06163007,
          0.12833557],
        [ 0.04288751,  0.04687838, -0.05162165,  0.13918302,
          0.00252764],
        [-0.1041033 , -0.13727343,  0.01415404,  0.12720451,
         -0.00347261],
        [ 0.04262608, -0.14744171,  0.07250541,  0.11237114,
         -0.03512221]],

       [[-0.07458371,  0.06286602,  0.12346592,  0.03303014,
         -0.12058608],
        [ 0.05127479, -0.12593102, -0.12234181,  0.08535449,
          0.04594481],
        [-0.03340071, -0.1033961 ,  0.07095756, -0.08756088,
         -0.12718884],
        [ 0.11799048, -0.13899572,  0.11123948,  0.10414308,
          0.09237343],
        [-0.11222113,  0.03946461, -0.00554756, -0.05509615,
         -0.10371932]],

       [[-0.09860257, -0.04289347, -0.05537978,  0.07533153,
         -0.13811366],
        [-0.09382873, -0.03694449,  0.03901734, -0.08487542,
          0.00417648],
        [ 0.14822043, -0.08831449, -0.08082794,  0.03067675,
         -0.13216158],
        [-0.00192646,  0.04565885, -0.05223178,  0.08966083,
          0.05553016],
        [-0.14980902,  0.10035531, -0.09598017,  0.11643846,
          0.04777055]]])
 array([[[ 0.14882449, -0.08485389, -0.00794066,  0.0465311 ,
         -0.04250571],
        [ 0.11867759, -0.12705975, -0.01900183,  0.10799537,
         -0.14591771],
        [ 0.09357858,  0.01017493,  0.1375229 , -0.06025818,
          0.03936266],
        [ 0.01598451, -0.00655683, -0.01395793,  0.01331371,
         -0.03970286],
        [-0.05924447, -0.06934416,  0.05630877,  0.05843003,
         -0.00448907]],

       [[-0.06992949, -0.01950766,  0.02280461, -0.00685989,
         -0.10156488],
        [ 0.12328222, -0.12323654, -0.08365949,  0.06165982,
         -0.07323474],
        [ 0.10168101,  0.0364631 ,  0.06066544, -0.10013153,
          0.13170268],
        [ 0.08845267,  0.12672565,  0.06203674, -0.09653086,
          0.12214762],
        [-0.10596564,  0.118213  , -0.08721521,  0.05416225,
          0.09097804]],

       [[ 0.08953579, -0.07289062,  0.1493276 , -0.09658435,
          0.03669904],
        [-0.09624221,  0.12279528, -0.14807806, -0.0214247 ,
         -0.14135354],
        [-0.11044401, -0.08757796,  0.06646164, -0.12728109,
         -0.1293968 ],
        [ 0.11128811, -0.13302756, -0.05209587,  0.02813853,
         -0.14859623],
        [-0.14639706,  0.11652199, -0.14282943, -0.09659562,
          0.01227855]]])
 array([[[-0.12355794,  0.05467319, -0.01658353, -0.07755002,
          0.0782071 ],
        [-0.05865174, -0.04530217, -0.03110424,  0.06440374,
          0.03356695],
        [ 0.04071099,  0.05811353, -0.02606938,  0.00436038,
         -0.03339718],
        [ 0.05858007,  0.05717053,  0.0657423 , -0.09696542,
          0.10715869],
        [ 0.08068249, -0.00724112,  0.05799556, -0.009303  ,
          0.08645283]],

       [[ 0.03085964, -0.06363184,  0.07776909, -0.00685069,
          0.03994022],
        [ 0.07118245, -0.01642268, -0.04919547, -0.0282214 ,
          0.07343858],
        [ 0.14817271, -0.14938873,  0.01844641,  0.0488995 ,
          0.10258353],
        [ 0.10898826, -0.02048431, -0.14290298, -0.09273124,
         -0.06434875],
        [-0.07080043,  0.14050421, -0.1091014 ,  0.13893944,
         -0.04909787]],

       [[-0.14347196,  0.1210148 , -0.02144802,  0.06705381,
         -0.14935918],
        [ 0.0951949 , -0.10271762,  0.13203514, -0.06343167,
          0.05269814],
        [-0.03476165, -0.08320716,  0.0587042 ,  0.10078328,
         -0.05199977],
        [ 0.09007622,  0.05334714,  0.03810264,  0.13073052,
          0.03227835],
        [-0.02700848,  0.08786203,  0.1315109 ,  0.02428065,
         -0.01719276]]])
 array([[[-0.11255154,  0.0875043 , -0.11221127,  0.06026996,
         -0.01288039],
        [ 0.14507895,  0.10809137, -0.07279924, -0.1040096 ,
          0.05089931],
        [-0.14528444,  0.00798191,  0.13917925,  0.12615095,
         -0.04955745],
        [ 0.00213013, -0.09272313, -0.09877816,  0.11233044,
         -0.05174278],
        [ 0.13637695,  0.10815706,  0.09410139, -0.03135067,
          0.14894782]],

       [[ 0.12793298, -0.02653001, -0.01344028,  0.12599132,
         -0.08036325],
        [-0.01913835, -0.06173917, -0.05777878, -0.10637463,
         -0.05084489],
        [ 0.02753854, -0.06387136,  0.14657546,  0.04644364,
          0.12588128],
        [ 0.12501319, -0.10087943, -0.0659993 , -0.08745641,
          0.02159763],
        [ 0.02080659, -0.0554846 ,  0.05559723,  0.04747587,
          0.04015967]],

       [[-0.07461947,  0.00183365,  0.04056022,  0.09308578,
          0.06589639],
        [ 0.0880888 ,  0.02068303,  0.12364309, -0.00324447,
          0.073679  ],
        [ 0.00180796,  0.00690277, -0.07998052,  0.02361347,
         -0.12298419],
        [ 0.01013832,  0.02747556,  0.00126485,  0.1362028 ,
         -0.05027076],
        [-0.01559712, -0.02160522,  0.13461156, -0.14294009,
         -0.07587766]]])
 array([[[-0.0854093 , -0.13609565,  0.0049396 ,  0.03351646,
          0.04859692],
        [-0.14123215,  0.03242292, -0.03099837, -0.01770983,
          0.0439591 ],
        [ 0.0704737 ,  0.0902569 , -0.02426463,  0.13522162,
         -0.0665656 ],
        [-0.12500563,  0.02282242,  0.10649426, -0.0171601 ,
          0.11367905],
        [-0.1184009 , -0.05645329, -0.02587113, -0.06628127,
          0.11918973]],

       [[-0.13457734, -0.03686087,  0.11706004,  0.03004189,
          0.11385197],
        [-0.08528   ,  0.02726367,  0.04636583, -0.06764757,
          0.0096043 ],
        [ 0.05641867,  0.02484764, -0.13372569, -0.10054767,
          0.03243761],
        [ 0.06384423, -0.12560433, -0.02767517, -0.11038619,
          0.13439454],
        [ 0.07713942,  0.02219815,  0.10329156, -0.06054683,
          0.08884439]],

       [[-0.12056482, -0.02154605, -0.04219055,  0.02496621,
         -0.05999208],
        [ 0.06497645, -0.08306277, -0.03632455, -0.09239076,
          0.09681058],
        [ 0.13602145,  0.08562294,  0.03307139,  0.11821126,
         -0.05698027],
        [ 0.10687314, -0.00558059,  0.1129451 ,  0.11549608,
         -0.03588271],
        [ 0.11824845,  0.02589226, -0.05102627, -0.02911535,
          0.03080616]]])
 array([[[-0.09102302,  0.05177907, -0.04407271, -0.13927571,
          0.14199156],
        [ 0.04147644, -0.03621562,  0.0432814 , -0.08915331,
          0.13518308],
        [-0.06162765, -0.12417004, -0.13385821,  0.08941767,
         -0.11117656],
        [-0.12934906,  0.05101124,  0.04295336,  0.07799934,
          0.09486391],
        [ 0.03104924, -0.05923782,  0.12834727, -0.10730157,
         -0.05018188]],

       [[ 0.09613867,  0.10600428, -0.06427604,  0.1161138 ,
          0.10301447],
        [-0.06966264,  0.14121866, -0.01847333,  0.14013779,
          0.07160331],
        [ 0.05517482,  0.03523899,  0.09927539,  0.06567409,
         -0.04544433],
        [ 0.06818171,  0.0234512 ,  0.00830551, -0.12357671,
          0.04138047],
        [-0.01977675,  0.14453765,  0.12157615, -0.08028945,
         -0.06269287]],

       [[ 0.12010538,  0.06010885, -0.09130793,  0.03386428,
          0.11446929],
        [ 0.08249933, -0.07146524, -0.04626661, -0.1239355 ,
          0.0375729 ],
        [ 0.10496943, -0.00549866, -0.04781256,  0.08030656,
         -0.03976571],
        [-0.01559723, -0.01781347, -0.11530783, -0.08768604,
         -0.14612429],
        [ 0.10437387,  0.07016099,  0.06532625, -0.06468577,
         -0.14402836]]])
 array([[[-0.05621652, -0.10399541,  0.07509116, -0.03786788,
          0.10919133],
        [ 0.10491238, -0.04023567, -0.0293187 , -0.02196477,
          0.02088375],
        [ 0.10192289,  0.00184495,  0.02044858,  0.05345722,
          0.07979195],
        [ 0.0581988 , -0.00980943, -0.05346181,  0.08018653,
          0.02906368],
        [-0.05992465, -0.06704831, -0.02037795,  0.07639068,
         -0.0238442 ]],

       [[ 0.08802739, -0.10493678, -0.09112314,  0.09035414,
         -0.09775018],
        [ 0.06418476, -0.08075096, -0.07490462,  0.00668793,
          0.10658361],
        [ 0.10617938, -0.02605722,  0.04710339,  0.00989646,
          0.07501233],
        [ 0.06664002, -0.06791692,  0.07304525, -0.02450364,
          0.09994456],
        [ 0.06050207,  0.04121183, -0.06461022, -0.00287171,
         -0.10093319]],

       [[-0.07660032, -0.09567996, -0.04093796, -0.00605719,
          0.05565635],
        [-0.01493325,  0.08745729, -0.11133949, -0.00615917,
          0.00749193],
        [ 0.03088806, -0.10974722, -0.03694594,  0.01910373,
         -0.10203036],
        [-0.06756193, -0.04553234, -0.06142111, -0.08057897,
          0.10332963],
        [ 0.00703657, -0.0936386 , -0.01070278,  0.10232519,
         -0.06385785]],

       [[ 0.09252057,  0.10006249,  0.06651343,  0.05364024,
         -0.05282595],
        [-0.04668976, -0.00865408, -0.09625199,  0.05316072,
          0.02988787],
        [-0.04490716,  0.03386677, -0.09041305,  0.05863499,
          0.11166061],
        [-0.04665273, -0.09495574,  0.09291685,  0.09520749,
         -0.07895693],
        [ 0.03289825, -0.00939218,  0.09823949,  0.07895265,
         -0.09743657]]])
 array([[[ 0.00310406,  0.0904429 , -0.06049664, -0.05192608,
         -0.04316418],
        [-0.08891864,  0.01601377,  0.09540103,  0.11348008,
         -0.0676886 ],
        [-0.06718481, -0.06115231, -0.06404899, -0.08517835,
         -0.06520641],
        [ 0.01839762,  0.07641091,  0.07788305,  0.0419003 ,
          0.06997867],
        [-0.06762768,  0.10201001,  0.07989518,  0.00469934,
         -0.01613609]],

       [[ 0.09919142, -0.02339565, -0.04535205, -0.0476239 ,
         -0.04325125],
        [ 0.08751645, -0.00922121, -0.06318163, -0.08562164,
          0.06806514],
        [ 0.08207807,  0.03170169, -0.00205259, -0.03158541,
         -0.04746779],
        [-0.10382824, -0.04755093, -0.10735291,  0.04124107,
         -0.10143172],
        [-0.09748404, -0.07608398, -0.03624336, -0.01900359,
          0.00799367]],

       [[-0.06296874, -0.07010168, -0.10838588, -0.10980457,
         -0.08544301],
        [-0.0246963 ,  0.09465474,  0.075879  , -0.07947936,
          0.0168179 ],
        [-0.07023234,  0.05762727, -0.10892969, -0.00769985,
         -0.08946265],
        [-0.08362692,  0.10324932, -0.07335073, -0.01421866,
         -0.10440767],
        [-0.00088358,  0.06960655,  0.01306388, -0.05405943,
         -0.07034023]],

       [[ 0.05461107,  0.11209986, -0.11069218,  0.08971876,
         -0.08462435],
        [-0.07583661,  0.02285209,  0.01817664, -0.09272711,
          0.0008715 ],
        [-0.00265527,  0.0768693 ,  0.07698074, -0.0182459 ,
         -0.0921946 ],
        [-0.07781217, -0.00842722,  0.10879196, -0.00055297,
         -0.04710622],
        [-0.0632052 , -0.0839797 , -0.03323664, -0.04003442,
         -0.02846192]]])
 array([[[ 3.79754939e-02, -8.86533764e-02, -8.78884564e-02,
          5.36268770e-02,  1.13461113e-01],
        [-8.05848801e-02,  1.09498554e-01,  9.58137271e-02,
          8.84364288e-02, -1.14120002e-01],
        [-3.05005011e-02,  8.80842053e-02, -8.67848636e-02,
         -9.32597580e-02,  2.26277073e-02],
        [-9.71010105e-03, -4.28085357e-02,  4.27430873e-02,
          3.65726199e-02, -8.91904515e-02],
        [-7.61992541e-02, -9.06675919e-02,  4.74578746e-02,
         -3.74669332e-02, -7.61177580e-02]],

       [[ 5.38024699e-02, -2.82352518e-02,  2.67640649e-02,
         -3.52433985e-02, -9.07231684e-02],
        [-3.49893091e-02,  8.62594853e-02,  1.32250940e-02,
         -4.00513575e-02, -8.40781974e-02],
        [ 2.20831278e-02, -1.14185842e-01, -9.93861157e-02,
          9.37641389e-02, -7.38412959e-02],
        [-9.87542841e-03,  4.18894635e-03, -1.11271795e-01,
          2.29712093e-02, -7.54119212e-02],
        [-4.68306531e-02, -6.04560967e-02, -1.01189543e-01,
          4.99634861e-02, -9.17467975e-02]],

       [[ 4.18928154e-02, -3.93516622e-03,  1.30160343e-02,
         -3.50928234e-02,  2.93635669e-03],
        [-7.29621542e-02,  3.01706123e-02, -3.96225747e-02,
          3.70181240e-03, -6.14933660e-02],
        [ 1.35140650e-04, -4.56066493e-02,  8.22311510e-02,
          1.09321086e-03, -5.06821237e-02],
        [-1.05736435e-01,  7.93091932e-02,  7.00896516e-02,
          1.43140499e-02,  1.65023761e-02],
        [ 1.01544388e-01,  5.40135681e-02, -1.05268927e-01,
         -3.22996801e-02, -5.41833022e-02]],

       [[ 1.62236590e-02,  4.26799427e-02,  4.70162218e-02,
          5.61645610e-02, -1.13993045e-02],
        [-1.03236741e-01,  5.56035688e-02, -2.32195000e-02,
         -1.09946073e-01,  2.38636577e-02],
        [ 7.46034100e-02,  1.84340419e-02, -6.08771041e-02,
          1.01661108e-01, -5.70973435e-05],
        [-1.86140438e-02,  5.97799227e-02,  6.94782937e-02,
         -5.38498166e-02,  8.54692064e-03],
        [ 3.45027182e-02,  9.40621399e-02, -1.37318546e-02,
         -9.37579067e-02, -4.39390373e-02]]])
 array([[[-0.03816764,  0.09880939, -0.0090466 , -0.0718246 ,
         -0.07438296],
        [-0.05331958,  0.04008527, -0.07058253,  0.0839696 ,
         -0.04486856],
        [-0.02589202,  0.01108787,  0.03091802,  0.08662062,
          0.00560228],
        [-0.11265847, -0.01980279, -0.10048576, -0.08022034,
         -0.02241267],
        [ 0.0683292 ,  0.05684551, -0.05415609,  0.09178852,
          0.08131435]],

       [[ 0.09713614,  0.0665573 ,  0.00285132,  0.0759363 ,
          0.02413064],
        [ 0.09131998, -0.09388406, -0.05359836,  0.05990676,
         -0.084691  ],
        [ 0.08731315, -0.02759312,  0.04376014,  0.00932832,
         -0.10769851],
        [-0.02604986, -0.09734007,  0.00938255,  0.06182003,
          0.0002279 ],
        [ 0.0336564 , -0.07252225,  0.0415521 ,  0.03657301,
          0.1001271 ]],

       [[ 0.04253546, -0.07510812,  0.00149265, -0.0410829 ,
         -0.10328624],
        [ 0.03118207, -0.08976534, -0.01917971, -0.05124836,
         -0.08147608],
        [ 0.07088719,  0.05701051, -0.0925142 , -0.01948137,
         -0.00222357],
        [-0.02733149,  0.08610186, -0.06757184,  0.02334101,
          0.07638643],
        [ 0.06070152, -0.05192664,  0.00188639, -0.02051509,
          0.050332  ]],

       [[ 0.08659226,  0.11350286, -0.01225148, -0.09978249,
         -0.01394184],
        [-0.07766808, -0.05924419,  0.10517283,  0.10492713,
          0.02276333],
        [-0.07032936, -0.09613763,  0.05361029, -0.08805751,
          0.09825756],
        [-0.00492747, -0.06867419, -0.03296555, -0.08095251,
          0.10121552],
        [ 0.05736631, -0.02975913, -0.03037823, -0.03855446,
          0.08849053]]])
 array([[[-0.10472261,  0.02841859,  0.10759908,  0.0817912 ,
          0.08600814],
        [ 0.11138207, -0.04492832,  0.0843345 , -0.0108862 ,
         -0.08553542],
        [-0.05911367,  0.07357177, -0.01336656, -0.11423846,
         -0.04495262],
        [-0.04832192, -0.00446122, -0.01475071, -0.00995545,
         -0.01318076],
        [ 0.03384619,  0.04888782, -0.07579617, -0.1003245 ,
          0.0726198 ]],

       [[-0.01321118,  0.04026356,  0.07481559,  0.06410786,
          0.03555609],
        [ 0.10023732, -0.0643785 , -0.07979156,  0.00349621,
          0.04670865],
        [ 0.03733451, -0.09425609,  0.02325574,  0.09955403,
          0.01330771],
        [-0.10547836,  0.02674658,  0.06051003, -0.10624271,
          0.06501299],
        [ 0.09831652, -0.00858154, -0.07237039, -0.0142241 ,
         -0.05327059]],

       [[ 0.10472986,  0.04037561, -0.01623089, -0.01092361,
          0.03000114],
        [ 0.08958572,  0.02199232, -0.01892852, -0.09741303,
          0.10292049],
        [ 0.00935284,  0.02055896,  0.03263073,  0.05994829,
         -0.10864716],
        [-0.09696199, -0.09180856, -0.0953527 ,  0.09883599,
         -0.08274365],
        [-0.058455  ,  0.01796946,  0.04988146, -0.04550846,
          0.05171678]],

       [[ 0.04192172,  0.08428376, -0.02558641, -0.04590428,
         -0.06824422],
        [ 0.007558  ,  0.05099119,  0.01696354, -0.07817072,
         -0.06656309],
        [-0.04738203,  0.09953957, -0.06198545,  0.01593558,
         -0.09873331],
        [-0.06570395,  0.04449475, -0.08417651,  0.08648032,
         -0.03451205],
        [ 0.00863784,  0.02277414, -0.09525577,  0.0478955 ,
         -0.00113896]]])
 array([[[ 0.08726104,  0.04505556, -0.02705813, -0.06138304,
         -0.08417886],
        [-0.08615266, -0.09996169, -0.03479596,  0.09781453,
         -0.00419548],
        [ 0.01275144, -0.05242815, -0.09236383, -0.05724596,
         -0.0287584 ],
        [-0.10717543, -0.05849982,  0.10134724, -0.0715876 ,
         -0.02420801],
        [-0.03016543,  0.10038764, -0.08211741, -0.1136911 ,
         -0.09303906]],

       [[-0.04847346,  0.06928606,  0.10330536, -0.10252991,
          0.03068909],
        [-0.00560232, -0.04817007,  0.03037116,  0.02031272,
          0.04536948],
        [-0.00544823, -0.11260341, -0.02807971,  0.1042812 ,
          0.07261263],
        [-0.08373249, -0.00125004, -0.03911446, -0.05215811,
         -0.06549071],
        [-0.09259273, -0.07848698, -0.01666386,  0.06722845,
          0.02436109]],

       [[-0.06141384, -0.09695536, -0.09848565,  0.03184584,
          0.0996023 ],
        [-0.07280765,  0.05467421, -0.03862544, -0.09977255,
          0.06811795],
        [-0.1081028 , -0.07022129,  0.06681349,  0.04224803,
          0.03166469],
        [ 0.06556972, -0.08924024,  0.11387431, -0.10464087,
         -0.10339094],
        [-0.0369271 ,  0.10066944, -0.07907002, -0.04245997,
         -0.09870164]],

       [[ 0.03429644, -0.10247959,  0.07397968,  0.08304362,
          0.05387554],
        [ 0.00522695, -0.04280188,  0.1019185 , -0.06056455,
          0.02299392],
        [ 0.10680492,  0.08580032,  0.09471112,  0.09807428,
         -0.10351433],
        [-0.03548948,  0.03722846,  0.010443  , -0.09516748,
         -0.00782403],
        [ 0.11052484,  0.11358271,  0.09287911,  0.0704695 ,
          0.06962759]]])
 array([[[-0.09935357, -0.08586798,  0.06848944, -0.0229769 ,
         -0.10387533],
        [ 0.03887826, -0.07440635,  0.06519776,  0.08523236,
         -0.0692738 ],
        [-0.04245669, -0.03355298,  0.02621271, -0.09910383,
         -0.08642083],
        [-0.01869587,  0.01328719, -0.00941462,  0.00718843,
         -0.10583611],
        [ 0.06500492,  0.09554275, -0.06605676, -0.00153187,
          0.00581249]],

       [[ 0.0075023 , -0.0243147 ,  0.10899255,  0.02689335,
          0.09413468],
        [ 0.07762609, -0.08461623, -0.09650988,  0.06911555,
         -0.02955209],
        [ 0.10717112,  0.05224488, -0.06022148,  0.00575653,
         -0.07040518],
        [ 0.10251512, -0.02586098,  0.00456648, -0.00141171,
         -0.00886725],
        [ 0.10885579,  0.04498588, -0.08796315,  0.07768335,
          0.02420431]],

       [[ 0.02062934,  0.00266528,  0.06601495,  0.05669811,
         -0.05871561],
        [-0.10056399,  0.00721764, -0.0255494 , -0.10509912,
          0.0648896 ],
        [ 0.02603685, -0.09148163, -0.09498538,  0.10696294,
         -0.03892796],
        [ 0.06078537, -0.05738794,  0.08182453, -0.07376107,
         -0.10802886],
        [ 0.00862542,  0.10941077,  0.03609488, -0.06930623,
         -0.09355582]],

       [[-0.05239064, -0.06188512, -0.0228233 , -0.04058241,
          0.02512247],
        [-0.11341403,  0.03458008,  0.02373931, -0.03416716,
          0.08530743],
        [-0.02083205,  0.10984793,  0.0961942 ,  0.02076931,
         -0.01379153],
        [-0.10849357,  0.04287337, -0.03305932,  0.04873296,
         -0.09881408],
        [-0.01678133, -0.09808734, -0.02455886,  0.02047817,
         -0.01447325]]])
 array([[[ 0.02123191,  0.01871508, -0.06911618, -0.09868794,
          0.04125849],
        [-0.0399805 ,  0.10400367, -0.10214268, -0.08165972,
         -0.00640002],
        [-0.09366529,  0.02018026, -0.08402562,  0.01164647,
         -0.09264949],
        [ 0.0368774 , -0.03374739,  0.06381147, -0.10154571,
         -0.00458788],
        [ 0.02827228, -0.04659717, -0.07780451, -0.10732026,
          0.02738436]],

       [[-0.05686987,  0.02621833,  0.06803727,  0.00147343,
          0.0425169 ],
        [ 0.00776368,  0.00749368,  0.08733294, -0.00434341,
          0.10307707],
        [ 0.04859081, -0.01393242, -0.01478073, -0.04835417,
         -0.10486412],
        [-0.04853346,  0.06678127, -0.09377891,  0.00412466,
         -0.03128511],
        [ 0.10372327, -0.06344826, -0.09867153, -0.10860439,
         -0.01796452]],

       [[-0.1022102 , -0.01552939, -0.01495173,  0.04116486,
          0.09930767],
        [-0.10514324,  0.05450299, -0.00618304, -0.01741177,
         -0.08849362],
        [ 0.08110139,  0.06017867,  0.03856673, -0.07327295,
         -0.04739083],
        [-0.03539867, -0.0469023 ,  0.05795202,  0.06377692,
         -0.01947056],
        [-0.08083687,  0.11255194, -0.10253057,  0.00560984,
          0.0976973 ]],

       [[ 0.05957619, -0.10111634, -0.00529843, -0.0665952 ,
         -0.04063044],
        [-0.05160517,  0.02364136,  0.06907224,  0.0972472 ,
         -0.01158927],
        [ 0.00620869,  0.0648545 , -0.01105927,  0.04844085,
         -0.01568611],
        [-0.06792045,  0.05820118, -0.08942541,  0.02961843,
         -0.08821661],
        [-0.03310084,  0.02756273, -0.10822119,  0.03631601,
          0.07297131]]])
 array([[[ 0.03163918,  0.09441298,  0.03652772,  0.01402004,
         -0.08940433],
        [-0.05008393, -0.07664158, -0.08199458, -0.00685577,
          0.08807646],
        [-0.10976518,  0.01083614, -0.0714975 ,  0.0758349 ,
         -0.03610261],
        [-0.09542552,  0.11317993,  0.09770902, -0.04382176,
          0.0245703 ],
        [-0.06877306, -0.11200022, -0.09831331,  0.08305493,
          0.1060301 ]],

       [[-0.02857924, -0.05631945, -0.01519665, -0.05247813,
         -0.05392365],
        [ 0.07012002,  0.03179231,  0.06049682, -0.07933498,
         -0.05283025],
        [ 0.08954969, -0.09912762,  0.07673155, -0.05142699,
         -0.10699485],
        [-0.01626389, -0.09485736, -0.07277244,  0.06528326,
         -0.06318524],
        [-0.02336921,  0.0033412 ,  0.07592824, -0.04821596,
         -0.01866965]],

       [[ 0.1030771 , -0.05127159,  0.09451786, -0.06141507,
         -0.0133148 ],
        [-0.09537936, -0.08256832, -0.10399083,  0.09589002,
          0.04066393],
        [-0.0975501 , -0.04410677,  0.07421391,  0.05676796,
         -0.02341628],
        [ 0.07051579,  0.11322557,  0.08686241,  0.01111241,
         -0.08714292],
        [ 0.09071899, -0.0572699 , -0.06998736, -0.02438248,
          0.07131439]],

       [[ 0.03123732,  0.0050269 ,  0.04517956, -0.05866307,
         -0.04900417],
        [-0.04513616, -0.10902099, -0.03924499, -0.04561582,
         -0.03325346],
        [ 0.05548447,  0.09788199, -0.11245671,  0.00255407,
         -0.01666232],
        [-0.07539298,  0.03471129,  0.08442297, -0.00813368,
         -0.10667403],
        [ 0.11067583, -0.07349139,  0.08195346,  0.05236755,
          0.09033002]]])
 array([[[-0.04303484, -0.06817699, -0.07732567,  0.02884865,
         -0.002801  ],
        [-0.05967861,  0.02739649,  0.06432357, -0.05771238,
         -0.00384391],
        [ 0.06579628, -0.02505157, -0.01412133,  0.05488955,
         -0.05282328],
        [-0.05905653, -0.05933994,  0.00467358, -0.01608327,
         -0.07433508],
        [ 0.00066596,  0.01036435, -0.05413013,  0.03176711,
         -0.00268036]],

       [[ 0.03168235,  0.01704102, -0.05288025,  0.00034096,
          0.07571595],
        [ 0.01076261, -0.06641232, -0.05458112,  0.00818238,
         -0.04747076],
        [-0.05247303, -0.00550529,  0.01524692, -0.06577142,
          0.06996811],
        [ 0.00068425,  0.02210386, -0.04287147,  0.02618859,
         -0.03505586],
        [ 0.02436117, -0.00377489,  0.04329512, -0.04528367,
          0.07233646]],

       [[-0.06499051, -0.05002701,  0.02273381, -0.07297979,
         -0.05010372],
        [-0.01865713, -0.04019924,  0.07415414, -0.07172687,
          0.04462353],
        [ 0.06538326, -0.05577785, -0.04485032,  0.0027921 ,
          0.06104563],
        [ 0.04510964, -0.05442553,  0.02253527, -0.01414389,
          0.01029098],
        [-0.02833639, -0.06263116, -0.02180244, -0.06563582,
          0.06523272]],

       [[ 0.00682496,  0.05993948, -0.0595614 ,  0.07684123,
          0.03498377],
        [-0.00795672, -0.03179091,  0.01671133, -0.05881721,
          0.06357918],
        [ 0.01934065, -0.05113811, -0.00085852, -0.05694459,
          0.07247637],
        [-0.02762979,  0.07554763,  0.02319999, -0.05281976,
         -0.0491243 ],
        [ 0.04362947,  0.06163165, -0.03754035,  0.01448098,
         -0.07236768]],

       [[-0.04153376,  0.00723196, -0.03434226,  0.05861547,
         -0.05723007],
        [ 0.07288815,  0.05993142, -0.04500429,  0.06972448,
         -0.02486138],
        [-0.00778133, -0.03792395, -0.01374037,  0.0251444 ,
          0.00355214],
        [-0.06887618,  0.04094451,  0.05001224, -0.0154725 ,
          0.04221348],
        [-0.02885634,  0.0653823 , -0.05956236, -0.00776966,
         -0.00780395]],

       [[ 0.03428889, -0.02365526, -0.02574015, -0.02392317,
          0.00679876],
        [ 0.05161446, -0.01438669, -0.04682283,  0.07741377,
         -0.03323552],
        [-0.02915018, -0.0621476 ,  0.05616794, -0.03888583,
          0.01680482],
        [-0.03208067,  0.03524329,  0.02978251, -0.0432481 ,
         -0.03260361],
        [ 0.01977907,  0.03142753, -0.04949182, -0.00392189,
          0.03590778]]])][0.0652216683945877, -0.09472869214941353, 0.057018731574216996, -0.149622903150925, -0.1326926619129334, -0.01607664317045593, 0.042931140113591906, -0.028545480009904242, -0.06888431035571768, 0.08312360147210253, -0.0668523605115888, -0.0035691055970156482, -0.029908971459903053, -0.09661493360891098, 0.02403362327566931, -0.01436481017537912]
-----------------------------------------------
[[ 0.34538315  0.05351664]
 [ 0.22426886  0.05204097]
 [-0.30778285  0.11325504]
 [ 0.15725898 -0.30942458]
 [ 0.21460344  0.4213495 ]
 [ 0.39739571  0.11724572]
 [-0.15701246 -0.23268811]
 [ 0.4257888   0.13079298]
 [-0.13042287 -0.34649898]
 [ 0.45518734 -0.45710747]
 [-0.36048707  0.09374734]
 [ 0.08329805  0.25847583]
 [-0.37482076  0.37958831]
 [ 0.17105374 -0.25647715]
 [ 0.05060409  0.04769789]
 [ 0.00912808  0.09748334]]
-----------------------------------------------
[[[[-1.43553671e-02  6.51098772e-03 -1.97504749e-02  2.65139359e-02
     7.77848120e-03]
   [ 7.36734571e-03 -4.98097027e-03  2.17632505e-02 -2.37075604e-02
    -5.54272488e-03]
   [ 2.34538155e-02  5.06531524e-03  1.59179675e-02 -1.44781870e-02
     2.94109956e-02]
   [ 3.46785058e-04 -2.47838473e-02 -2.63644527e-02  2.98021394e-03
    -1.03941673e-02]
   [ 2.78422605e-02 -1.94455274e-02  2.46037313e-02  2.23982093e-02
    -2.47458478e-03]]

  [[ 1.32702252e-03  1.64761031e-02 -1.79258871e-02  7.86362335e-04
     2.95811129e-02]
   [-2.13523752e-03 -3.38648597e-03  1.76945174e-02  1.65303826e-02
     1.19691552e-02]
   [-1.91357145e-02 -2.83580660e-02 -2.05126641e-02 -2.43130880e-02
    -1.67297297e-02]
   [ 2.10554670e-02  1.61332017e-02 -1.87903012e-02  1.01676919e-02
    -2.95837035e-02]
   [-3.52366562e-03 -2.04520814e-02 -2.28046697e-02  1.31353082e-02
    -2.00730436e-02]]

  [[ 2.18553314e-02  2.45004627e-03 -2.93844619e-02 -1.89886938e-02
    -1.96849568e-02]
   [-2.89346422e-02 -1.26895132e-02  2.29236652e-02 -3.03155790e-03
    -1.40845039e-02]
   [-6.83202715e-03 -8.76484718e-03  2.52558517e-02  1.68388787e-02
     2.34541937e-02]
   [ 3.84583786e-03 -7.72216542e-05 -2.61628026e-02 -1.27851997e-02
    -5.01834498e-03]
   [ 2.47874339e-02  2.34608789e-02  1.59625629e-02 -2.32780886e-02
     2.19717465e-02]]

  ...

  [[-2.52020687e-02  8.43288191e-03 -5.54340612e-03  1.29331423e-02
     8.09251891e-04]
   [-2.65157018e-02 -2.82473885e-04 -2.13450232e-02 -2.25019520e-02
     1.90441179e-02]
   [ 2.31735898e-02  4.89669147e-04  7.17482623e-03  2.31626158e-02
    -1.56736312e-02]
   [ 1.01984458e-02  9.22777119e-03 -1.40708889e-03  2.83254631e-02
     1.66027264e-02]
   [-1.92213248e-02  2.55294101e-02  2.12327531e-02 -1.37785768e-02
    -2.88973210e-02]]

  [[ 2.05814336e-02 -1.17956542e-02 -1.09578737e-02 -2.69086720e-02
    -2.53728941e-02]
   [ 1.07665908e-02  2.91120642e-02  1.92696575e-02 -9.29523084e-03
     2.58813828e-02]
   [-1.80151287e-02  2.84813361e-02  9.52559801e-03 -1.09695873e-02
    -9.87396270e-03]
   [ 2.22488112e-02  1.17259525e-02 -2.72475179e-02  2.81132158e-02
    -2.92455183e-02]
   [ 1.20680506e-02 -1.23947359e-02  1.64348370e-02 -1.21020469e-02
    -2.34503831e-03]]

  [[-7.90538018e-03  2.34883652e-02  4.74507110e-03 -1.53918314e-02
     1.87001251e-02]
   [ 9.77695021e-03  2.07403504e-02  1.34186780e-02  2.24070493e-02
    -2.15576229e-02]
   [-1.70959810e-02  2.80100146e-02  1.15504864e-02  1.52743783e-03
    -5.68067744e-03]
   [-1.15552040e-03  1.83957757e-02 -1.11844041e-04  2.49742153e-02
    -2.51905665e-02]
   [-1.13646351e-02  4.08542013e-03  2.60153913e-02  1.27696649e-03
     2.20281149e-02]]]


 [[[ 6.76684182e-03  2.17962430e-03  4.71318771e-03 -2.47250222e-02
     2.50667148e-02]
   [ 1.80810801e-02 -1.32904686e-02 -1.99873422e-02 -2.09960478e-02
    -2.37530779e-02]
   [ 2.88488034e-02 -6.96140792e-03 -3.87406895e-03 -1.31135684e-02
     2.66595294e-02]
   [ 1.91275792e-02  2.81782051e-03 -7.06609926e-04 -4.97240815e-03
    -1.50633448e-03]
   [-2.64181456e-02 -7.00841635e-04 -1.14860048e-03  2.65739982e-02
    -2.09980132e-02]]

  [[ 2.45378893e-02  2.50020439e-02  2.40991786e-02 -2.94387920e-02
    -1.22229973e-02]
   [ 9.02437445e-03 -1.16722505e-02 -2.71376487e-02 -7.06020288e-03
     2.28565336e-02]
   [ 1.75436272e-02 -1.42935388e-02  2.46505196e-03 -1.59350259e-02
    -1.66287389e-02]
   [-8.80783771e-03 -1.75610729e-02 -1.30801069e-02  8.56554225e-03
    -2.54085636e-02]
   [ 9.43202231e-03 -2.29226482e-02 -8.20955821e-03  2.67909215e-03
     4.23414946e-03]]

  [[ 1.88570301e-03 -1.26930764e-02  1.01003207e-02 -8.22448381e-03
     2.30988727e-02]
   [-4.85880947e-03  2.75977272e-02 -1.21946433e-02 -2.66666608e-02
    -2.41201716e-02]
   [-2.27520984e-02 -2.25670475e-02  5.23358923e-03 -1.42062493e-02
     1.73388871e-03]
   [-6.30257539e-03  2.19683477e-02  2.48620168e-02 -4.90515988e-03
    -2.01437391e-02]
   [-1.79537758e-02  1.44798204e-02  5.39209031e-03 -1.17987068e-03
    -1.60556817e-02]]

  ...

  [[-1.85145156e-02 -2.63222225e-02 -2.45379080e-02  1.53207121e-02
    -8.47117977e-03]
   [-1.05103946e-02  1.52052365e-02  4.15084844e-03  2.22777793e-02
     1.53562053e-02]
   [ 1.15326343e-02 -2.56438625e-02  1.34892025e-02  2.70456875e-02
    -2.88667056e-03]
   [-1.47837529e-02 -2.02156044e-02 -6.64598013e-03  1.45474669e-02
     2.08879414e-03]
   [-2.18735163e-02  6.19280090e-03 -1.82559581e-02 -8.23946660e-03
     5.39136672e-03]]

  [[-2.71368529e-02  8.41669011e-03 -1.98798376e-02 -2.76687759e-02
    -6.07903118e-03]
   [ 2.80536357e-02 -1.75611138e-02 -2.37338037e-02 -2.00031154e-03
    -6.54109904e-03]
   [-1.09224440e-02 -2.30357754e-02 -1.98592032e-02 -1.88182375e-02
     1.74064515e-02]
   [ 2.92974267e-02 -1.10186705e-02 -8.02643355e-03  1.10510740e-02
     4.28539935e-03]
   [ 2.13876812e-03  6.87449824e-03  2.51657984e-03  2.84363914e-02
     2.49601037e-02]]

  [[ 1.67943362e-02  2.31729881e-02 -2.76942080e-02  1.53648672e-02
     1.29985556e-02]
   [ 1.02158513e-02  1.08813122e-02  2.33702758e-02  2.80398439e-02
    -1.76442616e-02]
   [ 4.19484907e-03 -1.51433586e-02 -3.11441365e-03  1.53657485e-02
     2.85530276e-02]
   [-1.78503381e-02  1.75537005e-02 -4.28167736e-03  1.50863544e-03
    -9.40246167e-03]
   [ 2.35070261e-02  1.47473671e-02 -3.23274105e-03  1.26036922e-02
     2.85447619e-02]]]


 [[[-2.33886892e-03  6.70448935e-06 -1.89447354e-02  1.29784103e-02
     1.81465085e-02]
   [ 2.25846399e-03  1.58058322e-03  2.25306575e-02  1.90992770e-02
     1.36400889e-02]
   [-1.34833441e-02  1.70078995e-03  1.31072280e-02  2.91356631e-02
    -8.11248329e-03]
   [ 2.90839430e-02  2.90656316e-02  2.55019645e-03  7.10197707e-04
    -2.40732754e-02]
   [ 3.95628793e-04  1.93943436e-02  8.42182396e-03  2.92756247e-02
    -3.98866649e-04]]

  [[ 1.36050979e-02 -6.61108695e-03  3.73960383e-03 -1.30023754e-02
     1.12018553e-02]
   [ 2.29903827e-03  1.98085916e-02  2.71211137e-02 -9.77860203e-04
     4.18552424e-03]
   [-1.53107765e-02 -1.63056039e-02 -2.40136637e-02 -2.77869663e-02
     2.66364463e-02]
   [-1.85217307e-02  2.14305622e-02 -2.80133365e-02  2.31085201e-03
     1.05890905e-02]
   [-2.76094044e-02  1.28256008e-02 -2.68233597e-02 -1.28018897e-02
     1.13902753e-02]]

  [[-1.97158912e-02 -2.03067576e-02  8.03233484e-03 -2.35196498e-02
     2.51475306e-02]
   [ 6.28009536e-03 -2.05804034e-02 -1.83196423e-02  1.13675822e-02
    -2.76904360e-02]
   [-1.58756629e-02 -1.10627994e-03  2.77542750e-02  1.62837855e-02
    -2.13544860e-02]
   [-8.19648613e-03 -1.27341935e-02  8.24164765e-03  2.15443251e-02
     5.52981051e-03]
   [-1.77996495e-02  1.08667426e-02 -2.19731942e-02  1.27869396e-02
    -1.37078382e-03]]

  ...

  [[-1.38783243e-02  1.39776790e-02 -1.52013689e-02 -2.79450037e-02
     1.32120000e-02]
   [-1.84292989e-02 -1.19019875e-02  2.73986208e-02  1.19257006e-02
     4.15261980e-03]
   [-5.76997818e-04 -2.49762779e-02 -1.72749392e-02  6.32650190e-03
     1.76251485e-02]
   [-1.99413766e-02 -1.42811434e-02 -2.65015146e-02 -2.74462391e-02
    -1.47172205e-02]
   [ 1.16128608e-02  1.32081260e-02  3.23743554e-03  2.38873114e-02
     1.11716120e-02]]

  [[-2.02065837e-02 -2.26808530e-03  3.82990244e-04  1.82431152e-03
    -9.69239679e-03]
   [ 1.16118032e-02 -2.65354239e-02  8.35510149e-03 -2.57568555e-02
     1.38656199e-02]
   [ 8.84648162e-03  6.79449995e-03  1.53130918e-03 -1.59356150e-03
     1.48329975e-02]
   [ 1.24945884e-02  1.76815561e-03  2.58959751e-02  1.33402330e-02
    -1.91754686e-02]
   [ 4.66178511e-03  2.24468060e-02 -1.65171068e-02  2.62943864e-02
    -6.68268233e-03]]

  [[ 2.78586787e-02 -2.19077264e-02 -9.42219579e-03 -2.10517428e-02
    -2.79310182e-02]
   [ 1.97331840e-02  4.43681810e-03  6.24105619e-03 -1.76659118e-02
     4.88581681e-03]
   [-1.05663403e-02  2.05418730e-02  8.98113137e-03 -2.07814522e-02
     2.59701017e-02]
   [ 1.63642814e-02 -3.96971450e-03  1.88800334e-04 -1.99663074e-02
     1.68483426e-02]
   [ 1.42071973e-02  2.74571000e-02 -1.36443181e-02  2.32398015e-02
    -9.18939387e-03]]]


 ...


 [[[-2.82242844e-02  1.32165049e-03 -1.13674201e-02 -3.01002424e-03
    -2.66924863e-03]
   [-4.05972949e-03 -1.88087063e-02 -1.76101078e-02 -2.50396857e-02
     1.49586474e-02]
   [ 9.04359089e-03 -1.09934160e-02 -1.96320637e-02 -5.71166198e-03
     2.17400389e-02]
   [ 1.46154964e-03 -1.94071771e-02 -2.11623791e-02  2.79750556e-02
     1.18783590e-02]
   [-2.26901059e-02  2.10026604e-02 -2.63746780e-02 -5.33410229e-03
    -2.49025544e-02]]

  [[-1.57005338e-02 -1.08299393e-02  2.40908234e-02 -1.31519336e-02
     3.56035187e-03]
   [ 2.55159838e-02 -1.68217747e-02 -1.53464065e-02 -1.83501147e-02
    -2.36471025e-03]
   [-2.54167387e-02 -2.18038837e-02 -2.39451542e-03 -2.95845361e-03
    -2.14215646e-03]
   [-1.68445056e-02  1.50287748e-02  1.09845492e-02  2.70312994e-02
    -9.66888851e-03]
   [-2.42318640e-02 -4.77045468e-03 -1.85673814e-02  1.03364281e-02
    -2.35442107e-02]]

  [[-2.01067951e-02 -1.38208509e-03  2.26304810e-02  7.55439583e-03
    -2.23088994e-02]
   [-8.70910738e-03 -2.65158587e-02  2.80458615e-02 -2.19055121e-02
    -2.29243117e-02]
   [ 8.92729782e-03  2.47740271e-02 -1.47939738e-02  2.88652056e-02
    -1.95533713e-03]
   [ 1.73027416e-02 -6.33734238e-03  9.95002193e-03  2.37871147e-03
     5.95440392e-03]
   [-1.50265092e-02  9.75792328e-04  8.59134701e-03  4.78948036e-03
    -1.30632773e-02]]

  ...

  [[-2.65235530e-02  2.65047184e-02 -2.58487576e-02  1.18205068e-02
    -1.12431509e-03]
   [ 1.21737110e-02 -1.17906274e-02  1.44448146e-02  6.41090335e-03
    -4.03864795e-03]
   [-8.40750057e-03  2.76996944e-02  6.87824869e-03 -2.11969487e-02
    -2.83464164e-02]
   [-1.22639553e-02  2.83538213e-02  5.61567464e-03  2.29283119e-02
    -8.73210414e-03]
   [ 7.40848364e-03  1.23138724e-03 -1.68585356e-02 -1.91319372e-02
    -2.81526861e-02]]

  [[-1.48944279e-02  1.62445844e-03  3.79895186e-03  9.03206422e-03
     1.48387638e-02]
   [ 1.24206515e-02  1.57647501e-02 -2.39178574e-02 -2.46286948e-02
     2.85629810e-02]
   [ 1.00830568e-02  5.27544016e-03  3.97980549e-03 -8.31776681e-03
     1.17507205e-02]
   [-1.38541943e-02 -9.82358104e-03  2.62830147e-02  1.27848214e-02
     2.78403753e-02]
   [-1.65731675e-02 -1.80989285e-03 -3.52642472e-03 -8.24389397e-03
     1.39712354e-02]]

  [[ 2.31318914e-02  8.73822060e-03  2.85634100e-03 -6.12789171e-03
    -2.26553620e-02]
   [-2.48632101e-02 -2.24999614e-02  1.25191119e-02  1.95176475e-02
     1.64127921e-02]
   [ 9.56811553e-03  3.03685817e-03  2.84648347e-02 -9.02229226e-03
    -6.78946634e-03]
   [ 1.23841658e-02  1.72620773e-03 -2.06592524e-02 -1.66717597e-02
     2.25505913e-02]
   [-1.14456381e-02 -1.47765860e-02 -1.21838647e-02  1.46863244e-02
     1.54935072e-04]]]


 [[[-2.75989058e-02  8.95188771e-03  4.85478519e-03  1.47055876e-02
     2.45317526e-02]
   [-1.03967706e-02 -1.77407301e-02 -5.78574729e-03 -2.30809746e-02
    -7.20408967e-03]
   [-1.81172990e-02  1.57528279e-02  5.01421610e-03 -1.80114397e-03
     2.86489257e-02]
   [ 9.09762887e-03  1.79786845e-02  2.65805130e-02 -2.71989796e-02
     2.55814272e-02]
   [-2.78569901e-02  2.47796388e-02 -3.64096603e-04  2.62819748e-02
     1.60959401e-02]]

  [[ 2.81942225e-02  2.68796558e-02 -2.88494613e-03  1.12486697e-02
     1.44536788e-02]
   [-1.44915955e-02 -2.91648485e-02  1.32119133e-02  6.43117359e-03
     1.78830455e-03]
   [ 6.29281916e-03  2.53619638e-02  2.67380002e-05  2.20201670e-02
     1.12153959e-02]
   [-4.24385649e-03 -3.54250483e-03 -1.16576282e-03 -1.04229813e-02
    -2.46700514e-02]
   [ 2.59752358e-02  6.13179003e-03  2.65931544e-02  5.10268616e-03
    -3.38865824e-03]]

  [[-8.51033741e-03  1.23455673e-02  2.50572716e-03  1.58206651e-02
    -1.12312574e-02]
   [-8.38033647e-03  6.14253308e-03  2.22536413e-02  2.73097442e-02
    -2.71358779e-04]
   [-2.33411638e-02  2.15711724e-02  7.14336896e-03  7.92060383e-03
     1.12292281e-02]
   [ 1.66248429e-02  2.11346921e-02  4.90910800e-03 -2.04442274e-02
    -2.93705692e-02]
   [-1.45851408e-03 -2.78390366e-02  1.36453853e-02 -5.04214543e-03
     9.46163038e-03]]

  ...

  [[ 1.29201055e-02 -1.61246923e-02 -4.56074352e-03  1.28062195e-03
     2.65757316e-02]
   [-2.65873988e-02  1.18444333e-02 -2.54569930e-02 -9.05369820e-03
    -5.85152334e-03]
   [-2.50935374e-02  1.90346854e-02  6.26893464e-03  6.72550881e-03
     7.38750886e-03]
   [-1.13871789e-02  4.43346474e-03 -2.29099762e-02  5.69302304e-03
    -2.18082887e-02]
   [-2.82829737e-02 -2.56748959e-02 -2.13397316e-02 -1.52800392e-02
     2.89969400e-02]]

  [[-3.44040635e-03  1.19675938e-02 -1.87182524e-02  1.46318248e-03
    -2.29637459e-02]
   [-1.97003246e-02  1.88265402e-02  1.77642532e-04 -2.83977371e-02
     1.16574836e-02]
   [-1.51777471e-02  1.91290157e-02  1.00955858e-02  3.01944921e-03
     2.13340220e-02]
   [-2.38993243e-02  2.40734619e-02  5.64658556e-03 -2.37939286e-02
    -2.53146477e-02]
   [ 9.37906124e-03 -3.33459030e-03 -2.68690174e-02  7.91072563e-03
    -2.13583412e-02]]

  [[-1.40379257e-02 -1.69741931e-02 -5.10454143e-03  1.74591527e-02
    -1.81937204e-02]
   [-1.83894075e-02 -1.56666820e-02 -2.17190437e-02 -8.28831101e-03
    -2.73088391e-02]
   [-1.23385386e-02 -2.47208239e-02 -1.92708550e-02  9.32868965e-03
     6.36324529e-03]
   [-2.49387434e-02 -9.41708835e-03  1.22803700e-02 -8.02885781e-03
    -2.85450890e-02]
   [ 1.54926755e-02  1.31025009e-02  6.02774450e-04 -1.35454688e-02
     2.52144964e-02]]]


 [[[ 2.75580596e-02 -1.22066545e-02 -1.15150961e-02 -2.71827290e-02
    -1.43532440e-02]
   [ 2.89042663e-02  1.90258480e-02  2.07799546e-02  1.08663426e-02
    -1.66068154e-02]
   [ 3.05884422e-03  2.46729943e-02  1.16601186e-02 -6.88924150e-03
    -2.06389631e-02]
   [-2.74269855e-02  2.37554866e-02  1.97349582e-02 -6.94636444e-03
     1.24896979e-02]
   [ 1.92830803e-02 -2.41730699e-02  1.00924511e-02 -5.49268249e-03
     1.40250648e-02]]

  [[ 2.06205479e-02 -2.78505852e-03  1.80601692e-03 -2.39259536e-02
     2.10829848e-02]
   [ 1.39348395e-02 -1.02848816e-03  1.66014203e-02  1.81506495e-02
    -5.62016771e-03]
   [-8.57986729e-03  4.21117426e-03  1.37567530e-02  2.03180875e-02
     2.32035034e-02]
   [-1.31692312e-02 -2.10789383e-02 -2.54596661e-02 -2.15724796e-02
    -1.35811273e-02]
   [-2.18218568e-02  1.85202037e-03 -6.26123184e-03  2.09708823e-02
     2.50069817e-02]]

  [[ 1.08432750e-02  1.74576128e-02  8.18010011e-03  1.72406837e-02
    -2.08163980e-02]
   [ 4.00563966e-03  1.71435960e-02  8.89181057e-03  2.01150856e-02
    -2.18305013e-02]
   [-5.65047619e-03 -2.91875044e-02 -2.89608598e-02  1.55395733e-02
     2.43571633e-02]
   [ 6.61261167e-03 -1.27886091e-02  9.53489844e-03 -3.73766732e-03
    -2.41848292e-02]
   [ 2.68833131e-02  1.49963025e-02 -1.42589142e-02 -8.70031338e-03
     4.56376000e-03]]

  ...

  [[-1.12619568e-02  2.75915808e-02  8.49699665e-03  2.12876480e-02
     2.70135623e-02]
   [-1.63097529e-02  1.22724164e-02  7.09637754e-03 -1.15461091e-02
    -9.66366212e-03]
   [-1.84766013e-02 -1.29980752e-02  2.05756462e-02 -2.04699411e-02
    -5.47775388e-03]
   [ 1.27723224e-02  1.36919682e-03 -1.06080317e-02 -2.04328793e-02
    -2.14088213e-03]
   [-1.36103032e-02 -8.84262555e-03  5.71200190e-03 -1.91653783e-03
     2.03781548e-02]]

  [[-2.53610322e-02  2.14162000e-02  1.15163483e-02  2.37317226e-02
     2.23532600e-02]
   [ 3.57720882e-03 -2.62848755e-02 -3.42175078e-03  7.23020001e-03
    -2.55931298e-02]
   [ 2.72008975e-02 -2.47610026e-02  1.02618916e-02 -8.92198892e-03
     1.57067851e-02]
   [-9.39255615e-04  2.35043977e-02 -8.13176150e-03  8.47741856e-03
     5.80823978e-03]
   [ 6.47437720e-03 -1.69830236e-02  2.30931315e-02 -2.07445394e-02
     2.42320844e-02]]

  [[ 1.83077657e-02  1.90807671e-02  2.64784947e-02 -1.38365387e-02
     4.59680944e-03]
   [-2.79261143e-02 -2.49513360e-02 -2.26006575e-02  1.34163458e-02
    -5.93406939e-03]
   [ 8.12919436e-03  8.60201417e-03  2.69839844e-02 -2.01139263e-02
    -4.60946602e-03]
   [ 2.46326366e-02  2.03539454e-02 -2.88141423e-03  1.50584886e-02
     6.37802810e-03]
   [-9.62762539e-03  3.93085031e-03  2.23485502e-02  8.85550947e-03
    -3.42031428e-03]]]][0.009027371014649944, -0.01061980199568014, 0.02961292608616629, 0.021535021662911127, 0.013517481305993024, 0.006373987167798165, -0.02720901997078991, -0.02757989314467091, -0.008326928272663695, -0.007470377717240895, 0.007621595905614804, -0.024154622338305405, 0.009060947629158798, 0.02236004791194165, -0.018261390571383276, 0.0012845148057617495, -0.0025665628876968445, -0.024492520691492596, 0.01547015027277596, 0.003481986731761654, -0.016900653203208674, -0.01919749459031973, 0.0073969146695918, 0.02172616251609608, -0.0019726336981176554, 0.011849836040066838, -0.026567109536147018, -0.020682375577384157, -0.022922841137692804, 0.0017184876432677666, 0.00021381020429957556, -0.013212735391991626, 0.021862567167193935, 0.018236245813204603, 0.018339882916503295, -0.02881919338866697, 0.008659316491383049, -0.025951482425776044, 0.001838159622049241, 0.02339709465106198, 0.02430339074279433, 0.010937295368506721, 0.027666948172089586, -0.016566956027034237, 0.016285872503883195, -0.029044446906954048, 0.026119938031032654, 0.012885640631447797, -0.0032228852415853576, -0.020372781905993866, 0.02250091718497819, -0.0054407689614669325, -0.010793207144812845, -0.02067709486230509, 0.021608273744085253, 0.0023427353560953774, 0.009090095444484057, 0.02758499841367992, -0.018795526625118866, -0.0286956386508598, 0.0011048260718519443, 0.018898595730981186, 0.007871967562686061, -0.026773314533661524, -0.02827934804807577, -0.0018686792522493723, -0.016847125870269805, -0.023446611938721995, -0.008593318479027036, -0.014222051435873287, 0.01754598917679508, -0.025507297545090145, -0.010390328559017, -0.018546015452704897, -0.008239850019369728, 0.0034779450562969043, 0.003576383205348508, -0.013226380021443471, 0.007679140018633981, -0.013561446650138746, 0.005151076359774517, -0.029582944964661934, -0.02376954417484167, 0.01954709731055555, 0.002479855334246172, -0.014347302303575527, -0.010689332804809243, 0.009479209782825935, -0.028108893186013346, 0.02073017489240123, -0.0005182822457108216, 0.004995518498308215, -0.019809319832319636, 0.01887789685320111, 0.004266520005636893, -0.019921454001281404, 0.0008332904481466973, -0.003011698067075984, -0.0008865772708253859, 0.014752708634894824, -0.015143548722160097, 0.026552201298301038, 0.02714190061766023, -0.02471147055231912, 0.02040480604686962, -0.0008557922752761675, 0.002509014770204588, 0.02678393646502354, 0.011700102232997622, -0.023195787859788274, 0.016526245607026886, -0.010332492911937833, 0.006324846401873304, 0.001981015831277789, -0.015486693602236805, -0.026626455417582816, 0.02594619121469627, -0.01092916880916455, 0.029362811657460606, 0.003159794044312301]
-----------------------------------------------
[[-0.00058226 -0.01548684 -0.01501201 ... -0.0005114  -0.01928281
  -0.01736735]
 [-0.01104697 -0.01904562 -0.00658395 ... -0.00181472 -0.00902389
  -0.01720838]
 [-0.00485912 -0.00206617  0.00136473 ... -0.00163092  0.00662616
  -0.0195584 ]
 ...
 [ 0.00606184  0.00992849  0.01403092 ... -0.00620111 -0.0121987
  -0.01078599]
 [-0.0037098   0.01863262 -0.01579786 ... -0.0008417  -0.00797537
  -0.00083596]
 [-0.01174993 -0.00295524  0.01536728 ...  0.00840776 -0.00150488
   0.01119569]][ 0.01608569 -0.01032527  0.01422905  0.01171733  0.01410556 -0.01198993
 -0.01426082 -0.00480655  0.01843765 -0.01418942  0.00995538 -0.00255963
  0.01105817  0.00912797  0.01716804  0.00691733  0.00624952 -0.00960818
 -0.01114733 -0.00723258 -0.01793325  0.00974687  0.00978761 -0.0180836
  0.01354577 -0.00623356  0.00874823 -0.01429898 -0.01767272 -0.0046333
 -0.01166436  0.01180532 -0.00273057  0.00766104 -0.00946412 -0.01316133
  0.01210624 -0.00282213 -0.01593256 -0.0135992   0.00852432 -0.01202442
  0.01224024  0.01247052 -0.01520432 -0.01599016  0.00215909 -0.00656341
 -0.00498338  0.01291981 -0.01291112 -0.0091141  -0.00325703  0.00471559
 -0.00555769 -0.00825141 -0.00993468  0.00574934 -0.01396039  0.00499955
 -0.01921766  0.01379317 -0.0003161  -0.00941105  0.01719151  0.01570076
  0.012987    0.01078729  0.00491369 -0.00119263 -0.0185113  -0.00365607
 -0.01349878  0.01893378 -0.00565232  0.00227398 -0.00391939  0.00733132
 -0.01562112  0.01843131  0.00967334  0.01381351  0.01915081 -0.01002931]
-----------------------------------------------
[[-1. -1.  1. -1.  1.  1.  1. -1. -1. -1. -1. -1. -1. -1.  1. -1.  1.  1.
   1. -1.  1. -1. -1. -1.  1.  1. -1. -1.  1.  1. -1.  1. -1. -1. -1.  1.
  -1. -1. -1. -1. -1.  1.  1.  1.  1. -1.  1.  1. -1.  1.  1.  1. -1. -1.
  -1.  1.  1.  1. -1.  1. -1.  1.  1. -1.  1. -1.  1.  1.  1. -1.  1. -1.
  -1. -1.  1. -1.  1.  1. -1.  1. -1.  1. -1.  1.]
 [-1.  1. -1. -1. -1. -1. -1. -1.  1. -1.  1. -1.  1.  1.  1. -1. -1. -1.
   1. -1. -1. -1. -1.  1. -1. -1. -1. -1. -1. -1.  1.  1. -1. -1. -1.  1.
  -1.  1. -1.  1.  1.  1. -1.  1. -1.  1. -1.  1. -1.  1. -1.  1.  1. -1.
   1.  1. -1. -1.  1. -1. -1.  1. -1.  1.  1.  1.  1.  1. -1. -1.  1. -1.
  -1.  1. -1. -1.  1.  1. -1.  1. -1. -1.  1. -1.]
 [-1.  1.  1. -1. -1. -1.  1.  1. -1.  1. -1. -1.  1. -1. -1. -1. -1. -1.
   1. -1.  1.  1. -1. -1. -1. -1.  1.  1.  1.  1.  1.  1.  1. -1.  1. -1.
  -1. -1. -1.  1.  1.  1.  1. -1.  1. -1.  1. -1.  1. -1.  1. -1.  1. -1.
  -1.  1. -1. -1.  1.  1. -1. -1. -1. -1. -1.  1.  1. -1.  1.  1.  1. -1.
   1.  1. -1. -1.  1.  1. -1.  1.  1.  1. -1.  1.]
 [ 1. -1. -1.  1. -1.  1. -1. -1. -1. -1. -1.  1. -1.  1. -1.  1. -1. -1.
   1. -1. -1.  1.  1. -1.  1.  1.  1. -1.  1.  1.  1.  1. -1. -1. -1. -1.
  -1.  1. -1.  1. -1.  1. -1. -1.  1. -1. -1. -1. -1. -1.  1. -1. -1. -1.
  -1. -1.  1. -1. -1. -1. -1. -1. -1.  1.  1.  1.  1. -1.  1.  1.  1.  1.
   1.  1. -1. -1. -1. -1. -1. -1. -1. -1. -1. -1.]
 [-1.  1.  1.  1.  1.  1. -1.  1.  1.  1. -1.  1. -1. -1.  1.  1.  1.  1.
   1.  1. -1.  1.  1.  1.  1. -1. -1.  1. -1.  1.  1. -1. -1.  1.  1.  1.
  -1.  1. -1. -1.  1.  1.  1. -1.  1. -1.  1. -1. -1.  1. -1.  1.  1. -1.
   1.  1.  1.  1.  1.  1.  1.  1.  1.  1. -1.  1.  1. -1.  1.  1. -1. -1.
  -1.  1.  1. -1. -1.  1.  1. -1.  1.  1. -1.  1.]
 [-1.  1.  1.  1.  1.  1. -1. -1.  1. -1. -1. -1. -1. -1. -1.  1. -1.  1.
   1. -1. -1. -1.  1.  1.  1. -1. -1. -1. -1.  1. -1. -1.  1. -1.  1.  1.
  -1. -1.  1. -1. -1. -1.  1.  1.  1. -1. -1.  1. -1. -1. -1.  1. -1. -1.
   1. -1.  1.  1. -1. -1.  1. -1. -1.  1.  1. -1. -1.  1.  1. -1. -1. -1.
  -1. -1.  1.  1.  1.  1. -1. -1. -1.  1.  1.  1.]
 [-1.  1. -1.  1.  1. -1.  1.  1.  1.  1. -1. -1. -1.  1.  1.  1.  1. -1.
   1. -1.  1.  1.  1. -1. -1. -1.  1.  1.  1. -1. -1. -1. -1.  1. -1. -1.
  -1. -1.  1. -1.  1.  1.  1. -1. -1.  1. -1. -1. -1.  1. -1.  1.  1.  1.
  -1. -1.  1. -1.  1.  1. -1. -1. -1.  1. -1.  1.  1. -1. -1.  1. -1. -1.
  -1. -1.  1.  1. -1.  1. -1. -1.  1. -1. -1. -1.]
 [-1. -1. -1.  1. -1.  1.  1.  1. -1. -1.  1.  1. -1. -1.  1.  1. -1. -1.
   1.  1.  1. -1.  1. -1. -1. -1. -1. -1.  1. -1. -1. -1.  1.  1. -1. -1.
  -1.  1. -1.  1. -1.  1. -1. -1. -1.  1. -1. -1. -1. -1.  1.  1.  1.  1.
   1. -1.  1.  1. -1. -1. -1. -1.  1. -1. -1. -1. -1.  1.  1.  1. -1. -1.
  -1.  1. -1.  1.  1.  1.  1.  1.  1. -1. -1.  1.]
 [ 1. -1.  1. -1.  1. -1.  1.  1. -1. -1. -1. -1. -1. -1. -1. -1.  1. -1.
  -1. -1.  1. -1. -1. -1.  1.  1.  1. -1.  1. -1.  1. -1.  1.  1.  1.  1.
  -1.  1. -1.  1. -1. -1. -1. -1.  1. -1.  1. -1. -1. -1.  1.  1. -1. -1.
   1. -1. -1. -1. -1.  1.  1. -1.  1.  1.  1.  1.  1. -1.  1. -1.  1. -1.
   1.  1. -1.  1.  1.  1.  1. -1. -1.  1.  1.  1.]
 [-1.  1. -1.  1. -1. -1.  1. -1.  1. -1. -1. -1.  1. -1.  1. -1.  1.  1.
   1. -1.  1.  1.  1.  1. -1.  1.  1. -1.  1.  1. -1. -1.  1. -1.  1. -1.
   1.  1.  1. -1. -1. -1. -1.  1. -1. -1. -1. -1. -1.  1. -1.  1. -1.  1.
  -1.  1.  1.  1. -1. -1.  1.  1. -1. -1. -1.  1. -1. -1. -1. -1. -1.  1.
  -1. -1.  1.  1.  1. -1.  1.  1.  1. -1. -1. -1.]]
-----------------------------------------------
