[[[[ 0.33425668 -0.38147002 -0.04253187 -0.27424797  0.27058231]
   [ 0.20017514 -0.32132889 -0.2148203  -0.17447921  0.0329221 ]
   [-0.07015378 -0.27813729 -0.09081402  0.02381324 -0.03460444]
   [ 0.33652483  0.04919981  0.05758613 -0.39943182  0.31635766]
   [ 0.18905486 -0.11389892 -0.06978422 -0.39536498  0.03184829]]]


 [[[-0.09701757  0.02794255 -0.08044944 -0.3933922  -0.37235937]
   [-0.17322953 -0.06570453 -0.1768713   0.01330579  0.35154065]
   [-0.35343709 -0.181807   -0.28773805 -0.21213017  0.14132307]
   [ 0.18019189  0.06452019  0.33548634  0.22327752 -0.12870956]
   [ 0.2388948   0.31371525  0.15595101  0.27725152  0.11606658]]]


 [[[ 0.14643516  0.1133813   0.19292345 -0.33666619  0.31943507]
   [ 0.28066025 -0.25131787 -0.12939635  0.32823218 -0.11942198]
   [-0.22886707 -0.31430404 -0.04950607  0.38845732  0.3284433 ]
   [-0.33619488 -0.14392487  0.02054417  0.08065616 -0.0440693 ]
   [-0.1150647   0.14261166  0.26852303 -0.25505786 -0.25542465]]]


 [[[ 0.02393726 -0.16255639  0.209052   -0.03191526  0.21810753]
   [ 0.10937606 -0.16679388  0.10652996 -0.3386744  -0.33181444]
   [ 0.28878318  0.01496231 -0.39474423  0.34704745  0.29340631]
   [ 0.15661147 -0.24625476 -0.17509006 -0.37160189  0.14297227]
   [ 0.2057901   0.1009009  -0.23096976 -0.22039917  0.15857136]]]


 [[[-0.36594553 -0.01860881 -0.0428914   0.1826167  -0.04621492]
   [ 0.37991855 -0.1129926   0.22320543  0.26845371  0.11371923]
   [-0.04493486  0.18241522 -0.06791002  0.3306732  -0.32996771]
   [ 0.31948485 -0.38505128 -0.11241248 -0.36933268  0.17034069]
   [ 0.00389167  0.34954808 -0.0341262  -0.39414745 -0.22614018]]]


 [[[ 0.29616268  0.31211901  0.0206157   0.20329371 -0.15545693]
   [-0.13052586 -0.0627819  -0.21391794 -0.23833919  0.3260858 ]
   [-0.01033626  0.0232647  -0.16862914  0.37209275 -0.28714455]
   [ 0.20420941 -0.20301086 -0.3072344  -0.35106505  0.16802595]
   [ 0.19949012 -0.03424992 -0.23436387  0.04905147  0.23364639]]]][0.1366498240476252, -0.3138039706217672, 0.364151095311477, -0.036934776907648625, 0.26930520399385444, -0.37538507995367687]
-----------------------------------------------
[[ 0.14370852  0.06669652]
 [-0.23376144 -0.23428351]
 [-0.28510695 -0.07085028]
 [ 0.47219599 -0.42941492]
 [ 0.21217822 -0.29882965]
 [-0.08889751  0.3204086 ]]
-----------------------------------------------
[array([[[-0.04236505, -0.03189152,  0.03649592,  0.04671038,
         -0.10711098],
        [ 0.0269417 , -0.06113275, -0.05703511, -0.07423516,
         -0.09843776],
        [ 0.00566306,  0.10144835, -0.04487623, -0.10320832,
         -0.11253469],
        [ 0.12648378,  0.11771711, -0.03629319,  0.12375648,
         -0.10868395],
        [-0.02849261, -0.1295028 , -0.09792841, -0.12961341,
          0.02584235]],

       [[ 0.07865679,  0.00560478, -0.06179627, -0.03288378,
         -0.0391417 ],
        [-0.11322497,  0.05185705,  0.03321255, -0.06559731,
          0.02594169],
        [ 0.0599407 ,  0.04275194,  0.0623    , -0.13965107,
          0.0900298 ],
        [ 0.08670962, -0.09248791, -0.03351243, -0.10929665,
         -0.13911951],
        [-0.08626095, -0.07489038, -0.08404844,  0.06842901,
         -0.13729834]],

       [[-0.01501274,  0.0901628 ,  0.02273269, -0.06991916,
          0.09308929],
        [-0.02336122,  0.08246922,  0.02337896, -0.0252569 ,
         -0.00111656],
        [ 0.03510525,  0.14991429,  0.03815501,  0.08529651,
          0.02020991],
        [-0.13833382,  0.13920487, -0.01364589, -0.07759194,
          0.07178208],
        [-0.140703  ,  0.08084836,  0.12974261, -0.01897594,
         -0.02274288]]])
 array([[[-0.03140947,  0.04650277,  0.01343507, -0.05522767,
         -0.00925682],
        [ 0.02336697,  0.02396006,  0.07112338,  0.05642345,
         -0.13715927],
        [ 0.01614081,  0.1152984 , -0.04883143,  0.06343791,
          0.06248146],
        [-0.1493792 , -0.00731027,  0.11546952,  0.07235347,
         -0.10915853],
        [-0.08808332, -0.04852051, -0.11594591, -0.06150039,
         -0.1123463 ]],

       [[ 0.0280535 , -0.04345535,  0.13911387, -0.05536408,
         -0.11141087],
        [ 0.11185363, -0.02992099,  0.06366469, -0.01571234,
         -0.08411726],
        [-0.13182619,  0.10776733,  0.00021252, -0.10549561,
          0.14237623],
        [-0.07287113,  0.08016832, -0.00396522,  0.01748715,
         -0.05874134],
        [-0.00078638, -0.09388086, -0.03443637,  0.0608548 ,
          0.07430493]],

       [[ 0.1067509 ,  0.13994935, -0.12718039,  0.08550417,
          0.1045668 ],
        [ 0.00713891, -0.02981636, -0.0342582 ,  0.07818816,
         -0.08363233],
        [ 0.13407092,  0.12814741,  0.12182454,  0.09872657,
          0.1039893 ],
        [ 0.04783038,  0.05612573, -0.03084771, -0.09669967,
          0.11775672],
        [ 0.0045052 , -0.01996468,  0.03217928, -0.12516992,
         -0.13595064]]])
 array([[[-0.0472394 , -0.05182988, -0.11935781,  0.14474698,
         -0.01916438],
        [-0.00765012,  0.02739041, -0.03612609, -0.10251623,
         -0.00979598],
        [ 0.14774137, -0.08921232,  0.00386345,  0.10701099,
         -0.00990273],
        [-0.03697098, -0.11943184, -0.03213883,  0.10205158,
          0.05726584],
        [ 0.09723094, -0.136703  ,  0.06497991,  0.01287391,
         -0.04821456]],

       [[ 0.14034832, -0.09993874, -0.0139818 ,  0.13731123,
          0.04090764],
        [-0.13092779, -0.12237873,  0.06239217, -0.01372229,
         -0.00671215],
        [-0.09133661, -0.0909032 , -0.07197042,  0.14729515,
         -0.02899427],
        [ 0.11060674, -0.0706458 , -0.06398845,  0.14733932,
          0.07909717],
        [ 0.13521269,  0.09440878, -0.14749791,  0.13468466,
          0.01169549]],

       [[ 0.0860407 , -0.07017005,  0.07517081,  0.13683274,
          0.05730504],
        [-0.11729052, -0.0410632 ,  0.08742991,  0.01651334,
          0.07506552],
        [ 0.10699036,  0.12012568, -0.01135288, -0.09197413,
         -0.01984563],
        [-0.09451237, -0.12731745,  0.0612586 ,  0.08367884,
          0.12416318],
        [-0.14593922,  0.02487465, -0.00955704, -0.09106261,
          0.0431707 ]]])
 array([[[ 0.04875569,  0.07253391, -0.0386603 , -0.14741454,
          0.02904285],
        [-0.04990997, -0.03995356,  0.12624626,  0.14067519,
         -0.06909106],
        [ 0.01071698, -0.01571729,  0.14392827,  0.10008117,
         -0.00177726],
        [ 0.03339406,  0.05055712,  0.07893394, -0.04711962,
         -0.14170077],
        [-0.0147433 , -0.13234643,  0.00785802, -0.11761466,
         -0.04102447]],

       [[-0.12621666, -0.05854958,  0.1084307 , -0.10849271,
         -0.14744644],
        [ 0.13620929, -0.11625307,  0.09471811,  0.04861944,
          0.1487177 ],
        [-0.10510179, -0.01676362,  0.1323941 ,  0.04100596,
          0.1137299 ],
        [ 0.04001874, -0.12421272, -0.01873989,  0.10238548,
         -0.13427614],
        [-0.11120958, -0.1186423 , -0.00573726,  0.14403412,
         -0.1228273 ]],

       [[ 0.0327423 ,  0.14421654,  0.0204902 , -0.09990471,
          0.12478138],
        [ 0.04095837, -0.04365444, -0.03266437,  0.09020302,
         -0.14921453],
        [ 0.14989028,  0.08231115,  0.13505872,  0.13968009,
          0.11922324],
        [ 0.08965811,  0.00476695, -0.06611791,  0.08410782,
         -0.00387988],
        [-0.10494035,  0.13111915,  0.12695222,  0.0434901 ,
         -0.00797986]]])
 array([[[ 0.12002936, -0.03578564, -0.11066816,  0.08935595,
          0.02487249],
        [ 0.08886048,  0.07581397, -0.11998085, -0.14695769,
          0.03751284],
        [-0.07097542, -0.02654502, -0.04402183, -0.0874515 ,
          0.13184867],
        [-0.05388448, -0.04156333, -0.05659148,  0.0778021 ,
          0.10497913],
        [-0.08680058, -0.00683902, -0.01455775,  0.14891241,
         -0.08953443]],

       [[-0.11870558, -0.0233319 ,  0.01458214, -0.12767472,
          0.10658199],
        [ 0.00035909, -0.06887914,  0.03348986, -0.07281738,
         -0.10070462],
        [ 0.11778961, -0.03944684,  0.07031466,  0.07681094,
         -0.064362  ],
        [-0.00621117,  0.02037712, -0.04681978,  0.0976418 ,
         -0.06696966],
        [-0.11099059, -0.01187772, -0.02587046, -0.09001083,
          0.05046072]],

       [[ 0.00609116, -0.05355896, -0.13042804, -0.05213112,
         -0.10594501],
        [ 0.04093688,  0.09763373,  0.08374639, -0.11755341,
         -0.13867784],
        [ 0.1175046 , -0.114797  ,  0.05468328,  0.12822925,
          0.02919069],
        [-0.03776845,  0.05524477,  0.12702943, -0.13958588,
          0.05515584],
        [ 0.14553483, -0.03752165, -0.01322212, -0.0273193 ,
          0.11498051]]])
 array([[[ 0.00905885,  0.02985296, -0.06388174,  0.01805621,
          0.10409445],
        [-0.06035984, -0.00314731,  0.08147859,  0.05999261,
         -0.08448615],
        [ 0.06976401, -0.14994668,  0.08908377,  0.1058223 ,
          0.06578176],
        [-0.03544632,  0.0079479 ,  0.13795028, -0.01821073,
         -0.02660188],
        [-0.07732886, -0.09727253, -0.10697402,  0.13234361,
          0.00432045]],

       [[-0.12030657, -0.14220968, -0.11742923, -0.02368714,
         -0.08367337],
        [ 0.11415504,  0.03312191,  0.01893214, -0.08840662,
         -0.03694268],
        [-0.08206889,  0.1431391 ,  0.0455849 ,  0.01006344,
          0.09499845],
        [ 0.03782466, -0.06698682,  0.11219586,  0.08527223,
         -0.13326253],
        [-0.01418546, -0.12310387,  0.01975006,  0.10315776,
         -0.08157097]],

       [[ 0.07127823, -0.11329777, -0.03671023, -0.06289023,
         -0.01135622],
        [ 0.14432926,  0.0720832 , -0.12995659,  0.01394307,
          0.0432001 ],
        [ 0.08068218,  0.01708923, -0.01929862, -0.11164533,
         -0.11689737],
        [-0.07461956,  0.14885838,  0.13375677,  0.08058739,
          0.11746111],
        [ 0.03111263, -0.01479001, -0.05482615, -0.11273157,
         -0.04255424]]])
 array([[[ 0.080287  , -0.09932088, -0.10482369,  0.11230913,
          0.02036444],
        [-0.02634058,  0.0161508 ,  0.06346801,  0.0514485 ,
          0.0377842 ],
        [-0.06483721, -0.02649263,  0.07839328, -0.04684614,
          0.02139837],
        [ 0.04372158,  0.0946765 , -0.06073987,  0.00357939,
          0.0283949 ],
        [ 0.01697853,  0.11347258, -0.06607567,  0.05323375,
          0.07497895]],

       [[-0.04957029, -0.03090858,  0.01502855, -0.10395056,
         -0.0497571 ],
        [-0.04877165,  0.02316608,  0.00585462,  0.073086  ,
          0.07377673],
        [ 0.06135011, -0.05932525, -0.06387225, -0.06155443,
         -0.1116105 ],
        [ 0.04764314, -0.07156992,  0.05163281,  0.06575805,
         -0.02702821],
        [-0.08473359, -0.01726661, -0.0064933 , -0.04170627,
         -0.07092168]],

       [[ 0.02905543,  0.01832985,  0.02425115,  0.02501181,
          0.03291006],
        [ 0.07597614, -0.11048519, -0.09345576, -0.01204349,
         -0.03677798],
        [-0.11018167,  0.10752835, -0.03053531,  0.07602846,
          0.10379564],
        [-0.04847977, -0.10388716,  0.03772095, -0.00346042,
          0.06001541],
        [ 0.0311796 ,  0.06354402, -0.01830757,  0.1141232 ,
         -0.08651444]],

       [[ 0.06238453,  0.05187953, -0.0443889 , -0.08262619,
          0.05181647],
        [ 0.09159082, -0.06311487, -0.02546707, -0.00434798,
          0.05148293],
        [ 0.10888642, -0.08146524, -0.0155997 , -0.04875895,
         -0.0205397 ],
        [ 0.07969357, -0.01095175, -0.08286616,  0.04984341,
          0.01902538],
        [ 0.00078472,  0.06142767,  0.07711412, -0.05316531,
         -0.0609686 ]]])
 array([[[-0.09080781,  0.02513283, -0.01486318,  0.07079555,
         -0.058998  ],
        [ 0.05374757,  0.07294104,  0.0893409 ,  0.01842884,
         -0.10933922],
        [ 0.06568601, -0.0204759 ,  0.11130337,  0.09069393,
         -0.00852969],
        [-0.05026263, -0.09602797,  0.0355294 , -0.01829673,
          0.02008938],
        [-0.07857021, -0.02227066,  0.00478726,  0.09277137,
          0.0116051 ]],

       [[ 0.03330163, -0.01763667,  0.09539072,  0.11050902,
          0.0301955 ],
        [ 0.05348251,  0.00645181, -0.09827039,  0.00343438,
          0.05777027],
        [-0.02430497,  0.06717576, -0.081547  ,  0.04555934,
          0.00644745],
        [ 0.03674408, -0.11415724, -0.01745185, -0.05972903,
          0.09444871],
        [-0.05797723, -0.07306365,  0.05628577, -0.09109903,
          0.02966917]],

       [[ 0.05611226, -0.06547669,  0.03691921, -0.01559693,
          0.00749315],
        [-0.01855841, -0.08213461,  0.06930048,  0.09617269,
         -0.06021475],
        [-0.1082072 , -0.02629052, -0.10025378,  0.03251109,
          0.08598441],
        [ 0.01000543, -0.07604069, -0.06594842, -0.06368525,
         -0.00156699],
        [-0.07466676,  0.04006304,  0.0119457 ,  0.03340685,
          0.10159913]],

       [[-0.02007322, -0.03407828,  0.05315701,  0.10110888,
          0.02941918],
        [ 0.02980964,  0.08987942,  0.0894827 ,  0.11287264,
         -0.02113413],
        [-0.01717536, -0.0305046 ,  0.07963611,  0.10228958,
          0.05538349],
        [ 0.01225749,  0.10575422, -0.0211051 ,  0.0518241 ,
          0.07212157],
        [-0.02809893, -0.06270155,  0.08322119, -0.00412224,
         -0.07407895]]])
 array([[[ 1.44785449e-02,  1.04677798e-01,  3.85198387e-02,
          8.52544835e-02, -4.58502280e-02],
        [ 1.12884554e-01,  5.07325050e-02, -5.71729777e-02,
         -2.59750701e-02, -1.58464681e-02],
        [ 4.48503482e-02,  9.75547569e-02,  7.24646472e-02,
         -1.13088205e-01, -7.59299297e-03],
        [-7.47857272e-02,  1.05505779e-01,  2.79676013e-02,
         -7.10318343e-02, -9.44514282e-02],
        [ 1.02789387e-01, -1.53469230e-02,  4.89539031e-02,
          9.76617430e-03,  2.45004954e-02]],

       [[ 9.13740832e-02,  8.79397716e-02, -6.89546512e-05,
         -6.24584208e-02,  5.29449227e-03],
        [ 7.19838919e-02,  1.66425226e-02, -5.24059673e-02,
         -1.55698855e-02, -6.62019507e-02],
        [-8.30025533e-02, -1.65862869e-02, -1.09554007e-03,
          8.56785666e-02,  8.14451918e-02],
        [ 5.34249022e-02,  7.19253679e-02, -4.82880388e-02,
          8.59635779e-02,  8.28277611e-02],
        [-4.76064119e-02, -5.18667976e-02,  4.59539454e-02,
          7.14900709e-02, -9.84117548e-02]],

       [[-5.54428872e-02,  1.11951705e-01, -4.11741447e-02,
          7.19239347e-02, -4.80156193e-02],
        [-7.35839931e-02, -3.38268123e-02, -3.43260108e-02,
         -7.53714576e-02,  1.13518265e-01],
        [-1.27972082e-02, -6.55744933e-02, -7.57139633e-03,
         -9.02811468e-02, -8.18442333e-02],
        [ 4.80123524e-02,  5.02068135e-02, -1.01930145e-01,
         -2.82010812e-02,  5.38389219e-02],
        [-9.32493168e-02,  3.41241361e-02,  7.21765396e-02,
         -9.89344091e-02,  3.07252405e-02]],

       [[ 7.61825737e-02, -4.13551862e-02,  1.08564688e-03,
          1.00622393e-01,  5.24090263e-02],
        [ 7.23250569e-02, -1.39347346e-03,  4.74102022e-02,
          1.06870697e-01,  6.65996605e-02],
        [-2.06347798e-02, -2.28379922e-02,  3.77940450e-02,
          5.24093653e-03, -1.70562794e-02],
        [ 8.95695247e-02, -3.13374662e-02,  9.31946965e-02,
         -7.66040079e-02, -2.24668860e-02],
        [-5.66709666e-02,  1.09108680e-01,  6.73464920e-02,
          5.21665439e-03, -5.38922064e-02]]])
 array([[[-0.00775212,  0.03125331, -0.07137497,  0.08476165,
         -0.08002531],
        [ 0.09561477,  0.01810321,  0.07008632, -0.06673589,
          0.04875186],
        [ 0.0862747 , -0.00663718, -0.03022324,  0.10650615,
         -0.02314773],
        [ 0.11103053, -0.02139606, -0.04963004, -0.06195104,
          0.08561479],
        [-0.01141183,  0.0370337 ,  0.03764694,  0.08925582,
         -0.01765622]],

       [[ 0.08886957, -0.04095455, -0.08405079,  0.08791296,
         -0.09281809],
        [ 0.06588646,  0.03015679,  0.04049049, -0.06699304,
         -0.03074613],
        [ 0.10074757, -0.09939673,  0.07842955, -0.03471357,
          0.06934372],
        [-0.03144477, -0.0991833 , -0.05825282,  0.00337861,
          0.04098714],
        [-0.02553259, -0.027414  , -0.01861911, -0.05539995,
         -0.04861002]],

       [[-0.00368136,  0.01153685,  0.00390104,  0.07696121,
          0.0621719 ],
        [ 0.03337328, -0.07134576,  0.07427043, -0.06532611,
         -0.02056031],
        [-0.07400397, -0.05650478, -0.04545912, -0.00257734,
         -0.01865237],
        [-0.01436302,  0.08764654, -0.01431549, -0.05730882,
          0.00573002],
        [-0.06618784, -0.04709134,  0.00939308, -0.05647287,
          0.07219383]],

       [[-0.01282908,  0.02732615, -0.00418882, -0.05896975,
          0.02251347],
        [ 0.00553931, -0.10644854, -0.03923088,  0.00952487,
         -0.10063545],
        [-0.01728435, -0.10525708, -0.02797914, -0.06965783,
          0.06711491],
        [ 0.10066493, -0.03487369,  0.05629044,  0.08632128,
         -0.0425868 ],
        [-0.00627973, -0.0521171 ,  0.03000147, -0.07470699,
          0.04631578]]])
 array([[[-0.02091512, -0.07451248, -0.01124978,  0.08897965,
         -0.02980696],
        [ 0.07914432,  0.06629538, -0.04465161,  0.00640039,
         -0.09413077],
        [ 0.0843581 ,  0.02025769,  0.11328888, -0.08129496,
         -0.03703703],
        [-0.09301799, -0.06803023,  0.08551681,  0.05153788,
         -0.04717353],
        [ 0.0029636 ,  0.07276516,  0.08733431,  0.04292676,
         -0.08418377]],

       [[ 0.10561835, -0.00869653, -0.1118236 ,  0.09397423,
          0.0072371 ],
        [-0.08046778, -0.05046143, -0.01193319, -0.01308958,
         -0.00331914],
        [-0.08039416,  0.02640321,  0.08468025, -0.07367152,
         -0.10047774],
        [ 0.0630943 ,  0.10685388, -0.11083621,  0.03772462,
         -0.00358715],
        [-0.02913607, -0.03713218, -0.05966674, -0.11397938,
          0.06030743]],

       [[ 0.07152877, -0.05566613,  0.05458131,  0.06568372,
          0.02211371],
        [-0.04834103,  0.01556633, -0.02319458,  0.01063462,
          0.01352299],
        [ 0.07641751,  0.0874191 , -0.11044418, -0.00730343,
         -0.00198903],
        [-0.10223145, -0.04643728, -0.00901329, -0.05515074,
          0.0525284 ],
        [ 0.04263814,  0.01641371, -0.0602243 ,  0.07229558,
          0.07567533]],

       [[-0.09573867, -0.0896431 , -0.03603061,  0.01928574,
          0.01292501],
        [-0.04549536,  0.00117955,  0.01993325,  0.0239617 ,
         -0.02108904],
        [-0.06561688, -0.07336463,  0.08218215, -0.05488306,
         -0.09862789],
        [-0.08553833, -0.05015931, -0.10788719,  0.06269546,
          0.07677821],
        [-0.00471511,  0.06720781, -0.05301473, -0.0028624 ,
         -0.00169492]]])
 array([[[ 0.01872693,  0.03615364,  0.0656401 ,  0.00884649,
          0.06758318],
        [ 0.08299198, -0.04670486,  0.01828413,  0.05613538,
         -0.01471868],
        [ 0.09055797, -0.01184053,  0.01335933, -0.01497375,
          0.0426007 ],
        [ 0.02972451, -0.038962  ,  0.07425393, -0.10007011,
         -0.09885453],
        [ 0.07950279,  0.06275089, -0.04460528,  0.01245577,
         -0.08536373]],

       [[-0.04168254,  0.05867531,  0.0303935 , -0.08500451,
         -0.07158471],
        [ 0.06421105,  0.02034078,  0.0494364 ,  0.08427484,
         -0.05736113],
        [ 0.02712765, -0.10884356, -0.09046147, -0.10656754,
         -0.0205388 ],
        [-0.0043275 , -0.00833624, -0.0539581 , -0.06482562,
         -0.03989275],
        [ 0.04470757,  0.086771  , -0.06919712, -0.01655617,
          0.01156434]],

       [[ 0.01963802, -0.04693101, -0.06592164,  0.04741238,
          0.11397605],
        [-0.10965115, -0.10816516,  0.05016052,  0.0504996 ,
          0.0609206 ],
        [-0.06604077, -0.10895992,  0.03724023, -0.07859627,
         -0.09742774],
        [-0.08345388,  0.1009398 ,  0.1038986 , -0.08111139,
         -0.05003407],
        [-0.05123192,  0.00117417, -0.08777647, -0.04974797,
          0.05023485]],

       [[ 0.01791076, -0.10259967, -0.04654783, -0.07723314,
          0.10300269],
        [-0.03827606,  0.06551487,  0.00688722, -0.08590501,
         -0.0725748 ],
        [ 0.10506847, -0.08362375, -0.0261304 , -0.00957935,
         -0.05691569],
        [ 0.02366294,  0.01287816,  0.08028262, -0.02207805,
         -0.01297993],
        [-0.00698142,  0.035194  , -0.10663434, -0.02004055,
          0.09577208]]])
 array([[[-0.10031297,  0.01983047, -0.0568736 ,  0.09113955,
         -0.03319454],
        [-0.00998767, -0.04834711,  0.08388887, -0.0889703 ,
         -0.04816267],
        [-0.06136368, -0.09850678,  0.09051375, -0.08406779,
          0.06735038],
        [ 0.06718085, -0.06586074,  0.04215859, -0.08512078,
          0.03934819],
        [-0.10297855,  0.04664887, -0.07506911,  0.00885804,
          0.04757848]],

       [[-0.05990115,  0.10694283,  0.05293891,  0.04461821,
          0.06053542],
        [ 0.04864705, -0.07215799, -0.04909553, -0.0375251 ,
          0.09200009],
        [ 0.03052097, -0.034247  , -0.05413707, -0.00822668,
         -0.02975199],
        [-0.10471633,  0.06669757,  0.00772687, -0.09586025,
         -0.05549815],
        [-0.06002095,  0.09722232, -0.03212336,  0.04685642,
         -0.07152317]],

       [[ 0.11383471,  0.02596237, -0.10267968, -0.06860988,
          0.09274261],
        [-0.04874075, -0.10254523, -0.06266811,  0.01943025,
          0.11244656],
        [ 0.05161161,  0.00039712, -0.07439345, -0.02213608,
          0.0565202 ],
        [-0.01335657,  0.01017413, -0.10136303,  0.04548439,
          0.0112619 ],
        [ 0.08873797, -0.02140922, -0.00668178, -0.04404303,
          0.11336078]],

       [[-0.05446267, -0.0063838 , -0.03638479,  0.0268135 ,
         -0.01638883],
        [ 0.06460393,  0.08715371,  0.07942985, -0.05924211,
          0.06897265],
        [ 0.04878815,  0.05524429,  0.04829611,  0.10140211,
         -0.01555143],
        [-0.07401756,  0.0347448 , -0.04532261, -0.00799724,
          0.06535423],
        [-0.06718126, -0.08227661,  0.11234116,  0.0345101 ,
         -0.08803493]]])
 array([[[ 0.0348188 ,  0.03422892,  0.05598871, -0.10702286,
          0.04828095],
        [-0.06209583,  0.10221891,  0.07013082,  0.09142292,
         -0.05460535],
        [-0.07097659,  0.11173355, -0.06747763,  0.05496938,
          0.03033052],
        [ 0.05367831, -0.09874064,  0.09390835, -0.05393259,
         -0.06389925],
        [-0.08758706,  0.02720661, -0.05491027, -0.06714077,
         -0.02432256]],

       [[ 0.02768912, -0.03602116,  0.03964938, -0.09829963,
          0.09579154],
        [-0.0664455 , -0.06427573,  0.07450067, -0.10446887,
         -0.08277106],
        [ 0.09557388, -0.01670936,  0.02279903,  0.08420305,
         -0.08642767],
        [ 0.07217862,  0.1122827 , -0.03155609,  0.06484303,
          0.0904655 ],
        [ 0.03836171,  0.10376238,  0.11246025, -0.01877149,
         -0.07200519]],

       [[ 0.05301719, -0.03619314,  0.10074366, -0.09042571,
          0.00852204],
        [-0.07078205,  0.01047322, -0.01631879, -0.07644391,
         -0.08154575],
        [ 0.08842176,  0.06715775, -0.01645997, -0.01813274,
          0.03167883],
        [-0.10883831, -0.01749803, -0.07943623, -0.06361392,
          0.06748309],
        [ 0.11267905, -0.0574851 , -0.09705241,  0.04583542,
          0.08312573]],

       [[-0.02797289, -0.08616629,  0.073329  , -0.10147775,
         -0.01206399],
        [ 0.05712374,  0.0548595 ,  0.0552565 , -0.10809335,
         -0.08874042],
        [ 0.10230362,  0.0156409 ,  0.03855737, -0.07470229,
          0.01585313],
        [-0.01031731,  0.10556659, -0.02054436, -0.02628356,
          0.00168658],
        [ 0.01160204,  0.03767937, -0.09691545, -0.02012402,
         -0.09064877]]])
 array([[[-0.0302272 , -0.03575834,  0.00769637,  0.03034989,
          0.10476874],
        [ 0.07030386, -0.00266175, -0.10483267, -0.0546284 ,
         -0.05901457],
        [ 0.06024133,  0.03338976,  0.04132096,  0.10789124,
         -0.02439914],
        [ 0.11367704,  0.00932547, -0.03420666, -0.11249134,
          0.11258589],
        [-0.02216188, -0.05176494,  0.06376013, -0.09012219,
         -0.00264612]],

       [[-0.02350876,  0.01630067,  0.03357642, -0.04298501,
         -0.04283031],
        [ 0.00564921, -0.09500876, -0.07991607, -0.07204985,
         -0.08801462],
        [ 0.10936927, -0.10558534,  0.11305848,  0.0547558 ,
          0.05198001],
        [ 0.05634862, -0.06327417, -0.06427636, -0.07310101,
         -0.02681232],
        [ 0.02652141,  0.00870685,  0.02863276, -0.08713616,
         -0.01215992]],

       [[ 0.07646308,  0.09146406, -0.04207008, -0.08785546,
         -0.00542782],
        [ 0.01739319,  0.06820596, -0.06548483, -0.00074458,
          0.00247151],
        [-0.00842419, -0.00589085,  0.0453044 ,  0.0854404 ,
         -0.03215162],
        [-0.07494222, -0.10001061, -0.00375411, -0.06529415,
          0.00985383],
        [ 0.08058792,  0.02868007,  0.07561148,  0.06057544,
         -0.10020617]],

       [[-0.05425236, -0.08258959, -0.08903418,  0.11163794,
          0.08873461],
        [ 0.00266811,  0.08421429, -0.11113944,  0.03566385,
         -0.02100944],
        [-0.07659331, -0.06366976, -0.09623634, -0.08031639,
          0.03322656],
        [ 0.01552271,  0.04093134,  0.03871031, -0.0353609 ,
         -0.08877581],
        [-0.09869608, -0.02595338,  0.09442404, -0.04655716,
          0.10996203]]])
 array([[[ 0.02804485,  0.04662425,  0.01783687, -0.02863841,
          0.04457513],
        [-0.03605713, -0.06176793, -0.02836679, -0.04276433,
          0.05649479],
        [ 0.02715958, -0.03827772, -0.03237455,  0.04632641,
          0.0078309 ],
        [-0.04038262, -0.05189027,  0.05725445, -0.03187564,
          0.02814145],
        [ 0.03440251,  0.0106448 ,  0.02944994,  0.01420427,
         -0.0500368 ]],

       [[ 0.00603773,  0.05967431, -0.05665498, -0.00198148,
          0.06452579],
        [-0.06045685, -0.00455499,  0.0140031 , -0.05399387,
          0.00840155],
        [ 0.01742277, -0.07328631, -0.04560591, -0.02518232,
         -0.00754947],
        [-0.00711018,  0.07186359,  0.04563821,  0.03388727,
          0.04931626],
        [ 0.07001987,  0.00618759, -0.06993622,  0.00839859,
          0.00066402]],

       [[ 0.04014956,  0.00048902,  0.02771346, -0.06888862,
         -0.06016632],
        [ 0.01523247, -0.01154305, -0.05168076, -0.05233713,
          0.05399063],
        [-0.07606454,  0.07062994, -0.04181358, -0.0405485 ,
          0.02487634],
        [ 0.06406151,  0.00218266,  0.03560306, -0.02755958,
          0.07180732],
        [ 0.0541964 ,  0.07450769, -0.03121697,  0.01073145,
          0.02667074]],

       [[-0.02224599, -0.01054152, -0.07116255,  0.03694581,
         -0.04057029],
        [ 0.02840831,  0.02521308, -0.07683358, -0.02082199,
         -0.04308017],
        [ 0.00961142,  0.01849548,  0.02897924,  0.02050938,
         -0.00638503],
        [ 0.03812565, -0.06257495,  0.00188973,  0.01124525,
         -0.04537113],
        [-0.03653848,  0.0410107 , -0.00153065,  0.05483653,
          0.0769312 ]],

       [[ 0.02950843,  0.03755353, -0.02815493,  0.05518341,
         -0.07102197],
        [-0.05237031,  0.06248452, -0.0044052 , -0.06309782,
          0.06120749],
        [ 0.03400959, -0.05007199, -0.06303172,  0.0657409 ,
         -0.00075404],
        [ 0.00661597,  0.06697937, -0.07034311, -0.04974166,
          0.00345343],
        [-0.07312348,  0.02084912,  0.02586272, -0.03244602,
          0.03177181]],

       [[ 0.02671092,  0.07023551, -0.04513741, -0.01296381,
          0.00337843],
        [-0.0651344 , -0.03054052,  0.04500342,  0.00343443,
         -0.00624591],
        [ 0.03929835,  0.02226153,  0.05578292,  0.04642659,
         -0.01663214],
        [-0.06040528, -0.07706104,  0.00262601, -0.05281833,
          0.06248893],
        [ 0.01624564, -0.03669869,  0.05256428,  0.0087012 ,
          0.02232281]]])][-0.10366222204270531, -0.11156703296633158, -0.04674550509048135, 0.0026142418549812696, 0.0711339145814194, 0.026062141075680167, 0.01807449986436567, 0.08683704078982295, 0.02055452124681513, -0.10049382915901497, 0.031802411158063607, 0.06219547106521604, 0.04985423707242519, -0.049093965186410335, -0.009824693310344829, 0.04929969813956131]
-----------------------------------------------
[[-0.1084798   0.0375422 ]
 [ 0.29809635  0.17949741]
 [-0.16628444  0.0556365 ]
 [-0.2699008  -0.13948014]
 [ 0.29483828  0.00922238]
 [ 0.45344654  0.47961014]
 [-0.07725182 -0.38019052]
 [-0.3554865  -0.1898754 ]
 [ 0.31769377 -0.16603195]
 [-0.28411433 -0.21982625]
 [-0.43229454  0.02789631]
 [-0.27568297  0.43952253]
 [-0.17925742 -0.13335154]
 [-0.33863336  0.34068041]
 [ 0.05307507  0.10282191]
 [-0.11282976 -0.30201367]]
-----------------------------------------------
[[[[-2.23999215e-02  1.41624245e-02 -2.83601878e-02 -1.21470875e-02
     6.86452559e-05]
   [ 3.52367949e-03  2.59141066e-02  2.34011504e-02  1.37336150e-02
     2.27524802e-03]
   [ 1.83565283e-02 -8.17830472e-03  1.77182829e-02  2.59431493e-02
    -7.54175959e-03]
   [ 2.33234845e-02  1.55252844e-02 -1.24130537e-02  1.50910198e-02
    -2.45746948e-04]
   [ 1.58313756e-02 -2.21842410e-02 -8.99681483e-04  6.57344818e-03
     2.12611847e-02]]

  [[ 1.53346326e-02 -2.90620883e-02 -2.10275084e-02  1.00688272e-02
     7.90120622e-04]
   [-2.33348408e-02  4.23128574e-03  1.59394449e-02  2.96333155e-03
    -2.21137594e-02]
   [ 5.52576035e-03  1.18828438e-02 -5.70921838e-03  2.64457665e-02
    -1.45762054e-02]
   [ 9.92665162e-03  1.78220552e-02 -2.79296618e-02  1.46494847e-02
     2.70822614e-02]
   [ 1.07703813e-02  9.63716731e-03  5.59562372e-03 -6.56611773e-03
    -1.21509231e-02]]

  [[-1.05834153e-02 -2.43909533e-04 -2.66462173e-02 -1.58171518e-02
     1.33143164e-02]
   [-4.64473023e-03 -1.32403182e-02 -2.83125995e-03 -2.74131880e-02
     6.48827210e-05]
   [ 2.23419755e-03 -1.73986697e-02 -1.90569199e-02 -1.63587042e-02
    -2.08019889e-02]
   [-1.47234176e-02  2.20014166e-03 -2.75368932e-02  1.11087677e-02
     1.09037636e-02]
   [ 1.50447809e-02  2.69284385e-02 -7.70124743e-03  1.71397939e-02
    -4.26756330e-04]]

  ...

  [[-3.16496216e-03 -2.82426098e-02  4.93688162e-03 -8.27537031e-03
    -1.36777979e-02]
   [-1.66622844e-02 -8.90007506e-03 -2.45346695e-02 -9.94952252e-03
     1.72469308e-02]
   [-5.87860836e-03  6.84678633e-03  8.42858657e-03 -1.90214562e-02
    -2.54344157e-03]
   [ 2.29386140e-02  2.12144940e-02  8.12803134e-03  1.00307122e-02
     1.14629343e-03]
   [ 2.10209498e-02 -2.43517933e-02  6.10736832e-03  2.78029756e-02
    -2.52397400e-02]]

  [[ 1.49527099e-02 -1.96529418e-02 -2.20439918e-02 -2.77236749e-02
    -9.16629009e-03]
   [-2.32580332e-02  5.24331110e-03  1.34890945e-02 -2.04026336e-02
     4.47327556e-04]
   [-1.41459718e-03 -1.76442563e-02  9.18234927e-03 -2.39601316e-02
     2.37595645e-02]
   [ 1.56425358e-02 -1.43753985e-02 -2.38411121e-02  1.19933640e-02
    -1.03577370e-02]
   [ 1.93007758e-02  2.43466068e-02  2.47451207e-02 -2.23398902e-03
    -1.06456225e-02]]

  [[-1.89018706e-02 -2.15085177e-03 -2.14280540e-02 -2.57823611e-03
    -4.59514945e-03]
   [-5.11950562e-03  3.05979276e-03 -6.18145908e-03 -2.84659078e-02
     1.59556704e-02]
   [-1.36192062e-03  2.09151984e-02  1.42526498e-02  1.54304836e-02
    -4.35165944e-03]
   [-7.85831776e-03 -1.10371655e-03  2.85231799e-02 -2.16964013e-02
     1.13704804e-02]
   [ 8.47450854e-03 -2.42413093e-02 -1.27671653e-03 -9.68084435e-03
     1.75604295e-02]]]


 [[[ 1.07417898e-02  1.09911557e-02  1.35734983e-02  1.82908458e-02
    -1.34736495e-02]
   [-2.49413053e-02 -1.22631354e-02  1.80145902e-02  4.34548828e-03
    -1.08377813e-02]
   [-2.27302154e-02  2.68067575e-02  7.13606044e-03 -1.11147556e-02
     2.09732222e-02]
   [ 1.50574308e-03 -4.62635316e-03  9.06407522e-03  1.05067499e-02
     1.69194861e-02]
   [-6.19589990e-03  2.48482262e-02 -2.44128223e-03 -1.29853582e-02
     1.38156309e-02]]

  [[ 2.63218139e-02  4.98987019e-03 -2.15622334e-02 -1.92778030e-02
    -2.98711448e-03]
   [ 2.86684841e-02 -1.43155574e-02 -6.11406446e-03  2.65400720e-02
     2.79202056e-02]
   [-1.76917329e-02  1.56947150e-02  2.60876526e-02  3.69324210e-03
    -7.95619807e-03]
   [-2.02547058e-02 -2.12902357e-02  2.68612872e-02  3.56769079e-03
    -7.71022279e-03]
   [-1.91684858e-03  1.59922187e-02 -1.71311598e-03 -9.52402434e-03
    -8.65157830e-03]]

  [[-2.97682672e-04 -2.94323111e-02  1.00473371e-02  1.84990018e-02
    -1.22354281e-02]
   [ 2.63980422e-02 -1.53956042e-03 -1.36457019e-02 -2.46789664e-02
    -1.97765169e-02]
   [-2.42436848e-02 -2.13971601e-03  7.90028154e-03 -2.85904096e-02
    -1.28253699e-02]
   [-1.18807056e-02  2.54414274e-02 -2.58633905e-02 -1.62912528e-02
     2.70284731e-02]
   [ 1.90615524e-02 -1.09223898e-03 -1.53782157e-02  2.70925742e-02
     2.02998568e-02]]

  ...

  [[ 2.79375863e-02 -2.19368272e-02  1.43241917e-02 -4.54261467e-03
     8.47422357e-03]
   [-1.47207992e-02  2.71028493e-02 -2.40945405e-02 -2.63526630e-02
     2.82752759e-02]
   [ 5.73451549e-04  2.76520896e-02 -1.24592447e-02 -1.23737755e-02
    -2.63015422e-02]
   [ 1.70815165e-02 -1.18107932e-02  6.44334244e-03 -4.18624905e-03
    -1.84469020e-02]
   [ 2.87187938e-02 -1.08040011e-02  6.57136695e-03  1.14877614e-02
     9.02090514e-04]]

  [[-1.91457167e-02 -2.16828064e-02 -8.51675102e-03  1.69946901e-02
     4.93755822e-03]
   [-8.51071853e-03  1.30249627e-02 -2.69379309e-02 -2.36190167e-02
     2.43543862e-03]
   [ 3.89603452e-03 -1.07346084e-02  4.95308194e-03  2.82739278e-02
    -1.65223023e-02]
   [-2.11866872e-02 -1.84373649e-02  1.51108154e-02  2.81373512e-03
     2.24237059e-02]
   [ 8.63404896e-03 -1.11290752e-02 -2.24458510e-02 -6.34220183e-03
    -9.44836090e-04]]

  [[-1.34053065e-02  1.11796168e-02 -1.55573423e-02  1.12571643e-02
     3.72317865e-03]
   [ 1.93838278e-03  6.37442249e-03 -1.61251522e-02 -2.75952690e-02
     2.22499741e-02]
   [-1.05331400e-02 -1.65803701e-02 -7.21351383e-03  1.82329837e-02
    -7.67679478e-03]
   [ 6.40542766e-03  1.43355679e-02  1.98194211e-03  1.15131095e-02
     2.39257659e-02]
   [-2.41436578e-02  1.02046030e-02  5.84092378e-03  1.93822968e-02
    -1.48142571e-02]]]


 [[[-7.48975429e-03 -1.64496821e-02 -2.61623543e-02 -8.00916695e-03
    -1.80986615e-02]
   [-1.63747232e-02 -2.46645113e-02  1.43587505e-02  9.69588816e-03
    -2.93881944e-02]
   [ 3.48007569e-03 -2.25713150e-02  9.50808053e-03 -1.63123636e-02
    -1.46453021e-02]
   [-8.30167363e-03  9.35253032e-03  2.80863280e-03 -2.70302895e-02
     2.24179127e-02]
   [-1.44510267e-02 -9.40578839e-03  3.84355502e-03 -1.57922641e-02
    -3.51026300e-03]]

  [[-2.43876880e-02  2.06199170e-02  6.06848474e-03 -1.93452950e-02
     5.55336128e-03]
   [ 2.28490165e-02 -2.05116860e-02 -1.87440289e-02 -8.52221450e-03
     1.29457400e-03]
   [ 2.01791520e-02 -2.92512394e-02 -2.40980920e-02  1.39687586e-02
     2.41935630e-03]
   [ 3.19472053e-03 -1.29255172e-02 -2.61329747e-02  9.39413713e-04
    -2.34137498e-02]
   [-2.52985702e-03 -3.54304137e-03 -2.88987700e-02  2.44216197e-02
    -7.16161895e-03]]

  [[ 2.84151730e-02 -5.41407362e-03  2.38766888e-02 -3.54334714e-03
    -1.34838698e-03]
   [-2.31153089e-02  7.87718541e-03  2.43171022e-02 -4.85756549e-03
     7.48081331e-05]
   [-2.50954217e-02  1.96036571e-02 -6.40257371e-03 -1.32310384e-02
     1.05356490e-02]
   [ 1.08071120e-02  1.55367109e-02  1.40958401e-02  4.59340595e-03
     1.25759718e-02]
   [ 1.01135552e-02  2.14506783e-02  2.53527890e-02 -9.76476982e-03
     2.10832602e-02]]

  ...

  [[-1.40684095e-02  5.45390137e-03 -2.23589396e-03 -5.76142362e-03
     1.04386441e-02]
   [-2.61422780e-02 -9.26105780e-03  3.35391895e-03 -1.80881365e-02
     9.17085881e-03]
   [ 2.84832664e-02 -3.89975397e-03  2.34934883e-02  2.04684070e-02
     5.99149571e-03]
   [ 2.40436017e-02  2.64244991e-02  4.33576948e-05 -2.68769496e-02
    -9.02707684e-03]
   [-2.19319579e-02  5.17585341e-03  8.27337744e-03  2.02630495e-02
     1.14378478e-02]]

  [[-6.53117599e-03  2.33460031e-02 -2.61154559e-02 -1.74505630e-02
     1.59632760e-02]
   [-1.33468342e-02 -5.70742861e-03 -1.07169545e-03 -2.00638156e-02
    -3.31369966e-03]
   [-2.29126327e-02 -1.85590494e-02 -2.32057767e-02  2.40074486e-02
    -3.76214916e-03]
   [ 1.65622880e-03 -2.77474841e-02  2.72172294e-02 -2.62511609e-02
    -7.94243398e-03]
   [ 2.13873284e-02  1.61245010e-02  1.22275307e-02 -1.49160939e-02
    -1.79918330e-02]]

  [[-1.64359637e-02 -2.15973969e-02  1.24528367e-02  2.05244435e-02
    -2.41295355e-02]
   [ 1.82845503e-02 -1.05776841e-02  1.02122479e-03  7.71684073e-03
    -7.14145412e-03]
   [-1.76579131e-03 -2.35413930e-03 -2.95760873e-02  1.13052999e-02
    -1.34454846e-02]
   [ 1.55780180e-03 -1.43412969e-02 -5.00330210e-04 -1.10593685e-02
     2.81528644e-02]
   [-1.59738069e-02  1.35825588e-03 -8.30719444e-03  9.35911853e-03
    -2.39601395e-02]]]


 ...


 [[[ 7.83730881e-03 -1.96061176e-02  5.17382282e-03 -7.49882151e-04
     2.33010308e-02]
   [ 1.77039323e-02 -2.27691400e-02 -2.25191064e-02 -2.45198273e-02
     2.33863668e-02]
   [-1.58128490e-02  2.41132526e-02  2.36536339e-02 -2.36483997e-02
     2.15711882e-02]
   [ 1.25839176e-02 -2.79114248e-02 -2.30819403e-02  2.86895316e-02
     1.36770065e-02]
   [ 1.02539008e-03 -5.03813881e-03  7.86306928e-04 -1.95645950e-02
     8.55127443e-03]]

  [[-2.74893861e-02  1.74865942e-02  8.22440980e-04 -1.83886341e-02
    -8.25251396e-03]
   [-1.13240328e-02  2.30894257e-02  2.35188941e-02  1.44858332e-02
     2.86395787e-02]
   [-8.09109248e-03 -8.74522716e-03 -1.41276879e-02 -2.60094906e-02
     2.02713303e-02]
   [ 1.78312012e-03  1.66052780e-02  4.83546932e-04  1.72644826e-03
     1.95573626e-02]
   [ 2.77161319e-02  1.89977227e-02 -1.24342111e-02  9.29652805e-03
    -2.74841456e-02]]

  [[ 2.10882031e-02  1.69343956e-02  2.05467648e-02  2.43628510e-02
    -7.44684899e-03]
   [ 2.89291748e-02  2.36913464e-02  1.96739963e-02  9.56466580e-03
     2.74540112e-02]
   [-1.37046011e-02 -2.05029405e-02  8.12139320e-03  1.82749301e-02
    -4.53550463e-03]
   [ 1.39540450e-02  2.34052793e-02 -4.61880932e-03 -2.24319958e-02
    -1.46450329e-03]
   [-2.41415672e-02  5.89711934e-03 -1.13881783e-02 -1.17377899e-03
    -2.16652361e-02]]

  ...

  [[-8.12288699e-03 -1.58227247e-02  9.32650097e-03  4.98030170e-04
    -2.63623678e-02]
   [-4.02747359e-03 -1.41439764e-02 -4.97541047e-03 -2.82361464e-02
    -7.34429896e-04]
   [-1.43182693e-02 -1.44906591e-02 -1.68374032e-02 -1.70071282e-02
    -1.53515189e-02]
   [-1.31818161e-02  1.93778954e-03 -1.14823633e-02  2.69826379e-02
    -1.60147375e-02]
   [-1.27279686e-02 -1.32335337e-02 -1.87012912e-02 -8.77393303e-03
    -2.13986749e-02]]

  [[ 1.58293198e-02 -7.87049980e-03 -5.06831551e-03  2.23624864e-03
    -1.76221946e-02]
   [-2.61980107e-02 -7.05129262e-03 -1.60673261e-02 -2.87020599e-02
    -1.86911322e-02]
   [ 1.39470229e-02  2.23965895e-02 -2.69617048e-02 -7.19080069e-03
     2.30261773e-02]
   [ 2.59381619e-03 -1.53369365e-02 -1.90533760e-02  1.78512824e-02
    -2.18628564e-02]
   [ 2.83348741e-02  1.44319833e-03  1.40782609e-02 -1.49007306e-02
     4.08023097e-03]]

  [[ 1.52687687e-03  2.30957640e-02  1.18016570e-02  2.60353643e-02
     1.14480401e-02]
   [ 1.99115704e-02 -9.81559679e-03 -2.28260654e-02 -2.74055482e-02
     1.47821842e-02]
   [ 2.11840954e-02  1.50740908e-02  2.84717619e-02 -1.66732328e-02
     2.69279422e-03]
   [ 2.59234111e-02  2.83466682e-02 -1.90221749e-02 -1.39967540e-02
    -5.18015189e-03]
   [ 1.56506046e-02  1.69339659e-02  2.05894591e-02  1.71859228e-02
    -2.78979549e-03]]]


 [[[ 1.59504752e-02  1.07538275e-03 -1.67554652e-02  6.20001162e-03
     4.06498346e-03]
   [-2.77416100e-02 -2.26484828e-02 -2.85337691e-02 -1.82551605e-02
     2.51686414e-03]
   [ 2.29557603e-02 -1.94587899e-02  1.54011495e-02  2.48479072e-02
     2.70471883e-02]
   [-2.04355226e-02 -9.60814440e-04 -4.74807020e-03 -6.39441569e-03
     2.07448316e-02]
   [ 1.30724125e-02 -1.49058734e-02 -4.60204235e-03  1.28173206e-02
    -2.00218000e-02]]

  [[-5.63083677e-03 -2.53212578e-03 -7.88157644e-03  2.53369184e-02
    -1.39268900e-02]
   [-6.85932157e-04  1.70739327e-02  8.87448851e-03  2.23644415e-02
     9.41998923e-03]
   [-5.02503315e-03 -2.45802922e-02  2.41233810e-02 -2.70282745e-02
     1.39648763e-03]
   [-2.61462372e-02  5.98037978e-03  1.44501173e-02  9.11038275e-03
    -2.25676220e-03]
   [ 2.41151994e-02 -5.87418893e-03  2.70261663e-02  1.84353533e-02
     1.89460117e-02]]

  [[ 2.13666471e-02 -2.33229471e-02 -1.49712578e-02 -1.29910951e-02
     1.94597639e-02]
   [-2.78526653e-05  4.19846215e-03  2.81542092e-02 -1.85892276e-02
    -9.41353245e-03]
   [-8.96005610e-03  1.66330760e-02  1.66748464e-02  5.69282035e-03
    -2.16949078e-03]
   [-7.82968570e-03 -1.33422105e-02  1.63291265e-02  1.81322333e-03
    -2.85928729e-02]
   [-2.03390157e-02  1.70729107e-02  1.59546756e-02 -2.00967342e-02
    -9.37617711e-03]]

  ...

  [[ 2.27227184e-03 -1.37921667e-02 -9.93481444e-03  2.83782841e-02
    -2.95652640e-02]
   [-1.61964170e-02 -2.71821528e-02 -2.96193949e-02 -1.69343169e-02
    -2.89568032e-02]
   [-2.07160914e-02 -2.85172300e-02 -1.52178962e-02  1.14431111e-02
     3.43699573e-04]
   [ 1.13263484e-02  7.48549908e-03  1.17693433e-02  2.24991664e-02
     1.16675085e-02]
   [ 1.73223944e-02 -1.69265044e-02  1.41550640e-02  8.21559137e-03
    -2.77630400e-04]]

  [[-1.33259675e-02  9.99883768e-03 -1.96597148e-02 -9.98531742e-03
    -6.32525801e-05]
   [ 1.62347380e-02  2.21455532e-02  1.08939199e-02  2.05846339e-02
     3.67889628e-03]
   [-2.29024114e-02 -2.18627771e-02 -1.79231263e-02  8.75274136e-03
     2.89898677e-03]
   [-1.75488206e-03 -1.23377648e-02 -2.69969382e-03 -2.23372487e-02
     2.32989786e-02]
   [ 2.74011411e-04 -1.03833538e-02 -2.68458084e-02 -2.34743454e-02
    -2.51637633e-02]]

  [[-1.30143681e-03 -5.50899909e-03 -4.31911234e-04 -2.02969878e-02
    -7.00487299e-03]
   [ 2.96000434e-02  2.63465790e-02  7.50072285e-03 -1.07286443e-02
    -1.75142266e-02]
   [-1.38260333e-02  4.62999918e-03  2.62036191e-02  4.17902130e-03
     2.04518337e-02]
   [ 1.84836233e-02  1.75255671e-02  2.36139454e-02  2.21261151e-02
     1.14710068e-03]
   [-8.64110811e-03  4.05408796e-03 -3.75517750e-03 -1.06047863e-02
    -9.39901267e-04]]]


 [[[ 2.73807239e-02 -6.43826626e-03  2.95450461e-02 -7.80072728e-03
    -1.11188241e-02]
   [ 6.66465829e-03 -2.62972330e-02 -2.36962579e-03  5.36248179e-03
     2.58816454e-02]
   [-1.93040883e-02 -1.67370668e-02  2.82764961e-02  2.42995875e-02
    -1.62750073e-02]
   [ 1.09320705e-02 -1.04999115e-02 -1.56186118e-02 -1.04730247e-02
    -1.48856036e-02]
   [-2.66134724e-02 -9.72006032e-03  1.94074402e-02 -2.46620402e-02
     2.51717943e-02]]

  [[-2.83587098e-02 -2.81268733e-02  8.68241452e-04  1.00139577e-02
     1.71414062e-02]
   [-7.30778936e-03  2.87124611e-02 -5.31733142e-03 -4.56736960e-03
    -5.77753139e-03]
   [-1.42870483e-02  1.21657338e-02 -1.03248960e-02 -3.63598198e-04
     3.88714136e-03]
   [ 2.93078212e-02 -1.42734145e-02  2.67714116e-02  1.36801477e-02
     2.62935182e-03]
   [ 2.74381147e-02 -1.83560991e-02 -2.04909760e-02 -1.73586763e-02
     1.66035294e-02]]

  [[ 4.42115987e-03  7.90773714e-03  2.03183039e-02 -2.13217044e-02
     1.81659873e-02]
   [-2.55275632e-02 -1.66441601e-02  1.33561588e-02  2.64800536e-02
     9.45529348e-03]
   [ 1.61663595e-02 -3.19455218e-03 -1.52559917e-02  1.19828407e-03
    -1.92660393e-02]
   [ 2.70108843e-02 -2.21949816e-02  3.05052597e-03 -1.79248057e-02
     2.57259565e-02]
   [ 2.01665440e-04  2.67091473e-03 -1.91248625e-02  1.40912568e-02
    -1.00728666e-02]]

  ...

  [[ 2.05906864e-02 -1.23078482e-02  1.93287879e-02 -1.02391412e-02
    -1.56097956e-03]
   [-1.09300767e-02 -5.25614729e-03 -1.26162153e-02 -3.25000778e-03
     1.32975074e-02]
   [ 2.38204408e-02 -2.51600058e-02  2.09735165e-02  1.16218745e-02
    -1.67226592e-02]
   [-8.05509780e-03 -2.77543624e-02  2.18123231e-02 -8.60355926e-03
    -6.68360877e-03]
   [-2.07621483e-02 -1.17840240e-02 -1.01765599e-02  1.15432005e-02
    -4.58374294e-03]]

  [[-7.66630470e-03  7.53534443e-03 -2.72442893e-02 -1.43548813e-02
    -1.72741274e-02]
   [-2.76897037e-02 -2.29120231e-02 -2.93947943e-02 -2.95796017e-02
     1.35662970e-02]
   [-3.14644102e-03  4.16042884e-03  1.19674223e-02  1.55537250e-02
    -1.60829295e-02]
   [ 2.01644710e-02 -2.26719186e-02  2.96954588e-03  1.99634900e-02
     8.10350568e-04]
   [ 2.61841074e-02  8.02162362e-03  2.70162277e-02  1.07159124e-02
     2.72385722e-02]]

  [[ 2.29270873e-02 -1.47612951e-02  2.03295593e-02 -2.29654425e-02
     1.95178879e-02]
   [ 2.87865136e-02 -1.85379904e-02  2.46134349e-02  5.13862164e-03
     2.60160850e-02]
   [-2.47035498e-02  2.06270575e-02 -1.93151883e-02 -2.10731161e-02
    -1.34665019e-02]
   [-1.72469035e-02 -2.50654316e-03  2.41922882e-02 -1.61408439e-02
    -1.00282593e-02]
   [-1.62514394e-02  8.61336166e-03  2.23742297e-02 -3.62272432e-03
    -2.84146965e-02]]]][0.0141664354511274, -0.006404734829618057, 0.02254510321743988, 0.0006298863908713905, 0.022095577623880844, 0.005327497683977379, 0.008512013953179205, -0.00025738622963979163, -0.0003054243161187756, 0.014913140352274302, 0.002898378539207252, 0.009776625996636815, 0.01643537736392325, 0.009400472508103861, -0.0009797007787969506, 0.026825343303399047, 0.0096818300699168, 0.023933778661737137, 0.026497191163729467, -0.011744981460804368, 0.029431750545934474, 0.015800518731424722, 0.003531884104954818, 0.006506273245271654, -0.020973046240890372, -0.023044207321145968, 0.0008246523824996105, -0.00483240113302703, 0.008543393657295045, 0.028296000809679613, -0.003668486783998632, 0.004692323210250881, -0.010149942365408116, 0.027112704323707795, -0.004423204122695392, -0.008889129228977763, -0.024497634736160647, -0.028128233444969272, 0.023171468888258055, 0.005451119389242313, 0.004716897390515524, -0.011833374887938133, 0.010891598307700975, 0.02693316376126177, 0.01179388162876573, 0.017855945173115177, 0.004326337704099358, -0.002362073709055553, 0.0051271695294568854, 0.0048660907920478995, -0.00457417382050827, -0.012110148571034825, -0.014765832575594636, 0.007344097173452944, -0.007193105157897117, -0.024333834874276247, 0.007855905029076047, -0.015507101174541436, -0.009348242016486649, -0.027011453595352654, 0.014591493779712316, 0.026040750045467468, 0.025634956786983815, 0.004515177560603111, -0.01745996820348839, 0.013918663037321834, -0.02272752836156174, -0.001962669630831252, -0.01351956364118154, 0.015669426335372594, 0.0007804228680079982, 0.016703838143056846, 0.013833156516007358, 0.022665854697697888, -0.012103890324437885, 0.015040980191676195, 0.02933998360495008, 0.0011180743525115236, -0.0042421387014431565, -0.022795181624929568, -0.01274671949081899, -0.0164071389955842, 0.018887918548882544, -0.012105003571094706, 0.020157893752989663, 0.029383249980193305, 0.02441314870525604, 0.0052961048371431806, -0.02432367209109612, 0.02234715144322612, 0.009568271987779858, 0.01264580023335599, 0.026676925471596034, -0.02099135505616043, 0.020945992454534646, 0.010651479641141003, -0.023237736177616347, 0.02589640136160155, 0.01477087696645617, -0.004661870869135366, 0.012078321124591947, 0.01840019256934076, 0.004379275073814599, -0.0019001470450924797, 0.029565958250781673, -0.026317223475712637, -0.004134428495716151, -0.015199587315776373, 0.0032375112310048283, -0.006501489761063038, 0.008825668651288848, 0.007801264701001603, 0.005923123194281465, -0.011460175426980492, -0.008347176553461105, -0.02417148090697488, 0.006064950376458624, -0.022161091450447958, -0.022060579072158026, -0.007654270614041444]
-----------------------------------------------
[[-0.01351676 -0.01853693 -0.01672222 ...  0.01970389 -0.00407158
   0.0056433 ]
 [-0.00537358  0.00725355  0.01507046 ... -0.01600641  0.01216416
   0.00399623]
 [ 0.00821731 -0.0167413   0.00592046 ...  0.01208551  0.01440117
  -0.00563179]
 ...
 [ 0.01642777  0.01563178 -0.000509   ...  0.01884204  0.00462045
  -0.01691672]
 [-0.00442394 -0.01060754 -0.01341546 ... -0.01087458 -0.00447402
  -0.00945227]
 [-0.0078416  -0.01594795  0.01898586 ...  0.01877532 -0.00847888
   0.00652288]][-0.01499087 -0.00768847 -0.00695865  0.00878791 -0.01959304 -0.01608636
 -0.01311411 -0.01019941 -0.01224803 -0.00577625 -0.01180938 -0.01702341
  0.01255309 -0.01783832 -0.01022938  0.00547195 -0.00817321 -0.00093875
  0.00510646 -0.0127342   0.00234755  0.00582584  0.01440895  0.00348434
 -0.00416742  0.00881655 -0.00298014  0.01401065 -0.00285011 -0.00357309
 -0.01369874 -0.01336896 -0.01844078 -0.00744225 -0.00200366  0.01146476
  0.00992649 -0.00564494  0.0127321   0.01782265 -0.00531262  0.01128927
  0.01464448 -0.01872699  0.00532834  0.00458434 -0.00793683 -0.01713743
  0.00231204  0.00407179 -0.00719721 -0.00322317  0.00143934 -0.01548846
  0.01959837 -0.01408601 -0.01063755  0.0177054   0.0164982  -0.01858854
 -0.00686169 -0.01576911 -0.00990227  0.00808938  0.00441977  0.01299506
  0.01459653 -0.00047514  0.00740965  0.00495073  0.01616852  0.01344748
  0.0138637  -0.01075878  0.0148155   0.00514766 -0.00526069  0.01298955
 -0.01480875  0.0190524  -0.01869432  0.0086919  -0.01309398  0.00147678]
-----------------------------------------------
[[ 1. -1. -1. -1.  1. -1. -1.  1.  1. -1. -1. -1. -1.  1.  1. -1.  1.  1.
   1.  1. -1.  1.  1. -1. -1.  1. -1. -1. -1. -1. -1.  1.  1.  1.  1.  1.
  -1.  1. -1. -1. -1.  1. -1.  1.  1. -1. -1.  1. -1. -1. -1.  1.  1. -1.
  -1. -1. -1. -1. -1.  1.  1. -1. -1.  1.  1.  1.  1. -1.  1. -1. -1.  1.
   1. -1.  1. -1. -1. -1. -1. -1. -1.  1. -1.  1.]
 [-1. -1. -1.  1. -1.  1. -1.  1. -1.  1.  1.  1.  1.  1.  1.  1. -1.  1.
  -1.  1. -1. -1. -1.  1. -1.  1. -1.  1. -1.  1.  1.  1.  1.  1. -1. -1.
   1. -1.  1.  1. -1. -1. -1.  1.  1. -1. -1.  1. -1.  1. -1. -1. -1.  1.
   1.  1. -1.  1.  1.  1. -1.  1.  1. -1. -1.  1.  1.  1. -1.  1.  1.  1.
   1. -1.  1.  1. -1. -1. -1. -1.  1.  1. -1.  1.]
 [ 1.  1.  1.  1. -1. -1.  1. -1. -1. -1. -1. -1.  1. -1.  1. -1.  1. -1.
   1. -1.  1. -1.  1. -1. -1. -1. -1.  1.  1.  1. -1. -1.  1.  1. -1. -1.
   1. -1. -1.  1.  1.  1.  1. -1.  1.  1.  1.  1. -1.  1.  1. -1. -1. -1.
   1. -1. -1. -1.  1.  1. -1. -1. -1.  1. -1. -1. -1.  1.  1.  1.  1.  1.
   1.  1. -1.  1.  1. -1.  1. -1.  1.  1.  1.  1.]
 [-1.  1.  1.  1.  1. -1. -1.  1. -1. -1. -1. -1.  1.  1. -1.  1. -1.  1.
   1. -1.  1.  1. -1. -1.  1.  1. -1.  1. -1.  1. -1.  1.  1.  1.  1.  1.
   1. -1. -1. -1.  1. -1.  1.  1. -1. -1. -1. -1.  1.  1.  1.  1.  1. -1.
  -1. -1.  1.  1.  1. -1.  1.  1. -1.  1.  1.  1.  1. -1.  1. -1.  1.  1.
  -1. -1.  1.  1.  1.  1.  1. -1. -1. -1.  1. -1.]
 [-1. -1.  1. -1.  1. -1.  1.  1.  1.  1. -1. -1.  1.  1.  1.  1.  1. -1.
   1. -1. -1. -1. -1. -1. -1. -1.  1.  1. -1. -1.  1.  1.  1.  1.  1.  1.
   1. -1. -1.  1.  1.  1.  1. -1.  1. -1.  1.  1. -1. -1. -1. -1.  1.  1.
   1.  1.  1. -1.  1.  1.  1.  1.  1. -1. -1.  1. -1. -1.  1.  1.  1. -1.
  -1.  1.  1.  1.  1. -1.  1. -1. -1. -1. -1. -1.]
 [ 1.  1. -1. -1.  1.  1.  1. -1.  1.  1. -1. -1. -1.  1. -1. -1.  1. -1.
  -1. -1. -1.  1. -1. -1. -1. -1. -1.  1.  1. -1. -1. -1. -1.  1.  1.  1.
  -1.  1.  1. -1. -1.  1. -1. -1. -1. -1.  1. -1.  1. -1. -1.  1. -1. -1.
  -1. -1. -1.  1. -1.  1.  1.  1.  1. -1.  1. -1.  1.  1.  1.  1. -1.  1.
   1.  1. -1.  1.  1. -1.  1.  1. -1.  1.  1. -1.]
 [ 1. -1.  1. -1. -1. -1.  1. -1. -1.  1. -1.  1. -1.  1. -1. -1. -1.  1.
   1. -1.  1. -1. -1. -1. -1. -1.  1.  1. -1.  1. -1.  1. -1.  1.  1.  1.
  -1.  1.  1. -1.  1.  1. -1. -1. -1.  1.  1. -1. -1. -1. -1.  1.  1. -1.
   1. -1. -1.  1. -1. -1. -1.  1. -1.  1.  1. -1. -1.  1.  1.  1. -1. -1.
   1.  1.  1.  1.  1.  1.  1.  1.  1.  1. -1.  1.]
 [-1. -1. -1. -1.  1. -1.  1. -1. -1. -1. -1.  1. -1.  1. -1. -1.  1. -1.
   1.  1. -1.  1. -1. -1. -1. -1. -1. -1.  1. -1.  1. -1. -1.  1. -1. -1.
  -1. -1.  1.  1.  1. -1.  1. -1.  1. -1.  1.  1.  1.  1. -1.  1. -1. -1.
  -1. -1. -1.  1.  1. -1. -1.  1. -1. -1. -1.  1.  1. -1.  1. -1. -1.  1.
  -1.  1. -1.  1. -1. -1. -1. -1.  1.  1.  1.  1.]
 [-1.  1.  1. -1.  1. -1. -1. -1. -1.  1.  1.  1. -1. -1. -1.  1. -1. -1.
   1. -1. -1.  1. -1. -1. -1.  1.  1. -1. -1.  1.  1.  1.  1.  1. -1. -1.
  -1. -1. -1.  1. -1. -1. -1.  1. -1. -1.  1. -1.  1.  1. -1. -1.  1. -1.
  -1. -1. -1. -1. -1.  1.  1. -1. -1. -1.  1.  1.  1. -1.  1. -1. -1.  1.
   1.  1.  1. -1.  1.  1. -1. -1. -1.  1. -1.  1.]
 [ 1.  1.  1.  1. -1. -1.  1. -1.  1.  1.  1.  1. -1. -1. -1.  1.  1.  1.
   1.  1. -1. -1.  1. -1. -1.  1.  1.  1. -1.  1.  1. -1. -1. -1. -1. -1.
  -1.  1.  1. -1. -1.  1.  1.  1. -1.  1. -1. -1. -1.  1. -1.  1. -1.  1.
  -1. -1.  1. -1.  1.  1.  1.  1. -1.  1. -1.  1.  1.  1. -1.  1.  1. -1.
   1.  1.  1. -1.  1.  1. -1. -1. -1. -1.  1.  1.]]
-----------------------------------------------
