[[[[ 0.22891967 -0.14861829 -0.32014548  0.05056578 -0.13684021]
   [ 0.23927616 -0.24923148 -0.29601422  0.21065893  0.1151959 ]
   [ 0.3069636   0.239504    0.17067603 -0.06712104 -0.39031995]
   [-0.07536383 -0.14620907  0.12121759 -0.14158506  0.31674966]
   [ 0.39250119  0.38713564  0.13948372  0.00694551  0.00331298]]]


 [[[ 0.37371229 -0.08182873 -0.11517417  0.37145414  0.07689981]
   [-0.11868688  0.35765341  0.16890019 -0.24658209 -0.17067546]
   [-0.30142741 -0.32831168 -0.00160212  0.12342966  0.3424677 ]
   [ 0.31407565  0.0463203   0.06279986  0.28854772  0.13932552]
   [-0.18357464  0.20312397  0.13198912  0.32256276 -0.04072703]]]


 [[[ 0.20233629 -0.3679328  -0.2375768   0.12502335  0.18779455]
   [ 0.12732927 -0.1285311   0.24404544  0.09648332  0.25735204]
   [ 0.36400728  0.22025473 -0.22266607 -0.25651603 -0.17253965]
   [-0.23289101 -0.32083235 -0.08987775  0.01611432 -0.08669711]
   [-0.19008142  0.37876769  0.28627023  0.1985014   0.30171348]]]


 [[[-0.13880943  0.29974646 -0.12530366  0.24369102  0.06310569]
   [ 0.08835346 -0.16866541 -0.17543953  0.05902748  0.36497616]
   [-0.2934853   0.01869441 -0.39269947 -0.23325989 -0.16357866]
   [-0.33939753 -0.02754984  0.31346016  0.17216165 -0.0603318 ]
   [-0.04698847  0.21397521  0.03133679 -0.0681927  -0.11472532]]]


 [[[-0.32514107  0.14906487  0.00926826  0.21776438  0.38523966]
   [-0.15125369 -0.11040234  0.14747476 -0.01775681 -0.299559  ]
   [-0.20371395 -0.22986085 -0.09853027 -0.22840065  0.34542727]
   [-0.13139334 -0.23465282  0.31539664  0.24522127 -0.07910443]
   [ 0.33742578  0.02894907 -0.37953375 -0.23660373  0.38469627]]]


 [[[-0.27749374  0.28469893 -0.04072979 -0.22830675 -0.03815532]
   [-0.09040123  0.08204613  0.11062605  0.08503845  0.19524278]
   [-0.13749521 -0.13358196  0.18858366  0.23572164 -0.06069678]
   [-0.27703589 -0.12019796 -0.0363704  -0.00751746 -0.35048454]
   [ 0.2873575   0.14331758 -0.02936546  0.30255826 -0.32188996]]]][-0.1676139477987206, 0.11925465239193683, 0.0741053955326772, 0.2218726277851299, 0.32038535378494987, -0.3188516264972178]
-----------------------------------------------
[[ 0.14350534  0.2684333 ]
 [-0.22351574 -0.40774619]
 [ 0.37092481  0.04823481]
 [ 0.05981103 -0.18054557]
 [-0.08680575  0.38778814]
 [ 0.36545484 -0.3343402 ]]
-----------------------------------------------
[array([[[-0.14425193, -0.01770313,  0.05172384,  0.11359411,
          0.11612414],
        [ 0.01207326, -0.11317873,  0.06577998,  0.05346468,
         -0.10107546],
        [ 0.00636421,  0.03321363,  0.03315689, -0.09745433,
         -0.0565026 ],
        [ 0.07264279,  0.13557351, -0.06251777,  0.11103298,
          0.07741881],
        [-0.06460589, -0.1179946 , -0.00540352,  0.0722924 ,
          0.06222496]],

       [[ 0.01144188,  0.03676635, -0.00200635,  0.07914123,
         -0.08588815],
        [-0.09778032,  0.14271049,  0.06341645,  0.00959017,
         -0.10870432],
        [ 0.14655986, -0.13927188, -0.07173898,  0.07092494,
          0.03344819],
        [ 0.11257971,  0.14528392,  0.02444578, -0.08888077,
         -0.09486184],
        [ 0.05164354, -0.0949687 ,  0.11035229,  0.12923916,
          0.03863113]],

       [[-0.10464113,  0.0290646 ,  0.14831905, -0.14334092,
         -0.1404248 ],
        [ 0.14741179,  0.12710151,  0.08575593,  0.08445365,
         -0.0348335 ],
        [-0.09211126, -0.06682911, -0.00190402,  0.12702796,
          0.08351316],
        [ 0.05987629,  0.12642432,  0.12258334,  0.04909541,
         -0.13312163],
        [ 0.03247562, -0.00755764,  0.08739739, -0.13398956,
          0.03172935]]])
 array([[[-0.08262415, -0.08172133,  0.03167506,  0.03283336,
         -0.10010408],
        [-0.0265263 , -0.02944997,  0.04767684, -0.02477886,
          0.1390587 ],
        [-0.01708803, -0.1165264 ,  0.03591695,  0.06858562,
          0.03694068],
        [-0.09285722, -0.001196  , -0.08044027,  0.01426578,
          0.09743809],
        [-0.07905007, -0.01264715,  0.01860881,  0.12410379,
         -0.13364586]],

       [[-0.03453615,  0.12381927,  0.0826828 , -0.02521176,
          0.11188787],
        [-0.00665714,  0.12890255,  0.10672149,  0.04547577,
          0.00952522],
        [ 0.05880465, -0.04525363, -0.12356318, -0.0939142 ,
         -0.00661811],
        [ 0.02419602, -0.05876248,  0.00583158,  0.12264408,
          0.053257  ],
        [-0.04582044,  0.05468475, -0.0287753 ,  0.10748196,
          0.07787111]],

       [[ 0.0357014 , -0.10624318, -0.14120788,  0.06073259,
          0.14431989],
        [-0.00344646, -0.0119174 ,  0.0708811 ,  0.11372845,
         -0.04132755],
        [-0.06431281,  0.09129391,  0.1383302 , -0.14278994,
          0.1174053 ],
        [ 0.06003475, -0.14975972, -0.00749687,  0.02933621,
          0.02222682],
        [ 0.10798175,  0.09340632,  0.02598124,  0.12083382,
          0.10341173]]])
 array([[[ 0.05051657, -0.03672059,  0.07211447, -0.08214126,
         -0.04508466],
        [-0.14878598,  0.11571218,  0.00901006, -0.10144934,
          0.01837601],
        [-0.00470572, -0.08941325, -0.14132258, -0.07264603,
         -0.13263245],
        [-0.13718666, -0.00900102,  0.04752292, -0.10162461,
         -0.14955153],
        [ 0.12372756,  0.07761217, -0.1261901 , -0.09149818,
         -0.07589114]],

       [[-0.11929928, -0.03337788, -0.14752833,  0.11837716,
          0.01799552],
        [ 0.11163378, -0.10368865, -0.08110143,  0.10922692,
         -0.00262995],
        [ 0.14196577,  0.09700146,  0.04559521,  0.09983954,
          0.105037  ],
        [-0.01265085, -0.09323275,  0.06948583,  0.01804361,
         -0.026345  ],
        [-0.00103552, -0.08570236,  0.04542058, -0.09725136,
         -0.01870487]],

       [[ 0.14667834, -0.01286673, -0.1077475 , -0.06514667,
          0.05575103],
        [-0.06681407,  0.1194124 ,  0.07930451, -0.04776304,
         -0.09256518],
        [ 0.00473263,  0.12635414,  0.11520913,  0.03743551,
          0.12889471],
        [ 0.06243425, -0.09022822,  0.14026796,  0.08556241,
         -0.07529222],
        [ 0.08035669, -0.05529112, -0.0042868 ,  0.11194507,
          0.08178208]]])
 array([[[-0.13350702,  0.01373765, -0.07292793, -0.0381956 ,
         -0.11381357],
        [ 0.11167953, -0.03164417, -0.02768038,  0.02780292,
          0.06439445],
        [-0.0170345 ,  0.03596226,  0.05182261, -0.11623509,
         -0.11294116],
        [-0.12676353,  0.06206527,  0.06691984, -0.0284372 ,
          0.11503254],
        [-0.02666521, -0.07166117, -0.14647772,  0.09223235,
         -0.05544848]],

       [[ 0.11575731, -0.03391442, -0.06194335,  0.08079921,
          0.02922556],
        [-0.0259188 ,  0.04315667,  0.11074978, -0.06552372,
          0.1091075 ],
        [ 0.09494227, -0.02662145,  0.11612213, -0.06016147,
          0.12255533],
        [ 0.00985825,  0.06985847,  0.0736586 , -0.06487451,
          0.0506345 ],
        [-0.02484297,  0.09569395, -0.10434841, -0.12841967,
         -0.03118141]],

       [[ 0.1362927 ,  0.12834066, -0.00825631, -0.03819122,
          0.1349979 ],
        [ 0.0810886 ,  0.08000741,  0.09651489,  0.08102457,
          0.13544772],
        [ 0.04738018, -0.08696701, -0.06923466,  0.01248463,
         -0.08776875],
        [ 0.09409899,  0.04717929,  0.05233449, -0.09084044,
         -0.14256415],
        [ 0.09639048, -0.06988053,  0.04908785,  0.09769948,
         -0.01506653]]])
 array([[[ 0.03324704,  0.0941561 ,  0.10608006,  0.01755574,
         -0.14376184],
        [ 0.07035373, -0.13572325, -0.03901533, -0.07091311,
          0.0812077 ],
        [ 0.02650682, -0.04974681,  0.04598453,  0.09650143,
          0.06297191],
        [-0.08460124,  0.06101102, -0.11349772,  0.13006579,
          0.02295375],
        [ 0.07284075,  0.03012029, -0.13644392, -0.04218317,
          0.04661166]],

       [[ 0.00577207,  0.00230902,  0.14322046,  0.11832381,
          0.04519383],
        [-0.13312802, -0.12376407,  0.14037822,  0.02199658,
          0.11073497],
        [ 0.02070548,  0.08932343,  0.01141698,  0.13311623,
          0.11398773],
        [-0.03009219,  0.02483689,  0.13886883, -0.06927941,
          0.03828812],
        [-0.07988423,  0.11570055, -0.03918078, -0.08080718,
          0.02843285]],

       [[ 0.00289344, -0.13033348, -0.11897953,  0.14928156,
         -0.07474755],
        [-0.09516638, -0.10351917,  0.09257893, -0.05263362,
         -0.00383552],
        [-0.14651532,  0.03475963, -0.07338145, -0.10436346,
          0.01548854],
        [-0.13081227,  0.09054513, -0.08989297, -0.12745251,
          0.01602229],
        [-0.03559656,  0.14886583,  0.01389645, -0.12397587,
          0.13876494]]])
 array([[[ 0.00878426, -0.13684744,  0.14626858,  0.01379703,
         -0.09393633],
        [-0.13778587,  0.03153395,  0.11220029, -0.05466163,
         -0.01384201],
        [ 0.09815286, -0.11361731,  0.09369635,  0.06103288,
         -0.01181618],
        [ 0.12181169, -0.07968456,  0.04667121, -0.03594993,
          0.07574409],
        [ 0.09873431, -0.06863689, -0.00518328,  0.01730064,
          0.07862281]],

       [[-0.03801312, -0.11967923, -0.14704136, -0.14612276,
          0.03718417],
        [ 0.00821067,  0.14643365, -0.14954796,  0.01955184,
         -0.00955853],
        [-0.13243265, -0.05487061,  0.1295505 , -0.01246515,
          0.03655866],
        [-0.03062329,  0.04458456,  0.00656223, -0.10532964,
         -0.13359124],
        [ 0.00458204,  0.1246712 ,  0.02224152, -0.10673213,
          0.12043382]],

       [[ 0.02561977, -0.07990244,  0.04479568, -0.01449656,
         -0.10364678],
        [ 0.10516988,  0.05236565,  0.00406315,  0.07422317,
         -0.13134013],
        [ 0.08734894, -0.08919325, -0.00736122, -0.05362111,
         -0.04054451],
        [ 0.05006554, -0.09122101, -0.02606112,  0.13759362,
          0.13631271],
        [ 0.06522401,  0.10834205,  0.13066452,  0.05119497,
         -0.02411303]]])
 array([[[ 0.08279525,  0.06614791, -0.04295119,  0.04706327,
          0.10676433],
        [-0.07647066, -0.08403131,  0.0027636 , -0.04288982,
          0.07393875],
        [ 0.0289127 , -0.05056749, -0.10837912,  0.10437238,
          0.10270381],
        [ 0.07644028, -0.00086451, -0.0081976 , -0.03168751,
         -0.04954552],
        [-0.03015153, -0.05801176,  0.00864972,  0.07018861,
         -0.03026597]],

       [[-0.00872565,  0.00315991, -0.0230092 , -0.01749802,
         -0.03853368],
        [-0.05370131, -0.04854947,  0.09061993, -0.10130365,
         -0.00979227],
        [ 0.10175784, -0.05570206,  0.08684262, -0.07184565,
         -0.08674391],
        [ 0.05346419, -0.08075139, -0.03189592,  0.09374122,
          0.10697436],
        [-0.06099017,  0.03089649,  0.0705586 , -0.02042107,
          0.01250144]],

       [[ 0.07760345, -0.05032914, -0.07149945,  0.00778927,
          0.06262601],
        [ 0.09398251, -0.08608255, -0.10180576, -0.08229296,
         -0.08563907],
        [ 0.10966341,  0.03512929,  0.00085302,  0.02024698,
         -0.02888434],
        [ 0.08370815,  0.05763046,  0.05056662, -0.00684316,
          0.11350038],
        [ 0.00832608, -0.07903033, -0.03360769,  0.0502007 ,
         -0.09441229]],

       [[ 0.07135347, -0.05491709, -0.10066613,  0.04680015,
         -0.03696903],
        [-0.04164259,  0.01306763,  0.04442719, -0.07789844,
          0.11237158],
        [ 0.10490688,  0.03555024,  0.05711586, -0.05480279,
         -0.11121352],
        [-0.00541873, -0.02237267, -0.04040656,  0.01061605,
         -0.07998447],
        [ 0.07922573, -0.08816131,  0.1084221 ,  0.0691254 ,
          0.07325752]]])
 array([[[ 0.05833693,  0.06021121, -0.0288912 ,  0.00898957,
         -0.02038522],
        [ 0.03004226,  0.01186059, -0.04737076,  0.09786476,
          0.0604892 ],
        [-0.0061021 ,  0.08183192, -0.10868627, -0.07881506,
          0.04240244],
        [ 0.04028666, -0.10699221, -0.0219616 ,  0.08792334,
         -0.02638444],
        [-0.0007552 ,  0.06359813, -0.02903165,  0.02266844,
         -0.11342506]],

       [[ 0.03278058,  0.0944326 , -0.08322644, -0.02193338,
          0.07329057],
        [-0.09692862,  0.00160742, -0.09920547, -0.08870587,
          0.10782687],
        [ 0.07602839, -0.01380612, -0.0879823 ,  0.09439472,
         -0.06423014],
        [ 0.040353  , -0.07178074,  0.00037519,  0.10193411,
         -0.10819758],
        [-0.05390374,  0.06688544,  0.07444006,  0.07605129,
         -0.03430042]],

       [[ 0.0166849 ,  0.04405221,  0.06681491,  0.0090862 ,
         -0.11038742],
        [ 0.02071635,  0.06043937, -0.00672747, -0.058263  ,
          0.03989392],
        [-0.11102837, -0.04796815, -0.10557777, -0.07310734,
          0.02143321],
        [-0.04971937,  0.02533651, -0.02260749,  0.07725121,
         -0.06576555],
        [ 0.08655456,  0.02495523, -0.07672079,  0.05654569,
         -0.03465255]],

       [[ 0.10214749, -0.05288967, -0.06389353,  0.03724213,
          0.03502545],
        [-0.00636963, -0.05673022,  0.05458655,  0.10847268,
          0.03608452],
        [-0.04925144, -0.00072196, -0.0580193 ,  0.04699771,
          0.02247883],
        [ 0.02520864, -0.01115049, -0.05473446,  0.0101509 ,
          0.07819921],
        [-0.10544235,  0.01324461, -0.09984067, -0.03943057,
          0.100817  ]]])
 array([[[-0.03570526, -0.09286023, -0.08796302, -0.05313637,
          0.03539285],
        [-0.08369625, -0.08795407, -0.00417944,  0.10337651,
         -0.02697453],
        [-0.08309049, -0.11176568, -0.06359271, -0.0865339 ,
          0.04548596],
        [-0.00264341, -0.07161847,  0.05992158, -0.064511  ,
          0.02869816],
        [-0.09709925, -0.11158587, -0.09206893,  0.06092114,
         -0.10795612]],

       [[ 0.05259103,  0.05401102,  0.00268359, -0.02576149,
         -0.11082888],
        [-0.08541578,  0.00419331,  0.04281468, -0.06966651,
         -0.07348252],
        [ 0.08842094, -0.06841042,  0.09625232, -0.0986244 ,
          0.05423826],
        [ 0.00772517,  0.0463661 , -0.0081153 ,  0.02493915,
         -0.01043128],
        [ 0.05304553, -0.07027379,  0.10885235, -0.06565266,
          0.0863377 ]],

       [[ 0.04513517,  0.02081599, -0.10323133, -0.05640989,
          0.01256739],
        [-0.06766223, -0.09047714,  0.05600892, -0.06837297,
         -0.10724813],
        [ 0.00762813, -0.03593117, -0.01614212,  0.09576172,
         -0.03291896],
        [-0.00418934, -0.04033324,  0.00016163, -0.02463604,
          0.06969255],
        [ 0.01878092,  0.0328669 , -0.0452414 ,  0.05201018,
          0.07445549]],

       [[ 0.0437773 , -0.03113321, -0.05326978,  0.06171985,
          0.05746282],
        [-0.06262019, -0.05264876,  0.10348213, -0.10211676,
          0.01731449],
        [-0.06133858, -0.06122037, -0.07617028,  0.05765822,
          0.10431719],
        [-0.04774188, -0.08276043, -0.03003112, -0.01934358,
          0.02423104],
        [-0.0095313 ,  0.10202752,  0.04436389,  0.08463488,
         -0.019817  ]]])
 array([[[-0.01306847, -0.06932797, -0.05013482,  0.01097248,
         -0.06546715],
        [ 0.04226596,  0.04271906,  0.0522036 ,  0.01156196,
         -0.04526306],
        [-0.11397296, -0.04476395, -0.04648679,  0.00290443,
         -0.03843739],
        [ 0.09187452,  0.07379469,  0.08521848, -0.09670715,
          0.02235853],
        [-0.09989913, -0.01848944, -0.03248032,  0.06539475,
          0.00868044]],

       [[-0.00586234,  0.08600291,  0.03024714, -0.09583149,
         -0.08169766],
        [-0.10248716, -0.025447  ,  0.00994387,  0.08771615,
          0.06986009],
        [-0.07807597,  0.01477748,  0.08728167, -0.05405192,
         -0.11344609],
        [-0.08071266, -0.09285268,  0.09003336,  0.08724757,
          0.10707876],
        [-0.06686959, -0.0405254 ,  0.10499392, -0.01078021,
         -0.09355763]],

       [[-0.06494961, -0.01226809, -0.06804449,  0.00266259,
          0.09413916],
        [-0.07777607,  0.02999488,  0.07664987, -0.05964683,
         -0.00231485],
        [ 0.00597146, -0.01483541, -0.02049509, -0.03975316,
          0.07792893],
        [ 0.05935493, -0.07239179,  0.05745089,  0.00711854,
         -0.10781333],
        [ 0.0185867 , -0.08916766, -0.09772839, -0.0520767 ,
          0.11099628]],

       [[-0.10233162,  0.01319755,  0.01738268, -0.02042849,
         -0.0558557 ],
        [ 0.07258078, -0.02572573,  0.09261263, -0.08972909,
          0.04571592],
        [-0.0099587 ,  0.05282415, -0.00954177, -0.0656762 ,
         -0.01187034],
        [-0.06763127, -0.06852144,  0.01789003,  0.02764869,
          0.04178772],
        [ 0.10353021,  0.11170111,  0.05130708,  0.09902463,
          0.03424106]]])
 array([[[-0.06336699,  0.11194364, -0.00936397,  0.06049319,
          0.0599673 ],
        [-0.01903028,  0.06955482,  0.09914489, -0.03837019,
         -0.0313214 ],
        [ 0.09643234, -0.09111558,  0.09246091,  0.09910873,
         -0.10625648],
        [-0.01137286,  0.05287693, -0.05550673, -0.09024943,
          0.08148581],
        [-0.01488791,  0.05832245,  0.003178  , -0.09665132,
         -0.03373124]],

       [[ 0.01459463,  0.07643935, -0.09903418,  0.07414033,
         -0.01233942],
        [-0.042552  ,  0.04532148,  0.09859243,  0.08637862,
          0.04879078],
        [ 0.07910847,  0.00956602, -0.0305479 , -0.08173834,
          0.01539101],
        [ 0.03790075, -0.08521571,  0.11394964,  0.07278721,
          0.09246253],
        [ 0.09417793, -0.04699765, -0.10308897,  0.05350475,
         -0.08914085]],

       [[-0.03936291, -0.05103093, -0.01692083,  0.10358227,
         -0.06900759],
        [-0.01608911, -0.10111559, -0.0795996 ,  0.06411202,
          0.1034407 ],
        [-0.09134203, -0.09798945, -0.10018208,  0.00830362,
         -0.10693288],
        [ 0.00848076,  0.00945067,  0.04726555,  0.03190907,
         -0.00658126],
        [-0.02489762,  0.01010342, -0.0560099 , -0.04507658,
         -0.08699967]],

       [[-0.06084336, -0.11098487,  0.02380041, -0.04515687,
          0.02382144],
        [-0.07406044,  0.10403122,  0.06237112,  0.00928662,
         -0.02686843],
        [-0.00810787,  0.08609841, -0.0920195 ,  0.08348701,
         -0.09669139],
        [ 0.00938727,  0.07334868,  0.05782546,  0.03129581,
          0.00539241],
        [ 0.00783984, -0.00884124,  0.05233996, -0.06193177,
          0.05036934]]])
 array([[[-0.09159849,  0.01549869, -0.0085575 , -0.04884184,
         -0.10457423],
        [ 0.00256089, -0.10430032,  0.00511078, -0.02326831,
          0.11052341],
        [-0.07593128,  0.01152968, -0.02906185,  0.08062012,
          0.03140385],
        [ 0.07379887,  0.06638717, -0.07232563,  0.07662522,
         -0.09277011],
        [-0.00574177,  0.01444517,  0.00213161, -0.04760617,
         -0.05351482]],

       [[-0.10204108, -0.09855754,  0.01438059,  0.00352056,
         -0.09184461],
        [-0.07716685,  0.03991554, -0.04622679, -0.0054493 ,
          0.1136605 ],
        [-0.02793519, -0.0685819 , -0.10901044, -0.06199141,
         -0.07861279],
        [ 0.03302047, -0.09001866,  0.07680465, -0.00129407,
          0.08742076],
        [ 0.0635893 ,  0.03938427, -0.09088671,  0.09584993,
          0.07470255]],

       [[-0.07349466, -0.08885883, -0.04588725,  0.08220626,
          0.05705505],
        [-0.06358982,  0.09805309,  0.11382029, -0.0768995 ,
          0.08849525],
        [-0.04184745, -0.03622799, -0.06715456,  0.10860632,
         -0.09952987],
        [ 0.08520122,  0.05369761,  0.1064287 , -0.01769642,
          0.08997282],
        [-0.04861265, -0.00919535,  0.05639559,  0.05417243,
         -0.09389022]],

       [[-0.08035321, -0.10752715, -0.0842628 ,  0.10759857,
         -0.02608623],
        [-0.0011222 , -0.03097322, -0.06083672,  0.07462247,
         -0.0265791 ],
        [ 0.09753117,  0.08464704, -0.01173498,  0.07578345,
          0.07645937],
        [-0.07234491,  0.0355318 ,  0.06969232, -0.03452358,
         -0.03114564],
        [-0.07694326, -0.11113344, -0.00160452, -0.11287633,
         -0.10348296]]])
 array([[[ 0.03818126, -0.02706325,  0.04686384,  0.10103276,
         -0.00988097],
        [ 0.01856397,  0.00384183, -0.07668862,  0.00755373,
          0.01953171],
        [-0.07946256, -0.02664985, -0.0717575 , -0.01047447,
         -0.04608079],
        [-0.10418669,  0.0489285 ,  0.10161372,  0.05706625,
          0.03941267],
        [-0.04099493, -0.03841853, -0.00854057,  0.0388235 ,
         -0.07648665]],

       [[-0.03975466,  0.09701666,  0.05116718,  0.03362796,
         -0.02543575],
        [-0.04445159, -0.05443216, -0.05957187,  0.09298982,
          0.04270893],
        [ 0.07917809,  0.04734028, -0.06239468, -0.10236333,
         -0.08411779],
        [ 0.06724357,  0.00855901, -0.02231616, -0.02154547,
          0.05915259],
        [ 0.03376156, -0.00156082,  0.1000471 , -0.01753609,
         -0.09823287]],

       [[ 0.06719297, -0.00638664, -0.06636219,  0.02766553,
         -0.10499624],
        [ 0.05839164,  0.1097968 ,  0.06782029, -0.10790523,
         -0.09279419],
        [ 0.10699964,  0.11251797,  0.05186543,  0.03562671,
          0.10601412],
        [-0.06710661,  0.07929873, -0.04469583,  0.00877148,
          0.07686476],
        [-0.04758714,  0.00824737,  0.04333861, -0.02979297,
         -0.10062407]],

       [[ 0.03189199, -0.01426617,  0.09682943, -0.08893021,
          0.00173567],
        [-0.06904751, -0.07296259,  0.09137556,  0.05749428,
         -0.01103551],
        [-0.11196369,  0.10831204, -0.01266128,  0.11368689,
         -0.04766349],
        [-0.04086975,  0.03450023, -0.04937184,  0.04419114,
         -0.07295953],
        [ 0.1092254 , -0.06162404,  0.09429805,  0.11043151,
          0.09765231]]])
 array([[[-0.01798815,  0.00471276, -0.10821976,  0.10650565,
          0.00565695],
        [ 0.11337063, -0.03723938, -0.08278718, -0.04780561,
         -0.0841417 ],
        [-0.05725212, -0.00810613,  0.03269117, -0.05107767,
         -0.09536788],
        [-0.0211403 , -0.09054393,  0.03669045, -0.05826036,
          0.04921364],
        [ 0.01573293,  0.05756478, -0.0148791 ,  0.05518812,
         -0.11133905]],

       [[ 0.03928571,  0.10544613, -0.06622869,  0.02257619,
          0.07510471],
        [-0.09108212,  0.06615002, -0.02113187,  0.04089162,
          0.01901634],
        [-0.02756995,  0.03904862, -0.00635133, -0.07842011,
          0.04568172],
        [-0.03180923, -0.0530821 , -0.08980813, -0.06860395,
          0.01194934],
        [ 0.0223531 ,  0.00901528,  0.01819459, -0.01882937,
         -0.11305941]],

       [[-0.10381615,  0.08223867, -0.02704134, -0.05601303,
          0.00175911],
        [-0.06665083, -0.09162043,  0.08025923,  0.0752528 ,
          0.07731967],
        [-0.09066671, -0.10611306, -0.00246262,  0.04149584,
          0.01364062],
        [ 0.10542839,  0.05822632,  0.07470713,  0.10358253,
          0.08033044],
        [-0.06945227, -0.11383654, -0.0285215 , -0.0438008 ,
         -0.00374139]],

       [[-0.09760686,  0.06552329, -0.06039323,  0.10293151,
         -0.07675064],
        [-0.10990521,  0.0662811 , -0.06028025,  0.07403053,
         -0.04959884],
        [-0.06749541,  0.0691394 ,  0.00907039, -0.0195978 ,
          0.04427181],
        [ 0.01943537,  0.01569817,  0.11379667,  0.11185798,
          0.10666707],
        [-0.10078621,  0.09352207, -0.00474071,  0.00838806,
          0.01779327]]])
 array([[[ 0.06285471,  0.00550581,  0.04289291, -0.03672002,
         -0.06347491],
        [ 0.01939137, -0.03004411, -0.09528719,  0.06485924,
         -0.02575301],
        [ 0.09834116, -0.02366776, -0.01856661, -0.06573243,
         -0.03565117],
        [ 0.08638376, -0.03731109, -0.01191202,  0.08277599,
         -0.04443252],
        [ 0.02881583, -0.017938  ,  0.08777317, -0.04390801,
          0.03996635]],

       [[-0.09392195, -0.0035903 , -0.02013991,  0.06272552,
         -0.03584496],
        [ 0.00723242, -0.01318163, -0.06754039, -0.03156721,
         -0.04378863],
        [-0.08294086, -0.06755388,  0.04380748, -0.08584397,
         -0.00940965],
        [ 0.06223277, -0.03038493, -0.02911913,  0.07061461,
          0.05191644],
        [ 0.0008166 ,  0.09990331,  0.0779712 , -0.09426409,
         -0.08838118]],

       [[ 0.00293194, -0.01531386, -0.04710776, -0.04268486,
         -0.05956657],
        [-0.02286715,  0.04618471, -0.11232501,  0.05387509,
          0.01996321],
        [ 0.10177185,  0.00365842,  0.05802552,  0.00329863,
          0.04065397],
        [-0.02040789, -0.03367214, -0.07064783, -0.05954273,
         -0.03072022],
        [ 0.10520297, -0.03156345,  0.05539872,  0.03528493,
          0.00138864]],

       [[ 0.06308785,  0.02643561,  0.00801742,  0.01192849,
         -0.08222551],
        [-0.05081251,  0.03439048, -0.03932606,  0.0580783 ,
          0.00168441],
        [ 0.11045792,  0.11309262,  0.03204078, -0.03422887,
          0.08117701],
        [ 0.08920237,  0.03771784,  0.10557788, -0.09954968,
         -0.02053268],
        [-0.08920623,  0.06458506,  0.0936427 ,  0.063249  ,
          0.02856439]]])
 array([[[ 0.07424335, -0.03166751,  0.03528442, -0.02164109,
          0.01760152],
        [ 0.03749392,  0.0347845 ,  0.01807235, -0.02689894,
         -0.05591005],
        [ 0.00119315, -0.03459134,  0.06677579, -0.01596578,
         -0.00294334],
        [-0.01822647, -0.02412539,  0.05397931,  0.04998699,
          0.06652883],
        [-0.01697414,  0.01642039, -0.02981183,  0.050418  ,
          0.03573696]],

       [[ 0.02012152, -0.04001782, -0.05639924, -0.00762513,
          0.04675734],
        [-0.00744972, -0.02374838, -0.02558434, -0.03650382,
          0.05302135],
        [ 0.00248678, -0.05091115, -0.06633645,  0.021753  ,
         -0.05700899],
        [-0.06492666, -0.06561414, -0.01979067,  0.05305655,
         -0.02013865],
        [-0.02556258, -0.04475764, -0.00551092,  0.01361044,
          0.02021538]],

       [[-0.03742681, -0.01417778, -0.06224892, -0.01687051,
         -0.00708505],
        [ 0.06781822, -0.04167462,  0.0519061 , -0.07486469,
          0.06100503],
        [ 0.02359555,  0.0139768 , -0.04442809,  0.07638201,
         -0.01861692],
        [ 0.07705512,  0.04085671, -0.06475774, -0.03075187,
         -0.00992638],
        [ 0.02380497, -0.03874913,  0.06143973,  0.04369271,
         -0.06990905]],

       [[-0.02925606, -0.04546508,  0.04058214,  0.02977182,
         -0.02514151],
        [-0.04270275,  0.01928071, -0.01537292, -0.07714774,
         -0.04896196],
        [ 0.02706222, -0.06983016, -0.02605598, -0.06087555,
          0.01908043],
        [-0.02976415,  0.03215769,  0.00513182,  0.06993741,
         -0.00920933],
        [ 0.00260228,  0.05356999,  0.04947427, -0.02411651,
         -0.04917635]],

       [[ 0.03838336,  0.02712021, -0.01148925,  0.04499405,
          0.05584478],
        [-0.07282772,  0.05245536, -0.03286716, -0.00180369,
         -0.07408443],
        [-0.00866815,  0.0236979 , -0.0375484 ,  0.03935172,
          0.01821304],
        [-0.05927152,  0.01361262,  0.01304976, -0.03756667,
         -0.01676721],
        [ 0.01454604,  0.07213476, -0.03399896,  0.00479015,
         -0.01493757]],

       [[ 0.05576442, -0.05846379, -0.04343341,  0.05024254,
         -0.06534764],
        [ 0.05915489, -0.06162188,  0.01496486, -0.01999917,
         -0.0159432 ],
        [ 0.0077524 ,  0.0149061 ,  0.06893501, -0.01505926,
         -0.05912316],
        [ 0.02683116,  0.06541526,  0.00589765,  0.00768991,
         -0.04649376],
        [ 0.07213836,  0.06400177, -0.01157616,  0.02028479,
         -0.00894138]]])][-0.0687127431437219, -0.0336090980185933, -0.02122647408551001, -0.05741033005574683, 0.05741940816586147, -0.1228651753303458, -0.0979317985488363, 0.009101813306712808, -0.04032076701452918, -0.07534484546460689, 0.1077968727596491, 0.10779863373846994, 0.021273332132816777, 0.03088680757627392, 0.09901232091668556, -0.020416648980815744]
-----------------------------------------------
[[-0.07730837 -0.30403409]
 [-0.39312944 -0.14643474]
 [-0.4094017   0.31348567]
 [-0.04176014  0.11757381]
 [ 0.32588405 -0.31914499]
 [-0.4074417   0.0505978 ]
 [ 0.32212422 -0.20174241]
 [ 0.22277645 -0.2885784 ]
 [-0.28402014 -0.42923924]
 [-0.36304125  0.43694369]
 [-0.42169391 -0.17763106]
 [-0.2002054  -0.11977574]
 [ 0.40483806 -0.39086044]
 [-0.32228367 -0.22919901]
 [ 0.26370577  0.11691391]
 [ 0.0935892  -0.04786514]]
-----------------------------------------------
[[[[ 2.31627837e-02 -1.05871022e-02 -2.05654444e-02 -1.98038538e-02
    -1.20052541e-03]
   [-2.46964248e-02  2.68226424e-02 -2.87947125e-02 -1.22576613e-02
     5.05523934e-03]
   [-2.23419086e-02 -1.22057054e-02  2.21605903e-02 -2.54423335e-02
    -1.19207144e-02]
   [ 2.19584147e-02 -2.23307741e-02 -1.37719421e-02 -2.87839230e-02
    -1.83454610e-02]
   [-2.81471045e-03  1.94597654e-02  1.42552552e-02  1.93248312e-02
     2.08243951e-02]]

  [[-5.70156054e-03 -2.26382649e-02 -2.74445798e-04  1.28150622e-02
    -1.21095426e-02]
   [-2.82627275e-02  1.37916901e-02  8.30913958e-03  8.64456915e-03
     1.50689232e-02]
   [-1.52786714e-02 -2.35295106e-02 -1.48594302e-02  5.96713565e-03
    -6.91485360e-03]
   [ 8.46819057e-03  3.44339616e-03  1.77539539e-03 -5.55580586e-03
    -1.24049342e-02]
   [-1.42998258e-03  1.84135035e-02 -1.30970673e-02  1.83132340e-02
    -2.70887084e-02]]

  [[ 1.73270947e-02 -1.25269562e-02  1.55745863e-02 -5.84715867e-03
    -2.42826761e-02]
   [ 2.01181771e-02 -2.43283663e-02  2.70805638e-02 -2.69417093e-03
     1.08585676e-02]
   [-9.45134373e-03  1.08670145e-02  6.50117568e-03  5.41254062e-03
    -1.74337621e-02]
   [-4.57062137e-04  6.56975541e-03 -1.46985605e-02  1.79711742e-03
    -1.74270588e-02]
   [ 1.90554367e-02  4.21792919e-03 -1.43028266e-02 -6.34663863e-03
     7.01606936e-03]]

  ...

  [[-9.41812383e-03 -2.36514448e-02 -1.58157661e-02  3.72310269e-03
     1.78426111e-02]
   [-1.15739868e-02 -2.20177354e-02  1.27772333e-02  1.01551592e-02
    -2.49515903e-02]
   [-2.09336113e-02 -7.55351446e-03  2.05645065e-02  8.42265259e-03
    -2.05838628e-02]
   [ 1.62310401e-02 -2.48398621e-02 -4.11682837e-03 -2.65227634e-02
    -2.24041169e-02]
   [-7.46952706e-03  1.46145310e-02  2.76341422e-02  2.09893369e-02
    -2.09198129e-02]]

  [[-3.41194049e-03 -2.84680333e-02 -2.19541292e-02 -1.93026233e-02
     3.42001817e-03]
   [-8.27691136e-04  1.49809954e-02  1.35030460e-03 -2.53028854e-02
     1.14307688e-04]
   [ 1.49222964e-02  9.03933951e-03  8.74157317e-03  1.84880383e-02
     8.58582937e-04]
   [ 6.58984710e-03 -9.56940578e-04 -2.65327224e-02  1.87365834e-02
     2.87099778e-02]
   [-9.81431823e-03 -1.65628081e-02  2.48838525e-02 -1.32235188e-02
     9.84848992e-03]]

  [[ 1.45324505e-03 -1.29687370e-02 -1.63219034e-02 -4.14346405e-03
    -2.59786555e-02]
   [-1.73428650e-02 -1.07727385e-02  1.10579970e-02  1.28813045e-02
     9.34113481e-03]
   [-1.62322496e-02 -2.06750759e-02 -1.26032848e-02 -1.18704209e-02
     1.38499510e-02]
   [-5.50193577e-03 -8.65526599e-03 -2.67250175e-02 -2.93583518e-02
    -2.53310789e-02]
   [-2.89108140e-02 -2.02824697e-02  2.16002868e-02 -2.92452376e-03
    -2.95368663e-02]]]


 [[[ 1.45011179e-02 -1.93316700e-02  2.68723411e-03  2.56897489e-02
    -2.62296817e-02]
   [ 1.28309412e-02 -3.53366262e-03  1.87776524e-02  2.33501062e-02
    -1.28162808e-02]
   [-6.70429806e-03  8.32142087e-03  1.33722135e-02 -2.65422232e-02
     1.67281059e-02]
   [ 2.60629976e-03 -2.68366336e-02 -2.12994445e-02 -2.25486591e-02
     1.26072576e-02]
   [-4.19333177e-04  1.56408274e-02  2.69605201e-03  2.08518959e-02
     2.49891037e-02]]

  [[-1.53242348e-02  1.61470162e-02  2.42339013e-02 -1.25373326e-02
    -2.03009187e-02]
   [-1.48578474e-02 -1.29629926e-02  1.88367147e-02 -1.17007896e-03
     7.50719659e-03]
   [ 1.41610509e-02 -3.37195706e-03 -5.03915183e-03 -8.20946350e-03
     7.61931436e-03]
   [-2.82260433e-02  5.50317909e-03 -3.86228846e-03  4.76933952e-03
     2.14266931e-02]
   [ 2.60016444e-03 -1.64372481e-02 -1.46334785e-02  1.74535614e-02
     1.44918023e-02]]

  [[-1.11123674e-02  2.57790623e-02  1.00859033e-02  1.36828045e-02
    -1.94229138e-02]
   [-1.39108588e-02 -4.53200648e-03  1.86531590e-02  1.01232404e-02
     1.41789544e-02]
   [-2.93297378e-02 -2.88588181e-03 -8.18243660e-04 -2.92002912e-02
    -1.98725852e-02]
   [ 2.54174110e-02 -1.54855825e-02  2.62636307e-02  2.94542123e-02
    -1.15455303e-03]
   [-1.33066008e-02 -2.03057171e-02 -6.04891214e-04  5.59916842e-03
    -9.94889993e-03]]

  ...

  [[ 8.49411940e-04  2.29045738e-02 -1.37003700e-02 -2.01509688e-02
     2.18908025e-02]
   [ 1.83002713e-02  2.50261144e-02 -2.04831309e-02  1.60220506e-02
     1.36505574e-02]
   [-2.51718660e-02 -2.39785145e-02 -1.59231296e-02 -1.09610973e-02
    -3.63940151e-03]
   [ 9.27201442e-03 -1.28861424e-02  1.93800245e-02  1.06718863e-02
    -1.65835504e-02]
   [ 1.19423261e-02 -2.72987340e-02  2.79965544e-02  1.47115649e-02
     2.73892760e-02]]

  [[ 8.32110851e-03 -4.68104043e-03  2.45653530e-02 -1.65123461e-02
     2.14299385e-02]
   [-7.31008210e-04  1.33208992e-02  3.00773213e-03  1.20422834e-02
     8.84177673e-03]
   [-1.50935019e-02 -2.75304243e-02  1.62963455e-03  2.61694428e-02
    -2.02328447e-02]
   [ 9.87522852e-03 -1.03777374e-02  1.59210318e-02 -2.89645099e-02
    -2.82635725e-02]
   [ 2.65305616e-02 -1.10121928e-02 -2.01844810e-02  2.71826945e-03
    -1.23725487e-02]]

  [[ 1.69889238e-02  1.31576721e-03 -2.14663260e-02  1.28365720e-02
     1.27621265e-02]
   [ 1.39881423e-02  2.04591211e-02 -2.87398656e-02  1.76541632e-02
    -8.01972536e-03]
   [-1.50206369e-02  2.46621041e-03  5.46241065e-03  1.31898569e-02
    -1.04541261e-02]
   [ 1.96135667e-04 -2.53732934e-02  2.69022539e-02 -2.10563381e-02
     1.20891759e-02]
   [-1.43477974e-02 -2.63982557e-02 -4.39005985e-03  9.40072051e-04
     1.81728799e-02]]]


 [[[-2.20196294e-02 -7.55568519e-04 -2.56543344e-02 -2.38413416e-02
     4.69498755e-03]
   [ 2.37263010e-02  1.69775931e-02 -1.60458640e-02 -2.67673247e-02
     5.39409304e-03]
   [-7.53375039e-03  3.49630924e-04 -1.59222024e-02 -2.81226543e-02
     2.61456062e-02]
   [-2.93875210e-02 -1.92675483e-02 -5.23131343e-03  1.12227081e-02
     3.18200065e-03]
   [-2.53542492e-02  7.03917071e-03 -9.66023862e-04 -2.89374302e-02
    -2.72915874e-02]]

  [[ 2.07108235e-02 -7.87208810e-03  2.09284977e-02  2.40292933e-02
     8.25983741e-03]
   [ 5.91154377e-03  2.07347832e-02 -2.92085323e-02  1.38812761e-02
     1.48675758e-02]
   [-2.00905650e-02  1.20850029e-02 -2.47081689e-02  2.08925811e-04
    -1.89470992e-02]
   [ 4.99307321e-03 -1.82756596e-02  2.04176581e-02  3.55849715e-04
    -2.53381322e-02]
   [-1.35881705e-02 -1.24239953e-02 -2.52220622e-02  1.31991509e-02
     1.28463410e-02]]

  [[-6.62117326e-03 -1.66301794e-02 -1.14156989e-02 -1.52633098e-02
     2.50471628e-02]
   [ 2.92398528e-02  1.85563707e-02  4.93114050e-03  1.69053298e-02
     2.08504732e-03]
   [-8.33166218e-03 -1.20834210e-02  2.29042612e-02  6.27765454e-04
    -6.68224334e-03]
   [-1.62506795e-04 -2.68609942e-02  1.28239185e-02  9.00765614e-03
    -1.77127580e-02]
   [ 1.16367842e-02 -2.30975844e-02  7.56389578e-03  1.45817933e-02
     2.78691433e-02]]

  ...

  [[-8.35016361e-03 -1.93359468e-02  1.29312474e-02  1.29120110e-03
     1.36403481e-02]
   [-2.03284799e-02  1.13730705e-02  1.77565749e-02  1.65034783e-03
    -1.68627307e-02]
   [ 2.32607701e-02  1.65568170e-03  6.50926148e-03  1.89029786e-02
    -2.89788716e-02]
   [ 2.28910558e-02 -6.68708263e-03 -8.56902955e-03  7.94594931e-03
     1.96123922e-02]
   [-9.85650719e-03 -2.44366955e-02 -1.65807728e-02  9.92040281e-03
    -1.79660000e-02]]

  [[-2.59457552e-02  2.01141360e-02  1.59054108e-02  1.90536964e-03
     3.32254279e-03]
   [-2.60473144e-02 -2.76712748e-02  1.16735440e-02  2.63041981e-02
     1.84366197e-02]
   [ 2.43431969e-02  9.05478246e-03  2.91141286e-02  1.68040521e-03
    -2.63598682e-02]
   [ 1.48315899e-02 -2.13467629e-02 -1.27369964e-02  2.49598613e-02
    -1.09670807e-02]
   [-1.51515922e-02  1.95849433e-02 -2.04412871e-02 -5.19981842e-03
     1.04885775e-02]]

  [[ 2.89038816e-02 -1.27521653e-03 -1.05356594e-02 -5.06410260e-03
    -2.37764483e-02]
   [-1.25020744e-02 -1.99431287e-02  1.45245598e-02 -1.09022215e-02
    -1.42449829e-02]
   [-2.38336177e-02  1.30344137e-02 -1.01803491e-02 -2.57910064e-02
    -1.03282063e-02]
   [ 1.52052156e-03  2.22857260e-02 -1.54916631e-02 -2.06260661e-02
    -1.19797806e-02]
   [-8.33577074e-03  2.40815098e-02  2.87507230e-02 -6.47165993e-03
     5.79654631e-03]]]


 ...


 [[[-1.52106135e-02 -1.97760323e-02 -2.32103767e-02 -4.19037010e-03
    -1.76578298e-02]
   [-1.83516521e-02 -6.13329672e-04 -9.10216087e-03 -1.47026353e-02
     2.42899684e-03]
   [ 2.45898863e-02 -1.72155429e-02  1.30620926e-02  2.66182025e-02
    -2.13202073e-03]
   [-2.31766402e-02 -1.86820257e-02 -1.58911408e-02  1.82120841e-02
     2.46857623e-02]
   [-1.59234214e-02  2.62075671e-02 -1.69297000e-02 -2.52814642e-02
    -7.43162558e-03]]

  [[ 1.57898649e-02  9.12834059e-03 -3.67609301e-03  1.23434435e-02
     2.65630344e-02]
   [ 1.16974401e-02 -7.99764509e-03 -2.62617990e-02 -2.32950790e-02
    -1.06427033e-03]
   [ 1.24689094e-02 -2.57915013e-02 -2.72526927e-02 -1.67087253e-02
     2.78595235e-02]
   [ 2.43754626e-02 -2.48334974e-02 -2.73875381e-02 -2.62304834e-02
    -2.22229978e-02]
   [-2.15847391e-02  2.36848665e-02 -2.16925828e-02  1.66754168e-02
    -1.54428550e-02]]

  [[ 2.24236074e-03  4.25967695e-03 -7.01956534e-04  1.80078542e-02
     4.82139385e-03]
   [ 1.16385525e-02  1.21401181e-02  2.36284162e-02 -7.90249848e-03
    -1.29005655e-02]
   [-6.94171771e-04  1.79347018e-02 -1.70588486e-02 -3.20456233e-04
     1.75837053e-02]
   [ 2.68952136e-02  1.78541461e-03 -8.59413162e-03  7.97219565e-03
     2.88569945e-02]
   [-2.11640439e-02  1.92999162e-02  1.86466149e-03  9.91778696e-03
    -1.39893415e-02]]

  ...

  [[-9.63354576e-03 -1.56906648e-02 -2.83276985e-02 -2.32062750e-02
    -2.19722485e-02]
   [-2.16191157e-02 -2.17715037e-02  1.47290201e-02 -2.36408592e-02
     6.88627147e-03]
   [-2.28906689e-02  1.66710043e-02 -2.02944862e-02 -2.85642540e-02
     5.12762985e-03]
   [-2.33630834e-03 -1.73268434e-02  2.59432415e-02 -1.30651012e-02
    -6.92842036e-03]
   [-1.50488521e-02 -7.85131931e-03 -2.60515711e-02  2.57337879e-02
    -2.07690264e-02]]

  [[-1.05712533e-02 -6.33606660e-03 -5.09312764e-03  1.12224565e-02
     2.81734986e-02]
   [ 1.14484033e-02  3.37921474e-03  1.41074457e-02 -2.93349224e-02
    -1.60270457e-02]
   [ 1.25554246e-03  9.26697942e-03 -2.16317416e-02  1.18115477e-03
     5.31678152e-03]
   [-2.22631843e-02 -2.93565983e-02 -3.20630305e-03  4.06564596e-03
     2.91197923e-02]
   [-6.36493771e-03 -1.53936000e-02 -3.25892401e-03  2.28097925e-02
     2.00362356e-02]]

  [[ 2.40818407e-02 -2.05460605e-02 -8.08908570e-03  3.37607953e-03
     1.13336325e-02]
   [-2.43574237e-02 -2.36013598e-02 -2.71983199e-02 -9.32216869e-03
    -2.87063917e-02]
   [ 2.24755215e-02 -1.00000977e-02 -1.43690004e-02 -7.60700159e-04
    -2.24027093e-02]
   [ 1.56379354e-02  2.41620064e-02 -1.89160312e-02  2.50288440e-02
     1.26211616e-02]
   [-2.45085425e-02 -1.37869601e-02 -9.05226298e-03  1.64377543e-02
    -6.40709090e-03]]]


 [[[-7.70215452e-03  2.79248613e-03 -2.12208478e-02 -1.62611795e-02
    -2.08503448e-02]
   [ 1.58508697e-02 -1.32382101e-02  5.89266743e-03  2.47055524e-02
     6.68616926e-03]
   [ 1.42947064e-02  1.18338490e-02  1.83124795e-02 -5.97210918e-03
    -2.72302298e-02]
   [-2.61830382e-02 -1.28039890e-03 -2.85497303e-02  6.95753946e-03
     2.89721178e-02]
   [ 1.88232332e-03 -1.22102596e-03  5.77048913e-03  2.11828373e-03
    -2.26738711e-03]]

  [[-1.05144396e-02 -2.49994657e-02 -2.57398253e-02  2.71392157e-02
    -1.52432491e-02]
   [ 2.17489756e-02 -1.21079058e-02  2.88409965e-02 -1.84080410e-02
    -6.23156863e-03]
   [ 1.76210232e-02  1.71922351e-02  2.04555494e-02 -2.53764983e-02
     1.96466576e-02]
   [ 1.81084767e-02  1.66054423e-02 -8.88827269e-03 -2.44009514e-02
    -2.21905280e-02]
   [ 1.30238581e-02 -1.90262794e-02  3.67369215e-03 -2.07929205e-02
     9.61905190e-03]]

  [[-3.29602721e-03  6.82152954e-03  1.70121360e-03  1.71830765e-02
     1.36816603e-02]
   [-3.73198205e-03 -2.67486176e-02  2.42993329e-02 -8.31724162e-03
    -4.89571118e-03]
   [ 1.59297906e-02 -1.62229288e-02 -2.77607792e-02 -9.55709441e-03
     2.03853664e-02]
   [-2.01681285e-02 -6.51118409e-03 -1.75836171e-02 -1.05949704e-02
     8.25836019e-03]
   [ 2.87923025e-03  2.33471571e-02  1.20687058e-02  1.67442670e-02
    -2.73076649e-02]]

  ...

  [[-2.90429318e-02  2.40204150e-02 -4.59157829e-04  2.40869441e-02
     1.72839711e-02]
   [ 2.74886397e-02 -1.71688147e-02 -1.52265382e-02 -1.90082490e-02
     1.32164224e-02]
   [ 2.03663261e-02 -1.42924195e-02 -3.85479451e-04  6.18329351e-03
     1.05394083e-02]
   [-1.35672121e-03  1.20451718e-02  2.53697738e-02 -2.10313169e-02
    -3.05991303e-03]
   [ 2.91126158e-02  7.56382048e-03 -1.72925733e-02  1.89349536e-02
    -1.19092639e-02]]

  [[ 1.48256549e-02  1.16736577e-02 -2.42163113e-02 -2.67344452e-02
    -1.85564023e-02]
   [-2.36330284e-02 -1.85592750e-02 -1.43560526e-03  6.30587856e-03
     1.16898050e-02]
   [ 3.62162921e-03  6.08121667e-03 -1.93189350e-02 -2.47367898e-02
     2.59419186e-02]
   [ 1.60356684e-02 -1.82077349e-02 -2.55943127e-02  1.32270000e-02
    -1.04616686e-02]
   [-1.84268833e-02 -2.06654675e-02  2.76830246e-03  1.73302911e-02
     1.50136158e-02]]

  [[-2.50136533e-02  1.93398166e-02 -1.57992129e-02 -1.22148253e-02
     8.89534479e-03]
   [ 1.92597624e-02  1.60723118e-02 -1.80426725e-02 -6.56758649e-04
    -1.43739971e-02]
   [-1.88234024e-02 -3.36248704e-03 -7.94751188e-03 -2.66064146e-02
    -2.65956121e-02]
   [-2.76819077e-02  9.26610789e-03 -2.20949978e-02  2.22047381e-02
     1.15602620e-02]
   [-1.32680453e-02  8.64353739e-03 -1.98154783e-02 -8.57981345e-03
     2.05784151e-02]]]


 [[[ 8.27077599e-03  2.09719274e-02 -8.90779161e-03  6.60259731e-03
    -2.03311932e-02]
   [-6.49133390e-03  1.90319197e-02 -2.75782730e-02  1.20559800e-02
     2.79636602e-02]
   [ 7.68656604e-03 -1.67567648e-02  2.46417428e-02  1.33004055e-02
     1.30028709e-02]
   [ 2.73608958e-03 -6.41490386e-03 -1.96574623e-02 -5.19890948e-03
    -1.13995821e-02]
   [ 2.33500447e-03 -2.64018448e-02 -4.85379343e-04  2.28386872e-02
     1.28653664e-02]]

  [[ 1.70120458e-02  4.61493835e-03 -2.57116416e-03 -4.39931066e-04
    -2.57579957e-02]
   [ 1.45697487e-02 -1.21447172e-02 -1.21646780e-02  5.73921779e-03
    -2.29803383e-02]
   [ 3.05335874e-04  2.38234805e-02 -1.68844317e-02  2.38878512e-02
    -9.86395633e-03]
   [-2.72535992e-02  1.84182074e-03  1.39050166e-04  1.68662928e-02
     1.10110283e-02]
   [ 1.63606980e-02  2.26175068e-02 -5.81823365e-03  2.79176649e-03
     1.44632152e-02]]

  [[ 4.60442130e-03 -1.68373431e-02  1.76139003e-02  1.53302828e-02
     1.54239059e-02]
   [ 2.31955233e-02  6.85358373e-03 -2.55408076e-02 -5.08864109e-03
    -2.11361072e-02]
   [ 1.71065748e-03  2.84762507e-02 -5.30112943e-03  1.64520530e-02
    -2.66494075e-03]
   [-2.04086792e-02 -3.66455614e-03  6.19171100e-03 -7.26265390e-03
     1.12105059e-02]
   [-1.39909167e-02 -4.28520258e-03  6.02895792e-04  8.92479959e-03
     9.10496895e-03]]

  ...

  [[-2.50293827e-03 -3.97682420e-03 -5.28091794e-03 -2.59523174e-02
    -1.14341839e-02]
   [-1.03265471e-03  1.57077565e-02  1.06526564e-03  1.54990024e-02
     1.88633447e-02]
   [-6.72506857e-03  3.79912751e-03  9.80471535e-03  1.71842707e-02
     2.82736615e-02]
   [-8.35525974e-03 -2.60090559e-03 -1.41638410e-02  2.13212501e-02
     1.33007026e-02]
   [ 2.42410304e-02 -4.66883414e-03  2.00379069e-02  2.28928263e-02
     2.12546010e-03]]

  [[-1.19604382e-03 -1.98765879e-02 -1.68856298e-02 -1.50443153e-02
     2.20842382e-02]
   [ 2.70490496e-02 -1.32470861e-02  2.66618638e-02  2.59906155e-02
     1.72220300e-03]
   [ 1.70802189e-02  1.49747047e-02 -3.07653732e-03 -8.06323922e-03
     6.39917443e-04]
   [ 2.38206431e-02  1.38950524e-02 -2.22914161e-02  8.31113027e-03
    -5.25180172e-03]
   [-1.79222741e-02  2.31090807e-02  1.79930413e-02  9.89708135e-03
     2.08454976e-02]]

  [[-2.12205737e-02  1.84720853e-02 -1.11867674e-02  2.34850234e-02
    -2.31097283e-02]
   [ 2.41180292e-02 -1.13443201e-02 -2.33493324e-02  4.00334211e-03
    -1.83742048e-05]
   [ 1.04091513e-02  1.25505041e-02  1.01655399e-02  1.19428212e-02
     1.56028501e-02]
   [ 1.32455557e-04 -1.98625320e-03 -2.37490178e-03  1.28612979e-02
     2.60974164e-02]
   [ 2.75651624e-02 -6.93574793e-03  1.72136724e-02  1.01912254e-03
     9.60590983e-03]]]][-0.012935527383390093, 0.009967158572932924, -0.006038253550918395, 0.0010789916986367575, 0.009943816957219822, -0.02691539875809699, 0.02096521547227709, -0.004696116467942286, 0.002807847781961862, 0.02016908786364723, -0.019549286658587572, 0.021938419803408136, -0.005518078694841267, -0.017740803778646883, -0.00962511394805949, 0.018341282170658082, -0.01198871569257046, 0.025029522261159638, -0.022281765671331784, -0.008241723193851472, 0.001836746567864287, 0.015223922319492402, -0.016535299569006, -0.0026537593405134043, 0.015847504025999926, -0.011557067342869605, -0.015878752941387828, -0.011535987278913435, -0.012709847640327121, 0.026397311333115642, 0.0026279767887135187, -0.00555509800757872, -0.003828346778120304, -0.020127621280357194, -0.003795055103801164, -0.014256072485825647, -0.010387418291035282, -0.024780781922823916, -0.008673792013081813, -0.017559143953070122, 0.0011143322710690622, 0.01722482678500709, -0.023685640854971143, -0.020538005753990687, 0.013157805617973823, -0.02409667041607038, -0.018059975029070037, -0.02599452561920731, -5.343428807834741e-05, 0.008039996514735848, 0.027612002355859862, -0.012203891912833064, -0.023704660063656048, 0.005451259955938637, 0.009503075449560614, 0.0002994174370939684, 0.020356213097206578, -0.023150262608205976, 0.024437082181884614, 0.019654192122185495, -0.023769754841875004, -0.004185932024403448, 0.007362544148600606, -0.000621376171068961, -0.025028833582723613, -0.027488724363765756, 0.021346633983055734, 0.02140799026409017, -0.007192590119438836, 0.014439084271353372, 0.004278266626364855, -0.019546875077515756, 0.02463112301659551, 0.02075766759785676, -0.006399030302152081, 0.019233920731764085, -0.01962773458668294, 0.015351217486124263, -0.02892323191436662, 0.01772067341760866, 0.022427426789106603, -0.017396934471752074, 0.001852567493915807, -0.014015365497895706, -0.023426452638201638, 0.009498034960121308, -0.017443924795910157, -0.01725182980408932, 0.008979671360712978, 0.005695134772208819, 0.02638971881480268, -0.018448977013614448, 0.0013659250853848628, 0.004008647283251423, 0.025669025611238776, -0.01946378796374411, -0.00011711060148634697, 0.014042491287907969, -0.011598017676799587, 0.0017827180204736844, -0.026472411402050616, 0.017554029455182602, -0.02128627892926202, 0.002465797608145092, 0.005423632906832666, -0.0011130994359378789, -0.01605788537413702, 0.02105318815924324, 0.015745280350852157, 0.018036931264460324, -0.004130486551908088, 0.01792717044989017, -0.0018451949254933743, -0.02323850445524406, -0.02586018011519372, 0.00548493931012559, -0.020360612574372675, 0.02069686226744923, 0.023571059992888988, 0.012317839595621983]
-----------------------------------------------
[[ 0.01060868 -0.01409585 -0.01914855 ... -0.01238189  0.00075491
  -0.00658765]
 [ 0.01579308  0.00576113  0.00655013 ... -0.00081392  0.0061846
   0.01694434]
 [-0.0110249   0.00658958 -0.00145934 ...  0.0139508  -0.01912235
  -0.01551161]
 ...
 [ 0.0051606   0.01557626  0.01104108 ... -0.00917004  0.0036596
  -0.00492741]
 [-0.00908612 -0.01934633  0.01462924 ... -0.0148181   0.01427223
   0.01265431]
 [-0.01281694  0.00848103  0.00729878 ... -0.01615217  0.00927275
   0.01439042]][ 5.38532658e-03  1.28707875e-02  1.73838980e-02 -1.18946746e-02
  1.52369994e-02 -1.60865655e-02 -2.86281805e-03 -5.22650564e-05
 -6.81186121e-03 -1.47359471e-02  1.89296950e-02 -1.16915803e-02
 -1.38424130e-02 -1.64568030e-02 -1.08375319e-02  1.36054340e-02
 -4.12081779e-03  1.75088405e-02  6.53379253e-03  3.76352154e-03
  7.34427034e-03  1.08252003e-02 -4.45179570e-03  1.49990459e-02
 -1.10169088e-02  7.04653294e-03 -1.52834232e-02 -6.82766148e-03
  8.07608096e-03 -3.07865669e-03  1.20881806e-02  1.69072923e-02
  3.85930363e-03  1.22420459e-02 -1.56412537e-02 -9.89684861e-03
 -8.05008468e-03  3.52369018e-04  1.45390367e-04  9.24437577e-03
 -3.37599192e-03  8.98167587e-03 -1.59547226e-02 -5.22681672e-03
 -1.50485786e-02 -4.66109382e-03 -2.05132421e-03 -1.82036487e-02
  1.02371847e-02  1.48644456e-03  1.79025796e-02 -1.75606449e-02
  9.10530477e-03  7.10131644e-03 -1.61049326e-02  1.62658621e-02
  9.10920968e-03  9.59221344e-03  8.99659397e-03  7.29217304e-03
 -1.86128015e-02 -1.09070001e-02 -1.31160364e-02 -1.70023640e-02
  3.08107235e-04 -1.35509050e-02  1.81849259e-02 -1.10836828e-03
  2.62287205e-03  4.61440141e-03 -1.44904344e-02 -7.65703405e-03
 -1.43276351e-02 -6.88301529e-03 -9.31228794e-03 -1.03227829e-02
  1.02001392e-02  4.23016446e-03  5.34350209e-03 -1.45853905e-02
  7.16102505e-03 -1.91355869e-02  1.26581929e-04 -1.69998898e-02]
-----------------------------------------------
[[-1. -1.  1. -1. -1. -1. -1.  1.  1. -1.  1.  1.  1.  1. -1.  1. -1.  1.
   1.  1.  1. -1.  1.  1. -1.  1.  1. -1. -1.  1.  1. -1.  1.  1.  1.  1.
  -1.  1.  1. -1.  1.  1. -1. -1.  1.  1.  1. -1. -1. -1.  1.  1.  1.  1.
   1. -1. -1. -1.  1.  1. -1.  1. -1.  1. -1. -1. -1.  1. -1.  1. -1.  1.
   1. -1. -1. -1. -1. -1. -1.  1.  1.  1. -1.  1.]
 [ 1. -1.  1. -1.  1.  1.  1.  1.  1. -1.  1. -1.  1. -1.  1. -1. -1. -1.
   1.  1. -1. -1.  1.  1.  1.  1.  1.  1. -1. -1. -1.  1.  1.  1. -1. -1.
  -1. -1.  1. -1. -1. -1. -1.  1.  1.  1.  1.  1. -1.  1.  1.  1. -1. -1.
  -1. -1.  1. -1. -1. -1. -1.  1.  1.  1.  1. -1. -1. -1.  1.  1.  1.  1.
   1.  1.  1. -1.  1.  1. -1. -1.  1. -1. -1. -1.]
 [-1.  1.  1.  1.  1. -1.  1. -1. -1. -1.  1. -1.  1.  1.  1.  1. -1.  1.
   1. -1.  1.  1. -1.  1.  1. -1. -1. -1. -1.  1. -1.  1. -1. -1. -1. -1.
  -1. -1. -1. -1. -1. -1. -1.  1. -1.  1.  1. -1.  1.  1. -1. -1.  1.  1.
  -1. -1.  1.  1.  1.  1. -1. -1. -1.  1. -1. -1. -1.  1. -1. -1. -1.  1.
  -1. -1.  1.  1. -1. -1. -1. -1. -1.  1.  1. -1.]
 [ 1.  1. -1.  1. -1.  1.  1.  1. -1.  1. -1.  1. -1. -1.  1.  1. -1.  1.
  -1.  1.  1. -1.  1.  1.  1.  1. -1. -1.  1.  1. -1.  1. -1. -1. -1. -1.
  -1. -1.  1.  1.  1.  1. -1. -1. -1. -1. -1. -1.  1. -1.  1.  1.  1. -1.
  -1. -1.  1.  1. -1. -1.  1. -1. -1.  1.  1. -1. -1.  1.  1.  1. -1.  1.
   1.  1.  1. -1. -1. -1.  1.  1. -1.  1.  1.  1.]
 [-1. -1.  1.  1. -1. -1. -1. -1. -1.  1.  1.  1. -1. -1. -1. -1. -1.  1.
  -1.  1.  1. -1.  1. -1.  1.  1.  1.  1.  1.  1.  1.  1.  1.  1. -1. -1.
  -1.  1.  1.  1.  1.  1.  1.  1.  1.  1.  1. -1.  1.  1.  1.  1. -1. -1.
   1.  1. -1.  1. -1. -1. -1.  1.  1.  1. -1.  1. -1. -1. -1. -1.  1. -1.
   1. -1. -1. -1.  1.  1. -1.  1.  1.  1.  1.  1.]
 [-1.  1.  1.  1. -1.  1.  1. -1.  1.  1. -1.  1. -1. -1.  1.  1. -1.  1.
   1.  1. -1. -1. -1.  1.  1.  1.  1. -1. -1.  1. -1. -1. -1. -1.  1.  1.
   1.  1.  1.  1.  1. -1. -1.  1. -1. -1.  1. -1. -1.  1.  1.  1. -1. -1.
   1.  1.  1. -1. -1.  1. -1. -1. -1. -1.  1.  1. -1.  1.  1. -1.  1.  1.
  -1. -1. -1. -1.  1. -1. -1.  1.  1. -1.  1.  1.]
 [ 1.  1. -1. -1.  1. -1. -1.  1. -1. -1.  1.  1.  1. -1.  1.  1. -1.  1.
  -1.  1. -1. -1. -1. -1. -1. -1.  1. -1. -1.  1. -1.  1.  1. -1. -1.  1.
   1.  1.  1. -1.  1. -1.  1.  1. -1. -1.  1. -1.  1. -1.  1. -1.  1.  1.
   1.  1. -1. -1. -1.  1. -1. -1.  1.  1. -1.  1.  1.  1.  1.  1.  1. -1.
  -1. -1.  1. -1. -1.  1. -1.  1.  1. -1.  1.  1.]
 [ 1. -1.  1. -1.  1. -1. -1.  1. -1. -1. -1. -1. -1. -1.  1. -1.  1. -1.
   1.  1.  1. -1.  1. -1. -1. -1.  1. -1.  1.  1.  1. -1. -1.  1. -1. -1.
   1. -1.  1. -1. -1. -1. -1.  1. -1. -1.  1. -1.  1. -1.  1.  1.  1.  1.
  -1.  1.  1. -1.  1. -1. -1. -1. -1.  1. -1.  1.  1. -1. -1. -1. -1. -1.
  -1.  1. -1. -1. -1.  1.  1. -1.  1. -1. -1.  1.]
 [-1. -1. -1. -1. -1.  1.  1. -1.  1.  1.  1. -1. -1.  1.  1.  1.  1.  1.
   1. -1.  1.  1.  1. -1.  1. -1.  1. -1. -1.  1.  1.  1. -1. -1. -1. -1.
  -1.  1. -1. -1.  1. -1. -1.  1. -1. -1.  1. -1. -1. -1. -1.  1. -1.  1.
   1. -1. -1. -1. -1. -1. -1. -1. -1. -1.  1.  1.  1. -1. -1. -1. -1.  1.
   1. -1. -1. -1. -1. -1. -1.  1. -1.  1.  1.  1.]
 [ 1.  1.  1.  1. -1. -1. -1. -1.  1. -1.  1. -1.  1.  1.  1. -1. -1.  1.
  -1. -1. -1.  1.  1.  1.  1.  1. -1. -1.  1.  1.  1. -1. -1. -1.  1. -1.
  -1.  1. -1.  1. -1. -1. -1. -1.  1. -1. -1. -1. -1. -1. -1. -1. -1. -1.
  -1.  1. -1. -1.  1.  1. -1.  1.  1.  1.  1.  1. -1. -1.  1. -1.  1. -1.
   1.  1.  1. -1.  1. -1. -1.  1. -1.  1. -1.  1.]]
-----------------------------------------------
