[[[[-0.37603533 -0.0437144   0.3449309  -0.34364915  0.32012128]
   [ 0.26818861  0.01312887  0.34236854  0.17353526 -0.07736606]
   [-0.08121395 -0.06636713 -0.36830169 -0.29270565 -0.32995319]
   [-0.03831558 -0.05833858  0.30003427 -0.03114831  0.18996602]
   [ 0.19210634 -0.31319857  0.04688642 -0.0889561  -0.22223038]]]


 [[[ 0.10444999  0.20887499 -0.09121711  0.1744643  -0.32645002]
   [ 0.2495126  -0.30554588 -0.14687465 -0.1869689  -0.20708995]
   [ 0.00401571  0.27828966 -0.35092757  0.10423559 -0.15036333]
   [-0.24292175  0.33701743 -0.01196333 -0.11368049 -0.17695438]
   [-0.07115459  0.39630403 -0.16210732  0.34777478 -0.04236679]]]


 [[[ 0.14462099  0.08220333  0.30809276  0.37873844  0.38915547]
   [-0.08596827  0.0875299  -0.13339188  0.18260295 -0.23730593]
   [ 0.0491344   0.26852732  0.26179822  0.13330329 -0.39009195]
   [-0.05095937 -0.32322266  0.04160322 -0.06283443  0.00849359]
   [ 0.22858333 -0.18777339  0.29876006 -0.24499301  0.27680988]]]


 [[[ 0.14022323  0.26716783  0.24467587  0.3443392   0.30380496]
   [-0.37639574  0.02640671  0.1432311  -0.1770247   0.0771612 ]
   [-0.31412213  0.12835992  0.3105658   0.10358166  0.10641988]
   [-0.02531151 -0.26770224  0.19469486 -0.39222389 -0.24981269]
   [ 0.02269482 -0.34301962  0.30991707  0.09757245  0.30900962]]]


 [[[-0.14321469  0.38115903 -0.14969027 -0.02150958  0.07872276]
   [ 0.31186841  0.35590186  0.18340518 -0.28833445  0.1278744 ]
   [-0.00953114 -0.27640676  0.04272292  0.15732774 -0.21671257]
   [ 0.14999791 -0.32752412  0.20600588 -0.10146551 -0.35325768]
   [ 0.21461661  0.28265873 -0.12773648  0.13204428  0.05739356]]]


 [[[ 0.20272292 -0.35305892 -0.34966165 -0.34113997 -0.28155699]
   [ 0.15607533 -0.02941925  0.08449415  0.34606017  0.38962865]
   [ 0.26729257  0.33265863  0.07525585 -0.38981054  0.04857425]
   [-0.04817467 -0.13432954 -0.07697877  0.01703671 -0.2883932 ]
   [-0.1897094   0.34702485 -0.29555297 -0.25984072 -0.27889771]]]][0.32141056873867374, 0.3188919830195453, -0.34411059553874646, 0.37862139035248926, -0.3376562539117284, -0.39417475116121853]
-----------------------------------------------
[[-0.13347228 -0.26496121]
 [ 0.46491805 -0.0975951 ]
 [ 0.13360324 -0.1623381 ]
 [ 0.27314383  0.15794164]
 [-0.21951394 -0.31283311]
 [-0.0052044   0.15983688]]
-----------------------------------------------
[ array([[[ 0.01146236,  0.00356249,  0.01041028, -0.04026373, -0.08364079],
        [ 0.06018757,  0.06906968,  0.10718793, -0.07232039,  0.14693982],
        [ 0.01411688, -0.07971185, -0.12759578, -0.14911015,  0.14072227],
        [ 0.09962754,  0.09890502, -0.05338211, -0.00426629,  0.05689305],
        [ 0.07708266,  0.07237502, -0.10436844,  0.1073175 , -0.12824402]],

       [[ 0.10335194, -0.12199435,  0.01892062,  0.05948808, -0.0400012 ],
        [ 0.03301856, -0.04142342,  0.06313514,  0.09703789,  0.02160179],
        [ 0.11611493, -0.01459289,  0.09460354, -0.04873945, -0.14442443],
        [-0.14740868, -0.09950824,  0.10867733,  0.14445549, -0.0232136 ],
        [-0.09612237, -0.00506757, -0.08223478, -0.01283261,  0.04832136]],

       [[ 0.08299447, -0.12865104, -0.02324078,  0.05755979,  0.04184376],
        [ 0.01198205, -0.0371621 , -0.07745035, -0.12268814, -0.12070328],
        [-0.08551087, -0.01426293,  0.00955904,  0.06608134,  0.04969904],
        [ 0.02334864,  0.12677401, -0.03168296, -0.12697839, -0.06080417],
        [ 0.02611612, -0.03946339,  0.02528505,  0.03636504,  0.04657899]]])
 array([[[ 0.08852443,  0.09556905, -0.09316948, -0.12543585, -0.11164943],
        [ 0.07816561, -0.00168408, -0.10461819, -0.10347378,  0.10560996],
        [-0.09552025, -0.10540121, -0.00946649, -0.06470369, -0.08771267],
        [ 0.11015949, -0.0338493 ,  0.11062734, -0.07270361,  0.01529511],
        [ 0.02756744, -0.04594482, -0.1295057 , -0.11772625,  0.12183077]],

       [[ 0.13989561,  0.00061307,  0.08656377, -0.11524554,  0.09585061],
        [-0.10194733,  0.04867719,  0.09644617, -0.02088654,  0.09505115],
        [-0.08159982, -0.04291144, -0.06792437, -0.13027632,  0.11032035],
        [-0.07951171, -0.06724324,  0.00077132, -0.13754546, -0.08330652],
        [-0.14350999, -0.07491014,  0.00866443, -0.05053185,  0.00992932]],

       [[-0.01314341,  0.1165246 , -0.02857111,  0.14422084,  0.08393623],
        [ 0.11185993,  0.11023559, -0.01719524, -0.12883562, -0.03977024],
        [-0.09712142,  0.0770373 , -0.05207267, -0.06007118,  0.03327358],
        [-0.13727012,  0.12861477, -0.08905148, -0.0924675 ,  0.1331423 ],
        [-0.1187636 ,  0.00859348, -0.05732909,  0.00152331, -0.08079156]]])
 array([[[ 0.00280926,  0.03569515,  0.09612153,  0.08104961,  0.09364988],
        [ 0.1133704 ,  0.02534903,  0.0011333 ,  0.08855175, -0.0011104 ],
        [-0.01455257,  0.04473821, -0.0845737 ,  0.14167287, -0.0591295 ],
        [ 0.11393121,  0.10241753, -0.02401965, -0.05137416, -0.06489262],
        [ 0.10523489, -0.10963033, -0.10368527, -0.0245798 ,  0.11060715]],

       [[ 0.14518476, -0.11033454, -0.09703438,  0.05827566,  0.13399654],
        [ 0.07023822, -0.05983163, -0.0539293 ,  0.12716466,  0.03598391],
        [ 0.01645902, -0.1413107 ,  0.01975243,  0.13402125,  0.05783934],
        [ 0.0846696 , -0.13076981, -0.08190357, -0.01686539, -0.09486243],
        [ 0.07712594, -0.07237034, -0.14521001,  0.02182089,  0.14826622]],

       [[ 0.05814043,  0.13611769, -0.01267421,  0.00935361,  0.03549929],
        [-0.01807282, -0.05198259,  0.01628631,  0.09862129,  0.13959244],
        [-0.03965954, -0.01778344,  0.10677001, -0.0434589 , -0.06094854],
        [ 0.11535728, -0.12526279,  0.10878991,  0.07036622,  0.01166514],
        [-0.12691225, -0.02473014, -0.0340054 ,  0.07122629, -0.11839358]]])
 array([[[ 0.10257736,  0.04109024, -0.01768928,  0.13981638,  0.14829635],
        [ 0.06817027,  0.1139157 ,  0.14882014,  0.09389728,  0.00611125],
        [ 0.06648518, -0.12259283, -0.13014008,  0.12130129, -0.08450037],
        [-0.09442079,  0.10254053, -0.12824711,  0.02243361,  0.09307681],
        [-0.06605267, -0.11036166,  0.01677248,  0.11296094, -0.08279149]],

       [[-0.13962221,  0.00110918, -0.03468544, -0.04999273, -0.03142004],
        [ 0.06080363, -0.0136826 ,  0.00831894, -0.10640462,  0.08492082],
        [ 0.13177934,  0.06942572, -0.01312163, -0.08520428,  0.11375273],
        [-0.02199598,  0.12013707, -0.09352313,  0.14324465,  0.06536875],
        [-0.09869919,  0.11553366, -0.03012802, -0.14736176,  0.12893467]],

       [[-0.10669066, -0.03420813, -0.14922666, -0.14839104,  0.12159058],
        [-0.07742522, -0.03766783,  0.07409047,  0.02281406,  0.10227481],
        [-0.01502813, -0.04970301, -0.02652397, -0.04589068, -0.13832437],
        [ 0.08128454,  0.0639392 ,  0.08407934,  0.13023484,  0.05391245],
        [ 0.14698331, -0.14407063,  0.0766528 ,  0.01273083,  0.11533587]]])
 array([[[ 0.01281346,  0.12060004,  0.1160236 , -0.08749263,  0.03169275],
        [-0.07362034,  0.06145798,  0.1115515 , -0.09818704, -0.05767996],
        [-0.04757037, -0.02253448,  0.10551964,  0.11941011,  0.02037351],
        [-0.02722531,  0.07114805, -0.06231052,  0.08047261,  0.11039273],
        [-0.14701131,  0.12899078,  0.03053079, -0.14081361, -0.07019545]],

       [[ 0.00712716,  0.1261688 , -0.04582834, -0.06221475,  0.01798223],
        [-0.02019757, -0.00244681, -0.0838165 ,  0.04616934,  0.14452338],
        [-0.00622335, -0.11501932,  0.11816291,  0.13630971, -0.03499792],
        [ 0.10746184, -0.07252011, -0.07040814, -0.10141006, -0.07002052],
        [-0.03927543,  0.09686638, -0.06051576, -0.04696323, -0.00634526]],

       [[-0.11877765,  0.13820736, -0.01546879, -0.08488235,  0.07605854],
        [ 0.04129968,  0.02643065, -0.07275134,  0.06834197,  0.10848515],
        [ 0.01957563, -0.12784732, -0.14588063,  0.03552803,  0.05236192],
        [-0.09950262, -0.0706363 , -0.02183805,  0.09688413, -0.06702509],
        [ 0.06872268, -0.063046  , -0.02772694, -0.10858613,  0.03420886]]])
 array([[[ 0.0503608 ,  0.06065637, -0.00732109,  0.14885722, -0.07452052],
        [ 0.06344583,  0.12905906, -0.05151786,  0.06934911,  0.09777155],
        [ 0.09315706, -0.0588927 , -0.13162887, -0.0779125 , -0.08201668],
        [-0.07909322,  0.07408332,  0.02878236, -0.1239598 , -0.00685896],
        [ 0.04297681,  0.07061682, -0.04688713,  0.12806583,  0.14301395]],

       [[ 0.07607652,  0.07068645, -0.07132935,  0.14615344, -0.04160066],
        [ 0.1053012 , -0.05072499,  0.1366694 ,  0.02276536,  0.03517219],
        [ 0.13358056, -0.12313777, -0.10280127,  0.03170692, -0.14449702],
        [-0.04032521,  0.10235053,  0.07727418,  0.01161921, -0.07687774],
        [-0.1084334 ,  0.08936998,  0.05132789,  0.12102706, -0.14760052]],

       [[ 0.11059997,  0.00473642, -0.11067743, -0.10632693,  0.07687088],
        [-0.00462476,  0.1029722 , -0.00191607,  0.09081765,  0.10733482],
        [ 0.02441481,  0.11318874,  0.11544737, -0.00324693,  0.07172054],
        [-0.13791603,  0.09600761, -0.08276357, -0.02623663,  0.04868723],
        [ 0.00237598,  0.12021087, -0.08819604, -0.0961523 , -0.01766122]]])
 array([[[ 0.09965257, -0.10950308, -0.02113915,  0.09292265, -0.00816229],
        [-0.10760475, -0.08836808, -0.01892517,  0.09274569, -0.02041365],
        [ 0.0516752 ,  0.10219891, -0.08959796,  0.00618949,  0.04960794],
        [ 0.01185716,  0.01072893, -0.02867246,  0.01137057, -0.10163566],
        [-0.06179605, -0.09209042,  0.05235455,  0.04255429,  0.00343575]],

       [[ 0.00159007,  0.11426618,  0.0142336 , -0.01696532,  0.06938951],
        [-0.05848147, -0.04384573,  0.02976396, -0.02686797,  0.10048106],
        [ 0.08956107, -0.09451431, -0.10025859,  0.05320275, -0.0526693 ],
        [ 0.0216881 , -0.00137642, -0.04053133,  0.07210265,  0.05825828],
        [ 0.02476694, -0.05069755,  0.09839977, -0.10682736, -0.05971924]],

       [[-0.0752793 , -0.06311484,  0.01602213,  0.02827492,  0.00892081],
        [ 0.01220204, -0.04750575, -0.01694546,  0.07617062,  0.02266521],
        [ 0.02709767, -0.06994366,  0.10424993, -0.10382181,  0.08965707],
        [ 0.07865699, -0.11322878, -0.03672934, -0.05258378,  0.07211134],
        [-0.04580792, -0.0526374 , -0.0084506 ,  0.04103852, -0.05603752]],

       [[-0.06642628, -0.05509002, -0.08845351, -0.00929081,  0.08632942],
        [ 0.06213064,  0.09145865,  0.09705191,  0.09392999,  0.00722457],
        [ 0.00081222, -0.05747749, -0.04267157,  0.09025722, -0.07507445],
        [-0.07359945, -0.08538185, -0.0305372 ,  0.06596143,  0.01929376],
        [ 0.09360353,  0.08371277, -0.02246548,  0.0107216 ,  0.01931559]]])
 array([[[-0.09673011,  0.0940635 , -0.11072559,  0.06113346, -0.030233  ],
        [ 0.02947627,  0.0425076 , -0.00266323,  0.04428823,  0.04153693],
        [-0.08623014, -0.09031985,  0.11203394, -0.01740144,  0.02774522],
        [ 0.04643121, -0.02479531,  0.10388941, -0.03752074, -0.00766695],
        [ 0.06398131,  0.06352636, -0.04272938,  0.09063982, -0.10860421]],

       [[-0.01050193, -0.03325904, -0.07207057, -0.01741477, -0.0003333 ],
        [-0.05928572,  0.02174583,  0.04905553, -0.03607888, -0.10518622],
        [-0.11282626, -0.07663594, -0.10555239,  0.07508398,  0.08793833],
        [ 0.10795319, -0.01037394,  0.00525156,  0.03086435,  0.0813759 ],
        [ 0.07254023, -0.02917044, -0.02970056, -0.06761127, -0.0491918 ]],

       [[-0.06158869,  0.06489588, -0.04714057, -0.08048226,  0.05029735],
        [ 0.09365599, -0.02973333,  0.09557857,  0.0545267 ,  0.04282052],
        [-0.01213587, -0.01769332,  0.06888922, -0.01787847, -0.11424085],
        [ 0.08455663,  0.08493222,  0.00591452, -0.08701079, -0.05608182],
        [ 0.00501504,  0.05578574,  0.04968461,  0.09622045, -0.00240779]],

       [[-0.05025425, -0.03835199,  0.09878984,  0.08642992,  0.03356605],
        [ 0.08760894,  0.03567316, -0.10690095, -0.0412418 ,  0.06344662],
        [ 0.07037718, -0.00238527,  0.10201377, -0.01211197,  0.1139864 ],
        [-0.09006716,  0.07628419, -0.10675826, -0.03895628,  0.07265796],
        [-0.07981568, -0.02234482, -0.00143878,  0.00761842,  0.02543339]]])
 array([[[ 0.00398038, -0.09791814, -0.01652384, -0.10120853,  0.00243538],
        [ 0.01835949, -0.05902911, -0.00402519, -0.10111179,  0.02606235],
        [-0.07446669, -0.09225253,  0.08541335,  0.08103888,  0.04001675],
        [-0.06961233, -0.02561336, -0.11239659,  0.07268483,  0.00452578],
        [ 0.10232636, -0.11134492, -0.10253987, -0.08469059,  0.06076447]],

       [[ 0.09746531, -0.08832127,  0.05975097, -0.05638677,  0.01600428],
        [ 0.02223279, -0.07692399,  0.06469992, -0.06284658, -0.02481885],
        [-0.06278629, -0.02668937, -0.10545728,  0.06616972,  0.09342922],
        [-0.03054052,  0.01232198,  0.1027385 , -0.0207235 ,  0.04044955],
        [-0.00048084, -0.08524092, -0.08609028,  0.01886617,  0.05666559]],

       [[ 0.02891867, -0.04430331, -0.08846669, -0.03387561, -0.01687724],
        [-0.0418376 , -0.02547287, -0.08706675, -0.00617997,  0.00887991],
        [-0.05657679, -0.03859829,  0.01405378,  0.07072057,  0.0203529 ],
        [-0.01292337, -0.06124203, -0.00196385, -0.00988888, -0.03111421],
        [ 0.04184951,  0.03980568,  0.02303672, -0.00116458,  0.02312761]],

       [[-0.06100856,  0.11372517,  0.00454276, -0.09103408, -0.024738  ],
        [ 0.05124742,  0.11125764, -0.07879751,  0.10482229, -0.01783332],
        [-0.07194625, -0.00990556, -0.11115251, -0.07715439,  0.02185475],
        [-0.0168914 ,  0.07544231,  0.09404835,  0.08675787,  0.04709022],
        [-0.03801717, -0.10651736, -0.01587231,  0.01852417, -0.07184579]]])
 array([[[ -2.19294295e-02,   5.28171899e-02,  -2.97831129e-02,
          -1.47944234e-02,  -6.13507458e-02],
        [  7.29942109e-02,   1.00329414e-01,  -6.67631140e-02,
          -6.67785016e-02,  -8.16326251e-02],
        [  1.12036510e-02,   5.45038910e-02,  -5.43844174e-02,
           4.37359301e-02,  -3.62872311e-02],
        [ -5.48714271e-02,  -6.30040422e-02,   8.00285953e-02,
           1.05396004e-02,  -1.04799953e-01],
        [  6.35968040e-02,   1.05716442e-01,  -1.38801344e-02,
           4.93402550e-02,   1.03122278e-01]],

       [[ -4.23012944e-02,   1.04337978e-01,  -1.32364826e-02,
          -3.37116960e-02,   2.22003860e-02],
        [  1.01682993e-01,  -3.98950448e-02,   1.71329054e-02,
          -8.41358498e-02,   1.08530833e-01],
        [  6.43007514e-02,  -5.48974773e-02,   8.66068837e-02,
          -3.00246360e-02,   9.98032462e-02],
        [  4.33289223e-02,  -9.62867513e-02,  -7.79138726e-02,
           5.00979779e-02,   1.03085406e-01],
        [ -3.89815250e-02,   4.79656881e-02,   4.24993601e-02,
          -7.66902987e-03,  -8.82125361e-02]],

       [[ -3.91120437e-02,  -2.97212725e-02,   1.24428719e-02,
          -5.86367338e-02,   1.00463884e-01],
        [ -5.80103332e-02,   3.59303746e-02,  -6.74569465e-02,
          -1.11446364e-01,   3.36909038e-02],
        [ -1.11053319e-01,  -9.41031650e-02,   6.99690059e-03,
           5.72191493e-02,  -1.13294635e-01],
        [ -7.52305506e-02,  -3.99125297e-03,  -3.22187090e-02,
          -2.51986370e-02,  -1.10492118e-01],
        [  4.51610221e-02,  -8.48302336e-02,  -1.10573664e-01,
           1.00181979e-02,   7.50067563e-03]],

       [[  4.56654452e-02,   2.47984284e-02,   8.71666091e-03,
           3.03113289e-02,  -4.96601092e-03],
        [ -1.48145784e-02,  -6.90881743e-02,  -1.11997695e-01,
           1.06718219e-02,   2.43603367e-02],
        [ -1.06972080e-01,   9.82312850e-03,   2.46120767e-02,
          -8.30711256e-05,  -7.90688453e-02],
        [  9.47278782e-02,   8.88511660e-02,  -1.10989085e-01,
           1.26960280e-02,   4.02497695e-02],
        [  4.72371428e-04,  -4.78509697e-02,  -6.92183612e-02,
          -2.11297361e-02,   2.51683610e-02]]])
 array([[[ 0.10933518,  0.10615905, -0.01487485, -0.10419235,  0.02796586],
        [ 0.07437079, -0.00146187,  0.01393878, -0.03948135, -0.08930575],
        [-0.04202195, -0.07773008,  0.07442862,  0.03323329,  0.05525578],
        [-0.09099152,  0.07162726, -0.06575329, -0.11408817, -0.00264784],
        [ 0.04546678,  0.06648972,  0.05063696,  0.0144001 ,  0.09995457]],

       [[ 0.04719609,  0.03506966, -0.10849861,  0.02340696,  0.08492603],
        [-0.05178013, -0.07920234,  0.0980026 , -0.0645879 ,  0.04197518],
        [ 0.06358749,  0.11115897,  0.08444568, -0.02711245, -0.05222356],
        [ 0.09311947, -0.07862731,  0.00647678,  0.07140597,  0.04492864],
        [ 0.0068464 ,  0.02908075, -0.02146604, -0.02848757,  0.09045627]],

       [[ 0.04928508, -0.07261612,  0.02112204, -0.08695453, -0.07704712],
        [ 0.07264362,  0.03428025, -0.1035573 ,  0.0298344 ,  0.08807651],
        [-0.08368038,  0.02308799, -0.10520784,  0.03405985,  0.00386287],
        [ 0.05737445, -0.07951541, -0.08656004, -0.00070299,  0.01225449],
        [-0.09758798, -0.07957359, -0.06681623, -0.0707945 ,  0.09052417]],

       [[ 0.11065317,  0.05674289,  0.02671748,  0.0458813 ,  0.07512598],
        [-0.06077375,  0.04381246,  0.06552542, -0.06677443, -0.08818739],
        [ 0.08156763,  0.05656588, -0.02361296,  0.05326555, -0.04656678],
        [-0.08245193,  0.07242682, -0.07172123, -0.09139551, -0.10564921],
        [ 0.01451759,  0.10704028,  0.03871525, -0.10545377,  0.02958179]]])
 array([[[-0.07993682, -0.01281995,  0.00377707, -0.0058947 ,  0.11099834],
        [ 0.1041912 ,  0.04932257, -0.0790807 , -0.03087821, -0.03307705],
        [-0.04759659,  0.04433134, -0.10472703, -0.07715267, -0.01434119],
        [-0.09486059,  0.03416457,  0.08027088,  0.01201288,  0.05093487],
        [ 0.08165534,  0.0137413 ,  0.0264797 , -0.09259578, -0.09563025]],

       [[-0.03606444, -0.09376126, -0.0941238 , -0.06133673,  0.07732071],
        [ 0.09247452, -0.10024223,  0.05937105,  0.00843134, -0.06822075],
        [ 0.02129006,  0.06804798, -0.08517657,  0.02465755,  0.09189015],
        [ 0.07388457,  0.06928954, -0.02902509, -0.03316319,  0.04626494],
        [-0.01620036,  0.00767032, -0.01578905,  0.10299377, -0.10783448]],

       [[ 0.10596236, -0.10987252, -0.08388052, -0.02242492, -0.1058543 ],
        [ 0.05182307, -0.08806488,  0.00458093,  0.05959244, -0.10962468],
        [-0.02346959, -0.07598721, -0.05132269,  0.08736208, -0.07728992],
        [ 0.10318638, -0.07600405,  0.02284416,  0.01558189,  0.10489941],
        [-0.09950171,  0.09240862, -0.11022825, -0.00614271,  0.005214  ]],

       [[ 0.02192116, -0.10127469, -0.0422905 ,  0.0174118 , -0.06426552],
        [-0.08659203,  0.03194808,  0.05472047, -0.03904696,  0.07153222],
        [-0.09288381,  0.0650116 , -0.08209368,  0.10320018, -0.02047289],
        [-0.06756655, -0.02727442, -0.05800267, -0.05543846,  0.00459369],
        [-0.08685788, -0.08901941,  0.07429655, -0.08401085, -0.1087929 ]]])
 array([[[-0.00398929,  0.00954213, -0.05577224, -0.05105925, -0.09096272],
        [-0.10406264,  0.0676864 , -0.04342744,  0.11338878, -0.05802587],
        [-0.00191068, -0.05197416, -0.00661362, -0.00947476,  0.10710254],
        [ 0.02967885, -0.04746768, -0.08128185, -0.08469472, -0.00609582],
        [-0.0018143 ,  0.10901185,  0.00170076, -0.07516316,  0.05545081]],

       [[ 0.0286729 , -0.10974234,  0.08014788, -0.00669665,  0.04258774],
        [ 0.09155441,  0.03852366,  0.09838748, -0.04080854,  0.01969149],
        [-0.03304977, -0.10114778,  0.03024912,  0.07186917, -0.10767107],
        [-0.05937422,  0.10284658,  0.04155002, -0.07964755, -0.00916132],
        [-0.10066476, -0.05804941, -0.10018133,  0.00271931, -0.0847355 ]],

       [[ 0.10169678,  0.08474595, -0.06362853,  0.10426588, -0.09706078],
        [-0.08748149, -0.08480405, -0.04585523,  0.00430879,  0.02369896],
        [ 0.00850426, -0.04049318,  0.04602313, -0.02588969, -0.03311081],
        [-0.101338  ,  0.01717971, -0.06290354, -0.01343777,  0.09025793],
        [ 0.00548223, -0.09059258,  0.00795832,  0.00185981, -0.01493049]],

       [[ 0.01161577,  0.10927764,  0.08695018, -0.08494768,  0.03660839],
        [ 0.01027808,  0.08531325,  0.09554475,  0.03816803,  0.01181696],
        [ 0.0633267 ,  0.11100366, -0.10087555,  0.04236471, -0.08210626],
        [ 0.07100873, -0.03281171, -0.08989131, -0.04881308, -0.00970878],
        [ 0.01013946, -0.07880545,  0.01890356, -0.0584051 ,  0.07913865]]])
 array([[[-0.08307846, -0.11417451, -0.06600643, -0.04581249, -0.01567167],
        [ 0.10116237,  0.0231789 , -0.08402208,  0.08135474, -0.04980734],
        [ 0.07737315,  0.02120306,  0.05647941, -0.10600445,  0.00245649],
        [-0.07273256,  0.06928676, -0.00375287, -0.00047208,  0.10407201],
        [ 0.04026355, -0.03746778, -0.06365067, -0.11042139,  0.07384011]],

       [[ 0.01879777,  0.01679926, -0.04275063, -0.0686432 ,  0.0477678 ],
        [-0.06222024,  0.01449354, -0.01121358, -0.07582598, -0.02757508],
        [ 0.10013234, -0.09247016,  0.07143534, -0.0951538 ,  0.036474  ],
        [ 0.07674432, -0.08335478, -0.06871997, -0.04913843, -0.00350844],
        [ 0.10130024,  0.08954446,  0.0391284 ,  0.00714417, -0.00667998]],

       [[-0.05707879,  0.08274234, -0.04305677, -0.00592914, -0.02717086],
        [ 0.03001548, -0.10421441,  0.05697566, -0.06899611,  0.06900526],
        [-0.04445374,  0.08332585,  0.09248305, -0.1133408 , -0.07233359],
        [ 0.10407873, -0.09972925,  0.08381703, -0.07423173,  0.10130608],
        [ 0.10523576, -0.04211837,  0.09869153,  0.10850091,  0.046325  ]],

       [[ 0.09535676, -0.07269973,  0.00894921, -0.09569803, -0.04312207],
        [ 0.01035513, -0.0546329 ,  0.00305241, -0.05583212, -0.07905326],
        [-0.00985438,  0.00254473,  0.06539147, -0.08545817,  0.06297323],
        [ 0.10910926, -0.02101709,  0.06374064,  0.02155959, -0.03308141],
        [ 0.02008557, -0.06221633,  0.0369922 , -0.09269048,  0.01108812]]])
 array([[[ 0.0886611 , -0.11289743,  0.08074119, -0.01335869,  0.06796747],
        [-0.07172222, -0.07276444, -0.08210483,  0.10009814, -0.00915351],
        [ 0.06165046, -0.02434154,  0.03059989, -0.01184304,  0.07240592],
        [ 0.04998293,  0.04299686, -0.04346761, -0.00652355,  0.07554215],
        [ 0.09476801, -0.013987  ,  0.00670975,  0.05693127,  0.09262452]],

       [[-0.02270174, -0.08307422,  0.07487761,  0.08913535, -0.03352806],
        [ 0.0157838 ,  0.02351483, -0.00740149, -0.09491846, -0.05247317],
        [-0.02371667,  0.00379785, -0.00908988,  0.11279039,  0.08230344],
        [ 0.02881552,  0.02710729, -0.11201321,  0.01608991, -0.03683788],
        [-0.01191327,  0.05375228, -0.02091591, -0.00129943, -0.0272884 ]],

       [[ 0.05420244, -0.08964643, -0.04091799,  0.00665701,  0.01986709],
        [ 0.02079602, -0.02385084,  0.0468999 , -0.03186191, -0.0649805 ],
        [ 0.09978049,  0.00862317, -0.06958104,  0.04083772,  0.0373744 ],
        [ 0.08656983,  0.07623711,  0.04812045, -0.03948831, -0.11130383],
        [-0.06530522, -0.0397576 , -0.0980397 , -0.09724957, -0.03502924]],

       [[-0.017282  ,  0.02728576, -0.07379797, -0.05729674,  0.05008746],
        [ 0.00086118, -0.10574472, -0.05408566,  0.06626437,  0.06409488],
        [ 0.07889566, -0.09302651,  0.08756926, -0.03985017, -0.08701291],
        [-0.10105146, -0.01052542, -0.05576113,  0.09054737,  0.071612  ],
        [-0.04048798,  0.03960027, -0.06517244, -0.015526  ,  0.01456418]]])
 array([[[-0.01341746, -0.00864835,  0.01272552,  0.00797303,  0.00116103],
        [-0.06684855,  0.06703765, -0.0609445 ,  0.07439824,  0.0101087 ],
        [-0.03554622,  0.06723726,  0.03948714,  0.01732548,  0.00947724],
        [ 0.02353926, -0.00815198, -0.06421901, -0.06510367, -0.0561568 ],
        [-0.05854493, -0.02519991, -0.03422183,  0.0029077 , -0.01869382]],

       [[ 0.06425002, -0.07650148, -0.00539596,  0.04351238,  0.00016067],
        [ 0.03670427,  0.02741365, -0.01324649, -0.01169362, -0.04715257],
        [-0.06882346, -0.04246369, -0.07173685,  0.05219934,  0.052735  ],
        [ 0.02642566, -0.05251987, -0.0303601 , -0.06434147,  0.07690578],
        [ 0.00396644, -0.04229348,  0.07257301,  0.07691331,  0.03224593]],

       [[-0.05230324,  0.02989071,  0.03509709,  0.05274104, -0.03019369],
        [ 0.01609863,  0.07658154, -0.01730692,  0.06980374,  0.05517786],
        [ 0.0417254 ,  0.00983783,  0.05645547,  0.04278895, -0.07698304],
        [-0.03176083,  0.05808237, -0.0665739 ,  0.03879162, -0.06845215],
        [-0.01076051,  0.06288365, -0.02634754,  0.02125097, -0.07139795]],

       [[-0.02363568,  0.01438816, -0.04615384, -0.07642563,  0.04751168],
        [-0.05747299, -0.04531099, -0.07358594,  0.05288071,  0.01019127],
        [ 0.0381872 , -0.02591246, -0.02629692, -0.04868269,  0.01464768],
        [-0.0093336 ,  0.04375268, -0.05578417, -0.03329847,  0.0253522 ],
        [ 0.05329805,  0.07370039, -0.02636967,  0.04610651,  0.03733356]],

       [[ 0.02289839, -0.02949843, -0.00961742,  0.05228676,  0.03467626],
        [ 0.00211579, -0.04997444, -0.03607349,  0.01654977,  0.01942741],
        [-0.002689  , -0.0148021 ,  0.05928034, -0.05096091,  0.05436761],
        [-0.06967094,  0.01933663,  0.03209062, -0.07709364,  0.00850434],
        [ 0.06446421,  0.03794328, -0.06902292,  0.03944761,  0.02827231]],

       [[-0.06316629,  0.00114473,  0.0386949 ,  0.06015089,  0.01161765],
        [ 0.04642117,  0.06049655, -0.05921327, -0.0278006 ,  0.04554902],
        [-0.00335418,  0.07062261,  0.06231559,  0.07335823,  0.04619937],
        [ 0.06349757,  0.07364088, -0.02676815,  0.03023843,  0.03857543],
        [-0.03273201,  0.04958176,  0.00665829, -0.03739956,  0.00823756]]])][0.10688119583812875, 0.11922504690865574, 0.010302486929445881, 0.11083031927807804, 0.04048746634708361, 0.12150193326360895, 0.03729222755723781, -0.028288439073875515, -0.04164420574046476, 0.06866684786882045, -0.05546496440935412, -0.015669321554130353, -0.07568567511435206, -0.06357291925088324, 0.05635471250024514, -0.029265161327911952]
-----------------------------------------------
[[ 0.16817901  0.43319971]
 [-0.19538234 -0.15747978]
 [ 0.23944255 -0.02235891]
 [ 0.07751583  0.1723602 ]
 [ 0.38024241 -0.19117055]
 [ 0.30240168 -0.40747724]
 [-0.29733992 -0.35968297]
 [-0.00394832 -0.06974097]
 [-0.36600995  0.41765889]
 [-0.13256432  0.28984054]
 [ 0.38723921  0.32847013]
 [ 0.34864847 -0.45311886]
 [ 0.11753362 -0.17585082]
 [-0.14576227  0.42701028]
 [-0.16834005  0.24102798]
 [-0.18137026 -0.31790266]]
-----------------------------------------------
[[[[  2.29500828e-02   1.53249360e-02   2.29458219e-03  -2.61893218e-02
      1.61366236e-02]
   [  2.93687670e-03  -2.37253738e-02  -1.17494670e-03  -1.39695067e-02
     -1.43361723e-02]
   [  2.24438214e-02   1.91207431e-02  -1.53829489e-02   2.23715265e-02
      2.14152810e-02]
   [ -1.02715701e-02  -1.28386030e-03  -3.42551505e-03  -2.39599539e-02
     -6.83321809e-03]
   [  8.76005272e-04  -3.33564777e-03  -1.09084169e-03  -3.29544897e-04
      6.76671060e-03]]

  [[ -1.82659103e-02   7.82451112e-03   5.17877556e-03   1.72383035e-02
     -2.83562650e-02]
   [ -2.01098089e-02   1.28555612e-02  -5.88899101e-03  -1.02647138e-02
     -2.83468745e-02]
   [  1.24512245e-02   2.28775341e-03  -1.10587757e-03   1.05821525e-02
     -8.70597056e-03]
   [  2.06711580e-02  -1.08648807e-02   3.70270900e-04   1.54113767e-02
      1.30150431e-02]
   [  2.59077573e-02  -2.61022849e-02  -1.59793431e-02   2.42733271e-02
     -4.36273613e-04]]

  [[  1.77374374e-02   2.27440249e-02  -3.09485592e-03   2.04929540e-02
      1.51221008e-02]
   [ -2.90655299e-02   1.87007553e-02  -2.20820573e-02   1.49254053e-02
     -2.80347467e-02]
   [ -7.14219980e-03   7.13054035e-03   1.91128112e-02   2.16465143e-03
     -2.94109595e-02]
   [ -1.64320170e-02  -2.02701094e-02   1.85156250e-02  -6.08415773e-03
     -2.64296439e-02]
   [  1.81234983e-02   2.13851833e-02  -2.38631603e-02   1.77456876e-02
     -1.11932738e-02]]

  ..., 
  [[ -1.42846498e-02  -1.08145552e-02   2.46082785e-02  -3.09488078e-03
      1.31814397e-02]
   [ -2.84874936e-02  -1.81358638e-03  -1.28953439e-02   2.69433353e-02
     -2.62139891e-02]
   [  1.74633880e-03   1.06517242e-02   2.74422281e-02  -1.33418840e-02
     -1.91172556e-02]
   [  2.48173722e-02   1.92247081e-02  -1.32829809e-02   2.67544602e-02
      1.84300946e-02]
   [  5.60056395e-03   2.84092377e-02  -1.88841655e-02  -2.63049121e-02
      1.72712970e-02]]

  [[ -1.54487361e-02  -1.83772728e-03   2.32585404e-02   9.94931023e-03
     -2.16359407e-02]
   [ -1.32592964e-02   2.83580838e-02  -2.34006337e-02   5.30351457e-03
      8.78063725e-03]
   [  2.60700329e-02   2.65392937e-02  -1.28974170e-02   7.74002377e-03
      2.70842676e-02]
   [ -2.41296225e-02   2.40515372e-02  -2.46376918e-02   1.87298271e-02
      5.89650423e-03]
   [ -5.32846887e-03   2.56225107e-02   6.93599385e-04   1.47158426e-02
      1.39839815e-02]]

  [[ -3.82494348e-03   2.79923132e-02  -5.09123462e-04  -1.56034198e-02
      7.31714653e-03]
   [ -1.84775741e-03  -1.77548591e-02   9.81132535e-03  -7.46203299e-03
      2.42734299e-02]
   [ -5.59627585e-03  -9.57570736e-03   1.64429618e-02  -1.98926822e-02
      1.99443334e-02]
   [  5.10785961e-03  -9.39819471e-03   1.90656137e-02  -1.83632245e-02
     -8.74355247e-03]
   [ -1.11171053e-02  -1.61921511e-02  -3.88314504e-03   5.23206856e-03
     -2.69153319e-02]]]


 [[[  2.68296998e-02  -1.44494303e-02   2.08746356e-02  -2.94527456e-02
     -1.71830987e-02]
   [  1.86464096e-02  -1.28417237e-02  -2.64120815e-02  -5.01121081e-03
     -2.94134253e-02]
   [ -1.50770750e-02   1.38418211e-02  -2.07965135e-02  -2.65903769e-02
     -7.08930576e-03]
   [ -1.40107648e-02  -9.21588942e-03  -7.02182805e-03  -2.09692238e-02
     -3.35905756e-03]
   [  1.79886018e-02   8.30625443e-03  -2.58935630e-02  -2.00463652e-02
      6.04268816e-03]]

  [[ -2.74028651e-02  -1.00325115e-02   1.52034973e-02   2.84659671e-02
      1.31207507e-02]
   [  8.54427127e-03   1.86647903e-02   8.60038936e-03  -1.85700800e-02
      2.19792871e-02]
   [  7.23747935e-03   1.13088503e-03  -1.71783680e-02  -7.43672552e-03
      8.20806986e-03]
   [ -2.16557865e-02   2.17722658e-02  -5.75015159e-03   2.30730047e-02
     -2.04822606e-02]
   [  1.18484918e-02   1.55730144e-02   8.31316092e-03   1.52960622e-02
     -5.21672520e-03]]

  [[ -4.04201485e-04   3.00035687e-03   2.84777902e-02   2.77208221e-02
      8.19676415e-03]
   [ -1.19237387e-02  -2.93306617e-02  -1.25126490e-02   1.88092082e-02
      5.77574997e-03]
   [  2.16498439e-02   2.34040114e-02  -1.20140934e-03   2.44298154e-02
      1.66616418e-02]
   [ -2.18492154e-02  -1.67240794e-02  -1.34598685e-02   2.69318539e-03
      2.66873415e-02]
   [ -1.48051988e-03   2.38722794e-02   2.47543485e-02  -6.40819418e-03
     -1.82953958e-02]]

  ..., 
  [[  8.49846711e-03   9.88529834e-04  -5.65040408e-03   1.90415913e-02
      7.45583251e-03]
   [  1.09587095e-03   7.01596504e-03   1.55552730e-02  -4.66041068e-03
      2.78148162e-02]
   [  1.36078044e-02   2.70044405e-02  -1.34701156e-02   2.12625764e-02
     -2.25358762e-02]
   [  1.32022403e-02  -6.86450666e-03   1.58449914e-02   9.04718370e-03
     -3.24429444e-03]
   [  2.03892225e-02  -1.45183343e-02  -2.85045779e-02  -1.87535646e-02
      1.89746458e-02]]

  [[  1.75504312e-03  -2.67267252e-02   1.58828409e-02   2.23851457e-02
      6.03153901e-03]
   [  4.82777602e-03   3.18550969e-03   2.58324962e-02  -2.62466101e-02
     -2.31097457e-02]
   [ -1.10571786e-02   1.08406341e-02   2.50554097e-03   2.72191768e-02
     -2.69132750e-02]
   [  2.59213932e-02   2.84325573e-02   4.00296520e-03   1.08911473e-02
      1.62675788e-02]
   [  4.15169677e-03  -1.02302324e-02  -1.59619141e-02  -2.49016631e-02
      1.05027114e-02]]

  [[  9.58666359e-03   2.79310824e-02  -1.14991996e-02  -1.70033818e-02
     -2.59260769e-02]
   [ -1.75808487e-02   2.19275149e-02  -2.73142592e-02   5.87761705e-03
     -2.75693037e-02]
   [ -2.00255220e-02   2.61550468e-02   9.10233226e-03   2.25642674e-02
     -2.64693430e-02]
   [ -2.56040316e-02  -1.85241076e-02   2.34187351e-02  -8.32072570e-03
     -1.42208419e-02]
   [  6.85973859e-03   1.12840551e-02  -5.74384275e-03  -2.27742331e-02
     -8.11571695e-03]]]


 [[[ -7.48503747e-03   1.00615993e-02   1.68346527e-02   1.48999064e-02
     -2.40840030e-02]
   [ -2.70949906e-02  -1.51014176e-02  -1.24473361e-03   4.88218998e-03
      1.83919859e-02]
   [  1.56456676e-02   1.02547116e-02  -2.73931600e-02  -7.09218504e-03
      1.92949636e-02]
   [ -3.98384769e-03  -1.92064410e-02  -2.52980755e-02   2.56114121e-02
     -2.08795892e-02]
   [ -5.28514979e-03   1.56853850e-02  -3.00174930e-03   2.74886611e-02
     -1.53849508e-02]]

  [[ -2.13709117e-02   2.05734563e-02   2.13219187e-03   2.00220039e-02
      1.28589219e-02]
   [ -1.17284874e-02  -1.45234702e-02   1.58539998e-02   2.43825521e-02
      1.10556813e-02]
   [  2.91263334e-02   1.91194224e-02  -5.09098408e-03  -2.32635648e-02
     -2.83339821e-02]
   [  8.62893357e-04  -2.51173309e-02  -1.38171651e-02   2.34538547e-02
      6.83527062e-03]
   [ -5.58584265e-03   1.36727212e-02  -2.11212571e-03   1.56222696e-02
     -1.66208676e-02]]

  [[ -6.64123725e-03  -2.91637908e-02  -1.45964299e-02   1.74948361e-02
      1.81919665e-02]
   [ -2.62616832e-02  -1.30325583e-02  -6.77386422e-03  -1.84499676e-04
     -9.25301688e-04]
   [  5.34617539e-03  -8.57185448e-03   5.44868622e-03   2.71218540e-02
     -2.02708729e-02]
   [  2.27706558e-02  -1.11305182e-02   1.00788722e-02  -2.35884118e-02
     -8.94121028e-03]
   [ -1.06409295e-02  -1.32782421e-02   2.84056482e-02   1.66169593e-02
      7.44417209e-03]]

  ..., 
  [[ -9.72541254e-04  -4.02920599e-03   2.42129416e-02  -9.40345925e-03
      3.21560784e-03]
   [ -1.85799228e-02  -3.64110399e-03  -3.89589028e-03   1.92757245e-03
     -2.17510127e-02]
   [  2.47708524e-02   1.36635351e-02   1.48038194e-02  -2.94743106e-02
     -2.76694647e-02]
   [ -6.61407907e-03  -4.41470529e-03  -2.20593957e-02   1.17144345e-02
     -1.64277240e-02]
   [ -4.87410554e-04   2.06302705e-02  -1.60276498e-02  -4.93702177e-04
      2.74510714e-02]]

  [[ -5.84634092e-03  -1.15124066e-02   1.79849454e-02  -2.15337263e-02
      1.54901412e-02]
   [  4.62479650e-03  -2.01974970e-02  -2.07535528e-02  -2.87827703e-02
     -4.24215328e-03]
   [ -2.73533959e-02   1.12061397e-02   9.44413131e-04  -1.85561312e-02
      2.38247349e-02]
   [ -1.92838935e-02   1.97395578e-02  -1.21269395e-02  -4.39163092e-03
     -2.38557432e-02]
   [  9.36011477e-03  -2.91241694e-02   1.80015022e-02  -3.24527486e-03
     -4.79311286e-03]]

  [[ -1.85278988e-02  -2.88341715e-02  -3.38296348e-03  -1.71744962e-02
     -1.49624685e-02]
   [  2.46680343e-02  -1.89012872e-02  -2.49882538e-02   6.94714183e-03
     -1.94727065e-02]
   [  1.37878831e-02   1.87254872e-02   1.87210696e-02  -1.62313162e-02
      2.48497913e-02]
   [  1.41027720e-02   2.87524280e-02  -1.41002264e-03  -2.88767572e-02
     -2.71506246e-02]
   [ -1.90787017e-02  -4.86517846e-04  -2.45944956e-02  -1.36076275e-02
     -2.96260657e-02]]]


 ..., 
 [[[ -2.93331766e-05  -1.58182632e-02   2.12268082e-02  -5.95513825e-03
     -2.16787924e-02]
   [  2.25426103e-02   2.58823977e-03   1.59477255e-02  -1.81707673e-02
     -2.34152885e-02]
   [ -2.64838798e-02  -1.79657044e-02   1.24226045e-02  -2.69175162e-02
     -2.78136587e-02]
   [  2.36915968e-02  -6.74565913e-04   1.31933358e-02   7.38131310e-03
     -2.95000454e-02]
   [  2.61288519e-02  -9.54665526e-03   6.09845874e-03  -1.17490356e-02
     -1.56888786e-02]]

  [[  9.14473196e-03  -2.86364846e-03  -1.89955437e-02   2.59591153e-02
      5.39455532e-03]
   [ -2.02087856e-02  -1.41456094e-03   1.93872792e-02  -2.54789680e-02
      3.70465363e-03]
   [ -1.81816607e-02   2.87462804e-02  -1.18650842e-02  -2.00696984e-02
      1.45231599e-02]
   [  2.30567865e-02  -1.58458906e-02   2.29736854e-02   7.99585044e-03
      2.31485959e-02]
   [  2.37909180e-02   1.47344437e-03  -9.34779104e-03  -1.11738802e-02
     -1.90538560e-02]]

  [[ -1.57823583e-02   1.55711595e-02  -1.07041738e-02   9.56234805e-04
      1.28335754e-02]
   [ -1.35342111e-02   9.25440951e-03   1.40266309e-02   1.11595044e-02
      1.56537066e-02]
   [ -2.42404558e-02  -2.35939624e-02   1.33701823e-02   1.46989894e-02
      2.77953938e-02]
   [ -5.22339263e-03  -2.62624365e-02   2.22972482e-02  -2.85122248e-02
     -1.24970679e-02]
   [  2.63396722e-02   2.93455176e-02  -4.96395204e-03  -2.38883117e-02
     -1.12109982e-02]]

  ..., 
  [[ -1.48185136e-02   1.66555127e-03  -2.00466985e-02  -1.73863703e-02
     -1.38126851e-02]
   [ -4.65345873e-03  -1.23445632e-02   1.76856914e-02   2.38267919e-02
      9.33571605e-03]
   [  2.25536917e-02  -4.79177499e-03  -5.82521614e-03   2.10704778e-02
     -1.93287232e-02]
   [ -9.54870337e-03  -7.26056793e-03   2.90120178e-02  -2.23782124e-02
      7.94664783e-03]
   [ -2.20764583e-02   2.81128005e-02   1.86614658e-02  -1.56336528e-02
      1.81357385e-04]]

  [[  2.10080412e-02  -1.68626919e-03   2.80147846e-02   2.53097137e-02
      2.07445528e-02]
   [ -1.14802932e-02   7.04090561e-04  -1.47921742e-02  -7.56063433e-03
      1.24415625e-02]
   [ -1.75504209e-02   2.19784383e-02  -6.13850976e-03  -2.71126482e-02
      2.87049845e-02]
   [  2.24791708e-02   1.74738272e-02   6.00123924e-03  -2.82393001e-02
      1.72440489e-02]
   [ -2.11732152e-02   1.49437683e-03  -1.09720248e-02  -2.52308996e-02
      3.81289040e-03]]

  [[ -2.77228185e-02   1.53323473e-02   1.40432477e-02  -2.83399681e-02
      2.26141422e-02]
   [  2.28367313e-02   9.21896952e-03   2.78519068e-03   5.44747571e-03
     -1.80495715e-02]
   [ -2.16965721e-02  -2.78557457e-02   2.23879005e-02   1.88945651e-02
      1.33743832e-02]
   [  6.70721852e-03  -2.09574762e-02  -1.92133413e-02   1.16179255e-02
     -2.63015171e-02]
   [  3.72596442e-03  -1.52546559e-02   4.70332894e-03   1.26252102e-02
     -1.38098535e-02]]]


 [[[ -1.04148362e-02  -1.69377798e-02  -1.40393540e-02   1.33952589e-02
      3.59776438e-03]
   [  1.95360797e-02  -7.98209522e-04   1.91972702e-02  -1.79585057e-02
     -1.99760683e-03]
   [ -7.39251966e-03   7.06098024e-03  -1.38377914e-02  -2.59298973e-02
     -1.32696390e-02]
   [  8.17010569e-03  -1.56192999e-02   4.45746303e-03  -1.95984430e-02
     -1.29908859e-02]
   [ -1.12198779e-02   2.01857601e-02   1.60396881e-02   6.02622657e-03
      5.63807501e-03]]

  [[  2.75107783e-02  -2.81644639e-02   1.91801847e-02  -8.49963087e-03
     -2.63876136e-02]
   [  1.59485066e-02  -1.91334965e-02  -2.67880179e-03  -9.13713671e-03
      2.30556840e-03]
   [  6.79806677e-04  -2.62346706e-02   2.23181406e-02  -1.51556783e-02
     -5.20444505e-03]
   [  4.36607410e-03  -9.70725065e-03  -1.71243661e-02   7.51341906e-03
     -2.27321172e-02]
   [ -2.53667239e-02   2.76732167e-02   2.12209655e-02   2.85024492e-02
      9.30373607e-03]]

  [[  1.90148401e-02   5.49165435e-03  -2.26813653e-02  -4.64255754e-03
     -5.31474654e-04]
   [  2.00542846e-02  -1.17534765e-02   2.12836982e-02  -1.24661428e-02
     -2.07259583e-02]
   [ -6.05492524e-03  -2.61377407e-02   2.81593451e-02   8.81021987e-03
      2.22769633e-02]
   [  2.47929224e-02  -2.34264797e-02   1.46514264e-02  -2.21672656e-02
     -1.34052799e-02]
   [ -1.95641479e-02   2.24267517e-02   3.12252080e-03   4.08255120e-03
      5.91178539e-04]]

  ..., 
  [[  1.59538620e-02   2.28441915e-02  -2.06177384e-02  -2.68841285e-02
      1.67705710e-02]
   [  2.92420716e-02   2.86657855e-02  -1.38038861e-02  -2.89415522e-04
     -4.00370924e-03]
   [ -1.08851173e-02  -2.79943387e-02   1.21004456e-03  -2.73095108e-02
      2.62704709e-02]
   [ -1.17178547e-02   1.51129243e-02   1.25376199e-02  -1.52319185e-02
     -1.02990867e-02]
   [  1.22679595e-02  -7.21139679e-03   5.36867569e-03   2.89828051e-02
      1.64075068e-02]]

  [[  1.73664693e-02   1.58641052e-02   3.64675910e-03   4.85193607e-03
      1.18808292e-02]
   [ -2.07492363e-02   2.92056159e-02   1.37665980e-02   1.73350572e-02
      3.61583407e-03]
   [  2.72066775e-03   2.76845165e-02  -1.22599578e-02   9.83271800e-03
     -6.09866323e-03]
   [  1.62093998e-02   2.27581841e-02   6.17245158e-05   1.53940577e-02
     -2.35065716e-02]
   [ -1.17257764e-02   4.82588111e-03  -2.42451054e-03   1.43129275e-02
      7.04189070e-03]]

  [[  9.29442504e-03  -2.15721163e-02   2.51872643e-02  -2.24925803e-02
      1.58960827e-02]
   [ -2.82450425e-02  -1.62933952e-02  -2.84522775e-02   3.45128665e-03
     -1.34457741e-03]
   [  1.12093527e-02  -1.57358918e-02   5.26037252e-03   7.53301745e-03
     -1.32947108e-02]
   [ -1.04311410e-02  -7.52394970e-03  -1.08327380e-02   6.97650703e-03
     -5.18663983e-03]
   [  4.19604057e-03   2.15437372e-02   2.85402453e-02   2.65930628e-02
      8.64912752e-03]]]


 [[[  2.41654192e-02  -2.02990765e-02  -5.37508969e-03  -2.75451798e-02
      6.17567187e-03]
   [ -2.49247843e-02   2.64175113e-02   1.44820922e-02  -4.82680695e-03
      1.68635320e-02]
   [  1.58866821e-02   8.30451460e-03  -2.05232348e-03  -6.89139109e-04
      2.22061980e-02]
   [  2.49750594e-02  -1.43089301e-02   9.35197284e-04   5.87229178e-03
      1.06098881e-02]
   [ -7.42879869e-04  -5.69899771e-03  -2.06070017e-02  -9.95589405e-03
     -2.58744438e-02]]

  [[ -2.20993827e-02   1.03948392e-02  -1.35136432e-02  -1.31679247e-02
      1.92918910e-02]
   [  1.88596034e-03  -2.21126733e-02  -2.42032672e-02  -1.07964963e-02
     -2.02695584e-02]
   [  1.41906332e-02   1.68835501e-02  -2.62238922e-02  -1.16664530e-02
      1.29450068e-02]
   [  3.52472137e-03  -1.69285643e-02  -1.55123150e-02   1.83135103e-04
      2.64934526e-03]
   [ -2.54331352e-02   2.10533655e-02  -2.88774137e-02  -2.89436229e-02
      2.29004668e-02]]

  [[ -6.70987282e-04  -9.60161089e-04   2.88719413e-02   2.91724002e-02
     -8.65328164e-03]
   [ -1.76866480e-02   2.81468186e-02   2.07803365e-02   1.75939811e-02
     -5.62375583e-03]
   [ -1.45782591e-02  -3.70821640e-03  -2.60757241e-02   4.69654944e-03
     -5.85584600e-03]
   [  8.43384415e-03  -1.79561482e-02  -5.92269716e-03   2.32877708e-02
     -4.21694497e-03]
   [  2.63206959e-02   2.58219153e-02  -2.27780458e-02   6.10745057e-03
      1.30313943e-02]]

  ..., 
  [[ -2.50455483e-02  -2.01773777e-02  -6.78482606e-03  -1.30020064e-02
      4.79449610e-03]
   [  1.67790758e-02  -1.43096076e-02  -3.20683725e-03   1.00157467e-02
      1.52593707e-03]
   [ -2.88579538e-02   1.38613386e-03   4.63135495e-03   2.35229439e-02
     -1.85062990e-02]
   [  2.92486128e-02   1.98909170e-02  -4.46452934e-03   6.64993609e-03
      1.94421044e-02]
   [ -5.75894362e-03   1.61891777e-02  -2.79163491e-02   2.82777391e-02
     -1.44967970e-02]]

  [[ -1.23423679e-02   8.61501062e-03  -5.93629278e-03  -1.81364186e-02
      4.68135048e-03]
   [  2.24317753e-03  -1.38160295e-04  -2.01148563e-02   2.78231482e-02
      7.98912539e-03]
   [ -2.21914891e-02  -1.46065433e-02   2.65946802e-02   2.05509649e-02
     -1.84643685e-02]
   [ -8.21816329e-03  -2.61026025e-03  -2.69717746e-02  -2.74393049e-03
      2.40564103e-02]
   [  1.24871866e-02  -1.42008588e-02   2.22816974e-02  -2.42784937e-02
     -2.00612490e-02]]

  [[  1.77448283e-02   2.57338811e-03  -2.20414919e-02   1.69189454e-02
      1.02728648e-03]
   [  2.13268854e-02  -1.73104921e-02   7.26890844e-03   1.55960294e-02
     -1.81912968e-02]
   [  1.99150230e-02  -2.48021738e-02  -1.58098771e-02   2.45906943e-02
      1.35484921e-02]
   [  2.90455578e-02   1.89623825e-02   3.11693261e-03  -8.47122041e-03
      1.09413602e-02]
   [  1.38947842e-02   2.23510709e-02   1.42628117e-02   6.17122781e-03
      9.99073699e-03]]]][0.020892568534783194, -0.008972052599656312, -0.0009590609564076313, -0.0024974643885114986, -0.010515408310111753, 0.016344716368769562, 0.028046719316582477, -0.02839663397251442, -0.02645120441718308, 0.012757579572699341, 0.00784186344633107, -0.014740220000452742, 0.00339925256033927, -0.019488571495214827, 0.007915435239005623, 0.0012795848297261943, 0.026475561265539533, 0.005958740532564993, -0.005587120974099899, -0.015938300988381192, 0.0015266124089931, -0.011302401204025474, -0.011233409762216873, 0.02119962066446959, 0.013700064446113987, -0.015743162218914246, -0.008972564156523637, 0.013243206402901001, 0.009587002012765477, 0.027717847371347245, 0.003593507355632037, -0.023203174084922243, -0.0096077353819836, 0.0006485342278033553, 0.02076088429362635, 0.020233946460459614, -0.0040265909465988965, 0.013550854102469822, 0.018229078028551424, -0.0063933839488761225, -0.019734013614558808, 0.0001549166999438127, -0.006275007950470181, -0.027094370631122813, -0.0073060113174317105, 0.0125970668246041, -0.018802148001074385, 0.009385701975499833, -0.023589610103039286, -0.010556561706010267, -0.012524437360519131, 0.014102756430809073, -0.0014526298646131593, 0.026181996309536684, -0.018621840366305056, -0.0058481531137796194, 0.0010156322977742348, 0.0009324242548694635, -0.01703814696262646, -0.018010364400708297, 0.011183508334088096, -0.013397512289201309, -0.029081807401208783, -0.02137758485361314, -0.027407593726523204, 0.0008318657437160343, 0.023747958825309178, 0.018844899683389194, -0.0196267513655936, 0.019559940545618524, 0.002936565919138063, 0.00690361177566139, -0.006657897259469619, -0.018035232495115624, 0.0021113299014322608, 0.02275447698571732, 0.003517234297140664, 0.0216018310850524, 0.0007119856941069959, 0.015114148208716673, -0.01006652871834289, 0.028613722832437165, -0.026935887006893512, -0.013054786716203262, 0.02827688534170369, 0.005038812684541722, 0.0004779190616138705, 0.02807463718339843, -0.01338269629488666, 0.00962682640781454, 0.019694685037812052, -0.009218299731562685, 0.013093821839471591, 0.016963094351947396, -0.01654672442959803, -0.019557303955995847, -0.015444388092205491, 0.02926300194240559, 0.023668093417171066, 0.02223469928773979, -0.02006003507665209, -0.029462709251562615, 0.017583952371828474, 0.006019253395128616, 0.022209044508915938, 0.02511156847000909, -0.026549554655314115, 0.02695245611550413, -0.026772145010384316, -0.02545713539824467, -0.023007526220537703, -0.011355315499503662, -0.01293034358751063, 0.00284315659900063, 0.01105274014978289, -0.005718591245549239, -0.00542616966526753, 0.023007362592220432, -0.009034819367082239, -3.4929132187177386e-05]
-----------------------------------------------
[[  1.68025855e-02   1.79321559e-02   1.06261966e-02 ...,   1.81392774e-02
   -5.80696730e-03  -5.78454744e-03]
 [  6.54152800e-03   1.34080591e-02  -4.96324422e-03 ...,  -7.89159007e-03
    1.28532551e-02   1.74304758e-02]
 [  7.24618667e-03  -1.80472771e-02  -9.95864961e-03 ...,   6.55495149e-05
    1.34181379e-02   3.98435333e-03]
 ..., 
 [  4.35312459e-03   1.88315932e-02  -5.35847849e-03 ...,  -1.24282749e-03
    8.29820149e-04  -1.45198493e-02]
 [  9.47434196e-03  -1.22941017e-02  -1.95638670e-02 ...,  -1.27130701e-02
    7.98738290e-03   8.82817766e-03]
 [ -2.87489721e-03  -5.19194075e-03  -3.33564996e-04 ...,  -4.95471554e-03
   -9.07457970e-03  -7.60460891e-03]][-0.01325271  0.01201025 -0.01062581 -0.01660452  0.01400796  0.00913164
 -0.01698795 -0.01069468  0.01029691 -0.00279086  0.00533707 -0.01245706
 -0.00978481 -0.00158655 -0.00498151 -0.0167164   0.01495761  0.00886679
  0.01285281  0.00992005 -0.00852916  0.01620444  0.00831917 -0.00790636
 -0.00747039 -0.00347184 -0.01814858 -0.01285664  0.00575686 -0.01678612
 -0.00785969 -0.01603037  0.01522263 -0.00687132  0.00986529 -0.00224837
 -0.00548494  0.01921314  0.01095156  0.01248328  0.00951383  0.0179339
  0.00507563 -0.01667253  0.01869113 -0.00467823  0.00179072 -0.00798748
  0.00516445  0.00018499 -0.00451487  0.0176211   0.00387881  0.00378033
  0.01348491 -0.01287492 -0.01307098  0.01443043  0.00646448 -0.00114235
 -0.01600392 -0.00213305  0.00587769 -0.01857133 -0.00697537  0.00913769
 -0.01512151  0.01557971 -0.00117586  0.00577022  0.00823121 -0.00670755
 -0.00556226  0.01195916  0.01945025  0.00346255 -0.0175475   0.01261489
  0.00634517  0.01041561 -0.01511682 -0.00270139 -0.00082814  0.00182136]
-----------------------------------------------
[[-1.  1.  1. -1. -1.  1.  1.  1.  1.  1.  1. -1. -1. -1. -1.  1. -1.  1.
   1.  1. -1.  1. -1.  1.  1.  1. -1. -1.  1. -1.  1. -1.  1.  1.  1.  1.
   1. -1.  1.  1. -1. -1.  1.  1. -1. -1.  1. -1. -1.  1. -1.  1. -1. -1.
  -1. -1. -1. -1. -1.  1.  1.  1. -1.  1.  1.  1. -1.  1.  1. -1. -1. -1.
   1. -1.  1. -1. -1.  1.  1.  1.  1. -1.  1. -1.]
 [-1.  1.  1. -1. -1. -1.  1. -1. -1. -1. -1. -1.  1. -1.  1.  1.  1.  1.
   1. -1.  1.  1. -1.  1.  1.  1. -1.  1.  1.  1. -1. -1. -1. -1. -1. -1.
  -1. -1. -1.  1. -1. -1.  1. -1.  1. -1.  1.  1. -1.  1.  1. -1. -1. -1.
  -1. -1.  1.  1. -1. -1. -1.  1.  1.  1.  1.  1. -1.  1.  1. -1. -1. -1.
   1.  1.  1.  1. -1. -1.  1. -1. -1. -1. -1. -1.]
 [ 1.  1. -1. -1. -1. -1. -1.  1.  1. -1. -1.  1.  1. -1. -1.  1.  1.  1.
  -1.  1.  1. -1.  1. -1.  1. -1. -1.  1. -1. -1. -1.  1. -1. -1.  1. -1.
  -1. -1.  1. -1. -1.  1.  1.  1.  1. -1. -1.  1.  1. -1.  1. -1. -1.  1.
   1.  1.  1.  1.  1.  1. -1. -1.  1. -1. -1.  1. -1.  1.  1. -1. -1.  1.
   1. -1.  1. -1.  1.  1. -1.  1.  1.  1.  1. -1.]
 [ 1. -1. -1. -1. -1.  1. -1.  1.  1.  1. -1. -1. -1.  1.  1. -1. -1. -1.
  -1.  1.  1.  1. -1.  1. -1.  1.  1. -1.  1.  1. -1.  1.  1. -1. -1.  1.
   1. -1.  1.  1.  1.  1.  1. -1.  1. -1. -1. -1.  1. -1. -1. -1.  1. -1.
   1.  1. -1.  1.  1.  1.  1. -1. -1. -1. -1. -1. -1. -1. -1.  1. -1. -1.
   1. -1. -1.  1. -1. -1.  1.  1. -1. -1. -1. -1.]
 [-1. -1. -1. -1.  1.  1. -1. -1. -1.  1.  1. -1. -1. -1. -1.  1.  1.  1.
   1.  1.  1.  1. -1. -1. -1. -1.  1. -1. -1.  1.  1.  1.  1. -1. -1. -1.
   1.  1.  1.  1.  1.  1.  1.  1.  1. -1. -1.  1.  1. -1. -1.  1. -1. -1.
  -1.  1. -1.  1.  1.  1. -1.  1. -1.  1.  1. -1.  1. -1.  1.  1. -1.  1.
  -1.  1. -1.  1. -1.  1.  1. -1.  1. -1.  1.  1.]
 [-1.  1. -1. -1. -1.  1.  1. -1. -1.  1. -1. -1.  1. -1. -1.  1.  1. -1.
   1.  1.  1. -1.  1. -1. -1.  1.  1. -1. -1. -1. -1.  1.  1.  1. -1. -1.
   1.  1.  1.  1. -1.  1. -1.  1.  1.  1.  1. -1.  1.  1.  1. -1. -1. -1.
   1.  1. -1.  1. -1.  1.  1.  1. -1. -1. -1. -1. -1. -1. -1. -1.  1.  1.
  -1.  1.  1. -1. -1.  1. -1. -1.  1.  1.  1.  1.]
 [ 1. -1.  1. -1.  1. -1. -1. -1.  1. -1.  1. -1.  1. -1.  1. -1.  1. -1.
  -1. -1.  1. -1.  1. -1.  1.  1.  1.  1.  1. -1. -1.  1.  1. -1. -1.  1.
   1.  1. -1.  1.  1.  1.  1. -1.  1. -1. -1.  1. -1. -1. -1.  1.  1. -1.
   1.  1.  1. -1.  1. -1.  1.  1.  1. -1.  1.  1.  1. -1.  1. -1.  1.  1.
  -1.  1. -1. -1.  1. -1.  1.  1. -1. -1.  1.  1.]
 [-1. -1. -1.  1. -1.  1.  1.  1.  1.  1.  1. -1.  1.  1.  1. -1. -1.  1.
  -1.  1. -1. -1.  1.  1. -1.  1. -1. -1.  1. -1.  1.  1. -1. -1.  1.  1.
   1. -1. -1. -1.  1. -1. -1. -1.  1. -1. -1.  1.  1. -1.  1.  1.  1. -1.
  -1.  1. -1.  1.  1.  1. -1.  1.  1.  1.  1.  1. -1. -1.  1. -1. -1.  1.
  -1.  1.  1.  1. -1.  1.  1. -1.  1. -1.  1.  1.]
 [-1. -1. -1. -1. -1. -1.  1.  1. -1.  1. -1.  1. -1.  1.  1.  1. -1.  1.
   1.  1.  1.  1. -1.  1. -1.  1.  1. -1. -1.  1. -1.  1.  1. -1.  1. -1.
   1. -1.  1.  1. -1. -1.  1.  1. -1. -1. -1.  1.  1. -1. -1. -1.  1. -1.
   1.  1. -1. -1.  1.  1.  1. -1. -1. -1. -1. -1.  1. -1. -1. -1. -1. -1.
  -1. -1.  1. -1. -1.  1. -1. -1. -1.  1. -1.  1.]
 [-1. -1. -1.  1. -1.  1. -1.  1. -1. -1.  1.  1.  1.  1.  1. -1.  1.  1.
  -1. -1.  1.  1.  1. -1.  1. -1.  1.  1.  1. -1. -1. -1.  1.  1.  1.  1.
  -1.  1.  1. -1.  1. -1.  1. -1.  1. -1. -1. -1.  1. -1.  1. -1. -1.  1.
  -1. -1.  1.  1. -1. -1.  1.  1.  1.  1. -1. -1. -1. -1.  1. -1.  1. -1.
   1. -1. -1.  1.  1.  1. -1.  1. -1.  1.  1.  1.]]
-----------------------------------------------
