[[[[ 1.97222663e-01  6.41453713e-02 -2.98624899e-01  1.80777421e-01
     2.35458015e-02]
   [ 2.44071415e-01  3.49689481e-01 -1.98020683e-01  3.84792646e-01
     3.21076544e-01]
   [ 1.60467611e-01 -3.69187943e-01 -1.62141890e-02 -3.64416863e-01
     1.42540373e-01]
   [ 2.62188912e-01  1.95178467e-01 -7.69297566e-02 -7.58569005e-02
     3.56040864e-01]
   [ 1.65095064e-01 -1.97801960e-01  3.74309271e-01 -2.90974513e-01
     1.33013729e-01]]]


 [[[ 2.39630027e-01  2.21543459e-02 -3.24090065e-01 -2.05909045e-01
     3.12534617e-01]
   [ 3.24633554e-01  3.45867676e-01  3.38931074e-01  3.21159005e-01
    -8.49720277e-02]
   [ 1.11914653e-01  1.85370996e-01  1.95424313e-01 -1.96494159e-02
     1.80827774e-01]
   [ 2.25797525e-01 -3.76189577e-01 -1.99518120e-01  8.72488411e-02
    -4.04262699e-02]
   [ 1.58694807e-01  2.72211382e-01  2.53276598e-01 -3.56445729e-01
    -2.73580255e-01]]]


 [[[ 2.31655236e-01  1.10186322e-04 -9.58319914e-02  9.69453195e-02
    -3.99278484e-01]
   [ 3.56345614e-01 -5.86217189e-02 -1.90955140e-01  7.63887806e-03
     2.68587638e-01]
   [ 7.01832683e-03  7.85442317e-02 -2.74651839e-04  3.29713043e-01
     2.47306366e-01]
   [ 6.11478570e-02  1.41156516e-01 -1.36179874e-01  1.60250710e-01
    -1.66616054e-02]
   [ 7.26932547e-02 -2.79620720e-01  2.12953683e-01 -4.03557451e-02
    -3.04102912e-01]]]


 [[[-3.26100278e-01 -1.94683165e-01 -3.09839668e-01  1.72518737e-01
    -1.68654882e-01]
   [ 7.93694646e-02  1.85947836e-01  1.19889112e-01  3.42544311e-01
    -3.28704713e-01]
   [ 6.60276953e-02  2.08561372e-01 -2.70688045e-01 -9.78198017e-02
     3.24223964e-01]
   [ 2.33126280e-01 -3.23802649e-01  9.14467692e-02 -3.81407206e-01
    -1.22776111e-01]
   [ 3.36876852e-01 -2.63658764e-02  1.34980890e-02  3.39371347e-01
     4.44627540e-02]]]


 [[[ 3.73520806e-01 -3.44242604e-01  1.47823227e-01  3.83181884e-01
     3.16183924e-01]
   [-2.30785761e-01 -3.39000580e-01 -9.96835156e-02 -2.77303725e-01
     1.85280032e-02]
   [-2.57747434e-01 -3.25846234e-01 -3.84498182e-01  3.60794794e-01
     3.46942730e-01]
   [-2.16355106e-01  3.24636273e-01  2.17006726e-01 -3.85058228e-01
    -1.14687745e-01]
   [ 1.11362894e-01  3.44658316e-01 -3.23303775e-01  2.86043008e-01
     9.71537720e-02]]]


 [[[-2.14758210e-02  3.07773397e-01 -3.56680501e-01 -3.72811493e-01
    -9.11592656e-02]
   [ 3.17758773e-01 -1.63921355e-01 -2.71884947e-01  2.61627636e-01
    -1.05239439e-01]
   [-2.66380018e-01 -1.95825075e-04  1.75628220e-01 -3.06132231e-01
     3.63710313e-02]
   [ 3.44708443e-01  3.64987507e-01 -1.15668865e-01  1.70701985e-01
    -1.59890635e-01]
   [ 2.14962903e-01 -6.91828391e-02  3.54619477e-01 -2.99374507e-01
     1.81768357e-01]]]][0.0009544128948691943, 0.06509077035076222, 0.19532629681527508, 0.2782280319977288, -0.23300403483609616, 0.08625181740484011]
-----------------------------------------------
[[-0.32708066 -0.08221928]
 [-0.30600888 -0.14213933]
 [ 0.07270597 -0.32659257]
 [-0.011872    0.05734939]
 [ 0.02483261  0.3775469 ]
 [-0.20099619 -0.09920886]]
-----------------------------------------------
[array([[[-0.14463701, -0.13506804,  0.03421623,  0.03898466,
          0.01250178],
        [-0.12060835,  0.04129472,  0.0359942 , -0.02440988,
          0.10316077],
        [-0.06488006,  0.0342516 ,  0.14366095,  0.09058305,
          0.13744237],
        [-0.02419573,  0.11388583, -0.07482942,  0.02040498,
          0.13782454],
        [-0.02148774, -0.07588116,  0.10054318, -0.12374907,
         -0.10346517]],

       [[ 0.04294344, -0.04202933, -0.13157557, -0.07613868,
          0.04213953],
        [ 0.11933896, -0.12923066,  0.13370992,  0.04038178,
          0.11400859],
        [ 0.0378352 , -0.03934295,  0.06085702, -0.07847544,
         -0.01669777],
        [-0.11416815, -0.13384898, -0.04584704,  0.11557461,
         -0.06166472],
        [ 0.14394016, -0.06536179,  0.01254934, -0.11313949,
          0.0654852 ]],

       [[-0.11079937,  0.08678447,  0.0845248 ,  0.0711645 ,
          0.14911222],
        [-0.03618155, -0.10644222,  0.07583218,  0.0528975 ,
          0.03743138],
        [ 0.13699139,  0.06654345, -0.09781402,  0.01535407,
         -0.12195867],
        [ 0.10427323,  0.05510483, -0.06988186,  0.09665535,
          0.13585101],
        [-0.09805493, -0.11285081,  0.03457686,  0.03527456,
         -0.05674461]]])
 array([[[-0.00832456, -0.00787509,  0.05052781,  0.12106774,
          0.12435869],
        [-0.05543216, -0.14279421,  0.14071092, -0.02789226,
         -0.03814464],
        [ 0.09502857,  0.10645138, -0.02998954,  0.14937466,
          0.0465859 ],
        [ 0.12478539, -0.0452363 ,  0.10213244,  0.01430838,
         -0.06953453],
        [ 0.10750132,  0.05323651, -0.07737522,  0.04008261,
          0.10747567]],

       [[ 0.10208111,  0.04674072,  0.10157644, -0.08163052,
          0.07107427],
        [ 0.10379408,  0.08587942, -0.0726387 , -0.0430622 ,
          0.02081195],
        [-0.05258905,  0.06389108,  0.13916224, -0.08862009,
          0.11955023],
        [ 0.10530942,  0.03935328, -0.13838466,  0.07191772,
          0.10303917],
        [-0.06647507,  0.04632706, -0.0103375 ,  0.11814984,
          0.04053718]],

       [[-0.12425401, -0.03529362, -0.12283385, -0.00321505,
          0.11871774],
        [ 0.10433727, -0.0464923 , -0.08337487,  0.12191178,
          0.11768165],
        [ 0.00215157, -0.1010851 ,  0.00651857, -0.07885882,
          0.13453365],
        [-0.09547504,  0.10366716, -0.08973906,  0.13719474,
         -0.01221163],
        [ 0.02397495,  0.05493232, -0.10081942, -0.03650696,
         -0.01442993]]])
 array([[[-0.04781087, -0.08326176,  0.08988549, -0.0158127 ,
          0.01780231],
        [-0.08437933, -0.03692632, -0.03161561, -0.13932154,
         -0.11508665],
        [-0.13034206,  0.07375589, -0.0273635 , -0.04291378,
          0.0308138 ],
        [-0.11403603,  0.13801283, -0.0644469 , -0.06056751,
          0.00930565],
        [ 0.11556651,  0.05532297,  0.12912404, -0.1429213 ,
          0.05562044]],

       [[-0.08768793, -0.05551659,  0.13886938,  0.02549764,
         -0.01678414],
        [-0.05999537, -0.08195438, -0.06710651, -0.08807474,
          0.11965645],
        [-0.09248517, -0.04659434,  0.11885758, -0.12153465,
          0.11582622],
        [-0.00302165,  0.03182247, -0.01872993,  0.12295035,
         -0.00722561],
        [-0.13397384, -0.02650934, -0.00398627,  0.05081457,
          0.12639957]],

       [[-0.02965189,  0.13724656,  0.08165373,  0.13872898,
         -0.12468839],
        [-0.10252693, -0.12548624, -0.00551047,  0.14456938,
          0.09943699],
        [ 0.09046639, -0.10178533, -0.10429915,  0.05841266,
          0.03415978],
        [-0.01777247,  0.13644484,  0.04994557,  0.01681697,
          0.03580898],
        [-0.11666227, -0.12838224, -0.09349327,  0.13206452,
          0.05086879]]])
 array([[[-0.1186621 , -0.14332572,  0.1067462 ,  0.13091764,
          0.00020802],
        [-0.12255558,  0.06191263,  0.10159882,  0.0756411 ,
         -0.05915627],
        [ 0.04148932, -0.14248403,  0.05885249, -0.13485757,
         -0.04622287],
        [ 0.07095796,  0.06515025,  0.09283023,  0.08689886,
          0.01662893],
        [ 0.03772282,  0.12538929,  0.0583812 , -0.04673013,
          0.14795058]],

       [[ 0.12862759,  0.04852799, -0.04749756,  0.0834755 ,
          0.0325365 ],
        [-0.12227148, -0.03581247, -0.07758046, -0.08709737,
          0.12405165],
        [ 0.0755724 , -0.14752525, -0.05265628,  0.02797958,
         -0.12003396],
        [ 0.10133857, -0.09995191,  0.14402061, -0.07147411,
         -0.10358204],
        [-0.07580303,  0.13800951,  0.0088783 , -0.02241723,
         -0.10908727]],

       [[-0.09370986, -0.02000156, -0.13456188, -0.03401413,
         -0.06088631],
        [-0.00672674, -0.00239664,  0.13679498,  0.05226585,
         -0.14725534],
        [ 0.04377595,  0.08044313, -0.0633566 ,  0.0750904 ,
         -0.11746408],
        [ 0.06039169,  0.13139811, -0.00981062, -0.02447054,
         -0.01568824],
        [ 0.08480272, -0.08129656, -0.01535316, -0.11322134,
          0.01243711]]])
 array([[[ 0.09526417, -0.09123795, -0.1268004 ,  0.00066371,
         -0.03177314],
        [ 0.03393527, -0.13813305, -0.10345881,  0.12570014,
         -0.14547754],
        [-0.05429847,  0.11390953,  0.141696  ,  0.05544897,
          0.04747213],
        [-0.0210525 , -0.0779051 ,  0.10693541,  0.08427761,
         -0.00434118],
        [ 0.07888871, -0.01475929,  0.06474918, -0.12924302,
          0.10421538]],

       [[-0.01316768,  0.09678788,  0.06509789, -0.01435211,
          0.03772843],
        [ 0.03746266, -0.03412319,  0.07301099,  0.11073309,
          0.01411834],
        [ 0.12451394, -0.14259678,  0.05083116,  0.02712111,
          0.04510705],
        [ 0.00615549,  0.10890004,  0.04278068, -0.11675342,
         -0.11121237],
        [-0.09070627,  0.02283994, -0.10284254, -0.13914564,
          0.06288988]],

       [[-0.09101857, -0.0978568 , -0.11678937, -0.10257099,
          0.09346441],
        [ 0.13063132, -0.14357577,  0.00418994,  0.09528258,
         -0.02408556],
        [ 0.03215293,  0.07123974,  0.10551557,  0.12615603,
          0.14388943],
        [-0.05374626, -0.13633104,  0.1052237 ,  0.00541839,
          0.05379521],
        [-0.12194712,  0.1191499 ,  0.10895629, -0.10910268,
          0.04612834]]])
 array([[[ 0.10727721, -0.12687803, -0.08232157, -0.08318728,
         -0.07390197],
        [-0.12904415, -0.14342956, -0.03784742, -0.12470771,
         -0.12593517],
        [ 0.1319195 , -0.01282584,  0.04638443, -0.04184406,
         -0.14062174],
        [ 0.09507885, -0.10854643, -0.07358504,  0.10086961,
         -0.14939026],
        [ 0.0242664 ,  0.12995699,  0.06498947,  0.14983578,
          0.09817852]],

       [[ 0.03724888, -0.02963823, -0.01012266,  0.06187587,
         -0.05482166],
        [-0.07986422,  0.07352245,  0.09194206, -0.14324776,
         -0.05527013],
        [ 0.04488329, -0.13557583, -0.03241327, -0.12177283,
          0.04539774],
        [ 0.06524698,  0.02454273,  0.06846682, -0.05091814,
         -0.01221309],
        [ 0.05714593, -0.1446112 ,  0.00371263, -0.01253456,
         -0.06992075]],

       [[ 0.14651084,  0.03177685, -0.03939272, -0.02140031,
          0.12786818],
        [ 0.14553539,  0.10043373,  0.04410273, -0.12302423,
          0.08594395],
        [ 0.04186764,  0.14055237, -0.07436979, -0.07341447,
         -0.08846067],
        [-0.05995191, -0.0009742 ,  0.07693105,  0.09248303,
         -0.1305848 ],
        [ 0.01929922,  0.06302742, -0.10100179,  0.14819994,
         -0.01041926]]])
 array([[[-0.03673098, -0.07584214, -0.07025452, -0.068254  ,
          0.0402778 ],
        [ 0.11215808, -0.02281241,  0.09094087,  0.09044129,
         -0.11421111],
        [ 0.08841911,  0.0717919 ,  0.09081762, -0.08135722,
         -0.01132528],
        [-0.00379659,  0.0370587 , -0.08258456,  0.11387507,
         -0.06872647],
        [-0.01632233,  0.07717211, -0.00153835, -0.01953948,
         -0.01283617]],

       [[-0.00334152,  0.00276515,  0.10386599, -0.00091753,
          0.03674623],
        [ 0.05133013, -0.08840409, -0.03662681, -0.10132073,
          0.11393708],
        [ 0.11080214,  0.02045216,  0.03499747, -0.04638003,
         -0.10347971],
        [-0.0582593 ,  0.00826304,  0.01370968, -0.03187988,
          0.07520572],
        [-0.11074817,  0.02522352, -0.04049097, -0.04016058,
         -0.07135941]],

       [[ 0.08660257, -0.03995692,  0.0478353 , -0.00966375,
         -0.05514619],
        [ 0.099429  , -0.0563458 , -0.03377283, -0.0943222 ,
         -0.09037632],
        [ 0.08454826, -0.00163855,  0.08074741, -0.04378591,
         -0.05870368],
        [ 0.06227945, -0.09515358, -0.04562233,  0.03861652,
         -0.11105988],
        [-0.01327018,  0.09224236,  0.11426943, -0.09894232,
          0.06374929]],

       [[ 0.07445119,  0.02889396, -0.00014766,  0.09432831,
         -0.06458402],
        [ 0.02952959,  0.07455072,  0.00544556,  0.09088825,
         -0.0474525 ],
        [-0.06192357,  0.08450586,  0.06786967, -0.09360968,
         -0.07037072],
        [-0.04411045, -0.04124568,  0.05005335, -0.10190922,
         -0.02447528],
        [ 0.1118305 , -0.03705252,  0.01388207,  0.04567736,
         -0.06402799]]])
 array([[[-0.09645524, -0.09459502,  0.1118545 ,  0.056292  ,
         -0.03617276],
        [ 0.07012452,  0.09795537,  0.00851127, -0.00199834,
          0.01056008],
        [ 0.01879787, -0.07774074,  0.00906437, -0.00770958,
         -0.07693416],
        [ 0.01666266, -0.10299296,  0.07102469,  0.03404508,
         -0.03761618],
        [-0.11083958,  0.06470845,  0.07997137, -0.07741823,
         -0.04178873]],

       [[ 0.08167236, -0.01484782, -0.07561449, -0.04323346,
         -0.05403176],
        [-0.05867286, -0.00841888, -0.06257952, -0.10859525,
          0.02378405],
        [-0.05144244,  0.09969079, -0.09848663, -0.05885849,
         -0.01086758],
        [ 0.04659142,  0.04763112,  0.07844167, -0.0358933 ,
         -0.02884421],
        [-0.11278055,  0.09923436,  0.03779453, -0.0538046 ,
         -0.09735022]],

       [[ 0.00292575, -0.02853533, -0.10184059,  0.06454193,
          0.06312242],
        [-0.02220987, -0.00392237, -0.05521973,  0.08339513,
          0.05168473],
        [ 0.06460192, -0.10606029, -0.03102615, -0.10059761,
         -0.02661184],
        [ 0.0677971 ,  0.10185863,  0.06790984, -0.0743003 ,
          0.00532694],
        [ 0.07521925,  0.03347474, -0.03371949,  0.09186385,
         -0.09204104]],

       [[-0.01504794, -0.09623672, -0.03478576,  0.05171474,
          0.07642799],
        [ 0.07197161,  0.10418591,  0.10634899,  0.07690215,
         -0.06025567],
        [-0.04754275, -0.00681787, -0.06174986, -0.01312298,
         -0.01930185],
        [ 0.05580382, -0.04080357, -0.01591176, -0.05644622,
         -0.02521853],
        [-0.10499722,  0.03037002,  0.04823995,  0.03797504,
         -0.04633197]]])
 array([[[ 0.05045463, -0.00995556, -0.08036746,  0.07830501,
          0.04486484],
        [ 0.07719198,  0.04654189,  0.03756688, -0.07430432,
         -0.08850064],
        [-0.10226418, -0.04833212, -0.11106636, -0.10627041,
         -0.09125349],
        [ 0.00880106,  0.05019221,  0.00680236,  0.10596383,
         -0.04083502],
        [-0.05227336, -0.11382241,  0.05785322, -0.01428819,
          0.0937619 ]],

       [[ 0.05752233,  0.0130104 , -0.09472548, -0.03137946,
          0.01810579],
        [ 0.05397694,  0.01311978,  0.05172753, -0.10616277,
          0.05376506],
        [-0.10173477,  0.01708548,  0.08485539,  0.01607181,
          0.10749696],
        [-0.00477504, -0.03540983, -0.01151145, -0.07209993,
          0.0812691 ],
        [-0.06965099,  0.00758896,  0.10030008, -0.06730837,
          0.10957068]],

       [[ 0.07227289, -0.09202824, -0.05869864,  0.07823383,
         -0.07332659],
        [-0.03388356, -0.06304788, -0.04197562,  0.0633588 ,
         -0.04036162],
        [-0.04859744, -0.05917018,  0.06639426, -0.03712965,
          0.09386384],
        [ 0.02731708, -0.1108271 ,  0.02932097,  0.0991251 ,
          0.06194288],
        [ 0.0597513 ,  0.03268299,  0.03971622, -0.05401397,
         -0.06346178]],

       [[-0.0545799 ,  0.04899316,  0.06982719, -0.11252452,
          0.02688068],
        [ 0.0373205 , -0.08346368, -0.00515562, -0.03109313,
          0.0326191 ],
        [-0.09818279, -0.04087627, -0.01923029,  0.09447456,
          0.04465788],
        [ 0.07544389,  0.02474063, -0.02420567,  0.09424009,
          0.03018526],
        [ 0.11320408,  0.10294913,  0.10259552,  0.10120584,
         -0.09754806]]])
 array([[[ 7.33927605e-02,  9.26231764e-02,  2.72569129e-02,
          1.05081000e-01,  1.08874355e-01],
        [ 2.16237435e-03,  3.05351070e-02,  1.02083576e-01,
         -7.42751189e-02,  3.79337206e-05],
        [-4.98362796e-02, -5.85956775e-02, -5.05605536e-02,
          1.72625151e-02, -5.09458780e-02],
        [-1.02445519e-01, -1.29897529e-02, -1.01414830e-01,
         -7.55568998e-02, -3.86157628e-02],
        [-9.15260839e-02,  8.33681667e-02, -8.08307857e-02,
          2.61097705e-03,  1.08297084e-01]],

       [[ 7.40731878e-02, -7.79466822e-02, -7.19960568e-02,
         -6.73962837e-02,  8.24057954e-02],
        [-6.80133056e-02, -1.31583627e-02,  4.74497865e-02,
          9.53496248e-02, -5.47735739e-02],
        [ 1.10014515e-01, -2.19785098e-02,  4.32075894e-02,
          3.04088254e-02,  5.58771356e-02],
        [ 7.03456956e-02,  8.57498070e-02,  8.64550791e-02,
          8.20588489e-02,  7.68488193e-02],
        [ 3.04739059e-02, -5.04601893e-03,  5.32532682e-02,
          7.15315304e-02,  1.03507984e-01]],

       [[-2.79516169e-02, -7.41016267e-02,  6.76640201e-02,
         -8.80171144e-02,  5.12397107e-02],
        [ 2.56305286e-02, -4.22761409e-02,  5.82301387e-02,
          8.16602581e-02, -1.63389088e-02],
        [ 3.25955846e-04, -5.35034025e-02, -6.82887311e-02,
          3.69635947e-02, -3.44128361e-02],
        [-6.45981567e-03,  5.35210749e-02,  1.06689437e-02,
         -5.70116897e-03,  1.04524668e-01],
        [ 5.82522502e-03,  1.10354214e-01, -1.80032394e-02,
         -1.12049398e-01,  8.84381514e-02]],

       [[-1.49115809e-03,  5.81095234e-04, -7.58462064e-02,
         -2.89205149e-02, -2.00952742e-03],
        [ 4.63957732e-03,  4.27469000e-02,  5.25974189e-02,
         -1.92214244e-02,  8.37918298e-03],
        [-7.92318275e-02, -1.59602827e-02,  4.02007048e-02,
         -7.56447375e-02,  4.56868516e-02],
        [ 4.07256857e-02, -5.66154585e-02,  3.22491046e-02,
         -1.09165698e-01,  7.90493977e-02],
        [-3.95964559e-02,  1.87211652e-02,  2.81924388e-02,
         -6.72309805e-02, -4.81994209e-02]]])
 array([[[ 0.02909592, -0.08010957,  0.00717538,  0.1126894 ,
         -0.0167989 ],
        [-0.00961652, -0.04173812,  0.03873795, -0.08362634,
         -0.04351852],
        [-0.00027553, -0.07022033,  0.09547277,  0.02564801,
          0.0054145 ],
        [-0.00301219, -0.0797788 ,  0.05605925,  0.10924673,
         -0.0505019 ],
        [-0.01451611, -0.04781615, -0.10383951, -0.09936532,
         -0.02888779]],

       [[-0.06847135,  0.07894977, -0.06193268,  0.03889435,
          0.00952312],
        [ 0.04187601, -0.02687237,  0.0850934 ,  0.0165236 ,
          0.0561495 ],
        [-0.03202393, -0.04154731, -0.09292192,  0.10112081,
          0.00484389],
        [ 0.07914261,  0.09611365,  0.01544585, -0.01901948,
          0.05682891],
        [ 0.04306304, -0.10557081, -0.1008778 , -0.02050157,
         -0.04149172]],

       [[-0.01167127,  0.01841378,  0.03483676,  0.05698989,
          0.00239154],
        [-0.06186521,  0.07260143,  0.07336782, -0.10189674,
          0.09499271],
        [ 0.0308081 ,  0.01808636,  0.0038092 , -0.07488618,
          0.04839496],
        [ 0.05504133, -0.01004637,  0.05789153,  0.03289573,
          0.00870876],
        [-0.01366975, -0.06876367,  0.02202335, -0.05669882,
          0.0806252 ]],

       [[ 0.06981892,  0.05245674, -0.10442348,  0.03778194,
         -0.00714654],
        [-0.04569211, -0.10878498, -0.05862958,  0.08717642,
         -0.03397716],
        [-0.06628065,  0.04842679, -0.0206951 ,  0.0972147 ,
          0.01133514],
        [ 0.02046801, -0.08550091,  0.03656061,  0.11199035,
         -0.00872325],
        [ 0.054939  ,  0.10559564,  0.00115009,  0.01658161,
          0.06253418]]])
 array([[[ 9.65942476e-02, -4.82825106e-02,  1.54727720e-02,
          5.47100199e-02,  5.08125448e-03],
        [ 3.39934803e-02, -6.66984260e-02,  1.31705097e-02,
         -4.03397592e-02,  8.38834104e-02],
        [ 1.06831074e-01,  4.33763276e-02, -6.81994151e-02,
         -6.97716956e-02,  2.98813317e-03],
        [ 1.34045007e-02,  3.35678361e-02, -5.71410824e-02,
          3.02892737e-02,  5.72597819e-02],
        [-9.57167400e-02, -2.50142291e-02, -6.19050217e-02,
         -3.74441629e-02, -3.28829034e-02]],

       [[-9.79701330e-02, -4.20002682e-02,  5.60196722e-02,
         -7.31794479e-02, -5.83669667e-02],
        [-4.59531092e-02,  9.51724346e-04, -3.85469723e-02,
          6.13811143e-02, -9.77330228e-02],
        [ 4.98543006e-04,  9.61653117e-02,  9.70863704e-02,
          6.30754238e-03,  8.28053654e-02],
        [ 5.30039951e-02, -5.27774430e-02, -1.10626156e-01,
          7.14964047e-02,  2.07389257e-02],
        [-9.34553748e-02, -2.41966634e-02, -2.00369612e-02,
          1.78927292e-03,  6.73057618e-02]],

       [[ 9.00560566e-02,  8.52654876e-02, -9.51023326e-02,
         -6.94496874e-02, -3.00610311e-02],
        [ 6.34908349e-02, -6.25330195e-02, -2.11295170e-02,
         -7.70554941e-02,  9.53741722e-02],
        [ 4.91194438e-02, -5.99796942e-02,  1.01452450e-01,
          1.51695574e-02,  7.32844099e-02],
        [-7.68320615e-02, -4.90380416e-02,  3.80980225e-02,
         -4.55512850e-02,  6.87124966e-02],
        [-9.53232074e-02, -3.26268900e-02, -9.74237074e-02,
         -5.35447434e-02, -3.18132391e-05]],

       [[ 9.02878539e-02, -2.21138964e-02, -2.01365327e-02,
         -1.07254795e-01,  6.94063811e-02],
        [ 1.01320309e-03, -5.91287560e-02,  1.05824399e-02,
         -6.52111176e-03, -1.04794022e-01],
        [-7.00275357e-02,  1.75447189e-02,  3.87582048e-02,
          2.13769580e-02,  4.83347521e-03],
        [-8.66247435e-02, -2.81167380e-02, -4.74897124e-02,
         -1.14142810e-01, -8.53086485e-02],
        [-8.09689412e-02,  5.61446366e-02, -2.31948705e-03,
          2.77738520e-02, -9.00423020e-02]]])
 array([[[-0.01000799, -0.0630877 ,  0.10883012,  0.04080831,
         -0.09981346],
        [-0.07657731,  0.02167778,  0.05811826, -0.05891559,
          0.09313909],
        [-0.07167939, -0.05857705, -0.04410469, -0.050455  ,
          0.03220175],
        [ 0.05242631,  0.09600717,  0.05724363, -0.09133969,
         -0.02144248],
        [ 0.00027008, -0.03742083,  0.07670761,  0.02633841,
          0.06493313]],

       [[-0.03393199, -0.00618306,  0.09078506,  0.07083517,
         -0.1059609 ],
        [ 0.09317513, -0.06579174,  0.0224939 ,  0.0803191 ,
          0.10627579],
        [ 0.08670092,  0.03624929, -0.00948446, -0.03051022,
         -0.01048089],
        [ 0.03150229,  0.09804256,  0.02665802,  0.03633871,
         -0.0089074 ],
        [ 0.04221246,  0.09273651, -0.04165406, -0.0802767 ,
          0.00421032]],

       [[-0.05052497,  0.01088302,  0.02099556, -0.08668586,
          0.08967016],
        [-0.06932462,  0.06339648, -0.05441462, -0.05020103,
         -0.04197651],
        [ 0.10919613, -0.05471753, -0.07735791, -0.03483308,
         -0.09951796],
        [-0.11026822, -0.06751121, -0.02201227,  0.0671688 ,
          0.10335692],
        [-0.04012476, -0.06856797,  0.07190802, -0.10341474,
         -0.01046289]],

       [[ 0.07890561,  0.07443937,  0.1126676 , -0.11095723,
         -0.05918693],
        [-0.02586792,  0.11303927,  0.01067667,  0.07451324,
          0.00222109],
        [ 0.02605596,  0.03847152,  0.07532323,  0.00424775,
          0.01566176],
        [-0.02964274,  0.01595887, -0.01604905,  0.10968377,
          0.0832436 ],
        [ 0.09396818, -0.0762763 ,  0.06862506, -0.11377015,
          0.06277918]]])
 array([[[ 0.04393646,  0.07967548, -0.09697961, -0.04152641,
          0.04845951],
        [ 0.11151573, -0.02947182,  0.00847688,  0.04395282,
          0.08963637],
        [ 0.05566659,  0.01016227, -0.08338779, -0.07266703,
          0.01593177],
        [ 0.03127938, -0.05050034,  0.06710332, -0.09857265,
         -0.04390589],
        [ 0.07175165, -0.07591002, -0.10456024,  0.06545547,
          0.00568125]],

       [[-0.07568636, -0.04738327, -0.0438092 , -0.05519844,
         -0.04302666],
        [-0.00179677,  0.11254447,  0.02291822, -0.08428614,
          0.09787192],
        [-0.02070754,  0.10938685,  0.1039863 ,  0.11328794,
         -0.08528646],
        [ 0.03994041,  0.03642693,  0.02907172, -0.07237779,
          0.05004149],
        [-0.06072347, -0.06920705,  0.00637952, -0.05175597,
         -0.02186272]],

       [[ 0.07127347,  0.02143053, -0.11047513, -0.10967336,
          0.06301724],
        [ 0.08569768, -0.01544673,  0.09875065, -0.02477354,
          0.01315541],
        [-0.02903741,  0.03348539,  0.03878836, -0.03115634,
         -0.05901194],
        [ 0.110002  , -0.06739468, -0.09247997, -0.06051514,
         -0.08370918],
        [ 0.06088473, -0.05334555,  0.09716031,  0.04316934,
         -0.07021039]],

       [[ 0.06125867, -0.04460916,  0.03291817, -0.11318226,
          0.02585138],
        [-0.04738032,  0.04551393, -0.09392081,  0.01806436,
          0.04171889],
        [-0.07880837,  0.08594703,  0.07670308, -0.11334162,
          0.01650373],
        [-0.10412529,  0.04658245, -0.04073131, -0.05119954,
         -0.10725231],
        [ 0.0360471 , -0.05895653, -0.04545462, -0.06719391,
          0.02358697]]])
 array([[[-0.0687173 ,  0.10335329,  0.07225975,  0.00917329,
         -0.05923057],
        [ 0.09661624,  0.07416727,  0.06504472, -0.03108144,
         -0.06768061],
        [-0.05395315,  0.09644991,  0.0768088 ,  0.02919954,
          0.03766669],
        [ 0.03419823, -0.07300918, -0.06426338,  0.04432549,
          0.01599011],
        [ 0.08002801, -0.01642501,  0.02293963,  0.09717657,
         -0.0591236 ]],

       [[ 0.06227206,  0.11167121, -0.01817678,  0.10046489,
         -0.09792316],
        [-0.10292254,  0.00883543, -0.07046242, -0.04845408,
          0.03971753],
        [ 0.05191829, -0.06451101,  0.06591963, -0.01283515,
         -0.01525275],
        [-0.00186586,  0.04891086,  0.10830185,  0.03648384,
          0.00841986],
        [-0.03505608, -0.03537025, -0.0735303 , -0.03449118,
          0.03852711]],

       [[-0.07514892, -0.01480514, -0.07803348,  0.06662468,
          0.08479149],
        [ 0.05713839, -0.0787743 ,  0.10501451, -0.09796701,
         -0.03478367],
        [-0.08514087,  0.06636242, -0.11042165, -0.05229691,
         -0.08497402],
        [-0.07844628,  0.08481119, -0.00346672,  0.00484934,
         -0.06564181],
        [ 0.06586475,  0.08457061, -0.08725023, -0.03216769,
         -0.10883009]],

       [[ 0.10858522, -0.10814574,  0.10943546, -0.051441  ,
         -0.0586115 ],
        [ 0.04592752, -0.07651159,  0.10867576,  0.07004397,
         -0.10619398],
        [ 0.05032485, -0.10222035, -0.04722802, -0.10738609,
         -0.01551014],
        [-0.06315773, -0.06857343, -0.10308295,  0.07164388,
          0.03791268],
        [ 0.09279317, -0.06405386, -0.04894259,  0.03793511,
          0.03628557]]])
 array([[[ 0.04909862, -0.05976117,  0.03773404,  0.00249213,
          0.04337682],
        [ 0.01420256, -0.05349494,  0.07395717,  0.05989611,
         -0.06791898],
        [ 0.06578433, -0.02411823,  0.00377386,  0.07698641,
         -0.0332054 ],
        [ 0.05754571, -0.03004853,  0.01690313,  0.01342279,
         -0.02376324],
        [-0.00869932,  0.0196257 , -0.01704428,  0.01386293,
         -0.06216711]],

       [[ 0.06758139,  0.04392084,  0.0588277 , -0.01662125,
         -0.01894096],
        [ 0.00668394,  0.06186427, -0.0016663 , -0.01249093,
          0.00205498],
        [ 0.06105439, -0.05474495,  0.0221151 ,  0.02094558,
          0.01504289],
        [ 0.06516681,  0.07220617, -0.0089357 ,  0.05737064,
          0.01133467],
        [-0.04358851, -0.03499008,  0.052327  , -0.02026853,
         -0.05211318]],

       [[ 0.06014702,  0.03714088, -0.02726557, -0.01254663,
         -0.02171953],
        [ 0.02916931,  0.00183239, -0.00553617,  0.05212146,
          0.04811259],
        [-0.04064331, -0.04604739, -0.06822488, -0.06689531,
         -0.01250018],
        [ 0.07733037, -0.04219791,  0.03849237, -0.07010072,
         -0.01492978],
        [-0.04360924, -0.06081937, -0.04040141, -0.02964538,
          0.06591271]],

       [[-0.01998068, -0.0524014 , -0.07702588,  0.05591963,
          0.02375946],
        [ 0.05519256, -0.05750029, -0.05304312,  0.06314062,
          0.05300675],
        [ 0.01171845,  0.06861182,  0.030477  ,  0.00050924,
          0.01272334],
        [ 0.07536685,  0.01739505, -0.06237757,  0.02554468,
         -0.00109237],
        [-0.05753622, -0.07240528,  0.02210327,  0.03950317,
          0.02903305]],

       [[ 0.00151439,  0.03363904, -0.03791641, -0.02987382,
          0.04928572],
        [-0.05515716,  0.06859448,  0.00952825, -0.07358529,
          0.062808  ],
        [-0.02442742, -0.06652914,  0.00190359,  0.05426404,
          0.0606315 ],
        [ 0.07307723,  0.03626569, -0.00494423,  0.06055759,
          0.02814401],
        [ 0.00152305, -0.05911263,  0.03864681, -0.04241541,
         -0.01164174]],

       [[-0.03012236,  0.03021732,  0.06185523, -0.0394457 ,
         -0.07354869],
        [-0.05761078,  0.00131926, -0.03195602, -0.05276006,
          0.07240765],
        [-0.04466918, -0.02819937,  0.02653979,  0.07682683,
         -0.05828664],
        [-0.07447219,  0.0193476 ,  0.0188767 ,  0.06355521,
         -0.06494001],
        [-0.07030784, -0.07594812,  0.0325335 ,  0.04866914,
         -0.00157855]]])][0.12024633953556077, 0.04939785849733522, -0.05424560189620593, 0.07153216486795658, 0.13216878597333528, 0.005645986243185103, -0.06233824360916318, -0.014554864544859061, -0.06431813285443125, -0.07969376727912858, 0.0361981136275769, -0.09771453782525784, -0.007306712652424552, 0.010860798041807604, -0.02284099302620375, -0.03668080544517233]
-----------------------------------------------
[[ 0.30234026  0.26425465]
 [-0.24968905 -0.13328915]
 [-0.26614765 -0.12373082]
 [-0.08992589  0.44107334]
 [ 0.24181511  0.42350789]
 [ 0.19035557 -0.00062125]
 [-0.27938088  0.20717609]
 [-0.24036724 -0.43373325]
 [-0.16992903 -0.17609456]
 [-0.40438597  0.02210396]
 [ 0.02330358  0.43954341]
 [ 0.33915963 -0.45747465]
 [-0.2153718  -0.06937793]
 [-0.46345753  0.20099491]
 [-0.3216995  -0.06021812]
 [-0.38660327  0.31778416]]
-----------------------------------------------
[[[[ 1.75560578e-02  1.18335826e-02 -1.13994092e-02  8.81273737e-03
     6.75704830e-04]
   [-1.71572223e-03 -5.48619738e-03 -1.81832521e-02  9.26289602e-03
    -7.76590920e-03]
   [-1.46307109e-02  1.15649656e-02 -2.77822011e-02  2.90381189e-02
    -3.08066266e-03]
   [ 2.38425304e-02  1.19871446e-02  1.25418163e-02  5.58454461e-03
    -1.37309083e-02]
   [-3.96304216e-03  6.39816596e-03 -1.72832012e-02 -1.50235038e-02
    -1.59647164e-02]]

  [[-2.76655866e-02  1.53526238e-02  9.98799579e-04 -1.20307872e-02
    -1.80437739e-02]
   [ 2.11572134e-02  1.76492870e-02  1.34271794e-02 -4.42355029e-03
    -2.18871315e-02]
   [-1.19344406e-02  2.82269890e-02  2.10038745e-02  1.18149875e-02
     2.05076768e-02]
   [ 1.55827258e-02  1.71033416e-02 -8.86850576e-03 -9.00625287e-03
     1.97978708e-02]
   [ 1.73295375e-02  1.03178153e-02 -1.12581863e-02  3.70619412e-03
    -1.10101295e-02]]

  [[ 2.44754255e-02 -2.66455549e-02  6.19350768e-03 -1.98270183e-02
     2.54255379e-02]
   [ 2.89530370e-02 -5.65667572e-03  2.06486082e-02 -2.03348675e-02
    -4.96705047e-03]
   [-2.19218668e-02 -1.04363398e-02 -1.35708406e-02 -1.14568737e-02
     1.64493704e-02]
   [-1.37660802e-02 -7.33079039e-03  2.65421355e-02 -1.22407927e-02
     4.17084786e-03]
   [ 1.80167860e-02  4.84412449e-03 -1.31406957e-02  8.78269196e-03
     5.35004316e-03]]

  ...

  [[ 6.23194655e-03  4.35490612e-03 -1.98049826e-02  2.63041876e-02
     1.39015340e-02]
   [ 2.25790815e-02  2.87441391e-03 -9.59162654e-03  7.26481575e-03
    -1.12486649e-02]
   [-2.08313392e-02 -2.17020065e-02 -6.14618560e-03 -1.25047587e-02
     2.48735846e-02]
   [ 1.66789621e-02  8.77457131e-03  1.57764975e-02  1.12794327e-02
    -2.47966243e-02]
   [-5.36728951e-03 -2.11322523e-02 -8.80448498e-03  1.24852420e-02
     1.28194443e-02]]

  [[ 1.08025034e-03 -5.74116436e-03 -5.96908024e-03 -2.19526723e-02
     2.63243865e-02]
   [-1.97019505e-02  1.06408444e-02 -2.21073316e-02  1.71962383e-02
    -1.54875757e-02]
   [-2.22458209e-03 -1.19925640e-02  2.50227141e-02 -3.04302093e-03
     2.37817972e-02]
   [-1.43790048e-02  3.03934153e-03 -1.59983667e-02  1.76690640e-02
    -3.59110824e-03]
   [-1.45745246e-02 -1.57016376e-02  2.49111067e-02 -2.37075864e-02
     6.24319302e-03]]

  [[ 1.15039202e-02 -2.74673946e-02  2.73325205e-02 -7.54876843e-03
     6.42593657e-03]
   [ 6.32130143e-03 -1.09870139e-02  5.11403848e-04  1.98081379e-02
    -2.42929550e-02]
   [-1.19149360e-02 -9.87347035e-03 -6.85044879e-03 -1.42938521e-02
     2.89022955e-02]
   [ 1.10094365e-02  1.85901862e-02 -2.03308998e-02  1.35180081e-02
    -2.46494127e-02]
   [ 2.14511495e-02 -2.58169865e-02  1.34597787e-02 -2.35479278e-02
     3.75357640e-03]]]


 [[[ 2.84279048e-02 -2.71779437e-02  2.25577784e-02  1.81471204e-03
    -1.03521944e-02]
   [-1.41774697e-03 -4.68499415e-03  1.90615859e-02  8.62997193e-03
     2.32729411e-02]
   [-2.13626205e-02  6.42800010e-03  1.98020208e-02 -8.57929188e-03
    -1.17802773e-02]
   [ 6.58700817e-03  2.45548140e-02 -2.48209796e-02  1.11930938e-02
     5.98461717e-03]
   [ 2.38160759e-02  1.32637174e-02 -1.40094677e-02  2.24467751e-02
    -2.26912648e-02]]

  [[-2.44995958e-02 -2.53863869e-02  1.79866220e-02 -1.05503853e-02
     9.66685585e-03]
   [ 6.06080393e-03 -9.74455289e-03 -2.26034836e-02 -8.60351082e-03
     9.02005620e-03]
   [-2.47106682e-02 -5.46539747e-03 -4.80913299e-03  1.65396805e-02
     2.43855915e-02]
   [-1.84098559e-02 -2.56899520e-02 -1.69520845e-02 -1.62259181e-02
    -1.47372694e-02]
   [ 6.66996780e-03  1.01985228e-02  8.55658333e-04  6.80837053e-04
    -1.66141140e-02]]

  [[ 1.86120252e-02 -2.51825879e-02  1.45486235e-02 -1.13558180e-03
    -4.12540660e-03]
   [ 1.02667833e-02 -2.12034502e-02  1.62662600e-02  2.87939456e-02
    -1.95763514e-02]
   [ 1.28797789e-02  1.93056544e-02  2.33538653e-03  2.16476277e-02
    -4.97390635e-03]
   [ 1.58521536e-02 -1.92923379e-02 -2.80895243e-02 -1.90047447e-02
    -1.15652621e-02]
   [ 2.02460772e-02  7.13650556e-03 -1.18976576e-03 -1.69244534e-02
    -2.12075861e-03]]

  ...

  [[-2.91174457e-02 -7.63315272e-03 -4.55906322e-03 -1.09196790e-02
    -2.71233711e-02]
   [ 1.88605441e-03  2.57977106e-02 -1.81057834e-02 -1.44499207e-02
     1.56256783e-02]
   [-1.80468131e-02  3.52180534e-03  7.71802529e-03  2.23768472e-02
    -2.47549519e-02]
   [ 1.56012647e-02 -2.41948153e-02  1.76602072e-03  5.96202724e-03
     2.84793658e-02]
   [ 1.23556411e-02 -5.61476160e-03 -2.61830329e-03 -2.19016065e-02
    -2.92937640e-02]]

  [[ 1.04342246e-02  2.94101708e-02 -2.36934977e-02 -2.83316723e-02
     2.44671408e-02]
   [ 2.73734690e-02  1.27496987e-02  3.40040229e-03 -8.37634859e-03
     2.11891287e-02]
   [-2.95737109e-02 -2.20700511e-02 -1.32328025e-02 -8.17022988e-03
    -1.68007221e-02]
   [-2.91651181e-02  6.66920387e-03 -5.55745698e-03 -2.08649309e-02
    -5.45633966e-03]
   [ 9.73499245e-03 -1.23671560e-04 -3.38830917e-03  9.59835206e-04
    -5.07929659e-03]]

  [[-2.31631835e-02  1.01094224e-02  1.77282045e-02  2.14010351e-02
    -2.47845483e-03]
   [-2.22561054e-02 -2.69895523e-02  2.18689920e-02  6.91537115e-03
     5.88961771e-03]
   [-2.38837297e-02 -2.07512086e-02 -2.61926961e-02  2.99114500e-03
     1.20509126e-02]
   [ 1.31275469e-02 -1.93562192e-03  1.02531554e-02  2.63714564e-02
     2.63718121e-02]
   [ 1.37747113e-02 -1.75054444e-02  1.42689054e-02  2.91401044e-02
     8.65088639e-03]]]


 [[[ 2.62648011e-02 -5.09663428e-03  2.82677963e-03  2.14420841e-02
     9.62444765e-03]
   [ 2.78761285e-02 -2.11242209e-02 -9.16911589e-03  1.02355405e-02
    -2.74656138e-02]
   [-2.01739747e-02  7.96561443e-03  8.16200667e-03 -1.27374106e-02
     2.22820338e-02]
   [-6.47317707e-03 -7.93525878e-03 -1.55525394e-02 -8.09156579e-03
    -1.77323131e-02]
   [-8.67267753e-03  2.41657777e-02  5.81145741e-03 -2.78459709e-02
    -6.21928904e-03]]

  [[ 4.21433909e-03 -2.37826545e-02 -2.12976415e-02 -2.40975002e-02
     1.11422247e-02]
   [ 4.73101169e-03 -7.19523562e-03  2.94664477e-02  2.88681167e-02
     2.68906035e-02]
   [ 1.90016727e-02 -1.27301360e-02  2.27466348e-02  3.45294035e-03
     8.66968629e-03]
   [-2.75694348e-02 -1.15982827e-02 -2.82015188e-02 -1.62425271e-02
     2.06547491e-02]
   [ 2.90585896e-02  1.36334375e-02 -2.07139696e-02 -1.01671554e-02
     7.42371432e-03]]

  [[-2.67298851e-02  7.72766372e-03  1.46318760e-02  1.75523349e-02
     3.68815475e-03]
   [-1.02874503e-02  1.66464397e-02  4.54670516e-03  2.42188205e-02
     1.11337310e-02]
   [ 1.05934951e-02  5.21911280e-05 -4.62621645e-03  1.41371019e-02
    -2.54649650e-02]
   [ 1.92144559e-02 -2.90426564e-02  1.13535189e-03 -1.83760400e-02
    -4.15919861e-03]
   [ 6.59282126e-03 -1.62041944e-02 -2.73846709e-02  7.17921378e-03
     4.39591617e-03]]

  ...

  [[ 4.05426631e-03 -1.37953150e-02 -1.40648334e-02 -4.37864081e-03
     1.96365547e-02]
   [-2.03115949e-02  1.17964940e-02 -2.30592752e-02 -1.46670033e-02
     7.70769089e-03]
   [ 6.31134650e-03  1.61811280e-02  1.13073889e-02  2.30005645e-02
    -1.06545992e-02]
   [ 8.12109441e-03 -2.66543555e-02  1.87063371e-02  8.93776199e-03
    -5.47741072e-03]
   [ 1.95938253e-02 -2.41552708e-02 -1.24131547e-02 -1.82205482e-02
    -2.30144345e-02]]

  [[ 5.60361526e-03 -1.70178661e-02 -1.30621115e-02  2.73361091e-02
    -2.32815013e-02]
   [ 1.10542329e-02 -1.40415588e-02  2.42064364e-02  2.00120046e-02
    -1.85965735e-02]
   [ 2.17709545e-02  4.40787658e-03 -1.61877532e-02  1.75373751e-02
    -2.31361293e-02]
   [ 2.07389119e-02 -8.57041276e-03 -1.46049872e-02 -4.76491585e-03
    -1.83460174e-02]
   [-2.31796518e-02 -1.45960418e-02  7.17205773e-03 -2.13235797e-02
     1.67937883e-02]]

  [[ 1.24934161e-02 -1.66371162e-03  2.18381989e-02  9.96573883e-03
     1.19780454e-03]
   [-2.71315198e-02 -1.00242524e-02 -2.53083480e-02 -2.59609063e-02
    -4.08945746e-03]
   [ 2.46298567e-02 -1.26075331e-02 -2.37001896e-02 -1.53359601e-02
     2.47774861e-02]
   [-1.17753299e-02  2.02097388e-02 -2.69787753e-02  1.84014761e-02
    -2.57062975e-02]
   [-1.46555714e-02  5.68169298e-03 -8.13262284e-03 -2.23186075e-02
    -1.35900273e-02]]]


 ...


 [[[ 2.67188450e-02  1.86420855e-02 -3.96623958e-03  2.19384135e-02
    -1.51332926e-02]
   [ 9.19355657e-05  2.22151366e-02 -1.00954444e-02  2.19302685e-02
     1.69676136e-02]
   [-5.11730017e-03 -2.87555871e-03 -1.94829590e-02  2.55512629e-02
     2.19730774e-02]
   [-1.00335892e-02 -1.74707404e-02  1.14885543e-02 -2.21756051e-03
    -2.68034957e-03]
   [-2.40659897e-02 -2.53094690e-02 -8.72518671e-03 -5.44820545e-03
     1.25316091e-03]]

  [[ 1.92851635e-02  5.24618410e-03  9.41043263e-03 -8.30052136e-03
    -4.53447521e-03]
   [-2.44167437e-02  2.86474404e-02  5.87016271e-03  2.75848516e-02
     2.64964065e-03]
   [ 1.51713279e-02  7.35291193e-03  2.40787544e-02  2.75822917e-02
    -2.21110874e-02]
   [ 1.39643029e-03  2.38671789e-02 -1.95606473e-02  1.67676248e-02
     2.87928813e-02]
   [-6.19977043e-03 -8.57458239e-04  1.80222487e-02  2.11844889e-02
     2.49423593e-02]]

  [[-2.30159315e-02 -2.24591872e-02 -9.27078461e-03  1.63983347e-02
    -1.53987392e-02]
   [-2.34919887e-02  2.28528808e-02 -1.47836400e-02  2.69779090e-02
     1.50311414e-02]
   [ 1.55637540e-02 -2.25718363e-02 -2.05059864e-02  2.49460373e-02
    -2.31581068e-02]
   [-1.11925445e-02  3.59106234e-03  2.35595201e-02 -2.53060268e-02
    -3.05252472e-04]
   [ 1.80018307e-02  9.39273173e-03 -8.64399666e-03 -1.68745790e-02
    -1.21182636e-02]]

  ...

  [[-1.34974611e-03 -2.57417161e-02  9.75003439e-03 -5.78703526e-03
     1.34338955e-02]
   [ 1.91007962e-02  3.67169845e-03  2.23348809e-02  1.74820969e-02
    -7.43265017e-03]
   [ 1.44434485e-02 -1.10684670e-02 -1.16748188e-02 -2.12843057e-02
     2.11775270e-03]
   [-2.39223741e-02 -2.18128060e-03  1.45048201e-02  1.36070858e-02
    -1.88371330e-02]
   [-2.09773270e-02 -2.54765205e-02 -2.64791687e-03 -4.62245856e-03
     2.75021174e-02]]

  [[-2.51371392e-04 -2.66870007e-02  2.54999199e-02 -7.63857801e-03
    -7.24733659e-04]
   [-1.17752067e-02 -5.58360195e-03 -2.64755262e-02 -1.09948498e-02
     7.35215255e-04]
   [-2.94880882e-02 -2.48424828e-02 -1.62657450e-02 -1.31525057e-02
    -1.20192571e-02]
   [-2.86030618e-02 -9.54421085e-03 -1.30104368e-02 -2.07314261e-02
     1.70476031e-02]
   [-1.02851135e-02 -9.27510907e-03 -1.61630057e-02 -9.41746142e-03
    -1.42197744e-02]]

  [[-6.06846188e-03 -2.84360552e-02 -1.20869159e-02  1.76992895e-02
    -8.98834501e-04]
   [-7.30119238e-03  1.02320533e-02 -7.71205537e-03 -1.78858791e-02
    -1.91029434e-02]
   [ 9.81587244e-03 -2.64431856e-02  1.29215814e-02  8.52151426e-03
     2.80534131e-03]
   [-2.62509215e-02 -1.76711768e-02  7.20307867e-03 -2.09440677e-02
    -7.92051002e-03]
   [-1.19505654e-02 -7.32354733e-03  1.11818556e-02  1.02735074e-02
     1.36840635e-02]]]


 [[[-1.00677199e-02  7.39839113e-03 -2.63108968e-02 -3.85861359e-03
     2.54082061e-02]
   [-2.10920386e-02  2.72467006e-02  7.64437272e-03  1.30951817e-02
    -1.21223223e-02]
   [-2.55863970e-02  1.08289995e-02 -7.97871391e-04 -6.30544043e-03
    -1.64012990e-02]
   [-1.76211490e-02 -2.23304922e-02  1.82281229e-02 -3.25716918e-03
     2.47752242e-02]
   [ 2.31030678e-02 -2.82379646e-02 -8.84688364e-03 -1.33246088e-02
     2.49231164e-02]]

  [[ 2.40881160e-03  2.74092346e-02 -9.39312344e-03 -2.03121198e-02
    -2.30608918e-02]
   [-1.90744065e-02 -1.24032660e-02 -1.92134536e-02  1.19702328e-02
     6.80911612e-03]
   [ 2.14984238e-02  4.30833990e-03 -5.26929865e-03 -6.28448443e-03
     2.26749799e-02]
   [ 1.38979618e-02  1.80232147e-02  1.63018541e-02  1.47424511e-02
    -1.40135371e-02]
   [-1.92223081e-02 -2.03056423e-02 -9.65293010e-03  5.23835909e-03
     6.56398002e-03]]

  [[ 4.74060848e-03 -6.81272780e-03 -2.49409026e-02 -2.31642788e-02
    -1.96855812e-02]
   [ 2.75397190e-03 -1.22899315e-02  1.49983015e-02  2.02804647e-02
     8.81352024e-03]
   [ 1.48591064e-02  9.24745490e-06  2.40835418e-02  2.90684965e-02
     2.67640432e-02]
   [-1.95687002e-02  4.40601934e-03  2.57135089e-02 -4.58301310e-03
    -7.54816573e-03]
   [-2.86575661e-02 -1.28187716e-02 -6.05998312e-03 -3.52047489e-03
    -1.31983526e-02]]

  ...

  [[ 7.15656824e-04 -5.52019005e-03 -2.84580968e-02 -2.52200343e-02
     1.28565700e-02]
   [-2.10050588e-02  2.49333164e-02  2.43423274e-02  8.14747176e-04
     7.07956488e-03]
   [ 1.74352222e-02  5.91020780e-03 -2.01207830e-02 -1.52563787e-02
    -2.56178346e-03]
   [-2.42920052e-02 -7.60329832e-03 -5.22562799e-03  1.33120776e-02
    -1.32737647e-02]
   [-1.39477707e-02 -2.47279071e-02 -1.81638378e-02  2.82835544e-02
     7.74120809e-03]]

  [[-2.23536403e-02 -2.64074525e-02 -1.74283795e-02  1.44725611e-02
    -1.49348431e-02]
   [ 1.02773158e-02 -1.57380393e-02  6.79004810e-03 -1.27298590e-02
    -1.52638992e-02]
   [ 1.35255848e-02  1.99078863e-03  2.58250011e-02  2.47991237e-02
    -3.77016012e-03]
   [-1.86517872e-02 -4.73906964e-03  7.21432134e-03  5.89125813e-03
    -2.65018894e-02]
   [ 2.80164724e-02  1.40210370e-02 -4.25782016e-03 -3.06637194e-03
    -6.10919076e-03]]

  [[ 8.82810122e-03  2.87619108e-02  1.73926347e-02 -1.31395506e-02
     1.63174395e-02]
   [ 5.50607255e-03 -1.18694169e-02  1.36632688e-02  5.83282984e-03
    -1.11131851e-02]
   [ 2.73972929e-02  1.63029850e-02  1.34655134e-02 -1.40210991e-02
     2.08351254e-02]
   [ 7.29215635e-03  7.21115904e-03  1.53784741e-02  2.08449826e-02
     2.07069720e-02]
   [ 2.81170491e-02 -6.06081029e-03  2.35912123e-02  2.08211936e-02
     5.76261528e-03]]]


 [[[-1.01456412e-02  5.83847500e-03 -6.39446357e-03  1.13367347e-02
     1.63680667e-02]
   [-2.42971536e-02  1.80007005e-02  3.21181268e-03 -4.14714203e-03
    -2.70548813e-02]
   [ 8.65360081e-03  9.35037507e-03  2.69030359e-02 -2.15095924e-02
     2.63404126e-02]
   [ 1.16772431e-02 -2.70288003e-02 -6.02417511e-04  2.74467974e-02
     2.64701802e-02]
   [-9.66885752e-03  2.03715390e-02  2.39885209e-02  9.54987761e-03
     1.56168767e-03]]

  [[-2.73469437e-02  6.73484083e-04 -2.43843356e-02 -1.11339707e-02
    -2.01759874e-02]
   [ 9.54607314e-04 -1.76545047e-02  9.06858746e-03 -2.33929018e-02
    -2.56626212e-02]
   [ 2.37021782e-02 -1.24288729e-02 -5.51178083e-03  2.66598226e-02
     2.07604465e-02]
   [-1.43883155e-02 -1.34685731e-02  4.30335084e-03 -1.40370960e-02
    -2.63002822e-02]
   [ 7.81036114e-03 -9.18144496e-03 -2.26948069e-02 -6.91598173e-03
    -5.98392854e-03]]

  [[ 1.57804359e-02  4.41644652e-03 -1.69397022e-02 -1.92326010e-02
    -6.93127615e-03]
   [-2.01825931e-02  1.40575492e-02  3.24137252e-03  1.27224068e-02
     1.77025214e-02]
   [-1.41907019e-02  2.91456322e-02 -1.45788735e-02 -5.18479765e-03
     2.21811415e-02]
   [ 2.85290099e-02  1.74974881e-02  1.89589561e-02 -2.37131770e-02
     2.79776029e-02]
   [-2.52209590e-02 -8.87601145e-03 -1.65137108e-02  1.73736751e-02
    -3.75308679e-03]]

  ...

  [[-1.50217298e-02  2.83252492e-02 -1.26959997e-02  1.55219908e-02
     1.40882548e-03]
   [ 1.90841440e-02  1.97508304e-02  1.00960380e-02  2.75514928e-02
     2.37193777e-02]
   [ 2.68895148e-02 -2.59569268e-02  2.58221752e-02  1.96651079e-02
    -6.34752550e-03]
   [-3.97476088e-04  3.31488939e-03  4.74214164e-03  9.87273353e-03
     7.06401675e-03]
   [ 1.56841864e-02  8.20568285e-03 -2.70054791e-02 -1.11771807e-02
     1.31163182e-02]]

  [[ 7.41313319e-04 -2.69091361e-02 -1.00692440e-02  1.01574596e-02
    -1.97728236e-02]
   [-2.83898341e-02  2.35619533e-02  2.76567570e-02  1.77243164e-02
    -7.46146702e-03]
   [-1.83616464e-02  1.71386184e-03  2.69350276e-02 -1.74371181e-04
     4.63281918e-03]
   [-6.24072670e-03  6.31600814e-03  1.34932005e-02 -2.22096755e-02
    -1.00941900e-03]
   [-2.63103223e-02  4.36148812e-04  1.86653601e-02 -1.10725084e-02
    -1.78296557e-02]]

  [[-7.14967011e-03 -1.78933552e-02 -2.14783728e-02 -2.16103782e-02
    -2.43171142e-02]
   [-1.62405482e-02  2.69553745e-02  4.85830505e-03 -6.11332176e-03
     8.50231845e-03]
   [-2.13025034e-02  1.64363319e-02  2.27550152e-02 -5.30833827e-03
    -2.91112430e-02]
   [-1.19355014e-02  1.66874579e-02  2.40583561e-03 -3.64089330e-03
    -8.90929047e-03]
   [-1.60337125e-02  1.20156532e-02  6.56740002e-03 -2.91923911e-02
     1.71534629e-02]]]][-0.00019927942205489463, 0.024738659782945555, -0.00988427409388938, 0.01896684178577906, -0.0014209071495843092, 0.028598630148614784, -0.027771558618819032, -0.001828566063535781, 0.02960765888218962, -0.004940754787663884, 0.026939538405328357, -0.0194686182529945, 0.013228485237839097, 0.020030379632046836, -0.01909678636700192, -0.020391552452177115, 0.027081872738018684, -0.0010680025548788531, 0.020276475740566822, 0.019736110874450142, 0.014876108618187629, 0.02337259101594606, -0.017126049204362684, 0.016182471429597212, 0.02785730843895867, -0.023757690809468025, 0.004157929284431022, -0.015761719490968922, -0.014346899617428674, -0.006615572484434007, 0.02166220561224318, -0.019449388235878676, 0.005985031220599086, -0.029309443019739666, 0.004568826470971104, -0.014600743003672112, 0.011484843083813558, -0.00021609303456219045, -0.006591926878430486, 0.02552292982302352, -0.013190218047434216, -0.006416109962624875, -0.005164230000742422, -0.023969201592918498, -0.024224659392624512, -0.0008576624431093707, 0.010045293604284727, -0.01707316773852725, -0.006937620932070548, 0.023489524566082453, 0.02593853683539352, 0.014864468012648634, -0.015040216525506772, -0.007186136089190328, -0.005082152498229069, -0.017565664080739646, 0.00040886855594221214, -0.028599742366883278, -0.012109236032147815, 0.004479574488931593, 0.008090809098377703, 0.007026753086188869, -0.02185916714708632, 0.00531739039968462, -0.005362261097596282, 0.01871698209861931, 0.0221559238770143, -0.02523024715629271, -0.01991452331175734, 0.009001401327618255, 0.008380373479592109, 0.0249756278629706, 0.01281000582038674, 0.013615349999909956, 0.002399752676241023, 0.012525770535341315, 0.011744328961280446, 0.028144652677764028, -0.015818042711805813, 0.028796115171849126, -0.022137217512270595, 0.020140042137946543, -0.01392591252550162, 0.014045515238377649, -0.004444481070682755, 0.019234110668404292, -0.004385902406941065, -0.018286750826121367, -0.014953920268392741, 0.02486812361047488, 0.02673716533491385, 0.004708724193218574, 0.013480924520309998, 0.007042071167332634, -0.011162866918422765, 0.017324772496267352, 0.02761340499070394, -0.0045511345891694616, 0.007946424381025639, 0.027584397070569252, -0.021742769546729802, -0.007352693114943111, -0.005805602120610282, 0.029005233303918587, -0.02915190255035502, 0.017092999898384188, 0.02120142499988423, -0.026032108850550496, 0.022793355462888767, -0.004522329836370822, -0.012796681921140623, -0.00174243901555313, -0.019436466700515898, 0.0217471893728334, -0.02109077505137496, 0.000981333878681042, -0.013727825506330626, 0.0007783902535314254, -0.020792146912516178, 0.0086005351881905]
-----------------------------------------------
[[-0.01008888  0.01441122  0.01716716 ... -0.0040571   0.01387159
   0.00689309]
 [ 0.01246655 -0.00992883  0.00382892 ... -0.00345625  0.01105076
   0.0072132 ]
 [-0.00667559 -0.0155738  -0.01975575 ...  0.00407147  0.01609686
  -0.00578694]
 ...
 [-0.01939453 -0.01806858  0.01205846 ... -0.00923339  0.0085333
  -0.00841757]
 [ 0.01242509  0.00762346  0.01727833 ... -0.00049427  0.01871759
  -0.00205746]
 [-0.01010455  0.00755486  0.01976382 ...  0.0087482   0.01863085
   0.01402373]][ 0.00042758  0.00959026  0.01192838 -0.00370621  0.00840394 -0.01247246
 -0.01860017  0.00672331 -0.00361939 -0.01521875  0.00857631  0.00013622
  0.00303362 -0.0184799   0.00100549  0.01184616 -0.00519485 -0.01693315
 -0.00939554  0.01544865  0.0133044   0.01342478 -0.01163233  0.0108544
 -0.00198768  0.00247556  0.0155697   0.00887412  0.00142607  0.01311035
  0.01600062 -0.00771165 -0.01429307 -0.01006084 -0.01322741 -0.01080814
 -0.01349193  0.00340469  0.00212014 -0.00292892 -0.00584559 -0.0003907
 -0.00618622  0.01444688  0.01559178  0.01754343 -0.01653185 -0.01936543
  0.00961178  0.0018714  -0.01619522 -0.01716943 -0.01704793  0.00767098
 -0.004063    0.01929777 -0.01208095  0.01190666 -0.01105269  0.01204019
  0.0089165   0.010551   -0.01249914 -0.01093536 -0.00898897 -0.00378839
 -0.01241769 -0.01239571  0.006103   -0.0060795  -0.0012126   0.01162102
 -0.00868488  0.01041409  0.00369022 -0.01773845  0.00628504  0.01024888
 -0.01772811  0.01306797  0.00227272 -0.01327944 -0.00477529 -0.00603031]
-----------------------------------------------
[[-1.  1. -1.  1.  1.  1. -1.  1. -1.  1. -1. -1. -1. -1. -1.  1. -1. -1.
   1.  1.  1. -1. -1. -1.  1. -1. -1.  1.  1.  1. -1.  1. -1.  1.  1.  1.
  -1.  1. -1. -1.  1.  1. -1. -1. -1. -1.  1.  1. -1. -1. -1.  1. -1. -1.
   1.  1.  1. -1. -1.  1.  1. -1.  1.  1. -1. -1.  1.  1. -1.  1. -1. -1.
  -1. -1. -1. -1. -1.  1.  1.  1. -1.  1.  1.  1.]
 [ 1. -1.  1. -1. -1. -1.  1.  1. -1.  1. -1.  1. -1.  1. -1.  1.  1.  1.
   1.  1. -1.  1.  1.  1. -1. -1. -1. -1.  1. -1. -1.  1.  1. -1. -1. -1.
   1. -1. -1.  1. -1.  1.  1. -1. -1.  1.  1.  1.  1.  1.  1.  1. -1. -1.
  -1. -1.  1. -1. -1.  1. -1. -1. -1. -1. -1.  1.  1.  1.  1.  1. -1.  1.
   1.  1.  1.  1. -1.  1. -1.  1. -1. -1.  1. -1.]
 [-1. -1.  1. -1. -1. -1. -1. -1. -1. -1.  1.  1.  1. -1.  1. -1.  1.  1.
   1.  1.  1. -1.  1.  1.  1. -1. -1. -1. -1.  1. -1.  1. -1.  1.  1. -1.
  -1. -1.  1. -1. -1. -1.  1.  1. -1.  1. -1. -1.  1.  1. -1. -1.  1. -1.
  -1.  1.  1. -1.  1. -1.  1.  1. -1. -1. -1.  1.  1. -1. -1.  1.  1. -1.
   1. -1. -1. -1.  1. -1. -1. -1. -1. -1.  1.  1.]
 [ 1. -1.  1.  1. -1. -1.  1.  1.  1. -1.  1.  1. -1. -1. -1. -1. -1. -1.
   1. -1.  1.  1. -1. -1. -1.  1. -1.  1. -1. -1.  1. -1. -1.  1.  1.  1.
   1. -1.  1. -1. -1. -1. -1. -1. -1. -1. -1. -1.  1. -1. -1.  1.  1.  1.
  -1. -1. -1.  1. -1.  1. -1. -1. -1. -1.  1.  1. -1.  1. -1. -1. -1. -1.
  -1. -1. -1.  1. -1. -1.  1.  1.  1.  1.  1.  1.]
 [ 1. -1.  1.  1.  1. -1.  1. -1. -1.  1.  1. -1.  1. -1. -1.  1.  1. -1.
   1.  1. -1.  1.  1. -1.  1. -1. -1. -1.  1.  1. -1.  1.  1.  1. -1.  1.
   1.  1. -1.  1. -1. -1.  1.  1.  1.  1.  1.  1.  1.  1. -1. -1.  1.  1.
   1.  1.  1. -1.  1. -1. -1.  1. -1. -1.  1. -1.  1. -1. -1.  1. -1. -1.
  -1. -1. -1.  1. -1.  1. -1. -1. -1.  1.  1.  1.]
 [-1. -1.  1. -1.  1. -1.  1. -1.  1.  1. -1. -1. -1.  1.  1. -1. -1. -1.
  -1.  1.  1. -1. -1.  1. -1. -1.  1. -1. -1.  1.  1. -1. -1. -1.  1.  1.
  -1.  1. -1.  1.  1.  1. -1. -1. -1. -1.  1.  1. -1. -1.  1. -1.  1.  1.
   1. -1. -1.  1.  1. -1. -1. -1.  1.  1.  1.  1.  1. -1.  1.  1.  1. -1.
  -1.  1. -1.  1. -1. -1. -1.  1. -1.  1.  1.  1.]
 [ 1.  1. -1. -1.  1. -1.  1.  1.  1.  1.  1.  1.  1. -1.  1. -1. -1. -1.
  -1. -1. -1. -1.  1. -1.  1. -1.  1. -1.  1.  1. -1.  1. -1.  1.  1. -1.
  -1.  1.  1. -1.  1.  1.  1. -1.  1.  1.  1.  1. -1. -1. -1. -1. -1.  1.
  -1. -1.  1. -1. -1. -1.  1.  1. -1.  1.  1. -1.  1.  1. -1. -1.  1.  1.
   1.  1.  1. -1. -1. -1. -1.  1.  1. -1.  1.  1.]
 [-1.  1. -1. -1.  1. -1.  1. -1. -1.  1. -1.  1. -1.  1. -1. -1. -1.  1.
  -1. -1.  1.  1. -1.  1.  1.  1. -1.  1.  1.  1.  1. -1.  1.  1.  1.  1.
   1. -1. -1. -1.  1.  1. -1.  1. -1. -1. -1. -1.  1. -1.  1. -1.  1. -1.
  -1. -1. -1.  1. -1. -1. -1.  1.  1. -1.  1.  1. -1.  1. -1. -1.  1. -1.
   1.  1.  1.  1. -1.  1. -1.  1.  1. -1.  1.  1.]
 [ 1.  1. -1. -1.  1.  1.  1. -1.  1.  1.  1. -1.  1.  1.  1.  1.  1.  1.
   1.  1. -1. -1. -1. -1. -1. -1.  1. -1.  1.  1. -1.  1.  1.  1.  1. -1.
   1.  1. -1. -1. -1. -1.  1.  1. -1. -1. -1.  1. -1. -1.  1.  1.  1.  1.
  -1.  1.  1.  1.  1.  1. -1. -1.  1.  1. -1. -1. -1. -1. -1.  1.  1. -1.
   1.  1.  1. -1. -1. -1. -1.  1. -1. -1.  1.  1.]
 [ 1.  1.  1.  1. -1. -1. -1. -1. -1. -1. -1. -1.  1.  1. -1.  1.  1.  1.
  -1. -1.  1. -1. -1.  1. -1. -1. -1.  1.  1. -1.  1. -1. -1.  1. -1.  1.
   1. -1. -1. -1.  1. -1. -1. -1.  1. -1.  1. -1.  1.  1. -1. -1. -1. -1.
  -1. -1. -1.  1. -1.  1. -1. -1. -1. -1.  1. -1. -1.  1.  1. -1. -1.  1.
  -1.  1.  1. -1.  1. -1. -1.  1. -1.  1.  1. -1.]]
-----------------------------------------------
