[[[[-0.1948211   0.30095242 -0.27724315  0.39269173 -0.32331606]
   [-0.37691306  0.34371436  0.00654873 -0.09114356 -0.34760645]
   [-0.07895531 -0.36054919 -0.38477092 -0.1897498   0.00559937]
   [ 0.37481331 -0.09589126 -0.15951391 -0.21277831 -0.19998986]
   [ 0.29116249 -0.26621923  0.02207095  0.27275955  0.18137434]]]


 [[[-0.16661537 -0.3427668   0.25760783  0.15428539  0.36834718]
   [-0.23608823 -0.12046375 -0.28425103  0.0031966  -0.36709905]
   [-0.34892262 -0.39321639 -0.31379621  0.35817207  0.16559044]
   [ 0.21546627 -0.05478267 -0.12170623  0.09811495 -0.16469663]
   [-0.00507078  0.31412281 -0.07045913  0.04165254 -0.22507386]]]


 [[[ 0.22076159 -0.07951665 -0.20736195  0.09337543 -0.1857425 ]
   [-0.20118149  0.1869424  -0.0136372   0.08008107  0.09642618]
   [ 0.20505978  0.30745551 -0.24339963  0.00471253  0.38335485]
   [-0.1385613   0.1511315   0.31312538  0.36445816 -0.07122749]
   [-0.09990963  0.0739308  -0.05587232 -0.26495925  0.2228544 ]]]


 [[[-0.03934681 -0.0178646  -0.19081373 -0.2494796  -0.26043717]
   [-0.35682529  0.34161935 -0.20408979  0.02263632 -0.38095263]
   [ 0.22534003 -0.1520203   0.27464657  0.33089362  0.05020547]
   [-0.078853   -0.14836779 -0.0704813   0.05670415  0.01640534]
   [-0.22262993 -0.21450213  0.39736395  0.29120672  0.19795036]]]


 [[[ 0.14494215 -0.25147408  0.01828474 -0.04929969  0.23537619]
   [ 0.00589564 -0.09326704 -0.21321921 -0.37384788  0.2025738 ]
   [-0.33296988  0.36676414 -0.21897901  0.3519639  -0.18242766]
   [-0.26758916 -0.18188173  0.16154238 -0.31374065  0.18496833]
   [-0.04091952 -0.09932357  0.36848496  0.27956237 -0.20380608]]]


 [[[ 0.04470311  0.17257356  0.35202178 -0.03773549 -0.13921761]
   [-0.30496284  0.0010241   0.28343296 -0.04830637  0.16353936]
   [ 0.21644403  0.37423352 -0.23058061 -0.08122351  0.24625111]
   [-0.36261201  0.08616853  0.21521079 -0.14540508 -0.26102479]
   [-0.16540118  0.08226723  0.18582478 -0.37773599 -0.17564685]]]][-0.22121205683900697, 0.006189544484759779, 0.07502571312004802, -0.3119046278831307, -0.12112405806000648, -0.22280058117659401]
-----------------------------------------------
[[-0.20959679  0.46381352]
 [ 0.39109363 -0.18636318]
 [-0.43330374 -0.42656893]
 [-0.39260512 -0.21921282]
 [ 0.02107703  0.08990978]
 [-0.14186689  0.3930429 ]]
-----------------------------------------------
[array([[[ 0.04752642,  0.11479162, -0.08020079,  0.14328056,
          0.09299531],
        [-0.08892242, -0.11742572,  0.04513984, -0.00964007,
         -0.03245057],
        [ 0.02986623, -0.08988324, -0.11377521,  0.05447642,
         -0.04599255],
        [ 0.07142522,  0.0134121 , -0.1179506 ,  0.00619745,
          0.1202017 ],
        [-0.03821678, -0.0860764 , -0.09705855, -0.0619346 ,
          0.09462057]],

       [[ 0.13276514, -0.11394988, -0.06355179, -0.09485236,
          0.04660066],
        [-0.0918382 ,  0.05895925,  0.08104056, -0.11875851,
          0.00980277],
        [-0.05118223, -0.1031341 , -0.12921282,  0.1051139 ,
         -0.09899316],
        [ 0.02548233,  0.0030282 , -0.10939102, -0.03194324,
         -0.07018351],
        [-0.14200654,  0.01389134, -0.07569157, -0.09586536,
         -0.13413074]],

       [[ 0.09894164,  0.00322577,  0.1306704 , -0.12572563,
          0.13447385],
        [ 0.00445745, -0.12186394, -0.10292327, -0.083908  ,
         -0.13124917],
        [-0.05469052,  0.14786185,  0.07571228, -0.05362487,
         -0.00318026],
        [ 0.01782409,  0.14765114, -0.02132055, -0.01289034,
         -0.0010156 ],
        [-0.14268549, -0.02041305,  0.07114586, -0.1406236 ,
          0.06892748]]])
 array([[[ 0.10371689,  0.1231155 , -0.12650912,  0.09595256,
         -0.09918607],
        [ 0.02307706, -0.03039492,  0.0629812 ,  0.07759025,
         -0.11158163],
        [-0.06795504,  0.13809371,  0.12178311,  0.09511401,
         -0.14297863],
        [-0.03551526, -0.01310082,  0.0839378 ,  0.12426445,
          0.115635  ],
        [ 0.11452022,  0.03301419,  0.05857203, -0.01682658,
          0.08309309]],

       [[-0.10479221,  0.0838154 , -0.13788793,  0.07791688,
         -0.05123668],
        [-0.10165067,  0.1077344 ,  0.10426835,  0.12893442,
         -0.03177498],
        [-0.10671306, -0.10309999,  0.05261992, -0.12226292,
          0.05754738],
        [ 0.04808318,  0.04925488,  0.01197338, -0.01951704,
          0.05741673],
        [-0.01353626, -0.0020883 ,  0.08910282, -0.059725  ,
         -0.06701063]],

       [[ 0.12669191, -0.14557827,  0.07034668,  0.14104749,
         -0.03979856],
        [-0.04675444,  0.13942554, -0.1020654 , -0.10305283,
          0.12903425],
        [ 0.14007355, -0.07886337,  0.0358695 , -0.10332095,
          0.08187299],
        [-0.14649454, -0.06651281, -0.10766474,  0.10001587,
          0.06419234],
        [-0.12955818, -0.14333429, -0.14908192, -0.04835387,
          0.14747802]]])
 array([[[ 0.09087383,  0.04519572,  0.10098967,  0.10408066,
          0.02948165],
        [-0.04756292,  0.14702769,  0.03635024, -0.08663913,
         -0.0986378 ],
        [ 0.01466881, -0.11431536, -0.06364913,  0.06347368,
         -0.08268678],
        [-0.10379753,  0.11962217, -0.0914158 ,  0.14489077,
         -0.02302098],
        [ 0.09036818, -0.05505179,  0.11101116,  0.00472747,
         -0.08666784]],

       [[ 0.13586869, -0.06236011, -0.05226462,  0.04201627,
         -0.12766719],
        [ 0.07022048,  0.08470278, -0.13370886, -0.08807035,
         -0.00757172],
        [-0.01645987, -0.01793694, -0.1151897 , -0.10261349,
         -0.09151988],
        [-0.09447506,  0.12005292, -0.14439204,  0.0581797 ,
         -0.09864686],
        [-0.11619957,  0.13816502, -0.0921567 ,  0.04914768,
          0.01288388]],

       [[-0.05345499,  0.13592621, -0.0547485 , -0.13577703,
          0.08903119],
        [ 0.14390505, -0.14253155, -0.09897633,  0.0101737 ,
          0.01491602],
        [ 0.08519565, -0.08114111, -0.08282394,  0.13873922,
         -0.00731416],
        [ 0.11271939,  0.07674666,  0.14380249, -0.11511382,
         -0.08046426],
        [ 0.00274671, -0.03361801,  0.07445543, -0.08457751,
          0.08020793]]])
 array([[[ 0.01747522, -0.05389753,  0.11627296, -0.01804605,
         -0.06769781],
        [ 0.02659012, -0.06922326, -0.14720766, -0.08544419,
          0.09595263],
        [-0.1175657 ,  0.09274551, -0.06940478, -0.11323838,
          0.0741441 ],
        [-0.03506113, -0.06178966,  0.1104519 , -0.13411607,
          0.08850715],
        [-0.08869346,  0.03326732,  0.0582493 , -0.05130491,
         -0.11492129]],

       [[ 0.14063988,  0.05873038, -0.05030545,  0.11743378,
         -0.03264909],
        [ 0.12679737, -0.12795874,  0.12295919,  0.03793368,
         -0.09626284],
        [ 0.02734418, -0.00070287,  0.0974664 , -0.12190762,
          0.08138187],
        [-0.12452958,  0.06055037,  0.12376518, -0.03670236,
         -0.13113778],
        [ 0.10897528,  0.10584745,  0.12782044,  0.05737174,
          0.12627365]],

       [[-0.09249604,  0.03128939, -0.06110294, -0.03290195,
         -0.06599947],
        [-0.09417781, -0.04649257,  0.09510607, -0.14874165,
         -0.14959631],
        [-0.05266868, -0.05295681,  0.07079391,  0.1051561 ,
          0.10957266],
        [ 0.14129983,  0.13935942, -0.06379812,  0.09721673,
         -0.00989817],
        [-0.1158493 , -0.02741934,  0.0952709 ,  0.08215242,
          0.01640222]]])
 array([[[ 0.0738312 , -0.10718943,  0.02114357, -0.13305965,
          0.0662653 ],
        [ 0.00963896, -0.10238322, -0.05659108,  0.11181383,
          0.04905134],
        [ 0.07531237,  0.10327377,  0.08579394, -0.11507925,
         -0.12749467],
        [-0.13354462, -0.14474725, -0.05762784, -0.01340265,
         -0.07103456],
        [-0.11023311, -0.09997545,  0.03960169,  0.13899195,
          0.01853446]],

       [[-0.11180489,  0.12340226, -0.14041991,  0.10165274,
         -0.07086773],
        [-0.13561591, -0.13002929,  0.08288321, -0.1179737 ,
          0.04841025],
        [-0.0043928 , -0.02314977, -0.06922134, -0.1374304 ,
         -0.10021982],
        [-0.09779584, -0.00049109,  0.09718855, -0.00392356,
          0.10677647],
        [ 0.01394438, -0.14017326,  0.01399476,  0.08419402,
          0.06810887]],

       [[-0.04207505, -0.10967888, -0.06683855, -0.13425399,
          0.12771894],
        [ 0.11233151,  0.08285556,  0.04169533, -0.11394706,
          0.0208768 ],
        [ 0.04952935, -0.01944633,  0.06855077, -0.07572132,
         -0.02836523],
        [-0.14319766,  0.02587632,  0.01726917,  0.10036155,
          0.09694193],
        [-0.04015683, -0.13281152, -0.02785709, -0.03245182,
         -0.14573984]]])
 array([[[ 0.02041528,  0.03522903, -0.12386965,  0.03919405,
         -0.000486  ],
        [ 0.02690975,  0.02018991, -0.12175033, -0.08780658,
         -0.04884584],
        [-0.14943764, -0.00943231, -0.14645792, -0.07075889,
         -0.0370066 ],
        [ 0.01321261, -0.13934263, -0.10740498, -0.07596883,
          0.09627713],
        [-0.01713036, -0.12330967,  0.08774429,  0.09288655,
         -0.05319564]],

       [[ 0.06928992,  0.07147902, -0.1358117 , -0.0307781 ,
         -0.0948548 ],
        [ 0.11986943, -0.01261021, -0.14592314, -0.01139157,
          0.06661802],
        [-0.03298249,  0.07474786, -0.00683848,  0.14716798,
          0.135204  ],
        [-0.0587467 , -0.02228561, -0.14801762, -0.12977771,
          0.07331645],
        [-0.12174492,  0.14320831,  0.05592917, -0.12713155,
          0.08771334]],

       [[ 0.09654474, -0.01197365, -0.01239019,  0.07228387,
         -0.09321333],
        [ 0.14684104,  0.04939654, -0.06405488, -0.14576173,
         -0.09194021],
        [ 0.14554428,  0.07480413, -0.09182994,  0.12408336,
         -0.05553644],
        [ 0.06699778, -0.017558  , -0.01189385, -0.0988722 ,
         -0.02858539],
        [-0.00919948,  0.06752875,  0.02933517,  0.09539641,
         -0.00117925]]])
 array([[[-0.08726586,  0.06366983, -0.09229979,  0.03966838,
          0.09173582],
        [-0.08780094, -0.05785456, -0.08594254,  0.01732597,
         -0.03578364],
        [ 0.01319465, -0.03681226, -0.00038501,  0.03545789,
         -0.08063816],
        [-0.06471298, -0.11261395,  0.05522824, -0.08782731,
          0.0135599 ],
        [-0.09268111, -0.02477707, -0.07149649, -0.03418641,
          0.06285899]],

       [[-0.07799403, -0.04484618, -0.04101499, -0.07350727,
         -0.08059345],
        [ 0.081731  ,  0.05881504,  0.09043459,  0.097835  ,
         -0.05846342],
        [ 0.07184029, -0.09132583,  0.08527659, -0.04398519,
          0.08309376],
        [ 0.0120319 , -0.09104679, -0.02000204, -0.07554791,
         -0.00167961],
        [-0.03255802, -0.01085446,  0.06284927, -0.03179489,
         -0.03553338]],

       [[ 0.05664608, -0.03563857, -0.09781907,  0.07674186,
          0.02038374],
        [-0.04935063, -0.06712458,  0.02555455,  0.03118007,
         -0.08314539],
        [ 0.0445726 , -0.10501594,  0.08603518, -0.0080196 ,
          0.1137196 ],
        [ 0.09781428, -0.06834363,  0.07008576, -0.03696481,
         -0.06406925],
        [ 0.10975792,  0.06047419, -0.0529319 ,  0.06752401,
         -0.0110753 ]],

       [[ 0.07407042,  0.02069785, -0.05134278,  0.09106077,
         -0.1009507 ],
        [-0.02988583, -0.00528313, -0.05009739, -0.09517489,
          0.10141436],
        [-0.11335234,  0.11104975,  0.08687233, -0.10200171,
          0.08678231],
        [ 0.05511008, -0.05371675, -0.06079334, -0.080029  ,
          0.10208906],
        [ 0.01754697, -0.02870173, -0.06687572, -0.0091428 ,
          0.03787976]]])
 array([[[-0.09707198,  0.10475763, -0.09438335, -0.00106644,
         -0.00442172],
        [ 0.07869829,  0.10222557, -0.08469614,  0.07791857,
         -0.0397314 ],
        [-0.11081687, -0.06583347, -0.02740823,  0.04771293,
          0.00957654],
        [ 0.11042121,  0.0919017 ,  0.11179501,  0.02895917,
          0.05532161],
        [-0.04000952,  0.10163254,  0.10502973,  0.00352532,
          0.10387394]],

       [[ 0.04834006,  0.06105446,  0.06596431,  0.0005684 ,
          0.03777603],
        [-0.03482382,  0.03449983, -0.00598343,  0.03279722,
         -0.00702737],
        [ 0.09938228,  0.00222989,  0.05632064, -0.0698502 ,
         -0.02985667],
        [-0.04365484,  0.06453274, -0.01077424,  0.03253585,
          0.11269737],
        [ 0.08497513, -0.01171572,  0.09983011,  0.02564128,
         -0.00479113]],

       [[-0.10667705, -0.0416761 ,  0.04355602, -0.04989547,
         -0.01224745],
        [-0.00225937, -0.06183906, -0.05252996, -0.05060984,
         -0.05100781],
        [ 0.01332657, -0.02259556,  0.07446675, -0.00176354,
         -0.00449616],
        [ 0.04444222,  0.07151874, -0.11048964, -0.07072679,
          0.01791415],
        [ 0.02644986, -0.00286708, -0.06599983,  0.10693744,
          0.01349245]],

       [[-0.00754756,  0.10888441,  0.11221382, -0.03653338,
          0.02198375],
        [-0.05072575,  0.07726673, -0.08330816,  0.0622769 ,
          0.06408289],
        [ 0.0710831 , -0.07261313, -0.09381776, -0.10397372,
          0.10679182],
        [ 0.00856919,  0.08430846,  0.0432591 ,  0.10146987,
          0.03168208],
        [ 0.04100966, -0.10530305,  0.02107233,  0.01943511,
          0.06947954]]])
 array([[[-0.0896457 , -0.01849686, -0.00444915, -0.02366517,
          0.0887323 ],
        [ 0.02038285, -0.09317363,  0.08618679,  0.02391738,
         -0.06396196],
        [ 0.01347352, -0.01553652,  0.11159795, -0.11104471,
          0.02323182],
        [-0.03648978, -0.04394754,  0.09474917,  0.00466357,
          0.00295107],
        [ 0.01888019,  0.10344191,  0.0313518 , -0.04462496,
         -0.01614481]],

       [[-0.04174363, -0.07530537,  0.09816131,  0.04303759,
          0.07726499],
        [ 0.02098037,  0.05669727, -0.04996827,  0.05733176,
         -0.08417166],
        [-0.07565929,  0.04224153, -0.11362303, -0.09038414,
         -0.03443552],
        [-0.02501738,  0.043585  ,  0.09948357,  0.04062896,
         -0.05428182],
        [ 0.05392039, -0.09744798, -0.05871318,  0.02017624,
          0.06354458]],

       [[-0.0058585 ,  0.08870038, -0.09179366, -0.01301663,
          0.04827183],
        [-0.09285303, -0.02121946,  0.03379564, -0.00956956,
         -0.06087395],
        [-0.08941279, -0.08669052,  0.10793145,  0.06853958,
          0.05549664],
        [ 0.10258848, -0.03260185,  0.06828383, -0.00544657,
          0.04810886],
        [ 0.05034819,  0.1051772 , -0.10496507,  0.04076461,
          0.08902663]],

       [[-0.05880172,  0.06545602, -0.07537637, -0.09754407,
         -0.08591126],
        [ 0.0421103 , -0.07074684, -0.05056546,  0.10898532,
         -0.01759626],
        [ 0.09397468, -0.00811454, -0.01002696, -0.09361248,
         -0.00965787],
        [ 0.00611664,  0.06695692,  0.00250085, -0.10080567,
          0.00984921],
        [ 0.04962299, -0.04022174, -0.02905303,  0.09403227,
          0.01555502]]])
 array([[[-0.03270013,  0.05385415, -0.02911133,  0.08906364,
          0.00253062],
        [-0.00092038,  0.04680056, -0.05115391, -0.02300725,
         -0.09944261],
        [-0.07485816, -0.03658461,  0.07495665,  0.08050038,
         -0.05213843],
        [ 0.11195491, -0.10288913,  0.08911116, -0.00741767,
         -0.06673997],
        [-0.06818774, -0.07808738,  0.06233967,  0.04853013,
          0.0500666 ]],

       [[-0.10784198,  0.06278374,  0.10979707,  0.06869292,
          0.07467233],
        [-0.02046388, -0.02796825,  0.10998492, -0.04019733,
          0.09446544],
        [-0.01925326, -0.00563007,  0.04004386,  0.00479717,
         -0.07705662],
        [ 0.03508388,  0.00173915,  0.05166999, -0.0446918 ,
          0.037097  ],
        [-0.09094725, -0.05410315, -0.097853  , -0.07295676,
         -0.01709954]],

       [[-0.05260592,  0.01695481, -0.04137396, -0.10416666,
          0.02722792],
        [-0.02578297, -0.07252945, -0.02968809, -0.06600113,
          0.06253518],
        [-0.07243561,  0.10376026,  0.06349026,  0.10390172,
          0.05309808],
        [-0.0013612 ,  0.01682633, -0.07698739, -0.08847297,
          0.01144696],
        [ 0.02061459, -0.07253711,  0.01020735,  0.05474096,
         -0.08393354]],

       [[ 0.0363278 ,  0.01385889, -0.00196442,  0.07807704,
          0.0627043 ],
        [ 0.01096301, -0.0923682 , -0.02564879,  0.08455504,
          0.03365025],
        [ 0.10845036,  0.07852986,  0.10710452,  0.03946703,
          0.09457337],
        [ 0.05367278, -0.0675116 , -0.08918346,  0.05309588,
         -0.00844131],
        [ 0.06213762,  0.04097469, -0.08760406,  0.03623908,
         -0.01127128]]])
 array([[[ 0.01701876,  0.00175597,  0.03010844,  0.06635179,
          0.09953253],
        [-0.11051527,  0.0480345 ,  0.05748889,  0.0968467 ,
          0.08197927],
        [-0.0752879 , -0.07260492, -0.0273918 ,  0.10650362,
         -0.08654513],
        [-0.04942867, -0.06571876, -0.0128419 , -0.07483648,
          0.05679991],
        [-0.11347781,  0.04554548, -0.08855536, -0.00453933,
          0.07610375]],

       [[-0.03570104,  0.10586086,  0.00234516, -0.06441996,
          0.01115253],
        [ 0.02814235,  0.03350187,  0.06998352, -0.06714994,
         -0.10907214],
        [-0.02651654,  0.02161682,  0.00707299,  0.01908074,
          0.07738496],
        [-0.01153198, -0.09984498, -0.09642312,  0.07818801,
         -0.06223548],
        [ 0.06494331,  0.09719407, -0.08117715, -0.0728647 ,
         -0.09205279]],

       [[ 0.11266526, -0.04315835, -0.00809454,  0.09145916,
         -0.07836782],
        [-0.04615078,  0.00561432,  0.02598793,  0.06315188,
          0.04053251],
        [-0.0416938 , -0.00797717,  0.03394572,  0.0478714 ,
          0.09736608],
        [-0.03818174,  0.04754843,  0.064505  ,  0.05354153,
         -0.11196221],
        [-0.0705632 ,  0.02162213,  0.00800732,  0.03114862,
          0.03846995]],

       [[ 0.0040584 ,  0.10527841,  0.10449507, -0.0907616 ,
          0.05013955],
        [ 0.00332274, -0.10247381,  0.11363209,  0.08448263,
         -0.03003489],
        [-0.09125707, -0.04943638, -0.02263969, -0.11010389,
          0.02895236],
        [-0.10155023, -0.06769462,  0.04843017,  0.08664825,
          0.06595106],
        [-0.10322566, -0.0191164 , -0.02197292, -0.07810473,
         -0.0374232 ]]])
 array([[[ 0.00506507,  0.11297413,  0.08417415,  0.0584759 ,
          0.06484457],
        [ 0.09823573, -0.07848668,  0.0287753 , -0.0354645 ,
          0.03815433],
        [ 0.01497004,  0.01292082, -0.05468391,  0.0250605 ,
          0.11108081],
        [-0.08373264,  0.06460995, -0.01869431,  0.11098304,
         -0.0150393 ],
        [-0.03226969, -0.03339861, -0.06209267, -0.029444  ,
          0.11214681]],

       [[-0.030004  , -0.08690094, -0.02043683, -0.03290788,
          0.01283396],
        [-0.02167887, -0.08707817,  0.03253607,  0.03401587,
         -0.10589568],
        [-0.08693628,  0.09108442, -0.069675  ,  0.05556793,
         -0.03115683],
        [-0.02847156, -0.05935188, -0.09586189, -0.08440712,
         -0.00957005],
        [-0.04842217, -0.03193188, -0.01153825,  0.11229919,
          0.0582617 ]],

       [[-0.05971303,  0.03609799, -0.02505979,  0.02195304,
          0.0120117 ],
        [ 0.00294235,  0.01219533,  0.03864448, -0.00299921,
         -0.08852253],
        [-0.07746341, -0.08021621, -0.02399809, -0.09701454,
          0.0178777 ],
        [-0.11394792, -0.00761182,  0.0237992 , -0.07174323,
          0.03942672],
        [ 0.02620293,  0.07507887,  0.04316852,  0.08020418,
         -0.05206612]],

       [[-0.00295144,  0.07107877,  0.11250527, -0.00051468,
         -0.10298487],
        [-0.09221963, -0.02532881,  0.00836024, -0.09340191,
         -0.10876323],
        [-0.06074942, -0.02165167, -0.03920543, -0.03859306,
          0.09732802],
        [ 0.07400754,  0.01332106, -0.03045005,  0.02811499,
         -0.09286266],
        [ 0.06027359,  0.08683752,  0.08718898, -0.07176415,
          0.05034644]]])
 array([[[-0.028697  ,  0.08594745,  0.03350551,  0.01935282,
          0.01842421],
        [ 0.09071826,  0.07487423, -0.06887651, -0.03360949,
         -0.02096797],
        [-0.0949455 ,  0.07545202,  0.04153391,  0.01210764,
         -0.10115682],
        [ 0.04730473, -0.07130791,  0.09687057, -0.10449655,
          0.08092438],
        [ 0.10245606, -0.07083514, -0.04992541,  0.05811443,
          0.0130594 ]],

       [[-0.02984081,  0.00041814, -0.078002  ,  0.090194  ,
         -0.03998072],
        [ 0.10069374, -0.04504277,  0.08711683, -0.04577621,
          0.0298971 ],
        [-0.08780111,  0.07059122, -0.07677359,  0.03555496,
          0.06586853],
        [ 0.03944331, -0.00362208,  0.03913386, -0.06132869,
         -0.08403546],
        [ 0.07002795,  0.01232851, -0.00113256,  0.0641577 ,
         -0.06802958]],

       [[ 0.06583938,  0.09618066, -0.04793059,  0.10374667,
          0.00978405],
        [ 0.08857254,  0.09607829, -0.01572794,  0.08465711,
         -0.07027057],
        [ 0.00937752, -0.05172634, -0.04435714,  0.03677622,
          0.08499776],
        [ 0.09071175,  0.05033366, -0.07241126,  0.07182779,
         -0.04360863],
        [ 0.07952997, -0.02821703,  0.02247439, -0.00823927,
          0.03212702]],

       [[-0.06319874,  0.00427244, -0.10852104,  0.04367788,
         -0.00954091],
        [-0.01103422,  0.04393485,  0.07841468,  0.05610091,
         -0.0269492 ],
        [-0.06096162, -0.10201116, -0.05481487, -0.01264284,
          0.02279256],
        [ 0.07959917,  0.02211588,  0.09828357,  0.01023184,
          0.0406499 ],
        [ 0.03891616,  0.03261626, -0.02033119, -0.06137778,
         -0.03137586]]])
 array([[[-0.021773  ,  0.0327441 , -0.01650024,  0.06395218,
         -0.09735623],
        [-0.03412664, -0.03845564, -0.05753123, -0.08029826,
          0.09090198],
        [-0.02495744, -0.07548138,  0.00516302,  0.10455022,
         -0.06581265],
        [ 0.07078355, -0.07850313, -0.07477939,  0.00501166,
          0.0853141 ],
        [-0.05324652, -0.04360884,  0.08025251, -0.01012391,
         -0.04803137]],

       [[ 0.04669871, -0.06921896,  0.03575567,  0.03170851,
          0.05017362],
        [ 0.06760648, -0.09553523,  0.00991407, -0.0001524 ,
         -0.04393616],
        [-0.09834225, -0.02293024,  0.06322251, -0.07153969,
         -0.05467999],
        [ 0.09489281, -0.07695963,  0.02275321,  0.00985   ,
         -0.0312422 ],
        [ 0.10550096,  0.08386691,  0.06926238, -0.10493692,
         -0.08792709]],

       [[ 0.04565903,  0.08638826, -0.05036657, -0.07861095,
          0.0708987 ],
        [-0.07291416,  0.09585432,  0.05540035,  0.0877795 ,
          0.00800173],
        [ 0.00451658, -0.00687207, -0.06752998,  0.07112984,
         -0.1098443 ],
        [-0.10219107, -0.03542573, -0.07726351, -0.05113093,
          0.07940305],
        [-0.02846048, -0.11096202,  0.08268593,  0.07556457,
         -0.03961265]],

       [[-0.03767508, -0.06168308,  0.06262144,  0.07080759,
         -0.04567132],
        [-0.07949801,  0.04432464,  0.00921361, -0.10186428,
         -0.03803533],
        [-0.07796494, -0.02091417,  0.10464138, -0.02811329,
         -0.08678415],
        [-0.07135581, -0.09217458,  0.01630445, -0.04691764,
          0.04699825],
        [-0.01147273,  0.05205973,  0.03732559,  0.05938319,
         -0.11076507]]])
 array([[[ 5.05253342e-02, -9.07940280e-02, -1.48622524e-02,
          9.86987682e-03, -7.08531046e-02],
        [-1.98557124e-02, -3.48394247e-02,  2.59635028e-02,
         -8.24892956e-02,  5.81335384e-02],
        [-1.51508122e-02,  7.02635888e-02, -3.03626244e-02,
         -4.29454387e-02, -1.03145880e-01],
        [ 5.68367005e-02, -4.87511846e-02,  6.20904213e-02,
          1.12046431e-01, -5.23792991e-02],
        [ 9.04690674e-05, -4.52785618e-02,  1.01267766e-01,
         -9.64347466e-02,  5.21163311e-02]],

       [[ 1.83328257e-02,  1.17403858e-02, -1.01032202e-01,
          8.12857798e-02,  1.29569895e-02],
        [-7.26010765e-02,  2.08652679e-02, -4.35902180e-02,
          7.78323744e-02,  9.01040530e-02],
        [-7.01976370e-04, -4.10619607e-02, -8.55026910e-02,
         -3.07308546e-02,  1.76042651e-02],
        [-2.61384453e-02,  2.19050596e-02, -3.28479082e-02,
          8.96109982e-02, -6.65154335e-02],
        [ 8.25169759e-02,  8.14506366e-02,  5.04207005e-02,
         -4.00139597e-02, -7.18206038e-02]],

       [[ 4.37680618e-02,  6.92817470e-02, -9.85439332e-02,
         -8.36205604e-02, -9.49891829e-02],
        [ 9.67429109e-02,  8.08411260e-02, -4.77701777e-02,
          3.55230548e-03, -2.40807367e-02],
        [-9.71978129e-02,  2.77261273e-02,  5.16128547e-03,
          1.02628528e-01,  2.60024815e-02],
        [-1.11618631e-02, -1.00005120e-01, -5.44903590e-02,
          9.06455471e-02, -1.77963103e-02],
        [-3.37463904e-02, -7.97949253e-02,  2.95949678e-02,
         -5.37797003e-02, -2.10434537e-02]],

       [[ 8.31612067e-02,  8.61363118e-03,  3.50543829e-02,
         -7.51855344e-02,  5.81362078e-02],
        [-8.73881737e-02, -5.99153330e-03, -2.05787074e-02,
          7.82880314e-02, -4.12419173e-02],
        [ 1.03499494e-01,  1.05583979e-02, -1.09520398e-02,
          6.31430678e-02, -4.60007821e-02],
        [-2.68654520e-02,  8.14873223e-02,  1.01914921e-01,
          3.58347575e-02, -1.66736807e-02],
        [ 9.70933922e-03, -6.49434730e-02, -1.92085975e-02,
          1.13192420e-01, -5.36188199e-02]]])
 array([[[ 0.05717681, -0.00290048, -0.04605345,  0.0193708 ,
         -0.01277898],
        [ 0.06194812, -0.04094226, -0.07445704,  0.01656632,
          0.04894886],
        [-0.07528364,  0.06325261, -0.03121845,  0.01367146,
         -0.01278849],
        [-0.03233876, -0.05617468, -0.02396842, -0.0464119 ,
          0.05675564],
        [ 0.01245867, -0.00919183, -0.07299987, -0.06199357,
          0.00461734]],

       [[-0.01819547,  0.06747997,  0.06553064, -0.02974011,
          0.06120762],
        [-0.03752195,  0.06545302, -0.0203139 , -0.05055114,
          0.06404345],
        [-0.04371929, -0.03165017, -0.01193205, -0.0282557 ,
         -0.02568793],
        [-0.00786225, -0.01434763, -0.00993278,  0.06048011,
         -0.00543788],
        [-0.00931993,  0.01223926,  0.02104368,  0.07038522,
          0.0579906 ]],

       [[-0.01377618,  0.06410376, -0.05568926, -0.01390131,
          0.02220566],
        [-0.06517112,  0.04275468, -0.02807137, -0.04480357,
          0.0066994 ],
        [ 0.02018377, -0.03932812,  0.02553554, -0.05460658,
          0.01821114],
        [-0.07216365,  0.04333581,  0.02314973,  0.05087141,
         -0.03410905],
        [-0.04813712,  0.04132327,  0.00506627,  0.04476825,
          0.05153602]],

       [[ 0.07682772, -0.06629157, -0.0008648 , -0.0084632 ,
         -0.05710264],
        [ 0.01680752, -0.07569941,  0.04687028, -0.00575631,
         -0.06398953],
        [ 0.00070925, -0.06802805, -0.0672275 ,  0.01165268,
          0.02015924],
        [ 0.01712554,  0.06969044, -0.06214023,  0.00802764,
          0.04670391],
        [ 0.02191051,  0.05711698, -0.05637739,  0.02577783,
         -0.00292518]],

       [[ 0.00820567,  0.03894322, -0.07126149, -0.03220575,
         -0.04711284],
        [ 0.05171446, -0.06766708, -0.04020388, -0.04504   ,
         -0.07272162],
        [ 0.02414256,  0.06024672,  0.03096792, -0.0379575 ,
         -0.04660527],
        [-0.06326272,  0.0580335 , -0.05397084, -0.01152519,
          0.05667835],
        [-0.06902557, -0.01716598,  0.01444427,  0.04715284,
         -0.04661582]],

       [[-0.03567343,  0.003926  , -0.00344626,  0.01505489,
         -0.05720833],
        [ 0.00893733, -0.04656939,  0.04671164,  0.04218791,
          0.07446511],
        [ 0.06347249,  0.00512568, -0.00141846, -0.03243728,
         -0.03077979],
        [ 0.04183712, -0.0504494 , -0.03339354,  0.0726194 ,
         -0.07359539],
        [-0.02265887, -0.04228813, -0.00842342, -0.03762002,
          0.00934878]]])][-0.023612508447148794, -0.07035702733727536, 0.12092572671783955, -0.1061937974184691, 0.09618643595814835, 0.07507350110368408, 0.09882132223056743, 0.01144000156523238, -0.06420116243631602, -0.09699193603562503, 0.09424336063836568, 0.04884905286214271, 0.04334647290743597, -0.04025508327415238, -0.013882908126718344, 0.003357652876007991]
-----------------------------------------------
[[ 0.20618168 -0.30828144]
 [ 0.28195197 -0.19059278]
 [-0.10517481 -0.00139227]
 [ 0.2765751   0.45509405]
 [-0.27644673  0.35479283]
 [ 0.05290802  0.29500729]
 [ 0.15675647 -0.42633128]
 [ 0.18437383 -0.35745792]
 [ 0.11083278  0.00216387]
 [ 0.24036539  0.30074514]
 [ 0.16947535 -0.35213925]
 [-0.10546114 -0.24668978]
 [ 0.33897791 -0.00113962]
 [-0.15989439 -0.08629384]
 [ 0.0010189  -0.09962008]
 [-0.27676097  0.45451407]]
-----------------------------------------------
[[[[-2.27280010e-02 -4.02927713e-03  1.63048350e-02 -1.59363241e-02
    -2.33485670e-02]
   [-8.55558943e-03 -9.22258397e-03  1.59840898e-02  1.16067976e-02
     7.92274942e-03]
   [-1.96994868e-02  2.25393301e-02  4.24342451e-03  2.00289547e-02
    -1.29770411e-02]
   [ 2.03461892e-02  1.15807150e-02 -1.05206011e-02 -9.46319777e-03
     2.67232959e-03]
   [-2.64955463e-03  5.99126040e-03 -6.76914980e-03 -1.82921923e-02
    -1.21818306e-02]]

  [[-5.74991316e-03 -2.58165175e-02  1.74848218e-02  2.34578883e-03
    -1.19893648e-02]
   [-4.80070610e-03  2.57998568e-02 -1.81787094e-03  1.77195776e-02
     1.05757695e-03]
   [-1.74830333e-02 -1.20836080e-02  4.29856417e-03  5.07503098e-03
     1.06977432e-02]
   [ 1.17284556e-02 -9.20666226e-03  2.36525449e-02  1.50190010e-02
     3.90166847e-03]
   [ 1.60190555e-02  2.41440267e-02 -2.67776409e-02  1.48669598e-04
    -1.94273862e-02]]

  [[ 1.10724372e-02 -7.35715681e-03  2.35689605e-02 -1.08861462e-02
     3.33254985e-03]
   [-2.42544841e-02  2.89692710e-02 -2.09013765e-02 -1.94353462e-02
    -8.00244547e-03]
   [-2.74942002e-02  2.30658198e-03  2.09178994e-02  1.51571061e-02
    -1.26403843e-02]
   [-2.63412480e-02  1.81752542e-02 -1.00258830e-02 -2.16441227e-02
     1.06871052e-02]
   [ 2.94738036e-02  2.28090374e-02 -4.07596330e-03  2.54809420e-02
     1.05869931e-02]]

  ...

  [[-2.79657950e-02 -2.87354281e-02 -5.68299496e-03  1.60077988e-02
     2.38860509e-02]
   [ 1.63798621e-02  1.80494881e-02  1.95977725e-02  2.33125482e-02
    -5.04277885e-03]
   [ 1.06394211e-02 -1.11201554e-02  1.98639985e-02  2.52426566e-02
     2.33619873e-02]
   [-5.84250698e-03  4.32426967e-03 -2.34083804e-02  1.10520497e-03
     1.75858571e-03]
   [-2.63556250e-02  2.20777053e-02 -5.96570901e-03 -1.80905720e-02
     9.62908496e-03]]

  [[ 1.17715332e-03  2.21982408e-02  1.03760873e-02 -1.21618239e-02
     1.67158708e-02]
   [ 3.75848393e-03  6.42164069e-03 -2.65097744e-02  4.48477913e-03
     1.25548999e-02]
   [-9.21490943e-03 -1.33310633e-02 -2.12257444e-02  2.67635847e-02
     4.97621740e-03]
   [ 2.18799116e-02  1.87094340e-03  2.81387973e-02  2.95419801e-02
    -2.22805858e-02]
   [-1.74259545e-02 -8.20789066e-03 -1.48760963e-02  2.33148115e-02
    -4.46331818e-03]]

  [[ 8.44671755e-03  1.29386467e-02 -2.92567715e-03 -2.65038848e-02
    -1.56375835e-02]
   [ 1.86574933e-02  8.41964839e-03  9.71137305e-03 -1.53940068e-02
     1.27059326e-02]
   [-2.72975466e-02 -2.16734101e-02 -9.92466809e-03 -2.64727551e-02
    -1.04259814e-02]
   [-1.40004985e-02  1.38837282e-02 -5.45569131e-03  7.37175630e-03
    -1.71460509e-02]
   [-1.91310536e-02  2.22052218e-02  1.38060278e-02 -2.77089029e-02
    -1.16277685e-02]]]


 [[[-3.46059191e-03 -5.53975302e-03 -1.17881211e-02 -1.13202785e-02
    -8.26870238e-04]
   [-2.38691142e-02 -1.02382223e-02 -9.93797068e-03 -2.42096759e-02
    -2.25398319e-02]
   [ 1.41094604e-02 -2.61604683e-02 -2.78686556e-02 -6.84975296e-03
     1.26855126e-02]
   [-2.09439135e-02  9.01281543e-03 -1.76903429e-02 -3.64849680e-03
    -1.34178661e-02]
   [-3.81638555e-04  2.91459705e-02  1.33249755e-02  2.99781869e-04
     4.56833933e-03]]

  [[ 1.13217396e-02  4.00644180e-03 -4.76898084e-03 -1.91062193e-02
    -1.91159095e-02]
   [ 2.42116370e-03  3.25125977e-03 -8.94122172e-03  1.96747066e-02
     1.62024252e-02]
   [-1.25853179e-02 -1.69225116e-02 -9.59485591e-03 -1.95819103e-02
     1.20913320e-02]
   [ 2.53992751e-03 -1.33867383e-02 -4.27216391e-03 -1.95162793e-02
     1.13810496e-02]
   [ 1.58639186e-02  1.67647521e-02 -1.45228612e-02  2.42501845e-02
     9.62294919e-03]]

  [[-1.53095382e-03  2.66831820e-02  2.29487509e-02  8.93553597e-03
    -2.58951142e-02]
   [ 1.81894684e-02 -1.85657564e-02  1.76556303e-02  2.76692985e-02
     2.20439333e-02]
   [-4.92694221e-03  7.49420964e-03 -3.11324495e-04 -2.56917591e-03
     2.07845353e-02]
   [ 4.16208320e-03 -2.03967669e-02  1.78291603e-02 -1.74829850e-02
    -2.41788968e-02]
   [ 2.82808537e-02 -2.02089569e-02 -2.87055189e-02 -2.09470920e-02
    -2.68795509e-02]]

  ...

  [[-2.60489377e-02 -1.31773956e-02  1.73487795e-02 -1.13678373e-02
     2.93370898e-02]
   [-1.97692665e-03 -2.26793558e-02 -1.91488327e-02 -1.26932301e-02
    -1.71632299e-02]
   [ 1.31936399e-02 -2.29696144e-02 -1.38997452e-02 -2.50765222e-02
    -1.95116198e-02]
   [-4.95100518e-03 -2.58883776e-02 -1.22220474e-02 -1.24194315e-03
    -2.15699871e-02]
   [-1.35295368e-02  2.14338230e-02  2.12163331e-02 -2.69496178e-02
     2.38927162e-02]]

  [[ 3.13242461e-03  1.37089922e-02  1.18109402e-02  1.17901598e-02
     1.31549123e-02]
   [-4.00987696e-03  5.70045972e-03 -1.58649402e-02  6.08512740e-04
    -6.43869091e-03]
   [-2.77778671e-02  8.64953783e-03  3.17480337e-03 -2.59947633e-02
     1.90160347e-02]
   [-5.75186594e-03  1.57635825e-02 -2.57433204e-02 -1.70971176e-02
    -3.13985499e-03]
   [-9.85789206e-03 -1.24078536e-02 -2.65685271e-02  1.48817739e-03
    -2.07999447e-02]]

  [[-7.27836126e-03 -1.43677130e-02  1.90436030e-02  8.62939702e-03
     5.15601316e-03]
   [-1.09000663e-03 -1.94933603e-02  8.86710820e-03 -1.79423523e-02
     1.23852276e-03]
   [ 7.58332372e-03  1.94776120e-02  1.22062983e-02 -2.83599782e-02
    -1.76540790e-02]
   [ 9.27254495e-03 -1.30182017e-02  9.21442955e-03 -1.43891383e-02
     2.25927087e-02]
   [-7.16062268e-03  2.62362159e-02 -2.51799698e-02 -3.49352388e-03
     2.37661585e-02]]]


 [[[ 6.93839089e-04 -3.63187400e-03 -1.76414740e-02 -2.31839678e-02
    -2.70127465e-02]
   [ 2.01304716e-02  1.52067856e-02 -2.51810364e-02  8.46668382e-03
    -2.70629625e-04]
   [ 8.92066093e-03  4.58846780e-03  2.56836981e-02 -4.94925171e-03
     1.18077438e-02]
   [-2.06809125e-02  1.60634535e-02 -1.81532631e-02  7.10549589e-03
     9.94594304e-04]
   [-2.81813182e-02 -2.69860367e-02 -2.57544026e-02  2.11647773e-02
    -2.04116039e-02]]

  [[ 1.36562571e-02  2.68108936e-02 -7.67999237e-03  2.55453627e-02
     4.33628454e-03]
   [ 2.27103679e-02  2.54109899e-03  2.92889764e-02  2.39907119e-02
     2.35490766e-02]
   [-1.71624347e-02 -2.81185845e-02 -1.94672407e-02  1.79630034e-02
    -4.35544941e-03]
   [ 1.48147950e-02  5.14691090e-03 -2.61537724e-02  2.86148067e-02
     1.39250870e-02]
   [-2.75398487e-02 -5.43344072e-06 -2.71327031e-02 -1.23758800e-02
    -1.94179516e-02]]

  [[ 3.27593844e-03 -2.01884978e-02  2.26911762e-02 -1.50714181e-02
     1.31476200e-02]
   [-1.52476233e-03 -1.05378078e-02  1.58915322e-02 -2.61175004e-02
    -2.60260574e-02]
   [-1.50837649e-02  2.35095696e-02 -2.93082351e-02 -1.62893460e-02
     7.75919650e-03]
   [ 2.11042982e-02 -2.29413364e-02 -2.48870128e-02  2.24033050e-02
     2.94889251e-02]
   [ 1.89718146e-02 -1.25111297e-02 -1.68002257e-02 -2.28744488e-02
    -2.39596818e-02]]

  ...

  [[ 1.45855912e-02 -2.89297270e-03 -1.60205299e-02  2.53966690e-03
    -1.31231386e-02]
   [ 2.11391652e-02  2.02299995e-02 -2.16150360e-03  2.31055980e-02
    -2.32732695e-02]
   [ 2.16023683e-02 -1.06761672e-02  1.74566822e-02 -1.77035949e-02
    -8.62380475e-03]
   [-2.10492685e-02 -2.21914569e-02  1.05275571e-02  2.34354263e-02
     4.22601257e-03]
   [ 1.74853984e-02 -4.28403573e-03  2.70947235e-02 -6.08180594e-03
     1.88514872e-02]]

  [[-5.80831218e-03  2.01167774e-02 -1.75562703e-02  7.94577762e-03
    -7.99323450e-03]
   [ 2.17945179e-02 -5.52098874e-03 -2.78867461e-02 -2.28844023e-02
    -1.15299805e-02]
   [-6.56779007e-03  5.12479685e-03  4.59237393e-03 -2.12751540e-02
    -9.84497999e-03]
   [ 1.10136143e-02  3.49329233e-03  6.42901911e-04  1.20641309e-02
     2.87822705e-03]
   [ 2.28845301e-02 -1.97091418e-02 -1.24308548e-02 -1.18976732e-02
    -5.99183260e-03]]

  [[-2.86746852e-02  1.56721933e-02  7.11514732e-03 -1.19248158e-02
    -2.79998819e-03]
   [-3.46564440e-03  1.76370833e-02 -2.56987532e-02 -2.72996369e-02
     3.29914795e-03]
   [-1.02169863e-02  3.68203570e-03  2.64155382e-03 -2.85322866e-02
    -2.71846080e-03]
   [-2.49424165e-02  1.65642179e-02  6.45308562e-03 -1.12396548e-02
    -6.90959088e-04]
   [ 2.64770916e-02 -9.74165199e-03  2.32397550e-02  7.71796534e-03
    -1.45337968e-02]]]


 ...


 [[[ 2.66679693e-02 -1.14761508e-02  4.60214141e-03  2.73650871e-02
     2.69665288e-02]
   [ 2.23612434e-02 -2.83133489e-02 -2.29597069e-02 -1.56601351e-02
     2.20897101e-02]
   [-1.38622541e-03 -1.80151923e-02 -2.07058936e-02  4.48796524e-03
     5.26704034e-03]
   [ 2.53172351e-02 -1.55596731e-02  2.01983382e-02  9.24996077e-03
    -1.52550702e-02]
   [-2.25147613e-02  4.73096427e-03 -2.46453151e-02  8.07922006e-03
    -5.97410119e-03]]

  [[ 1.11186884e-02 -1.67190325e-02 -1.66902903e-02  2.85245521e-02
    -2.30309874e-02]
   [-1.85975777e-02  1.10602747e-02  7.29476560e-04  1.08525930e-02
    -2.54577443e-02]
   [ 7.90604922e-03 -7.37177004e-04  2.32276792e-02  1.58348033e-02
     1.53784752e-02]
   [-1.22868734e-02 -1.34153944e-02  2.84918905e-02 -1.14583996e-02
     7.79940288e-03]
   [-8.32911400e-03  7.99564309e-03 -1.27652359e-02  4.33911837e-03
    -9.70177118e-03]]

  [[-8.75780836e-03  2.52973417e-02  6.08068894e-03  1.71431822e-02
     5.85953143e-03]
   [ 7.09525370e-03 -8.40308147e-03  2.95875801e-02 -4.40626072e-03
    -1.61113614e-02]
   [-2.34406191e-02 -6.24143268e-03  1.08000338e-02 -1.87504045e-02
    -2.38793518e-02]
   [ 1.99199339e-02  2.84185264e-02 -2.42146226e-02 -2.83012495e-02
     2.44796882e-02]
   [-2.00899305e-02  8.92540963e-03  5.53425462e-03 -1.20341459e-02
    -1.19749024e-02]]

  ...

  [[ 2.02459709e-02  1.53566388e-02 -1.39028716e-02 -1.03796388e-02
    -2.08857607e-03]
   [ 6.23330420e-03 -2.53063835e-02  2.01325625e-02  2.34127274e-02
    -9.30215235e-03]
   [ 8.48293642e-03 -9.43268945e-03  1.87092429e-02 -1.43310114e-02
     2.27963717e-02]
   [ 1.58227024e-02  1.35908685e-03  1.54014971e-02  2.09395681e-02
    -2.23962526e-02]
   [ 2.39518316e-02  1.39778613e-02  1.58869245e-02  1.01650667e-03
    -2.76641390e-02]]

  [[ 8.23001203e-04 -3.34465966e-03 -1.26292695e-02 -2.92603426e-02
    -1.04568086e-03]
   [ 5.21795185e-03  1.79618742e-02 -4.28948802e-03 -2.56654961e-02
    -6.23204055e-03]
   [ 1.21419957e-02 -7.15739918e-03 -1.21668322e-02  2.38954795e-02
     2.59909066e-02]
   [ 2.89473731e-02 -1.68811862e-02 -1.09402581e-02 -1.82283213e-02
     5.25169442e-03]
   [-7.88056689e-04  1.02654325e-02 -2.32181738e-02  1.95563567e-02
    -2.27676752e-02]]

  [[ 5.06579581e-03  2.86636828e-02 -1.85672494e-02 -2.15043917e-02
     2.42427948e-02]
   [ 2.45999757e-02 -2.07136009e-02  4.51688364e-03 -1.27371540e-02
    -3.34380871e-03]
   [-1.20902932e-02 -1.52485581e-02 -2.78206812e-03 -2.82597779e-03
    -1.84134224e-02]
   [ 1.10971297e-02 -9.18798898e-03 -3.25559652e-03  1.95465451e-02
     2.67628849e-02]
   [ 6.60295585e-03 -2.59249506e-02 -2.42964252e-02 -4.79311780e-03
    -1.92517342e-03]]]


 [[[ 1.80948698e-02  1.58993447e-02  1.16446117e-03  1.22467837e-02
     1.52367479e-02]
   [-3.95197536e-03  1.72610519e-02  2.04999292e-03  1.76191952e-02
    -1.00121145e-03]
   [ 1.69092183e-02 -1.02986514e-03 -4.82215037e-03 -1.83484498e-02
    -1.95848361e-02]
   [ 1.94903796e-02  6.91505693e-03  1.87212771e-02 -2.82040816e-02
     2.07674503e-02]
   [-1.00199377e-02 -1.61137875e-02 -9.55487610e-03 -1.75997194e-02
    -2.95549375e-03]]

  [[ 1.18250387e-02 -2.46599439e-02  2.78494604e-03 -7.44760555e-03
    -2.10821625e-02]
   [-1.09792196e-02 -1.99339561e-02  2.58479036e-02 -6.33360809e-03
     1.68417855e-02]
   [-1.16355228e-02  3.55168283e-04  9.11496997e-03  1.19349168e-02
     1.71265771e-02]
   [ 4.50866688e-03  2.83660610e-02 -2.23035336e-02 -1.47378703e-02
     1.95691283e-02]
   [ 4.56115387e-03  1.86258136e-02  1.44455529e-02  1.58580196e-02
     2.56183165e-03]]

  [[-1.60642518e-02 -1.93419524e-02 -1.04463572e-02  6.72643830e-04
    -1.92844470e-03]
   [ 2.46754865e-02 -2.17578142e-02 -1.27517849e-02  1.19238008e-02
     2.43164049e-03]
   [ 2.82474574e-02 -1.36771346e-02  1.99197080e-02 -1.59896421e-02
    -4.53952937e-03]
   [ 5.66838984e-03  2.79514129e-02  2.22950328e-02 -2.01840786e-02
    -2.48551081e-03]
   [ 1.17151058e-02 -2.65323330e-02  2.07095706e-02 -1.03652024e-02
    -4.88998734e-03]]

  ...

  [[-2.04228851e-02 -9.83374185e-03  1.71661626e-02  2.13168658e-02
    -3.97028853e-03]
   [-1.19849369e-02  9.81666658e-03 -2.65328220e-02  2.53909203e-02
     7.74065933e-03]
   [ 2.77210883e-02 -1.14447693e-02  9.26968997e-03  1.17930972e-03
    -9.26423559e-04]
   [ 1.12958323e-02 -5.92151507e-03  1.33076976e-03  3.91645352e-03
     9.21691594e-03]
   [ 1.07507616e-02 -1.04886083e-02 -9.06617514e-03 -2.17714342e-04
    -5.37617601e-03]]

  [[-1.14833081e-02  1.85142618e-02  1.07582379e-02 -2.35738628e-02
    -2.09700905e-02]
   [ 6.59996771e-04 -8.21243136e-03  8.06320707e-03  1.11278633e-02
    -1.11711900e-02]
   [-1.31519342e-02 -2.72890921e-02  2.33047428e-02  4.78843959e-03
    -2.81770685e-02]
   [-9.13795047e-03 -2.86092087e-02  8.17769355e-03  5.27000117e-03
    -9.22383646e-03]
   [-8.20985439e-03  2.94537529e-02  1.01928459e-02  2.17170771e-02
     1.39015429e-02]]

  [[ 2.10750218e-02 -1.33948115e-02 -5.43243218e-03 -1.08019788e-02
     2.68345392e-02]
   [-2.72088500e-02 -1.18512820e-03 -1.80257510e-02 -1.91009668e-03
     1.68188561e-03]
   [-2.94914442e-02  2.69109386e-02 -1.15774240e-02 -3.80413211e-03
     8.46707450e-03]
   [ 9.39078290e-03  2.49423006e-03 -7.80647869e-03 -7.52830426e-03
     1.98119587e-02]
   [-1.95768709e-02 -2.10754340e-03 -1.53989980e-02  2.20345862e-02
    -1.79676102e-02]]]


 [[[-1.53161479e-02  1.42555805e-02  2.01895051e-02 -1.86395624e-02
    -5.69232796e-03]
   [ 1.21767772e-02  2.17037518e-02  2.10210237e-02  2.46414567e-02
    -2.25729975e-02]
   [ 1.86170306e-03  1.66296724e-02  2.95349544e-02 -1.84354896e-02
     1.85746648e-02]
   [-2.07913452e-02 -1.07538619e-02  2.33636121e-02 -2.29042308e-02
    -1.09768625e-02]
   [-1.54625482e-02  1.76389916e-02  2.44134142e-02  1.52603665e-02
     1.44188058e-03]]

  [[ 2.75098484e-02 -8.73761247e-03 -2.58561774e-02 -1.19522911e-03
    -2.28774753e-02]
   [ 1.65747582e-02  6.22084639e-03  1.92841634e-02  3.56599637e-03
    -1.61663006e-02]
   [ 1.20139580e-02  5.29289377e-03 -2.11235074e-02 -1.19715816e-02
    -1.18849807e-02]
   [-1.51565454e-03 -2.63659306e-02 -1.42488164e-02  6.06789084e-03
     7.58328910e-03]
   [ 1.31303942e-02 -1.22737498e-02  6.57154290e-03 -9.85194450e-04
     2.38046721e-03]]

  [[ 7.41276037e-03 -7.38135232e-03  1.15006201e-02  1.04215649e-03
     1.78480075e-02]
   [ 1.93166793e-03 -4.62687237e-03  8.68889330e-03 -2.47259042e-02
     2.08856837e-03]
   [ 1.22531094e-02  2.35052857e-02  2.19909306e-02  9.56686391e-03
     2.37088282e-02]
   [-2.08434202e-02  2.46673157e-02  2.24358053e-02  1.99449771e-02
     2.44657073e-02]
   [ 1.54116352e-02  3.78154804e-03  2.46069982e-03  2.88656746e-02
    -1.90241447e-02]]

  ...

  [[-1.54001400e-02 -1.48506299e-02  1.05148055e-02  2.43728736e-02
    -8.35455366e-03]
   [ 8.37854561e-03 -2.45973263e-02  8.78575132e-03  6.24362028e-03
    -1.88143431e-02]
   [ 2.84777106e-03  1.09567996e-02 -1.70642616e-02  5.21169597e-03
    -1.48635728e-02]
   [ 2.13165634e-02  5.84658457e-03  1.36456433e-02 -1.72972732e-02
     6.73853324e-03]
   [ 1.58961390e-02 -2.41545056e-02 -2.96808118e-03  1.53688088e-02
     2.69107263e-02]]

  [[ 1.10331863e-02  2.69199754e-02  3.54691473e-03 -1.25935414e-02
     4.66131781e-03]
   [ 6.31800496e-03 -2.94165195e-02  2.59370738e-02 -1.74690277e-02
    -9.20907508e-03]
   [-1.62455219e-03  1.13783862e-02  1.23708374e-02 -1.67287754e-02
     1.91553026e-02]
   [-8.62124135e-03 -1.11667218e-03  1.01839375e-02 -1.01402734e-02
     1.00085564e-02]
   [ 1.52509020e-02 -1.62880677e-02  1.45554903e-02  1.13157054e-02
     1.42088935e-03]]

  [[-1.93949340e-02 -1.18877028e-02 -7.24363473e-03  1.33360667e-03
    -1.50748679e-02]
   [ 2.03434802e-02 -1.84476768e-02 -1.13836310e-02 -2.17261096e-02
     2.94806977e-02]
   [ 1.21069796e-02  5.08546554e-03  1.61201129e-02  6.13434388e-04
     2.74922373e-02]
   [ 1.11316801e-02 -7.19333810e-04 -3.98102125e-03 -1.30915450e-02
    -2.87454385e-02]
   [-1.11674327e-02 -2.46244668e-02 -1.18131785e-02  1.34914634e-02
    -5.73893003e-03]]]][-0.00652609339245834, 0.005007544595036769, 0.01946747509802531, -0.025178070813160335, -0.01854801837561565, -0.019030866616403585, 0.0019650713255659376, -0.008427961548650782, 0.018516217320271502, -0.026873244438819336, -0.027365074149047947, -0.014791480476855568, -0.01116666039317795, 0.016435112105884723, 0.006602458647799982, -0.02612432569971096, -0.01776237918408196, 0.004478497651811773, -0.009363883684220815, -0.00684472041832641, 0.005145440725851932, -0.01537442393914778, -0.022039208136790483, 0.027192780892073675, 0.0019930659326023413, -0.02234859743407734, -0.013752318070692198, -0.008265744561676506, -0.02159929876827288, -0.02239023839115558, 0.01995619068421454, -0.019607001269439567, 0.021210737623135748, 0.003312649237491059, 0.024948790425896945, 0.010076355339007897, 0.021167369871137372, 0.02888128925042523, 0.01674551992078387, 0.017962958813614188, 0.02212399633625384, 0.0062021562874839155, 0.0017434142083230207, -0.0034035392722994162, 0.007346319754650641, -0.026782603824289018, -0.006065066659868942, -0.0183158961730431, -0.01374768395648603, -0.010014597716704897, -0.026613123006263624, 0.015250713055237657, -0.027357630611010042, -0.01171969712678873, 0.01887021090666868, -0.024503425342480484, 0.023343545958798593, 0.006236236171023871, -0.00040310085057597075, -0.01271526259124705, 0.021591837906547114, 0.020477505937238193, 0.012676192304436205, 0.0023746353996610438, -0.010651959857179653, 0.018102837769107715, -0.006800083287227986, 0.003884060836577812, -0.02091932186615166, 0.004985650982771973, 0.02682012637130538, -0.027626873465801664, 0.0029174341899250826, -0.02741080049423688, 0.006360842353881926, 0.022178094174433217, 0.015177432900231384, -0.01961828367524971, -0.013862692702216302, -0.029278382324244723, -0.01964402383503199, -0.014127751407752702, 0.027962069274846593, 0.024325607796489502, -0.011476552590935184, -0.022188398133527718, 0.022270553924514862, 0.015677266223876805, 0.008194944366592651, 0.009318916119569833, 0.003191192290786956, -0.02749849207267322, 0.021120971311247006, 0.0035408760528292983, 0.0056827255020213165, 0.026663964888414163, -0.012008405618057279, 0.007642075607672234, 0.021816569626014918, -0.006848872755995682, -0.025385353494218728, -0.020278630456029994, -0.015421587580142991, -0.00666784559621059, -0.029422901649123947, -0.019233978985162728, -0.013462981390484338, 0.029363959674076793, 0.02198850693721934, 0.0017977481435114996, 0.01238290450230534, 0.020324199991757167, 0.02447992521719598, -0.008935991927110653, -0.025681003407552687, 0.017077782838593323, 0.008317868323779207, 0.012933228313009925, -0.024919990482304998, -0.02286772381214927]
-----------------------------------------------
[[-0.00435561  0.00614626  0.00016472 ... -0.01878982  0.00796226
   0.00578312]
 [ 0.00110926 -0.00216304  0.00716085 ...  0.01946856 -0.00163192
  -0.01818762]
 [ 0.00769482 -0.00844194  0.00489034 ...  0.00155845 -0.0118923
   0.00778781]
 ...
 [ 0.00692886 -0.01209311 -0.01875467 ...  0.01064475  0.01710543
  -0.01474133]
 [-0.00922053 -0.0020587   0.00502826 ... -0.00733634  0.01274762
   0.00606827]
 [ 0.00388123  0.01975742  0.01980776 ...  0.00382796 -0.0041426
  -0.00157375]][ 0.00045465 -0.01596335  0.01644643 -0.01816169  0.00071136 -0.00848212
 -0.01822874 -0.01884359 -0.00591076  0.01945486 -0.01916226  0.00145934
 -0.01023971 -0.00994724 -0.0165717   0.00686576 -0.01644584 -0.01329025
 -0.00797453  0.01596082 -0.01177467 -0.00362533 -0.00063405  0.00601592
  0.00024864 -0.00738665 -0.00931005  0.01613645  0.00777041 -0.00218607
 -0.01217051  0.00202905  0.01372586 -0.01844854 -0.00100527  0.00727537
 -0.00414579  0.01571633 -0.01091734 -0.01881195  0.0079613  -0.015082
  0.0168458   0.00658995 -0.00757493 -0.01204507 -0.01941356  0.00989481
 -0.01794901  0.00125651  0.01912375  0.01821878  0.01211548 -0.01230617
 -0.01271278  0.01833964 -0.01284747  0.00833937 -0.00602637 -0.01123118
  0.01763988  0.0007739   0.01443551 -0.00423896  0.01620036 -0.0030366
  0.01132732  0.01246998 -0.00791022  0.00762947 -0.01841458 -0.01935712
 -0.00693061 -0.00068828  0.00343073  0.00508138  0.00134006 -0.00279813
 -0.01089341  0.00854704 -0.01249992  0.01846804 -0.01339961 -0.00851505]
-----------------------------------------------
[[-1.  1.  1.  1. -1.  1. -1. -1.  1.  1. -1. -1.  1. -1. -1. -1. -1. -1.
  -1. -1.  1. -1.  1.  1.  1. -1. -1. -1.  1. -1.  1.  1.  1.  1.  1.  1.
   1. -1.  1.  1.  1.  1. -1.  1. -1.  1. -1.  1.  1.  1. -1. -1. -1.  1.
  -1. -1.  1.  1.  1.  1. -1. -1.  1. -1. -1.  1.  1. -1.  1. -1. -1. -1.
  -1. -1.  1. -1. -1.  1. -1. -1. -1.  1. -1. -1.]
 [-1.  1.  1. -1. -1.  1.  1. -1. -1. -1. -1.  1.  1.  1. -1.  1.  1. -1.
  -1.  1. -1.  1.  1.  1.  1.  1.  1.  1.  1. -1.  1. -1. -1. -1. -1.  1.
  -1. -1. -1.  1. -1. -1. -1.  1.  1. -1. -1.  1. -1. -1. -1. -1.  1. -1.
  -1.  1. -1. -1. -1. -1. -1.  1.  1. -1.  1. -1.  1.  1.  1. -1. -1. -1.
  -1. -1.  1. -1.  1.  1.  1. -1.  1. -1.  1. -1.]
 [ 1.  1.  1.  1. -1. -1.  1.  1. -1.  1. -1.  1.  1.  1. -1.  1. -1. -1.
  -1. -1.  1.  1.  1.  1.  1. -1. -1.  1. -1.  1.  1.  1.  1. -1.  1. -1.
  -1. -1. -1. -1. -1. -1.  1. -1.  1.  1.  1.  1. -1. -1.  1.  1.  1.  1.
   1.  1.  1. -1. -1.  1.  1. -1.  1. -1.  1.  1.  1.  1. -1.  1. -1. -1.
   1.  1.  1.  1. -1.  1. -1.  1. -1. -1.  1. -1.]
 [-1.  1.  1. -1.  1.  1. -1. -1. -1.  1.  1. -1. -1. -1.  1. -1. -1.  1.
  -1. -1.  1. -1.  1.  1. -1. -1. -1. -1.  1. -1.  1. -1.  1.  1.  1.  1.
  -1. -1.  1. -1. -1. -1.  1.  1.  1.  1.  1.  1.  1.  1. -1.  1. -1. -1.
   1. -1. -1.  1.  1.  1. -1. -1. -1. -1.  1.  1.  1. -1. -1. -1. -1. -1.
  -1. -1.  1. -1.  1. -1.  1. -1.  1. -1.  1. -1.]
 [ 1. -1. -1.  1.  1. -1. -1.  1. -1.  1. -1. -1. -1.  1.  1. -1. -1. -1.
  -1.  1.  1. -1. -1.  1.  1. -1.  1.  1. -1.  1. -1.  1. -1.  1. -1.  1.
  -1. -1. -1.  1. -1. -1. -1.  1.  1. -1. -1. -1.  1. -1. -1.  1. -1. -1.
  -1.  1.  1.  1. -1.  1.  1.  1. -1. -1.  1.  1.  1.  1.  1. -1.  1.  1.
   1. -1. -1.  1.  1. -1. -1.  1. -1.  1. -1.  1.]
 [-1. -1.  1.  1.  1.  1. -1. -1.  1. -1.  1. -1.  1.  1.  1.  1. -1. -1.
   1. -1. -1. -1.  1. -1. -1. -1.  1.  1. -1.  1. -1.  1. -1.  1. -1. -1.
   1.  1.  1.  1.  1.  1. -1.  1. -1.  1.  1.  1. -1.  1.  1.  1.  1. -1.
  -1.  1.  1.  1. -1. -1. -1.  1.  1.  1. -1.  1. -1.  1. -1.  1.  1.  1.
  -1. -1.  1.  1.  1. -1.  1.  1. -1. -1.  1. -1.]
 [ 1.  1. -1. -1. -1.  1. -1. -1. -1. -1.  1. -1. -1.  1.  1.  1. -1. -1.
   1. -1. -1. -1. -1. -1. -1.  1. -1.  1. -1. -1.  1.  1. -1.  1. -1.  1.
   1. -1.  1.  1.  1.  1. -1. -1.  1. -1. -1. -1.  1. -1.  1. -1. -1. -1.
   1. -1. -1.  1. -1. -1.  1. -1.  1. -1. -1. -1. -1.  1. -1. -1. -1. -1.
  -1. -1.  1.  1. -1. -1.  1. -1. -1.  1. -1. -1.]
 [ 1.  1. -1. -1.  1.  1.  1.  1. -1.  1. -1. -1. -1.  1. -1. -1. -1.  1.
   1. -1.  1. -1. -1.  1. -1. -1. -1.  1.  1.  1. -1.  1. -1.  1.  1.  1.
  -1. -1. -1. -1. -1.  1. -1. -1. -1. -1. -1. -1. -1.  1.  1. -1.  1.  1.
  -1.  1.  1. -1.  1. -1. -1. -1.  1. -1.  1. -1.  1. -1.  1. -1.  1. -1.
   1. -1. -1.  1. -1. -1.  1.  1.  1.  1.  1. -1.]
 [-1. -1.  1. -1. -1.  1. -1. -1.  1. -1.  1.  1.  1. -1.  1.  1. -1.  1.
   1.  1. -1. -1. -1. -1. -1.  1.  1.  1. -1.  1. -1.  1.  1. -1. -1.  1.
  -1.  1. -1. -1.  1.  1. -1.  1.  1.  1.  1.  1.  1. -1.  1. -1.  1.  1.
  -1.  1.  1. -1.  1. -1.  1. -1. -1. -1. -1.  1.  1. -1. -1. -1.  1. -1.
  -1. -1. -1. -1.  1. -1. -1.  1.  1. -1.  1.  1.]
 [-1. -1.  1. -1.  1. -1.  1.  1.  1. -1.  1.  1. -1.  1.  1.  1.  1. -1.
   1. -1.  1.  1.  1. -1.  1. -1.  1.  1.  1. -1. -1. -1.  1.  1.  1.  1.
  -1. -1.  1. -1.  1.  1. -1.  1.  1. -1. -1.  1. -1. -1. -1.  1.  1. -1.
   1.  1. -1.  1. -1.  1. -1. -1. -1.  1. -1.  1.  1.  1. -1. -1.  1.  1.
   1. -1. -1.  1.  1.  1. -1. -1.  1.  1. -1.  1.]]
-----------------------------------------------
