[[[[ 0.24983892  0.14109443  0.38745538 -0.14709547  0.36478395]
   [-0.18722274  0.19525823  0.22080034 -0.1090935  -0.30547201]
   [ 0.13725035 -0.03245745 -0.05588881  0.18840703 -0.092764  ]
   [ 0.05190454  0.2520914   0.21073288  0.13752584  0.3209335 ]
   [-0.22261081 -0.09414578 -0.19683608  0.16397758 -0.14589326]]]


 [[[-0.12715683 -0.34907517  0.35166842  0.03148878  0.34065014]
   [ 0.04377696 -0.19790375  0.21625698 -0.32637751 -0.03141492]
   [-0.07811614  0.23840825 -0.34296942  0.0957423  -0.18019834]
   [ 0.33390528  0.11330685  0.33789665 -0.21860383  0.01651972]
   [ 0.27705356 -0.15266234 -0.01621704 -0.38692811 -0.21078129]]]


 [[[-0.25827032 -0.01283508 -0.07026014 -0.06582161  0.32687069]
   [ 0.02337697 -0.26709886 -0.27776739 -0.05273349  0.3852975 ]
   [ 0.17502363  0.28416592 -0.16084258 -0.28771636  0.04506379]
   [ 0.34296373 -0.27709441  0.38753026  0.39715758 -0.38249464]
   [-0.37520424 -0.35653167  0.10962055  0.33455179  0.06053744]]]


 [[[-0.10320801 -0.01882144  0.22346406  0.16374899 -0.0798956 ]
   [-0.1278938  -0.37591504  0.12357486  0.01162075 -0.39233895]
   [ 0.14925062  0.06690339 -0.36204136 -0.10949422 -0.06574187]
   [-0.00710466  0.30906008 -0.16865226  0.12742801 -0.06233409]
   [ 0.36377511 -0.08961976  0.38885673 -0.05665246 -0.29348656]]]


 [[[-0.16824772 -0.37620505 -0.12528149 -0.00389833 -0.22333107]
   [ 0.22094128 -0.13254284 -0.15563729  0.10691721 -0.17878574]
   [-0.12331133 -0.2305399   0.18127588 -0.35685318  0.24444788]
   [ 0.12110483 -0.24866283  0.34595562 -0.13376915  0.38163111]
   [-0.01098244  0.34218008 -0.10331815  0.12602524  0.18287112]]]


 [[[-0.32859006 -0.32259833  0.1609417  -0.09466695 -0.17737896]
   [ 0.32291352 -0.23362629  0.02382472 -0.32476856 -0.04799313]
   [ 0.29947681  0.31087086 -0.01081986 -0.00290421 -0.0088724 ]
   [-0.29042359 -0.1865321   0.11151401 -0.31554067 -0.05807065]
   [ 0.33180085 -0.04231837 -0.31819143  0.2875162   0.38836816]]]][-0.1353253427481425, 0.3881199821203057, 0.3438902751934186, -0.21506194568628087, -0.1394972499725483, 0.36060792500788735]
-----------------------------------------------
[[-0.26760587 -0.27364466]
 [-0.02389297  0.29934085]
 [ 0.31340793 -0.28436278]
 [ 0.41267256 -0.15930675]
 [ 0.17441477 -0.28174777]
 [ 0.26444784 -0.45717044]]
-----------------------------------------------
[array([[[ 1.36522724e-01,  1.81424872e-02,  4.93253155e-02,
         -1.40829315e-01,  1.06001597e-01],
        [-2.64153972e-03, -9.70474498e-02,  1.43439444e-01,
          6.89145863e-02, -1.09759410e-01],
        [ 1.30887313e-01, -7.82274764e-02,  3.58163793e-02,
          6.68336966e-02,  2.81514351e-02],
        [-1.22879414e-01,  1.05377852e-01, -3.87475146e-02,
          2.42442960e-02,  5.97367985e-02],
        [-7.32587109e-02, -1.31852623e-02, -1.05640001e-01,
          2.11690330e-02,  1.31552835e-01]],

       [[-4.06223239e-02,  1.23471359e-01,  3.72418270e-02,
         -1.08507004e-01,  4.76260921e-02],
        [ 8.23402054e-02,  5.73751261e-02, -1.02198835e-01,
         -4.27695549e-02,  3.34063824e-02],
        [ 5.78815958e-02, -4.62914561e-02,  8.63377929e-02,
          2.54810831e-02,  1.01437746e-01],
        [ 1.93920334e-02, -9.50665213e-02, -5.27159384e-02,
         -8.06977411e-02,  1.47807249e-01],
        [-7.34573135e-02, -1.21663872e-01, -7.10396387e-02,
         -9.09013955e-02,  3.48386704e-02]],

       [[ 1.42626864e-01,  1.06047508e-01,  1.48788483e-01,
         -1.45446346e-01, -5.68466078e-02],
        [-1.63302634e-02, -1.34820803e-01, -2.48016233e-03,
          1.90373829e-02,  1.26542625e-01],
        [-6.49028833e-02, -7.68765385e-02, -1.28352043e-01,
         -8.76391762e-02,  8.75953888e-02],
        [-4.75726574e-02,  1.13306835e-01, -4.68036840e-02,
         -5.65702432e-02, -1.30814487e-01],
        [-6.36853259e-02, -1.39145252e-01, -6.99911503e-05,
          5.73145621e-02, -5.57883388e-02]]])
 array([[[ 0.04387304,  0.06493841, -0.13643537,  0.0703176 ,
          0.0261954 ],
        [-0.02376949,  0.1310327 ,  0.02607261,  0.10268695,
         -0.11236617],
        [-0.13818937, -0.13732104,  0.09706288,  0.13083488,
          0.04380296],
        [ 0.09200378,  0.04652543, -0.06949395, -0.14838181,
          0.11868676],
        [ 0.03547344, -0.07616552,  0.02895961,  0.13678287,
         -0.03749867]],

       [[-0.09766923,  0.12131713,  0.12885277, -0.03367768,
         -0.0487657 ],
        [ 0.09095269, -0.07588306,  0.13897632,  0.07797248,
          0.04401437],
        [ 0.03036022, -0.02239865,  0.06142522,  0.04303837,
          0.0071581 ],
        [ 0.08929623,  0.01605648, -0.03353115, -0.0342685 ,
          0.07755836],
        [-0.11681324, -0.01798321,  0.0635091 , -0.14041582,
         -0.04755528]],

       [[-0.06778138,  0.08678178, -0.04383685, -0.11745819,
          0.11914661],
        [ 0.0397008 ,  0.06671463, -0.07102295,  0.088528  ,
         -0.14484809],
        [ 0.05445047,  0.04203901, -0.06102575, -0.09983009,
          0.0592709 ],
        [-0.12954187,  0.11436159,  0.00582899,  0.07233175,
         -0.04049967],
        [-0.01254888,  0.08865183, -0.10849431, -0.0657253 ,
         -0.12450843]]])
 array([[[-0.02335876, -0.14957585,  0.05394627,  0.06164238,
          0.0751704 ],
        [ 0.05918263, -0.01291827,  0.07019288, -0.01384649,
          0.04663006],
        [ 0.12636798,  0.11131113,  0.02902404, -0.04035575,
         -0.10446489],
        [ 0.01782745,  0.08152527,  0.01377448, -0.07489892,
          0.07696216],
        [ 0.0947064 ,  0.00771239,  0.08082271, -0.10979017,
         -0.09173071]],

       [[-0.0295991 , -0.11482614, -0.04791968,  0.07889461,
          0.09016832],
        [-0.06603742, -0.13894884, -0.09121359, -0.11322352,
         -0.0670267 ],
        [-0.03020732,  0.06804236,  0.00054328,  0.09682007,
         -0.12410061],
        [ 0.05178991,  0.03668007,  0.14871225,  0.0818643 ,
          0.04393362],
        [ 0.04818917, -0.11780096, -0.0764802 , -0.13986917,
         -0.04180508]],

       [[-0.05677597, -0.05593062, -0.07439949, -0.05216781,
          0.02444502],
        [-0.10082604,  0.01586979, -0.04638761, -0.01785271,
          0.06495401],
        [-0.07750043, -0.00973109, -0.03623751, -0.14885745,
          0.14756398],
        [-0.04921638, -0.06349804,  0.02158986,  0.01559024,
          0.04788133],
        [ 0.08626932, -0.10615794, -0.08618462, -0.02324309,
         -0.00479387]]])
 array([[[-0.09839108, -0.03064145, -0.06504259, -0.06648594,
          0.01991332],
        [ 0.12862459, -0.10227502,  0.05565968,  0.1499009 ,
          0.02471354],
        [-0.01308309, -0.03834156, -0.00204615, -0.04600804,
          0.01834238],
        [-0.04914967, -0.06649263,  0.14518622, -0.00593436,
          0.09148396],
        [ 0.05353722, -0.1133519 , -0.1446867 , -0.06208814,
         -0.0771491 ]],

       [[-0.09408777,  0.03713884, -0.1089229 , -0.035259  ,
          0.13048166],
        [-0.09884846, -0.11689712, -0.01859456, -0.0417247 ,
          0.08453357],
        [ 0.06822532,  0.13953859,  0.10132637, -0.10376387,
          0.08486741],
        [ 0.06003504,  0.04950161,  0.1355004 ,  0.08098844,
         -0.07275952],
        [ 0.01648993,  0.09348074, -0.03934561,  0.01163531,
         -0.13660377]],

       [[ 0.01126636, -0.0566697 ,  0.10049649, -0.1361142 ,
         -0.11047851],
        [ 0.12587659, -0.14736982, -0.09756703, -0.07674768,
         -0.09487266],
        [-0.09750526, -0.02834613, -0.08145211,  0.12934415,
          0.06854804],
        [ 0.05346226, -0.12699384,  0.12669123,  0.11896751,
         -0.14828221],
        [ 0.13815873, -0.01683666,  0.07661847,  0.10114129,
         -0.12119319]]])
 array([[[-0.05504022,  0.12856525,  0.03776592,  0.02853155,
          0.08637537],
        [ 0.07962542, -0.1375855 , -0.00933919, -0.14359855,
         -0.1426795 ],
        [ 0.03609914,  0.06165026, -0.03542986, -0.12855603,
         -0.02244268],
        [-0.01154493,  0.00666916,  0.01071226,  0.14798743,
         -0.06682061],
        [-0.00533292, -0.14981936, -0.10732091,  0.08795836,
          0.13078732]],

       [[-0.14087184, -0.07014939,  0.02624549, -0.12767067,
         -0.01919657],
        [ 0.10951681,  0.06382879, -0.04117007, -0.09361878,
         -0.12066663],
        [ 0.02571891, -0.04415865,  0.04397979, -0.14649134,
         -0.10191275],
        [-0.12355727, -0.07323431, -0.08911829,  0.01122469,
         -0.13925017],
        [-0.01525072,  0.0284636 ,  0.10203753,  0.01621808,
         -0.12016013]],

       [[-0.12646463, -0.01809736,  0.05792642,  0.1241712 ,
          0.14062874],
        [-0.11534649,  0.05412278,  0.07369847,  0.06231958,
          0.05018253],
        [ 0.03139178, -0.05677876, -0.1033027 , -0.02462529,
          0.0582292 ],
        [-0.06309765, -0.07970915,  0.10217088,  0.10582998,
          0.00084354],
        [-0.08036332,  0.11064095, -0.0632617 , -0.11952296,
         -0.10363723]]])
 array([[[-0.09677728,  0.01344742, -0.07080323,  0.14097843,
          0.12804084],
        [ 0.01842676,  0.11574755, -0.01131934,  0.07723   ,
          0.09328167],
        [ 0.11990015, -0.09261307,  0.02157143,  0.1465254 ,
         -0.04591693],
        [ 0.04678669, -0.11826616, -0.03121804, -0.00440212,
         -0.05757189],
        [-0.10159728,  0.13657307, -0.10640109,  0.09334989,
          0.05411456]],

       [[ 0.06895529, -0.05954827,  0.01220054,  0.06962061,
         -0.01896444],
        [ 0.1368712 , -0.01025641, -0.06273853,  0.09492359,
         -0.07803241],
        [ 0.08396949, -0.12111252,  0.05706867, -0.0620583 ,
         -0.10423027],
        [ 0.03452757,  0.08156473, -0.11201969, -0.05386308,
          0.11585136],
        [ 0.05555323, -0.07686299,  0.04710191,  0.14694772,
          0.14742808]],

       [[ 0.03110698,  0.11632067, -0.05644186,  0.02956286,
         -0.04537724],
        [ 0.06600667,  0.09825255, -0.12542937,  0.05269975,
         -0.07063675],
        [-0.05866048,  0.06436713, -0.03548515, -0.11817047,
         -0.0362842 ],
        [-0.03755366, -0.00183909,  0.14275818, -0.1169349 ,
         -0.06318521],
        [-0.03096542,  0.09044278,  0.03011211,  0.08420185,
         -0.00639373]]])
 array([[[-0.00879838, -0.05758698, -0.00058382,  0.0488103 ,
          0.02097621],
        [ 0.07969178, -0.07279921,  0.01840321,  0.08417861,
          0.08433029],
        [ 0.03452792, -0.02572896, -0.00807165, -0.11092021,
         -0.04369137],
        [-0.03285816,  0.10726458, -0.11178498, -0.05045352,
         -0.05244096],
        [-0.07104736,  0.06758718, -0.09787717,  0.06935126,
         -0.03383895]],

       [[-0.09151827, -0.07548299, -0.09644469, -0.08343335,
          0.06681346],
        [ 0.04544334, -0.09852954,  0.02896669, -0.04648743,
          0.0226633 ],
        [ 0.00482376,  0.06521299, -0.00342279,  0.05203884,
          0.0320165 ],
        [-0.02144146,  0.07654258,  0.07116047,  0.00697681,
         -0.10158431],
        [ 0.03666181, -0.00728265,  0.0842243 , -0.03335025,
         -0.0706735 ]],

       [[-0.03916105,  0.10608895,  0.0035338 , -0.06802952,
          0.05088676],
        [ 0.0853303 ,  0.10606186, -0.08595272,  0.08545612,
         -0.07030227],
        [-0.09422934, -0.02647738, -0.10205971, -0.04227086,
          0.05921289],
        [-0.01506973, -0.00886452,  0.10364054,  0.08776213,
          0.10489666],
        [ 0.09361856,  0.04826081, -0.00605482, -0.0511713 ,
         -0.06130281]],

       [[-0.09449001,  0.01616838, -0.08959039,  0.02713293,
         -0.05764147],
        [ 0.02665568, -0.01274299, -0.01929174, -0.01364058,
          0.00937266],
        [-0.10872138, -0.02368281, -0.06233836,  0.11102659,
          0.07671799],
        [-0.06492261,  0.00324423,  0.01776494,  0.00968986,
         -0.08160818],
        [ 0.03707055,  0.09881581, -0.07112798,  0.08697542,
          0.00366102]]])
 array([[[ 0.000619  ,  0.10435225,  0.04206932, -0.08121979,
         -0.04445616],
        [-0.05030481, -0.04894937, -0.10251425,  0.0043294 ,
         -0.04575534],
        [-0.01785091, -0.03815474, -0.02313321,  0.08355259,
         -0.06008782],
        [-0.00080542,  0.08804893,  0.04303313,  0.05044556,
          0.00607721],
        [ 0.06544979,  0.01601285, -0.10118983, -0.09147748,
         -0.04143972]],

       [[ 0.04074645, -0.1108426 ,  0.09395955,  0.02771324,
         -0.08166674],
        [-0.08423117,  0.05741508,  0.10788029,  0.07034682,
          0.00214458],
        [ 0.03411153, -0.03775425,  0.07778122,  0.06066832,
          0.00128009],
        [-0.05181983,  0.03674494, -0.09594086, -0.02831693,
          0.07854074],
        [-0.10149609, -0.05503745, -0.07780792,  0.07279393,
          0.08823845]],

       [[ 0.0938987 , -0.00957109, -0.06595865,  0.11424187,
          0.07761919],
        [ 0.02006632,  0.00353312, -0.04265199,  0.05407604,
         -0.02615486],
        [-0.09727662, -0.02165632,  0.04417003, -0.01200618,
          0.02807482],
        [-0.0246561 , -0.07432109,  0.08173015, -0.02835069,
         -0.07190823],
        [-0.09523699, -0.07881266, -0.0004762 ,  0.04140251,
          0.02055387]],

       [[-0.09815212, -0.03204605, -0.0265565 , -0.08330032,
         -0.03864698],
        [-0.09197672, -0.04210091,  0.07359663,  0.08584514,
         -0.01284249],
        [ 0.01562066, -0.05204527, -0.09716872,  0.06647822,
         -0.0164523 ],
        [ 0.07195346, -0.03797052,  0.03632442,  0.06298549,
          0.06028539],
        [ 0.0160115 ,  0.0588131 ,  0.07686582,  0.09218891,
         -0.06556781]]])
 array([[[-0.07341379,  0.04869092, -0.05219601, -0.04208227,
          0.05143596],
        [ 0.04572756,  0.07459972,  0.0859932 ,  0.04654635,
          0.05798235],
        [-0.03420308,  0.07686003, -0.02356617, -0.09559122,
         -0.06872841],
        [-0.0686028 ,  0.07426734,  0.09513646, -0.08886355,
         -0.02723937],
        [ 0.06187462, -0.05712503,  0.08654325,  0.04208154,
         -0.02697072]],

       [[ 0.08186491,  0.08598634,  0.02420462, -0.03201562,
         -0.02415048],
        [ 0.04849362,  0.07091569, -0.02028983,  0.04145312,
         -0.06839236],
        [ 0.01357051,  0.0755624 ,  0.08033534,  0.00964318,
         -0.08984919],
        [-0.08936718, -0.06748356,  0.01437285,  0.07249954,
         -0.01813653],
        [-0.07154675,  0.09390179,  0.05362194,  0.07916026,
          0.06344532]],

       [[ 0.10342348, -0.06983802, -0.08204755,  0.0454622 ,
          0.04175345],
        [ 0.07981305,  0.06098909,  0.02374521,  0.05877891,
         -0.0740603 ],
        [ 0.05528373,  0.06956541,  0.03305978, -0.06015284,
         -0.00405849],
        [ 0.00502306,  0.08314006,  0.00964169, -0.02607904,
          0.05765078],
        [-0.00342534, -0.00252499, -0.06545426, -0.03959093,
          0.01152359]],

       [[ 0.00151461, -0.02073637, -0.0112169 , -0.00566091,
          0.05125818],
        [-0.09995225, -0.09264727,  0.00448139,  0.11239265,
         -0.08666873],
        [ 0.03143947,  0.03731133, -0.10234092, -0.00860179,
         -0.07173629],
        [ 0.10227343, -0.10740358,  0.06444342, -0.07158147,
         -0.0751844 ],
        [ 0.01352524, -0.00986391, -0.03086379,  0.03784929,
         -0.02274431]]])
 array([[[ 0.01898252,  0.01035814, -0.05261293,  0.03514867,
          0.01839354],
        [ 0.08835529, -0.05624355,  0.01152985,  0.03479634,
         -0.02888269],
        [ 0.10670752, -0.02448108, -0.00265524,  0.02092135,
          0.01022241],
        [ 0.05374491,  0.07056032,  0.0153109 , -0.11082371,
          0.07138816],
        [-0.01604596, -0.09609368, -0.0530499 , -0.07569235,
         -0.0803464 ]],

       [[ 0.10660452, -0.04759275,  0.08886733, -0.10725302,
         -0.07345659],
        [-0.09522785, -0.05334936, -0.10096942, -0.0278235 ,
          0.04584779],
        [-0.033315  ,  0.06473165, -0.10887   , -0.05029126,
         -0.00497002],
        [ 0.02049607, -0.03264376, -0.07219417,  0.00758827,
          0.02340177],
        [ 0.0923948 ,  0.08570401,  0.0217832 , -0.00658637,
          0.0090774 ]],

       [[-0.02571148,  0.00417412,  0.09046718, -0.06845728,
          0.1062737 ],
        [ 0.0310537 ,  0.00996849,  0.08445541,  0.08865168,
          0.02561926],
        [-0.1070843 , -0.05264095, -0.09825366, -0.11100352,
          0.03543026],
        [-0.03873622,  0.01515539,  0.06549713, -0.03681509,
          0.04112657],
        [ 0.00812603, -0.11189076,  0.04544219, -0.10746354,
          0.09131869]],

       [[ 0.05718635,  0.05990884,  0.07926601,  0.06843294,
         -0.0919724 ],
        [ 0.02056664,  0.0684517 , -0.01184438, -0.03074597,
         -0.0641696 ],
        [-0.01580936, -0.10154655,  0.07922867, -0.09544942,
         -0.1067631 ],
        [ 0.072497  , -0.06467912,  0.06177332,  0.01204206,
          0.06319431],
        [-0.0212009 ,  0.06878126, -0.11042871,  0.03075778,
          0.0012972 ]]])
 array([[[ 5.84996655e-03, -7.51763135e-03, -9.78804943e-02,
          1.02812145e-01, -4.99983710e-04],
        [-1.00858177e-01, -9.58614003e-02,  2.06989302e-02,
         -2.72197055e-02, -3.48527391e-02],
        [-4.56198740e-03,  3.11249321e-02, -7.82837960e-02,
         -1.71020611e-02, -3.52460875e-02],
        [-9.89634472e-02, -4.62529331e-02, -7.97728581e-02,
          9.19331848e-02,  8.91627286e-02],
        [ 8.83971852e-02,  4.38911476e-02, -9.16475916e-02,
         -9.70823494e-02, -2.78027775e-02]],

       [[-6.90275202e-02, -8.61335616e-02, -1.47262524e-02,
         -8.90355707e-02, -3.31070159e-02],
        [ 1.69519508e-02,  7.44273978e-02, -5.05679615e-02,
         -5.15921043e-02, -8.11731764e-02],
        [ 3.45118198e-02,  3.92887416e-02,  4.96545291e-02,
         -8.60398934e-02,  1.35581697e-03],
        [-1.05700157e-01,  6.06476974e-02, -1.79287168e-02,
          2.50775348e-03, -1.47069334e-02],
        [ 3.76493755e-02,  7.52028410e-02,  8.68653049e-02,
          6.49424258e-03, -7.90599184e-02]],

       [[ 2.61489829e-02, -3.96741650e-02, -7.16100452e-02,
         -2.53257697e-02,  6.81601358e-02],
        [ 4.34481459e-02,  9.95062084e-02,  6.97790806e-02,
         -4.51011960e-02,  5.90177079e-02],
        [ 7.88633223e-02,  8.10296966e-02,  7.57639103e-02,
         -7.83378860e-02,  8.31130324e-02],
        [ 3.45162001e-03,  1.05082570e-01,  5.52931555e-02,
          8.00882496e-02,  7.22599314e-02],
        [-1.45090416e-02,  9.98757965e-03,  5.87706902e-02,
         -5.11532108e-02,  2.40033010e-02]],

       [[ 8.92779447e-02,  9.97442263e-02,  6.55135322e-02,
          2.47194279e-02,  5.48683158e-02],
        [-1.31786213e-02,  2.63884206e-02,  5.10455322e-02,
         -8.69383533e-02,  7.93792451e-02],
        [-6.15363855e-02,  8.76086885e-02,  1.64764799e-02,
          8.74967633e-02,  1.73806722e-02],
        [ 1.45595097e-02,  7.70867617e-02,  4.95212677e-02,
          7.18848258e-02,  9.96798625e-02],
        [ 4.58504329e-02, -1.06159904e-01,  9.21774636e-02,
         -1.96016202e-02, -7.69678637e-05]]])
 array([[[ 0.07843448, -0.11380211,  0.09184421,  0.05771071,
         -0.11224818],
        [ 0.06236305,  0.00779953,  0.04871934,  0.07212191,
          0.00725831],
        [ 0.01538588, -0.08853496, -0.01884659,  0.02780402,
          0.09163111],
        [-0.10208808, -0.07651862,  0.05674078, -0.07645908,
         -0.03625517],
        [-0.04711479,  0.01918686, -0.01066259,  0.07767076,
          0.01814775]],

       [[-0.10739765,  0.10438189, -0.00222244,  0.03636946,
         -0.07165859],
        [-0.0433166 ,  0.08246965,  0.0337378 ,  0.09190997,
          0.05293268],
        [ 0.10944469,  0.09032389,  0.01883774, -0.09223807,
          0.05656405],
        [-0.05335235, -0.07475669,  0.0174887 , -0.10661592,
         -0.07137839],
        [ 0.09764815, -0.03851689,  0.07948259, -0.05911899,
         -0.10984387]],

       [[-0.0075488 , -0.01267504,  0.05472213,  0.04965161,
         -0.06695165],
        [-0.0947113 ,  0.00253155,  0.0507501 ,  0.05049278,
         -0.07082767],
        [-0.03486447, -0.11211486,  0.01301804,  0.01240663,
          0.05162877],
        [ 0.11073361, -0.10591162, -0.02034112,  0.00451127,
          0.02418748],
        [-0.07005704,  0.06428847,  0.10846772, -0.05991882,
         -0.00072658]],

       [[-0.07087631, -0.05228422,  0.03434562, -0.08902555,
          0.09354839],
        [ 0.10769293, -0.09112069,  0.10505514, -0.01067906,
         -0.10942272],
        [ 0.07648536, -0.07732773,  0.11202472, -0.11009595,
          0.04352479],
        [ 0.04138766,  0.02686981, -0.03295241,  0.07010401,
          0.00486549],
        [-0.02907339,  0.09617596, -0.00510145, -0.10721283,
         -0.01180523]]])
 array([[[-8.39342377e-02, -8.52107952e-02, -4.61288011e-02,
          3.60753173e-02,  6.71798579e-02],
        [ 3.36376914e-02,  3.78726858e-02,  5.26983807e-02,
          6.63707520e-02,  3.36925991e-02],
        [ 9.55542792e-02, -7.72199846e-02, -4.77608044e-02,
         -3.68811942e-02, -6.66829801e-02],
        [-3.06879444e-02, -5.41957327e-02, -4.57221847e-02,
          9.02523994e-02, -7.32563727e-02],
        [ 5.34583930e-02,  6.11070431e-02, -1.04671329e-01,
          5.93809092e-02, -6.83603908e-02]],

       [[-5.51267911e-02,  1.06976948e-01, -5.95003471e-02,
         -8.61448199e-03, -3.09935806e-02],
        [ 3.03097698e-02,  9.15627035e-02, -5.71922094e-02,
          1.37669925e-02, -2.36133999e-02],
        [-5.45973051e-02, -1.10756904e-01,  9.15808383e-02,
          1.11920740e-01,  6.52315481e-02],
        [ 1.07339158e-01, -1.09473605e-01, -8.66318792e-02,
         -1.10375056e-01,  7.29474261e-04],
        [-3.93112611e-02,  3.07201821e-02, -2.92358990e-02,
         -3.72481064e-02, -8.36688955e-02]],

       [[ 6.81920847e-02,  7.69771693e-02,  4.77586689e-02,
          5.79161515e-02, -1.59822251e-05],
        [-1.04495848e-01, -7.45637438e-02,  2.42948544e-02,
          1.01893500e-01,  6.59742425e-02],
        [ 9.07469904e-02,  6.63117280e-02, -6.86082059e-02,
         -2.68458040e-02,  9.91632464e-02],
        [ 8.52268132e-02,  8.78049020e-02,  8.53119758e-02,
         -1.12621113e-01, -3.37737462e-02],
        [-5.63193579e-02, -3.30797981e-02,  1.94578735e-03,
         -7.96611592e-03,  7.46160065e-02]],

       [[-7.91835676e-02,  1.32553433e-02,  8.58830218e-02,
          5.96815181e-02, -4.61339559e-02],
        [ 8.42534690e-02, -1.08566122e-01, -5.86060330e-02,
         -1.13781368e-01,  9.61746653e-02],
        [-1.21535070e-03,  1.70170904e-02,  1.03455352e-02,
          9.95024227e-02, -3.17654847e-02],
        [-7.90307412e-02, -2.17625568e-02,  1.08054357e-01,
         -6.02862956e-03,  6.58403434e-02],
        [-5.08640656e-02, -4.11582522e-02,  4.04205150e-02,
          3.63792629e-02, -6.62592567e-02]]])
 array([[[ 6.52594768e-02,  1.03876736e-01,  8.49155788e-02,
         -4.43143662e-03, -7.25634624e-02],
        [-2.94145787e-02, -3.17485754e-03, -1.13751194e-01,
         -2.57183565e-02, -5.66795305e-02],
        [-1.04616578e-01,  6.37669860e-02,  4.81047875e-02,
          8.51237334e-02,  1.07132340e-01],
        [ 7.29899491e-02, -4.27972160e-02, -5.61738202e-03,
         -2.85674991e-02, -1.03402019e-01],
        [ 1.04671284e-01,  9.83368028e-02, -4.35856175e-02,
          6.14782317e-02,  5.77348333e-02]],

       [[-2.94238787e-02,  5.38986963e-02,  3.58317576e-04,
         -9.54164762e-02,  3.75283229e-02],
        [-6.21562357e-02,  8.84753076e-02, -7.31046262e-02,
          7.92875428e-02, -1.12662060e-04],
        [ 5.73149425e-04,  6.55975494e-02, -1.04005135e-01,
          3.21288743e-02, -6.32072370e-02],
        [ 6.90100276e-02,  6.68919184e-03, -8.97515604e-02,
         -8.07479380e-02,  8.03937664e-02],
        [ 7.28854525e-02,  7.89844158e-02,  7.50982857e-02,
          3.33575448e-02, -3.68269398e-02]],

       [[-1.47072972e-02,  7.33300758e-02,  4.55459411e-02,
         -2.40627227e-02,  9.72766787e-02],
        [-5.10037256e-02,  5.11735285e-02, -6.37471018e-03,
          1.01493089e-01, -7.84091564e-02],
        [ 3.22534307e-03,  1.04139872e-01, -2.37938332e-02,
         -1.11221459e-01, -7.23045440e-02],
        [-7.91571788e-02, -2.89359350e-02,  1.25982828e-02,
         -7.12229095e-02,  8.75718051e-02],
        [ 1.01989566e-01, -5.58592885e-02,  7.11371682e-02,
         -7.85194805e-02, -7.21665404e-02]],

       [[ 7.03380775e-02,  7.84139506e-02, -1.02778229e-01,
         -8.10937017e-02, -5.23541148e-02],
        [-8.15488412e-03,  1.03775089e-01, -7.40912843e-02,
         -8.26909124e-02,  5.01991362e-02],
        [-2.22475218e-02, -7.43862977e-02,  8.45772243e-02,
          5.83602664e-03,  1.48160843e-02],
        [ 4.71328667e-03,  1.89432035e-02,  8.37019777e-02,
         -6.58083726e-02, -5.60808001e-02],
        [ 2.82445621e-02, -1.24095031e-02,  3.75893251e-02,
         -6.13796586e-02, -2.86539308e-02]]])
 array([[[ 0.0151197 ,  0.00119326, -0.00719818, -0.08756631,
         -0.02586361],
        [-0.04029864,  0.05896406, -0.0923155 ,  0.09784576,
          0.05620454],
        [ 0.03697852,  0.09079159, -0.06190476,  0.0401815 ,
          0.04537955],
        [-0.00385073, -0.06546389, -0.10888612,  0.0349547 ,
          0.0143136 ],
        [-0.0299639 , -0.09575459,  0.04210735,  0.04192507,
         -0.11178678]],

       [[ 0.02611149,  0.01951043, -0.00283486,  0.0130906 ,
          0.06213061],
        [ 0.07225457, -0.08761523, -0.06083025, -0.06761791,
         -0.03992532],
        [-0.00378779,  0.02418361, -0.05732638, -0.02601882,
          0.05697705],
        [ 0.05565419, -0.11275023,  0.09312624, -0.05926923,
         -0.02607118],
        [-0.0078041 ,  0.04914719, -0.02906859, -0.04409206,
          0.01947592]],

       [[-0.00633272, -0.05488148, -0.00091682,  0.03411218,
         -0.00949897],
        [ 0.03066092,  0.01919923,  0.10866645, -0.04377734,
         -0.07108016],
        [ 0.06563184,  0.03161801, -0.04860344,  0.02225105,
         -0.01833552],
        [-0.10833796, -0.00492818, -0.01183281, -0.00465849,
          0.00966852],
        [-0.08459097, -0.01881709,  0.05673704, -0.01554975,
          0.0588505 ]],

       [[ 0.06609706, -0.1094394 , -0.00111868,  0.07398159,
         -0.04884115],
        [ 0.0661897 ,  0.04043546, -0.05109207,  0.0453957 ,
          0.01481736],
        [-0.0321325 , -0.04831323,  0.06345285,  0.05047219,
         -0.0254664 ],
        [ 0.0060675 ,  0.08590604,  0.0797154 , -0.0331995 ,
          0.03626691],
        [ 0.10431524, -0.09013357, -0.03159459,  0.00319775,
         -0.01459215]]])
 array([[[-0.0734006 , -0.02462516,  0.04092651, -0.02181001,
          0.07297646],
        [ 0.05909849,  0.02579008, -0.00375892,  0.02763449,
         -0.03474266],
        [-0.00112672, -0.00618995, -0.02960873, -0.0391613 ,
         -0.04618425],
        [ 0.04718267, -0.02028793, -0.04297408, -0.06157087,
         -0.0669853 ],
        [ 0.04245531, -0.04065277, -0.04546979, -0.00550254,
          0.07741431]],

       [[-0.03586057, -0.06724863, -0.00659211, -0.03399553,
         -0.02874885],
        [ 0.07381599,  0.03319204, -0.07087207,  0.04449041,
         -0.04211567],
        [-0.02933779, -0.07031372, -0.02312531, -0.00544291,
          0.06729609],
        [-0.0749072 , -0.03352087, -0.00104953, -0.03528115,
          0.06351549],
        [-0.07218633,  0.0571438 ,  0.03606377, -0.01215986,
         -0.00964882]],

       [[-0.01716151,  0.05072908,  0.01917062,  0.00753433,
          0.06833231],
        [-0.04469299, -0.00357902, -0.07680267, -0.04810368,
         -0.07561491],
        [-0.03762379, -0.0198459 ,  0.04251191,  0.00194204,
          0.00304244],
        [-0.00635017,  0.07344022,  0.06243036,  0.0717659 ,
          0.01167949],
        [ 0.0309728 ,  0.0477144 , -0.0658897 , -0.03232759,
         -0.01348137]],

       [[ 0.02926082,  0.05804056,  0.04304655,  0.04229316,
         -0.06157723],
        [ 0.0161464 ,  0.06618636,  0.07130709,  0.03183379,
          0.0077393 ],
        [-0.01679036,  0.00997885,  0.07303982, -0.02628039,
          0.02383019],
        [-0.03007281, -0.05284162,  0.07444271,  0.06982295,
          0.04410598],
        [ 0.00482501, -0.07636563,  0.03975006, -0.02724503,
         -0.04435028]],

       [[ 0.0484506 , -0.00888363, -0.07401435, -0.00957245,
         -0.02025886],
        [ 0.02896278, -0.01329904,  0.00863999,  0.07684758,
          0.02569788],
        [-0.03478741,  0.0151412 ,  0.07511257,  0.05579322,
          0.07523956],
        [-0.04440906, -0.02310214, -0.00373435, -0.04762422,
          0.02706077],
        [-0.06977834,  0.04016472, -0.07312146, -0.05236873,
         -0.07616965]],

       [[ 0.03421986, -0.0547714 , -0.04567172, -0.03602965,
         -0.00054282],
        [-0.02303764,  0.04624767,  0.02400382, -0.00813387,
          0.00957592],
        [-0.04058272,  0.05372877, -0.02778465,  0.04961634,
          0.03755863],
        [ 0.01992213,  0.06879803, -0.03973713, -0.04981793,
         -0.00746503],
        [ 0.02519249, -0.04241534,  0.0367333 , -0.03023309,
          0.04227544]]])][-0.018318684006225605, -0.1269127942717607, -0.10891449137248516, 0.04926325139461685, 0.027569504068036738, 0.09499848292889729, -0.04231015527494872, -0.09734063613700819, -0.028296690742817918, -0.0418104555344708, 0.05566659164857758, 0.11243601256869974, 0.09448121872185057, -0.01868134774791326, -0.07615908077502892, -0.026128595772200974]
-----------------------------------------------
[[ 4.31873134e-01 -4.65897558e-01]
 [-3.17157567e-01  2.34260181e-01]
 [-2.92019967e-01 -2.93297840e-01]
 [ 1.69594433e-01 -4.63786214e-02]
 [-1.03869495e-01 -2.65608747e-01]
 [ 1.67576132e-01  4.31105963e-01]
 [-2.04059918e-01  7.47700767e-02]
 [ 2.59466916e-01 -1.02618028e-01]
 [ 1.06403826e-01  4.00835633e-01]
 [ 4.77910327e-01 -2.08642992e-02]
 [ 4.51104421e-01 -4.09944664e-01]
 [ 2.67505074e-04 -3.40401359e-01]
 [ 3.33639985e-02  3.69777888e-01]
 [-3.63980012e-01 -2.63594554e-01]
 [ 2.09004810e-01 -2.19926615e-02]
 [-2.99816779e-01  3.55639122e-01]]
-----------------------------------------------
[[[[ 6.40925769e-03 -5.03457509e-03 -5.51280482e-03  1.93937497e-03
    -2.72355016e-02]
   [-1.11658103e-02 -7.20892684e-03  8.46047991e-03  2.83715879e-02
     2.59196352e-02]
   [ 1.73783317e-02  1.50587848e-02 -1.87347679e-02 -3.05723320e-03
    -2.76686657e-02]
   [ 1.26812592e-02 -2.19221980e-02 -1.50085427e-02 -3.39472278e-03
     2.29870624e-02]
   [ 1.72205603e-03 -1.56636576e-02 -2.12969703e-02  2.64266182e-02
     1.84664154e-03]]

  [[ 2.54299191e-02  5.76491986e-03  4.20987849e-03  8.99309690e-03
     2.39324022e-02]
   [-2.66517674e-02 -9.02716987e-03  1.73531271e-02  2.68166344e-02
     2.81994457e-02]
   [-1.91639163e-02  9.23877373e-03  6.48058598e-03  5.51048968e-03
     1.95302422e-02]
   [-8.42833087e-03  1.97904787e-02 -1.37828780e-02 -2.92623421e-03
     1.22824728e-02]
   [-1.22723068e-02  1.00457163e-04  9.09379131e-04  2.73765908e-02
     2.65229982e-02]]

  [[ 2.48780625e-02 -2.47232447e-04  2.23538776e-02  2.26511437e-02
    -1.13445057e-02]
   [-2.40999388e-02 -2.39501602e-02 -1.97258503e-02 -2.87374928e-02
    -2.94963234e-02]
   [ 5.45084805e-03  1.34233051e-02  2.50102841e-02  2.09592252e-02
    -3.11411629e-03]
   [-4.70997125e-04  2.25022852e-02 -1.74163038e-02  2.45486569e-02
     1.88472913e-02]
   [-2.67443462e-02 -3.34407731e-03  8.44373228e-03 -2.04965856e-02
    -9.63795848e-03]]

  ...

  [[ 3.53498637e-03  7.75079132e-04 -1.26426588e-02  1.86599031e-02
     4.33260265e-03]
   [-1.18116546e-02 -7.80366785e-03  2.66024920e-02 -2.86558590e-02
     2.56538885e-02]
   [ 1.43741675e-02 -1.14064946e-02  2.51237564e-03 -9.49254600e-03
    -1.80065042e-03]
   [ 1.46168974e-02  1.88446443e-02  2.88645489e-02  1.80487177e-02
    -1.57094258e-02]
   [-4.85146757e-03 -6.77576058e-03 -4.53290289e-04  2.40826919e-02
    -2.39966278e-02]]

  [[ 1.42236881e-02  1.96059704e-02  1.53534221e-02  1.94476611e-02
    -1.83453408e-02]
   [-2.37619169e-02  2.56372735e-02 -1.05559679e-02  2.16172106e-02
    -2.64452503e-02]
   [ 6.08425872e-03 -2.08218730e-02 -2.94359990e-02  1.96061413e-02
    -8.19308930e-03]
   [-1.49902705e-02 -1.93890688e-02  2.75565856e-02  1.55910380e-03
     4.08574966e-03]
   [ 2.92599337e-02 -2.46002862e-02 -3.13476896e-03 -2.24443620e-02
     2.06811040e-02]]

  [[-3.49303360e-03 -2.05666738e-02 -2.59269631e-02 -7.54012784e-03
     2.69788209e-02]
   [-2.59619747e-02  1.76973137e-02 -1.84027792e-02 -2.52960450e-02
    -5.33382346e-03]
   [ 9.85635696e-03  2.69546671e-02 -2.58184156e-02 -2.42785592e-02
    -1.47348063e-02]
   [ 2.78431191e-02 -2.51531155e-04  2.26080857e-02 -1.64134924e-02
     2.83921061e-02]
   [ 2.68363246e-02 -2.85574024e-02 -2.43166596e-03 -2.49836381e-02
     2.88749468e-02]]]


 [[[-6.67297010e-03  1.25489965e-02 -1.31124495e-02  1.35232940e-02
    -1.85350823e-02]
   [-2.48228138e-03  8.09348545e-03 -2.85318924e-02 -2.51220490e-02
    -1.79361732e-02]
   [ 1.46698399e-02  2.56922083e-02  4.23235897e-03 -2.35411155e-02
    -2.30905837e-02]
   [-2.10951903e-02  2.64185959e-02 -2.61245308e-02  1.45897703e-02
    -7.19727452e-03]
   [ 1.54336122e-02  1.39646346e-02  1.65338478e-02 -1.66902350e-02
    -2.92701685e-02]]

  [[ 2.64915504e-02  2.39296303e-02  2.48421701e-02 -2.86697321e-02
    -1.50189121e-02]
   [ 7.55089326e-03  1.72580996e-02 -1.62933857e-02  1.50665700e-02
     2.34606783e-02]
   [ 2.43664513e-02  1.66672831e-02  1.23036915e-03 -5.19388595e-03
     9.15606287e-03]
   [-2.08584490e-02  2.64728081e-02 -1.12286171e-02 -4.52802754e-03
    -2.93362497e-02]
   [ 1.28653669e-02  1.28880767e-02  1.48676668e-04  7.33266038e-03
     2.75879247e-02]]

  [[ 2.22213502e-02  1.45857247e-02  1.46992295e-02 -2.68915876e-02
     2.41534295e-02]
   [-1.52592075e-02  1.08066453e-02  9.76700355e-03  9.18975426e-03
    -2.69229167e-03]
   [ 1.99107656e-02  1.08660569e-02  8.80809419e-03 -1.51428782e-02
     1.42910244e-02]
   [-1.63676035e-03 -8.32688681e-03 -2.48608270e-02  1.45278567e-02
     2.03208385e-03]
   [ 2.01831502e-02  2.48969784e-02  8.02967447e-03  9.27644109e-03
     2.50490109e-02]]

  ...

  [[ 2.12880583e-02 -1.23928726e-02  1.20109735e-02 -2.73734543e-02
    -2.19205158e-02]
   [ 1.26613084e-02  6.81740881e-03  2.55285641e-02  4.56915929e-03
     6.66729014e-03]
   [ 2.02817608e-02  5.59786956e-03 -9.52883172e-03  1.27550209e-02
    -2.71886259e-02]
   [-1.48710614e-02  7.42509327e-03 -1.44768582e-02  1.45229962e-02
    -1.13096625e-02]
   [-1.61986701e-02 -2.73865501e-02  3.39274032e-04 -1.58643528e-02
     1.37986037e-02]]

  [[ 2.49738313e-03  2.15286487e-02  1.67408200e-02  2.73220325e-02
    -1.28331130e-02]
   [-7.39391869e-03  1.99223789e-02 -2.49082429e-02 -2.11259041e-02
     1.33765849e-02]
   [ 2.26396694e-02 -2.28550775e-02  4.41958943e-03 -9.60441818e-03
     1.53406975e-02]
   [-1.34306182e-03  2.62807457e-02  1.47347746e-03  2.82477837e-02
     1.73513325e-02]
   [-1.95522714e-02  2.74070506e-02 -3.78886780e-03 -2.70840873e-02
    -6.30433225e-03]]

  [[ 1.51101365e-02 -2.28322042e-02 -1.02833598e-03  1.56781586e-02
    -1.20157215e-02]
   [-2.77653590e-02 -2.64296010e-02  2.35802515e-02 -1.23453207e-02
    -2.34381590e-02]
   [-2.78876772e-02 -6.73593829e-03  3.73555384e-03 -5.14940696e-03
    -2.39018725e-02]
   [ 2.40155359e-02 -9.65305834e-04  2.78651293e-02 -5.97873548e-03
     1.12571530e-02]
   [-1.30009408e-02  1.23359996e-03  1.43829623e-02 -2.75841042e-02
     1.50700275e-02]]]


 [[[-5.06208210e-03 -1.29771824e-02  8.63543776e-04  1.43034265e-02
    -6.15624426e-03]
   [-4.76294636e-03 -2.86241230e-02  2.24721743e-03  3.33975231e-03
    -1.60551210e-02]
   [ 2.42804797e-02  1.27826657e-02 -4.64800313e-03  9.43336094e-03
     2.16328591e-02]
   [ 1.25064442e-02 -3.65952483e-03  1.87194819e-02 -8.36823546e-03
    -1.89301520e-02]
   [-2.93471722e-02 -1.61390779e-02 -2.63186886e-02 -2.89220323e-02
    -2.84134933e-03]]

  [[ 1.50120804e-02 -2.05924855e-02 -1.71339386e-02 -2.39931577e-02
    -4.42708643e-03]
   [ 2.38955091e-02  3.88013574e-03 -1.54310169e-02  1.14213154e-02
     9.50856704e-03]
   [-2.55124658e-02 -5.80522154e-03 -3.58034627e-03  2.29279139e-03
     1.78396404e-02]
   [-2.95390850e-02 -7.85622807e-04  1.15166803e-02  2.21283316e-02
     1.20128411e-02]
   [ 1.58032219e-02 -1.05119076e-02 -5.36679278e-03  2.85518460e-04
     2.84652892e-02]]

  [[-1.05879298e-02 -2.53547002e-04  1.70610651e-02  6.74579653e-03
     2.72243989e-02]
   [ 2.48907728e-02  1.93648942e-02 -1.22178480e-02  3.62392224e-03
     1.70054104e-02]
   [-3.14666212e-03 -4.53659507e-03 -3.73439761e-03 -2.88957878e-02
    -1.81490028e-02]
   [ 1.62799063e-03 -6.06488543e-03  1.29569701e-02 -2.82078898e-02
    -2.92500788e-02]
   [ 2.35168458e-03  2.63979533e-02 -1.55748395e-02  3.67733486e-03
    -2.80443843e-02]]

  ...

  [[ 3.22811428e-03 -2.78998650e-03  1.58306634e-02 -6.88433985e-03
    -2.38372932e-02]
   [-1.81389774e-02  5.66298723e-03  2.25857203e-02  1.85795684e-02
     2.79611651e-02]
   [-7.24813289e-03  2.75529785e-02 -3.15296238e-04  2.92947463e-02
    -2.49525553e-02]
   [-4.60700237e-04 -2.21112766e-02 -9.49541486e-03  2.19347325e-02
    -1.75153675e-03]
   [ 6.49509674e-03 -2.29850775e-02 -1.23380426e-02  2.36513114e-02
    -2.11947296e-02]]

  [[ 2.65251666e-02  1.52134277e-02  2.05599571e-02  2.75329308e-02
    -3.36129796e-03]
   [-1.23860183e-03  1.29189281e-02  2.68749182e-02  1.20759262e-02
    -1.12194140e-02]
   [-1.90594349e-02 -7.25472985e-03  9.21282385e-03 -2.09209768e-02
     1.38212821e-02]
   [-1.01496037e-02  1.98655180e-02  1.33340692e-02 -4.06946689e-03
    -2.81655333e-02]
   [-4.86085354e-03  3.55107934e-03  2.63248106e-02 -1.57776245e-03
    -5.89306751e-03]]

  [[-2.63777602e-02 -2.87720011e-02 -2.79391774e-02  8.82337171e-03
    -1.67934435e-03]
   [-2.79683044e-03  1.81889147e-02  6.53250714e-03 -4.64391634e-03
     7.66164928e-03]
   [-1.59934621e-02 -2.93367256e-03  2.50464249e-02 -2.21807368e-02
     1.80172302e-02]
   [-1.22935818e-02  1.73348747e-02 -1.88285816e-02  8.98109458e-03
    -2.26139820e-02]
   [-1.28527500e-02  5.84162114e-03 -1.42144190e-02  2.86483692e-02
    -9.87802301e-03]]]


 ...


 [[[-1.29896020e-02 -4.10800271e-03 -1.24976907e-02  1.87902774e-02
     1.80902229e-02]
   [-1.23124172e-02  1.14126015e-02 -1.54635958e-03 -1.02307725e-02
    -8.81191220e-04]
   [ 1.11295530e-02  1.59015046e-02  1.49504202e-02  2.73823804e-02
    -4.76214644e-03]
   [-6.18260607e-03 -2.53274597e-02  2.49747201e-02 -1.80386081e-02
     1.64655589e-03]
   [-2.60088094e-02 -1.25076709e-02 -2.40917806e-02 -2.76247677e-02
     7.43397119e-03]]

  [[-1.90292282e-02  1.24764159e-02 -2.11036603e-02  1.56660160e-03
    -2.28291687e-02]
   [ 6.29168791e-03 -2.56632517e-02  2.24972185e-02 -2.50827682e-02
    -2.67715922e-02]
   [-7.52427925e-03 -1.64488998e-02 -6.70659576e-04  8.62446171e-04
    -5.93995830e-03]
   [-1.31134466e-02 -2.70771861e-02  2.68981931e-02  9.62488801e-03
     1.17718063e-02]
   [-4.49503395e-03  1.86258135e-02  2.52468060e-02  1.03101978e-02
    -1.38590815e-02]]

  [[-1.20492358e-02  6.04029465e-03  8.12028470e-03 -8.80533918e-03
     2.88694763e-02]
   [-2.52675014e-03  1.70827382e-02  1.47534301e-02 -2.13450881e-02
    -7.18983335e-03]
   [-1.42149434e-03 -1.78891171e-02  2.17215150e-02  1.86448864e-02
     1.51824491e-02]
   [ 3.25614938e-03  1.66637035e-02 -1.92426915e-02 -2.18990430e-02
    -6.48695475e-03]
   [ 2.80960765e-02  2.45446576e-02 -1.52431070e-02 -1.16659161e-02
     6.50958020e-03]]

  ...

  [[-5.96531169e-03  1.34688806e-03  6.32056047e-04 -8.41546483e-03
    -1.82470094e-02]
   [ 6.13067900e-03  1.56769054e-02  6.37809704e-03 -2.65526335e-03
    -2.59250564e-02]
   [-2.95444778e-02 -2.69202595e-02 -2.74195541e-02 -1.11069672e-03
     2.90092518e-02]
   [-9.20085703e-03  5.26516876e-03  1.95300417e-02  2.74243995e-02
    -1.12081180e-02]
   [-2.34499362e-02  3.70106621e-04  2.40151916e-02 -1.14631217e-04
    -5.12027907e-04]]

  [[ 2.50198104e-02  7.25873392e-03  1.25823617e-02  1.50797408e-02
     2.54532696e-02]
   [ 2.04697393e-02 -1.85006813e-02  1.35023190e-02  2.77620661e-02
    -2.65223752e-02]
   [-1.32524153e-02 -1.48436841e-02 -2.48522837e-02  1.99478163e-02
     2.79145935e-02]
   [-1.36680929e-02 -2.86409895e-04  4.32306525e-03 -1.11097826e-02
     2.60847101e-02]
   [ 1.29030635e-02 -4.11541399e-03  6.60766591e-03 -1.70592991e-02
     1.56824000e-02]]

  [[ 1.13090645e-02 -1.39178873e-02  4.39056458e-03 -1.33836577e-02
     7.68681641e-03]
   [ 1.31712857e-02  1.09495627e-02 -1.42888168e-02 -1.01468128e-02
    -9.03169351e-03]
   [ 1.16307690e-02  1.81337755e-02 -1.44379898e-02  6.05799077e-03
    -1.99303924e-02]
   [ 2.47891811e-02  1.46375317e-02  1.90264745e-02 -2.89317441e-02
    -3.94520692e-03]
   [-1.64548393e-02  4.23224530e-03  5.46613492e-03  9.95144623e-03
     1.02320856e-02]]]


 [[[-1.21723116e-02 -1.79172994e-02  1.95818768e-03  2.09234028e-02
     1.48145352e-02]
   [ 2.61956124e-02  2.18761291e-02 -1.66119110e-02 -4.42518287e-03
     2.05962123e-02]
   [-2.04585391e-02 -5.07782596e-03  5.43017977e-03  2.61314622e-02
     3.58499315e-03]
   [ 2.10100399e-02 -2.37413574e-02  3.24191675e-03  1.39259273e-02
     2.89071023e-02]
   [-1.58146514e-02  2.40117227e-02  1.25250494e-02 -6.00395505e-04
     2.87718845e-02]]

  [[-1.71561022e-02 -1.08028918e-02  1.48020808e-02 -2.48829620e-03
     5.22706885e-05]
   [-1.01010497e-02 -1.23461718e-02 -6.47490536e-03  2.25650923e-02
     6.35145717e-03]
   [ 3.31852675e-03 -1.92180874e-02  2.21115036e-02 -3.46376604e-03
    -2.33450667e-02]
   [-2.26799291e-03  3.76316375e-03  2.70947796e-02  1.99000462e-02
     1.01270399e-02]
   [ 1.98341873e-02  2.15350689e-02  1.64588340e-02  1.44773930e-02
    -6.68368068e-03]]

  [[ 6.73549717e-03  5.66249257e-03 -2.93730493e-02 -1.10656639e-02
     2.52237167e-02]
   [ 3.08760143e-03  2.12756386e-02 -2.57942760e-02 -2.01763517e-02
    -6.17383912e-05]
   [ 8.78465072e-03  4.50838791e-03  1.09771270e-02 -1.07266980e-02
    -2.14273938e-02]
   [ 2.28389945e-02 -1.63320000e-02  1.08408782e-02  1.68682467e-02
    -3.02055792e-03]
   [-1.64405746e-02 -1.70098308e-02  6.60194329e-03  2.40009551e-02
    -1.12868744e-02]]

  ...

  [[-2.38177605e-02  1.61659369e-02 -5.33855702e-03  1.29027370e-02
    -2.48578353e-02]
   [ 1.14056199e-02 -1.67519734e-02  1.00572555e-02  2.50233791e-02
     4.18064428e-03]
   [-5.34122169e-03  1.08420663e-02  1.98738674e-02 -1.72095756e-02
     2.46101224e-02]
   [ 6.91348006e-03 -4.03824950e-03  2.16239491e-02  1.66677479e-02
     6.66944349e-03]
   [ 5.42297626e-03  2.17923734e-03  2.50216339e-02 -1.80543368e-02
    -2.20748824e-02]]

  [[ 7.19716648e-03  8.26189672e-04 -1.08953498e-02 -8.22022032e-03
    -9.94112173e-03]
   [-2.55960652e-02 -1.31549982e-02  1.59729854e-02  7.05872454e-03
    -9.82017733e-03]
   [ 2.45781363e-02  6.70142553e-03  1.82560758e-02  2.18693772e-02
    -2.64373906e-02]
   [ 2.31499185e-02  4.10309341e-03 -1.50166197e-02  1.65525579e-02
     7.89952208e-03]
   [-1.59629294e-02  2.81686782e-02  1.31482216e-02  1.11546565e-02
    -2.13369643e-02]]

  [[ 1.96666505e-02 -2.19330827e-02  2.40885290e-03 -1.87953625e-02
     2.78242513e-02]
   [ 2.34622068e-02  1.92135795e-02 -1.31564313e-02  2.81560304e-02
     4.52357237e-03]
   [-1.65340821e-02  1.07995300e-02  1.72839785e-02  2.43834865e-03
     1.93184494e-02]
   [ 5.15285222e-03 -1.53852674e-02 -2.79049287e-02  2.15769731e-02
    -4.81040101e-03]
   [-1.01300095e-02  2.93670886e-02  1.08476528e-02 -2.15544685e-02
     4.83089485e-04]]]


 [[[ 2.16012043e-02 -2.41609378e-02  2.91289911e-02 -1.96491342e-02
    -1.14643506e-02]
   [ 3.91085310e-03 -2.16437968e-02  2.14271705e-02  1.64056967e-02
     1.58757058e-02]
   [ 2.28408217e-02  4.60280663e-03 -2.94990132e-03 -2.01516294e-02
    -1.01672190e-02]
   [ 1.08685388e-02  1.90800666e-03 -1.43967993e-02  5.36806008e-03
     2.51209593e-02]
   [ 1.87957946e-02 -2.37145980e-02  1.32577538e-02  9.80153081e-03
     1.39817195e-02]]

  [[-1.88278044e-02 -2.38261021e-02  1.86015443e-02  4.13687250e-03
    -2.21639287e-02]
   [-2.73734618e-02  1.23725237e-02 -2.75392019e-02  2.10566238e-02
    -2.20778189e-03]
   [-2.76131957e-02  2.66414025e-02 -2.74703100e-02 -5.97663977e-03
    -2.77334001e-02]
   [ 2.16740109e-02 -2.54196065e-02  1.54778767e-02 -2.08550799e-02
     1.87510077e-02]
   [ 8.67529518e-03  1.70298592e-02  2.18014044e-02 -2.28813867e-02
    -2.37915699e-02]]

  [[ 1.04170128e-04 -2.52808119e-02  1.53043256e-02 -1.93202873e-02
    -2.90849492e-02]
   [-2.25499153e-02  5.91654947e-03  1.43891727e-02 -1.39968345e-02
    -2.36543840e-02]
   [ 6.19509152e-03 -2.75211985e-02  7.32552094e-03 -1.96628645e-02
    -7.45828929e-03]
   [ 2.41848071e-02 -7.51113297e-03  2.87982413e-02  1.34001300e-02
    -5.97588183e-03]
   [ 9.51951978e-03  1.43011283e-02 -3.49895863e-03 -1.59424271e-05
     5.00314062e-04]]

  ...

  [[ 1.05157202e-02 -2.10547081e-03  9.44964986e-03 -1.81720497e-02
     1.03510419e-02]
   [ 2.23872087e-02 -2.39634408e-02  2.67643364e-02  1.87918929e-02
     2.34768214e-02]
   [-2.62207563e-02 -2.69926687e-03 -1.29006232e-04 -2.67358048e-02
    -1.38258368e-03]
   [-5.94756129e-03  7.55912570e-03 -1.11082122e-02  3.78507667e-03
     1.01008910e-02]
   [ 2.37665191e-02  2.19244964e-02 -2.26407850e-02  2.57700920e-03
     2.43425882e-02]]

  [[-8.72692797e-03 -2.19211121e-02 -1.02184961e-03 -2.13513833e-02
    -2.77529854e-02]
   [ 8.93409824e-03  6.69511434e-03 -1.24999507e-02 -4.26731486e-04
    -1.11381077e-02]
   [-8.18402502e-03 -1.93303481e-02  2.27770867e-03 -2.18046358e-02
    -1.26440531e-03]
   [ 6.74099319e-03 -1.46681377e-02 -1.37561758e-02 -6.66621458e-03
    -2.89135379e-02]
   [ 2.86689078e-02  1.14258301e-02 -9.74311192e-03  3.30976350e-03
     2.43188988e-02]]

  [[-2.76350336e-02 -1.38435163e-02  2.77780075e-03 -1.25791540e-02
     8.13202202e-03]
   [ 4.45404858e-03  6.71852273e-03  5.49744146e-03 -2.75223569e-02
    -1.24478000e-02]
   [ 1.83350495e-02  2.73026951e-02 -2.62265515e-02  1.81936493e-02
     1.30278996e-02]
   [-1.25540609e-02 -1.48680141e-04  1.05978487e-02  2.02120513e-02
     1.61839638e-02]
   [ 1.97705848e-02  2.78867259e-02  5.29306785e-03  3.38128720e-03
    -1.87449607e-02]]]][0.022850249898865974, -0.025725835217901248, 0.0025105391203148163, 0.0222788170503071, -0.014693821151862409, -0.0019734441746718095, -0.008679943337193102, -0.01272434815695507, 0.02629371998126236, -0.0109178747330302, 0.008709531844066507, -0.011306956596975483, 0.02255120773942593, -0.016995567389967572, 0.025427225424243787, -0.023058947917675852, 0.022453581144599787, 0.000986792383085383, -0.011155026231512332, 0.01621583412665523, -0.014301436671214984, -0.006696991192444827, -0.016179646740400223, -0.02655681613168837, 0.025489968830227024, -0.002082964980666145, 0.0016109714865549102, 0.013199829554773387, 0.01591302004461059, -0.017329339724842185, -0.02508015803727766, 0.023821138956156857, -0.0275825784809929, -0.015379153704221797, -0.021090751317867126, -0.027460352737750247, -0.0034526804165098297, 0.016620413038230798, 0.003547825919863346, -0.025132296682533542, 0.01212549731748586, -0.007856374154126392, -0.015002019808869196, 0.01251406142004335, -0.025800133601872756, 0.012961972478963146, -0.012496699841887025, 0.02235974430013739, 0.011782812453482918, -0.024761475596030882, -0.008731503368945372, 0.025193264628452974, -0.017680986214963633, -0.013117574382561031, -0.027418791097993948, -0.011890658727715792, -0.009581939815881825, -0.02918252276409274, -0.0018599858066940984, 0.0159949089589408, 0.028298334275260743, -0.007334924911442345, 0.016644698149278537, -0.007199684648784944, 0.010883751283810358, -0.020743548880584207, -0.016781146797497423, -0.006516976641488599, 0.012733284926354834, 0.011598798398125321, 0.02802668147928723, 0.012997025026674627, -0.005037454692953681, 0.011619612537901777, -0.0016507600296591998, -0.013832959934253666, -0.007935464247753585, 0.024155404268931212, -0.0288243995565548, 0.007022680425430337, 0.014424274204465574, -0.017421196086708123, 0.014705386869423815, -0.0021846019033588022, -0.00779102304157054, -0.027115290718001193, 0.017735443880184377, 0.016711962092538692, 0.02756500310642374, 0.0016277342075171376, -0.01004162646951489, 0.02567731240337649, 0.01105273480870456, -0.0059140320295281885, -0.006900496699549986, 0.02511979632898619, 0.010278631625455035, 0.01224032058772363, -0.0009327594910192305, -0.028571657536426376, -0.0015406341917498824, -0.02797032681162041, 0.021143635206476653, 0.028650150990464942, 0.0003619637348775129, -0.002524259773942796, 0.003418614418860457, 0.015041748101763616, 0.009418346441885581, -0.0008025694067389268, 0.014436636155036101, 0.006528863256212467, 0.005834963511525303, 0.0013845146022106215, -0.02786637090662692, 0.011679381858148343, 0.00310222564770957, -0.0280495537584665, 0.007117643069577861, -0.021788445873894745]
-----------------------------------------------
[[ 0.00166151 -0.01704709 -0.00836826 ...  0.01661325  0.00262326
  -0.00679292]
 [-0.00858584  0.00877039  0.01480598 ... -0.00595346  0.01795319
  -0.01613909]
 [ 0.00253449  0.0147923  -0.00529867 ... -0.01522152 -0.01252659
   0.00250102]
 ...
 [-0.00777349 -0.01871094 -0.01343398 ... -0.00847174  0.01570364
  -0.00301263]
 [-0.01551834 -0.00698058 -0.00905261 ... -0.00369354 -0.01312639
  -0.00310871]
 [-0.01406122  0.00340211 -0.00247298 ... -0.00580779  0.00582498
  -0.01547091]][ 7.48916608e-03  9.47825668e-03 -1.38475204e-02  1.27973724e-02
 -9.38920030e-03  4.45643793e-03  1.12527234e-02  1.07454335e-02
 -1.96820895e-02 -8.40581204e-03  7.67472610e-03 -1.09766470e-02
 -7.08367975e-03 -1.40338636e-02 -4.96167225e-03  9.49501846e-03
 -1.22155413e-02 -1.87652558e-02 -1.93444484e-02  8.82625418e-03
 -1.90319338e-02  3.61489580e-03  4.18392114e-03 -1.67126373e-02
  1.07409104e-02 -1.59242202e-02 -1.82125006e-02  5.68603295e-03
 -1.38531910e-02 -1.38789481e-02  1.50806597e-02  4.64856604e-03
  1.47359278e-02 -1.46950692e-03  9.83884276e-04 -7.02411949e-03
  4.58977549e-03  8.85366402e-03 -4.19499477e-03 -1.96113438e-02
 -6.06765088e-03  8.68601749e-03 -1.70928087e-02  5.05791289e-03
  1.59692959e-03  1.67140229e-02 -9.79975368e-03  3.64006372e-03
 -5.13182851e-03 -1.51149215e-02 -1.71652365e-02  8.12283570e-03
 -1.82584590e-02  1.18082900e-02 -1.82275933e-02  1.92546688e-02
  5.82892486e-03  1.83017346e-03 -1.92320656e-02  9.69396171e-04
  1.65153291e-02  1.90807038e-03 -1.76757549e-02  1.09637723e-02
 -1.61229581e-02  1.24270163e-03 -5.94618863e-03 -1.75199133e-02
  1.00454269e-03 -2.95092709e-07  1.65630319e-02  1.86944698e-02
 -1.49468167e-02  5.79658157e-03  1.98245390e-02  1.07464631e-02
  1.60096812e-02 -4.69047808e-03 -2.89696163e-03 -2.38766031e-03
  1.23749027e-02 -9.97301631e-04 -4.89647321e-03 -5.64738843e-03]
-----------------------------------------------
[[-1. -1.  1. -1. -1.  1.  1. -1.  1.  1.  1.  1. -1. -1.  1. -1.  1.  1.
   1.  1.  1. -1.  1.  1.  1. -1.  1.  1.  1.  1. -1. -1. -1. -1.  1. -1.
   1.  1. -1. -1.  1. -1.  1.  1. -1.  1. -1.  1. -1. -1.  1. -1. -1. -1.
   1.  1. -1. -1. -1.  1.  1.  1. -1. -1. -1.  1. -1.  1.  1.  1. -1. -1.
   1. -1.  1.  1. -1. -1. -1. -1. -1. -1. -1.  1.]
 [-1.  1. -1.  1. -1.  1. -1. -1.  1.  1. -1.  1. -1. -1.  1.  1.  1. -1.
  -1. -1.  1. -1.  1.  1.  1. -1.  1. -1.  1.  1.  1.  1.  1.  1.  1. -1.
  -1.  1. -1. -1. -1. -1.  1. -1. -1.  1. -1. -1.  1.  1. -1. -1. -1. -1.
   1. -1. -1.  1.  1. -1.  1. -1.  1.  1. -1. -1. -1. -1.  1.  1. -1. -1.
   1. -1. -1.  1.  1.  1.  1.  1. -1.  1. -1. -1.]
 [-1.  1.  1. -1. -1. -1.  1.  1. -1.  1. -1.  1. -1. -1.  1. -1.  1. -1.
   1. -1. -1.  1. -1.  1. -1. -1. -1. -1.  1.  1. -1.  1.  1.  1. -1.  1.
   1. -1. -1.  1.  1.  1.  1. -1. -1.  1. -1.  1. -1. -1.  1. -1.  1. -1.
   1. -1.  1.  1.  1. -1.  1. -1. -1. -1.  1.  1.  1. -1.  1. -1. -1. -1.
   1. -1.  1. -1.  1.  1. -1.  1. -1. -1. -1.  1.]
 [ 1. -1.  1. -1.  1. -1. -1.  1.  1.  1. -1.  1.  1. -1. -1.  1.  1. -1.
  -1. -1.  1.  1.  1.  1. -1. -1.  1. -1. -1.  1.  1.  1.  1.  1.  1. -1.
   1.  1. -1.  1. -1. -1. -1.  1.  1.  1. -1. -1.  1.  1. -1. -1. -1.  1.
   1.  1.  1.  1.  1. -1.  1. -1.  1. -1. -1. -1. -1.  1.  1. -1.  1. -1.
   1.  1.  1.  1. -1.  1.  1. -1.  1. -1.  1.  1.]
 [-1. -1. -1.  1. -1. -1.  1.  1.  1. -1. -1.  1.  1. -1.  1. -1.  1.  1.
  -1. -1. -1.  1. -1.  1.  1.  1. -1.  1. -1. -1.  1. -1. -1. -1. -1.  1.
  -1. -1. -1.  1. -1. -1. -1.  1. -1.  1. -1.  1.  1. -1.  1.  1.  1. -1.
   1. -1. -1. -1.  1. -1.  1.  1. -1.  1. -1. -1. -1. -1. -1. -1. -1.  1.
  -1. -1. -1.  1.  1.  1.  1.  1.  1.  1.  1.  1.]
 [ 1.  1.  1. -1.  1. -1.  1.  1.  1.  1. -1.  1. -1. -1.  1. -1. -1.  1.
  -1.  1.  1.  1.  1.  1. -1. -1. -1. -1. -1.  1.  1. -1.  1.  1. -1. -1.
  -1. -1. -1.  1. -1. -1. -1.  1.  1.  1. -1.  1. -1.  1.  1. -1.  1.  1.
   1.  1.  1.  1. -1. -1.  1.  1.  1.  1.  1. -1. -1.  1. -1. -1. -1.  1.
  -1.  1. -1. -1. -1. -1. -1.  1. -1. -1.  1. -1.]
 [-1. -1.  1.  1. -1.  1.  1.  1. -1. -1. -1. -1.  1. -1. -1.  1. -1.  1.
  -1.  1.  1. -1. -1. -1. -1. -1. -1.  1. -1.  1. -1.  1.  1.  1.  1.  1.
   1. -1.  1.  1.  1.  1. -1.  1.  1. -1.  1.  1. -1. -1. -1. -1.  1.  1.
  -1. -1. -1. -1. -1. -1.  1.  1.  1. -1.  1. -1. -1. -1. -1. -1.  1. -1.
   1.  1. -1. -1. -1. -1. -1.  1.  1. -1. -1. -1.]
 [ 1. -1. -1.  1.  1. -1. -1.  1. -1. -1. -1.  1. -1.  1. -1.  1. -1.  1.
  -1. -1. -1.  1.  1.  1. -1.  1.  1. -1.  1.  1. -1.  1. -1.  1. -1. -1.
   1.  1.  1.  1.  1. -1. -1.  1.  1. -1. -1. -1. -1.  1.  1. -1.  1. -1.
   1. -1. -1.  1. -1. -1. -1.  1.  1.  1.  1. -1.  1.  1. -1. -1.  1. -1.
   1.  1.  1.  1.  1. -1.  1. -1. -1. -1. -1.  1.]
 [ 1. -1.  1.  1. -1.  1.  1. -1. -1. -1. -1.  1.  1. -1.  1.  1.  1. -1.
   1.  1. -1.  1. -1.  1.  1. -1. -1.  1.  1. -1. -1.  1.  1.  1.  1.  1.
  -1.  1.  1.  1. -1. -1.  1.  1.  1. -1.  1. -1.  1.  1.  1.  1.  1.  1.
   1.  1. -1.  1.  1.  1.  1.  1.  1.  1. -1. -1.  1.  1. -1.  1.  1. -1.
   1. -1.  1. -1.  1.  1. -1.  1. -1.  1.  1.  1.]
 [-1.  1. -1. -1.  1.  1.  1.  1.  1.  1. -1. -1. -1. -1. -1.  1. -1. -1.
   1. -1.  1. -1.  1. -1. -1. -1.  1.  1. -1.  1. -1. -1. -1. -1. -1. -1.
   1.  1. -1. -1. -1. -1. -1.  1. -1.  1. -1.  1.  1. -1. -1. -1. -1.  1.
  -1. -1.  1.  1. -1.  1.  1.  1. -1.  1.  1. -1.  1.  1.  1. -1. -1. -1.
   1.  1.  1.  1.  1.  1.  1. -1.  1. -1.  1.  1.]]
-----------------------------------------------
