[[[[ 0.37248625  0.21375594 -0.13211007  0.35360145  0.20403833]
   [-0.22398681  0.29147874  0.07987324 -0.13396524  0.03759104]
   [-0.00842476 -0.31290624  0.3506656  -0.08367248  0.18555271]
   [-0.31011942  0.10023343  0.19704901  0.18638362 -0.09814672]
   [-0.33264687  0.03414705  0.39744169 -0.18993393 -0.37193291]]]


 [[[ 0.3037456   0.14857248 -0.03948873  0.02828412 -0.114295  ]
   [-0.21732958 -0.29029384  0.13696324  0.37092012 -0.06831659]
   [-0.02729041 -0.3808907  -0.09353925  0.00930521  0.15231943]
   [ 0.38498497  0.06546758 -0.17320378  0.37695615  0.08450278]
   [ 0.38234514 -0.27289489 -0.39857223 -0.24437247 -0.2533623 ]]]


 [[[ 0.33545268  0.37792919 -0.36569129  0.13497469 -0.39528912]
   [-0.14505025  0.2355478   0.36671777 -0.11554076  0.32350063]
   [ 0.28969819  0.14959181 -0.12684122 -0.16834787  0.05230508]
   [-0.07782797 -0.21988491  0.09337224 -0.05975244  0.1878007 ]
   [-0.01060722  0.13452301 -0.18893797 -0.109774   -0.22949997]]]


 [[[-0.3685791   0.22144005 -0.0781726   0.25390718  0.35061154]
   [ 0.08413387 -0.11858722 -0.39110879 -0.37744556  0.09920613]
   [-0.11379545  0.25812604 -0.33455845  0.05286617 -0.37809727]
   [ 0.1386006  -0.35985267 -0.30363132 -0.29937333  0.26238985]
   [ 0.30581272 -0.30303021  0.04306711  0.22075285 -0.07433376]]]


 [[[ 0.01939929 -0.09184447 -0.3475728  -0.13226392 -0.39090607]
   [ 0.22843633  0.18472128 -0.22593791  0.20691004  0.32282606]
   [-0.36996675  0.14004873  0.06057698  0.104155    0.14724586]
   [ 0.32599957 -0.19367324  0.30317871 -0.17083216  0.21067811]
   [ 0.0171567  -0.04084171 -0.24975713 -0.36492224  0.2081829 ]]]


 [[[-0.20981969  0.23776422  0.0025658  -0.07924533 -0.12173822]
   [ 0.39739294  0.35577195  0.14612728  0.13857025  0.2178775 ]
   [-0.1035272   0.02369966  0.12646407 -0.19641779 -0.22085138]
   [ 0.39377044  0.16133416 -0.08342043  0.12455414 -0.16473763]
   [-0.3157002   0.19116034  0.39608312  0.3113995  -0.08205009]]]][0.1776706236230084, 0.2002589494913422, -0.37914217134746314, -0.19077751256666156, 0.005428163192509661, -0.3140333954789611]
-----------------------------------------------
[[ 0.26728479 -0.267405  ]
 [-0.0354359   0.44657019]
 [-0.2383192   0.11084834]
 [ 0.26143466  0.36034653]
 [ 0.29733542 -0.33174584]
 [-0.39135715 -0.17963316]]
-----------------------------------------------
[array([[[ 0.07744673, -0.12378727,  0.06497066, -0.04985905,
          0.14774514],
        [-0.11674641, -0.06792737, -0.08530426, -0.11227147,
         -0.13983909],
        [ 0.00517595,  0.06871355, -0.095694  , -0.02044873,
         -0.03510198],
        [-0.08743717,  0.12865917, -0.05838491,  0.04962625,
          0.03736548],
        [-0.03467869,  0.03489324, -0.05068701,  0.0354622 ,
         -0.08096547]],

       [[-0.12072571,  0.09457422,  0.03122107,  0.1499954 ,
          0.06149583],
        [-0.07613592,  0.10983887,  0.04661554,  0.02845878,
          0.10127763],
        [-0.03244869, -0.03944819, -0.0497682 , -0.02456727,
         -0.08673366],
        [ 0.04478688, -0.03011887,  0.13340872, -0.02705866,
          0.13830314],
        [-0.04886799,  0.13129204, -0.07223187,  0.03055851,
          0.13800598]],

       [[-0.13030125, -0.01448614,  0.01319587,  0.14294719,
          0.0136808 ],
        [ 0.1306124 , -0.11719046, -0.14424254,  0.05111017,
         -0.05441812],
        [ 0.07527201,  0.03021626, -0.07608868, -0.12997657,
          0.02718123],
        [ 0.02099572,  0.026387  , -0.03010401, -0.08623942,
         -0.07779484],
        [-0.01494325, -0.05609727, -0.04704098,  0.1427759 ,
         -0.0142674 ]]])
 array([[[ 0.13635217, -0.0526079 ,  0.11436735, -0.12951144,
         -0.0044114 ],
        [ 0.01381854, -0.10774095, -0.05035183, -0.01274112,
          0.09804708],
        [-0.01730773, -0.03966404,  0.11968917, -0.04683179,
          0.07347106],
        [ 0.06018194, -0.04908501,  0.01266129, -0.13083992,
         -0.14596875],
        [ 0.04700383,  0.00593274, -0.01909474,  0.08745639,
          0.01425506]],

       [[ 0.0469079 , -0.10846175,  0.05611799, -0.08001715,
         -0.02229088],
        [ 0.02338507,  0.07863963, -0.0856737 , -0.11514902,
          0.09951674],
        [-0.05002715,  0.00244482,  0.0590566 ,  0.04033197,
          0.04540211],
        [ 0.01719797,  0.10481039,  0.04881935, -0.07514982,
         -0.14543042],
        [ 0.13495067,  0.11332889,  0.06976217,  0.13698034,
          0.01550155]],

       [[ 0.01937781,  0.10544582, -0.07378178, -0.02560394,
          0.10211846],
        [ 0.10418403, -0.08129561, -0.13257111, -0.03059412,
         -0.0001603 ],
        [ 0.04132918, -0.10379795,  0.13478983,  0.08696516,
          0.11586661],
        [ 0.13154131, -0.03847382, -0.1093534 ,  0.09744648,
         -0.0330417 ],
        [-0.14280734, -0.07000306,  0.10096285, -0.03841553,
         -0.06967171]]])
 array([[[ 0.12224933,  0.08652399, -0.02698872,  0.1018259 ,
          0.03339562],
        [ 0.12702745,  0.14070788,  0.08787902, -0.02519002,
         -0.04096741],
        [ 0.10077555,  0.118666  , -0.11644558, -0.01241117,
         -0.04406732],
        [ 0.06178104, -0.11792794,  0.00456044,  0.07498765,
         -0.02005707],
        [ 0.03994819,  0.14556786, -0.06968474, -0.01451991,
         -0.09533731]],

       [[-0.0555617 ,  0.02595577,  0.0875117 , -0.08958148,
          0.09769489],
        [-0.09198116,  0.13950659, -0.03163638,  0.01608411,
          0.00831542],
        [-0.06859345, -0.08853732,  0.08207782, -0.03155969,
          0.14046039],
        [-0.05290466, -0.04028024,  0.01390853,  0.11614196,
          0.01620558],
        [ 0.11025557,  0.12139707, -0.1420113 , -0.01391524,
          0.00207017]],

       [[ 0.12393609,  0.1147751 , -0.14120646,  0.14318046,
         -0.05475219],
        [ 0.02363621, -0.01160825, -0.01842739, -0.07318956,
          0.0790947 ],
        [ 0.00192814, -0.03361249,  0.03110712,  0.13077902,
          0.07040267],
        [ 0.0086193 , -0.06148206,  0.09603469, -0.05351541,
          0.05150689],
        [ 0.14461869, -0.02494034,  0.14641131,  0.11088579,
          0.01656072]]])
 array([[[ 0.13014798,  0.0597891 , -0.11322445, -0.04683155,
          0.0084139 ],
        [-0.14125125, -0.12099385, -0.1163233 ,  0.12301427,
          0.12902089],
        [ 0.02687945,  0.04648243,  0.05036523, -0.03452193,
         -0.07023572],
        [-0.14286249, -0.0215467 ,  0.07205472,  0.12586513,
         -0.00159045],
        [-0.03539002, -0.0631955 , -0.04813928, -0.13713878,
          0.06962877]],

       [[ 0.04945244, -0.10111803,  0.01695534,  0.13486733,
         -0.04002385],
        [-0.10794786, -0.12020915,  0.00991561, -0.00994037,
         -0.06341328],
        [ 0.01287581,  0.11414256, -0.00412101,  0.03193881,
          0.12551436],
        [ 0.02252402, -0.04619981,  0.13406242,  0.14723181,
         -0.01888977],
        [ 0.06002075, -0.01524356,  0.09479765,  0.09945424,
          0.01299692]],

       [[-0.12105647,  0.03331029, -0.07218706,  0.01378166,
         -0.08980164],
        [ 0.08599826,  0.01960025,  0.12038223, -0.00167948,
         -0.08273015],
        [ 0.08506928,  0.1349502 , -0.07913147, -0.11272824,
          0.06565322],
        [-0.10989532,  0.06114006,  0.14497495,  0.04919251,
         -0.14404569],
        [ 0.09914637, -0.03681953,  0.0116867 ,  0.03926558,
         -0.06870429]]])
 array([[[ 9.40832292e-02, -1.20885693e-01, -8.75034541e-02,
         -6.66490095e-02, -3.69565984e-03],
        [ 8.67304000e-03, -1.38956723e-01,  8.23346595e-02,
          5.33081778e-02,  2.53445769e-02],
        [-1.16110973e-01, -1.47492863e-01, -9.96803259e-03,
          3.37781961e-02, -9.82840659e-02],
        [-1.11815997e-01,  1.45585272e-01,  6.12245081e-02,
          4.28940659e-02, -1.20989304e-01],
        [-1.01268877e-02, -1.19147814e-01, -5.15828298e-02,
         -8.13969583e-02, -5.90424576e-02]],

       [[-1.63591224e-02, -3.70858982e-02,  6.99043942e-02,
          3.42278072e-05,  1.26009210e-01],
        [-2.24311019e-02,  1.33647442e-02, -1.65327202e-02,
         -2.58038869e-02, -9.76828934e-02],
        [-8.55442306e-02, -5.73950777e-02, -5.23070907e-02,
         -1.10163781e-01,  1.91472301e-02],
        [-1.36239442e-01, -1.06804271e-01,  7.06480799e-02,
          1.14944257e-01,  1.46776883e-01],
        [-1.32127408e-01,  6.67351311e-02, -1.71889732e-02,
          1.02850379e-01, -1.31308714e-02]],

       [[ 7.43112629e-03,  7.43376948e-02, -5.16503184e-02,
          9.23853899e-02, -6.25713458e-02],
        [ 9.04717276e-02,  1.21106545e-01, -1.09071215e-01,
         -1.43782174e-01, -5.66860133e-02],
        [ 6.21791577e-02, -3.38287233e-02, -1.13511218e-01,
          1.11123311e-01, -6.55528070e-02],
        [ 9.99516685e-02, -4.89402561e-02, -4.75031832e-02,
          8.09729804e-02,  9.98958043e-02],
        [-1.17495963e-01, -1.37323372e-01,  5.74833342e-02,
         -5.06671072e-03, -7.31656475e-02]]])
 array([[[-0.08799812,  0.09215092, -0.11837709,  0.09274745,
         -0.08194676],
        [ 0.13902357, -0.04767789, -0.05898576, -0.05741741,
          0.07932238],
        [-0.0557971 ,  0.10236358,  0.05548083, -0.03039666,
         -0.0278577 ],
        [ 0.0744935 ,  0.01764062, -0.06960876, -0.04254181,
          0.00953516],
        [-0.091525  , -0.11710407, -0.06903372,  0.01339411,
          0.03993508]],

       [[ 0.04629785, -0.02481182,  0.06308809,  0.00116352,
         -0.00651032],
        [ 0.02445728,  0.10561602,  0.07359257,  0.13604449,
          0.10644411],
        [ 0.0215583 , -0.03764901, -0.00038085, -0.12511586,
          0.14019757],
        [ 0.06405842,  0.14449544,  0.04572461, -0.10645081,
          0.09617175],
        [ 0.12280561,  0.01531837, -0.14783709,  0.03510722,
          0.11363044]],

       [[ 0.07896019, -0.12570464,  0.11669239, -0.08935818,
         -0.13157938],
        [ 0.06520164, -0.11734594,  0.00294615, -0.05028125,
         -0.10187802],
        [-0.14376026,  0.05315161,  0.08113381, -0.08322104,
          0.13340373],
        [-0.09017055,  0.06055561, -0.0015388 ,  0.06559684,
          0.07065746],
        [-0.10107883,  0.10321371,  0.12762907,  0.04327046,
         -0.1305249 ]]])
 array([[[-6.37704798e-02,  4.68337323e-02, -5.84061841e-03,
         -6.59501720e-02, -6.25001922e-02],
        [-3.18698054e-02, -8.74440295e-02,  2.07991881e-02,
         -3.69362147e-02,  3.31024469e-03],
        [-5.07299749e-02,  7.33015878e-02,  9.50242227e-02,
         -4.44639640e-02, -3.73126969e-02],
        [-6.51006514e-02,  2.49103005e-02,  1.01044666e-01,
         -8.10008304e-02,  3.62434553e-02],
        [-1.03256027e-01, -4.39668142e-02, -4.54276703e-02,
         -3.30216263e-02,  2.70469063e-02]],

       [[ 7.02416340e-02, -6.18884394e-02,  1.12348154e-01,
         -1.00254829e-01,  2.76652573e-02],
        [ 4.71149572e-02,  2.22145444e-02, -1.09082949e-01,
         -7.92338866e-02, -3.17676958e-02],
        [-5.24939230e-02, -1.54397499e-02,  1.03826656e-01,
         -9.13072659e-02,  1.00239702e-01],
        [-5.75718004e-02,  1.00698175e-01, -1.71319678e-02,
         -1.34505906e-02,  8.99043725e-02],
        [ 2.01359950e-02,  2.49052096e-02, -6.33638958e-02,
         -5.55666419e-03,  1.19821588e-02]],

       [[-5.88365391e-03, -7.38369645e-02,  5.83976667e-02,
         -9.50310652e-02, -7.34724688e-02],
        [-7.67302756e-02,  8.89366497e-02, -5.16355458e-02,
         -5.50052904e-02, -6.67332508e-02],
        [ 1.12620611e-01, -6.31804600e-02, -5.55800877e-02,
          6.99041764e-02, -7.10646504e-03],
        [ 8.24544156e-02,  7.82020040e-02, -6.30574022e-02,
          7.74487577e-02, -1.05250036e-01],
        [-3.69023130e-02, -9.47723562e-02, -1.07372152e-01,
          1.34373104e-02,  9.75117026e-02]],

       [[-6.01103799e-02, -8.46657511e-02,  1.07755875e-03,
         -1.08473273e-01, -8.83607334e-05],
        [ 1.92496108e-02,  3.36043184e-02, -5.25530719e-02,
          1.05289293e-01, -5.43121259e-02],
        [-8.47184976e-02,  1.80915774e-02,  4.22184590e-02,
         -4.85677377e-02, -3.88642692e-03],
        [ 9.64477241e-02,  9.53049304e-02, -1.44399313e-02,
          1.45669590e-02, -3.92200484e-02],
        [-5.96322968e-02, -1.05387794e-01, -1.02595669e-01,
          9.70157044e-02,  4.28103102e-02]]])
 array([[[ 0.01423678,  0.04144363,  0.02042629,  0.09996311,
         -0.11334603],
        [-0.0512704 ,  0.05675962, -0.05894263, -0.06906097,
         -0.03154993],
        [-0.04564623, -0.02711713,  0.0640415 , -0.06435771,
         -0.00403754],
        [ 0.01921267, -0.09931045,  0.0435751 , -0.10778945,
         -0.10628734],
        [-0.06119665, -0.01506362, -0.06528886, -0.01763204,
          0.04598731]],

       [[ 0.08816084,  0.08421247,  0.02947311,  0.08530382,
         -0.0205521 ],
        [-0.01815247, -0.08636876, -0.07737078, -0.10192686,
          0.09497879],
        [ 0.06430422,  0.0770118 , -0.05062039,  0.09657135,
          0.10757478],
        [-0.05220275,  0.02210073,  0.09201531,  0.00979485,
          0.05439953],
        [-0.0891232 , -0.05094478, -0.10928216, -0.10230093,
          0.11303355]],

       [[-0.10031443,  0.06795341,  0.10329443,  0.06621066,
          0.10516071],
        [ 0.11206728, -0.1106841 ,  0.035424  , -0.0238243 ,
          0.01264382],
        [ 0.08446073, -0.06355352, -0.05464263, -0.06070097,
          0.03260937],
        [ 0.05653274,  0.05338293,  0.09330717,  0.00431778,
         -0.08633943],
        [-0.05259916, -0.08097375,  0.10251255, -0.07142173,
         -0.10745516]],

       [[ 0.00900974,  0.02753161,  0.0938152 , -0.08534359,
         -0.06267796],
        [-0.0580878 ,  0.00551319, -0.09099388,  0.11206025,
          0.09135074],
        [ 0.09921744,  0.04324979,  0.03909832,  0.04908266,
          0.07355785],
        [ 0.09637157, -0.09631726,  0.03197429,  0.0462535 ,
         -0.04523039],
        [ 0.07145004,  0.09229373,  0.06899035, -0.04626329,
          0.0402086 ]]])
 array([[[-0.09303704,  0.06953318, -0.11311197,  0.0758586 ,
         -0.0909255 ],
        [ 0.05662629,  0.02267314,  0.0989498 , -0.05195304,
          0.09920259],
        [-0.11266939,  0.09853488,  0.01852944,  0.09625595,
          0.04252391],
        [-0.10216424,  0.0871791 , -0.03719725,  0.08254666,
          0.08489889],
        [ 0.09324184,  0.01063722,  0.0953112 ,  0.05087908,
         -0.02651752]],

       [[ 0.09326723,  0.07959284, -0.00430769,  0.06127726,
         -0.10948109],
        [ 0.02041367,  0.07245646, -0.04527372,  0.0300123 ,
         -0.08399836],
        [-0.014004  , -0.07856902, -0.0390005 ,  0.09857095,
         -0.0772427 ],
        [-0.06291797,  0.0682833 , -0.09997606,  0.0503434 ,
         -0.00549609],
        [-0.09311111,  0.08486104,  0.04795594,  0.10874349,
          0.06535414]],

       [[ 0.00728873, -0.03116683,  0.00856031, -0.09408612,
          0.0523234 ],
        [ 0.00927114,  0.02217192, -0.1099497 ,  0.10540027,
          0.04485581],
        [ 0.10130866, -0.01938903, -0.06735891,  0.10167208,
          0.05052536],
        [-0.1099763 , -0.11421214, -0.08201334,  0.1044225 ,
          0.1070515 ],
        [ 0.0819326 ,  0.02422025,  0.0751854 ,  0.02937598,
         -0.03609289]],

       [[ 0.08733271, -0.03795003,  0.03914894, -0.08033101,
         -0.08407123],
        [-0.06869698, -0.00624046,  0.03137177,  0.0151688 ,
         -0.06853415],
        [-0.10656757,  0.09366897, -0.05013219,  0.02531862,
          0.1132434 ],
        [-0.04344838, -0.00389057, -0.06260161,  0.10983124,
         -0.0427505 ],
        [-0.07889043,  0.07820333,  0.08053011,  0.09502825,
          0.05682434]]])
 array([[[-0.08826598, -0.04128887, -0.10154217, -0.01604596,
          0.06521931],
        [-0.0290073 ,  0.03713646, -0.07473934, -0.04204703,
          0.06352468],
        [ 0.00484875, -0.08971759, -0.0395036 ,  0.05887349,
          0.08004089],
        [ 0.03217547, -0.0466277 ,  0.05438103,  0.08963512,
         -0.02980718],
        [-0.00684504,  0.06227008, -0.06287515,  0.10922095,
         -0.06123984]],

       [[ 0.05062271,  0.076295  , -0.03288352,  0.00561837,
          0.11363587],
        [ 0.09139827, -0.099606  ,  0.00787648, -0.08233263,
          0.10954991],
        [ 0.02531359,  0.05648774,  0.07447424, -0.01652278,
          0.03291262],
        [-0.03164757, -0.0944031 , -0.03994077, -0.10900966,
          0.10542619],
        [-0.00346118,  0.05599543,  0.08823125, -0.01235265,
          0.07964684]],

       [[ 0.0444767 , -0.11383069, -0.05116639,  0.065884  ,
         -0.09758828],
        [ 0.01909227, -0.06055825, -0.00800649,  0.01192617,
         -0.03273835],
        [ 0.05935353,  0.10457927,  0.02728638, -0.06304142,
         -0.02018784],
        [-0.05022006, -0.05785941, -0.00795246,  0.03736872,
          0.00745315],
        [-0.03503559, -0.05552278, -0.10936794,  0.0005603 ,
         -0.03834831]],

       [[-0.07831717, -0.0456974 , -0.05097254, -0.07087805,
         -0.07113791],
        [ 0.04408919,  0.03509659,  0.03713065,  0.00486973,
         -0.01228534],
        [ 0.04041709, -0.07410211,  0.08328813,  0.04922381,
          0.06450752],
        [ 0.05534381,  0.00432482, -0.08222487, -0.02056962,
          0.10817805],
        [ 0.04304348, -0.00116614,  0.04819588,  0.0740131 ,
          0.03905716]]])
 array([[[ 0.04492744, -0.02395116,  0.00620262, -0.08698849,
          0.06451158],
        [ 0.01226819,  0.02069214,  0.04788784, -0.11192013,
         -0.05226766],
        [ 0.07502352, -0.08695136, -0.0631578 ,  0.01078295,
          0.02866833],
        [-0.05006705,  0.10222404,  0.03819768,  0.0918745 ,
         -0.00099728],
        [-0.01397471,  0.10093351,  0.00074635, -0.09511548,
          0.02291369]],

       [[ 0.00284092,  0.01366196, -0.00515438, -0.05770465,
         -0.00420618],
        [-0.04081577,  0.04887885,  0.04037736,  0.0065254 ,
          0.07844447],
        [-0.05049265, -0.08747418,  0.01915269, -0.02977005,
          0.10532546],
        [-0.00462235,  0.07897342, -0.04324906,  0.09030437,
          0.02176034],
        [-0.00831808, -0.0131769 , -0.07671199, -0.0570554 ,
          0.02030588]],

       [[ 0.1117433 ,  0.08329464,  0.10037766, -0.03699507,
          0.03025506],
        [ 0.06139195,  0.10709889, -0.07793717, -0.10550344,
          0.03873303],
        [-0.02215153, -0.08038988, -0.06363473,  0.05661842,
          0.06135221],
        [ 0.07089155, -0.1064275 ,  0.08650382, -0.05866516,
          0.08058644],
        [-0.09568321, -0.05423483, -0.07800932,  0.0270243 ,
         -0.00924805]],

       [[ 0.10346456, -0.08277011, -0.06140458, -0.02681057,
         -0.08615704],
        [-0.09464407, -0.06211831, -0.06216715, -0.00556551,
          0.01841686],
        [-0.08608216, -0.03606707,  0.11005456, -0.01365486,
         -0.05676905],
        [ 0.08895533, -0.02448074,  0.09746922, -0.10731909,
          0.08107462],
        [ 0.08160882, -0.0894152 , -0.10327861, -0.03295989,
         -0.05453933]]])
 array([[[-0.02153128,  0.09799337, -0.10383199, -0.07973868,
          0.04541552],
        [-0.07554041,  0.08707685,  0.1028424 ,  0.04058095,
         -0.06328698],
        [-0.03883745, -0.07474597,  0.10589859,  0.0895952 ,
          0.05664259],
        [ 0.08639586,  0.06069246, -0.10102453, -0.09364191,
         -0.06792523],
        [ 0.00772069,  0.06825615, -0.07359346, -0.05620024,
          0.06362475]],

       [[-0.07476429, -0.02691763,  0.04837435,  0.05481794,
          0.05336905],
        [ 0.07396164,  0.01835035, -0.08995327, -0.06859247,
         -0.00038164],
        [ 0.01125408, -0.03066722, -0.08797769,  0.00235645,
          0.01745896],
        [-0.09661336, -0.11302515,  0.0281992 , -0.00570804,
          0.02959103],
        [ 0.00832249,  0.07559405, -0.00318467, -0.09264846,
         -0.03109651]],

       [[ 0.00382758,  0.10308968, -0.06585602,  0.01534114,
          0.00393954],
        [-0.08242822, -0.06240344, -0.10611688, -0.00217031,
          0.00190731],
        [ 0.10844477,  0.02963693,  0.04337875, -0.08199884,
          0.09477429],
        [ 0.08285295,  0.03571226, -0.03956378, -0.07047506,
          0.02608186],
        [-0.09526527, -0.06820561,  0.00289402, -0.07627658,
         -0.06723783]],

       [[-0.01518136, -0.11234771,  0.06474668,  0.03819076,
         -0.11371517],
        [ 0.05006187, -0.03125784, -0.0378353 , -0.10086344,
          0.04361499],
        [-0.09852993,  0.01986687,  0.02383256, -0.09258057,
          0.02847122],
        [-0.07413969, -0.11398419,  0.06182322,  0.06239046,
         -0.09822916],
        [-0.09550339, -0.04231005,  0.09913277,  0.00078354,
          0.0139266 ]]])
 array([[[ 0.06114772, -0.04545069, -0.0437698 ,  0.0588939 ,
         -0.10864383],
        [-0.07042562,  0.03989254, -0.00813289,  0.00723656,
          0.00201532],
        [ 0.02171822,  0.09530194,  0.00954398,  0.05038239,
          0.02299904],
        [ 0.0574586 , -0.01991079, -0.02727602, -0.10869335,
         -0.10683118],
        [-0.06077926, -0.03589246, -0.0220471 ,  0.03990207,
         -0.02580692]],

       [[ 0.05293293, -0.01313073,  0.05145995, -0.0299181 ,
         -0.04890162],
        [-0.01700821,  0.10617934, -0.0739807 , -0.03906145,
         -0.03028588],
        [-0.04121146, -0.07880807,  0.01149927,  0.07748093,
         -0.04318983],
        [-0.00327731, -0.09357932, -0.00155699,  0.0891274 ,
          0.09471745],
        [ 0.07024156, -0.00205125,  0.0917412 , -0.02269584,
         -0.07121373]],

       [[-0.1013176 , -0.0542508 ,  0.03453624, -0.02682945,
         -0.05007922],
        [ 0.04881229, -0.03659831, -0.08103539,  0.03444171,
         -0.046581  ],
        [ 0.03485726, -0.02287815,  0.0923609 , -0.1073933 ,
          0.07968485],
        [-0.02648997,  0.10303304,  0.08977154, -0.10760261,
         -0.08112413],
        [ 0.09860687,  0.08388671,  0.01219018, -0.02939231,
         -0.08408818]],

       [[-0.02290348,  0.00822458, -0.03922167, -0.09928772,
         -0.10470135],
        [ 0.08661845, -0.08222828, -0.09087579, -0.04590364,
         -0.08522959],
        [ 0.05753714,  0.06236237, -0.08200454, -0.03652299,
          0.03653785],
        [ 0.10646496,  0.04127209, -0.00206998,  0.04422467,
          0.03110997],
        [ 0.00320171,  0.0207349 ,  0.07113999, -0.01394622,
         -0.0884369 ]]])
 array([[[ 0.08336869, -0.00895947,  0.05536316,  0.10036366,
          0.00851242],
        [-0.0880586 ,  0.0933378 , -0.09782737, -0.10715104,
          0.09541221],
        [-0.02627584, -0.00707582,  0.0117469 , -0.07312163,
         -0.08093725],
        [-0.05422251, -0.06585171,  0.10901283, -0.00802549,
          0.1014248 ],
        [ 0.03570086,  0.08455048, -0.07556899, -0.08868604,
         -0.03687456]],

       [[ 0.03479288,  0.0399847 ,  0.07636531,  0.07864849,
         -0.09893772],
        [ 0.08632721, -0.06454428, -0.06250262, -0.03871516,
         -0.03920376],
        [-0.10537131,  0.08115731, -0.01326939, -0.04679853,
         -0.02301148],
        [-0.06203305, -0.00506028,  0.0422286 , -0.07196867,
          0.11320321],
        [ 0.02225682, -0.09869431, -0.05170023, -0.00194339,
          0.11131657]],

       [[ 0.01084952, -0.08367314, -0.00034051, -0.05592864,
         -0.06665803],
        [-0.01136102, -0.07365897,  0.04883745,  0.10440813,
         -0.08397942],
        [-0.04006634, -0.07389149, -0.10978222,  0.05740241,
          0.01123817],
        [ 0.05666561,  0.0296481 ,  0.04060928, -0.0961651 ,
          0.07763403],
        [ 0.02936852,  0.07229851, -0.0768222 , -0.05579329,
         -0.03271586]],

       [[-0.00909565,  0.08071648,  0.05549855, -0.05535964,
          0.1131337 ],
        [ 0.11155122, -0.05384855, -0.03326073,  0.09324132,
          0.10702256],
        [-0.05412582,  0.06391747, -0.00909501,  0.06415645,
         -0.03495379],
        [ 0.02396845, -0.02650453, -0.11196177, -0.01836628,
          0.02140977],
        [-0.05548762, -0.0198804 , -0.06050019, -0.03205545,
         -0.03302499]]])
 array([[[ 0.03501452,  0.02939489,  0.06277529, -0.07047013,
         -0.09957215],
        [-0.0622092 , -0.10448537, -0.00111218, -0.00877926,
         -0.0371003 ],
        [-0.11260054,  0.02067208,  0.09972615, -0.05438566,
         -0.04059216],
        [ 0.00982142,  0.03349351,  0.11077273,  0.02648751,
          0.05385953],
        [ 0.04011824,  0.00635719,  0.07340213,  0.03959056,
          0.09873315]],

       [[-0.02267924,  0.04098112,  0.0580554 , -0.0577329 ,
          0.04098941],
        [ 0.00825496, -0.07923821, -0.04005241,  0.05722099,
         -0.03701346],
        [-0.04724719,  0.0302743 ,  0.10016896,  0.06730026,
         -0.01149432],
        [-0.02550504,  0.0509457 , -0.10977399, -0.02164442,
         -0.04118517],
        [-0.07935425,  0.07691116, -0.07899027,  0.11100918,
         -0.06518477]],

       [[ 0.05611651,  0.11311011, -0.050108  , -0.02027464,
         -0.05174089],
        [-0.06488747, -0.07410321,  0.05655057,  0.03015561,
          0.08175707],
        [ 0.05132926,  0.01283224, -0.01873821,  0.02418672,
         -0.09042994],
        [-0.03512141, -0.06765933, -0.05670373,  0.08484895,
         -0.01833482],
        [-0.02500731,  0.04918903, -0.1068387 ,  0.03548963,
         -0.00805276]],

       [[-0.00435547, -0.06736718,  0.10061981, -0.10992664,
         -0.0075233 ],
        [-0.11296267,  0.0035192 ,  0.02018524, -0.08995526,
          0.05292786],
        [ 0.0312187 , -0.03456935, -0.10740275, -0.10120611,
         -0.02484827],
        [ 0.00483089, -0.10630102, -0.09553691,  0.03221049,
          0.08341698],
        [-0.08550166, -0.006338  , -0.09850547, -0.04860721,
          0.06636484]]])
 array([[[-0.0404876 , -0.05039849,  0.02317335, -0.0089601 ,
          0.05197292],
        [ 0.00923316,  0.01225255,  0.05843936, -0.01375763,
          0.06225348],
        [-0.00029977,  0.05723517, -0.06669378,  0.07608924,
          0.03199144],
        [ 0.01026075,  0.02007304, -0.04921876,  0.01716923,
          0.01947912],
        [-0.0723114 ,  0.04622583, -0.07734234, -0.05230103,
         -0.05798615]],

       [[-0.04808337, -0.07022674, -0.05871943,  0.06456256,
         -0.00757849],
        [ 0.00236834,  0.00163978, -0.06588855,  0.02513781,
         -0.03418244],
        [ 0.06508882,  0.01990294, -0.03980428, -0.01584671,
         -0.01555646],
        [ 0.07119157, -0.03647998,  0.01477621,  0.05519107,
          0.00554428],
        [ 0.05976805,  0.064968  , -0.00870832, -0.05858705,
          0.06554989]],

       [[-0.04015711, -0.05915821,  0.04397428, -0.02010267,
         -0.0264203 ],
        [-0.0538652 , -0.06981711, -0.0291914 ,  0.0495454 ,
         -0.01440591],
        [ 0.06524617,  0.07079414,  0.06532369, -0.03194329,
          0.00184219],
        [-0.01431837, -0.06597972, -0.03657292,  0.01313164,
          0.01244173],
        [ 0.03698726,  0.04322342,  0.01153963, -0.0405227 ,
         -0.00898507]],

       [[-0.03220722, -0.0605855 ,  0.05388104,  0.04203735,
          0.06039833],
        [ 0.05956377, -0.0260633 , -0.00952931,  0.03411504,
          0.02074168],
        [-0.07624349,  0.06393461,  0.01638827,  0.05846102,
          0.01158053],
        [-0.05706243, -0.00819042, -0.07006565,  0.00137755,
         -0.03273034],
        [-0.02784837, -0.0550378 , -0.02244399,  0.03486599,
          0.02205484]],

       [[-0.02671077, -0.03542317, -0.00115593,  0.07371101,
         -0.01579064],
        [-0.00189245, -0.0090758 , -0.03171866, -0.04718793,
         -0.0106765 ],
        [-0.01337612,  0.07262734, -0.04429177, -0.04407414,
          0.07404433],
        [-0.05016308, -0.04916556, -0.00442225, -0.01082687,
          0.0364951 ],
        [-0.0020395 ,  0.03565647,  0.0229282 ,  0.02195671,
         -0.06840495]],

       [[ 0.01371792, -0.01096223, -0.00572466,  0.03026152,
          0.0628203 ],
        [ 0.02096819,  0.074147  , -0.072682  ,  0.02460423,
          0.02671831],
        [ 0.05112874, -0.07645848, -0.03905845,  0.07424687,
         -0.06635747],
        [ 0.01480665,  0.04333692,  0.07310928, -0.0522468 ,
          0.02099381],
        [-0.0532609 , -0.02037165,  0.01372152,  0.0248152 ,
          0.0367505 ]]])][0.031871913138105085, -0.14999407897172715, 0.028349253222010456, -0.013561815705805946, 0.07163685061529046, 0.10556503995148173, 0.02532849407928585, -0.011029414369545701, -0.05773299903347563, 0.10542152333055428, -0.0869458330373189, -0.0775413648830065, -0.012769879799127304, 0.033217677201068316, -0.06710012966576662, 0.012147882700114354]
-----------------------------------------------
[[-0.18269446 -0.35691837]
 [-0.43938366 -0.27788394]
 [ 0.44137151 -0.462532  ]
 [ 0.00648326 -0.20935815]
 [ 0.3501672  -0.29245768]
 [ 0.47360494  0.41759301]
 [ 0.22161548  0.06675151]
 [ 0.24928691 -0.12096432]
 [-0.17082211 -0.19065215]
 [ 0.35609093 -0.11526195]
 [-0.28842528  0.4544503 ]
 [-0.302385    0.32794976]
 [ 0.43753695  0.13509397]
 [-0.03181712 -0.37496398]
 [ 0.2975838   0.00979763]
 [ 0.25409539  0.16931964]]
-----------------------------------------------
[[[[ 6.12823665e-04 -4.05521745e-03  2.88501764e-02  2.20011438e-02
     7.62276779e-03]
   [ 1.90381609e-02 -2.33013064e-02  2.41913980e-02 -1.56521495e-02
     2.42761845e-02]
   [ 2.77234039e-02 -1.31835329e-02  1.83296648e-02  1.76777285e-02
    -2.20033858e-02]
   [ 1.65540296e-02 -4.43570091e-03 -1.14655292e-02  7.09280436e-03
    -9.45920217e-03]
   [-2.69927774e-02  2.66821826e-02  2.90119890e-02  1.20118203e-02
    -1.83788915e-02]]

  [[-1.13462823e-02  2.02352928e-03  1.77025859e-02  1.43323424e-03
    -2.15700715e-02]
   [-1.82018003e-02  4.29464445e-04  7.86253745e-04 -2.39720587e-02
    -4.37384942e-03]
   [-2.75408212e-02  7.13781273e-03 -2.18654913e-02  5.00042601e-03
    -2.46968418e-02]
   [ 1.31133421e-02 -8.83100109e-03 -2.23305807e-02  1.13893209e-03
     2.50861990e-02]
   [-3.43383693e-03  1.84690571e-02  4.62877724e-03 -2.29672422e-02
     1.11518898e-02]]

  [[ 1.41292513e-02  1.56595216e-02 -6.13661500e-03 -1.80453604e-02
    -2.42789473e-02]
   [ 2.62846517e-02 -2.07534805e-02  6.22628001e-03  6.71759781e-03
    -1.90019474e-02]
   [-1.97994670e-02  8.73742155e-03 -1.14331902e-02  2.76348271e-02
    -1.47920051e-02]
   [ 2.65429433e-02  2.21353342e-02  1.86897524e-02 -8.28167975e-03
    -1.39894043e-02]
   [-8.42374147e-06 -2.83321560e-02 -2.10585056e-02 -2.15252565e-03
    -2.66896381e-02]]

  ...

  [[ 2.48055945e-02 -5.51098450e-03  4.31016150e-03 -1.29793642e-02
    -4.17063011e-03]
   [-2.50421044e-02  1.29445484e-02  2.94724472e-02 -2.90938653e-02
     9.32359815e-03]
   [ 2.01565776e-02 -5.02474946e-03  1.46520887e-02  4.66726774e-03
    -2.49046013e-02]
   [ 2.38733791e-02 -1.19887267e-02 -8.22118980e-04 -1.29220826e-04
    -1.82458166e-02]
   [-4.86381246e-03  1.52814771e-02  2.50254758e-02 -1.60906164e-02
    -2.94530005e-02]]

  [[ 2.53007159e-02 -1.92940698e-03 -3.20819397e-03  2.57208181e-02
     2.41464016e-02]
   [-8.29883051e-03  2.27354945e-03 -3.76847044e-03  1.09739655e-02
    -9.89884970e-03]
   [ 1.25163148e-02  5.80770220e-03 -3.38070080e-03  1.47361438e-02
    -9.38278821e-03]
   [ 2.27529905e-02  2.41980092e-02 -2.94040657e-02 -1.62912319e-02
    -1.20145728e-02]
   [-2.79949442e-04  2.90090516e-02  1.81880959e-02  1.19591227e-02
     1.66487242e-02]]

  [[-1.82728567e-02 -2.93779573e-02  1.60630633e-02  1.55741528e-02
    -2.13804219e-02]
   [-1.55771853e-02  1.03213726e-02  1.27889969e-02  1.97344343e-02
     2.27553780e-02]
   [ 2.83106400e-02 -3.70699183e-03 -1.51890207e-04  8.82638951e-03
     1.69431423e-02]
   [ 1.92792385e-02  5.80430727e-03 -8.61925189e-03  1.18179063e-02
     1.45775651e-02]
   [ 1.91493574e-02 -6.32408497e-03  2.08862387e-02  2.45740941e-03
    -1.98704996e-02]]]


 [[[-2.60306895e-02 -1.11704290e-02 -1.97029408e-02 -2.34962285e-02
     1.11129524e-02]
   [-1.53014361e-02  2.38772717e-02 -1.53818541e-02  1.57196453e-02
     3.99847287e-03]
   [-6.89867021e-03  1.21549699e-02 -2.52254453e-02 -8.30413785e-03
     1.47852448e-03]
   [ 1.76896860e-02  5.48426521e-03  3.43022291e-04  2.69805812e-02
     1.04782790e-02]
   [ 2.07102512e-02 -2.65916254e-02  5.30005764e-03 -2.07366627e-02
    -1.39830453e-02]]

  [[-2.33834751e-02  7.04735524e-03 -9.69279744e-03 -1.94483597e-02
    -2.44225141e-04]
   [ 2.69662284e-02  3.29427008e-03  2.12200628e-02 -1.27655126e-02
    -4.62508761e-04]
   [ 6.84071702e-03  2.09130257e-02  1.14707394e-02 -6.14577415e-03
    -2.24498425e-02]
   [-2.77670921e-02  2.28977725e-02 -2.24062215e-02  1.02142447e-02
    -1.54541919e-02]
   [ 6.17839763e-03 -2.34240630e-02 -1.20394663e-02  9.88352786e-03
    -2.86827951e-02]]

  [[-1.88956768e-02  2.66875814e-02  9.96543197e-03 -1.21006280e-02
    -4.07822608e-03]
   [ 2.11300056e-02  2.70224673e-02 -2.17997059e-02 -2.54909255e-02
    -1.81032651e-02]
   [-1.85414707e-03  2.73739937e-02 -1.10585170e-02  1.83109676e-02
    -1.99795228e-03]
   [-1.69165746e-02  1.30309397e-02  4.44446963e-03 -2.08729829e-02
    -3.60956759e-03]
   [-1.11387991e-02 -1.43933548e-02 -1.11631738e-02  9.39978738e-03
    -1.13539910e-02]]

  ...

  [[ 2.43195120e-02 -2.26032671e-02 -1.99751078e-02  2.41830303e-03
     1.86891385e-02]
   [ 2.80424005e-02  2.14872998e-03 -9.60225635e-03 -1.14094608e-02
     1.73370387e-04]
   [-2.30071338e-02 -3.38366840e-03  7.81195427e-03 -1.68423543e-02
    -1.53018458e-02]
   [-2.89640479e-02  1.19534890e-02  2.25639335e-04  3.22456495e-03
    -1.49414953e-02]
   [ 2.87115003e-02 -7.52502631e-03  2.15777018e-02 -1.60832782e-02
     5.30819821e-03]]

  [[ 1.03758628e-02 -5.66248005e-03  2.93592438e-02  6.98978232e-03
     1.85699712e-02]
   [ 1.09451838e-02 -2.48271623e-02 -2.13635933e-02  2.44061143e-02
    -4.31982619e-03]
   [ 1.90495198e-02  2.50159867e-02  2.68074562e-02  2.16469116e-02
     7.52196780e-03]
   [ 2.50015732e-02  4.02132304e-03  3.67280754e-03  8.71402921e-03
    -2.98537211e-03]
   [ 3.17362319e-04 -2.26860149e-02 -2.18614707e-02 -7.43801823e-03
    -4.37960669e-03]]

  [[-1.35860154e-02 -1.93908774e-02 -1.84563222e-02  2.60005858e-02
    -2.08303710e-02]
   [ 8.33400141e-03 -2.74423600e-03  2.06226870e-02  2.59000729e-02
     1.24261531e-02]
   [-1.94890726e-02  2.75787370e-02  3.75716599e-03  1.69152110e-02
    -3.94605818e-03]
   [ 1.06278508e-02  6.59806764e-03  8.85818874e-03  1.38629080e-02
    -1.21605510e-02]
   [ 2.35494774e-02 -2.10125841e-02 -2.30316985e-02  1.18981162e-02
     6.76054013e-03]]]


 [[[-1.29464549e-02  1.19548612e-02  1.89658133e-02  2.62295363e-02
     2.40993398e-03]
   [-9.47466509e-03 -4.61219100e-03  1.72469684e-02  2.15681703e-02
    -1.25108568e-02]
   [ 1.59733794e-02 -1.98181399e-02  4.36023911e-03 -1.49402832e-02
    -7.68262731e-03]
   [ 2.40881247e-02 -4.45882857e-03 -2.78511757e-02  2.77173447e-02
     1.64830788e-02]
   [ 1.06788787e-02  2.13730848e-02 -6.77871274e-03  2.88334006e-02
     2.50581457e-02]]

  [[-2.45866958e-02 -1.40202118e-02  1.08081221e-02 -2.37211165e-02
    -1.55125085e-02]
   [-2.35809691e-03  2.51625784e-03  1.25604557e-02 -1.25390506e-02
     5.23110082e-04]
   [ 1.86139950e-02 -1.22631573e-02 -2.34977726e-02 -1.12155871e-02
     1.11708014e-02]
   [-6.85073205e-03 -1.53244769e-02 -7.23619231e-03 -5.77814219e-03
    -2.82064912e-02]
   [-2.01536640e-02 -6.05920337e-03 -1.64467253e-02  2.21283456e-02
     2.33795895e-02]]

  [[ 1.75752166e-02 -2.36023331e-02 -2.89881064e-02 -1.19375408e-02
    -2.45068540e-02]
   [ 1.51184555e-02 -1.68680844e-03  1.67602361e-03  1.24085492e-02
     2.37995434e-02]
   [ 6.91710572e-03  2.88922497e-04  1.52564695e-02  1.67301275e-02
     1.19685051e-03]
   [-7.01294480e-03  1.06909093e-03 -2.27266524e-03 -1.44019512e-02
    -2.26671626e-02]
   [-6.61736480e-03 -3.94906536e-03  5.88884066e-04 -2.61938713e-02
     1.64014607e-02]]

  ...

  [[-2.57958089e-02  7.81080816e-03 -1.30181812e-02 -1.22419655e-02
     2.82811532e-02]
   [-1.72203949e-02  2.30533300e-03  2.38721457e-03  2.61760271e-03
    -7.74415714e-03]
   [ 2.44736438e-02 -1.67475595e-02  2.25827341e-02 -7.17171884e-03
    -1.01302086e-02]
   [-2.92732259e-02  2.01591721e-02  1.07125040e-02 -2.25665510e-02
    -7.00311623e-03]
   [-9.87146866e-03  4.90084721e-03 -1.38362697e-02 -2.13304719e-02
    -1.04107859e-02]]

  [[-1.88598250e-02 -8.46138095e-04 -7.44595596e-03  1.26797353e-02
    -1.02567922e-02]
   [-1.07612600e-02  1.90827454e-02  2.10633209e-02  1.47010564e-02
    -6.69374515e-04]
   [-1.66425434e-02  1.05990378e-02 -1.28818114e-02 -1.22801488e-02
    -9.20726732e-03]
   [ 2.46562647e-02  8.86145919e-03 -2.77966049e-02  1.37417224e-02
    -3.82398370e-03]
   [-2.17996727e-02  3.32013845e-03 -2.83441886e-02  2.20379710e-02
     2.89760608e-02]]

  [[ 1.50100528e-02  2.55054283e-02  5.04860288e-03  2.12159293e-02
    -1.73635541e-02]
   [ 2.89573817e-02 -1.60901293e-02 -2.05374179e-02 -1.66289501e-03
     1.81003192e-02]
   [ 2.62333679e-02 -2.13532518e-03 -2.07634806e-02 -1.27466773e-02
    -1.07845489e-02]
   [-5.40088540e-03 -1.98730510e-02 -2.56126898e-02 -1.17508448e-03
    -7.74468177e-03]
   [-1.35458302e-02  2.91191769e-02  1.57757871e-02  1.12499357e-02
    -1.33157959e-02]]]


 ...


 [[[-1.01821580e-02 -2.70446966e-02  9.55032966e-03  1.13791599e-02
     2.71950333e-02]
   [ 1.73232535e-02  2.32509217e-02  3.25739261e-03  1.67601236e-02
    -6.91353317e-03]
   [ 1.96445765e-02  1.52830837e-02 -2.90213532e-02 -9.42233536e-03
    -2.76860269e-02]
   [-2.62565056e-02  7.65389797e-03  1.36789757e-02  2.17902500e-02
    -2.27417132e-02]
   [-2.10905435e-02  4.18127305e-03  2.08994388e-02  5.79322019e-03
     8.63395804e-03]]

  [[ 1.18365627e-02 -2.79172958e-02  1.48224385e-02  2.20189689e-02
    -2.38504250e-02]
   [-1.98553750e-02  5.50180863e-03  4.90045972e-03 -3.01460754e-03
     9.66200277e-03]
   [-1.90758874e-02  2.72044648e-02  1.77598907e-02  1.12814067e-02
    -2.04382314e-02]
   [-7.66167472e-03 -1.87882358e-02  1.23662429e-03  1.09076725e-02
    -1.30718252e-02]
   [ 2.74350246e-02 -2.00400641e-02  1.95055396e-02  1.08808309e-02
     2.94274645e-02]]

  [[ 8.18279872e-03  2.75355529e-02  2.17792217e-02  5.37379688e-03
    -1.26630218e-02]
   [-2.19167603e-02  1.35704147e-02 -2.90748532e-04  1.50105490e-02
    -4.94790279e-03]
   [ 1.34307473e-02 -2.87200109e-03  2.53504934e-02 -6.09125358e-04
    -3.64521784e-03]
   [ 2.64683896e-02  1.30925219e-02  1.37356170e-02  1.94410180e-02
     1.23870505e-04]
   [-1.45775360e-02  1.96934888e-03  2.70929070e-02  1.34404348e-02
    -6.34385620e-03]]

  ...

  [[ 2.41244883e-02 -1.00341431e-02 -1.48567483e-02 -2.10081640e-02
    -1.40180816e-02]
   [-5.55594687e-03  5.73972218e-03 -2.56086810e-02  1.76445462e-02
     2.59322909e-02]
   [-1.85969070e-02  2.36225444e-02 -1.27434339e-02  2.35785005e-02
    -8.86344645e-03]
   [ 8.46215359e-03  4.54020876e-03  2.61402849e-02  2.24766373e-02
     3.54712639e-03]
   [-1.77877947e-02 -9.99115471e-03  1.13986762e-02 -2.58216277e-02
    -1.06906385e-02]]

  [[ 1.13494211e-02 -5.81073377e-03 -1.00202327e-02 -4.89243530e-03
    -1.00049689e-02]
   [ 2.76796118e-02  3.44023128e-03 -4.84534728e-03  1.45401363e-02
     1.69381669e-02]
   [ 8.23727538e-03  6.88681980e-03 -7.74168478e-03  6.49849270e-03
    -2.55415556e-02]
   [ 5.14305374e-03 -9.09265385e-03  1.17193028e-02  1.29695875e-02
     8.96293959e-03]
   [ 3.40358892e-03 -1.67551466e-02  2.01837982e-02 -2.07316959e-02
     1.24164808e-02]]

  [[-2.26224485e-02  1.75563215e-02  2.49255796e-02  7.97145347e-03
    -2.55745874e-03]
   [ 1.24676687e-02  2.86080617e-02  1.14950890e-02 -1.52662999e-02
    -1.61396706e-02]
   [ 1.70580892e-02 -2.63844214e-02  1.79085328e-02 -5.56667416e-03
     1.69205497e-02]
   [ 1.53501760e-02  5.93652202e-03  2.54382374e-02 -1.11191867e-02
     1.90637793e-04]
   [ 8.82081302e-03  1.40698922e-02 -1.18160289e-02 -4.59558678e-04
    -1.33056579e-02]]]


 [[[ 9.40775351e-03  8.84931600e-03 -2.99978857e-03 -2.36376174e-02
    -3.40879136e-03]
   [-2.04220788e-02  5.24290881e-03  7.51969778e-04  1.62414788e-02
     1.59841452e-02]
   [ 1.69927363e-02 -8.17556385e-03  1.06966822e-02 -2.63989104e-02
     6.35329851e-03]
   [-2.85129120e-02  1.73536171e-02 -5.51608891e-03 -2.94740547e-03
    -2.00237056e-02]
   [ 1.77846783e-02 -5.66702363e-03  2.03793568e-02  1.08801429e-02
    -1.76691989e-02]]

  [[ 3.36275669e-03 -2.82410694e-02  1.52968153e-02  2.93300727e-02
    -4.16098873e-03]
   [ 1.40359563e-02 -5.25754825e-03  1.69113791e-02 -2.45145447e-03
    -7.80361477e-03]
   [-1.51140467e-02 -2.13994331e-02 -1.86409716e-02 -2.47904984e-02
    -2.10202636e-02]
   [ 6.95790135e-03  2.66422419e-02  8.23218423e-03 -7.79904262e-03
     1.77365883e-03]
   [-1.54376948e-02 -2.41059709e-02  8.19476800e-03  3.09390527e-03
     1.76945654e-02]]

  [[ 1.78967916e-02  1.71221109e-02  2.82666873e-02 -1.52840804e-02
     5.75871584e-03]
   [-6.30965107e-03 -4.66226592e-03  4.84287101e-03 -2.93191474e-02
    -2.48898025e-03]
   [-2.64732268e-03  3.73612715e-04 -7.87395342e-03  8.67096896e-03
    -2.83811253e-02]
   [ 1.81859807e-02 -2.83215641e-02 -2.50699722e-02  5.19002582e-03
    -2.58915499e-02]
   [-2.61640628e-03  8.17242971e-03  2.85114647e-02  1.73254835e-02
    -1.19278491e-02]]

  ...

  [[-2.60349070e-02  2.65035304e-02 -2.72493343e-02 -1.83377503e-02
    -2.28580504e-02]
   [ 1.43286085e-03  1.07661152e-02  1.93885806e-02  5.81253326e-03
     2.57229421e-02]
   [ 2.43218215e-02  3.51886107e-03  2.95866401e-02  5.53524901e-03
     1.50310790e-02]
   [ 1.40297065e-02  1.09721111e-04 -1.65416341e-02  1.50213493e-02
     2.60869345e-02]
   [-6.10237097e-03 -1.59073176e-02 -1.46525706e-02  1.35058021e-02
    -2.59995206e-03]]

  [[-2.95656044e-02  1.34949062e-02 -4.02433515e-03 -3.61619700e-04
     2.30175280e-03]
   [ 1.83157378e-02  2.11067440e-02 -1.14972541e-02 -3.66978495e-03
    -2.72403497e-03]
   [-3.18789975e-03 -2.19732369e-02  2.03320546e-02  2.51012671e-02
    -1.68599472e-02]
   [-1.30225325e-02  8.95903871e-03 -3.64211406e-03 -2.83025969e-02
     2.95843303e-02]
   [-2.15812917e-02  1.02082758e-03  2.76290441e-02 -1.86119344e-02
     2.57990048e-02]]

  [[-2.00809157e-02  2.91465076e-02  2.52807797e-02  1.87657095e-02
    -1.30454604e-03]
   [-2.48099141e-02  6.91123058e-03 -6.56816736e-03  1.11657012e-02
     2.66423450e-02]
   [-2.22337985e-02  2.78919450e-02 -2.77065664e-02 -2.31453338e-02
     1.18574460e-02]
   [ 1.86290233e-02  2.28107529e-02  1.23673251e-02 -2.93808706e-02
     2.78660280e-03]
   [ 1.12321213e-02 -8.30640774e-03 -1.37638049e-02 -2.08506539e-02
     2.89124350e-02]]]


 [[[-2.81364549e-02 -2.38563716e-02  2.00861901e-02 -1.08251967e-02
    -1.95785067e-03]
   [ 1.48474275e-02  2.77321638e-03 -1.80979059e-02  1.28800809e-02
    -1.12197578e-02]
   [ 9.90093054e-03 -2.85705563e-02  1.38324106e-02  1.78651834e-02
    -2.26856548e-02]
   [-4.10771704e-03 -2.18739180e-02  2.58345993e-02  2.04133962e-02
    -4.71417187e-03]
   [-2.01754532e-02  1.54029162e-02  1.13516540e-02 -2.37532389e-02
     6.59661084e-03]]

  [[-5.08939178e-03  2.32612699e-02  1.82367756e-02  1.05063380e-04
     2.68956674e-02]
   [ 1.92032324e-02 -1.29940498e-02  1.29298843e-02 -6.57638936e-03
    -1.01566499e-02]
   [ 2.83506486e-02  1.57782832e-02  2.01380659e-02  1.32575612e-02
    -6.41616629e-03]
   [ 2.47326388e-03  2.43241232e-02  2.45436141e-02  2.54947968e-02
    -2.96084622e-02]
   [ 2.03909373e-02 -1.93828954e-03  6.15199982e-03 -1.95647654e-02
     1.94937800e-02]]

  [[ 1.12652513e-02 -8.36471885e-03  1.87968683e-02 -1.37582370e-02
     2.57825943e-02]
   [ 2.10550015e-02  4.57443636e-03 -3.75923148e-03  2.80982287e-03
    -1.66268817e-02]
   [ 1.38697679e-02 -7.89329904e-03 -7.39644474e-03  2.52288460e-02
    -2.32648252e-02]
   [ 2.78814514e-03  1.90811981e-03  2.29366551e-02 -1.61832286e-02
    -5.96278118e-04]
   [-2.44211984e-02 -5.15509840e-03  2.40444879e-02  1.79298066e-02
     1.69894952e-02]]

  ...

  [[ 1.91311131e-02 -1.70229830e-02  8.06935068e-03  8.49258925e-03
     7.22981460e-03]
   [-1.82605499e-02 -4.05898068e-03  1.30537064e-03  1.02865255e-02
    -1.14733181e-02]
   [ 1.13486112e-02  1.36898848e-02  1.63194082e-02  2.65183799e-02
     2.34630735e-02]
   [-5.19566348e-03  2.71906075e-02  1.42290053e-02 -1.26522738e-02
    -1.24888699e-02]
   [ 8.25316330e-03 -1.25613960e-03  3.49100744e-04 -2.26167432e-02
     5.40986742e-03]]

  [[ 1.27567720e-03  2.28749733e-02 -2.89943615e-03 -2.45229760e-02
     5.35270375e-03]
   [-8.63359459e-03 -2.62000518e-02 -1.78035028e-02  5.36774068e-04
    -1.41187541e-02]
   [-1.25915755e-02 -1.73298096e-02  1.87666485e-02 -2.67880028e-02
    -1.46729806e-02]
   [-2.65648565e-02  2.78411259e-02  7.57263142e-03 -1.66939900e-02
    -3.26183086e-03]
   [-1.43760624e-02  1.01261584e-02  1.38078107e-02  6.62702038e-03
     1.16664726e-02]]

  [[-2.59570022e-02 -2.76246186e-02  2.85212291e-02  2.62304252e-02
    -2.62361557e-02]
   [-2.70877198e-02 -2.27917999e-02  1.87182286e-02 -1.21275343e-02
     2.44607005e-02]
   [-1.57481808e-02 -5.48108835e-03  1.29590699e-02  2.24780043e-02
     2.84224368e-02]
   [ 4.08360040e-03 -4.20780079e-03 -9.82707086e-04  7.62881703e-03
    -1.56221482e-02]
   [ 2.61699442e-02  1.49538696e-03  2.73519044e-02 -1.83587536e-02
     1.95671814e-02]]]][0.013993982941342572, -0.0028788320566153665, 0.00712885376306328, -0.004310667652897605, 0.007713302377411597, -0.01645546732038933, -0.016152228093748923, 0.024331119171966894, -0.00797147600604808, 0.015027217217971251, -0.017759959342403854, 0.018475234820901288, -0.011078892289661163, -0.02210805614072406, 0.008016628585826895, 0.0127923118795371, 0.025219998952695912, -0.025538330577422955, -0.02932662113030566, 0.016732298983265493, 0.002314571722256773, -0.0018237325725864485, 0.01902055495862329, 0.028773030396055842, 0.009189567888397993, 0.01602608720008947, -0.02595061110972313, -0.023404574705662914, 0.013780401571012662, -0.02676006826939488, -0.009081317094899871, -0.02598817648369811, -0.00020311685090588713, 0.026372939378770655, -0.0024619867853573514, -0.012217404137336286, -0.016812908558863478, 0.0012214667549010003, -0.0036224011608285943, 0.02588056689071697, 0.012023515502390423, 0.006663074178192629, 0.020649711408046192, -0.002389118063197252, 0.020709336103280827, 0.00515859619989199, 0.009219308135552783, 0.005106673009637099, -0.026496059119132387, -0.023782279422850463, 0.02519669560300856, 0.013261047807950111, 0.02404809243776997, 0.026345018896947254, 0.02707474081652206, -0.009609099085682957, 0.029565612684824976, -0.021284153848914272, 0.024594101449335572, 0.013441876425336643, 0.02369641304077433, 0.016937824837249597, 0.0021082852693052496, 0.0015449411826324103, -0.006034795570835132, -0.013729124035592961, -0.0003340921747039989, -0.021441610841676197, 0.019931786208412215, -0.028836888065934874, 0.003833310587410741, 0.017042038330360946, -0.02126201044097719, 0.003054639323445168, 0.0034491283131594906, 0.022838003242042607, 0.000851581187020136, 0.016794415766061003, -0.028329625548878887, 0.025918694066132075, 0.012181638568571362, -0.016292991981915993, -0.02683753587820585, 0.0032186137102882574, -0.01308778425184257, -0.012399520729236679, 0.0278882654966077, 0.007794559240156412, 0.006627610046837384, 0.004281929178261642, 0.02214167035335676, -0.009168312926864042, 0.004162126583884481, 0.025011219249578328, 0.017783149786468753, -0.023745491634473294, 0.0035764703720250375, 0.0059445057326829275, 0.027992193173786314, 0.009398939676681446, 0.003269632189829879, 0.003929476590801121, -0.014191216560674746, -0.005777464277646943, -0.02190259531090121, 0.02726892453861011, 0.0042299063874872665, -0.026640654291748923, 0.02689020788541031, -0.01195837848041073, -0.021958578187693627, 0.020600981668290674, 0.010764291061086197, -0.02791729995945664, -0.024751071917972912, 0.01952758449693631, -0.004692895225928948, 0.006283542405016811, 0.006848714808078516, 0.028522436668215263]
-----------------------------------------------
[[-1.12571824e-02 -1.39770365e-02  5.70881971e-03 ...  1.38931172e-02
  -2.38095929e-05  1.50273631e-03]
 [ 3.02277739e-03 -1.13319926e-02  2.73171492e-03 ...  4.76444605e-03
  -1.20630808e-02  9.87891293e-03]
 [ 1.46325447e-02  1.79200333e-02 -1.03087945e-02 ...  4.16198261e-03
  -7.64703002e-03  1.84667811e-03]
 ...
 [-1.90434923e-02  1.45239290e-02 -1.26164986e-02 ... -6.56908711e-03
   1.05255841e-03  1.20841505e-02]
 [-1.92834099e-02  7.42084943e-03  3.51379040e-03 ...  1.83353769e-02
   1.56140057e-02 -1.01839897e-02]
 [-1.63837522e-02 -8.51248835e-03  2.03522640e-03 ...  2.40350777e-03
  -1.07403320e-02 -1.46239955e-02]][-0.00145078  0.00593229  0.01543881  0.00973817  0.01430087  0.01009205
  0.00188238 -0.00685562 -0.00128032  0.01959658  0.01873359 -0.01551718
 -0.01531636  0.00543393 -0.01676992  0.01785006  0.00599507 -0.01195677
 -0.0023942   0.00184048 -0.00769699 -0.00801187  0.00220415 -0.01461164
  0.00596476  0.01283958  0.00704583  0.00689897 -0.00536794 -0.01122858
  0.00885189  0.00016967 -0.01885766 -0.00960415  0.00994657 -0.00439008
  0.01755736 -0.00847146 -0.01080851 -0.01567575 -0.01118484 -0.00135642
  0.00247777 -0.01808257 -0.01210428  0.00444394  0.00697577  0.01335363
 -0.0123725  -0.01363263  0.00764918 -0.01143127  0.00437521 -0.01265408
 -0.00655513 -0.0193138   0.00653066 -0.00481092  0.00721032  0.00020101
 -0.01705631  0.0127503  -0.0019161  -0.01183639  0.00133765 -0.00560304
 -0.01860239  0.0165986   0.00125909  0.00931753 -0.00252802 -0.01617815
 -0.01774185  0.01157326  0.01456783  0.01262028 -0.00647678  0.01142619
 -0.01913736 -0.00599241  0.00842867  0.01629953  0.00026565 -0.01267763]
-----------------------------------------------
[[-1.  1.  1. -1.  1. -1.  1. -1.  1.  1. -1.  1.  1. -1.  1. -1.  1. -1.
   1.  1. -1. -1. -1. -1.  1. -1. -1.  1. -1.  1. -1.  1. -1.  1.  1. -1.
  -1. -1.  1. -1.  1.  1.  1. -1. -1. -1.  1.  1. -1. -1.  1. -1. -1. -1.
  -1. -1. -1.  1.  1. -1.  1.  1.  1.  1.  1.  1.  1. -1. -1.  1.  1. -1.
   1.  1. -1.  1.  1. -1. -1.  1.  1. -1.  1.  1.]
 [ 1. -1. -1. -1. -1.  1. -1. -1.  1. -1.  1. -1.  1.  1. -1.  1. -1.  1.
  -1. -1.  1.  1. -1.  1. -1. -1.  1. -1.  1. -1. -1.  1.  1.  1. -1.  1.
   1. -1.  1.  1.  1. -1. -1. -1.  1. -1.  1.  1.  1.  1. -1.  1.  1.  1.
   1.  1.  1.  1. -1.  1.  1. -1.  1. -1. -1.  1. -1. -1.  1. -1. -1.  1.
  -1.  1. -1.  1.  1.  1. -1. -1. -1.  1.  1. -1.]
 [-1. -1.  1. -1. -1. -1. -1. -1. -1.  1. -1. -1. -1.  1. -1. -1.  1.  1.
   1.  1.  1.  1.  1.  1.  1. -1.  1. -1.  1. -1.  1.  1.  1.  1. -1. -1.
  -1.  1.  1. -1.  1. -1.  1.  1.  1.  1.  1. -1. -1.  1. -1.  1. -1.  1.
  -1.  1.  1. -1. -1. -1. -1. -1.  1. -1. -1. -1. -1.  1. -1. -1.  1. -1.
  -1.  1. -1.  1. -1.  1. -1.  1.  1. -1. -1. -1.]
 [-1. -1.  1.  1. -1. -1. -1.  1. -1.  1. -1.  1. -1. -1.  1.  1. -1. -1.
  -1. -1.  1.  1.  1.  1.  1.  1.  1. -1.  1. -1.  1.  1.  1.  1.  1.  1.
   1. -1.  1. -1. -1. -1.  1. -1. -1. -1.  1. -1.  1.  1. -1. -1. -1.  1.
  -1.  1.  1. -1.  1.  1. -1.  1.  1. -1.  1. -1.  1. -1.  1. -1. -1. -1.
   1.  1.  1. -1.  1.  1.  1. -1. -1. -1. -1.  1.]
 [ 1.  1.  1.  1.  1. -1.  1. -1. -1.  1. -1. -1. -1.  1.  1.  1.  1. -1.
   1.  1. -1.  1. -1. -1.  1.  1. -1. -1. -1.  1. -1. -1.  1. -1.  1. -1.
   1.  1. -1. -1. -1.  1. -1. -1. -1. -1.  1. -1. -1. -1.  1.  1. -1. -1.
  -1. -1. -1. -1.  1. -1.  1.  1.  1. -1. -1. -1. -1.  1.  1. -1. -1. -1.
   1.  1. -1. -1. -1. -1. -1. -1. -1. -1.  1. -1.]
 [ 1.  1.  1.  1.  1. -1.  1. -1.  1.  1.  1.  1.  1. -1. -1.  1.  1. -1.
  -1. -1.  1.  1.  1. -1. -1. -1. -1. -1. -1. -1.  1.  1. -1. -1.  1. -1.
  -1.  1.  1.  1. -1. -1.  1.  1. -1.  1.  1.  1. -1. -1.  1. -1. -1.  1.
  -1.  1. -1.  1.  1.  1.  1.  1.  1.  1. -1. -1.  1. -1.  1. -1. -1.  1.
   1. -1.  1.  1.  1. -1.  1. -1.  1.  1. -1. -1.]
 [-1.  1.  1.  1.  1.  1.  1. -1. -1.  1. -1. -1.  1.  1. -1.  1.  1.  1.
   1.  1.  1. -1. -1. -1. -1. -1. -1. -1.  1. -1.  1.  1. -1. -1.  1. -1.
   1.  1.  1.  1. -1.  1.  1. -1.  1.  1.  1.  1.  1. -1.  1. -1. -1.  1.
   1. -1.  1.  1. -1.  1.  1. -1. -1.  1.  1.  1. -1. -1. -1.  1. -1. -1.
   1.  1.  1. -1. -1.  1.  1. -1.  1. -1. -1.  1.]
 [-1.  1.  1.  1.  1. -1.  1.  1.  1.  1.  1. -1.  1. -1. -1. -1.  1.  1.
  -1.  1.  1. -1.  1. -1. -1. -1.  1. -1.  1.  1. -1. -1. -1.  1.  1.  1.
   1. -1.  1.  1. -1. -1. -1.  1.  1.  1.  1.  1. -1. -1.  1. -1. -1.  1.
  -1.  1. -1.  1. -1. -1. -1. -1.  1.  1.  1.  1.  1. -1. -1. -1.  1. -1.
  -1.  1.  1. -1. -1.  1. -1.  1.  1. -1.  1.  1.]
 [ 1.  1. -1. -1.  1. -1. -1.  1.  1. -1.  1.  1. -1.  1. -1.  1. -1. -1.
  -1.  1. -1. -1.  1. -1. -1.  1. -1. -1.  1. -1.  1.  1.  1.  1. -1. -1.
   1. -1.  1.  1. -1.  1. -1. -1. -1. -1. -1. -1. -1.  1.  1. -1.  1.  1.
   1.  1. -1.  1. -1.  1. -1. -1.  1. -1. -1. -1.  1.  1. -1.  1. -1. -1.
  -1. -1.  1. -1. -1. -1.  1. -1. -1. -1. -1. -1.]
 [-1. -1.  1.  1.  1. -1. -1.  1.  1. -1.  1.  1.  1. -1.  1.  1.  1.  1.
  -1.  1.  1.  1. -1. -1. -1.  1.  1. -1.  1. -1.  1.  1. -1. -1. -1.  1.
  -1. -1.  1.  1. -1. -1. -1. -1. -1. -1.  1.  1.  1. -1.  1. -1.  1.  1.
  -1.  1. -1. -1.  1. -1.  1. -1.  1.  1. -1.  1. -1.  1.  1.  1.  1. -1.
   1. -1. -1. -1.  1.  1.  1.  1.  1. -1.  1.  1.]]
-----------------------------------------------
