[[[[ 0.22956422  0.28637414 -0.02232936 -0.25948266  0.10199994]
   [ 0.18526255 -0.38107913 -0.10480168 -0.29186303  0.3075676 ]
   [-0.20188255 -0.3738631  -0.34902507  0.13594084  0.10662442]
   [ 0.28644231  0.16036424  0.25739915 -0.08684278  0.07692134]
   [-0.03966102  0.01569301  0.15488152  0.13373169 -0.2529875 ]]]


 [[[-0.24395482  0.24842825  0.19328093 -0.39296559 -0.32823403]
   [ 0.02048993  0.14154883  0.24173091 -0.10938591 -0.24672362]
   [ 0.03441313  0.31130893  0.20209257 -0.33509987  0.03186217]
   [ 0.31216978  0.33575048  0.08984864 -0.28507291 -0.34276541]
   [ 0.13554452  0.03688819 -0.33102862 -0.04455213  0.02681675]]]


 [[[-0.25909769  0.20058354 -0.34340166 -0.3040436  -0.06783574]
   [-0.19338819  0.25026179  0.08655254 -0.19298628 -0.00950767]
   [ 0.07949955  0.09328265 -0.22494354  0.2937365  -0.18148371]
   [ 0.07743892  0.07737591  0.04330551  0.36589044  0.02939586]
   [-0.29110222  0.04645393 -0.25280506  0.07799697  0.12302563]]]


 [[[ 0.27699623  0.01905114  0.35091364 -0.36647251  0.33644226]
   [-0.0766955  -0.33526763  0.24598887  0.38214332  0.1776141 ]
   [ 0.38312112  0.30513505 -0.04804819 -0.26798821 -0.1252949 ]
   [ 0.05951559 -0.37282636  0.04062458 -0.38360238 -0.10514536]
   [ 0.28616555  0.13719806 -0.32964597 -0.29280715  0.25530712]]]


 [[[ 0.29657765 -0.20282315 -0.19738485  0.32489117 -0.39046223]
   [ 0.06130877  0.31845529 -0.28227799 -0.0333495  -0.19456045]
   [ 0.02870163  0.22189688  0.18445562  0.34409381 -0.06572578]
   [ 0.32079338  0.33509723  0.22684782  0.02085975  0.26832328]
   [ 0.107414    0.26158204  0.30345271 -0.34069361  0.33507921]]]


 [[[ 0.26934555  0.15628735  0.09533422  0.33527909 -0.1046085 ]
   [ 0.08011261 -0.00768252  0.30848701 -0.30116288 -0.22984687]
   [-0.29417259  0.18906408  0.2384947  -0.38746254  0.32128089]
   [ 0.01052119 -0.31991754 -0.03108399 -0.03975678  0.24633842]
   [-0.26239165 -0.39268028  0.39153715 -0.38633072  0.05762672]]]][0.03678856797663377, -0.14817452750444565, 0.33443177101980964, 0.08089172524494775, -0.042991961871995776, 0.020039248420669342]
-----------------------------------------------
[[-0.19964762  0.01519662]
 [ 0.36636097 -0.25403314]
 [-0.42142008 -0.09896628]
 [-0.13892727 -0.12437792]
 [ 0.3183579   0.3418403 ]
 [-0.46822426  0.01732496]]
-----------------------------------------------
[array([[[-0.07864646, -0.04113067, -0.0498149 ,  0.12076745,
         -0.12941856],
        [-0.07269116,  0.03426386,  0.11783555,  0.06973166,
         -0.1299084 ],
        [-0.03246718, -0.0509803 , -0.02433626,  0.04725206,
         -0.1168668 ],
        [-0.03245883, -0.03945643, -0.09739718, -0.13327422,
          0.011383  ],
        [-0.0757193 ,  0.14314972, -0.02832473, -0.1451199 ,
         -0.14860526]],

       [[-0.09153772, -0.0470992 ,  0.09567088,  0.00923285,
          0.02519438],
        [ 0.04516881,  0.12653663, -0.12572215,  0.04439322,
          0.11335981],
        [-0.00767599,  0.05165517,  0.000432  , -0.13294342,
         -0.0308866 ],
        [-0.07226298, -0.08105243, -0.01632597, -0.14581345,
          0.05171164],
        [ 0.0935901 , -0.09185266, -0.04614566, -0.0956852 ,
         -0.07706602]],

       [[-0.10541263, -0.00943874, -0.09415065, -0.0577491 ,
          0.132116  ],
        [ 0.08402558,  0.14815003,  0.03153476, -0.10867646,
          0.03666162],
        [-0.05703114, -0.07289048, -0.08681325,  0.09965281,
         -0.00894322],
        [-0.08232518, -0.11134548,  0.10637123,  0.06842119,
         -0.013756  ],
        [-0.00785615, -0.09008898, -0.04927473,  0.06672433,
          0.01856481]]])
 array([[[ 0.10660093, -0.08109657,  0.12953412, -0.03257065,
          0.01220204],
        [-0.10105409, -0.07923784, -0.1365283 , -0.12551963,
         -0.02660833],
        [-0.01156761,  0.06339878, -0.02317057,  0.07505718,
          0.06582738],
        [ 0.0001649 , -0.116193  ,  0.03958826,  0.14596536,
          0.13918305],
        [ 0.04621596,  0.033307  ,  0.1022629 , -0.14687315,
          0.09387561]],

       [[ 0.0049334 , -0.06126996,  0.08373431,  0.09007854,
         -0.08597026],
        [ 0.06700377, -0.06801514,  0.01590228,  0.06068606,
          0.03738553],
        [-0.14801691,  0.10699737,  0.05781002,  0.03750202,
         -0.14586015],
        [ 0.0502855 ,  0.12571289, -0.06231073, -0.13694129,
          0.0119779 ],
        [ 0.12467416,  0.00088468, -0.04457881,  0.02814513,
          0.0231216 ]],

       [[-0.12196962,  0.05125568, -0.12086152,  0.0802319 ,
         -0.13123024],
        [-0.09414594,  0.03310988, -0.13070311,  0.08438181,
          0.05742671],
        [-0.01223664,  0.07989338, -0.09490022, -0.09033151,
          0.14800034],
        [ 0.13958203, -0.04923438,  0.055419  , -0.14124199,
         -0.0298314 ],
        [ 0.05759981, -0.1377349 ,  0.01198971,  0.06222804,
         -0.05750106]]])
 array([[[-0.02899481, -0.03712207,  0.09428946,  0.01297264,
          0.1110601 ],
        [-0.00710564, -0.02956347, -0.00718867, -0.05213622,
          0.12495796],
        [-0.02965583, -0.06014816, -0.03861022,  0.12129606,
         -0.02626338],
        [ 0.04501742, -0.03139543, -0.02070055, -0.04544806,
         -0.12555906],
        [-0.10353444,  0.01017525, -0.0429925 , -0.08763162,
          0.01669074]],

       [[-0.02535508,  0.1265645 ,  0.01124131,  0.09188131,
         -0.14881369],
        [ 0.01362177,  0.00739458,  0.08419773,  0.07377355,
          0.02798067],
        [ 0.10876523, -0.02915347,  0.10662511, -0.09166906,
          0.07202825],
        [-0.103343  ,  0.14938765,  0.0759577 ,  0.00914733,
         -0.03145051],
        [ 0.14106941, -0.12010752,  0.11366711,  0.01555801,
          0.03336712]],

       [[-0.11703824, -0.00769999, -0.00929476,  0.08419864,
          0.06048599],
        [-0.0014348 , -0.033377  , -0.07036624, -0.0267518 ,
         -0.11598909],
        [-0.12194693, -0.05944797,  0.10272691,  0.04405233,
          0.0405528 ],
        [ 0.1439062 , -0.14761052, -0.04105567, -0.1155943 ,
         -0.02463218],
        [ 0.13738546,  0.0872122 ,  0.05583472, -0.03578142,
          0.04572634]]])
 array([[[-0.01638736, -0.13105767,  0.11288159,  0.13651916,
          0.07066795],
        [ 0.12826505,  0.05234067, -0.09056427,  0.11943583,
          0.10112737],
        [-0.07186926,  0.06219071,  0.09870802,  0.12250819,
          0.11202971],
        [ 0.11684515, -0.08523239, -0.08862015, -0.10900281,
         -0.10486754],
        [ 0.04839029,  0.11943378,  0.14770829,  0.03232883,
          0.08712143]],

       [[ 0.04116588, -0.13601138, -0.11004084,  0.05213175,
         -0.00656837],
        [ 0.01001391, -0.0460121 , -0.0110325 , -0.12519304,
         -0.01675247],
        [ 0.02639366,  0.11365984,  0.05917347, -0.03375085,
          0.08464211],
        [ 0.0954362 , -0.06700681,  0.03799661,  0.04862944,
         -0.14915822],
        [ 0.12874592, -0.12629963, -0.0148461 ,  0.13968003,
          0.00914823]],

       [[-0.09494791,  0.07160911, -0.13631078,  0.0561706 ,
          0.02953776],
        [ 0.01721692, -0.05966405, -0.01086493,  0.07588591,
          0.04605686],
        [-0.05273876, -0.0195936 ,  0.09078665, -0.03531725,
         -0.05380722],
        [ 0.01498246,  0.13608896, -0.00620238, -0.13332106,
         -0.14064149],
        [-0.07574132,  0.05302665, -0.08344512, -0.01380913,
         -0.14816965]]])
 array([[[-8.31047609e-02, -1.20437326e-01,  5.36827528e-02,
         -1.31789272e-01,  4.75577537e-02],
        [ 1.22350915e-01,  1.42776197e-02, -5.20918160e-02,
          9.06294691e-02,  6.15658104e-02],
        [ 1.44527949e-01, -1.61816099e-02, -1.47748907e-01,
         -7.44521975e-03,  8.60396937e-02],
        [-2.89487251e-02, -1.41514264e-02,  1.43598675e-01,
          1.12412375e-01,  9.89549383e-02],
        [-3.54046160e-02, -9.21984772e-02,  1.26976963e-01,
         -2.13331967e-02,  2.45835615e-02]],

       [[ 1.77452744e-02, -3.07817854e-02, -1.39553510e-01,
         -5.88493522e-03,  2.41845815e-02],
        [-9.79207140e-02,  1.07520215e-01, -1.48342528e-01,
          1.40043282e-01,  5.00895009e-02],
        [ 3.16067125e-02,  1.25195857e-02,  5.04700909e-02,
          2.77479164e-02, -3.77297971e-02],
        [-1.06761351e-01,  1.42818677e-01, -1.48803459e-01,
          2.71046266e-02, -8.73771721e-02],
        [-1.27288416e-01, -7.29717650e-02,  1.05682835e-01,
         -8.22897637e-02, -3.34360836e-02]],

       [[ 1.66671621e-02, -9.99105986e-02,  3.74098596e-02,
          6.49559065e-02,  5.87198940e-02],
        [-1.06164820e-01,  3.60584182e-02, -8.71045576e-02,
          1.17967878e-01,  1.46698045e-01],
        [ 1.20444899e-01, -8.40969862e-02, -1.00352124e-01,
         -3.65286348e-02,  1.92984581e-02],
        [-2.09945305e-02, -9.87611355e-03, -4.50823869e-02,
         -1.05268528e-04,  1.16413895e-01],
        [ 1.01766260e-01, -1.47066558e-01, -5.25112904e-02,
         -2.83178841e-02, -6.88548852e-02]]])
 array([[[ 0.0588399 ,  0.04738004, -0.05382723,  0.04699184,
         -0.12401617],
        [ 0.02802571, -0.01317792, -0.06002556, -0.07273314,
         -0.06175414],
        [-0.01751816,  0.04324924, -0.09078814, -0.13876586,
          0.11732258],
        [ 0.01546499, -0.03981343, -0.12830681,  0.02053366,
         -0.00450341],
        [ 0.04682819, -0.02001979,  0.11218422,  0.03665977,
         -0.14491155]],

       [[-0.01653749, -0.04936143, -0.0571299 ,  0.09940468,
          0.10449283],
        [-0.05364283, -0.03299774, -0.1134572 ,  0.03315162,
          0.02951689],
        [-0.05769111,  0.02999893,  0.05381656,  0.08621661,
         -0.06279768],
        [ 0.14533573, -0.00187086,  0.1460377 , -0.07846535,
         -0.11956484],
        [-0.12474756, -0.00978435,  0.12600785, -0.05294769,
         -0.13412794]],

       [[ 0.08354176,  0.00640459,  0.09266661, -0.04915352,
          0.04852186],
        [ 0.04804576,  0.05680929, -0.00583821, -0.00605323,
         -0.07182357],
        [ 0.12226303, -0.11801548,  0.10853472,  0.02037856,
         -0.10157014],
        [-0.14939454,  0.06780087,  0.13766637,  0.00891401,
         -0.03509472],
        [-0.11020333, -0.13690542,  0.05248049, -0.06970725,
          0.12135311]]])
 array([[[ 0.00370071,  0.09087318, -0.03789083,  0.10194831,
          0.00353669],
        [ 0.07219628,  0.10677897, -0.04381561,  0.02678971,
         -0.04862844],
        [ 0.01374368, -0.07171882,  0.08131232, -0.07843796,
          0.03344198],
        [-0.11396064, -0.04933748,  0.06662161, -0.09985485,
          0.0013688 ],
        [ 0.05208831,  0.00472113,  0.01725759, -0.05312842,
         -0.02766685]],

       [[-0.09820887,  0.05491427,  0.01897106, -0.02404426,
         -0.11062924],
        [ 0.0389335 ,  0.04412191,  0.0624143 ,  0.08351067,
         -0.07427662],
        [ 0.1026492 ,  0.07728585, -0.06305773, -0.10103498,
          0.0630452 ],
        [-0.04913058,  0.04438572, -0.01013377, -0.09760265,
          0.00368836],
        [ 0.00116299,  0.11285868, -0.06249828,  0.04010766,
          0.09675926]],

       [[-0.03149874,  0.03293419, -0.07775378, -0.07784416,
          0.09570823],
        [ 0.00830234, -0.02369059,  0.00788238,  0.02710838,
         -0.10762883],
        [ 0.10825134, -0.09906566,  0.01319327, -0.06892171,
         -0.06853245],
        [ 0.10136366, -0.06881467,  0.02844151, -0.00508654,
          0.06786088],
        [-0.0860518 , -0.04124729,  0.04796406, -0.01128586,
          0.08453591]],

       [[ 0.00187226,  0.0073717 ,  0.05798981, -0.01493665,
          0.068447  ],
        [ 0.0580209 ,  0.02068736, -0.01299159, -0.0247636 ,
          0.0080108 ],
        [ 0.09090586, -0.05818705, -0.08939018,  0.02574932,
         -0.07456936],
        [-0.02896639,  0.05445999, -0.09140412,  0.02209855,
         -0.03524162],
        [-0.00327618,  0.04883371, -0.04236327,  0.01456424,
          0.1007433 ]]])
 array([[[ 0.04495183, -0.06271482,  0.02608008, -0.01558239,
          0.05219306],
        [ 0.02633459,  0.02251814, -0.07424114,  0.04055039,
         -0.08507124],
        [-0.04960289,  0.02972638,  0.02528896, -0.01377241,
         -0.0848638 ],
        [ 0.07883087,  0.02647951,  0.06754765, -0.0898675 ,
         -0.0382353 ],
        [ 0.0765103 ,  0.02096936, -0.02350082, -0.00907771,
         -0.09690826]],

       [[-0.04081954, -0.05784349,  0.01470348, -0.01605289,
         -0.09843939],
        [ 0.03526065,  0.04709655, -0.04501336, -0.06685726,
         -0.01384148],
        [ 0.06324063,  0.08324396,  0.06840976, -0.05750998,
         -0.04341186],
        [ 0.02802108, -0.00983073, -0.04218481, -0.00442414,
         -0.0659823 ],
        [-0.01276341, -0.04847268, -0.05460899,  0.01311552,
         -0.02404797]],

       [[ 0.0718122 , -0.08204405, -0.02244879,  0.00346315,
          0.10290274],
        [ 0.08264601, -0.08561438,  0.09977163, -0.0174538 ,
         -0.0164212 ],
        [ 0.06042695, -0.0092527 , -0.11256532, -0.01233966,
          0.03335977],
        [-0.08275783,  0.06590884,  0.11160062,  0.02994062,
         -0.07369408],
        [-0.11287773,  0.02293505, -0.01607952,  0.04124077,
         -0.02960624]],

       [[ 0.10537804,  0.10299759, -0.07095216,  0.06526623,
         -0.03836178],
        [ 0.05888831, -0.00970692, -0.0147161 ,  0.07724804,
          0.08021815],
        [-0.06203151,  0.0089693 ,  0.01442268, -0.07853236,
          0.01150285],
        [-0.07811452,  0.07792608,  0.01431952,  0.06011139,
         -0.08043015],
        [-0.05773826, -0.05788398, -0.00809957, -0.07884233,
          0.04969073]]])
 array([[[ 0.0977637 , -0.0493121 ,  0.09430513,  0.04875142,
         -0.06311974],
        [ 0.09261481, -0.0093457 ,  0.01217353, -0.02635543,
         -0.07891322],
        [ 0.07754206, -0.07009205, -0.05632067, -0.06811535,
         -0.08253098],
        [ 0.04031032,  0.06151274, -0.11166682, -0.01378425,
         -0.09950145],
        [ 0.10198312, -0.01501114,  0.05286476,  0.00786618,
         -0.09243193]],

       [[-0.07082185,  0.03811684, -0.00510434,  0.11000648,
         -0.05950186],
        [ 0.03136421, -0.08832094,  0.04527543,  0.07713804,
         -0.10033955],
        [-0.10268085, -0.09917731,  0.08136155,  0.01452867,
          0.10974587],
        [ 0.04020543, -0.06937432,  0.0251208 , -0.00840592,
          0.10419515],
        [-0.03453689,  0.09489799,  0.07613098, -0.10133004,
          0.0337563 ]],

       [[ 0.00074599, -0.09949982,  0.05522154,  0.06650463,
         -0.07698145],
        [-0.02701091, -0.07571898, -0.01122743,  0.02066187,
         -0.0604289 ],
        [ 0.04345885,  0.09491129, -0.02624585,  0.10834383,
         -0.06246455],
        [-0.0241915 ,  0.11209421, -0.0290705 , -0.10317615,
         -0.08775959],
        [ 0.08304833,  0.01556246,  0.10712785,  0.09093652,
         -0.0382919 ]],

       [[ 0.07646463,  0.06164027,  0.03413222,  0.09777168,
          0.00740943],
        [ 0.00065303, -0.09670852, -0.04839748,  0.07303034,
         -0.08472186],
        [ 0.09751577, -0.05124867, -0.08263824, -0.09930601,
          0.1065328 ],
        [-0.10167598,  0.1136913 , -0.00983276,  0.05271397,
         -0.05494607],
        [-0.10469392, -0.09704105, -0.04966161, -0.09891583,
          0.08406369]]])
 array([[[-0.03186292,  0.07832366,  0.05118419, -0.00651156,
         -0.02914382],
        [-0.05385037,  0.02966156,  0.04720543,  0.03793343,
         -0.05544873],
        [-0.04764268,  0.0281319 , -0.03260262,  0.11221717,
          0.09679573],
        [-0.03534967,  0.11066909, -0.06649571,  0.003677  ,
          0.09784342],
        [-0.04450988,  0.09068364, -0.09792793,  0.06205424,
          0.05808017]],

       [[-0.02091793,  0.07964386,  0.08739843,  0.11098306,
          0.00553469],
        [ 0.01904669, -0.06955613, -0.04087367,  0.06185735,
         -0.05891758],
        [ 0.0596015 ,  0.09967423, -0.07226198, -0.04407618,
         -0.03051425],
        [-0.00589398,  0.09608903, -0.02285712,  0.05931528,
          0.0164262 ],
        [-0.09058579, -0.07787275, -0.02160021,  0.10530864,
          0.02510223]],

       [[-0.11282884,  0.08033086,  0.01578228, -0.08623433,
          0.00603943],
        [-0.08198804,  0.07424761,  0.0456123 ,  0.08170892,
          0.11307518],
        [ 0.11134084, -0.11277426, -0.03703341, -0.04279492,
          0.04987704],
        [-0.08880317, -0.00266728, -0.07101467,  0.05054064,
         -0.02074301],
        [ 0.02962947,  0.06058331,  0.05231773, -0.06814207,
         -0.08885313]],

       [[-0.1028435 , -0.01761699, -0.00152948, -0.04207378,
          0.04119204],
        [ 0.10083868, -0.08962821,  0.10089788, -0.00350094,
          0.03901218],
        [-0.0027836 ,  0.07872995,  0.08932077, -0.01242005,
         -0.07289663],
        [ 0.07416509, -0.00121689, -0.08530239, -0.05884091,
         -0.00444115],
        [ 0.06694012, -0.05200224,  0.0743962 , -0.01409536,
          0.00794155]]])
 array([[[ 0.10838386, -0.00604087, -0.01847642,  0.05245015,
         -0.01428544],
        [-0.04226334, -0.06117463,  0.0425342 ,  0.11210192,
          0.02685127],
        [-0.06538664,  0.02525286, -0.05474552, -0.09469885,
          0.05535862],
        [ 0.07039537,  0.07394686,  0.05335996, -0.03344079,
          0.11153631],
        [ 0.00136346,  0.03845178,  0.03292063,  0.04539408,
         -0.01232157]],

       [[ 0.06415435,  0.04174435, -0.0598832 , -0.06573641,
         -0.06952316],
        [-0.03888467, -0.07978621,  0.07973082, -0.0222837 ,
         -0.08158365],
        [-0.07710878, -0.03735766,  0.02427827, -0.02272296,
         -0.08594878],
        [ 0.04053367, -0.04085592,  0.08338313, -0.05386061,
         -0.02371527],
        [-0.01971567, -0.03430584,  0.058732  , -0.00248166,
         -0.03541489]],

       [[ 0.07396884,  0.08584869, -0.03658776, -0.01731303,
         -0.04436705],
        [ 0.01238611,  0.11279312, -0.08558993, -0.07528028,
         -0.03047045],
        [-0.03993238, -0.10691826, -0.05381767,  0.03863939,
         -0.08456177],
        [ 0.11050597,  0.08999826, -0.03207552, -0.05301418,
          0.03151802],
        [-0.04778055, -0.03693212,  0.11240218,  0.0173894 ,
         -0.11335545]],

       [[-0.063459  ,  0.08397684, -0.06269675,  0.01605566,
         -0.08173117],
        [ 0.04702573, -0.08079138, -0.02191647,  0.02178349,
         -0.07856811],
        [-0.04713275,  0.01873132, -0.10638888,  0.08471557,
         -0.06784043],
        [ 0.07811572, -0.02064536,  0.00790803,  0.02771009,
         -0.08269301],
        [ 0.00558244, -0.07846369, -0.00124801, -0.05047524,
         -0.07307163]]])
 array([[[-0.10575808,  0.01694514, -0.11418542,  0.0164529 ,
          0.02896587],
        [-0.08750408,  0.0729212 ,  0.0324525 ,  0.10500271,
          0.08381217],
        [-0.09629466, -0.00365432, -0.08761522, -0.10133927,
          0.02726841],
        [-0.06292706,  0.07720786,  0.0758245 , -0.0944405 ,
          0.11422712],
        [-0.08404018,  0.08533261,  0.03299286, -0.00284098,
          0.01836496]],

       [[-0.04986772,  0.01977135,  0.08757308, -0.08562194,
          0.03763782],
        [ 0.08509026,  0.02184161,  0.04235967,  0.03196556,
         -0.10277659],
        [-0.02295201, -0.04462503, -0.03923225,  0.09568612,
          0.09451196],
        [-0.11194946, -0.10522618,  0.11333547, -0.0619928 ,
         -0.07897409],
        [-0.04724707, -0.04905864, -0.07047811,  0.05573092,
         -0.01790588]],

       [[ 0.02820624, -0.08432894,  0.02377724,  0.0006989 ,
         -0.05908701],
        [-0.01219244, -0.0124574 , -0.07133553, -0.10866723,
          0.06414587],
        [-0.10606008,  0.07449368,  0.04738612,  0.02718496,
          0.00384379],
        [-0.06000971,  0.05589079,  0.03786808, -0.00346526,
         -0.1115768 ],
        [-0.05217486,  0.03423832, -0.02563744, -0.06333164,
         -0.07522753]],

       [[-0.10660776,  0.03074497, -0.07692447, -0.09365245,
         -0.11344067],
        [ 0.05590841,  0.02252852, -0.09773262, -0.04531632,
          0.11155799],
        [-0.10885015, -0.01408373,  0.05587834,  0.06964223,
          0.00696014],
        [-0.02092787, -0.11265435,  0.10792922,  0.01858107,
          0.03389852],
        [ 0.01091432,  0.09154857,  0.03532605,  0.09710862,
         -0.03199382]]])
 array([[[-8.51915393e-02, -5.64494201e-02,  1.22259219e-02,
          5.26033409e-02,  3.15545881e-02],
        [ 7.05785594e-02, -8.30937758e-02, -8.35242853e-02,
          1.02655650e-01, -9.48958333e-02],
        [ 5.62133476e-02, -4.19799368e-02,  1.01663485e-01,
         -1.52796296e-03,  3.13425534e-02],
        [-2.24350919e-03,  2.91155025e-02,  3.38426575e-02,
         -7.09438853e-02, -3.08201093e-02],
        [-6.55490116e-02,  5.10180965e-02,  8.23694578e-02,
         -1.01715000e-01,  5.57005491e-02]],

       [[-1.33344695e-02, -2.07017069e-02, -3.59531244e-02,
          1.12423206e-01, -2.51886982e-02],
        [-1.06325631e-01, -6.80991631e-02,  9.79226754e-02,
          5.15849241e-02,  1.68820458e-02],
        [ 2.48782637e-02,  6.43999448e-02, -1.23972783e-02,
          4.44375443e-02,  4.26712257e-02],
        [ 4.79146923e-02,  1.78833968e-02,  7.72303960e-05,
         -8.67463412e-02, -4.77448704e-02],
        [ 2.07465959e-02,  2.21859769e-02, -5.81564695e-02,
         -9.06671313e-02, -1.78171442e-02]],

       [[ 6.44324386e-02, -6.51549962e-02,  2.82001857e-03,
          6.48277570e-02,  9.41757989e-03],
        [-6.77927422e-02,  8.68455561e-02,  1.61564874e-02,
         -1.10766497e-01, -8.66007507e-02],
        [ 1.89563128e-02, -5.97648743e-02,  4.20569445e-02,
          4.39682066e-02,  1.46771270e-02],
        [-1.31372599e-02,  2.16493605e-02, -1.02727603e-02,
         -9.73678230e-02,  1.00232481e-01],
        [ 7.48004112e-02,  5.75705922e-02, -9.63133045e-02,
          1.99752228e-02,  2.65213847e-02]],

       [[-9.47733476e-02, -2.42036440e-02,  1.54961755e-02,
          1.89026866e-02, -1.11525466e-01],
        [-2.13953261e-02,  3.51050353e-02, -1.13270763e-02,
         -8.75392860e-02, -1.06617316e-01],
        [ 4.31765744e-02,  1.40870930e-02, -3.12169334e-02,
          9.72606143e-02, -6.42972839e-02],
        [-1.07759425e-01, -3.74515186e-02, -6.03738674e-03,
         -1.36564929e-02, -6.03209710e-02],
        [ 1.50590254e-02, -2.53095305e-02, -1.39983858e-02,
          5.46087117e-02, -5.12575434e-02]]])
 array([[[ 0.08283339, -0.01189769, -0.10525101,  0.00804606,
         -0.03845247],
        [ 0.10961686, -0.03042781, -0.03384651, -0.09570281,
          0.06274201],
        [ 0.06237796, -0.10255441, -0.01425965,  0.04513502,
          0.04876767],
        [-0.06030152,  0.10224956, -0.09318923,  0.10074524,
          0.07976763],
        [ 0.0956747 ,  0.02954683, -0.083978  , -0.02614696,
          0.02159747]],

       [[ 0.07690702, -0.042831  , -0.09346498, -0.07253826,
          0.10141486],
        [-0.09106005, -0.09546542,  0.06945931,  0.03253954,
         -0.00614852],
        [ 0.0601696 ,  0.0776598 ,  0.06672555,  0.00150896,
         -0.02058456],
        [ 0.00370971,  0.0756211 ,  0.03745969, -0.11257747,
         -0.09125917],
        [-0.01762404,  0.0068344 ,  0.00402255,  0.05214209,
          0.00320489]],

       [[ 0.0608501 ,  0.09368025,  0.01871577, -0.07842196,
          0.00242664],
        [-0.05267311, -0.06119651, -0.07049215,  0.02866464,
          0.00174365],
        [ 0.01127297, -0.01235792, -0.07068392, -0.07928451,
         -0.0930656 ],
        [ 0.08991047, -0.03938615, -0.08562149, -0.09722031,
         -0.02028452],
        [-0.10016332, -0.10604369,  0.00608946,  0.06997692,
          0.09689545]],

       [[-0.00885437,  0.08151397, -0.03370118, -0.09353799,
          0.05030159],
        [ 0.08366768,  0.09643515,  0.00529321, -0.01574227,
         -0.05409891],
        [ 0.07406053,  0.04720468, -0.07820772,  0.06265279,
          0.03089039],
        [-0.06559885,  0.018112  , -0.05210454, -0.08037202,
          0.03459731],
        [ 0.10668172, -0.06345354,  0.03394532,  0.01032198,
          0.02214898]]])
 array([[[-0.01104822, -0.07239386,  0.0716167 ,  0.10530632,
         -0.01683721],
        [ 0.08899682,  0.05060493, -0.10283336, -0.11099455,
         -0.10608388],
        [-0.11327357, -0.02139363, -0.10553295, -0.00555847,
          0.00870433],
        [ 0.07179582, -0.06829058,  0.01099136,  0.01504575,
          0.00805235],
        [ 0.05047009,  0.10101901, -0.0987657 ,  0.10649157,
         -0.04473497]],

       [[-0.07422921, -0.10030044, -0.09417127,  0.01484445,
         -0.10187693],
        [-0.0191404 ,  0.0159093 ,  0.11368554, -0.03921546,
          0.02968187],
        [-0.08151724,  0.04527352,  0.10502855,  0.07929903,
         -0.09223324],
        [-0.06176497, -0.09554823, -0.06664332,  0.08283744,
          0.09102948],
        [ 0.03802744, -0.02253341,  0.08456356, -0.00194636,
         -0.09098054]],

       [[-0.07509187,  0.06308905, -0.07810723,  0.00885019,
         -0.1009127 ],
        [ 0.06013475, -0.05558029,  0.05851125,  0.07701543,
          0.09255145],
        [ 0.0361743 , -0.06084585,  0.06652042,  0.10775457,
          0.05171594],
        [ 0.08877879, -0.00984387, -0.07763779,  0.02428131,
          0.07119917],
        [ 0.00930158,  0.02064149, -0.03829818,  0.0602546 ,
         -0.10093891]],

       [[ 0.07035005, -0.09226974, -0.02447309, -0.01668789,
         -0.02786785],
        [-0.00260221, -0.08860567, -0.04911607,  0.03017158,
         -0.01087494],
        [ 0.06609913, -0.09496195,  0.03384827, -0.03388692,
         -0.08444395],
        [ 0.0280507 ,  0.05501938,  0.0397688 ,  0.00331983,
         -0.03267026],
        [-0.08128418,  0.01818554, -0.07312932, -0.10795775,
          0.01590308]]])
 array([[[ 0.05785506, -0.02247037,  0.02577338,  0.01066191,
          0.06968233],
        [-0.02893031, -0.05339622,  0.06128823, -0.07311553,
         -0.07048858],
        [ 0.06234431, -0.0273698 , -0.04802514,  0.025134  ,
          0.00679896],
        [ 0.04907874,  0.05965065,  0.04215045, -0.02621036,
          0.01714178],
        [-0.02022597, -0.00013636, -0.04263876,  0.05885   ,
         -0.04903442]],

       [[ 0.01355542, -0.01438482,  0.00597022,  0.04460951,
          0.06860213],
        [-0.04932959, -0.01761366,  0.00032086, -0.07055812,
          0.07227109],
        [-0.07575853, -0.05052606,  0.00588446, -0.04088008,
         -0.01497664],
        [-0.04273422, -0.07323126, -0.06250628, -0.05224108,
         -0.00332151],
        [ 0.02727822, -0.01243898, -0.03241767, -0.03238414,
          0.05946286]],

       [[ 0.01632033,  0.04795609, -0.07411163,  0.06342315,
          0.07345464],
        [ 0.0117931 ,  0.03225068,  0.04282901, -0.05495357,
         -0.06838859],
        [-0.06484505, -0.00908354, -0.01445726,  0.04076609,
          0.00241932],
        [ 0.04728645,  0.04012104, -0.00070371,  0.05907507,
         -0.06076104],
        [ 0.05572333,  0.06355859, -0.0417174 , -0.01762334,
          0.01416196]],

       [[ 0.04618295, -0.06829106, -0.02423684,  0.00918421,
         -0.07021314],
        [-0.06658748,  0.05764322, -0.01464219, -0.0751185 ,
          0.07184083],
        [-0.038862  , -0.07653018, -0.02636419, -0.05879396,
         -0.01049528],
        [ 0.06883163,  0.03366969,  0.03758985, -0.0510567 ,
         -0.06155059],
        [-0.05462847,  0.0755587 , -0.00619823, -0.04661269,
          0.00440186]],

       [[-0.05715529,  0.01646658,  0.06852691,  0.06009618,
         -0.06100291],
        [ 0.06306873,  0.07055106,  0.07709809, -0.03412991,
         -0.0473664 ],
        [ 0.00121771,  0.01104806,  0.06406611, -0.03670894,
         -0.0076492 ],
        [ 0.0022392 ,  0.04841574, -0.01343595, -0.06147776,
          0.00709762],
        [ 0.00433844,  0.00769602,  0.0421647 ,  0.07441595,
          0.03237192]],

       [[-0.00752079,  0.00900121, -0.02190881, -0.05874611,
          0.01906627],
        [ 0.06654064,  0.05692004,  0.04312308,  0.07190798,
         -0.02621659],
        [ 0.02758596,  0.03177762, -0.0344635 ,  0.06982239,
          0.04310265],
        [ 0.05931353, -0.02427096, -0.00538411,  0.04074779,
         -0.05150181],
        [-0.06408533, -0.05823591,  0.04599713, -0.01751135,
         -0.03728417]]])][0.012721121295211246, -0.03577448771644055, 0.1473970442624635, -0.14634475935721197, -0.09214382831314943, -0.12389335692336442, -0.10559698886296648, 0.05181650119081645, -0.07107935720754247, -0.06138203586663552, -0.06820345423019619, 0.031890849260568274, -0.007219658440526341, 0.0978244643769801, -0.03043295150585687, 0.05932300986809763]
-----------------------------------------------
[[ 0.28616409 -0.1020006 ]
 [ 0.37771766 -0.28527246]
 [ 0.05307333 -0.3933815 ]
 [-0.03625678 -0.34749089]
 [-0.2595327   0.35409804]
 [-0.06321554 -0.08768284]
 [-0.42362963 -0.35939162]
 [ 0.03934835  0.38329883]
 [ 0.27068753 -0.3905669 ]
 [-0.43186296  0.30589656]
 [ 0.43295943  0.36068502]
 [-0.22259537  0.45625666]
 [-0.36556064 -0.21225836]
 [-0.47807007  0.31441139]
 [-0.01733303 -0.14314796]
 [-0.43049527 -0.15859686]]
-----------------------------------------------
[[[[ 7.45290816e-03 -2.00089536e-02 -1.53377508e-02  1.11664963e-02
    -1.04886570e-02]
   [-1.57904137e-02 -3.62239482e-03 -5.95939559e-03  1.78725498e-02
     1.01585343e-02]
   [ 2.51646486e-03  2.45246366e-02 -2.92582535e-02 -9.96607316e-03
     5.75160776e-03]
   [ 2.00876587e-02  8.97869049e-03 -2.85313827e-02 -2.78396280e-02
    -1.59814733e-02]
   [-1.15920704e-02 -8.62058299e-03  1.12029059e-02 -1.45823578e-03
     2.77731117e-03]]

  [[ 7.20338371e-03 -2.51243154e-02 -5.48465820e-03 -2.77747799e-02
    -4.90631654e-03]
   [ 1.80146868e-02  1.37902481e-02 -1.03686092e-02  2.31179161e-02
     2.77172049e-02]
   [-8.78411389e-04 -1.45684726e-02  2.56053938e-03  2.13382931e-02
    -1.12840404e-02]
   [-2.42006340e-02  2.32308941e-02 -9.23336204e-03  1.42296383e-02
    -2.44758301e-02]
   [-1.68005445e-02  2.46094899e-02  2.49737444e-03  2.81934650e-02
    -1.11494225e-02]]

  [[ 3.83471398e-03 -1.76441356e-02  1.72475559e-02  2.45059388e-02
    -1.67249478e-02]
   [ 1.39097123e-02  6.99061441e-03  2.62963512e-02  1.32275548e-02
    -3.34058723e-03]
   [ 1.20853560e-02 -2.25676235e-02 -1.35414378e-02 -1.54400681e-02
     1.24161030e-02]
   [ 2.70036298e-02 -6.28816111e-03  9.03883972e-03  2.38517866e-02
     4.04863124e-03]
   [ 2.70880808e-02  1.18578928e-02  9.14293981e-03  1.86402080e-02
     1.46524699e-02]]

  ...

  [[ 1.71450405e-02 -2.88219464e-02 -6.39294292e-03 -2.12312089e-02
    -2.35182910e-02]
   [ 1.60022556e-02  2.91893040e-02 -2.71484047e-02 -1.28924294e-02
    -3.37929065e-03]
   [ 1.52658362e-02  2.20366284e-02  2.05415066e-02  8.47065490e-03
    -9.76673812e-03]
   [ 2.33475786e-02 -2.39167867e-02 -3.72194722e-03 -9.92731581e-03
     2.56932377e-02]
   [ 2.66868800e-03 -1.75533076e-02  2.32493190e-03 -2.05401212e-02
     1.27364842e-03]]

  [[-1.69058213e-02 -2.60489225e-02 -2.11186902e-03 -2.19383331e-02
     1.22726879e-02]
   [-8.11082362e-03  1.38887052e-02  1.39387016e-02 -7.85298181e-03
     1.20575735e-02]
   [-2.44861925e-02 -5.28533454e-03  2.60090642e-02  2.30601066e-03
     2.70927406e-02]
   [ 1.20193040e-02 -4.58385367e-03  2.78017150e-02 -1.60845889e-02
     2.30564839e-02]
   [ 5.48929014e-03  1.38551927e-02  5.64396058e-03  1.57912809e-02
    -1.32524494e-02]]

  [[ 2.22294380e-02  1.30628853e-02  2.89425417e-02 -1.81804310e-02
     1.25522470e-02]
   [ 2.58380612e-02 -2.93852531e-02 -2.21698374e-02 -1.21069788e-02
     1.31815681e-02]
   [ 1.51990014e-03  2.01016154e-02  1.79693488e-02 -2.60721896e-02
     1.72103071e-02]
   [ 1.81158547e-02 -2.13351204e-02 -5.71091141e-03  1.80783710e-02
    -1.09496899e-02]
   [-1.68192352e-02  2.87549986e-02  1.43212980e-02  2.17505590e-02
    -8.40623531e-03]]]


 [[[-1.59208903e-02 -2.09161505e-02  1.84590078e-02 -8.39590953e-03
     1.75144468e-02]
   [ 2.36018327e-02  2.90711574e-02 -3.97516306e-03  1.40705826e-02
    -2.85468422e-02]
   [-1.70416299e-02  5.59033682e-03 -4.16859236e-03  9.98743987e-03
    -1.46757033e-02]
   [-2.08929298e-02  1.49500964e-02 -1.60927367e-02 -1.30405884e-02
    -2.43307404e-02]
   [ 1.32940993e-02 -2.65166887e-02 -2.33447908e-02  2.27687173e-02
     2.46061153e-02]]

  [[-1.97552116e-02 -7.62362265e-03  5.50843620e-03 -2.63359810e-02
     4.78829230e-03]
   [ 2.64140647e-02  5.71389936e-03  1.61527937e-03  5.24398792e-03
     5.13516310e-03]
   [ 1.88268312e-02 -1.59010936e-02 -2.27603443e-02  1.77472311e-02
    -2.32811219e-02]
   [-1.75663859e-02 -1.44320685e-02 -2.26328706e-02 -5.30885414e-03
    -1.01641077e-03]
   [-1.73635963e-02  2.71951091e-02  9.50683443e-03 -1.75274771e-02
    -2.62528978e-02]]

  [[ 1.21876239e-02 -2.42380211e-02 -8.26846256e-03 -2.08117962e-02
    -2.28681774e-03]
   [ 2.30614653e-02  2.66877410e-02 -9.58604400e-04 -5.12116928e-03
     5.80816381e-03]
   [ 2.28020977e-02  4.95516413e-03 -1.04147375e-02 -1.98616433e-02
     1.62097896e-02]
   [ 5.20543766e-03  8.70349127e-03  2.54009457e-02  1.00814183e-02
     3.58111994e-03]
   [-2.72003344e-02 -7.68293357e-03  2.40574593e-02  1.53133721e-02
    -8.43530045e-03]]

  ...

  [[-1.66312007e-02 -2.23950585e-02 -5.74525668e-03  1.82387270e-02
     9.97603122e-03]
   [ 1.52515998e-02 -1.40237151e-02 -6.92014993e-03  1.91984351e-02
     7.72050830e-03]
   [-6.42728620e-03  2.07282415e-02  2.68588493e-02  1.17308355e-03
    -2.68737278e-02]
   [ 2.16386038e-02 -1.48466814e-02 -1.68582383e-02 -1.92133022e-02
     2.29339436e-02]
   [ 2.83949703e-02 -4.59000798e-05  2.02122320e-02 -2.90907254e-02
    -6.97021919e-03]]

  [[-1.06049538e-03  1.13995125e-02 -1.25097731e-02  7.84696155e-03
    -1.44646263e-02]
   [ 2.24519191e-02 -1.38951140e-02 -9.96471725e-03  2.17001834e-02
    -1.98353944e-03]
   [ 1.71982190e-02 -2.78363287e-02 -1.98467523e-02 -2.81916421e-03
    -5.92322361e-03]
   [-1.09668324e-02  2.50735986e-02  2.73064704e-02  1.05906562e-02
    -2.62468292e-02]
   [-1.98714691e-02  7.13425295e-03  1.94974022e-02  1.33029834e-02
     1.11509926e-02]]

  [[ 1.07501320e-02 -2.96161868e-02  2.03082238e-02 -1.52501318e-02
     1.84807129e-02]
   [-1.89107389e-02  1.53076170e-02  2.60563144e-02 -1.97580545e-02
    -2.47615258e-02]
   [ 1.11996256e-02  2.68763076e-02  2.50650605e-02 -1.76210945e-02
     4.43348885e-03]
   [ 1.72373809e-02 -2.08354962e-02  1.61119460e-02 -2.60520683e-02
    -2.98719330e-03]
   [ 5.77671590e-03  2.57461372e-03  2.30319957e-03  1.87949781e-02
     4.11412518e-04]]]


 [[[-1.54996084e-02  2.58341478e-02 -1.75570788e-02 -2.85152677e-02
     4.14330819e-03]
   [-2.03292011e-02 -6.41375626e-03  1.81385691e-02 -1.50127873e-02
     1.98191783e-02]
   [-2.34268400e-02 -2.28090058e-02  2.00908684e-03 -2.07595502e-02
     6.66560077e-03]
   [ 1.12167825e-03  1.29214687e-02  2.64729310e-02 -2.45351817e-02
    -8.38758738e-03]
   [ 1.82420188e-03 -2.57757084e-02  1.14387374e-02 -2.19851720e-02
     8.80149543e-03]]

  [[-4.63194106e-03  2.80483761e-02 -1.29822419e-02  1.54871421e-02
    -2.57019134e-02]
   [ 2.15035875e-02  1.45954486e-02 -1.23483471e-02  1.84091128e-02
    -2.74906641e-02]
   [ 1.38468788e-03 -7.27197246e-03  1.75495493e-02 -1.95624326e-02
    -1.94363136e-02]
   [-1.70163922e-02 -1.04653303e-02 -2.69364157e-02 -8.28930992e-03
     9.58299001e-04]
   [ 8.70592548e-03  2.81328240e-02  5.93165560e-03 -9.35619784e-03
     1.05580035e-02]]

  [[ 4.11320200e-03  2.73827321e-02 -8.68616707e-03  2.42033753e-02
     2.56355678e-02]
   [ 2.37326217e-02  8.33937695e-03 -1.48977637e-02 -9.07440666e-03
    -6.14591347e-03]
   [ 1.73664332e-02 -2.03000432e-02  3.83685291e-03 -1.82940046e-02
    -1.25287706e-02]
   [ 2.21597773e-02  1.31117674e-03 -2.63621931e-02 -1.86935931e-02
     6.17095465e-03]
   [ 2.23069215e-02 -1.84634077e-02 -1.17911063e-02 -1.87908229e-02
     6.03508915e-04]]

  ...

  [[-7.41391110e-03 -2.24947242e-02  2.81957723e-02  2.19951708e-02
    -1.74119351e-02]
   [-2.54120335e-03  1.63961256e-02 -2.25630278e-02  1.98006219e-02
     1.34173664e-02]
   [-4.12461516e-03  8.13930118e-03 -3.90067385e-03  2.61146702e-02
     1.62349185e-02]
   [-2.85765045e-02  7.38736590e-03  9.67431485e-03 -8.14299981e-03
     1.12463155e-02]
   [ 2.93784591e-02 -8.98719832e-03 -1.60046780e-02  1.26967372e-02
     1.02661849e-02]]

  [[-2.10578130e-02 -1.30232552e-02 -5.63648426e-03 -2.34391426e-02
     1.52508139e-02]
   [ 1.05335937e-02 -1.70303915e-02 -7.35232105e-03  2.20051131e-02
     1.76604275e-02]
   [-3.87526123e-03 -1.02791974e-02 -1.34692095e-04  1.15245510e-02
    -7.40339509e-03]
   [ 6.63089590e-04  1.28734244e-02  1.04215941e-02 -2.51066617e-02
    -1.82882779e-02]
   [-1.30884088e-02  3.27749504e-03  2.86662309e-02 -1.01366820e-03
    -4.10512339e-03]]

  [[ 5.48273351e-03 -2.62651677e-02  2.74260486e-02 -2.25044893e-02
     1.86185811e-02]
   [ 2.07630152e-03  6.69132017e-03 -2.49959072e-02 -9.43010936e-03
     8.21312488e-03]
   [ 5.06690530e-03  1.97630604e-03 -6.47477960e-03 -1.41586613e-02
    -1.64291489e-02]
   [-8.66275954e-04 -1.34921945e-02  6.66798991e-03 -2.23702617e-02
     2.88934815e-02]
   [ 2.05372266e-02 -6.22064003e-03 -2.46110770e-02 -5.64430081e-03
     1.79755383e-02]]]


 ...


 [[[-9.20539159e-03 -5.00452959e-03 -1.43180812e-02  1.23070261e-02
    -2.20057175e-02]
   [-1.95887238e-02  1.19215679e-02  1.17058960e-02 -1.58792568e-03
    -1.14528073e-02]
   [-2.41973576e-02 -1.97603611e-02  3.21857463e-03  1.56950918e-02
     1.73739619e-02]
   [-1.46060920e-02 -1.74189906e-02  1.24182599e-02 -2.26209925e-02
     3.48506319e-03]
   [-1.23645224e-02 -1.42856993e-02  4.04037139e-03  1.68513354e-02
     9.89089123e-03]]

  [[ 2.34542621e-02 -5.07535716e-04 -1.18946218e-02 -8.93268415e-03
     1.72831219e-02]
   [-2.06130426e-02 -9.00647331e-03  1.50796071e-02 -1.50920694e-02
    -2.50296385e-02]
   [-1.16158034e-02 -2.73392211e-03 -1.40679061e-02 -6.88243859e-03
    -7.57467186e-03]
   [ 1.65853706e-02  1.16630538e-02  1.41836861e-02  2.60022181e-02
     5.28549023e-04]
   [-2.50343465e-02 -2.04581602e-02 -2.89903666e-02 -2.27620700e-02
     1.53353634e-02]]

  [[-4.61876566e-03  1.64353223e-02 -1.49034387e-02  2.02661076e-02
     2.60249254e-02]
   [-2.87334596e-02 -1.23632570e-02  2.06876637e-02 -1.45330755e-02
    -1.10087663e-02]
   [ 2.53377144e-02  1.90706167e-02  1.96977151e-02 -2.81077292e-02
     3.90820575e-03]
   [ 1.96192403e-02 -2.73133145e-02 -7.14271121e-03  1.00185886e-02
    -7.26974677e-03]
   [ 1.26887390e-02  8.17669204e-03  1.85179045e-02  4.31842936e-03
    -1.60278284e-02]]

  ...

  [[ 1.40437498e-02  2.95964107e-02  2.16498630e-03  8.06015518e-03
     4.15216427e-03]
   [-1.68565585e-02  1.40643990e-02  2.29284448e-02  2.77993307e-04
    -1.05566718e-02]
   [ 5.94496880e-03  1.79849138e-02  1.50800037e-02 -1.81864967e-02
    -4.29142507e-03]
   [ 2.09340759e-02  9.15649580e-04 -8.85694701e-03  2.10097426e-02
    -2.50876857e-02]
   [ 1.36485795e-03  2.83893709e-03  1.67829894e-03  1.34712784e-02
     1.81716503e-02]]

  [[-1.68875581e-03  2.04330458e-02  2.34147794e-02 -2.80147502e-02
    -1.64240481e-02]
   [-1.25597562e-02  2.01245289e-02 -1.46956531e-02 -2.00385853e-03
    -1.00869935e-04]
   [-5.39667985e-03  2.54901455e-02  2.39345086e-02  2.67484603e-02
     9.29311341e-04]
   [ 2.59543589e-02 -2.09143120e-02 -2.31523056e-02 -2.04736227e-02
     2.80303917e-02]
   [ 1.32423106e-02  1.80771347e-02 -5.02554931e-03  2.66542074e-02
    -2.88722711e-02]]

  [[ 9.00174120e-03 -2.85870432e-03 -2.52487682e-02 -1.36884985e-02
    -1.62331830e-02]
   [ 1.68626618e-03 -1.14465475e-02 -1.68607801e-02  5.81237723e-03
     1.87320819e-02]
   [-2.36401537e-02 -1.02927177e-02 -9.86781678e-03  8.67470076e-03
    -4.53902522e-03]
   [ 2.78796352e-02  2.55584103e-02  1.96828415e-02  2.68786295e-02
     1.88360191e-02]
   [-7.87800648e-03 -1.25374128e-02 -2.47976562e-02 -2.14877322e-02
    -2.17265549e-02]]]


 [[[-2.76076692e-02 -1.69015051e-02 -4.98366081e-03  8.43898412e-03
    -9.69759837e-03]
   [ 2.81319126e-02  2.47745134e-02 -5.49554750e-03 -2.21734774e-02
     1.96509905e-02]
   [-6.87300386e-04  1.25638645e-03 -2.48076762e-02 -3.04987380e-03
    -9.88100778e-03]
   [ 8.44311948e-03 -8.68711649e-04  2.70363366e-03  4.24103099e-03
    -4.39044583e-03]
   [ 1.54149659e-02 -1.96208631e-02 -1.95809134e-02  2.16844956e-02
     1.20852529e-02]]

  [[ 7.46627610e-03 -4.82070977e-03 -2.68692034e-02 -8.92494061e-03
    -2.28723458e-02]
   [-1.25263755e-02  5.30605438e-03  1.37362903e-02  7.56117650e-03
     2.51820495e-02]
   [ 1.75027878e-02  7.89677083e-03 -4.45421119e-03  3.87501213e-03
     8.39215218e-03]
   [ 1.61227593e-02 -1.50562328e-02 -7.72073229e-04  1.75613136e-02
    -1.51867578e-02]
   [ 1.85918105e-03 -7.79904353e-03 -2.02507616e-03  1.22777982e-02
     7.15979963e-03]]

  [[-4.42565821e-05  2.81033697e-02 -1.05450233e-02 -8.81470430e-05
    -9.71810037e-05]
   [ 1.32668426e-02  1.09598671e-02 -3.88334756e-03 -5.61886344e-03
    -3.20614435e-03]
   [-2.58721061e-02 -6.79061731e-04 -1.20913928e-02  2.65154574e-02
     2.48909400e-02]
   [-2.29995593e-02  2.41608709e-02 -5.45258454e-03 -3.95899990e-03
    -1.18430339e-02]
   [ 8.20465742e-03  1.90607257e-02 -2.00625576e-02  2.68833216e-02
     5.49328539e-03]]

  ...

  [[ 1.32734420e-02  1.13702745e-02  2.59156870e-02 -1.89245235e-03
    -2.83267731e-02]
   [ 7.98252905e-03  8.17799460e-03  2.35415757e-02 -2.75830515e-02
    -1.67846189e-02]
   [-9.54586249e-03 -2.68509311e-02 -2.74929021e-02 -1.24589315e-02
     2.61397121e-02]
   [-2.25480918e-02 -9.65122336e-03 -2.89831055e-02  6.71988300e-03
     1.50743559e-02]
   [ 9.03901774e-03  1.68765699e-02 -2.69535711e-02  2.32354159e-02
    -1.23100892e-02]]

  [[-2.87631558e-02  8.73489451e-03  1.05564391e-02 -2.81740760e-02
     1.80278688e-02]
   [-1.67209155e-02  1.22768512e-02 -1.69633711e-02 -1.95181447e-02
     3.44843746e-03]
   [-1.78740948e-02  5.89017475e-03 -9.27094123e-03 -2.37786984e-02
    -9.03386247e-04]
   [-2.69897664e-02  1.83878476e-02  7.89734085e-03 -9.23319044e-04
     6.77571941e-03]
   [-1.31319432e-02 -2.08783697e-02 -1.14722265e-02 -9.13801462e-03
     8.05193370e-03]]

  [[ 7.05853320e-03  3.70459621e-03 -2.14915594e-02 -2.73646155e-03
     7.95326072e-03]
   [ 2.11308620e-02  1.40082074e-02 -1.18473068e-02  1.75985903e-02
     1.45218198e-03]
   [-4.02962582e-03  2.95257460e-02 -2.73273445e-02 -7.94879860e-03
    -1.30505568e-02]
   [-2.19297454e-03  2.12894258e-02  1.27759392e-02 -4.24609923e-03
     7.78383797e-03]
   [-1.15324098e-02 -5.70957674e-03  2.45118850e-02  1.16191346e-02
     5.91316829e-04]]]


 [[[-1.24756083e-02  2.85405856e-02 -3.95196786e-03  2.23104475e-02
     1.63775941e-02]
   [ 2.68797242e-02  9.43989045e-04  2.30398844e-02 -1.40231340e-03
    -9.71741292e-03]
   [ 3.22836885e-03  1.12709427e-02 -1.16897076e-02 -4.93718633e-03
    -1.91890774e-02]
   [-2.15791971e-02 -2.47305892e-02  1.17527120e-02 -2.30232876e-02
     2.19146269e-03]
   [ 1.67716616e-02 -2.58406966e-02  7.45302372e-03 -1.40324740e-02
    -2.33805435e-02]]

  [[ 1.29980357e-02  2.95488352e-02  1.79621164e-02  2.64500016e-02
     1.15431748e-02]
   [ 1.59511187e-02 -2.06661483e-02  9.72824682e-03  1.03970892e-02
     1.57384955e-02]
   [-2.10818215e-02 -9.95117529e-03 -1.32779167e-02 -8.60897016e-03
    -1.83012746e-02]
   [ 1.81815318e-02 -8.97882987e-03  2.59151742e-02 -2.68048999e-02
    -1.60485505e-02]
   [-2.94751163e-02 -2.11389184e-02  2.47226427e-02  2.20707742e-02
     1.35085777e-02]]

  [[-1.30771856e-02  1.97747924e-02 -1.43893328e-02  2.74854454e-02
    -6.03241206e-03]
   [ 1.47952022e-02 -2.35046790e-02 -1.76063580e-02  2.34040764e-02
     2.05498125e-02]
   [ 1.53201338e-02 -7.11677722e-03  1.92284337e-02 -2.04589520e-02
    -2.47057473e-02]
   [-2.46721714e-02 -1.90591456e-02 -8.15594146e-03 -2.07418995e-02
    -1.82049787e-02]
   [-2.79618311e-02 -2.01681652e-02 -3.22412662e-03  6.30601969e-03
    -2.34439806e-02]]

  ...

  [[-1.27968219e-03  5.37330922e-04  2.07591670e-02  1.68242045e-02
     6.05154475e-03]
   [-1.91946488e-02 -2.93487346e-02  2.11692372e-03  1.09683858e-02
     3.28833512e-03]
   [ 2.33406488e-02  2.25036158e-02  2.32231764e-02  8.36929365e-03
     1.32584949e-02]
   [ 1.35345270e-02  2.06548070e-02 -8.12646000e-03  2.63988206e-02
     9.23623919e-03]
   [ 2.75768594e-02  1.00720021e-02 -2.07546375e-02 -9.72771051e-03
     1.38941031e-02]]

  [[-2.17046717e-02 -1.04075178e-02  6.87829133e-03 -1.04490893e-02
     1.67932542e-02]
   [ 1.31072092e-02 -1.14070799e-02 -1.00664541e-02 -3.03058952e-03
    -1.48624545e-03]
   [ 1.48050256e-02  7.08484491e-03  1.08187885e-02  2.16539918e-02
     2.28058675e-02]
   [-2.39347583e-02 -2.59976423e-02  2.86097622e-02  1.15134041e-02
     2.72138095e-03]
   [-1.48355871e-03  2.95920435e-02 -2.85953192e-02 -6.15248851e-03
    -1.00423073e-03]]

  [[ 2.20346312e-02 -7.76911238e-03  5.80589949e-03  2.57096809e-03
     2.92120162e-02]
   [ 2.70652281e-02  2.05214664e-02 -1.38873073e-02  5.28589545e-03
    -1.32355943e-02]
   [-1.49390015e-02 -1.11919652e-02 -2.32490723e-02 -1.14796854e-02
    -1.71949715e-02]
   [-3.74993966e-03 -1.98841008e-02  5.42679504e-03  1.64744771e-02
    -9.18931835e-03]
   [ 1.69008123e-02 -4.14822568e-03  1.39005926e-02  5.28526043e-03
     1.22577975e-02]]]][-0.02892365103003355, -0.02251194929315148, -0.010671275096318277, -0.019609875875038645, -0.02669794709168705, 0.002248232473001082, -0.02157665774373463, 0.00758541248300874, 0.022655835650549284, 0.024193025994635072, 0.011920844358768865, -0.005131437344346224, 0.023826033047119995, -0.02900713050182037, -0.013915553244552424, -0.0014782254913320754, 0.022280841400130928, -0.020029089762305413, 0.02221068282083413, 0.007798424470214987, -0.003860824734202968, -0.0017286106367187352, -0.005241819371865974, 0.010716354978103342, -0.0009110046213439901, -0.012949480395316102, 0.002769568511037209, 0.015555887359396479, 0.026523034122198568, 0.0018507170296153917, 0.015252627321147513, -0.011699776539685302, 0.004922941505749682, -0.007943910169237439, 0.00493459711513675, -0.0096057091628717, 0.021096225518048014, -0.02662912286196806, 0.016224115610396512, 0.02522090259513954, -0.00930300123548023, 0.01611463030892347, -0.016628207872421915, -0.016337911914594095, 0.001175382308972614, -0.006870488560277509, 0.0234724010824845, 0.0025723026577623882, 0.028211307921103334, 0.01634531951632028, -0.010298102910559992, -0.02747050195161638, -0.003228724919128626, -0.004625888120066146, 0.0284298962471092, 0.014799488277103454, 0.007449360175510348, 0.02136790839617483, 0.015438421527892241, 0.018485365164216904, 0.010305013682784959, -0.012269177362435605, 0.0005733617944588126, -0.003380417722279507, 0.007718708259164413, -0.022678324582014086, 0.011259062604099052, 0.021490552576659428, 0.019731098247959534, -0.0198928005712284, -0.025547347124051868, 0.0008509559802638393, 0.020730416691978785, 0.0003205377282651245, -0.011962193516463403, -0.012336378701200273, -0.00036394995757125376, 0.021773663063296204, 0.004834241492852328, 0.002841577999071778, -0.0236200314350222, -0.010146280081812106, -0.004758116124547431, 0.012841364283236598, 0.02471097095336704, -0.007902788334494783, -0.00014332723598831781, -0.023544922301191568, -0.005211559432166571, -0.02481446015414439, 0.01577641707394947, 0.015345681026370853, 0.027593938604218802, 0.022145275281479946, -0.0231607488104766, 0.01232309568723321, -0.01046476077075317, -0.02645112144580371, -0.01765285357026339, -0.009147035665133259, -0.014521546661731556, -0.01903407003848793, -0.026688262018250426, 0.027764715577210424, -0.02082149440985879, 0.018767883963990557, 0.025756374564759456, 0.012299972074487239, 0.02334885662541601, 0.009737470603376711, 0.004553926121961611, -0.020864751475493343, -0.01728567251478404, 0.011729830930222177, -0.028814488208118515, 0.019002835674902536, 0.01582874535515023, -0.02596885425843324, -0.012253468056225673, 0.004385198062791005]
-----------------------------------------------
[[-0.00564958 -0.01639763  0.01825974 ... -0.01364824  0.00512966
  -0.01257347]
 [-0.00078244  0.01676573 -0.0006703  ...  0.01048412 -0.00633576
  -0.00845733]
 [ 0.01193371 -0.01338081 -0.01223683 ... -0.00709626  0.00611329
   0.00855693]
 ...
 [ 0.01698366  0.00234505  0.00574392 ... -0.00116443  0.01457966
  -0.01672615]
 [-0.01881275 -0.01189626 -0.01248377 ...  0.01447181 -0.0187371
  -0.01549383]
 [ 0.01720403 -0.0034301  -0.01490167 ... -0.00529394  0.00582422
   0.01006786]][ 0.01282708  0.01201988 -0.01228421  0.01916184 -0.01458341  0.00430696
  0.01821119  0.00467496 -0.0011666   0.01650181 -0.01838017 -0.00857474
  0.01262879 -0.01166349  0.01574573  0.01769834 -0.01798416  0.0113381
  0.0143019  -0.00266761 -0.0024399  -0.01534811 -0.01931778 -0.01004123
 -0.01768638 -0.01528433 -0.01794171 -0.01224883 -0.00658342  0.00793791
  0.00845673  0.00147895 -0.01663805  0.00328961  0.01650325 -0.01939255
  0.00230524  0.00114433 -0.00522671  0.01307134  0.01392557  0.0159066
 -0.00715322  0.00504664  0.01484954 -0.00043923 -0.00341224 -0.01951962
 -0.01965116  0.01597044  0.01831207 -0.00316836 -0.00628717 -0.01582575
 -0.01493151  0.01788203  0.00082038 -0.00072016 -0.00876678  0.01723876
 -0.00362003 -0.01470662  0.01580187  0.00673067 -0.00914839  0.00226982
  0.01686808 -0.00599933  0.01265333  0.00493989  0.00595187 -0.0049064
  0.00069647 -0.016906    0.00148649  0.01344705  0.01702612 -0.00612963
 -0.01277893  0.01314943 -0.01188151 -0.00181862 -0.00399333  0.01942603]
-----------------------------------------------
[[-1. -1. -1. -1. -1. -1.  1. -1.  1. -1.  1.  1. -1.  1. -1. -1. -1.  1.
  -1. -1.  1. -1. -1.  1.  1. -1. -1. -1. -1.  1.  1.  1. -1.  1.  1.  1.
   1.  1.  1. -1. -1. -1. -1. -1.  1. -1.  1.  1.  1.  1.  1.  1. -1. -1.
  -1. -1.  1.  1. -1.  1. -1. -1. -1.  1. -1. -1. -1.  1. -1. -1. -1. -1.
  -1.  1.  1. -1.  1. -1.  1. -1.  1. -1.  1.  1.]
 [-1. -1. -1.  1.  1. -1.  1. -1.  1. -1. -1. -1. -1. -1.  1.  1.  1. -1.
  -1. -1. -1. -1.  1. -1.  1. -1. -1.  1. -1. -1.  1. -1.  1.  1.  1.  1.
  -1.  1. -1. -1.  1. -1. -1.  1. -1.  1.  1.  1.  1.  1.  1. -1.  1.  1.
   1.  1.  1. -1. -1.  1.  1.  1. -1. -1. -1.  1.  1. -1. -1.  1. -1. -1.
  -1. -1. -1. -1. -1.  1. -1. -1. -1.  1. -1. -1.]
 [-1.  1. -1.  1.  1. -1. -1. -1.  1.  1. -1.  1. -1. -1. -1.  1. -1. -1.
   1.  1. -1. -1.  1.  1.  1.  1.  1.  1. -1.  1.  1.  1. -1. -1.  1.  1.
  -1.  1.  1.  1.  1. -1.  1. -1. -1. -1. -1. -1.  1.  1.  1.  1. -1. -1.
   1. -1. -1.  1.  1.  1. -1. -1. -1. -1.  1. -1.  1.  1. -1. -1. -1. -1.
   1.  1. -1.  1.  1.  1. -1.  1.  1.  1. -1.  1.]
 [-1.  1.  1.  1.  1.  1.  1. -1.  1.  1.  1.  1. -1. -1.  1.  1.  1.  1.
  -1.  1.  1. -1. -1. -1. -1.  1. -1.  1.  1.  1. -1.  1. -1.  1.  1. -1.
   1.  1.  1. -1. -1. -1.  1.  1. -1. -1. -1.  1. -1. -1. -1.  1.  1. -1.
  -1.  1.  1.  1.  1. -1.  1.  1. -1.  1. -1.  1.  1. -1. -1.  1. -1.  1.
  -1. -1. -1. -1. -1. -1.  1.  1. -1. -1. -1. -1.]
 [ 1.  1. -1.  1. -1.  1.  1.  1.  1.  1.  1. -1.  1. -1.  1. -1.  1.  1.
   1. -1.  1. -1. -1. -1.  1. -1.  1. -1.  1. -1.  1. -1. -1.  1.  1.  1.
   1.  1. -1. -1. -1. -1.  1.  1.  1.  1.  1.  1.  1.  1. -1. -1. -1.  1.
   1. -1.  1.  1.  1.  1. -1. -1. -1. -1.  1. -1. -1.  1.  1. -1.  1. -1.
   1. -1. -1. -1.  1.  1.  1.  1.  1.  1.  1. -1.]
 [ 1.  1. -1.  1. -1. -1. -1. -1. -1. -1. -1. -1. -1.  1. -1. -1.  1.  1.
   1. -1.  1. -1.  1.  1. -1. -1. -1. -1.  1.  1. -1.  1.  1.  1. -1.  1.
  -1. -1. -1. -1.  1.  1. -1.  1. -1.  1. -1.  1. -1. -1. -1. -1. -1.  1.
  -1. -1.  1. -1.  1.  1.  1. -1. -1.  1.  1. -1.  1. -1. -1.  1.  1. -1.
   1.  1.  1.  1.  1.  1. -1.  1.  1. -1. -1. -1.]
 [-1. -1.  1.  1. -1. -1. -1. -1. -1.  1. -1. -1. -1. -1.  1.  1.  1. -1.
   1.  1.  1. -1. -1.  1.  1. -1. -1.  1.  1. -1. -1.  1. -1.  1. -1.  1.
   1. -1.  1.  1. -1.  1. -1.  1.  1.  1. -1. -1. -1.  1.  1.  1.  1. -1.
  -1. -1. -1.  1. -1.  1. -1.  1.  1.  1.  1. -1. -1. -1.  1.  1.  1. -1.
   1. -1.  1. -1. -1.  1. -1.  1. -1. -1.  1.  1.]
 [ 1. -1. -1. -1. -1. -1. -1.  1.  1.  1.  1.  1.  1.  1. -1. -1. -1. -1.
  -1.  1. -1.  1.  1. -1. -1.  1.  1.  1. -1. -1.  1. -1.  1.  1. -1. -1.
  -1. -1. -1. -1. -1.  1. -1.  1. -1. -1.  1. -1.  1. -1. -1.  1. -1. -1.
  -1. -1.  1. -1.  1.  1.  1.  1. -1.  1.  1. -1.  1.  1.  1. -1. -1.  1.
   1.  1. -1.  1.  1. -1.  1.  1.  1. -1. -1.  1.]
 [ 1. -1. -1.  1. -1.  1. -1. -1.  1.  1.  1. -1.  1.  1. -1.  1. -1. -1.
   1.  1. -1.  1. -1. -1.  1. -1.  1. -1. -1. -1.  1. -1. -1. -1. -1. -1.
  -1. -1. -1. -1. -1. -1.  1.  1. -1. -1. -1. -1.  1. -1.  1. -1.  1. -1.
  -1. -1.  1. -1.  1. -1.  1.  1.  1.  1.  1.  1.  1.  1. -1. -1. -1. -1.
   1. -1. -1.  1. -1.  1. -1. -1.  1. -1.  1.  1.]
 [-1.  1. -1.  1.  1.  1.  1. -1.  1. -1.  1.  1.  1.  1. -1.  1.  1.  1.
  -1.  1. -1.  1.  1.  1.  1. -1. -1. -1.  1. -1.  1. -1.  1. -1. -1. -1.
   1.  1.  1.  1. -1. -1. -1. -1. -1.  1. -1.  1. -1. -1.  1.  1. -1.  1.
   1.  1. -1. -1. -1.  1.  1.  1. -1.  1. -1.  1.  1.  1. -1.  1. -1.  1.
   1.  1. -1. -1. -1.  1.  1. -1. -1. -1.  1.  1.]]
-----------------------------------------------
