[[[[ 0.10238123  0.2828325   0.14780687 -0.0279878   0.37028297]
   [ 0.27246196  0.35825737  0.34586325 -0.27606787  0.06538347]
   [-0.08113162 -0.20821418  0.35567797  0.18044848 -0.35852354]
   [ 0.08421834 -0.3938876   0.31154088  0.108782   -0.33299473]
   [-0.07372954 -0.18219043  0.22925736 -0.25854451  0.29057586]]]


 [[[-0.319254   -0.14611325 -0.06159947  0.30107155  0.23254141]
   [-0.19560978  0.11833892  0.03740637  0.35996194 -0.2284255 ]
   [-0.07182397 -0.21454807  0.06519684  0.237896   -0.32222065]
   [ 0.26899737  0.17316596 -0.07847589 -0.19887215  0.07876292]
   [ 0.06847546  0.28495331 -0.05354742 -0.24617893  0.31479972]]]


 [[[-0.23583964 -0.38407997  0.03289675  0.37663581 -0.1905477 ]
   [ 0.04718372 -0.39116673  0.11940569 -0.03135466 -0.16271301]
   [-0.02827652  0.20161888 -0.25360074 -0.38151543 -0.39011977]
   [-0.09481686  0.25398198 -0.19845847 -0.39671081 -0.34001454]
   [-0.12911067  0.0251859   0.22417625 -0.18008961  0.36460842]]]


 [[[-0.14087338  0.11707106 -0.21602131  0.29645167  0.28403835]
   [-0.09201456 -0.23353695 -0.28770267  0.05797933 -0.03354892]
   [-0.15772185 -0.29201019  0.29010748  0.0410102  -0.10188487]
   [ 0.37801816  0.16326232 -0.35781546 -0.13297323 -0.2740041 ]
   [ 0.32265704 -0.26645107 -0.13562646 -0.11165793 -0.17416889]]]


 [[[-0.03007913 -0.14923118  0.1525323  -0.39902216 -0.23519827]
   [-0.37330024 -0.1383983  -0.13453324 -0.06952383 -0.00412094]
   [-0.16710715  0.11436191 -0.39360569 -0.10873689 -0.21061203]
   [ 0.22773246  0.3223231  -0.35654402 -0.33202717 -0.24200143]
   [ 0.10512872  0.31624619 -0.15078957  0.21111097  0.37361158]]]


 [[[-0.39249824  0.2262373   0.06116397 -0.20400403  0.06755263]
   [-0.18999189  0.32676478 -0.0659884  -0.24546569  0.27518506]
   [ 0.05871128 -0.22692492  0.01838508  0.1523687   0.01447863]
   [ 0.37608782  0.33942591 -0.27042193 -0.16024066  0.29454372]
   [ 0.15487726  0.00419335 -0.27571111  0.34737916  0.19078043]]]][-0.10485268734625242, 0.37680239793541165, 0.09845367719704373, 0.11017814151512101, 0.2725765948263546, 0.3017213067752909]
-----------------------------------------------
[[ 0.33819493 -0.23466009]
 [-0.02412666  0.04524023]
 [ 0.45944529 -0.22370417]
 [-0.34969068 -0.03034536]
 [ 0.17011155  0.23978378]
 [-0.06018475  0.00688706]]
-----------------------------------------------
[array([[[ 0.06308328, -0.035923  , -0.10362824, -0.07930852,
         -0.01374514],
        [-0.0240333 , -0.13690123, -0.09655258, -0.01398721,
         -0.01234877],
        [ 0.02994578, -0.04829799,  0.09455559,  0.06264812,
          0.12926933],
        [-0.05047946,  0.11588262, -0.01432854,  0.04462605,
         -0.05046527],
        [-0.14740607, -0.09124143, -0.05578784, -0.03389759,
         -0.06281029]],

       [[ 0.04655379, -0.06146321, -0.06064075, -0.03940426,
         -0.13773091],
        [ 0.11577793,  0.05558495, -0.13607937,  0.08562562,
          0.14723938],
        [ 0.11838734, -0.14210223, -0.05336785, -0.06045187,
         -0.07486256],
        [ 0.11499072,  0.14897698,  0.08168699,  0.06342651,
         -0.11523818],
        [ 0.13750627,  0.0353002 ,  0.06670841, -0.10268625,
         -0.13366676]],

       [[-0.09151449,  0.12431252, -0.07056299, -0.1481959 ,
          0.14036892],
        [ 0.02622453,  0.130542  ,  0.12850553,  0.1072097 ,
         -0.07370476],
        [-0.05066323,  0.0252971 , -0.06352761,  0.07393217,
         -0.06183874],
        [-0.03120971,  0.09576176,  0.02636137, -0.02998745,
          0.02853293],
        [-0.09303553, -0.12819868,  0.14157256,  0.08987442,
         -0.02681602]]])
 array([[[-0.09792925, -0.11508326,  0.02721669,  0.13754045,
         -0.03670667],
        [-0.03431248, -0.14768806, -0.13760675, -0.05345015,
         -0.04902071],
        [-0.00909253,  0.13514036, -0.08708954,  0.1253061 ,
          0.10430473],
        [ 0.05870858, -0.11874385, -0.08180092, -0.02229616,
         -0.14979787],
        [ 0.00346449,  0.11732712,  0.01539052, -0.04175488,
          0.03387621]],

       [[-0.11627158, -0.12817294,  0.05253997,  0.02479323,
         -0.04354154],
        [ 0.03582246,  0.0150883 ,  0.01737182,  0.01407058,
          0.08190758],
        [-0.10478174,  0.07546516,  0.11369177, -0.07190008,
         -0.05072468],
        [-0.13924912,  0.10016661,  0.06379815,  0.08305964,
          0.0551085 ],
        [ 0.03803429,  0.09423563,  0.05771246, -0.0973857 ,
         -0.00961045]],

       [[ 0.11517851,  0.14470806,  0.06456013,  0.14320441,
          0.13620231],
        [-0.1406777 ,  0.0356296 , -0.0469366 , -0.09085477,
          0.14661841],
        [-0.09908087,  0.14449755, -0.06749049, -0.02536211,
          0.05952517],
        [-0.08960704, -0.11807736, -0.12086929,  0.03745646,
          0.01549475],
        [-0.11403143, -0.04925197, -0.13781693, -0.03499338,
         -0.00865355]]])
 array([[[-0.1097754 , -0.08260056,  0.13751593,  0.02054004,
         -0.14112991],
        [-0.12028366, -0.05943827,  0.08911366,  0.04325708,
         -0.14842489],
        [-0.0253597 , -0.00669141,  0.06717321,  0.14926496,
          0.02344282],
        [-0.01105956,  0.00992208, -0.0796137 , -0.03022625,
         -0.07050556],
        [ 0.05064548,  0.09321346,  0.09110792,  0.12311067,
          0.14701952]],

       [[ 0.0609277 ,  0.09272404,  0.03029106,  0.08588849,
         -0.05061405],
        [ 0.09972912, -0.12048692,  0.11898185, -0.12146624,
         -0.08577067],
        [ 0.10504918, -0.03334114, -0.10306985,  0.01450688,
          0.1471226 ],
        [ 0.05341172, -0.13340462, -0.11890622, -0.01155301,
          0.07309768],
        [-0.06379048,  0.01174581, -0.05477518,  0.02321418,
          0.03668661]],

       [[-0.09837177, -0.14367806,  0.12140358, -0.13272152,
          0.10766322],
        [-0.13228447,  0.12903325, -0.14766359, -0.0504178 ,
         -0.02071716],
        [ 0.00811105,  0.00951073, -0.09768443, -0.09956051,
          0.09014578],
        [-0.06953787, -0.04243593,  0.03435143, -0.11552007,
          0.02858695],
        [ 0.13653894, -0.10951524, -0.14550413, -0.02700664,
          0.05304128]]])
 array([[[ 0.12858743,  0.03431031, -0.02038898,  0.11021169,
          0.02098498],
        [-0.0678694 ,  0.00677252, -0.12929415,  0.08282064,
         -0.01155478],
        [-0.13990932,  0.11066516,  0.11093155, -0.04904782,
         -0.118792  ],
        [-0.12778422, -0.10682977, -0.13547251,  0.09465068,
          0.13370222],
        [-0.13611532,  0.13669286,  0.08918291,  0.04148195,
          0.03623383]],

       [[ 0.05366319,  0.10693713, -0.01619238, -0.12325538,
          0.05330003],
        [ 0.14169468, -0.099909  , -0.07891488, -0.03255515,
          0.06194471],
        [-0.02327932,  0.01432173,  0.02774318,  0.06904429,
         -0.08289225],
        [ 0.14406135, -0.01583351,  0.02727208, -0.1424866 ,
         -0.13992978],
        [-0.09790343,  0.10361679,  0.0850756 ,  0.09955983,
          0.08018062]],

       [[-0.05717407,  0.05653387,  0.02461224,  0.11802681,
          0.1491789 ],
        [-0.12512729,  0.12217048,  0.05829725,  0.00539414,
         -0.03453539],
        [-0.13427633, -0.05538152, -0.06635092,  0.08723816,
         -0.08629338],
        [-0.0046525 ,  0.1135785 , -0.12551135,  0.10039952,
          0.12375622],
        [ 0.11832755,  0.04195567, -0.11656729, -0.03920182,
          0.1385804 ]]])
 array([[[-0.00127444,  0.07054088, -0.09478944,  0.11115257,
         -0.13421558],
        [-0.03500091,  0.04751415, -0.06791515, -0.11662397,
          0.05679107],
        [-0.0023421 , -0.14084006, -0.00447819,  0.06041865,
          0.07841103],
        [-0.05627093, -0.07522949,  0.04723433,  0.01866384,
          0.09354599],
        [ 0.05161578, -0.09754678,  0.02012901,  0.08490016,
          0.14585558]],

       [[-0.01424026, -0.12893226, -0.07530615, -0.00097737,
         -0.13300712],
        [-0.14012778,  0.01048201, -0.05377833, -0.10098881,
          0.06646276],
        [-0.06512133, -0.00780876, -0.07712622,  0.02557966,
          0.06481411],
        [ 0.03601476, -0.06472271, -0.0765137 , -0.02997246,
         -0.08357398],
        [-0.06770707, -0.14700489, -0.03554468,  0.01106298,
          0.06764282]],

       [[ 0.02946846,  0.09008316, -0.14869039, -0.14130239,
          0.12864505],
        [ 0.02464465, -0.05519558,  0.0688427 , -0.01619536,
          0.01788443],
        [ 0.11095651,  0.08037007,  0.11327258, -0.13700722,
          0.01114408],
        [-0.08293952, -0.09431079, -0.06200695,  0.0037619 ,
         -0.11958522],
        [ 0.13584374,  0.03572631, -0.08355887, -0.11689762,
          0.11742635]]])
 array([[[ 0.08883439, -0.1395247 , -0.01379154, -0.12314843,
         -0.02811194],
        [-0.12425915, -0.06044155,  0.09074386,  0.13924622,
          0.09197739],
        [-0.09491781,  0.1079888 , -0.0692718 ,  0.07575411,
          0.01879754],
        [ 0.13000447,  0.02240118,  0.07688497,  0.05541619,
         -0.08204376],
        [ 0.01343161, -0.00113417, -0.01401372, -0.02912254,
          0.05590667]],

       [[ 0.08600816, -0.03701387, -0.13899235,  0.13635129,
          0.13405035],
        [ 0.12255496,  0.14830626,  0.00153583, -0.01380427,
         -0.02127678],
        [ 0.12943415,  0.07952378,  0.02865111,  0.0819252 ,
          0.02193658],
        [-0.07900167,  0.00836693,  0.14281939,  0.09800854,
          0.06140606],
        [-0.07279057,  0.03483518,  0.0093531 , -0.05486968,
         -0.10208137]],

       [[-0.09158969,  0.05916906, -0.05555102, -0.06982178,
          0.12393336],
        [ 0.11559805,  0.04422887, -0.06931796, -0.11684432,
          0.04513638],
        [-0.03406178, -0.02289992,  0.13002044,  0.09676317,
         -0.09526528],
        [-0.08364994, -0.01347367, -0.00756537,  0.05631087,
          0.03730776],
        [ 0.00225152, -0.06108236, -0.0090737 , -0.14655935,
          0.11397126]]])
 array([[[-0.10266377,  0.05093218, -0.01412124,  0.05503381,
         -0.11206704],
        [-0.1083832 ,  0.05416322,  0.1071683 ,  0.10193468,
         -0.01482574],
        [-0.01943961, -0.02981156, -0.06391734,  0.04449722,
          0.00895168],
        [ 0.01490034, -0.00777028, -0.10098894,  0.06900716,
         -0.09311449],
        [-0.07622923, -0.07084072,  0.08319912, -0.05145273,
          0.09882076]],

       [[-0.00726108, -0.09865898,  0.01910015, -0.07264546,
         -0.10544998],
        [ 0.00135241,  0.09517344,  0.09922237,  0.0084301 ,
          0.05621053],
        [-0.06921905, -0.06947477, -0.01128114,  0.03639114,
          0.08449271],
        [ 0.11298192,  0.04317653, -0.09847821,  0.08134751,
         -0.06606716],
        [ 0.05822091, -0.10258038, -0.05464356, -0.09703427,
         -0.00679767]],

       [[ 0.05467875, -0.05370221, -0.00266645, -0.0018487 ,
         -0.07105334],
        [-0.02424176,  0.06788819, -0.09691731, -0.06541535,
          0.07138689],
        [ 0.00995814,  0.04560246, -0.08446686, -0.10193508,
          0.06520388],
        [ 0.10170994,  0.00782351, -0.02111934, -0.09371646,
          0.01461211],
        [ 0.10190344,  0.09835678, -0.07125714, -0.1002484 ,
          0.04130099]],

       [[-0.02397585, -0.08851458,  0.01923874,  0.04188629,
          0.09391285],
        [ 0.07423884, -0.09734848, -0.01571064, -0.01185568,
          0.10484666],
        [-0.11051922,  0.07414942, -0.0900347 , -0.00407903,
         -0.02505847],
        [ 0.10527865,  0.03089804, -0.05986204, -0.06266363,
         -0.02686894],
        [ 0.08370572, -0.10193317, -0.01343411, -0.02692218,
          0.03024721]]])
 array([[[ 0.01208545,  0.10243735,  0.10349194, -0.0911661 ,
         -0.08332924],
        [ 0.0183135 ,  0.03248541,  0.00776281,  0.03062574,
         -0.05513479],
        [-0.01762666,  0.09514678,  0.0523761 , -0.0635854 ,
          0.06366201],
        [ 0.0693575 ,  0.00500663,  0.00326778, -0.09121944,
         -0.08249124],
        [ 0.00093191, -0.04720035, -0.10760733, -0.04517975,
          0.01803819]],

       [[ 0.08866375,  0.05995908, -0.07157056,  0.03976474,
          0.10538489],
        [-0.0148519 , -0.02347776,  0.04793377, -0.06979211,
         -0.0069602 ],
        [-0.03507725, -0.01209281,  0.07668065,  0.05594859,
          0.10033111],
        [ 0.04076547, -0.09922802,  0.04419593, -0.05060809,
          0.01006905],
        [ 0.04709155, -0.07038471, -0.03415261,  0.0440197 ,
         -0.04456405]],

       [[-0.08627352, -0.0505762 ,  0.00182304,  0.06247641,
          0.0613332 ],
        [-0.02717253, -0.0158773 , -0.02191696,  0.06095805,
          0.06072952],
        [ 0.01171519,  0.05806014, -0.09286683, -0.02282268,
         -0.00675882],
        [-0.07528223, -0.03678061,  0.0220519 , -0.03337589,
          0.10929326],
        [-0.07573037, -0.02034699, -0.01689455,  0.03685656,
         -0.09736406]],

       [[ 0.0346333 ,  0.08135168, -0.0190545 , -0.03164883,
         -0.03401857],
        [-0.04504933,  0.03906277,  0.1094133 , -0.01853595,
         -0.04472779],
        [-0.09697173,  0.0416722 , -0.01782552,  0.07578718,
          0.04946251],
        [ 0.05710477, -0.09203827,  0.06562173,  0.05162869,
         -0.03902881],
        [ 0.09530731, -0.05732092,  0.07578307,  0.05961814,
          0.0233547 ]]])
 array([[[-0.08684576, -0.1037686 ,  0.04992129,  0.05529837,
          0.04748476],
        [-0.02834371,  0.02869965, -0.09269559,  0.05136037,
         -0.06993171],
        [ 0.02784392, -0.07790411, -0.10868392,  0.04963613,
          0.07876158],
        [-0.04586974,  0.07656929,  0.00161495,  0.02272015,
          0.01669964],
        [ 0.04810201,  0.03800799, -0.09184033,  0.03059857,
         -0.09782343]],

       [[-0.02288152,  0.06135019, -0.09326263, -0.06342305,
          0.06968573],
        [ 0.00758733, -0.0252683 , -0.00737545, -0.02889292,
         -0.03963557],
        [-0.09710942,  0.10392938, -0.030251  ,  0.06312591,
          0.08987706],
        [-0.03571256, -0.09922102, -0.01673899, -0.10906138,
         -0.00381123],
        [-0.0535111 , -0.05024849,  0.10019363,  0.01681118,
         -0.1089403 ]],

       [[ 0.07012407,  0.09880279,  0.0393407 ,  0.06984354,
          0.05241921],
        [ 0.10261542,  0.0154984 ,  0.0787227 , -0.03365748,
         -0.0998936 ],
        [ 0.10128508, -0.1111736 ,  0.09427549,  0.03310745,
         -0.08105798],
        [-0.11373696,  0.08822754,  0.03525522,  0.03897796,
          0.07921086],
        [-0.1091545 ,  0.05805049, -0.05838931, -0.0430413 ,
         -0.06349359]],

       [[-0.10044746,  0.08930029,  0.00076358, -0.06546396,
          0.02951484],
        [ 0.07834406,  0.04065482, -0.11005869,  0.07447771,
          0.04826561],
        [-0.00093513, -0.00580457, -0.03085329, -0.04201147,
         -0.04937037],
        [-0.04327648,  0.05423298,  0.09621906, -0.05831548,
         -0.04443709],
        [ 0.03119729, -0.05595106, -0.02963542,  0.05029925,
          0.01475081]]])
 array([[[-0.04167548,  0.09769061, -0.07112152, -0.08456289,
          0.10827486],
        [-0.09461411, -0.00330509, -0.0986894 ,  0.00372119,
          0.0417558 ],
        [ 0.11426057, -0.04086116,  0.01264429,  0.07563995,
         -0.08041235],
        [ 0.03426205, -0.08689132,  0.09531535, -0.02129399,
          0.06786878],
        [-0.06363672,  0.06430378,  0.04252857,  0.01392884,
          0.07637018]],

       [[-0.00265657,  0.03449971, -0.05958755, -0.05051403,
          0.06797211],
        [-0.10468954,  0.09765962,  0.02971355,  0.00949563,
          0.11315572],
        [ 0.01581962,  0.08073064,  0.06733028, -0.05705578,
         -0.07539868],
        [-0.00757368, -0.07201857, -0.05198021, -0.07781105,
          0.01173809],
        [ 0.0368039 , -0.07741379, -0.04774255, -0.07126291,
          0.08119328]],

       [[ 0.0703578 , -0.10855702,  0.08971571,  0.00550117,
          0.09515274],
        [-0.04219813,  0.0259556 , -0.05831125,  0.00400016,
          0.10668033],
        [ 0.0750637 ,  0.11410243, -0.02798929, -0.02825328,
          0.07510805],
        [-0.08517568,  0.0154155 ,  0.01110261, -0.06637502,
         -0.03253899],
        [ 0.09335529, -0.04844862, -0.00433441, -0.1093403 ,
         -0.09507601]],

       [[ 0.03243274, -0.08979603, -0.07333734, -0.01112703,
         -0.03362465],
        [ 0.02887506, -0.02474553, -0.05025003,  0.07714383,
         -0.04311972],
        [ 0.02124392,  0.06499574,  0.02845287,  0.0585632 ,
         -0.09385889],
        [ 0.10261459, -0.07694374,  0.08644896,  0.05951892,
          0.06670408],
        [ 0.05572583, -0.08066133, -0.09752272,  0.01097681,
          0.04581643]]])
 array([[[-0.00829992, -0.01027234,  0.06200312, -0.11288212,
          0.04196716],
        [-0.10345319, -0.11273769,  0.08306362,  0.05346908,
         -0.00721129],
        [ 0.07268675, -0.02781455, -0.00521469,  0.09817642,
          0.07098635],
        [ 0.03719212, -0.01572675, -0.0796553 ,  0.03906305,
         -0.08019622],
        [-0.05895808,  0.03573406,  0.02836132, -0.06174898,
          0.08261961]],

       [[ 0.04641366,  0.09483205, -0.02173559,  0.10155902,
         -0.02449428],
        [ 0.11184085, -0.03617466, -0.02373709,  0.10589848,
          0.08369265],
        [ 0.06044246,  0.11239026,  0.10269635, -0.09681727,
         -0.09304057],
        [ 0.11396388,  0.10722979,  0.00077272,  0.00629406,
          0.04320871],
        [-0.08435283, -0.08676936,  0.04591606, -0.08260298,
          0.09869732]],

       [[ 0.11358463, -0.02489781,  0.03748387,  0.05805827,
          0.02571883],
        [-0.00711709, -0.01696464, -0.00147653, -0.0341006 ,
         -0.06900423],
        [ 0.11413435, -0.05945756, -0.10702968,  0.07496299,
         -0.10820839],
        [-0.06805093, -0.02077683,  0.0291557 ,  0.07245198,
          0.05630216],
        [ 0.0045698 , -0.00838701, -0.11280855, -0.03275131,
          0.08725294]],

       [[ 0.00645203, -0.06116211, -0.04688748,  0.09175259,
          0.0882413 ],
        [-0.07633001,  0.05991461, -0.09204731,  0.02859816,
          0.06341284],
        [-0.07561434, -0.05824642,  0.03321115,  0.09000664,
         -0.00167392],
        [-0.090124  , -0.06262517, -0.02473571, -0.11039027,
          0.06666206],
        [-0.01675091,  0.08323708,  0.04958952,  0.07928986,
         -0.09492107]]])
 array([[[ 0.10411944, -0.06644885, -0.06279134,  0.06563385,
          0.08497477],
        [ 0.03084769, -0.07409143, -0.02740589,  0.03886336,
         -0.02356415],
        [-0.02016597,  0.01103877, -0.00132026,  0.10389457,
         -0.0564778 ],
        [-0.03122845,  0.00985096,  0.06033945, -0.05185204,
          0.06311724],
        [ 0.07524313, -0.06078652, -0.07367942,  0.06002689,
          0.1130573 ]],

       [[ 0.01300151,  0.00412573, -0.08373843, -0.08084794,
         -0.02878111],
        [ 0.05699571,  0.05040397,  0.00800412,  0.08211576,
         -0.00931508],
        [ 0.06019921,  0.09157302, -0.06642784, -0.08920888,
         -0.08527343],
        [-0.08842801,  0.01192186,  0.02178457, -0.05659677,
          0.07313438],
        [ 0.09760944,  0.07041927,  0.09659   ,  0.10393146,
          0.11056973]],

       [[-0.05164886, -0.02450001, -0.09486552,  0.00493286,
          0.04099294],
        [ 0.00857892,  0.06227392, -0.02667535, -0.03142508,
          0.05099638],
        [ 0.06021117, -0.09278137,  0.01560997, -0.04456212,
         -0.07705412],
        [ 0.08813312,  0.01253689, -0.05782523, -0.02301082,
         -0.01094404],
        [ 0.02645351,  0.06848299,  0.09459517,  0.06371257,
          0.08947163]],

       [[ 0.09571585,  0.01973245, -0.00801049, -0.06140429,
         -0.02099545],
        [ 0.00886107, -0.00238637, -0.08374081,  0.08611904,
          0.08231375],
        [ 0.09813419,  0.01215959, -0.05916211,  0.00632218,
          0.06369883],
        [ 0.09881577,  0.03750447,  0.08996016, -0.02116421,
          0.10286687],
        [ 0.07405436,  0.05145734, -0.06569972, -0.04210633,
          0.08809955]]])
 array([[[ 0.0155274 ,  0.07642063, -0.09610203, -0.05171017,
          0.11076692],
        [ 0.03391454, -0.10913673,  0.07947678, -0.08236712,
          0.02159373],
        [ 0.08382167,  0.02036044,  0.04131011,  0.03865897,
          0.00104559],
        [-0.0106204 , -0.09773534, -0.04301851,  0.02427158,
          0.10372804],
        [-0.08959225, -0.09428071, -0.05506371,  0.07028132,
          0.02006433]],

       [[-0.01246767,  0.03148126, -0.05960823, -0.02181352,
         -0.03948238],
        [ 0.10909694, -0.08136251,  0.01648843, -0.03465041,
          0.10547247],
        [ 0.0491273 , -0.05979771, -0.08642966, -0.02482305,
          0.03399867],
        [ 0.04539758, -0.02252316,  0.00196224,  0.07640813,
          0.10391259],
        [-0.08387251,  0.09824998,  0.09162248,  0.00972169,
         -0.03107374]],

       [[-0.02923302, -0.00174254, -0.06125542,  0.01392672,
         -0.06550799],
        [-0.02686365, -0.08262528, -0.11366468, -0.07085592,
         -0.0178947 ],
        [-0.11389326,  0.06028831,  0.10429099,  0.01108463,
         -0.05542402],
        [-0.00874197, -0.02083046,  0.05545164, -0.09190334,
          0.0640549 ],
        [ 0.07282392,  0.04326135, -0.10155312, -0.08927558,
         -0.10728677]],

       [[ 0.04751301,  0.08781024,  0.02674786, -0.07349589,
          0.08357763],
        [-0.09491944, -0.0261833 , -0.03275961, -0.0277258 ,
         -0.1045908 ],
        [ 0.04745826, -0.09299516, -0.10777673, -0.07737373,
          0.05933591],
        [-0.00461148, -0.02735783, -0.10330371,  0.0086931 ,
         -0.05103733],
        [-0.04565651,  0.06960548, -0.02432469, -0.08663502,
         -0.03779022]]])
 array([[[ 0.01063169, -0.04271491,  0.01002762,  0.04318174,
         -0.01520147],
        [-0.00999138, -0.11068934, -0.0957646 , -0.07351681,
         -0.0342798 ],
        [-0.10870155,  0.01141446, -0.09360639, -0.02396318,
         -0.0600925 ],
        [-0.02446283, -0.09873068,  0.05214172,  0.07997139,
         -0.05036816],
        [-0.08190085,  0.05820892, -0.06474188, -0.09494544,
         -0.0343527 ]],

       [[-0.10494209, -0.07774858, -0.04401711,  0.1005713 ,
         -0.10602818],
        [ 0.0155727 , -0.0126158 ,  0.1095532 ,  0.00904653,
         -0.0936461 ],
        [ 0.10838052, -0.08116748, -0.09654213,  0.01849195,
          0.00109078],
        [ 0.06578582,  0.00634689,  0.00780203, -0.04866276,
         -0.07555866],
        [-0.01982408,  0.00190286, -0.0685825 , -0.06728844,
          0.08140505]],

       [[ 0.06896044, -0.10004337,  0.07453024,  0.06605956,
         -0.01104991],
        [ 0.04090313, -0.00679286,  0.00351968,  0.1120274 ,
          0.06916135],
        [-0.0398042 ,  0.0930294 , -0.0987623 ,  0.07329256,
         -0.00479638],
        [-0.06182436, -0.05949565, -0.0022039 ,  0.0848253 ,
         -0.01923976],
        [-0.04082248,  0.05409561, -0.05708896, -0.07751246,
         -0.0872747 ]],

       [[-0.06871494,  0.05165219, -0.02205968,  0.11247661,
          0.08340327],
        [-0.00162336, -0.06590725, -0.07190815, -0.06622626,
         -0.00913388],
        [ 0.05523917,  0.08107609,  0.00280002, -0.11020812,
          0.09621775],
        [ 0.02485783,  0.04011735,  0.03144942,  0.09547709,
          0.07502452],
        [-0.08869488, -0.0022684 , -0.04743746, -0.01701282,
          0.11156242]]])
 array([[[ 0.11374962, -0.02102526,  0.11239712,  0.09409703,
         -0.03684781],
        [-0.069228  , -0.10369065,  0.07799738,  0.11393923,
         -0.04945124],
        [-0.07887944, -0.06146098,  0.079453  , -0.10210414,
          0.11343835],
        [ 0.11311305, -0.07091399, -0.05603296, -0.09956226,
         -0.00360107],
        [-0.03117703, -0.0679786 ,  0.09707639,  0.09625895,
         -0.06690211]],

       [[ 0.04572849,  0.06874313, -0.00598148, -0.1116012 ,
         -0.10174488],
        [-0.04447325, -0.10480192, -0.01805441,  0.03750133,
          0.00566237],
        [-0.03074955,  0.02462589, -0.04287727,  0.10856301,
         -0.03935713],
        [ 0.09630223,  0.03058537,  0.09490797,  0.04464173,
         -0.03554642],
        [-0.10245706,  0.10317993,  0.10041698, -0.1125506 ,
          0.07504369]],

       [[-0.05478714,  0.01334451, -0.04104773, -0.09123254,
          0.01282771],
        [-0.00282181,  0.06375001,  0.00164549, -0.01089276,
          0.10531684],
        [ 0.01552974, -0.02229431,  0.02185873, -0.04174957,
          0.01080633],
        [-0.06126928, -0.09753393,  0.03190376, -0.01634875,
         -0.03032538],
        [-0.02571089, -0.05919751,  0.06583443,  0.04592672,
          0.10674833]],

       [[ 0.06190451,  0.0138766 ,  0.0589674 ,  0.04902608,
         -0.10718211],
        [-0.11041831,  0.09166799, -0.05626742,  0.06564475,
          0.10864376],
        [ 0.04412503,  0.07875733, -0.10832093, -0.0756198 ,
          0.04595518],
        [-0.04317253, -0.11416464,  0.0012694 , -0.01387799,
         -0.06111874],
        [ 0.01393209, -0.04643608, -0.10463605,  0.10269998,
         -0.08937974]]])
 array([[[ 0.04715458,  0.0757108 ,  0.05006814, -0.06972974,
         -0.02458523],
        [-0.02058455,  0.06768616, -0.00288651, -0.01335821,
         -0.00727053],
        [ 0.05794203,  0.02010819, -0.05179207, -0.02438133,
         -0.03758938],
        [-0.00149748,  0.07222261,  0.03423254, -0.05151312,
         -0.04673911],
        [-0.05550521, -0.01915041, -0.05937201,  0.03632384,
         -0.02006716]],

       [[ 0.06671475,  0.01026324, -0.03227422, -0.04803873,
         -0.05674566],
        [-0.04002855,  0.0199232 ,  0.04497432, -0.04942517,
         -0.07224524],
        [ 0.00833622,  0.00659772,  0.05146046,  0.06491143,
         -0.04331993],
        [-0.05305755,  0.05014483, -0.05720067,  0.04329691,
          0.05669607],
        [-0.02913777,  0.01110281,  0.0217483 , -0.03279695,
          0.06014021]],

       [[ 0.03895072,  0.05540073,  0.04221861,  0.01700409,
          0.05195716],
        [-0.06502999, -0.03530417,  0.06532758, -0.03718498,
          0.03308518],
        [ 0.02839047, -0.01979542, -0.03879551, -0.04596532,
          0.05528697],
        [-0.03655982, -0.01762651,  0.0553333 ,  0.0464183 ,
          0.00612859],
        [-0.01644336, -0.02701165, -0.05994822,  0.03823558,
         -0.0394748 ]],

       [[-0.04684131, -0.01628688,  0.06061529,  0.05889519,
          0.04265248],
        [-0.01417168, -0.04330985,  0.00093068,  0.04684098,
         -0.04289918],
        [ 0.0450725 ,  0.01967945, -0.01028171, -0.04231335,
          0.05471758],
        [-0.06213109,  0.02778948, -0.06979148,  0.06291008,
          0.02130602],
        [ 0.07576122,  0.07123061, -0.03218958,  0.0621566 ,
          0.0295414 ]],

       [[ 0.05705228,  0.04909323,  0.04037999, -0.03663988,
         -0.05793918],
        [-0.03296075,  0.06056147, -0.01041861,  0.0557062 ,
          0.03054243],
        [ 0.00763526, -0.07289958, -0.04277793,  0.00679616,
         -0.0440229 ],
        [ 0.06430418, -0.05127361, -0.02552431, -0.06642823,
         -0.07128805],
        [ 0.05138513,  0.06743829, -0.07699271,  0.03162605,
          0.06859565]],

       [[ 0.07668376,  0.04460484,  0.00111819,  0.03435628,
         -0.03468034],
        [-0.01264004, -0.07039288,  0.03709221,  0.02688417,
         -0.02923433],
        [-0.07613497, -0.00465447, -0.07001899,  0.05070239,
          0.014797  ],
        [-0.06398978,  0.0313199 ,  0.00907402,  0.00253129,
          0.01081792],
        [-0.05259611,  0.03561342, -0.00585946,  0.00680901,
         -0.05221124]]])][0.09256229108578648, -0.06564133126844335, 0.07984180532044277, -0.0336082621014043, -0.004695754734112628, -0.009190985964835335, -0.09845293991638296, -0.008659883159714152, 0.1009804328721808, -0.002569084923528031, 0.041853310744790526, 0.10119534300369572, -0.004718287527988932, 0.09623561738344004, 0.09084264273925215, -0.046840673723300696]
-----------------------------------------------
[[ 0.03553088  0.43087446]
 [-0.0506623  -0.3251687 ]
 [ 0.20966039  0.18431396]
 [ 0.41983993 -0.14833715]
 [-0.44116716 -0.4236398 ]
 [-0.06091372  0.00215408]
 [-0.25030527  0.29054667]
 [-0.31583065 -0.44343053]
 [ 0.26415031  0.26814658]
 [ 0.32177075 -0.1547989 ]
 [-0.07089417 -0.04031145]
 [-0.4755508   0.36292207]
 [ 0.16980732 -0.30631997]
 [-0.32700725  0.06091582]
 [ 0.15715911  0.33261092]
 [-0.09040662  0.10343155]]
-----------------------------------------------
[[[[ 2.07085606e-02  1.97262021e-02  2.31514172e-02  1.80494202e-02
    -1.43609096e-02]
   [ 2.91552242e-02 -2.60423027e-02  1.84266124e-02 -1.32058411e-02
     8.55553011e-03]
   [ 6.75146681e-03  2.52658191e-02  1.00728194e-02 -2.49318418e-02
     9.64852511e-03]
   [ 6.91685596e-03  7.23844633e-03 -1.79359060e-02  1.35042949e-02
     2.26788730e-02]
   [-1.01655911e-02 -1.94124819e-02 -1.71581652e-02 -7.65753705e-04
    -2.85606518e-02]]

  [[-9.14180982e-03  1.32755207e-02 -2.04466905e-02 -1.28487573e-02
    -1.92269837e-02]
   [-1.27186456e-02  1.38405681e-02  2.33006148e-02  7.32702251e-03
    -1.03755659e-02]
   [-3.53563153e-03  4.75401681e-03 -1.85269303e-02 -1.69284469e-02
     1.58970234e-02]
   [ 1.12182133e-04 -3.19427469e-03 -1.99730544e-02 -5.32091224e-04
    -6.10938877e-03]
   [ 1.21314793e-02 -9.99665438e-03 -1.43033828e-03  1.92267995e-02
    -1.10004117e-02]]

  [[-2.74297244e-02  2.07126036e-02 -1.25956538e-03 -2.29670018e-02
     1.32622978e-02]
   [-2.65294515e-02 -7.91257076e-04 -1.05865677e-02  1.72328795e-02
    -8.87019810e-03]
   [-2.08405828e-03  2.66213941e-02 -1.35565331e-02  1.36802861e-02
    -1.39364144e-02]
   [-4.22189230e-03  2.38071400e-02 -1.54882834e-02 -6.15738494e-03
     2.23659149e-02]
   [ 1.09611829e-02  1.81520367e-02 -6.56237582e-03 -2.82702801e-02
    -1.48802905e-03]]

  ...

  [[ 2.20658518e-02  2.91751754e-02  2.26937587e-02 -1.67698890e-02
    -1.28642881e-02]
   [-1.06213981e-03 -2.54496509e-02  1.20430560e-02 -1.53097910e-02
    -1.68525105e-02]
   [ 2.40304577e-02 -1.24303466e-02 -2.05818844e-03 -2.77289855e-02
     1.99224142e-02]
   [ 7.13233901e-03  1.68134378e-02  1.09139170e-02  2.24795101e-02
     2.86367958e-02]
   [ 2.33106999e-02  1.43616864e-02 -1.23390692e-05 -1.16626986e-02
     1.81391235e-02]]

  [[ 2.28139551e-02 -2.59189114e-02  2.25283508e-02 -2.49863742e-02
     3.35501833e-03]
   [-3.97633621e-03 -8.54958528e-03  1.02195108e-02  1.12932717e-02
    -1.98545507e-02]
   [ 1.78777289e-02  2.78926694e-02  2.83546912e-02  1.82786346e-02
     1.47512740e-02]
   [-2.90066327e-02  1.18389158e-02  5.83677622e-03 -2.36198341e-02
     1.75460264e-03]
   [ 9.36028581e-03 -3.58975710e-03 -1.53464082e-02  1.36145573e-02
     2.36541968e-02]]

  [[ 2.79192507e-03 -1.19078509e-04 -1.60346848e-02 -1.45333163e-02
    -2.21896729e-02]
   [-1.80505142e-02 -1.50653548e-02 -2.36984213e-02 -3.40312036e-03
     1.48214410e-02]
   [-2.54526941e-03  7.72504998e-03 -1.29081798e-02 -2.56340218e-03
    -8.38619692e-03]
   [-8.57561137e-03  1.30753755e-02 -1.03910108e-02 -1.03503495e-04
     2.63689102e-02]
   [ 1.90942728e-02  8.32015261e-03  9.67119303e-03  2.27322228e-02
    -2.01155313e-02]]]


 [[[-1.55391694e-02  2.90145547e-03  1.15441983e-02  2.47969188e-02
     5.69642148e-03]
   [-1.56634388e-02  2.51626787e-02 -8.59298746e-03 -2.95750481e-02
    -1.42847784e-02]
   [ 8.33383190e-03 -9.13291641e-04  7.47299864e-03  2.02023299e-02
    -2.45711872e-02]
   [ 4.83967926e-03  1.58329636e-02  9.63774907e-03  1.27352742e-02
     2.82533855e-02]
   [ 2.00240461e-02  1.98351862e-02  1.98552033e-02 -5.50087154e-03
     2.19759307e-02]]

  [[-2.25557229e-02 -2.58968360e-03  1.32074670e-03  2.35131693e-02
    -1.34335211e-02]
   [ 1.21258985e-02  1.22525389e-02  3.58478378e-03 -1.73429522e-02
    -1.75706138e-02]
   [-1.96618389e-02 -2.78896572e-02  4.16239200e-03 -7.88103214e-03
     1.14240396e-02]
   [ 7.85309046e-03  3.35788537e-03 -2.66251946e-02 -6.75765343e-03
    -2.58232337e-02]
   [ 1.28306284e-02 -1.02970447e-02  1.72679895e-02 -1.19768717e-02
     7.52072139e-04]]

  [[ 1.27267931e-02  9.34082628e-03  2.07401164e-02 -9.73298819e-03
     1.86818939e-02]
   [-1.12222465e-02  9.84519253e-03  9.34621322e-04  1.10600210e-02
    -8.53931532e-04]
   [ 2.42144628e-02 -1.15332977e-02  1.49688473e-02 -6.46903994e-03
    -1.15227539e-02]
   [-2.45665943e-02  2.75484617e-02  1.05059019e-02 -2.08755949e-02
     1.64149375e-03]
   [-2.02128589e-02 -2.62182879e-02  2.94376484e-02 -1.23730716e-02
    -7.45327516e-03]]

  ...

  [[ 1.44185203e-02 -2.81646458e-02 -1.02896047e-02  2.82180786e-02
     2.79090980e-02]
   [-4.17928231e-03  1.60678782e-02 -1.89775458e-02  1.28280605e-02
     6.63264233e-03]
   [-2.28095240e-02  1.27645183e-02 -2.07796755e-02  2.48506108e-02
    -7.97730353e-03]
   [-2.75737079e-02  1.59240262e-02 -1.80781226e-02 -6.09457198e-03
     2.03710088e-02]
   [ 1.77097778e-02 -5.57144823e-04 -1.85142079e-02 -1.61021383e-02
    -1.22812997e-02]]

  [[ 9.61582758e-03  5.97992520e-03 -2.32151662e-02 -2.42114164e-02
    -2.60670259e-02]
   [-1.42089804e-02  2.14248736e-02 -5.04004237e-03  1.77063387e-02
    -2.53589741e-02]
   [ 1.39056506e-02  3.54374081e-03 -1.75422490e-02  1.22957600e-02
    -1.52043758e-02]
   [-4.07656427e-03  1.53317692e-02 -8.65804563e-03 -1.79873847e-02
    -1.12407465e-02]
   [ 1.56473277e-03 -5.85305599e-04  2.67436245e-02 -8.79011259e-03
    -4.05421423e-03]]

  [[ 1.11773500e-02  2.84787711e-02  1.64037006e-02  2.04437411e-02
    -1.02592008e-03]
   [-1.33695100e-02 -6.37583427e-03 -1.65858606e-02  2.71057047e-03
     2.63624191e-02]
   [ 2.47726090e-02  1.12909550e-02  1.68754361e-02 -1.95759216e-03
    -1.96058860e-02]
   [ 6.50632081e-03 -2.92261269e-03  6.03408587e-03 -1.01005768e-02
     4.15821716e-04]
   [-2.27044581e-02 -2.54553043e-02 -1.54652039e-02  6.96344284e-03
    -2.96159274e-02]]]


 [[[ 2.88978468e-02  2.44575106e-02 -6.54390477e-03  2.09177367e-02
    -1.83095123e-02]
   [ 2.45260766e-02 -1.12496839e-02 -3.22267276e-03 -1.95615486e-03
     1.85935297e-02]
   [-8.27333978e-03  2.29706431e-02 -1.21232639e-02  1.54138609e-02
    -1.41012040e-02]
   [ 1.19009545e-02 -1.50507202e-02 -2.01072766e-02  7.45806130e-03
    -1.81168957e-02]
   [ 1.28048532e-02  1.84022043e-04 -1.22381511e-02  2.84903203e-02
     2.42994860e-02]]

  [[-2.96239564e-02 -1.00317383e-02  9.96259005e-04 -1.30812890e-02
     2.35916500e-02]
   [-1.21718033e-02 -1.71649530e-02  1.27009171e-02  1.44158176e-02
    -2.33176435e-02]
   [ 1.01244115e-02 -2.92898099e-02 -4.47055947e-04  2.58408766e-02
    -1.76404942e-02]
   [ 1.26874282e-02 -1.29866329e-02 -2.76069830e-02 -7.74920955e-03
     2.22740927e-02]
   [-4.10045637e-03  1.35995741e-02  2.78248604e-02  2.49859006e-02
     8.18142929e-03]]

  [[-1.39365979e-02 -1.47533110e-02  2.19995474e-02  1.09977611e-02
     1.43703989e-02]
   [-2.82886221e-02 -6.13322902e-03 -2.28569806e-02 -1.54826279e-02
    -2.27128368e-02]
   [-3.21275256e-03 -1.38120724e-03 -3.40256888e-03  1.25741163e-02
     1.62403625e-02]
   [-1.58060660e-03 -1.02741481e-02 -1.04352987e-02  2.93938106e-02
    -2.31342402e-02]
   [-1.22452172e-02 -1.78075057e-02  1.86867317e-02  2.93356635e-03
    -2.79708958e-02]]

  ...

  [[-3.14433069e-03 -1.30892566e-02  1.26309616e-02  2.22494890e-02
     2.00086217e-02]
   [ 1.47068381e-02  1.92305986e-02  1.55999528e-02  1.22177629e-02
     9.56637245e-03]
   [ 5.12894302e-03 -4.44219600e-03  1.14951297e-02 -6.21188028e-03
    -1.66178608e-02]
   [ 1.10948868e-02  1.32898831e-02 -1.58121128e-02 -8.93567893e-03
    -2.02791402e-03]
   [-1.72469465e-03  1.34517529e-02 -4.75850328e-03 -2.22888367e-02
    -1.44926585e-04]]

  [[ 1.28026306e-02  6.70329117e-03  2.34767157e-02 -1.09803733e-02
     1.60263782e-02]
   [ 1.97916884e-02 -1.03267427e-02 -3.52199213e-03  2.06920609e-02
    -5.44487710e-03]
   [ 2.48431400e-03 -2.39774574e-02  1.34516866e-02 -5.11437732e-03
     1.42204126e-04]
   [-4.67945357e-03  1.87095248e-02  6.61896597e-03  1.92461353e-02
     2.59545387e-02]
   [-1.37635130e-02  2.42107307e-02  2.09469496e-02 -1.98954588e-02
    -1.91137577e-02]]

  [[ 2.26757067e-02  4.03022724e-03 -1.64422759e-02 -9.51860161e-04
     4.22318830e-03]
   [-9.70506220e-03  2.19111190e-02  1.22795649e-02  1.84552543e-02
    -2.38236733e-02]
   [ 2.09837651e-02  2.84550117e-02 -1.95809682e-02  1.02767480e-02
     1.25958352e-02]
   [ 2.54006660e-02  4.93777544e-03  1.00988716e-02 -2.86354451e-02
    -2.58286984e-02]
   [-1.34296138e-03  9.63298311e-03  1.28011028e-04  4.85135616e-03
     1.92665733e-02]]]


 ...


 [[[-1.87352068e-02 -1.59617173e-02 -1.24468155e-02  7.23467810e-03
    -3.86458089e-03]
   [-2.74166624e-02 -2.57841406e-02  2.12693383e-02  1.84092537e-02
     1.96715079e-02]
   [-3.80407736e-03 -1.39011890e-02  1.94702317e-02 -8.28523971e-03
     1.04284982e-02]
   [-9.70147750e-03 -8.22267769e-04  3.01280823e-03  1.34981914e-02
     5.74970887e-03]
   [ 1.17956533e-02  1.19792371e-02 -1.60538881e-02 -1.15776610e-02
     1.98684291e-02]]

  [[-1.91034756e-02 -1.86409492e-02 -1.76102096e-02  8.12489919e-03
    -1.96567082e-02]
   [-1.62305202e-02  2.13454798e-02 -8.78800282e-03 -3.63301345e-03
    -9.94937851e-03]
   [-1.83349412e-03 -1.40979120e-02 -7.99826343e-03  5.20251792e-03
    -2.26587194e-02]
   [ 5.89632248e-03  1.86446790e-03 -1.93370354e-02  4.00945786e-03
     1.95014789e-02]
   [-1.22255568e-02 -7.10260700e-03  1.94466180e-02 -9.72206954e-03
     6.19826100e-03]]

  [[-2.15947902e-02  2.84555751e-02 -1.28094323e-02 -1.00083055e-02
     1.71509779e-02]
   [ 1.13136632e-03  5.06169800e-03 -2.56724051e-02  9.43798542e-03
     1.25147395e-02]
   [ 2.47241675e-02  2.95231194e-02 -2.54375790e-02 -2.22244834e-02
     1.29253769e-02]
   [-1.57345916e-03  3.41411200e-03 -5.40297028e-03  2.65283211e-02
    -4.94112531e-03]
   [-7.85756356e-03 -6.53611816e-03  1.47133988e-02 -2.62518524e-02
    -2.46922281e-02]]

  ...

  [[ 2.94799556e-02  1.22866488e-02  1.28851259e-02  6.49757645e-03
     5.44727926e-03]
   [ 8.10603549e-03 -1.06074948e-02 -1.73702109e-02  2.79472585e-02
     2.79433474e-02]
   [ 1.75588098e-02  2.59193793e-02 -1.83036542e-02 -2.55804607e-02
     7.69473605e-03]
   [-1.45236818e-02 -3.04618183e-03  1.12000886e-03  1.61967445e-02
    -3.40971605e-03]
   [ 2.00944936e-02 -2.78691847e-04  1.66050187e-02  2.62555279e-02
    -5.81320074e-04]]

  [[-1.19312388e-02 -2.34687692e-02 -2.67444493e-02  3.14879163e-03
     1.23536383e-02]
   [ 1.22434829e-02  2.87532140e-02 -2.10729063e-02  1.66930555e-02
    -2.76129874e-02]
   [-1.18796615e-02  1.66632372e-02 -8.71958551e-03 -1.90893767e-02
    -2.36518789e-02]
   [-2.05202881e-02  7.80453832e-03 -1.89221946e-02 -5.63095692e-03
    -1.80615879e-02]
   [ 1.76053430e-02  1.42390551e-03 -2.83167790e-02  1.44778018e-02
    -1.86324322e-03]]

  [[-2.69069804e-02 -8.64350107e-03  6.56964102e-04 -1.11124820e-02
     2.92020592e-02]
   [-1.92490204e-02  3.38068657e-03  1.86281789e-02 -2.58881263e-02
    -2.04851896e-02]
   [ 1.72658164e-02  2.88892892e-02  2.62921728e-02  2.09205337e-02
     7.68902554e-03]
   [-1.27043174e-02 -2.50055014e-03  1.64730590e-03  2.55999698e-02
     1.90550463e-02]
   [ 1.73610457e-02  1.62459520e-02 -2.04142533e-02  4.50390960e-03
    -1.62549780e-02]]]


 [[[ 4.68210620e-03  2.19042491e-02  1.90168846e-02  2.54404774e-02
     2.40858795e-02]
   [-8.01353347e-03 -2.88659098e-02 -1.36521018e-02  1.95989969e-02
    -9.97744898e-03]
   [ 2.00398306e-02 -1.82073311e-03 -6.74124054e-03 -9.95061027e-03
     2.71107366e-02]
   [ 2.84405955e-02  2.53905919e-02 -2.41544213e-02  1.26264729e-02
    -5.87622640e-03]
   [ 2.76008190e-02 -3.66946151e-03  2.89240385e-02  2.94362476e-02
     3.74710968e-03]]

  [[ 1.85025819e-02  2.40657589e-02  9.77483714e-03  2.58184828e-04
    -2.29136435e-03]
   [-2.23873047e-03 -9.08655577e-03  8.30236898e-03  1.30646174e-02
     2.46098916e-02]
   [-6.34656637e-03 -1.70779949e-02 -1.20742449e-02  1.96184778e-02
    -1.09749594e-03]
   [-1.43816977e-02  1.44209019e-02 -9.42408627e-03 -2.15299424e-02
     1.70952315e-02]
   [ 1.70264423e-02 -3.25466401e-03 -7.73150423e-03 -2.85007838e-02
    -2.15837302e-02]]

  [[-2.33426600e-02  2.34650872e-03  1.03884396e-02 -2.11451476e-02
    -2.58686096e-02]
   [ 2.76721511e-02  9.36297566e-03  2.28281133e-02 -2.81021596e-02
     2.30657998e-02]
   [ 2.43453750e-02 -1.58213137e-02 -7.71414438e-04 -5.80835473e-03
     6.13627103e-03]
   [ 1.70454148e-02  4.13946375e-03  1.30500543e-02 -2.85726860e-02
    -3.65299829e-03]
   [ 3.24630023e-03  2.50613125e-04 -2.92835213e-02 -1.75342135e-02
     1.73844833e-02]]

  ...

  [[ 1.44638302e-02  2.52041829e-02 -2.16966094e-03 -1.32343095e-02
    -2.68314275e-02]
   [ 1.34098568e-02 -6.96455663e-03  9.64290207e-03  9.15265534e-03
     1.52548270e-02]
   [-2.42509352e-02  2.66006652e-02  2.20687617e-02  1.39729868e-02
    -2.73436607e-03]
   [-1.85951941e-02  8.39273470e-03  7.35104232e-03  5.32080385e-03
     8.83400815e-03]
   [-1.50465246e-02  2.11017994e-02 -1.37440086e-02  8.41670421e-03
     2.29427251e-02]]

  [[ 1.10827774e-02  2.29987452e-03 -1.07817236e-02 -1.70489986e-02
    -2.27466646e-02]
   [-2.24926115e-02  5.42483488e-03  8.49764740e-03  3.83694833e-04
     9.72969959e-04]
   [ 4.53391477e-04  2.96127084e-02 -1.66296705e-02  2.77197374e-02
    -1.53543697e-02]
   [ 1.04956579e-02 -2.64883621e-02 -5.60711044e-03 -8.79074600e-03
    -1.92673754e-02]
   [ 1.95459811e-03  2.72805306e-02  1.06778913e-03  7.33564290e-03
    -1.84211778e-02]]

  [[-3.40137718e-03 -2.02423367e-02  1.36645895e-02  2.52203294e-02
    -4.37959739e-03]
   [ 2.66730528e-02  2.90911528e-02 -1.09970926e-02  2.61797476e-02
     1.43201793e-02]
   [ 8.65216099e-03  8.18059588e-03  1.92576663e-03  2.25956822e-03
     1.70302880e-02]
   [ 5.43171381e-03 -2.86277626e-03 -1.07882439e-03 -2.29208095e-03
     2.10561930e-02]
   [-4.37623702e-04 -2.76863995e-03 -1.97340929e-02 -2.30428798e-02
    -7.59911637e-03]]]


 [[[-1.05523292e-02 -1.39624158e-02 -7.84821204e-03 -1.89697406e-02
     1.99678727e-02]
   [ 2.56543292e-02 -1.88265332e-02  1.53712701e-02 -2.56717171e-02
     1.44309959e-03]
   [-2.11314536e-02  1.10678641e-02 -7.85902220e-03  2.86653114e-02
     3.75378868e-03]
   [-2.59897244e-02 -1.86007910e-02 -1.40424660e-02  1.19784290e-02
    -1.94331120e-02]
   [ 7.42216296e-03  8.20699347e-03 -1.47644982e-02 -2.01354358e-02
     2.35003955e-02]]

  [[-7.75740360e-03  2.64820179e-02  1.16447579e-02 -2.12202464e-02
    -2.62034352e-02]
   [ 1.35103376e-02 -1.97570783e-02 -7.36653297e-03 -3.57577380e-03
    -1.55002873e-02]
   [ 1.60149986e-02  1.76446493e-02 -1.78366441e-02  2.14407457e-02
    -1.00717294e-02]
   [ 6.82949057e-03  1.34846541e-02  3.62902896e-03  9.43793552e-03
    -8.21161208e-03]
   [ 8.21184332e-03 -4.32565128e-03 -3.50205621e-03  5.57494688e-03
     2.52366633e-02]]

  [[ 2.37841465e-02  2.90795378e-02  1.96598807e-02 -1.22285669e-02
     1.84273934e-02]
   [-1.90114514e-02  6.94290617e-03  1.87442403e-02  2.26429845e-02
     1.48722767e-02]
   [ 4.24278306e-03  2.70469226e-02  1.73685432e-02  1.61527320e-04
    -5.25995850e-03]
   [ 1.61139873e-02 -2.18721934e-02 -2.90581585e-02  4.78171306e-03
    -5.47605313e-03]
   [ 5.48841684e-03 -3.86365766e-03 -1.47522873e-03  9.42039679e-05
     1.34008902e-02]]

  ...

  [[ 2.86815215e-02  1.56128128e-02 -1.31197356e-02  2.58652156e-03
     9.94257786e-03]
   [ 2.44546990e-02  2.16191615e-02  1.03983227e-02  3.07923076e-03
     2.71062691e-02]
   [-1.03918299e-02  4.66543663e-04 -5.55655425e-03 -5.21744837e-03
     1.86077306e-02]
   [-2.66452373e-02 -1.06647114e-02 -2.64530608e-02 -2.93398231e-02
     1.53101544e-02]
   [ 1.65859128e-02 -1.29323052e-02 -2.66909484e-02 -1.22922156e-02
    -2.73541366e-02]]

  [[ 2.81156157e-02 -1.91677913e-02 -2.53681782e-02 -2.00020462e-02
     1.43682019e-02]
   [ 6.16154433e-03  2.74206944e-03  4.98321641e-03  2.61165752e-02
     2.84147617e-02]
   [ 2.14363829e-02 -2.02069316e-02 -4.37393238e-04  2.71376140e-02
     2.81753825e-03]
   [-2.31770266e-02 -6.36299274e-05 -2.47750398e-02  5.03049607e-03
     2.87298436e-02]
   [ 8.19146156e-03 -2.30852533e-02 -2.72906885e-02 -1.04673521e-02
     1.92338096e-02]]

  [[-8.12167935e-03  1.75931807e-02 -2.59636907e-02 -1.24877558e-02
    -4.12998197e-03]
   [-2.06742220e-03 -2.82148713e-02 -8.77103563e-03  2.43500027e-02
     4.39422195e-04]
   [-1.95495517e-02  2.95007963e-03 -1.97159216e-02 -1.87848710e-02
    -1.19205556e-02]
   [ 5.49053121e-03 -1.24340938e-02  1.85654673e-02  1.61301348e-02
     6.95379399e-03]
   [ 2.35187161e-02  4.15684811e-03  3.07030372e-03 -8.62060438e-03
     4.15595356e-03]]]][-0.014430364314593283, -0.007868763728809278, -0.018840113729293097, 0.025831762229999496, 0.006735129124351449, -0.016636149892694817, 0.0036816011020591698, 0.001231614852631277, 0.02351303865870043, 0.02939191839972442, 0.00943569063214585, 0.012941793450566268, -0.01719084702344088, -0.027453357623365, -0.023097197895600018, 0.012341297783069544, 0.004051800150899839, -0.021371208490080486, 0.02913200145236908, -0.01459159718726068, -0.012976504304776787, -0.006433717727432356, -0.013272469789648314, -0.00996778728706187, -0.0014871451733086231, 0.008220022741609146, -0.0017553691350680883, 0.019936672353060198, 0.020909796562733344, 0.001350686300561059, 0.02748927507829609, -0.0015930615827774788, -0.009941170806737766, -0.013379625915628895, 0.01742926160920957, 0.005777075892313823, 0.012111343535343395, -0.015267573992068328, -0.009478117719616944, 0.02339559712753934, 0.0009698591772188056, -0.009476458125266339, 0.028935740424269534, -0.01088449554299295, -0.02818363100258075, -0.007556995072375044, 0.025135815476979514, 0.02607442946322452, -0.028792843036341834, -0.018793420176604327, 0.009843868241116566, -0.009307168846567137, 0.012277572268380967, 0.021538954903291625, -0.013815243338541026, 0.018252810337862208, 0.02709211010792, -0.0008181276220591872, -0.027766531996798852, 0.022819295378600637, 0.016996425262798053, -0.013502686684216517, -0.018421250377292274, -0.013221825833027511, -0.0008741751462132581, 0.02400699303372106, 0.021389139630630254, 0.01323485468280677, 0.0011541715585469264, -0.005378776504027554, -0.01890315389441085, -0.003858046615210966, 0.01192390132906811, -0.014167009818277275, 0.009615300216030447, -0.02887572858936465, -0.011130452433688796, -0.013445821797901394, 0.0005332909353502023, -0.0007329367564198712, 0.02944390863206479, -0.006828703384921645, -0.020676164444804954, -0.0043002707554080505, 0.016642448259256513, -0.005502864803348117, 0.0001770725575299184, 0.017113962577248763, 0.015052749763203015, -0.025391897769129146, 0.026403262628445782, 0.010241009772243504, -0.02435649334681817, -0.026835643159699843, -0.008787054936921557, 0.028174400367376683, -0.022314909629951737, 0.009730449004049294, -0.029159452605521493, -0.01130484855040402, 0.02719531198777281, -0.004672839214047819, 0.00773151382669891, -0.020250305246982327, 0.027643983426792456, -0.026829266421005013, -0.010801088197847857, -0.01451712521147174, -0.01686220485867722, 0.025235440860140786, 0.02552603309098723, 0.012468468273395397, 0.013708348525003185, 0.005079926362870409, 0.0031727818024470077, 0.025464106728948378, 0.021608190478839887, -0.0017372625551802835, -0.02383968878720514, -0.005289949360741151]
-----------------------------------------------
[[ 0.00824264  0.0063958   0.00852872 ...  0.01269677  0.00022129
  -0.00825837]
 [-0.00971986  0.00463176 -0.00298975 ... -0.01326288 -0.01138022
  -0.01615287]
 [ 0.00403902  0.00706315 -0.00699067 ... -0.0174244  -0.01088401
  -0.00535742]
 ...
 [-0.01247932  0.01734824  0.01273619 ... -0.00297448 -0.01024902
   0.01182268]
 [ 0.00914252 -0.00889851 -0.00593874 ...  0.00605099  0.01629926
  -0.00495288]
 [ 0.01605553  0.01611724 -0.01210245 ... -0.01429546  0.01032396
   0.01288734]][-0.0151088  -0.01036777  0.00469534 -0.01272143 -0.00578629 -0.00138068
 -0.00377425  0.00083246 -0.00198266  0.01369262  0.01429184 -0.01700273
  0.01960231 -0.00706778  0.00794257 -0.00374534 -0.00725372 -0.00950668
  0.00042057  0.00384853 -0.01448728 -0.00103975 -0.00293497  0.00302229
  0.00418358  0.01170157  0.0101904  -0.0039995   0.01528692  0.00301052
 -0.01394684 -0.01855547  0.00286119 -0.0083027  -0.00071547  0.01835745
  0.01576919  0.00994364 -0.01645316 -0.01843752 -0.017055   -0.00446308
 -0.00476398 -0.00227075  0.01453708  0.01807954 -0.00391684  0.00032711
 -0.00390275  0.01601037 -0.01008952 -0.00191947 -0.0121042   0.00828753
 -0.01197682  0.01154406  0.01250533  0.01660232  0.00138801 -0.01090048
  0.01902328 -0.0090734   0.01342599 -0.00290247  0.00898507 -0.01571351
  0.01552     0.01067593 -0.00048359 -0.00590233  0.01781695  0.01479746
 -0.00568405 -0.01045725  0.01173081 -0.01255542  0.012719   -0.00364502
 -0.00508152  0.01340973  0.0074364  -0.0170096   0.00366074 -0.00605543]
-----------------------------------------------
[[ 1. -1. -1.  1.  1.  1.  1.  1. -1.  1. -1.  1.  1.  1. -1.  1. -1.  1.
  -1.  1. -1.  1. -1.  1. -1.  1. -1.  1.  1.  1. -1. -1. -1.  1.  1.  1.
   1. -1.  1. -1. -1. -1. -1.  1.  1. -1.  1.  1.  1.  1.  1. -1.  1. -1.
  -1. -1. -1.  1. -1.  1. -1.  1. -1. -1.  1. -1.  1. -1. -1. -1. -1. -1.
  -1.  1. -1.  1.  1. -1. -1. -1. -1.  1.  1. -1.]
 [-1.  1. -1.  1.  1.  1.  1.  1. -1. -1.  1. -1. -1. -1.  1. -1.  1. -1.
   1.  1. -1. -1. -1.  1. -1. -1.  1.  1.  1. -1.  1. -1. -1. -1. -1. -1.
   1.  1.  1.  1. -1.  1. -1.  1.  1. -1. -1.  1. -1.  1. -1. -1.  1. -1.
   1. -1. -1.  1.  1.  1. -1. -1. -1. -1. -1.  1. -1. -1.  1.  1. -1. -1.
   1.  1. -1. -1.  1. -1.  1. -1.  1.  1.  1. -1.]
 [-1.  1. -1.  1.  1.  1. -1.  1.  1. -1.  1. -1.  1. -1. -1.  1.  1.  1.
   1. -1.  1.  1.  1. -1. -1. -1.  1.  1. -1.  1.  1.  1. -1.  1. -1.  1.
  -1. -1.  1. -1.  1.  1. -1. -1. -1.  1.  1. -1. -1.  1.  1. -1.  1. -1.
   1. -1.  1.  1.  1.  1. -1.  1. -1.  1.  1.  1.  1.  1.  1.  1. -1.  1.
  -1. -1. -1.  1. -1. -1. -1. -1. -1.  1.  1. -1.]
 [ 1.  1.  1.  1. -1.  1.  1.  1. -1. -1. -1.  1. -1. -1.  1. -1.  1.  1.
  -1.  1.  1.  1.  1.  1. -1.  1.  1. -1. -1.  1.  1. -1.  1.  1. -1.  1.
  -1.  1. -1.  1.  1.  1.  1. -1.  1. -1.  1.  1.  1.  1. -1. -1.  1.  1.
  -1. -1. -1.  1. -1. -1.  1. -1. -1. -1. -1. -1. -1.  1. -1.  1. -1. -1.
  -1.  1. -1. -1.  1. -1.  1. -1. -1. -1. -1.  1.]
 [-1. -1. -1. -1. -1. -1. -1.  1.  1.  1. -1.  1.  1.  1.  1.  1. -1. -1.
   1.  1. -1.  1. -1. -1.  1. -1. -1. -1.  1. -1. -1. -1.  1. -1. -1. -1.
  -1.  1.  1. -1. -1. -1. -1.  1. -1.  1.  1.  1.  1. -1.  1.  1.  1. -1.
   1. -1.  1. -1. -1. -1. -1. -1.  1.  1.  1. -1. -1. -1. -1. -1.  1.  1.
   1. -1. -1. -1. -1.  1.  1. -1. -1. -1. -1. -1.]
 [ 1. -1. -1. -1. -1. -1.  1. -1. -1.  1.  1.  1.  1. -1.  1.  1.  1.  1.
  -1. -1. -1. -1.  1. -1. -1.  1.  1. -1.  1. -1.  1. -1.  1. -1. -1.  1.
  -1. -1.  1.  1.  1.  1. -1. -1.  1. -1. -1.  1.  1.  1. -1. -1.  1. -1.
   1.  1. -1. -1.  1. -1. -1. -1. -1.  1. -1.  1. -1.  1.  1. -1. -1. -1.
  -1.  1.  1.  1.  1. -1. -1.  1. -1.  1. -1.  1.]
 [-1.  1. -1. -1.  1. -1. -1. -1.  1. -1. -1.  1.  1.  1. -1. -1.  1. -1.
   1. -1. -1. -1.  1. -1.  1. -1.  1.  1.  1.  1. -1.  1. -1.  1. -1.  1.
   1.  1. -1. -1. -1.  1.  1. -1. -1.  1.  1.  1. -1.  1.  1.  1.  1. -1.
   1.  1.  1.  1.  1. -1.  1. -1. -1.  1.  1. -1. -1.  1.  1. -1.  1. -1.
   1. -1.  1.  1. -1. -1. -1. -1.  1.  1. -1.  1.]
 [-1. -1.  1. -1. -1. -1.  1. -1. -1.  1. -1. -1.  1.  1. -1. -1. -1. -1.
  -1.  1. -1.  1. -1.  1. -1. -1.  1.  1. -1.  1. -1. -1. -1. -1.  1.  1.
  -1. -1. -1. -1. -1.  1.  1.  1. -1.  1. -1. -1.  1. -1.  1. -1. -1.  1.
   1.  1.  1.  1. -1.  1. -1. -1. -1. -1.  1. -1. -1. -1.  1. -1.  1. -1.
  -1.  1. -1. -1. -1.  1. -1.  1.  1. -1.  1.  1.]
 [-1.  1. -1.  1. -1.  1.  1.  1. -1.  1. -1. -1.  1.  1. -1. -1.  1.  1.
   1. -1.  1. -1. -1.  1.  1.  1.  1.  1. -1. -1.  1. -1.  1. -1. -1.  1.
  -1. -1.  1.  1. -1.  1.  1.  1.  1. -1. -1. -1. -1. -1.  1.  1.  1. -1.
   1. -1. -1. -1.  1.  1.  1.  1.  1.  1. -1. -1. -1.  1.  1. -1.  1.  1.
   1. -1.  1. -1. -1.  1. -1.  1.  1.  1.  1.  1.]
 [ 1.  1. -1. -1.  1. -1. -1.  1. -1.  1.  1.  1.  1. -1.  1. -1.  1.  1.
   1.  1. -1.  1.  1.  1. -1. -1. -1.  1. -1. -1. -1. -1.  1.  1. -1.  1.
   1.  1.  1. -1. -1. -1. -1. -1. -1. -1. -1.  1.  1. -1.  1.  1. -1. -1.
  -1.  1.  1. -1. -1. -1.  1.  1. -1. -1. -1.  1. -1. -1.  1. -1.  1.  1.
   1. -1. -1.  1. -1. -1.  1. -1. -1. -1. -1.  1.]]
-----------------------------------------------
