[[[[ 0.24888737  0.21544798  0.19506775 -0.37521193 -0.03362706]
   [ 0.30962245  0.14601659 -0.02449963  0.13183397  0.04625874]
   [ 0.00999306  0.3251311   0.20970191  0.2063814  -0.25140233]
   [ 0.00952608  0.195957   -0.26305487  0.1486903   0.13224648]
   [-0.32022295  0.09180603 -0.39689228 -0.15808552 -0.28009332]]]


 [[[ 0.06646279  0.13235587 -0.0221348  -0.0721265  -0.33651289]
   [ 0.21954859 -0.30443733 -0.3216756  -0.11922956 -0.06520099]
   [ 0.05158035 -0.34176117  0.06570878 -0.04801429  0.30473919]
   [ 0.07866895  0.3603068   0.23363017 -0.33981815  0.04437478]
   [-0.38909165  0.24878832 -0.30138493 -0.24285138  0.35942259]]]


 [[[ 0.06286013  0.03527392 -0.05259985 -0.37472838 -0.21248717]
   [ 0.0319974   0.36755316 -0.36056443  0.32500707  0.30676452]
   [-0.34849717 -0.16425824  0.13657527 -0.05164179 -0.1223255 ]
   [-0.23969316  0.07045818  0.10053701  0.30457784 -0.15899026]
   [ 0.09029836  0.31719646 -0.00783992  0.29846953 -0.31917762]]]


 [[[ 0.25128174  0.29115662  0.28044767 -0.25987008  0.22032723]
   [-0.1337799  -0.09991465  0.33864967 -0.03838602  0.3651181 ]
   [ 0.22184766 -0.24773152 -0.01109123 -0.26102357  0.09873918]
   [-0.34438866  0.37255084 -0.13221786  0.05264217 -0.27690748]
   [-0.29874364  0.19484187  0.18578769 -0.26928592  0.18402775]]]


 [[[-0.15198236 -0.0326987   0.24013992 -0.36260145  0.36544952]
   [-0.20527482 -0.19904938 -0.14952562  0.06306652 -0.09460323]
   [ 0.06893801 -0.33396015  0.16102914 -0.1613551   0.17330846]
   [-0.27887174  0.38904274 -0.00658546  0.08893337  0.04716624]
   [-0.12999996  0.28802064 -0.13095793  0.28482202 -0.24200248]]]


 [[[-0.12134653 -0.35726194 -0.21109648  0.09029109  0.38278325]
   [-0.24637318 -0.12039483  0.25602247  0.2196314  -0.12042375]
   [ 0.20486093  0.12712487  0.07563633 -0.09246416 -0.29735983]
   [-0.05965218  0.19309172 -0.34320808 -0.0862345  -0.00623706]
   [-0.17832475  0.38893251 -0.33011261 -0.14055084  0.28509536]]]][-0.3242132926050053, 0.20571309803814303, 0.3717306185311617, 0.34285168183179643, 0.13103702475735796, 0.10206735165292108]
-----------------------------------------------
[[ 0.47567095 -0.11724505]
 [ 0.12049092 -0.40879989]
 [ 0.36579462  0.27162329]
 [-0.315913    0.32648119]
 [ 0.32811882 -0.4474807 ]
 [-0.34116664  0.06582554]]
-----------------------------------------------
[array([[[-0.11160843,  0.03982913, -0.04426895, -0.0432719 ,
          0.10951197],
        [-0.1004975 , -0.14555451, -0.02063981, -0.0657134 ,
          0.07428514],
        [ 0.07515846,  0.02216002,  0.07816689, -0.02989224,
         -0.09628122],
        [-0.01410929, -0.02468542, -0.12545477,  0.14883433,
         -0.02259779],
        [ 0.09420066,  0.12241309, -0.14048353, -0.03794966,
          0.14851378]],

       [[-0.02323111, -0.09585876,  0.0092663 ,  0.13701616,
         -0.06107907],
        [ 0.08231183,  0.05061576,  0.11723236, -0.00485665,
          0.09767495],
        [-0.13704601,  0.08265517, -0.07984439, -0.09516325,
         -0.00134746],
        [-0.07869541,  0.07436193,  0.10128162,  0.12319098,
          0.14525294],
        [ 0.10174458,  0.001549  , -0.14161581, -0.03954424,
          0.12916199]],

       [[-0.00343736,  0.13351417,  0.10789397,  0.1022383 ,
          0.07639625],
        [-0.05426137, -0.12007444, -0.01231349,  0.06951512,
         -0.05736056],
        [-0.1022028 , -0.02790918, -0.00925876, -0.00070709,
          0.13550092],
        [ 0.09991911,  0.05978044, -0.07461676,  0.03751898,
         -0.00259153],
        [-0.07553527, -0.11206781,  0.08137789, -0.09635202,
         -0.10732268]]])
 array([[[ 0.0924421 ,  0.04756683, -0.11494868, -0.06543059,
         -0.05185033],
        [-0.02537369,  0.08898796, -0.12170428,  0.13004676,
         -0.08092726],
        [-0.07385204,  0.10190906,  0.10408369, -0.06338408,
          0.05449772],
        [ 0.02238735,  0.13224287,  0.000634  ,  0.10022526,
          0.08684896],
        [-0.03567913, -0.02846584,  0.07312808, -0.02889664,
          0.00753996]],

       [[-0.07289154, -0.03464614, -0.0546195 , -0.12080055,
         -0.07429304],
        [ 0.096166  ,  0.13665989,  0.08838643,  0.14213275,
         -0.03072609],
        [ 0.00807476,  0.05986051,  0.04367192,  0.09034552,
          0.05797982],
        [-0.02955436,  0.0790875 ,  0.02403724,  0.11099163,
         -0.12142276],
        [ 0.06762842, -0.04295483, -0.0499278 , -0.04861529,
         -0.01325558]],

       [[ 0.10954552,  0.03083095, -0.12643541,  0.12852473,
          0.12647055],
        [-0.04306086, -0.11060556, -0.134072  ,  0.12296457,
          0.05800381],
        [ 0.03360034, -0.0389821 , -0.05188738,  0.08383897,
         -0.13055627],
        [ 0.11668111, -0.06686608, -0.01255443,  0.07728292,
          0.10995676],
        [-0.09054568,  0.06007035,  0.11081077,  0.00623786,
          0.05941602]]])
 array([[[ 0.08486904, -0.12855521,  0.09411198,  0.07279652,
         -0.13660631],
        [ 0.00500824, -0.08605325,  0.0369184 , -0.11615615,
         -0.05023516],
        [ 0.07631816, -0.0730795 , -0.12886567, -0.13225978,
         -0.13246666],
        [-0.00488496,  0.05976271,  0.07131274,  0.06800368,
          0.14369672],
        [ 0.01903799,  0.01002418,  0.07428048, -0.01909431,
          0.0812367 ]],

       [[-0.03421681, -0.08311782,  0.06265586, -0.14061452,
          0.00187154],
        [ 0.04494386, -0.05863883,  0.08021616, -0.02282384,
          0.11822165],
        [-0.07265691, -0.03944883, -0.11246244, -0.01538653,
         -0.13033523],
        [ 0.04395635, -0.02137647,  0.07889861, -0.13502338,
          0.07446322],
        [ 0.08499469,  0.08498368, -0.14107487,  0.02727409,
         -0.07394534]],

       [[ 0.13242158,  0.14202195,  0.08699794,  0.02624006,
          0.09444883],
        [ 0.08929394, -0.09847531, -0.04932992, -0.12692446,
         -0.05026371],
        [-0.03196192,  0.13925748,  0.06659496, -0.14400227,
         -0.12858233],
        [ 0.13262486, -0.01731332,  0.10240241, -0.11746929,
          0.11161152],
        [-0.0940178 , -0.10900963,  0.06712259, -0.14373483,
         -0.13732323]]])
 array([[[ 0.13401357,  0.09550803, -0.02142543,  0.08569113,
         -0.09231055],
        [-0.03985273, -0.03043615, -0.09852834,  0.01789102,
          0.04381225],
        [-0.05799012, -0.07184661, -0.01137936,  0.03151597,
         -0.10451668],
        [ 0.1272674 ,  0.1026075 ,  0.05686338, -0.10062471,
          0.12746183],
        [ 0.01948262, -0.03983403,  0.0645248 , -0.06838849,
          0.09588557]],

       [[ 0.01374985, -0.10111108,  0.0971369 , -0.12506041,
         -0.07925926],
        [-0.10719361,  0.08554892,  0.07664751, -0.12667552,
          0.10586103],
        [-0.01946489,  0.10079992, -0.04851344,  0.04923433,
          0.14856097],
        [-0.0490235 ,  0.0255042 ,  0.03008031,  0.06662107,
         -0.01591865],
        [-0.0307062 ,  0.12819835,  0.04079843,  0.02426963,
         -0.08120552]],

       [[-0.06342763,  0.08518646, -0.03728776, -0.07092468,
         -0.11622762],
        [ 0.08950581, -0.05936526, -0.13215835, -0.14353918,
          0.01280612],
        [-0.03407608, -0.1248871 ,  0.11002603,  0.06385333,
          0.1259933 ],
        [ 0.08248352,  0.12160315, -0.00225269,  0.00422433,
         -0.10330005],
        [-0.00991713,  0.00672172, -0.1427722 ,  0.1462347 ,
          0.04026527]]])
 array([[[ 0.0420381 , -0.09662841,  0.13704085, -0.13679982,
          0.11463879],
        [-0.10231851, -0.09883007,  0.02625031,  0.02491515,
         -0.06270902],
        [-0.08199425,  0.02312774, -0.06439443, -0.03875802,
          0.0996955 ],
        [ 0.03899749, -0.04774466, -0.03067688,  0.02394145,
         -0.04533454],
        [-0.04884357,  0.07765948,  0.02786278, -0.08144543,
         -0.09860597]],

       [[ 0.13614475,  0.1064661 , -0.12267369,  0.06846659,
          0.05334207],
        [-0.03260954,  0.13863922,  0.11630598,  0.10317198,
         -0.01224746],
        [ 0.03626385,  0.02815626,  0.06151667, -0.03323336,
          0.04198529],
        [ 0.01994941,  0.07540305, -0.08431413, -0.026808  ,
          0.11346387],
        [-0.09929441,  0.10930705,  0.00893548,  0.12186662,
          0.11091113]],

       [[ 0.08124562, -0.09935696,  0.10236555,  0.05682888,
          0.14250217],
        [-0.04530496,  0.1229735 , -0.09462401,  0.0078824 ,
         -0.00800142],
        [ 0.10307677, -0.13222795,  0.06800686, -0.04198414,
          0.00313726],
        [-0.01314892,  0.10884526,  0.13555054,  0.05875585,
         -0.03008081],
        [ 0.02361803,  0.0686474 ,  0.10899814, -0.13132422,
          0.11155159]]])
 array([[[-0.02515245,  0.13719706,  0.06436997,  0.1416435 ,
          0.04839786],
        [ 0.07657324,  0.08824999, -0.12007494,  0.14321221,
          0.13815116],
        [ 0.01603621, -0.09757256,  0.08025526,  0.08733928,
         -0.12711433],
        [-0.13664288,  0.12186911, -0.07645578, -0.1427864 ,
         -0.08152783],
        [-0.08463714,  0.07998694, -0.10399356,  0.01126596,
          0.06985946]],

       [[ 0.108994  ,  0.13165075, -0.10493521, -0.14977773,
         -0.02048724],
        [-0.12747785, -0.0878572 ,  0.11131469,  0.08526111,
         -0.1330747 ],
        [-0.10171926, -0.08242838,  0.05255211,  0.0945598 ,
          0.09218033],
        [ 0.09221872, -0.07309834, -0.00309273, -0.02266847,
         -0.11675272],
        [ 0.05999773,  0.05521816, -0.1410692 ,  0.10591715,
          0.08625799]],

       [[ 0.01020983,  0.01589593, -0.05983649, -0.13200824,
         -0.14435681],
        [-0.0678586 ,  0.00021792, -0.07344375,  0.07290618,
         -0.12724404],
        [-0.0463618 , -0.11848252, -0.04946958,  0.0262967 ,
         -0.05025093],
        [ 0.1407793 , -0.07533989,  0.13073852, -0.0528852 ,
         -0.01646287],
        [-0.07549392, -0.0197601 , -0.04467481,  0.06202455,
         -0.14759756]]])
 array([[[-0.03636653, -0.04085895,  0.02485418,  0.10024678,
         -0.0806994 ],
        [ 0.07114711,  0.10002674, -0.09829709,  0.01212284,
          0.06823945],
        [ 0.02642575,  0.05557329, -0.01470764, -0.01240882,
         -0.05284677],
        [ 0.03511905,  0.09017448,  0.03148529,  0.0075652 ,
          0.03387229],
        [ 0.09654561,  0.1129205 , -0.0863022 ,  0.06770349,
         -0.05859792]],

       [[ 0.00314144, -0.00729059,  0.05194606,  0.07872837,
          0.03283411],
        [ 0.10097025, -0.06228787, -0.10127957, -0.00945995,
         -0.01700179],
        [ 0.00672814,  0.0208418 , -0.03512068,  0.03991295,
          0.05780834],
        [-0.10205903,  0.09470286, -0.01609474, -0.11003914,
          0.10514794],
        [ 0.04007879,  0.03389362,  0.00786301,  0.0402158 ,
          0.0095453 ]],

       [[ 0.03151277,  0.03118297, -0.04984951,  0.04649945,
          0.00753291],
        [ 0.0789534 , -0.02152856,  0.09509521,  0.02649147,
         -0.04086384],
        [ 0.00387669,  0.05845076,  0.10974393,  0.06785711,
          0.10033112],
        [-0.0469145 ,  0.02007818,  0.0669772 , -0.05178511,
          0.05283455],
        [-0.09238376, -0.10437917,  0.03971387, -0.08320452,
         -0.09214075]],

       [[-0.07253903,  0.01245577, -0.06932659,  0.09969753,
          0.02546812],
        [ 0.03210196,  0.05648929,  0.05713245,  0.05722389,
         -0.04363539],
        [-0.03813367,  0.08335949, -0.08326606,  0.02419605,
          0.07594364],
        [-0.04841135, -0.02588873, -0.02072706,  0.06379922,
         -0.11259171],
        [-0.07723163, -0.11419008, -0.00530769,  0.10874748,
          0.01640498]]])
 array([[[ 0.06922488,  0.11112199, -0.09151775,  0.07909927,
          0.03603074],
        [-0.10214943,  0.00582037,  0.05457564,  0.05566262,
         -0.094066  ],
        [ 0.05855814,  0.08478317, -0.09673462, -0.05503164,
          0.04963177],
        [ 0.02613151, -0.05679466, -0.06453591, -0.08908607,
          0.02880262],
        [-0.05461244, -0.01096458, -0.07452467, -0.05787799,
         -0.07274348]],

       [[ 0.04499502,  0.05088422, -0.10081906, -0.00572193,
         -0.054433  ],
        [ 0.07725172, -0.09038103,  0.031613  , -0.10260684,
          0.0842656 ],
        [-0.02179298,  0.05845197,  0.05159196,  0.09731041,
         -0.10197637],
        [ 0.10419256, -0.06451213,  0.06225671,  0.03319007,
         -0.05246888],
        [-0.10989037,  0.03395994,  0.06376671,  0.10604584,
         -0.01007932]],

       [[ 0.01936539, -0.05944098, -0.0608455 ,  0.10728808,
          0.01823963],
        [-0.09943918, -0.03565291,  0.08561288,  0.08848563,
         -0.02058327],
        [-0.0887332 , -0.01599968, -0.04451002, -0.10531163,
         -0.04063778],
        [-0.02613149,  0.10724342,  0.09200347, -0.06494473,
          0.05629013],
        [ 0.0092262 ,  0.10508022, -0.04657232, -0.02613536,
         -0.02743181]],

       [[ 0.03703515, -0.00862758,  0.07858132,  0.01938516,
          0.02184932],
        [-0.09963775, -0.00485508, -0.06234836, -0.05550271,
          0.05082153],
        [ 0.06612593, -0.10677708,  0.09387143,  0.0836139 ,
          0.01917798],
        [ 0.04041632, -0.04298992, -0.07182118, -0.00040219,
          0.07132564],
        [-0.0505815 , -0.01589905,  0.09107868, -0.01433229,
         -0.03001634]]])
 array([[[ 0.03815006, -0.04160291, -0.02200434, -0.004581  ,
          0.06974174],
        [ 0.00818107, -0.02464661, -0.0650124 , -0.07962554,
         -0.04330137],
        [-0.05462982,  0.08730858, -0.05393921, -0.1044474 ,
          0.09653258],
        [-0.03180049, -0.050136  , -0.06327637, -0.05708303,
          0.07760436],
        [-0.07495517, -0.01344545,  0.0476012 , -0.07230265,
         -0.07946552]],

       [[-0.04694757,  0.07944782,  0.10099913,  0.06260783,
          0.09220243],
        [ 0.07304941,  0.01354858, -0.08523491,  0.01925756,
         -0.11066784],
        [ 0.06333972,  0.00387289, -0.03200827, -0.04072748,
          0.07872306],
        [-0.07595513,  0.10797387,  0.05415088,  0.09221465,
         -0.10249033],
        [ 0.0606865 , -0.03888394, -0.0017976 ,  0.03528069,
         -0.05347808]],

       [[ 0.03191952,  0.03729073,  0.10466887,  0.04607333,
         -0.04770696],
        [-0.00659264, -0.01473425, -0.07417437,  0.09143504,
          0.00663505],
        [ 0.0260623 , -0.04378366,  0.03581625, -0.01750142,
         -0.00902477],
        [-0.09751084, -0.0703912 ,  0.01718106,  0.03025674,
         -0.1121545 ],
        [-0.10378396,  0.08543035,  0.1031794 , -0.0711178 ,
          0.04067424]],

       [[ 0.09580398,  0.05075851, -0.08157677,  0.04579563,
          0.10533651],
        [ 0.09630814, -0.09589   ,  0.09882311, -0.00476763,
          0.01030176],
        [ 0.02117543, -0.05498377, -0.06487116,  0.00764938,
         -0.10886683],
        [ 0.06956179, -0.01760416, -0.01320872, -0.018096  ,
         -0.10584225],
        [-0.11394702,  0.03487473, -0.10311699, -0.10697058,
          0.04146943]]])
 array([[[-0.08582773,  0.0055562 ,  0.02627312,  0.02322916,
          0.09080186],
        [-0.03905481, -0.00437666, -0.03824455,  0.07532384,
          0.01011526],
        [ 0.05582607, -0.02528924,  0.10947125, -0.05654781,
          0.07280076],
        [-0.07072779,  0.10452442, -0.03481496, -0.01188976,
         -0.03285155],
        [ 0.06643841, -0.0715098 ,  0.060202  ,  0.10951803,
         -0.09757708]],

       [[ 0.00342785, -0.06814753,  0.04639291, -0.08842226,
          0.00170079],
        [ 0.05154098, -0.0750948 ,  0.01981715,  0.09071535,
         -0.11094856],
        [-0.01246777, -0.02173171, -0.11089144, -0.11224392,
          0.11304688],
        [-0.06980321,  0.1053185 , -0.01401118, -0.0175023 ,
         -0.10980315],
        [ 0.08102963, -0.05152939, -0.00624018, -0.00489699,
          0.06287248]],

       [[ 0.06574923, -0.03744837,  0.07490432, -0.10017986,
          0.01861879],
        [-0.05152386,  0.09121311, -0.05138745,  0.04281485,
         -0.09510329],
        [ 0.09107694,  0.08506303, -0.09401524, -0.03813875,
          0.10908786],
        [-0.09502846, -0.10825726,  0.06602424,  0.10003891,
         -0.03041723],
        [-0.01809511, -0.05716217, -0.03583035,  0.04509741,
         -0.11130913]],

       [[ 0.02863511, -0.07158728, -0.00803668, -0.092778  ,
          0.0086503 ],
        [-0.04890516, -0.00687928,  0.02484917,  0.11373291,
          0.04312999],
        [ 0.09762967, -0.01398998, -0.1068167 , -0.05176815,
         -0.02478917],
        [-0.09024362,  0.040458  ,  0.0644368 , -0.04892303,
          0.00134589],
        [ 0.02879601, -0.09152415, -0.07279196,  0.01553804,
         -0.08296647]]])
 array([[[ 0.04904979,  0.09904851, -0.10073569, -0.07488748,
         -0.03293298],
        [ 0.05578316, -0.08763931,  0.00331537, -0.05995134,
         -0.08954962],
        [-0.02198331,  0.09904028,  0.0377302 ,  0.06986025,
          0.01884222],
        [-0.07422103, -0.03642724, -0.11369017,  0.09547678,
         -0.09991   ],
        [-0.0903963 , -0.053951  ,  0.02196856,  0.02523278,
         -0.04313115]],

       [[-0.07768393, -0.10175912, -0.04303257, -0.10802576,
          0.00288379],
        [-0.0874138 ,  0.01257785,  0.08705991,  0.02523865,
         -0.11246647],
        [-0.03428085, -0.03547368, -0.07019114,  0.04687788,
          0.05664583],
        [-0.0162031 ,  0.01814558,  0.08504841,  0.00891995,
         -0.00079422],
        [-0.06980536, -0.1025396 ,  0.1097531 ,  0.01759093,
          0.02049761]],

       [[-0.01361762, -0.0836257 , -0.09290019,  0.10144491,
          0.08017403],
        [ 0.02652502,  0.09779259,  0.02862976,  0.06858672,
         -0.05750601],
        [ 0.05519037, -0.02319724,  0.11185644, -0.00181544,
          0.03337882],
        [ 0.01115379,  0.06630624, -0.09871733,  0.07238695,
          0.05357958],
        [ 0.10330972, -0.07279678,  0.09028137,  0.09334002,
          0.02116152]],

       [[-0.10365168, -0.09409262, -0.06264025,  0.0846215 ,
         -0.05680416],
        [-0.09586263,  0.04725411, -0.0706247 ,  0.10704086,
         -0.05791372],
        [-0.01522499, -0.06739438, -0.01886184, -0.1096328 ,
          0.01597002],
        [-0.06801139,  0.03999761, -0.03016168, -0.03669086,
         -0.10924532],
        [ 0.05995075,  0.0692538 ,  0.10657895, -0.06583841,
          0.03139498]]])
 array([[[ 0.04108036,  0.06071462,  0.09007032, -0.0543193 ,
         -0.10587931],
        [-0.10492791, -0.00943024,  0.00017164,  0.02408875,
          0.02450599],
        [-0.07360969,  0.07582201,  0.07779943,  0.08869348,
          0.03084149],
        [-0.1072653 ,  0.08204062, -0.07731828,  0.00179444,
         -0.02025835],
        [-0.02593055,  0.06556695, -0.11275896,  0.01593821,
          0.04240477]],

       [[ 0.08939044, -0.05393361, -0.07608472,  0.04601649,
          0.09835969],
        [-0.07834846,  0.07175383,  0.08650533, -0.0782918 ,
         -0.02814731],
        [-0.0477769 ,  0.07691531,  0.00254699, -0.05636032,
         -0.04535625],
        [-0.08569756, -0.10808616, -0.07680104, -0.11006133,
          0.09005587],
        [-0.09917054, -0.04711876, -0.03893741,  0.06911437,
          0.07840842]],

       [[ 0.05396577, -0.1125032 ,  0.06555646, -0.01760983,
          0.04002661],
        [ 0.09615281,  0.08261161,  0.05551939, -0.07978368,
         -0.09939327],
        [-0.06009765,  0.04007341, -0.08507999, -0.10539925,
          0.08890993],
        [-0.02837604,  0.09031773, -0.0086935 , -0.06593881,
         -0.09748588],
        [-0.09342794, -0.11232135,  0.01016647, -0.01753119,
          0.02443089]],

       [[-0.00453719, -0.0646874 , -0.03963547, -0.02622519,
          0.02852509],
        [ 0.10937416,  0.0580384 ,  0.06488319, -0.02778602,
         -0.06984458],
        [-0.0878146 , -0.00520429,  0.11371418, -0.06124484,
         -0.1035324 ],
        [-0.02120164,  0.08906898, -0.04476013,  0.0981936 ,
          0.09193761],
        [ 0.03002819,  0.10936067,  0.08668062,  0.06814031,
          0.0725286 ]]])
 array([[[-9.68454808e-02, -1.68319163e-02, -5.60984194e-02,
          7.19968678e-02,  4.35779620e-02],
        [-9.89110644e-02,  2.24544492e-02, -1.02843841e-01,
         -6.30413836e-02, -1.12812912e-01],
        [-1.03039663e-01, -4.18822039e-02,  4.06559650e-02,
          1.45679843e-02, -5.34063340e-02],
        [-9.47366268e-02,  1.05029626e-01,  7.48128995e-02,
         -1.07082817e-01, -5.96530731e-02],
        [-7.72716456e-05, -1.06895440e-01, -5.01823225e-02,
          5.47077649e-03, -1.03617383e-01]],

       [[ 1.10575578e-01,  5.70365129e-02, -5.21712237e-02,
          6.06061774e-02,  3.99661365e-02],
        [-1.72655470e-02,  1.04746252e-02, -8.58425378e-02,
         -9.86637026e-02,  9.81121050e-02],
        [-1.22248736e-02, -3.97050302e-02, -8.28822218e-02,
         -8.12664296e-02, -1.76904153e-02],
        [-1.80350287e-03,  6.27758697e-02, -1.31056083e-04,
         -8.63847347e-02, -7.39066827e-02],
        [ 9.03751483e-02, -1.82437682e-02, -7.90321691e-02,
         -6.16623293e-02,  6.72810736e-02]],

       [[-1.12395850e-01,  9.58975114e-03,  3.31379873e-02,
         -2.49843834e-02, -4.96574471e-02],
        [-4.50673547e-02,  9.88033009e-03,  9.51798378e-02,
         -1.09101004e-02,  2.27055887e-02],
        [ 8.00117531e-02, -9.06365813e-02, -4.72818005e-02,
          8.21522755e-02, -7.24382479e-02],
        [ 5.01673929e-02,  3.40246752e-02, -2.16146525e-02,
          8.77909204e-02,  6.75083379e-02],
        [ 1.00603642e-01, -3.60911370e-02,  4.17463786e-02,
          5.48319401e-03,  9.62741509e-02]],

       [[-1.01784138e-01, -1.11391938e-01,  6.03680637e-02,
          7.53165551e-02,  1.03463454e-01],
        [ 4.14749374e-02, -2.66667265e-02, -7.32886396e-02,
         -6.15077124e-03, -4.04016198e-02],
        [ 1.00448745e-01,  7.00826434e-03, -2.09667790e-02,
         -3.95685512e-02, -7.45501779e-02],
        [-1.11853769e-01,  8.61049351e-02,  4.50632622e-02,
          1.16568557e-02, -8.31028452e-02],
        [ 3.60203301e-02,  1.06497752e-01,  1.40121614e-04,
         -2.89386917e-02, -5.86031388e-02]]])
 array([[[ 0.00108934, -0.1049508 ,  0.10677969,  0.07573869,
          0.06419742],
        [ 0.01507513, -0.0664736 , -0.02049944, -0.02983927,
          0.04925796],
        [-0.07027498,  0.10597815,  0.08531715, -0.11221445,
         -0.07422212],
        [ 0.00749732,  0.08940181,  0.08110642,  0.07438664,
          0.09726601],
        [ 0.09549197,  0.0303012 ,  0.07827326, -0.10215529,
         -0.1124541 ]],

       [[-0.10802337,  0.06054456,  0.01511177,  0.09573088,
          0.0716281 ],
        [ 0.05984026,  0.06287858,  0.01828166, -0.08777645,
         -0.06798547],
        [-0.03381555,  0.09445444, -0.07082301,  0.00171206,
          0.0755259 ],
        [ 0.03161119,  0.00246344,  0.09197485, -0.05290421,
         -0.07861393],
        [ 0.09572162, -0.09766725,  0.10974765,  0.06423563,
         -0.1114173 ]],

       [[ 0.04254407,  0.03806475,  0.06791546,  0.04800419,
          0.00192153],
        [-0.05559151,  0.00254779, -0.06336878,  0.09182656,
         -0.04044508],
        [-0.07721472, -0.03238572,  0.06597657, -0.1104066 ,
         -0.06173307],
        [-0.0223463 , -0.04376295,  0.04634906, -0.02633261,
          0.04944743],
        [-0.09240032,  0.04386445,  0.04424206, -0.00300396,
         -0.05238981]],

       [[ 0.06405984, -0.07181479, -0.023592  ,  0.04412663,
         -0.09265104],
        [ 0.00023789, -0.02142216,  0.03946929,  0.09105892,
          0.09424627],
        [-0.02423443,  0.04922896,  0.02770813,  0.08792026,
          0.09070601],
        [ 0.1116967 ,  0.04875415,  0.05756913,  0.04218883,
          0.10575842],
        [ 0.05359306, -0.01154657, -0.10726269,  0.11239447,
         -0.08018289]]])
 array([[[-0.04304299, -0.0953517 ,  0.00649317, -0.03067195,
          0.04157884],
        [-0.01380614, -0.06904676,  0.03281856, -0.08486981,
          0.10372685],
        [-0.05735784, -0.02396305, -0.00832455, -0.06962897,
         -0.01788445],
        [-0.08842484,  0.01490819, -0.10411563,  0.08767136,
          0.02919528],
        [ 0.0686458 , -0.09467799, -0.0661782 , -0.05668834,
         -0.08315887]],

       [[-0.03921828, -0.09770071, -0.11122521,  0.06487917,
          0.00914053],
        [ 0.02072651, -0.02343057, -0.10822564,  0.01615492,
          0.06957209],
        [ 0.09596766,  0.0788122 ,  0.07955594, -0.04092415,
         -0.05900584],
        [-0.05373611,  0.07797372, -0.09232303,  0.00281762,
         -0.11165563],
        [ 0.10245014,  0.08751136,  0.02639757, -0.03647181,
          0.06496041]],

       [[ 0.05077692, -0.08801212, -0.03010749,  0.02753745,
          0.10564743],
        [-0.10042133,  0.11043815, -0.07651396, -0.00810382,
          0.05976119],
        [-0.00543538, -0.00692347, -0.03262897, -0.04362847,
         -0.10856766],
        [ 0.09647963, -0.03671691,  0.01539647,  0.00524148,
          0.08680725],
        [-0.08962095,  0.06351512,  0.10822286,  0.04166801,
         -0.06136633]],

       [[-0.08502072, -0.01104511, -0.07868726,  0.03242103,
          0.03241852],
        [ 0.02409882,  0.07586665,  0.03163738,  0.07150612,
         -0.09160754],
        [-0.03641596,  0.11112588,  0.03435644,  0.02215148,
          0.01344119],
        [ 0.07324177,  0.01764477,  0.09038752, -0.00058907,
         -0.03583525],
        [-0.04450297, -0.0759122 ,  0.00250199, -0.0147486 ,
          0.10187467]]])
 array([[[-0.00073713,  0.04292794,  0.01020626,  0.03368579,
         -0.06986349],
        [ 0.04556858,  0.02033334,  0.02252241, -0.01994797,
         -0.021081  ],
        [ 0.01443069,  0.00315201, -0.05987043, -0.0468787 ,
         -0.00741092],
        [ 0.01917535, -0.05883646,  0.03571705, -0.05196295,
          0.01774993],
        [-0.07401023, -0.04982322,  0.02453446,  0.0219874 ,
          0.0073478 ]],

       [[-0.00376815, -0.01685263,  0.0352929 ,  0.01895279,
          0.00026936],
        [-0.0498523 ,  0.05515972,  0.03206688, -0.02497278,
         -0.05471914],
        [-0.06183308,  0.02378347,  0.02708224, -0.00122276,
          0.05750613],
        [-0.06890119, -0.01982433, -0.03328484, -0.05119643,
         -0.04037212],
        [-0.04558926,  0.07693109,  0.03556732,  0.02256924,
         -0.03605445]],

       [[-0.00938214, -0.05759255, -0.0648939 , -0.04515249,
         -0.04751503],
        [ 0.00927037,  0.0101911 ,  0.05410687,  0.00458633,
         -0.03400953],
        [ 0.05433315, -0.04222925,  0.02942554,  0.06089529,
          0.03284295],
        [ 0.02472731, -0.01917623,  0.01000807,  0.02273425,
         -0.00103442],
        [ 0.03911986, -0.07144111,  0.03981861, -0.07549322,
         -0.04373588]],

       [[ 0.03642752,  0.05793283, -0.01034439, -0.00211937,
         -0.02469579],
        [ 0.07254585, -0.07353211,  0.01436332,  0.05338416,
         -0.01986726],
        [-0.06628896, -0.07498878, -0.04413121, -0.04640603,
         -0.05315536],
        [-0.00579826, -0.03545442, -0.04883243, -0.07373971,
         -0.06510151],
        [ 0.03951802,  0.03039318, -0.04969589, -0.03776626,
          0.0631545 ]],

       [[-0.07278571, -0.05879973,  0.02959584, -0.04292289,
         -0.04280535],
        [-0.01526563,  0.02748694,  0.06239287,  0.02620033,
          0.04239329],
        [ 0.07599663, -0.05815918, -0.03320578,  0.06818349,
          0.02751703],
        [ 0.03911418, -0.05775497, -0.007078  , -0.06562089,
         -0.00580531],
        [-0.06257946, -0.02353137, -0.00331717, -0.01470619,
          0.04088175]],

       [[-0.00352595, -0.05745368, -0.07502533,  0.02356526,
          0.05031006],
        [ 0.02769431,  0.02644156,  0.06747914, -0.05064682,
          0.07166622],
        [-0.00107716, -0.04884281,  0.00919094, -0.02941726,
          0.06312971],
        [ 0.0026786 ,  0.00505667,  0.02687329, -0.06989396,
          0.07234144],
        [ 0.04149968, -0.03624062,  0.04120274, -0.01361512,
         -0.00198934]]])][-0.14893732573274077, 0.028857787144520697, 0.0231262405516727, 0.012493131581315597, -0.051795764612173195, 0.07254191822031439, 0.016492010830357437, -0.07053166572495922, 0.0966052612050395, 0.048262012973488186, -0.09060487466416231, 0.10172951162579964, 0.0008880520673698461, 0.11319886343154704, -0.030256151599718728, -0.05668869589306294]
-----------------------------------------------
[[ 0.00872551  0.34556764]
 [-0.2406561  -0.03988421]
 [-0.26615029  0.47563573]
 [-0.46423916 -0.38947157]
 [-0.01631268  0.16183083]
 [-0.39277866 -0.22546236]
 [ 0.29257106  0.30666806]
 [-0.27493527  0.27866858]
 [-0.13809446  0.22939273]
 [-0.04221917 -0.17487448]
 [ 0.06067912  0.2659504 ]
 [-0.32784294 -0.07899741]
 [-0.21172947 -0.03638346]
 [ 0.40677192  0.41047793]
 [-0.22139196  0.02492757]
 [-0.37188379  0.17536494]]
-----------------------------------------------
[[[[ 2.54955445e-02 -1.83596506e-02  7.24859807e-03  2.72830307e-02
    -1.43231784e-02]
   [ 5.40164678e-03  2.43553463e-02 -1.66007454e-02 -5.46895896e-03
     1.42635627e-03]
   [ 2.31149285e-02 -6.24762706e-04  1.09233149e-02 -2.64478848e-02
    -1.38555378e-02]
   [-1.49434160e-02  1.93901214e-02 -9.12452563e-03 -2.17109197e-02
    -6.89381659e-04]
   [-1.54894103e-02  1.22684767e-02  1.80285875e-02 -1.42816562e-02
    -2.06977891e-02]]

  [[ 2.43394183e-02 -1.74936977e-02 -2.03832048e-02 -6.83828927e-03
    -1.14907024e-02]
   [-1.47003674e-02  2.83965386e-04  2.59947284e-03 -2.03780931e-02
    -1.70735406e-02]
   [ 6.35070578e-03 -1.68233604e-02  4.19193945e-03  1.09535842e-02
     1.37064254e-02]
   [ 2.18917809e-02 -1.73194374e-02  1.98777227e-03  6.90407712e-03
    -1.09298206e-03]
   [-3.15860028e-03  1.20110095e-02  1.97025435e-02 -2.84912675e-02
     2.12199885e-02]]

  [[-1.40817734e-02 -1.05971337e-02  1.73350888e-02  1.71792036e-02
     1.75131960e-02]
   [ 6.79518223e-03  5.94718707e-03 -1.57077709e-02  2.04348465e-02
    -2.43493766e-02]
   [ 1.19985467e-02  6.73738265e-03  1.07288237e-02  1.63979926e-02
     3.98598195e-03]
   [-2.72390739e-02  3.05119470e-03  2.25348516e-02  4.05884729e-03
     1.87869789e-02]
   [ 2.16496515e-02 -2.65144545e-03 -4.42936082e-03 -1.12241922e-02
     1.77060228e-02]]

  ...

  [[-2.01804899e-02  7.47862427e-04  3.30108464e-03  6.15280460e-03
     2.00379577e-02]
   [-9.11381554e-03  1.57183372e-02 -7.67803355e-03 -2.55026769e-02
     1.88889482e-02]
   [ 1.23893926e-02 -6.10764853e-03 -8.02887323e-04  1.57820355e-02
     7.46805229e-03]
   [ 2.21274086e-03  1.52165794e-02 -2.32496306e-02  1.18508922e-02
     1.47025335e-02]
   [ 2.26566695e-02 -1.52842214e-02  2.77843696e-02  1.42594891e-02
     2.11423373e-02]]

  [[ 2.83999130e-02  3.57099461e-03  2.11835929e-02 -1.41826219e-02
    -2.00231883e-02]
   [ 1.26970613e-02  3.50355107e-03  1.72398218e-02 -2.63370455e-02
     8.58989851e-03]
   [-2.42536642e-02  1.09702296e-02 -1.00861617e-02  1.74908083e-02
    -1.97963006e-03]
   [ 1.48280012e-02 -2.29981074e-02 -1.19913136e-02 -2.50912703e-02
    -1.02066928e-02]
   [ 1.27120065e-02 -1.75618964e-02  1.20173635e-02  2.03148865e-02
    -1.48626031e-03]]

  [[ 1.34108703e-03  1.00459807e-02  1.33888585e-02 -1.92566436e-02
    -2.08836015e-02]
   [ 2.54258016e-02 -5.90780080e-03 -2.68596482e-03 -2.17598679e-02
     1.75483430e-03]
   [-2.13956029e-02 -1.42055103e-02  4.35291520e-03  5.57724326e-03
    -7.20456008e-03]
   [ 2.69333914e-02 -3.68114159e-04  1.39996856e-03 -2.08925909e-03
     2.08955501e-02]
   [-2.28564062e-03 -2.75582421e-02 -2.56119215e-02  2.93293616e-02
    -1.77737623e-02]]]


 [[[ 2.94814076e-02 -1.69907001e-02  1.21786702e-02  1.12204170e-02
     2.06101977e-03]
   [-1.40972876e-02  1.87919840e-02  4.84174787e-03  2.69951891e-02
     5.93738801e-03]
   [ 2.25189815e-02 -1.92427873e-03 -1.03249337e-02  7.14880002e-03
     2.48805495e-02]
   [-1.22364382e-02  5.17607140e-03  1.82471046e-03 -1.98308183e-02
    -2.62005982e-02]
   [ 1.92467086e-02  2.08227598e-02 -2.30889401e-02  6.71050185e-03
     4.14088077e-03]]

  [[-2.16946373e-02 -1.46289647e-02  3.30363974e-04 -2.84918007e-02
     2.14874725e-02]
   [-2.67263114e-02 -1.49422863e-02  2.06271183e-02 -1.70639585e-02
     1.16238442e-02]
   [-1.10901054e-02  1.48167251e-02  2.09710661e-03 -4.87994632e-03
     2.46740765e-02]
   [-1.33177844e-02  2.11706193e-02  2.11197431e-02 -2.46826691e-02
     2.41520573e-02]
   [-1.79919432e-02  1.38463828e-02 -1.77277758e-02  8.10128045e-03
     2.14745354e-02]]

  [[ 3.54177232e-03  9.20938696e-03  5.25480498e-03  3.32220120e-03
    -2.46659648e-02]
   [ 7.09223702e-03 -3.06607832e-03  2.45384464e-02  1.53357543e-02
    -5.23648407e-03]
   [ 1.46064386e-02 -9.16930823e-03  1.87307268e-02 -1.84036985e-02
     2.94804312e-02]
   [ 1.03105346e-02 -2.62789128e-02 -8.42715582e-03  1.24830751e-02
     3.16578979e-03]
   [-1.91837828e-02  9.73631547e-03  6.25696989e-03 -1.36690517e-03
    -2.16647397e-02]]

  ...

  [[-1.28160048e-02 -1.26715385e-02  2.85895467e-02 -4.86814097e-03
     4.50615647e-03]
   [ 8.02152796e-03 -8.28542329e-03 -2.87395855e-02 -1.91026182e-02
    -2.13887902e-02]
   [-1.21137398e-02  1.20085454e-02  1.85117581e-02 -1.55339419e-02
    -1.97936968e-02]
   [-2.42820636e-02  2.40003733e-02  1.24192639e-02 -2.38780730e-02
    -2.48661474e-03]
   [-1.97831845e-02 -5.98758883e-03 -3.93566415e-03 -1.27649236e-02
    -6.92750900e-03]]

  [[ 2.93762274e-02 -1.49136149e-03 -1.56257716e-02 -2.52016299e-02
     1.21052950e-03]
   [-2.29253903e-04 -1.35035524e-02 -2.13416438e-02  5.83056014e-03
     2.40084694e-02]
   [ 1.15106397e-02 -2.16233149e-03 -2.64222378e-02 -5.27289359e-03
     2.14419683e-02]
   [ 1.39352828e-02  2.78175624e-02  1.10886152e-02  3.62213909e-03
    -2.19795865e-02]
   [-1.27101671e-02 -4.07281244e-03  1.14518698e-02 -1.00014823e-02
     7.38296230e-03]]

  [[-1.43073835e-02  1.18878334e-02 -1.80667775e-02  1.74554858e-02
    -1.26383970e-02]
   [-1.71713962e-02 -9.26694789e-04  9.35140756e-03 -2.05407645e-02
     7.76669783e-03]
   [ 1.70499221e-02  1.40614949e-02 -2.04582976e-02  1.59953127e-02
    -2.26089809e-02]
   [-1.66976268e-02 -2.31722741e-02 -1.78881423e-02 -1.79671334e-02
     1.74192882e-02]
   [-2.39209444e-02  5.69179195e-03  2.63318304e-02 -2.37184309e-02
    -2.37672899e-02]]]


 [[[ 4.96392482e-05  1.13777460e-02  1.40733823e-02  9.01483224e-03
    -1.66418369e-02]
   [-1.71430664e-02 -1.28735844e-02  3.12237396e-03 -2.20341728e-02
    -8.17255977e-03]
   [-1.47160527e-02  2.93085209e-02  3.65337879e-03  1.44610692e-02
    -6.72867894e-03]
   [-1.02230934e-02  1.04423696e-02  2.74663014e-02 -1.00220387e-02
    -2.53358968e-02]
   [-5.25430841e-03  2.68398088e-02  2.13400192e-02 -2.20302070e-02
     1.14429154e-02]]

  [[-2.84418883e-02 -2.57555307e-02  2.95943733e-02  1.32611533e-02
     1.77967720e-02]
   [-2.59953715e-02 -4.96317745e-03 -2.04314278e-02 -1.27198831e-03
    -1.77893418e-02]
   [ 1.27836635e-02  2.17841491e-02 -1.65727829e-02 -2.84925336e-03
    -1.50631846e-02]
   [ 1.36912245e-02 -2.69322490e-02  2.20496179e-02 -2.02059777e-02
     3.73365409e-03]
   [ 1.32814836e-02 -3.93276092e-03  2.66118714e-02 -1.77216993e-02
     2.17081003e-02]]

  [[-5.81132799e-03  1.36555412e-02  1.65999127e-02  2.69327005e-02
    -2.07900328e-02]
   [ 1.47860708e-02  2.18561924e-02 -1.46420585e-02 -1.50859394e-02
     7.96807350e-03]
   [ 1.28677741e-02  1.85547607e-02 -9.14770345e-03  1.21725933e-02
    -7.16735428e-03]
   [ 2.14936739e-02 -1.03768956e-02 -2.48593469e-02 -2.72204445e-03
    -1.54705314e-03]
   [ 3.65649926e-03  3.28850718e-03 -7.51681735e-03  2.52695264e-02
    -3.23733604e-03]]

  ...

  [[-3.90601256e-03  2.81786457e-02 -1.87531863e-02  1.13487767e-02
    -1.21800840e-02]
   [ 2.34241593e-02  3.62807047e-03  1.98702852e-02 -3.98640384e-03
     2.85740765e-02]
   [-1.96539635e-02  7.83941470e-03 -2.84416591e-02 -2.87644120e-02
     2.34204857e-02]
   [-2.69244903e-02 -1.54018565e-02 -7.09053032e-04 -2.34351614e-02
     2.09347585e-02]
   [-1.01181239e-02  2.79229026e-03  1.60139360e-02  1.27808369e-03
    -8.00277019e-03]]

  [[ 2.58552579e-02  9.05332029e-03  6.77034598e-03  2.16371933e-02
    -2.22970264e-02]
   [-1.98218166e-02  7.29182076e-04 -6.25768671e-03  5.77039907e-04
     2.70405859e-02]
   [-2.21160831e-02  2.28925603e-02  1.34315758e-02  4.27525064e-03
    -7.49503631e-03]
   [-2.15581902e-02 -2.93439569e-02 -2.36812386e-03  1.73701837e-02
     1.38045683e-02]
   [ 2.60429797e-02  1.00842771e-02  1.04217607e-02 -1.15973547e-02
    -2.20000193e-02]]

  [[-1.14618437e-02 -2.00416653e-02 -2.20761879e-02  2.03652216e-02
     2.71663077e-02]
   [ 5.64432175e-03  2.45911119e-02 -3.80262607e-03  2.63542997e-02
     2.75033644e-02]
   [-2.27470158e-02  2.69893771e-02  6.33403641e-04  1.97711745e-02
     1.18719167e-02]
   [-2.55001297e-02 -2.30442524e-02  1.35582544e-02 -1.37829430e-02
    -2.03470077e-02]
   [-5.93819192e-03 -4.41836256e-03 -1.62386364e-02 -2.03167638e-02
    -2.50697413e-02]]]


 ...


 [[[ 2.03283913e-02 -1.88109687e-02 -4.83723313e-04 -3.37358754e-03
    -2.05382775e-02]
   [ 2.15358532e-02  2.83285426e-03  1.42512839e-02  8.86692734e-03
    -6.86485177e-03]
   [-1.35605002e-02  1.77727396e-03 -8.68820956e-03  2.30169173e-02
    -2.69077405e-02]
   [-1.65906209e-02 -2.33365102e-02  6.00736934e-03 -3.77064327e-03
    -1.35171261e-02]
   [ 2.69501777e-02 -1.35765155e-02  9.87866517e-03  1.36453655e-03
     2.90456115e-02]]

  [[-1.38545299e-02  2.46705134e-03 -2.13320670e-02  1.98711153e-02
     1.87008940e-02]
   [ 1.76250514e-02  1.37925437e-02  3.55110273e-03  9.94369772e-03
     1.07777821e-02]
   [-2.34480702e-02  2.47338667e-02  1.93475494e-02 -2.23621912e-02
    -2.42971522e-02]
   [ 1.10875486e-02  1.42124911e-02  7.50010539e-03 -1.81374186e-02
     5.41412588e-03]
   [-4.78108896e-04 -4.68469292e-03  5.11333382e-03 -2.21906413e-02
    -2.67241837e-02]]

  [[-2.10407262e-02 -1.60491028e-02 -2.60548525e-02 -3.32716495e-04
    -2.37717194e-02]
   [ 1.65116711e-02  2.41035441e-02  4.72513584e-03  1.69207229e-02
    -4.62832084e-03]
   [-9.77265890e-03  4.00758368e-03  1.51114744e-02 -5.60514373e-03
    -2.82927218e-02]
   [-1.83496163e-02  2.32753920e-02 -1.42857652e-02 -7.44857898e-03
     1.15455572e-02]
   [-1.15565181e-02 -2.20683729e-02 -1.87181562e-02  2.11871258e-02
     1.72730945e-02]]

  ...

  [[-2.31985546e-02 -1.34891128e-02 -1.39695860e-02  1.62123352e-02
     2.41554285e-02]
   [ 1.93990994e-03 -7.64791336e-03  2.54296833e-02 -1.30299936e-02
     3.72088972e-03]
   [ 2.55806769e-03 -9.66488132e-03  1.49912761e-02  8.09416110e-04
    -1.58727102e-02]
   [-2.73047172e-02  2.32149109e-02 -5.46390249e-03  1.10207430e-02
    -4.14385263e-03]
   [-7.52947440e-03 -2.69197416e-02 -1.09403163e-02 -9.08316942e-03
     9.02404839e-03]]

  [[-2.68732072e-02 -5.59468972e-03  2.11152655e-02 -1.13777323e-02
    -1.40052422e-02]
   [ 1.44499582e-02  5.34019211e-04 -1.17549134e-02  1.57714503e-02
    -2.63347255e-02]
   [ 2.42263646e-02 -2.21354609e-02 -2.26812793e-02 -1.54734931e-02
     1.51038657e-03]
   [-2.72113483e-02  1.61390055e-02  4.38148040e-03  2.11995567e-02
    -2.56216390e-03]
   [-1.96054450e-02 -4.86558578e-03 -4.93981822e-03 -1.69383691e-02
    -1.08041483e-02]]

  [[ 1.10393868e-02 -3.58098035e-03 -1.58848577e-02  2.38290051e-03
     1.28366596e-02]
   [ 1.91320633e-02  2.88896846e-02  1.57253963e-02  1.00726239e-02
     6.15915205e-04]
   [ 1.63828611e-02  1.49215107e-02  1.67704336e-02 -2.15626476e-02
    -2.95015900e-03]
   [-7.87235497e-03  1.12741623e-02 -1.07989505e-03  3.82355595e-03
    -1.50923342e-02]
   [ 2.21440342e-02  2.21101240e-04 -6.67048710e-04 -4.40185477e-03
    -6.81037235e-03]]]


 [[[ 1.92381141e-03  2.07471220e-02  2.55180590e-02 -1.91263862e-02
    -4.75126281e-03]
   [ 1.78534025e-02  8.39733690e-03  1.04405096e-02 -1.70162284e-03
    -2.76066351e-02]
   [ 4.86121853e-03  2.93125078e-02 -2.88203209e-02 -9.90791058e-03
     1.16187549e-02]
   [ 6.71177476e-03  4.12402119e-03 -2.89994665e-02  2.88619975e-02
    -1.60454150e-02]
   [-4.46633000e-03 -2.73602780e-02 -1.79131163e-02  1.60060907e-02
    -1.39134526e-02]]

  [[-2.74080947e-02 -2.04283701e-02 -7.38012176e-03  2.65750349e-03
     1.40690526e-02]
   [-5.16741835e-03  1.60824379e-02  1.09959893e-02  1.15752655e-02
     1.90376093e-02]
   [ 2.42712716e-02  1.40229326e-02 -2.35148792e-03  1.38955202e-03
    -2.94706710e-02]
   [-9.69050479e-03  1.12015660e-02  1.40020909e-02  1.85075315e-02
     1.38867135e-02]
   [ 1.07250322e-02  2.91567974e-02  3.02768496e-03  1.24857180e-02
     6.61613883e-04]]

  [[ 2.49819235e-02 -1.55194905e-02 -1.18320858e-02 -1.19632572e-03
     2.93775416e-02]
   [-2.92439044e-02  2.16652336e-02  5.43406131e-04  7.32579079e-03
    -1.46857821e-02]
   [ 1.02573336e-02 -1.77770950e-02 -1.14494167e-02  1.34080626e-02
    -1.35350596e-02]
   [ 1.35187418e-02 -1.17080343e-02 -2.92760622e-02  2.54878974e-02
    -1.16953482e-02]
   [-6.04075399e-03 -1.98453283e-02 -1.47072197e-02  2.69218098e-02
    -1.93482769e-02]]

  ...

  [[ 2.23088216e-02 -1.54850853e-02 -2.86087283e-03 -1.01388531e-02
    -1.51564125e-02]
   [-1.92728374e-02  1.37484221e-02 -1.06294663e-02 -2.57571677e-02
     9.87631820e-03]
   [ 1.49353687e-02  6.96344238e-03  2.14617984e-02 -8.90792532e-03
     1.63191274e-02]
   [-6.96560171e-03 -2.34820318e-02 -1.13574048e-02  2.39517289e-02
    -2.69191584e-02]
   [-9.48314088e-03 -5.64320407e-03  2.57914882e-02 -8.46159237e-03
    -1.44355359e-02]]

  [[ 2.63811242e-03  2.66124294e-03  1.36600386e-02 -2.59080402e-02
     4.48064612e-03]
   [ 1.76964616e-02 -2.65107250e-02  6.14995274e-03 -8.04370782e-04
     6.04837891e-03]
   [ 2.88833897e-02  7.76688418e-03 -4.27222062e-03 -2.79431431e-02
     7.88336148e-03]
   [-1.37849532e-02  1.26214973e-03 -7.88502639e-03  1.36530742e-02
     1.82449872e-02]
   [-2.88410080e-02  1.26635376e-02  5.23834857e-03  1.76664406e-02
     2.69742151e-02]]

  [[ 1.86367376e-02 -2.15715673e-02 -2.08033105e-04 -2.67602216e-02
    -5.49439299e-03]
   [ 1.26719353e-02  2.49836481e-02  8.75022959e-03  2.45908665e-02
     2.36395006e-02]
   [ 8.57873294e-03 -2.74315715e-02 -2.34395817e-02  1.88656425e-02
    -8.58481716e-03]
   [-2.52433024e-02 -1.37920687e-03 -4.63256787e-04  1.15092489e-02
    -3.39542753e-03]
   [ 2.39425006e-02 -2.69576525e-02  2.95473742e-02  2.91621585e-02
     2.15849606e-03]]]


 [[[ 1.14746408e-02 -1.01713283e-04 -2.78203373e-02  7.30107644e-03
    -2.64275402e-02]
   [-6.71976281e-03  1.09379713e-02 -2.25432482e-02  8.95725282e-03
     2.50726828e-02]
   [-2.89650827e-02  2.01291725e-02  8.44579736e-03  2.54248813e-02
     1.91706220e-02]
   [ 1.41808537e-02 -4.59440197e-03  6.85510519e-03  1.57704053e-02
    -1.75559461e-02]
   [ 6.20827930e-03  2.04423696e-02 -1.60678407e-02  3.54019641e-03
     1.37284117e-02]]

  [[ 1.77649318e-02 -8.92570546e-03  1.33263776e-02  2.88453327e-02
     8.28864747e-03]
   [-5.08107020e-03  2.05480829e-02 -1.68119758e-02 -1.47201928e-02
    -2.09369850e-02]
   [-2.05009348e-02 -2.88635864e-02 -2.19912398e-02  2.74671641e-03
    -2.64282881e-02]
   [ 1.06575082e-02 -5.40784174e-03 -8.38175029e-03  1.73479601e-02
     2.71734672e-02]
   [ 4.72496845e-03  2.31121500e-02  1.55621614e-02  2.93735600e-02
     2.32685636e-02]]

  [[ 5.05152483e-04 -2.93428497e-02 -2.76326212e-02  1.84134730e-02
    -1.82202954e-02]
   [ 4.44362680e-05  2.83789769e-02 -2.75725901e-02 -9.50692522e-03
     2.36773835e-03]
   [ 1.37471692e-02  2.67460978e-05  6.27429831e-03 -3.33540436e-03
    -2.62110427e-02]
   [ 1.10597700e-02 -3.04289996e-03  2.80092237e-02 -2.21640810e-02
    -1.97198532e-02]
   [ 2.69504008e-02 -2.48644424e-02 -1.09655632e-02  1.11789292e-02
    -1.07860045e-03]]

  ...

  [[ 2.57267645e-02 -1.20710391e-02  2.35023382e-02 -2.69840802e-02
    -1.56899093e-02]
   [-4.27990561e-03 -7.78541610e-03 -1.23957248e-02  1.36603892e-02
    -6.79027754e-03]
   [-1.03057804e-02  7.12569858e-03 -2.66434403e-02 -1.29438110e-02
     1.40567649e-02]
   [-9.52807658e-03 -2.75990257e-02  8.73826742e-04 -1.36834353e-02
     1.38800329e-02]
   [-4.77880266e-03  9.27275862e-03 -2.19621130e-03  1.40148654e-02
    -2.38383232e-02]]

  [[-2.69315154e-02 -1.44143304e-02 -1.21759102e-02  1.57992040e-02
    -6.74979361e-03]
   [ 5.85867676e-03 -1.75732671e-02  1.27293094e-02 -1.23715871e-02
     5.28026711e-04]
   [ 1.22029824e-02  2.72686234e-03  3.78006982e-03 -2.79934545e-02
     2.49990302e-02]
   [-2.23119340e-02 -1.13875969e-02 -9.58450294e-03 -2.85892558e-02
    -1.95999879e-02]
   [-2.05467645e-02 -2.50751068e-02 -7.26648132e-03  1.45795683e-03
    -1.19501594e-02]]

  [[-2.37347267e-02 -2.37983709e-03  2.40831519e-02  2.08248979e-02
     1.15770862e-03]
   [ 2.55066621e-02 -1.39893926e-03  2.52575061e-02  1.10014721e-02
     6.68675708e-03]
   [-1.17475988e-02  1.88292806e-02 -2.36669794e-02  3.58022565e-04
    -2.54898179e-02]
   [-8.42428955e-03  1.55662831e-02 -2.91678349e-02 -2.55770965e-02
    -1.80430807e-02]
   [-1.05609904e-02  2.87550410e-02  2.13405340e-03 -1.92652202e-02
     1.17355359e-02]]]][0.0020292373321969086, 0.020118406698917835, -0.017098977837576988, 0.027232295301732035, -0.02361161854083689, -0.015686015776473702, -0.01817018860884769, -0.014666623127355142, 0.020831266279157313, -0.009391906929232939, -0.023804514244183957, -0.00823102841748578, 0.005701712063465283, -0.02296926609807866, -0.01229489199345066, -0.023925027570788855, 0.016729608749536762, 0.026761104533331855, 0.00511716646058075, 0.01753063263751142, -0.024323131059681175, -0.0013791093622802578, 0.0208118722970066, -0.02906254154663003, 0.013401585283473839, -0.008733675154056389, -0.017614781691043913, 0.00409466728685676, -0.016628433698717, -0.009937953549935229, 0.009224668545785495, 0.01032944124437168, 0.0029880299529796046, -0.01353516370202439, 0.006697834859506747, -0.0005687527959255048, 0.021239681619299667, -0.005986842361326274, -0.0003096818777053832, 0.005884709711124345, -0.02910769737707567, 0.018579417042901978, -0.027687702575384273, -0.014944956336981065, -0.020201456464090405, -0.008182286892252866, -0.012879747577206887, 0.008957009861999179, 0.012328286437018412, -0.007528377702621582, 0.026249044338699592, 0.022425384665822317, -0.028505269340223693, -0.00717727115044289, -0.016576420828933923, -0.02254168263056216, -0.00037530404276970783, -0.003910497488789185, -0.0033344927869715796, 0.003589552911416539, 0.00620883257159149, -0.019267514307466704, 0.014281472245828767, -0.029109967222036563, 0.026240104792687544, -0.022124404905160884, 0.007120969944052733, 0.00790606828531468, -0.008572385977619626, -0.015678638189030456, 0.021531809023703784, -0.012672798902197066, 0.002784024227364044, -0.02879527808610892, -0.023865864150502403, 0.01937808419222593, -0.021014533345467434, 0.01833600315397819, -0.017157598304013026, 0.00996444012877144, -0.023521307071089605, 0.0016904353065010196, 0.02476133035568383, 0.008635104781480146, -0.005348485572717346, 0.021345619110257532, 0.006679998621259186, 0.010566626560557537, -0.015199746833533203, 0.014203376271189786, 0.02193645662749111, -0.0029267231212927146, 0.02740389722673785, 0.011362526566169932, 0.027545771154510578, 0.012907950292447835, 0.027909748835840045, -0.003219544260976582, 0.02298723689395327, 0.008457236960787807, 0.0014147169766881816, 0.003816560930695819, -0.022145835799241873, -0.024517465245126262, -0.0048703823417839305, 0.008664352046144842, -0.012690703718638598, -0.02851044508433362, -0.006635904259470717, -0.012753390757866395, -0.012804505202004112, 0.014597608780188048, 0.01570884234735327, -0.001433458545660543, -0.022828040038486375, -0.014075032905042898, -0.029535624402396463, -0.00393152858007665, 0.011493878908387562, -0.019313460979887218]
-----------------------------------------------
[[-0.00344914  0.01099826 -0.01821525 ... -0.00442136 -0.01918907
   0.00631606]
 [ 0.00521322  0.01064326  0.00312908 ... -0.00989155  0.01008466
  -0.01450153]
 [-0.00981434  0.00744993  0.01133652 ... -0.00081312 -0.00483261
  -0.00937337]
 ...
 [ 0.00292971 -0.01791217  0.01658802 ...  0.01139883  0.01876904
   0.00440345]
 [ 0.01618223 -0.01297026  0.01798795 ...  0.01099573  0.01501062
   0.00513156]
 [-0.01118541 -0.01429406  0.01144946 ... -0.01074934  0.00493914
  -0.00092209]][-0.00789623 -0.00572592  0.01911441 -0.01603479  0.01220518  0.01937015
  0.00619788 -0.003553    0.0017257   0.00998538 -0.00708356  0.00300551
 -0.00892432  0.01154318  0.00057163  0.01597894  0.01163673  0.01579221
 -0.0103411  -0.00472762  0.00291657 -0.00025114 -0.00381547  0.00940964
 -0.01139112  0.00068619  0.00212428  0.00931251 -0.00129429  0.01533868
  0.00079354  0.00898997  0.01292988 -0.01562417 -0.01138223 -0.00372786
 -0.01747525 -0.0146053   0.00039819 -0.01161236  0.01859366  0.00962332
  0.01426495  0.00941398  0.01952133 -0.00634744  0.00114557 -0.00366322
 -0.00886754 -0.01453828  0.0126044   0.01080192  0.00662717 -0.01577103
 -0.00478843  0.0010947  -0.00506438 -0.01950822  0.01257833 -0.01140435
  0.00643713 -0.0037245  -0.01747376  0.00896767 -0.00587769 -0.01533843
 -0.0070457   0.00962592 -0.01650731 -0.00713875  0.01074647 -0.01947006
 -0.0037175   0.00769204  0.01161534  0.01875473  0.01968427 -0.01313523
 -0.00602821  0.00353517 -0.01812027  0.01433278 -0.01939248  0.00719119]
-----------------------------------------------
[[-1.  1. -1. -1.  1.  1.  1.  1. -1. -1.  1. -1.  1. -1.  1. -1. -1. -1.
  -1. -1.  1.  1. -1. -1. -1.  1. -1. -1. -1. -1. -1. -1.  1. -1. -1.  1.
   1. -1. -1. -1. -1.  1.  1.  1.  1. -1. -1. -1. -1.  1.  1. -1. -1.  1.
   1.  1.  1. -1.  1.  1. -1. -1.  1.  1. -1.  1. -1.  1.  1.  1. -1. -1.
  -1.  1. -1. -1.  1.  1.  1. -1. -1. -1.  1.  1.]
 [-1.  1.  1. -1.  1.  1.  1.  1. -1. -1.  1. -1. -1. -1.  1.  1.  1. -1.
  -1. -1.  1. -1.  1. -1.  1. -1.  1.  1.  1. -1. -1.  1. -1.  1. -1.  1.
   1.  1. -1.  1. -1.  1.  1. -1. -1. -1.  1. -1.  1. -1.  1.  1. -1.  1.
   1. -1. -1.  1.  1. -1. -1.  1. -1. -1. -1.  1.  1. -1.  1.  1.  1.  1.
  -1.  1.  1.  1.  1. -1. -1.  1.  1. -1.  1.  1.]
 [ 1. -1. -1. -1.  1.  1.  1. -1. -1.  1. -1.  1. -1.  1. -1.  1.  1. -1.
   1.  1.  1. -1.  1. -1.  1.  1.  1. -1. -1. -1. -1.  1.  1. -1. -1.  1.
   1.  1. -1.  1. -1. -1.  1.  1. -1.  1.  1.  1. -1. -1. -1.  1. -1.  1.
   1. -1. -1. -1.  1. -1.  1.  1. -1. -1.  1.  1. -1. -1. -1.  1.  1. -1.
  -1. -1.  1.  1.  1. -1.  1.  1.  1. -1. -1. -1.]
 [ 1.  1.  1.  1.  1.  1.  1. -1. -1.  1.  1. -1.  1.  1.  1.  1.  1. -1.
  -1. -1. -1. -1. -1.  1.  1.  1.  1.  1. -1. -1. -1.  1. -1.  1. -1. -1.
   1. -1. -1.  1. -1.  1.  1. -1.  1.  1.  1. -1.  1. -1.  1. -1.  1.  1.
   1.  1. -1. -1. -1. -1.  1. -1. -1.  1.  1.  1.  1. -1.  1. -1. -1. -1.
  -1. -1.  1.  1.  1. -1. -1.  1.  1.  1. -1. -1.]
 [ 1. -1. -1. -1. -1. -1. -1. -1. -1. -1. -1. -1.  1.  1.  1.  1. -1. -1.
   1. -1.  1. -1.  1.  1.  1. -1. -1.  1.  1. -1. -1. -1.  1. -1. -1. -1.
   1. -1. -1. -1. -1. -1.  1. -1.  1. -1. -1.  1. -1.  1.  1. -1. -1.  1.
  -1. -1. -1.  1.  1.  1. -1.  1. -1. -1. -1.  1.  1. -1.  1.  1. -1. -1.
  -1. -1.  1. -1. -1. -1. -1.  1.  1.  1.  1.  1.]
 [-1. -1.  1.  1.  1. -1. -1.  1. -1.  1.  1. -1. -1.  1.  1.  1.  1.  1.
   1.  1. -1.  1. -1.  1. -1.  1.  1. -1.  1. -1.  1.  1. -1. -1.  1.  1.
  -1. -1.  1. -1. -1. -1. -1.  1. -1.  1. -1.  1.  1. -1. -1.  1.  1. -1.
   1.  1.  1. -1. -1. -1.  1. -1. -1.  1. -1.  1. -1. -1. -1. -1. -1.  1.
   1. -1.  1. -1.  1. -1.  1. -1. -1. -1. -1. -1.]
 [ 1. -1. -1. -1. -1. -1.  1.  1. -1. -1.  1. -1.  1.  1.  1.  1.  1.  1.
   1.  1. -1.  1.  1. -1. -1. -1. -1. -1.  1. -1. -1. -1.  1.  1.  1.  1.
  -1.  1. -1.  1. -1. -1.  1.  1.  1.  1. -1.  1. -1. -1. -1. -1. -1.  1.
  -1. -1.  1.  1.  1. -1. -1. -1.  1.  1.  1. -1. -1. -1. -1.  1. -1. -1.
  -1.  1.  1.  1. -1. -1. -1. -1.  1.  1.  1.  1.]
 [ 1.  1. -1.  1. -1.  1.  1. -1.  1. -1.  1.  1.  1.  1. -1.  1. -1. -1.
   1. -1.  1.  1. -1. -1.  1. -1.  1. -1. -1.  1.  1.  1. -1.  1.  1. -1.
   1. -1. -1. -1. -1.  1. -1. -1. -1. -1.  1. -1. -1.  1. -1.  1.  1. -1.
   1. -1.  1.  1.  1. -1. -1. -1. -1.  1.  1.  1. -1.  1.  1. -1.  1. -1.
   1. -1.  1. -1. -1. -1. -1. -1.  1. -1.  1. -1.]
 [ 1.  1. -1. -1.  1. -1. -1.  1. -1. -1. -1. -1. -1.  1.  1. -1.  1.  1.
   1. -1. -1.  1. -1.  1.  1. -1.  1.  1.  1.  1.  1.  1. -1.  1.  1. -1.
  -1. -1.  1. -1.  1. -1.  1. -1.  1.  1.  1. -1.  1. -1.  1.  1.  1. -1.
  -1.  1.  1.  1. -1. -1. -1. -1. -1. -1.  1.  1.  1.  1. -1. -1. -1. -1.
  -1. -1. -1. -1. -1. -1.  1.  1. -1.  1.  1.  1.]
 [-1. -1. -1. -1.  1.  1. -1.  1.  1.  1. -1.  1. -1. -1. -1.  1.  1. -1.
  -1.  1. -1. -1. -1. -1.  1.  1.  1. -1. -1. -1. -1.  1.  1.  1.  1. -1.
   1.  1. -1.  1.  1.  1. -1.  1. -1. -1.  1.  1.  1.  1.  1.  1.  1.  1.
  -1.  1.  1.  1.  1. -1.  1. -1. -1. -1.  1.  1.  1.  1.  1. -1.  1. -1.
   1. -1. -1. -1. -1. -1. -1. -1.  1.  1. -1.  1.]]
-----------------------------------------------
