[[[[ 0.17027357  0.37394269 -0.09836999 -0.08581857  0.28984026]
   [-0.09745909  0.02688973 -0.0425745  -0.39447057  0.39168102]
   [-0.14850728 -0.16650343 -0.23274342  0.36694245 -0.35978648]
   [-0.23338147 -0.0730484   0.13665663 -0.37127112  0.10417053]
   [ 0.06690032  0.27209112 -0.13672786  0.19727121 -0.30951559]]]


 [[[ 0.19698877  0.19035757 -0.18739645 -0.0891611   0.0320987 ]
   [-0.18935613  0.20992294 -0.00359094 -0.10986413 -0.02041001]
   [ 0.12666942 -0.13858842 -0.14980378 -0.15469553  0.25112119]
   [ 0.28557103  0.10917229  0.13874144 -0.21331247  0.3353884 ]
   [ 0.34088971 -0.28352426 -0.28047734  0.17259159 -0.00965315]]]


 [[[ 0.09513967 -0.29290917 -0.16613434  0.18897223  0.03214825]
   [-0.09775192 -0.0154482   0.0358846   0.13238859  0.26549716]
   [-0.00561839  0.0282073  -0.3376657  -0.11297592 -0.3339519 ]
   [ 0.21514164 -0.24448675  0.3775707   0.2821532  -0.32761068]
   [-0.15700142 -0.32114056  0.05539549  0.04257165  0.34324392]]]


 [[[ 0.27692863 -0.12540069  0.00953675 -0.17965541  0.3350954 ]
   [-0.3274587   0.14177476 -0.32114128  0.3611821   0.04091691]
   [-0.04494605 -0.20105376  0.36339595  0.112096   -0.39917463]
   [-0.24749218 -0.18239827  0.22489649  0.04187956 -0.39302354]
   [ 0.21206938  0.31382967  0.02877747 -0.09974306  0.0658779 ]]]


 [[[ 0.2650813   0.36784086 -0.29295187 -0.03096595 -0.1217886 ]
   [-0.15611145  0.20498039 -0.17705171 -0.15029119  0.23770899]
   [-0.3004755  -0.09354484 -0.17872552 -0.34081448 -0.13416175]
   [ 0.38323969 -0.3502607   0.12448261  0.2082822  -0.33127773]
   [-0.20002741  0.14880291  0.0618176  -0.35267274 -0.1133294 ]]]


 [[[ 0.24576112  0.12636174  0.05105166 -0.08616677 -0.33071437]
   [ 0.18138967 -0.23064167  0.25596301 -0.07691411  0.19524116]
   [-0.14591685  0.29654518  0.0655164   0.00124927  0.33350122]
   [ 0.33405609 -0.04093006  0.09096065 -0.22690295 -0.01453597]
   [ 0.1153212  -0.3779496  -0.29330444  0.32639476  0.1946891 ]]]][-0.17767898737834711, -0.22181790000972598, 0.10675731554691564, 0.2273506608819305, 0.10711277386515178, -0.3958030237045646]
-----------------------------------------------
[[ 0.0694547  -0.20340264]
 [-0.14036168  0.21546824]
 [ 0.10251213  0.25284244]
 [-0.24801792  0.09041765]
 [ 0.20334604  0.19091913]
 [-0.07160677  0.09034782]]
-----------------------------------------------
[array([[[ 0.11274331, -0.00253538, -0.02089342,  0.13472648,
         -0.14459906],
        [-0.09353056,  0.02139367, -0.05010089, -0.05927912,
          0.13069442],
        [ 0.1174235 ,  0.07018259,  0.05191873,  0.13955175,
         -0.11055338],
        [-0.02395498,  0.07241542,  0.07857509, -0.0516779 ,
         -0.05982347],
        [-0.07120849, -0.11092465, -0.02489944, -0.08733274,
         -0.06659296]],

       [[ 0.12974804, -0.07399588, -0.07194522,  0.07851331,
         -0.11088916],
        [-0.03800093, -0.11164831,  0.02215801, -0.02870512,
         -0.07942802],
        [-0.04123113,  0.12832522,  0.09117707, -0.09419946,
          0.08702772],
        [-0.08120813, -0.05329966, -0.07389993, -0.08431238,
         -0.14548807],
        [ 0.14655377,  0.08939612, -0.00661737, -0.11326287,
         -0.07891312]],

       [[ 0.01724391, -0.01438225, -0.00717632,  0.08772884,
         -0.0272736 ],
        [ 0.07748106, -0.02552683,  0.00276515,  0.04110829,
          0.11138433],
        [ 0.12706434, -0.05118812,  0.11336487,  0.06069175,
          0.00717921],
        [-0.04588119,  0.00590597,  0.07469577,  0.07492694,
          0.11392324],
        [ 0.00879645,  0.1486005 ,  0.07519657,  0.02171747,
         -0.07068112]]])
 array([[[ 1.25523876e-01,  8.79231045e-02,  1.18775491e-01,
          7.70549193e-02, -7.06895832e-02],
        [ 1.45639865e-01, -1.27876894e-01, -3.29467482e-02,
          1.65644446e-02,  7.16882165e-02],
        [-4.69200594e-02, -2.54093260e-02,  3.14922911e-02,
         -5.79309046e-02, -1.07177176e-01],
        [ 1.44697219e-01, -5.42691326e-03, -1.41015785e-01,
          1.60146684e-02, -3.68966557e-02],
        [ 3.08609246e-02, -1.25002323e-01, -2.34563930e-02,
          3.69350940e-02, -1.20675039e-01]],

       [[ 6.77423874e-02, -6.62243598e-02,  1.10779558e-01,
         -6.64192049e-02,  1.92688330e-02],
        [-6.01639851e-02, -1.47218967e-01, -3.64169368e-02,
         -4.87368016e-02,  6.59502047e-03],
        [-2.41969853e-02,  1.91834547e-02, -4.06844813e-02,
         -3.29766018e-02,  4.19102966e-02],
        [ 4.38099673e-02, -1.01057016e-01, -5.85785350e-02,
         -9.84529436e-02, -1.35949469e-02],
        [-1.66747604e-02,  6.80395903e-02, -1.03694065e-01,
          6.11207156e-02,  1.70484934e-02]],

       [[ 4.54291516e-03, -1.44819443e-01,  8.23871146e-02,
          3.75537394e-02,  1.42963435e-04],
        [ 5.41399761e-03,  3.27571364e-02,  1.01778845e-01,
         -8.08800701e-02,  9.68932867e-02],
        [ 1.06220108e-01,  1.08692140e-01,  8.43251893e-02,
          1.40196539e-01,  1.32106612e-01],
        [ 8.63034178e-02,  3.59358364e-02,  6.09029620e-02,
          7.61574288e-02, -9.56903953e-02],
        [ 5.95218905e-02, -5.88179566e-02,  1.18770569e-01,
          1.16775075e-01,  1.47446725e-01]]])
 array([[[-0.14652246,  0.11389561, -0.13365312,  0.09245478,
          0.00641552],
        [-0.12536109,  0.12487305, -0.13909943,  0.13898622,
          0.08679563],
        [ 0.10901245, -0.00672138,  0.1293353 , -0.06268258,
         -0.08435426],
        [-0.07080226, -0.13019149, -0.02384182, -0.05503209,
         -0.12558467],
        [-0.03238203, -0.07347695, -0.01554708, -0.09342788,
         -0.14784837]],

       [[-0.11120789,  0.01971322, -0.06590088,  0.09041128,
         -0.02366289],
        [ 0.06969954,  0.14854228,  0.08533114,  0.1476886 ,
         -0.06160279],
        [ 0.08027886,  0.04256215,  0.00677355, -0.04507864,
          0.07717752],
        [-0.00496348, -0.12514122, -0.04272417, -0.01959289,
         -0.02177997],
        [-0.05236081, -0.07097857, -0.13611146, -0.0461689 ,
         -0.10308933]],

       [[ 0.01871314, -0.11047022,  0.05454575, -0.01644049,
         -0.08224595],
        [-0.13723606, -0.01742831,  0.07552615, -0.02793665,
         -0.0921047 ],
        [-0.12465201, -0.1104359 ,  0.14479567,  0.06302206,
          0.04126637],
        [-0.06085625, -0.09826455, -0.00319421,  0.14707228,
          0.01980066],
        [ 0.13999071,  0.10252341, -0.07210253,  0.03180796,
         -0.12496592]]])
 array([[[ 0.13751043,  0.02223516, -0.014797  ,  0.05276077,
          0.06469243],
        [ 0.02863918, -0.04419501, -0.13139422, -0.14890609,
         -0.05833689],
        [-0.11235136, -0.07723098, -0.04778761,  0.13026911,
          0.0524482 ],
        [ 0.01990027,  0.07974882,  0.11830699,  0.03617943,
          0.14154409],
        [ 0.13914   ,  0.13862126,  0.05325156,  0.12224046,
         -0.05873893]],

       [[ 0.00830332,  0.14094292,  0.03970725,  0.05514553,
         -0.13507264],
        [ 0.14057436, -0.11110483,  0.0767825 , -0.1399724 ,
          0.02079952],
        [-0.14491351,  0.0590951 , -0.1378061 , -0.01235181,
          0.14437354],
        [-0.03715388, -0.07048963, -0.0553474 ,  0.03837364,
         -0.134752  ],
        [ 0.12737564, -0.02671541, -0.03684773, -0.08211606,
         -0.06765216]],

       [[ 0.00981633, -0.02177486, -0.04625019,  0.05118   ,
         -0.01485159],
        [ 0.01903111, -0.06013572, -0.06983012,  0.13949553,
         -0.11998631],
        [ 0.07441911,  0.08844441,  0.11160688, -0.07035811,
         -0.12292018],
        [-0.03116682, -0.07309976, -0.06392499,  0.08008857,
          0.05103196],
        [ 0.03434142,  0.03477897,  0.10225317,  0.04878933,
         -0.00547556]]])
 array([[[ 0.01541448,  0.08636026, -0.00496535, -0.07332587,
          0.12908608],
        [-0.03741702, -0.01624374, -0.06027074,  0.09488474,
          0.13859403],
        [ 0.01011329, -0.02919351,  0.07362089,  0.05183466,
         -0.11751203],
        [ 0.05119976,  0.07007546,  0.09648296, -0.05332024,
          0.00894154],
        [ 0.09446581,  0.0038562 ,  0.12446941,  0.00313872,
         -0.11153815]],

       [[-0.02494811, -0.03900554,  0.02767665,  0.02407114,
          0.0387958 ],
        [-0.13056395, -0.04363254,  0.01275867, -0.04327764,
         -0.09070487],
        [-0.08981032,  0.12451453,  0.01523754,  0.06964955,
         -0.01328197],
        [-0.08083325,  0.03697325,  0.02576008,  0.04680832,
          0.11660861],
        [ 0.07228669,  0.09002463, -0.05526699, -0.03643735,
         -0.0712996 ]],

       [[-0.03867171,  0.09027414,  0.09096075,  0.12984274,
          0.06961685],
        [ 0.08625081,  0.00714139,  0.11694925, -0.09652392,
          0.11800752],
        [ 0.01310218, -0.00755825, -0.03925555, -0.02104933,
         -0.11683385],
        [ 0.13266001, -0.14807814,  0.08623644, -0.06466834,
          0.12042259],
        [-0.03621135, -0.00501536,  0.00221527,  0.10835895,
         -0.02477403]]])
 array([[[-0.04046966,  0.07506384,  0.08973112,  0.08601463,
         -0.01042052],
        [-0.09263204,  0.13080731,  0.05419716, -0.09130359,
         -0.1451995 ],
        [-0.08474448, -0.12235806, -0.03902704,  0.14238472,
          0.01881633],
        [-0.05548564, -0.08215897, -0.08705055, -0.02231577,
          0.0661383 ],
        [-0.11520486,  0.02347935, -0.11228504,  0.06908875,
          0.1233387 ]],

       [[ 0.07778892,  0.10807869, -0.1194758 , -0.03942148,
          0.117309  ],
        [-0.08662431, -0.11154331,  0.00487561, -0.01049887,
          0.03417262],
        [-0.13618909, -0.00419677, -0.01182982, -0.11186538,
          0.1364843 ],
        [-0.05100364, -0.12312111,  0.13778573, -0.1211952 ,
          0.07566832],
        [-0.1028629 , -0.00146973, -0.13398818,  0.07331904,
         -0.13106192]],

       [[ 0.05718952, -0.01821477, -0.09576526,  0.01452329,
          0.08536724],
        [-0.01797779, -0.04369153, -0.09439142,  0.0807493 ,
         -0.07025291],
        [-0.05559883,  0.00416442, -0.1427746 , -0.11692426,
          0.01353836],
        [ 0.06950204, -0.14934999,  0.10099626, -0.10878148,
          0.06863883],
        [ 0.04157854, -0.10863729, -0.07407878, -0.09418961,
         -0.02379714]]])
 array([[[-1.43278894e-02, -3.69266184e-02, -5.82013025e-02,
         -5.78071787e-02,  6.59686443e-02],
        [ 1.06226090e-01,  1.18037443e-02,  2.39709689e-02,
          9.05720923e-02,  1.13519086e-02],
        [-1.75467837e-02, -3.51671917e-02,  1.70944355e-02,
          3.57454000e-02,  2.63629085e-05],
        [-8.32023754e-02,  7.29951210e-02,  9.01961540e-02,
          1.01347695e-01,  5.56144608e-02],
        [-7.49334727e-02,  9.17642352e-02,  9.49541478e-02,
          5.06920325e-02, -7.94653209e-02]],

       [[-7.81274037e-02, -3.34416122e-02, -3.60809557e-02,
          1.11074858e-01, -1.21741425e-02],
        [-5.24824130e-02,  5.00996870e-02,  7.71467370e-02,
          5.13726369e-02, -2.48806811e-02],
        [-1.07291880e-01,  8.86780636e-03, -1.06194217e-01,
         -1.10885012e-01,  3.55112978e-02],
        [-5.21505575e-02,  3.01081080e-02,  7.59179010e-02,
         -1.02696385e-01, -1.00092969e-01],
        [-1.10384474e-01, -4.29520173e-02, -2.07678485e-02,
          3.35385797e-02,  1.21449954e-02]],

       [[ 2.19646939e-02,  1.05762542e-01,  1.11126068e-01,
          1.71498323e-02,  2.67608613e-02],
        [-2.74110278e-03, -9.34321290e-02, -5.13815475e-02,
         -2.75480628e-02,  4.05877466e-02],
        [ 4.29863473e-02, -6.52197970e-02,  9.85676655e-02,
          3.96409530e-02, -7.18017233e-02],
        [ 9.73625135e-02, -5.99722347e-02, -1.92433933e-02,
         -5.13208493e-02, -1.10843627e-01],
        [ 2.75051744e-02, -9.93225869e-02, -9.35442104e-02,
          1.14024491e-01,  8.11241841e-03]],

       [[ 2.93709663e-02,  3.95473591e-02, -7.64074895e-02,
         -9.02993262e-02,  3.56945673e-02],
        [ 1.09743268e-04, -6.78042110e-05,  9.41420316e-02,
         -1.12719483e-01, -6.63370770e-03],
        [ 6.90388851e-02,  2.48099603e-02,  8.99299071e-02,
         -6.66470282e-02,  1.45978040e-02],
        [-3.47096385e-02,  9.43334537e-02,  9.54534719e-03,
          3.54129362e-02,  1.25913015e-02],
        [-9.07982992e-02,  1.01831240e-01, -7.76112900e-02,
         -7.96031658e-02,  1.49527294e-02]]])
 array([[[ 0.05664615, -0.1094046 ,  0.00854722,  0.04826913,
          0.05819238],
        [ 0.09999962, -0.03301622, -0.07772625,  0.0895872 ,
         -0.03343218],
        [-0.09335247,  0.02324625, -0.08394853, -0.09713684,
         -0.02680713],
        [-0.0684646 ,  0.09346728, -0.03504908,  0.03117413,
         -0.00424507],
        [-0.05702123, -0.0991539 ,  0.04988634,  0.09158625,
          0.08635394]],

       [[-0.1125486 ,  0.08740106, -0.09585355, -0.04325117,
          0.0215444 ],
        [ 0.05424317, -0.05880985, -0.07652702, -0.0358895 ,
         -0.098734  ],
        [-0.05887641,  0.04856073,  0.09897488, -0.05139125,
          0.00578858],
        [-0.00213687, -0.04251411, -0.10005767, -0.00085221,
         -0.07712108],
        [ 0.08708592,  0.05405236,  0.04472606, -0.11217812,
         -0.0534319 ]],

       [[ 0.08116182,  0.01364629, -0.06301954, -0.08745404,
          0.05167653],
        [-0.0143731 ,  0.09932492, -0.03773057, -0.08902792,
         -0.07947363],
        [-0.06699928,  0.0437054 ,  0.1102032 ,  0.06052411,
         -0.03299221],
        [-0.10273325,  0.04310798,  0.04346209,  0.07196925,
         -0.0243641 ],
        [ 0.079659  , -0.1004057 ,  0.02540167, -0.10292779,
          0.03293919]],

       [[-0.0883643 , -0.03056935,  0.0315213 ,  0.0236799 ,
          0.05077863],
        [-0.06309823, -0.09374803, -0.06134037, -0.04725221,
         -0.01239531],
        [ 0.11411219, -0.00691468, -0.00985378,  0.08036383,
         -0.02673906],
        [ 0.00995246,  0.07398351,  0.08151976, -0.10428697,
         -0.10088026],
        [ 0.10219407,  0.07824147, -0.06937742,  0.07769171,
         -0.04381103]]])
 array([[[ 0.05383642,  0.1087791 ,  0.01219673,  0.07299086,
         -0.06984289],
        [-0.05958667, -0.03240792,  0.10060562,  0.06304078,
          0.11201406],
        [-0.08474092,  0.03275395, -0.09173978, -0.0703393 ,
         -0.04149308],
        [ 0.00778081, -0.04675775, -0.10477345, -0.04410789,
         -0.03397931],
        [ 0.0846935 , -0.02344241, -0.07836251, -0.09812192,
         -0.10858836]],

       [[-0.04954301, -0.06072434,  0.06767964, -0.09121577,
         -0.03042814],
        [-0.03504169,  0.08594926,  0.07276648, -0.09430122,
         -0.10188672],
        [ 0.11283003,  0.00311865, -0.08576743,  0.06271357,
         -0.08011234],
        [-0.08648039, -0.03212106, -0.08556641, -0.01020788,
          0.03731385],
        [ 0.0767936 , -0.10210503,  0.1022764 ,  0.05300741,
          0.02943513]],

       [[-0.08713147, -0.01771317, -0.09033455,  0.01516842,
          0.09536269],
        [ 0.05608746,  0.00599852,  0.08439103, -0.05913571,
         -0.03971842],
        [ 0.04432647, -0.00363038,  0.03620855, -0.06986994,
          0.05076171],
        [-0.10120451, -0.04344816,  0.05894932,  0.01257413,
         -0.04348763],
        [ 0.00052219, -0.04540245, -0.10686345, -0.03238095,
          0.10969731]],

       [[-0.06882946,  0.05095872, -0.04168591, -0.07283933,
         -0.05812942],
        [-0.00214136,  0.07659144, -0.05209329,  0.00627823,
         -0.08416135],
        [-0.0572189 ,  0.09832257,  0.03814178,  0.0906807 ,
         -0.0115408 ],
        [-0.07113301,  0.09730886, -0.08740764, -0.05164915,
         -0.10117068],
        [ 0.10211269, -0.04668034, -0.01581273, -0.10932955,
         -0.08816954]]])
 array([[[-0.0094103 , -0.02990989, -0.04977856, -0.06198314,
          0.03218805],
        [-0.01377723, -0.00414219,  0.03022945, -0.08392661,
          0.0816982 ],
        [-0.03081659,  0.03918072,  0.08455974,  0.09108142,
         -0.00809301],
        [ 0.09247232,  0.07847982, -0.09376977, -0.0035809 ,
         -0.10401676],
        [ 0.07117485,  0.08510301, -0.09098336, -0.0351413 ,
          0.00977141]],

       [[-0.04802229,  0.05881688, -0.04076724, -0.04232626,
         -0.03420612],
        [ 0.01538559,  0.08792969, -0.0763757 , -0.08598817,
         -0.08828111],
        [-0.01657418, -0.05265642,  0.0511188 , -0.02498429,
         -0.05318161],
        [ 0.07271364, -0.08243817,  0.04013498, -0.05621555,
          0.09243369],
        [-0.04119652, -0.0662701 ,  0.01378998,  0.10532548,
          0.00747465]],

       [[ 0.02181329, -0.0330484 ,  0.01322204, -0.10687869,
         -0.11176991],
        [-0.06224791,  0.0237419 ,  0.00140598,  0.0059572 ,
         -0.01342858],
        [ 0.02871458,  0.05883322, -0.0207602 ,  0.01074046,
          0.0260461 ],
        [-0.07032069, -0.10203986, -0.05263502,  0.09961793,
          0.0438259 ],
        [-0.08946031, -0.00099279, -0.04466373,  0.06824189,
          0.07574776]],

       [[ 0.07862857, -0.10771822,  0.0457977 , -0.01545687,
          0.04205999],
        [-0.05445627, -0.06266663, -0.03226039,  0.09673484,
         -0.03538378],
        [-0.06853441,  0.06151101,  0.08561696, -0.05710838,
          0.00433315],
        [ 0.04847443, -0.08274406,  0.02266154, -0.06268322,
          0.09783886],
        [-0.02130356, -0.01506827, -0.00290594,  0.08132201,
         -0.08884817]]])
 array([[[ 0.05157307, -0.00264383,  0.11258401, -0.03992864,
          0.01408592],
        [-0.09701861,  0.0590204 , -0.00429508, -0.07083517,
         -0.06634192],
        [-0.0571529 , -0.0334077 , -0.0565429 ,  0.04007712,
         -0.09961266],
        [-0.00319405, -0.04619897, -0.09365912, -0.11334464,
          0.09719126],
        [ 0.0192444 ,  0.08292596,  0.06037944,  0.10120224,
         -0.06723624]],

       [[ 0.03557567, -0.06927974,  0.07850999, -0.02627416,
          0.06676965],
        [ 0.02427984, -0.07455037,  0.06894763,  0.05269262,
          0.04303789],
        [ 0.0583244 ,  0.0984769 ,  0.0411508 , -0.05330092,
         -0.10568492],
        [ 0.03158788, -0.10356609,  0.06064693,  0.00958607,
         -0.11127249],
        [ 0.00122033,  0.01985206, -0.00812151, -0.09732931,
         -0.00385455]],

       [[-0.08838603, -0.0067667 ,  0.07765652,  0.04213621,
         -0.07574638],
        [ 0.02602918, -0.03008825, -0.06258743,  0.03016712,
          0.11095418],
        [-0.04043901,  0.03213279,  0.05356981, -0.07564466,
          0.07576232],
        [-0.00472013, -0.09870055, -0.00846918, -0.08924441,
          0.07793823],
        [-0.00072282, -0.08964784, -0.06477223, -0.02389683,
          0.11071522]],

       [[ 0.04163556,  0.02587153, -0.01785774,  0.00570564,
          0.0577402 ],
        [-0.03878307,  0.03978759,  0.08200674, -0.08055407,
         -0.08930701],
        [ 0.06228563,  0.02200033,  0.05934786, -0.01568707,
         -0.02547909],
        [-0.02426832, -0.07305209, -0.01914926,  0.06941887,
          0.10919376],
        [ 0.03166753, -0.07569761,  0.02620273, -0.00026004,
          0.00472662]]])
 array([[[ 0.04572034, -0.05921048, -0.09495853, -0.00985696,
         -0.05406993],
        [ 0.0140753 ,  0.03123175,  0.03316696, -0.09609886,
          0.0525227 ],
        [-0.09003731, -0.09778888, -0.00336999, -0.09401897,
          0.04946767],
        [ 0.03713865, -0.09032535,  0.09729056,  0.04104644,
          0.00683587],
        [-0.08711163,  0.00837107, -0.06997157, -0.05826695,
          0.04023019]],

       [[ 0.00212318,  0.0590377 ,  0.1022163 ,  0.02331834,
         -0.09811334],
        [ 0.05316228, -0.07507208,  0.08600297,  0.09944146,
         -0.03110333],
        [ 0.03357843,  0.02752806, -0.04984043,  0.08841179,
         -0.05431043],
        [-0.07838634, -0.04471937,  0.0860437 , -0.02983852,
          0.08094381],
        [ 0.08889249, -0.01748251,  0.08937001,  0.08632423,
         -0.02221545]],

       [[ 0.05957374, -0.08745329, -0.06043121, -0.04650031,
          0.03486887],
        [-0.09000433,  0.05257454, -0.11303295,  0.10863827,
          0.03882662],
        [-0.05882823, -0.03390226,  0.04962369, -0.10127981,
          0.06495743],
        [-0.0936229 , -0.06709684,  0.06086199,  0.04465361,
          0.02880166],
        [ 0.0214792 ,  0.06001276, -0.06989011, -0.10517167,
          0.07945427]],

       [[ 0.03136712,  0.06317362,  0.00598419, -0.11024005,
         -0.10103623],
        [-0.1018181 , -0.09690241, -0.10677248, -0.07746722,
         -0.07692178],
        [-0.10504307, -0.0855723 , -0.10831299, -0.0005935 ,
         -0.06990445],
        [-0.00506851, -0.09731108,  0.01725465, -0.07338258,
          0.09074154],
        [ 0.01738367, -0.02689846, -0.00388814,  0.00785873,
         -0.09664348]]])
 array([[[ 6.27124676e-02,  7.24583489e-02,  7.71358502e-02,
          4.42277516e-02, -7.37151979e-02],
        [ 6.07312805e-02,  2.61529634e-02, -5.96551310e-03,
         -1.24524267e-05, -5.60876158e-02],
        [ 3.95551337e-02,  4.73245589e-03,  1.01338353e-01,
         -9.74622888e-02,  4.99518394e-02],
        [ 6.24021189e-02, -3.19261768e-02,  1.54357194e-02,
          7.10618259e-02, -1.97807672e-02],
        [ 3.70821539e-02,  8.94027818e-02, -3.83064923e-02,
          8.50126830e-02, -6.09168200e-03]],

       [[-6.34206392e-02,  1.80766633e-02, -1.01778625e-01,
         -3.81301012e-02, -1.19739018e-02],
        [ 1.87791439e-02, -5.06826501e-02,  3.76261989e-02,
         -1.76586227e-02,  7.57014590e-02],
        [ 3.04625160e-02, -5.26928632e-02,  6.53406645e-02,
         -6.15412252e-02,  6.08115663e-02],
        [-2.45041922e-02,  6.50227814e-02,  1.40080219e-02,
          3.74881012e-02,  5.42167272e-02],
        [ 9.73288263e-02, -9.15695994e-02,  2.40041422e-02,
          9.16775371e-02,  9.52386390e-02]],

       [[ 9.94052318e-02,  2.42663330e-02,  6.89635105e-02,
          1.04906346e-01,  2.43019000e-03],
        [-2.29461278e-02, -8.87415610e-02, -3.27233332e-02,
         -1.11564289e-01, -7.53325372e-02],
        [-3.13144730e-02, -3.73919572e-02,  2.45038283e-02,
          5.43520369e-02, -7.64683309e-02],
        [ 4.53105428e-02, -6.14902657e-02,  2.45100487e-02,
          6.15515251e-02, -4.38870589e-02],
        [ 2.36031263e-02, -3.94044435e-02, -8.62202980e-02,
         -1.08483038e-01, -7.07601732e-02]],

       [[ 1.39294228e-02,  6.73815797e-02, -8.81713607e-02,
         -8.70513632e-02,  2.92937962e-02],
        [-7.33292598e-02,  1.06749302e-01, -5.65595079e-02,
         -5.35749154e-02,  6.27274571e-02],
        [-2.32696892e-02, -1.12647164e-01, -7.16565681e-02,
         -1.67385331e-02, -5.83298514e-02],
        [ 8.98115449e-03, -3.26704316e-02, -3.45435189e-02,
          3.08443431e-02,  1.10190943e-01],
        [-5.08908974e-02,  5.48061633e-02,  8.19209917e-02,
          5.66755667e-02,  2.60038114e-02]]])
 array([[[ 0.00709079,  0.1058447 ,  0.10526306,  0.07754909,
          0.02926051],
        [ 0.01617602, -0.03528753,  0.10211872,  0.10507451,
          0.05116623],
        [-0.09238426,  0.03533209,  0.03395934, -0.04288111,
         -0.0766147 ],
        [ 0.02038221,  0.01960613, -0.11163735, -0.02956077,
         -0.04209072],
        [ 0.09015983,  0.03703399,  0.06821169,  0.02858376,
          0.01513125]],

       [[ 0.06351906,  0.04264005,  0.11348664, -0.09095962,
          0.11110739],
        [ 0.09148217, -0.1019039 , -0.09321208, -0.01067614,
          0.04735773],
        [-0.04592591, -0.03680942,  0.08503884, -0.05582075,
         -0.07473512],
        [ 0.07047149,  0.04318704,  0.08402774,  0.02433357,
         -0.10998927],
        [ 0.05765352, -0.00783043, -0.05636981,  0.07098217,
          0.03002344]],

       [[ 0.09730043,  0.06932712, -0.05942338,  0.04898283,
          0.00933411],
        [-0.09103884,  0.08903565,  0.09842796,  0.02618703,
          0.07186419],
        [ 0.07064106, -0.04223621,  0.00416148,  0.07218818,
          0.05686225],
        [ 0.09977483, -0.00200103, -0.01028624,  0.00504497,
          0.03990186],
        [-0.06895856, -0.03250786, -0.01136501, -0.03783735,
          0.08519079]],

       [[-0.01419874, -0.10405836, -0.05636557, -0.08279945,
         -0.11129873],
        [ 0.01360598, -0.04109998, -0.08651845, -0.07235774,
          0.00198397],
        [-0.09075562, -0.06503536,  0.01106561,  0.0530086 ,
          0.08241704],
        [-0.09631163, -0.05330322, -0.01576056,  0.04204465,
         -0.05799196],
        [ 0.0862663 ,  0.09595877,  0.01675754, -0.08242325,
          0.09180281]]])
 array([[[ 0.00941123, -0.01157008,  0.10388027,  0.10378223,
         -0.10295465],
        [ 0.08309625, -0.01028148, -0.02275042, -0.07749651,
         -0.03538252],
        [ 0.05998246, -0.05702378,  0.06716198,  0.0488075 ,
          0.05132362],
        [-0.11203609,  0.00344961,  0.07627033, -0.04749732,
          0.01073928],
        [-0.02019452, -0.01013076, -0.01574725,  0.02688812,
          0.11017426]],

       [[-0.09455089,  0.09146463,  0.07450633, -0.07629711,
         -0.04258807],
        [ 0.05383304,  0.00949831, -0.03262713,  0.08985131,
         -0.11225833],
        [-0.10749506,  0.04733864, -0.08770399, -0.06187435,
          0.0348382 ],
        [ 0.02055713,  0.11304403,  0.05130923, -0.09800088,
         -0.0288044 ],
        [-0.02213516, -0.07977003, -0.0557325 ,  0.05870314,
          0.05482671]],

       [[ 0.02172862, -0.09012602,  0.08608752, -0.09943561,
          0.01072332],
        [ 0.11380299, -0.06082995, -0.00874684, -0.00899587,
         -0.03119456],
        [-0.09130834,  0.02209297,  0.01985908, -0.02789845,
          0.11245481],
        [-0.00567467, -0.0947559 ,  0.04956941, -0.05742362,
          0.05098733],
        [-0.06146941, -0.06880084,  0.04726118,  0.01383468,
         -0.0680184 ]],

       [[-0.08823781,  0.07797078,  0.03023666, -0.10461421,
         -0.05220853],
        [-0.0206147 , -0.01850546,  0.03216128,  0.00067142,
         -0.01638418],
        [ 0.01528462, -0.06998757,  0.09517484, -0.0306277 ,
         -0.0706201 ],
        [-0.0412974 ,  0.0628389 ,  0.06102572, -0.09210444,
          0.10272281],
        [ 0.06568357,  0.08236386,  0.10294829,  0.05870281,
          0.07206409]]])
 array([[[-0.0653449 ,  0.03899125, -0.02306668, -0.0399827 ,
          0.01178255],
        [-0.00241272,  0.00735206, -0.03727305,  0.06393445,
          0.05276784],
        [-0.00863309,  0.04203271, -0.07035651, -0.04579904,
         -0.02807734],
        [ 0.03197871,  0.03578347,  0.03639977,  0.01581017,
         -0.00677181],
        [ 0.04784156, -0.05480941, -0.04469105,  0.03843293,
         -0.00785094]],

       [[ 0.02810405, -0.00551898,  0.03416359, -0.04229288,
          0.0679846 ],
        [ 0.07643263, -0.04044447,  0.02989832,  0.01258241,
          0.01162814],
        [-0.0390396 , -0.06287832, -0.05301757, -0.01873436,
         -0.04266398],
        [-0.02038897, -0.0703517 , -0.02002968, -0.01277688,
          0.05694533],
        [ 0.02616865,  0.03282001, -0.00279716,  0.06654608,
         -0.01555156]],

       [[ 0.06868504,  0.01492915,  0.0293335 , -0.05428766,
          0.06466823],
        [ 0.02698834,  0.01675854, -0.00839888, -0.02101126,
         -0.07159263],
        [ 0.05749993,  0.01200192, -0.00610411, -0.05996027,
         -0.00377963],
        [ 0.02438584,  0.01907791, -0.01767958,  0.04440714,
         -0.07398903],
        [-0.04222889,  0.04600079, -0.00260488, -0.01694744,
          0.06850947]],

       [[-0.01363766,  0.04279661,  0.01405799,  0.05799125,
          0.00096666],
        [ 0.06388848,  0.0758367 , -0.05346609,  0.02284416,
          0.05605542],
        [ 0.00201342,  0.02088303, -0.04798744, -0.03678767,
          0.00301309],
        [-0.00011257, -0.03494656, -0.05770272, -0.0651411 ,
         -0.03811069],
        [ 0.05299627,  0.00126396, -0.02313806,  0.05053097,
          0.00758695]],

       [[-0.05479437,  0.07168501,  0.06569836, -0.06668248,
          0.07312525],
        [-0.07093065, -0.04713428,  0.0328111 ,  0.03043472,
          0.05392158],
        [ 0.02570611, -0.04986369, -0.00275552, -0.0488843 ,
         -0.01563713],
        [-0.01934244, -0.06207647, -0.06743492,  0.05925782,
          0.00289866],
        [-0.0203491 , -0.04015678,  0.02424037, -0.00310113,
         -0.00429865]],

       [[-0.00353935, -0.06865198, -0.05940496,  0.04907404,
          0.0426399 ],
        [ 0.00401449, -0.04171724,  0.01238078, -0.02305856,
          0.04014766],
        [-0.03216338, -0.01481693, -0.0090252 , -0.03329806,
         -0.0340008 ],
        [-0.05335978, -0.07187723,  0.05272798, -0.01012916,
         -0.05149033],
        [ 0.07359832, -0.07626836,  0.07117953, -0.01172266,
         -0.03361629]]])][0.08675856696795384, -0.04396013454773201, 0.06954432106335676, -0.04831202856766435, -0.1054545644259764, -0.004150591745145371, -0.0962262461762975, 0.06912779610590754, 0.008111689059035934, 0.0756604945596585, 0.04488924302020701, -0.01429122034539912, -0.07628661423319295, 0.0517802255485834, -0.07728738094307427, -0.06856552152275297]
-----------------------------------------------
[[-0.33411866 -0.19604513]
 [ 0.1404866  -0.24158785]
 [ 0.19078047 -0.42459185]
 [-0.44699503  0.4000229 ]
 [ 0.13982387  0.29648604]
 [ 0.14763955  0.14112088]
 [-0.1613237   0.21887895]
 [ 0.07243697  0.00703948]
 [-0.1040711   0.42717782]
 [-0.41702998 -0.12585561]
 [ 0.3887043   0.09856257]
 [-0.19481718 -0.15151656]
 [ 0.39227509 -0.2628388 ]
 [-0.27452389  0.16967739]
 [-0.21864598 -0.30582991]
 [-0.44290757 -0.33168557]]
-----------------------------------------------
[[[[-1.23056102e-02  2.44750807e-02 -2.25786440e-02 -2.88737976e-02
     1.10983896e-02]
   [-2.57160082e-02  8.57729357e-03  1.40470619e-02  2.11469128e-02
    -2.43229310e-02]
   [-2.48267294e-02 -8.18539396e-03 -1.45683192e-02 -1.44672251e-03
     2.29946794e-02]
   [-9.88650883e-03 -1.66746743e-02  2.54155571e-02  2.90753071e-02
     2.95569640e-02]
   [-5.95040060e-04  2.38725345e-02 -2.56871091e-02 -2.13448903e-02
    -2.31129709e-03]]

  [[-2.32842135e-02  2.73932538e-02  8.74863380e-03 -1.58219465e-02
     1.54927655e-02]
   [-5.41597467e-04 -8.07150102e-03  1.90517994e-02  1.81860095e-02
    -1.87892490e-02]
   [-2.47963063e-02  1.50698960e-02  1.30808942e-02  9.23756242e-03
    -5.82151987e-03]
   [ 2.29245947e-02  8.33627745e-04  2.12588202e-02  2.45989169e-02
     2.68727302e-02]
   [-2.60499740e-02  2.49938067e-02  1.63444898e-02  1.46613183e-02
     1.77393490e-02]]

  [[-2.26881792e-02  1.43621500e-02 -2.45363702e-02  4.72769473e-03
     1.15533348e-02]
   [ 1.15954202e-02  2.70443905e-02 -1.80768605e-02 -2.36246057e-02
     1.87339083e-02]
   [-7.19992086e-03 -1.92346031e-03 -2.91726923e-02 -6.34964630e-03
     2.36493335e-03]
   [ 2.13213068e-02  2.56634782e-02 -1.85047780e-02  1.90848507e-02
     6.25480364e-03]
   [ 1.43795748e-02 -1.57985615e-02  1.12394485e-02 -1.79035045e-02
    -2.93468559e-02]]

  ...

  [[-1.90756348e-02  1.21200715e-02 -9.97527208e-03  2.28159787e-02
    -1.04411308e-02]
   [ 1.08501201e-02  2.25204714e-02 -2.04078294e-02  2.60364624e-02
     4.18687175e-03]
   [-2.75847998e-02 -2.08768763e-03 -2.81769683e-02  1.52297086e-02
     1.32280355e-02]
   [ 2.59537344e-02  2.90478567e-02 -2.21903703e-02 -1.05209214e-02
     1.05123560e-02]
   [-2.72492464e-03 -1.10224886e-02  2.54262356e-02  8.49655338e-03
     8.56596752e-03]]

  [[-1.31778429e-02 -1.66472405e-02 -2.25950433e-02  1.51849998e-02
     5.12911391e-03]
   [-2.86824317e-02 -2.09482232e-02  8.20806424e-03  7.25983103e-03
     1.74712144e-02]
   [ 1.64822158e-02  1.20286934e-02 -1.50354420e-02 -6.60023855e-03
     2.75212128e-02]
   [-1.33368813e-02 -1.52769444e-02 -5.02803794e-03 -5.58953987e-03
    -8.61351663e-03]
   [ 2.49910526e-03 -9.64469362e-03 -1.45527531e-02  1.10463723e-02
    -2.38105349e-02]]

  [[ 2.46679519e-02  2.14145185e-02  1.30675072e-02 -8.04246250e-03
    -4.50680774e-03]
   [ 1.82925850e-03  6.59574679e-03  2.90270276e-02  2.57907556e-02
    -3.62339993e-03]
   [ 1.91042344e-02 -2.85596639e-03  1.26850470e-02 -2.10634293e-02
     2.32377579e-02]
   [-3.66679319e-03  8.53318526e-03 -4.11535315e-03  9.60995511e-03
     2.31394644e-02]
   [ 3.88916249e-03 -2.08634290e-02  1.63537660e-02 -2.95486146e-02
    -1.72345862e-03]]]


 [[[-1.90213440e-03  2.52680181e-02 -1.64467609e-02 -1.62800185e-02
     2.57699599e-02]
   [ 5.05935031e-03 -2.72300048e-02 -2.94871660e-02 -1.06378360e-02
     1.65723598e-02]
   [ 1.34605637e-02 -8.36837768e-03  2.22521509e-02  4.61284636e-03
     1.01241072e-02]
   [-2.84719752e-02  1.65490177e-02  1.81940165e-02 -1.45678911e-04
     1.02584139e-02]
   [-5.66693556e-03  2.74681756e-02 -1.28799617e-02 -1.80642679e-02
    -2.80167247e-02]]

  [[-2.10037413e-02 -1.88133573e-02 -8.07122150e-03 -2.70975560e-02
    -1.98664326e-02]
   [-1.14338957e-02  5.29075344e-03  4.07475219e-03  2.05753224e-02
     6.30472318e-03]
   [-1.29785445e-02 -1.05798634e-02 -1.88369282e-02 -1.85756594e-02
     1.60036320e-02]
   [-1.88178864e-02  1.85124383e-02 -1.19760951e-02 -1.62727502e-02
     1.20623125e-02]
   [ 1.42263045e-02  2.08997054e-02  2.14424107e-03 -6.84276137e-03
    -2.84671356e-02]]

  [[-2.58026836e-03  9.42372435e-03  1.85610008e-02  8.47095769e-04
     8.15913589e-03]
   [ 5.37112779e-03 -2.87560741e-02 -1.41849338e-02  1.79203759e-02
    -1.78613990e-03]
   [-8.89112357e-03  4.71857457e-03  1.43017816e-02 -2.41425559e-02
     1.41931409e-02]
   [ 2.90589061e-02  1.92399678e-02 -1.82170744e-02  2.71449741e-02
    -1.83410234e-02]
   [-7.02921228e-03 -2.80583624e-02 -2.10067117e-02  2.92484248e-02
     1.55275162e-03]]

  ...

  [[ 2.34894192e-02 -2.56577180e-02  3.40814297e-03  1.74168213e-02
     2.16974350e-02]
   [ 3.51527166e-04  1.43983730e-02  2.34581750e-02  2.87295518e-02
     1.11235985e-02]
   [ 1.18589100e-02 -1.37156900e-02 -2.32426028e-02  8.26947325e-03
    -1.75799560e-02]
   [ 1.91625559e-02  2.78377353e-02  4.41503937e-03  2.19884805e-02
    -7.81082850e-03]
   [ 1.18630080e-02 -6.50708591e-03 -7.71983763e-04 -2.51840393e-02
     5.32641953e-03]]

  [[-2.91575188e-02  1.37975045e-02  2.72794204e-02  6.13283815e-03
     2.83549412e-02]
   [ 2.82074801e-05 -1.89000068e-02  2.54104478e-02  6.90004788e-04
    -1.53596968e-02]
   [ 1.12332262e-02  1.54437896e-02  1.66684317e-02 -1.03871758e-02
     2.20959532e-02]
   [ 1.78238507e-02 -1.87662875e-02  2.85676655e-02  5.77544807e-03
    -1.81082584e-02]
   [ 2.72681455e-02 -1.98903719e-02 -8.86139571e-03 -9.14704867e-03
     2.57308604e-02]]

  [[-1.40411255e-02  1.13477211e-02  5.59033989e-03 -1.83014600e-02
    -1.56876139e-03]
   [-8.32362585e-03 -8.62893783e-03  2.86846468e-02  8.32234327e-03
     1.74560248e-02]
   [ 2.17485805e-02 -1.33440793e-02  2.39817072e-02 -6.44137478e-03
     8.73214143e-03]
   [ 2.23913963e-02  9.23925929e-03  5.07749042e-03 -2.68968727e-02
    -1.22640871e-02]
   [-9.91549473e-03  2.18444747e-02 -2.69664096e-02  1.35347841e-02
    -9.70378840e-03]]]


 [[[-1.57336638e-02  9.74961764e-03 -2.83553989e-02  1.51985082e-02
    -1.44715899e-03]
   [ 2.19105054e-02 -2.10728772e-02 -2.16050374e-02 -2.23605656e-02
    -2.72978860e-02]
   [-2.95510780e-02  6.70050295e-03 -1.24148168e-02  3.61311636e-04
     2.87891014e-02]
   [ 1.05678259e-02  1.11454197e-03  4.18606280e-03 -1.50885114e-02
     3.46783885e-04]
   [ 1.66876251e-02  2.29322712e-02  2.26137707e-02 -2.26365657e-02
     1.77882198e-03]]

  [[-1.09459045e-02  3.21098154e-03  1.05532728e-02  2.36382256e-02
    -6.72579198e-03]
   [-1.81258052e-02  3.52071325e-04  1.63018134e-02 -2.41507725e-02
     9.95885022e-03]
   [-2.71231552e-02 -2.79696833e-02 -3.02392346e-03 -1.88400190e-02
     1.48542890e-02]
   [-2.59067772e-02 -2.59723588e-02  1.40865391e-02  4.77049001e-03
     2.14472626e-02]
   [ 6.07576610e-03  1.67389757e-02 -2.10755236e-02  2.52798812e-02
    -2.08415708e-02]]

  [[ 6.22984234e-03 -2.66289902e-02 -7.79168473e-03 -2.31810721e-02
     1.89859047e-02]
   [-2.05873200e-02 -1.09068065e-03  2.16282926e-02 -4.11933571e-03
    -1.20425297e-02]
   [ 2.33258129e-02 -2.95170857e-03 -2.02656489e-02 -1.42926259e-02
     2.69006763e-02]
   [-2.33141486e-03 -2.03000934e-02  1.01280477e-02 -1.79610419e-02
    -9.52733601e-03]
   [-4.23636366e-05  1.34270599e-02 -6.52318025e-03 -1.61570581e-02
    -2.34536391e-02]]

  ...

  [[-1.90755049e-02 -1.23656613e-02  2.06340303e-02  5.92394724e-04
    -9.39051495e-03]
   [ 1.47873406e-02  4.19251075e-03  1.21692968e-03  2.03673003e-02
     3.61899412e-03]
   [ 2.19119510e-02  2.55045792e-02 -1.05676881e-02  2.31822768e-03
    -1.10180408e-02]
   [ 1.25764429e-02  6.85631300e-03 -2.43114600e-02  2.34149762e-02
    -8.75375486e-03]
   [-1.17714288e-02  2.08791079e-02 -2.15204203e-02  2.55976603e-02
    -2.08427952e-02]]

  [[-2.80249212e-02 -1.30193737e-02 -2.76472499e-02 -2.59216709e-03
    -2.43491357e-02]
   [ 1.97836774e-02  2.03729880e-02  2.24626712e-02 -1.66411199e-02
     2.36751315e-02]
   [-8.64773137e-03  1.89681815e-02 -2.14543129e-02  2.47918268e-02
    -1.62008064e-02]
   [-2.80375448e-02  1.35690476e-02  5.77872868e-03 -2.80227689e-02
    -1.99992628e-03]
   [-1.96505352e-02 -6.83205475e-03 -2.55122125e-02  1.72029883e-03
    -2.37444910e-02]]

  [[ 2.54761411e-02 -1.08597623e-02  5.22542505e-04 -2.76925644e-02
    -1.15072213e-02]
   [-2.90572208e-02 -2.47892985e-02 -2.59348045e-02 -2.89413868e-02
    -1.28299059e-02]
   [-1.31151824e-02 -6.92166681e-03 -2.60979372e-02  8.80483858e-03
    -1.77216140e-03]
   [-1.60482522e-02  1.49434024e-02  2.90177724e-02  1.12967721e-02
     2.39537876e-02]
   [ 2.27213888e-02  7.56279051e-03  1.46745172e-02  2.25955331e-02
     2.70928067e-02]]]


 ...


 [[[ 7.86945756e-03 -2.78194733e-02  6.50202675e-03 -4.16784323e-03
     5.69450586e-03]
   [-2.33847925e-02  2.65991087e-02  2.59403216e-02  1.45757388e-02
     2.40291745e-02]
   [ 2.64750988e-02  4.17694515e-03 -2.63126875e-02  1.47800836e-02
     3.81078837e-03]
   [ 2.30836212e-02 -2.55079395e-02  1.16617558e-02  1.88875102e-02
     2.20524357e-02]
   [ 8.52696459e-03  4.58188873e-03 -6.86091128e-03 -1.81942260e-02
    -2.10378972e-02]]

  [[ 1.82967635e-02  9.91449711e-03  1.97454928e-03 -2.01042890e-02
     9.82124828e-03]
   [ 1.42455978e-02  2.32925788e-02 -9.30757127e-03 -3.56242727e-03
    -1.97719092e-02]
   [ 2.69299226e-02  7.17669139e-03  1.49520465e-03 -2.65138123e-02
     9.85279640e-03]
   [-2.71720358e-02 -9.85659249e-03  2.68544397e-02 -2.89024152e-02
     3.32090833e-03]
   [ 3.50935684e-03 -2.82903880e-02 -2.40919514e-02  1.53692479e-02
     1.24601477e-02]]

  [[-2.70415218e-02  8.18369972e-04 -2.72025890e-02 -2.42706881e-02
    -2.01105103e-02]
   [-1.94062349e-02  3.63754076e-03  2.85341234e-02 -2.83501554e-02
    -2.49421558e-03]
   [-9.46763602e-03 -1.85049172e-02 -3.62648473e-03 -2.24695407e-02
    -8.91337011e-03]
   [-2.29383301e-02 -1.61691020e-04 -2.25034367e-02 -2.18369124e-02
    -2.78720494e-02]
   [ 1.43458367e-02  1.27202521e-02  1.89441146e-02 -2.12637605e-02
     2.29905651e-02]]

  ...

  [[-2.75648038e-02  8.35452400e-04  2.70205890e-02  1.10851234e-02
     1.62695508e-02]
   [ 1.96379171e-02  8.96804579e-03  2.78913537e-02  1.65339514e-02
     3.57348458e-03]
   [-1.25233531e-02 -1.73644261e-02  2.78860141e-02 -2.57506937e-03
     1.91691652e-02]
   [-2.20535666e-02  1.15852963e-02  1.47067141e-02  1.68585502e-02
     1.60060750e-03]
   [-6.94705678e-03  2.83172375e-02 -1.22511763e-02  1.04834283e-03
    -3.81842349e-03]]

  [[ 9.10373013e-03  1.48910261e-02 -1.00168524e-02 -2.63056995e-02
     2.25961570e-02]
   [-1.42526060e-02 -2.29114777e-02 -1.66464304e-02 -6.39084331e-03
     1.47799973e-02]
   [-1.00739965e-02  1.43484360e-02 -1.69644250e-02 -5.20490550e-03
     2.73175801e-04]
   [-2.66851853e-02 -2.00541729e-02  8.90025915e-03  1.21651475e-02
    -1.78609548e-02]
   [ 2.73464102e-02 -1.56757278e-02  7.70493274e-03  2.42491943e-02
    -8.51881765e-03]]

  [[ 6.34943285e-03  5.53165717e-03 -8.32500684e-03  1.61384725e-02
     2.37724195e-02]
   [ 2.34487385e-02  2.64900092e-02  2.23225124e-03  1.19474144e-02
     1.09619709e-02]
   [-2.95622055e-02  3.81892926e-03  2.66265260e-02 -7.34852454e-03
     9.33763148e-04]
   [-2.01701916e-03 -2.81176188e-03  6.39694958e-03 -2.70791433e-02
    -1.03384219e-03]
   [-2.64201503e-02  3.51686205e-03 -1.14611506e-02  1.04923220e-02
    -9.41165102e-03]]]


 [[[ 1.46055990e-02 -2.22737766e-02 -2.18475218e-02  3.03644748e-03
    -3.44399347e-04]
   [-2.35822022e-02  2.81278795e-02  2.72039571e-02  5.99721947e-03
    -2.15525985e-02]
   [ 1.61317397e-02 -1.94793007e-02 -1.02858739e-02  2.04219252e-02
     2.86730924e-02]
   [ 1.44004502e-02 -3.97360003e-03 -3.18477129e-03  2.31183154e-02
    -7.69345695e-03]
   [ 1.97088363e-02  8.72690475e-03  7.23584906e-03  7.99537502e-03
    -1.57332686e-02]]

  [[-1.62850545e-02  1.25062521e-02  3.61116128e-03  2.59384831e-02
    -1.81596537e-03]
   [-6.72698000e-03 -6.21713318e-04  2.48547329e-02 -1.10700031e-02
    -1.47093952e-02]
   [ 5.85482134e-03 -1.31663444e-02  1.20806447e-03  2.86955823e-02
     6.91048820e-03]
   [ 2.05843837e-02 -2.28699665e-02 -1.38014176e-02 -2.12268294e-02
    -4.08755172e-03]
   [-2.13204922e-02 -7.40322142e-03 -2.04568643e-02  2.56913339e-02
     2.88196166e-02]]

  [[ 1.71670707e-02  2.14700083e-02  2.21625940e-02 -5.90394817e-03
     1.56108251e-02]
   [-5.68389113e-03 -2.45679769e-02 -2.79559167e-02  2.32951315e-02
     1.96672838e-03]
   [-1.34540028e-02  5.62642706e-03 -9.56450026e-04  1.33791307e-02
    -1.46538751e-02]
   [ 2.17160018e-02  1.49761441e-02 -1.00387931e-02  1.97857113e-02
     1.46251137e-02]
   [-2.87862889e-02 -1.55785217e-02  1.38199219e-02 -2.29802713e-03
    -2.46005528e-02]]

  ...

  [[ 2.82851457e-02  3.99814666e-03  2.11212759e-02  2.17576689e-02
    -6.74553332e-03]
   [-4.79729887e-03 -2.72174415e-03 -2.40239987e-02 -2.75732494e-02
     2.83936232e-02]
   [ 1.92564854e-02 -2.52748980e-02 -1.91793961e-02 -5.48870667e-03
    -1.77240262e-02]
   [ 1.42377722e-02 -1.96527251e-02  2.63080513e-02  2.04582788e-02
    -1.82074510e-02]
   [-2.65217446e-02  6.43988309e-04 -2.12010971e-02  2.40213425e-02
     1.77000947e-02]]

  [[-8.48630779e-03 -2.15971405e-03  1.21634076e-02  2.68977163e-02
     1.88759820e-03]
   [ 6.12946047e-03  1.94299321e-02  6.57815107e-03  1.48921999e-02
     4.89454939e-03]
   [-1.11443974e-02  2.53489561e-02  1.98553628e-02  6.32197977e-03
     2.22178175e-02]
   [-1.35593971e-02 -1.38907343e-02 -6.96503277e-03  1.11731465e-02
    -1.36205670e-02]
   [-2.79691724e-02  1.71742733e-02 -1.66926090e-02  7.34733388e-03
    -2.89088510e-02]]

  [[ 1.89147815e-02  2.06221269e-02 -2.63299086e-02 -2.22440631e-02
    -1.65982465e-03]
   [ 2.46049619e-02  1.02076671e-02 -2.47067337e-02 -1.28996228e-02
     2.04597477e-02]
   [-5.95141342e-04  2.76365307e-02  2.86706175e-02 -2.09838831e-02
    -2.47449277e-02]
   [ 1.51033260e-02  1.75810764e-02  7.66313676e-03  8.56343018e-03
    -1.72671605e-03]
   [-2.83332348e-02  3.45602741e-04  1.84021942e-02  1.25869913e-02
     1.48707364e-02]]]


 [[[ 7.92597301e-03  2.25091832e-02 -8.76672075e-03  1.32651097e-02
    -2.44678131e-02]
   [ 4.11215750e-03  1.41610274e-02  1.87709473e-02 -2.28676578e-02
     6.39643390e-03]
   [ 2.83991822e-02 -4.48658774e-03  2.76661496e-02  2.70355652e-02
    -1.19617972e-03]
   [ 5.36096407e-04  2.53199537e-03 -2.67935943e-03  1.38298764e-02
    -2.52795705e-02]
   [-1.55620888e-02 -1.90749208e-02 -7.85028367e-03 -1.66952278e-02
     1.15404847e-02]]

  [[-7.40893320e-04 -2.22639578e-03  1.76460909e-02 -8.31126785e-03
     1.81094239e-02]
   [-1.07731156e-02  2.96198948e-02  5.57745636e-03 -1.49505804e-02
    -1.91170126e-02]
   [ 2.54824746e-02 -1.02091604e-02 -1.88965063e-02 -1.15122975e-02
    -1.61333103e-03]
   [ 2.00754639e-02 -1.12969821e-02  1.12876355e-02 -1.82894530e-02
     1.92983439e-02]
   [ 1.13806903e-02 -2.44926590e-02 -9.45834223e-03 -1.41297853e-02
     1.03045602e-02]]

  [[ 1.27735970e-02 -2.77629973e-03 -2.88336022e-02 -1.53038495e-02
     1.42332851e-02]
   [-2.86424785e-02  6.04855252e-03  3.85913776e-03 -2.48014837e-02
    -7.69539013e-03]
   [-1.37401625e-02  1.21766803e-03 -1.34781253e-02 -9.30659325e-04
    -1.94751972e-02]
   [ 2.70146422e-02 -1.58343080e-02 -1.35853757e-02  1.85355836e-02
    -1.90654917e-02]
   [ 2.91014531e-05  1.10428892e-02 -2.23726004e-02  9.38570348e-04
    -2.18245895e-02]]

  ...

  [[-2.22381494e-02  2.70409284e-02  1.69347963e-02 -1.76806062e-02
    -7.37632074e-03]
   [-2.84734789e-02 -3.83092409e-03  2.47052326e-02  8.17256969e-03
    -9.67386880e-03]
   [ 1.82067534e-02 -2.70119558e-02  8.55580409e-03 -1.02236960e-02
     2.63419699e-02]
   [-2.93256263e-02 -2.65022312e-02  2.89041452e-02  1.24358667e-02
     2.59559555e-02]
   [-1.38453391e-02 -2.91234641e-02  6.97597253e-03 -2.00337057e-02
     2.95008082e-02]]

  [[-1.35652421e-02 -1.68114262e-02 -1.47818524e-02  1.58893391e-02
     1.44356030e-02]
   [ 6.30941852e-03 -1.36826070e-02  7.86438664e-03  1.15677949e-02
    -2.37716213e-03]
   [-1.45761140e-02 -1.37061867e-02  2.72681999e-02 -2.18542740e-02
     3.46478997e-03]
   [ 1.24083483e-02  2.64650552e-02  3.61457847e-03  8.51297116e-03
    -2.60098308e-02]
   [-3.91293504e-03  1.28671415e-02  2.88414520e-02 -1.53423929e-02
    -1.77228599e-02]]

  [[ 1.08159882e-02 -2.20878551e-02 -2.19167717e-02 -4.10798474e-03
    -1.49823483e-02]
   [-2.70905150e-02 -1.95142199e-02 -2.54516170e-02 -1.87177982e-02
     1.34303064e-02]
   [ 2.47884154e-02  2.25117604e-02  1.41612708e-02  2.80970033e-02
    -2.61343114e-02]
   [-1.83478117e-02  1.99522350e-02 -2.67029517e-02 -1.67083041e-02
    -1.01285198e-02]
   [ 1.43426187e-02  1.51259584e-02 -6.55669095e-03 -1.79283648e-02
     2.62297094e-02]]]][0.020375615877931342, -0.026560672454708806, -0.002417278793946296, -0.02630748928740667, -0.020562455385999594, 0.00021542780623138788, 0.020844411381845115, 0.01486684701858661, 0.018955695916363726, -0.00861806630645964, 0.0230045709240525, -0.02765239116340379, -0.0036731244801557553, -0.0076832688676045265, 0.02540168101589824, 0.025613229329027657, -0.006819155261955263, -0.0119617021026447, 0.017075553310618666, -0.010910660876012383, 0.01867677795768197, 0.0010593694493040914, 0.011248641472986421, 0.016533963530734063, 0.013394319136156307, -0.016935393204350987, 0.0205617300434769, 0.0012757234271504776, -0.028246531535101014, -0.029124798085077494, -0.00038532780717246903, -0.019291537712055835, -0.00580130012681148, -0.023521090646171427, 0.023655989529410077, -0.02486881852025119, 0.0022718220641378024, 0.02652100566052763, 0.017479658327145018, -0.004661582383955028, 0.018696612092412825, 0.023901127259099302, -0.0246002644213804, 0.027110076735001928, -0.01635708808080926, 0.014255787108468383, 0.01929559412871817, -0.014663691722397178, 0.00010383156968179694, 0.014718861327123186, -0.008005796321024609, -0.029534211911104735, -0.0026793742731370147, -0.016421663218965515, -0.002494994009001522, 0.005670529401761635, -0.01604840278721409, -0.02637166943870673, -0.023459848935007993, 0.0002694577437304252, 0.006847708500434754, -0.02690646627645842, -0.006643326948942076, 0.022760594919067508, -0.005940925763010585, 0.008731640603277618, -0.02163025091206433, 0.008543830612364387, 0.015032031751984195, -0.01264635139386876, 0.026690849658169227, 0.0034335749252191634, -0.010099447606889224, -0.011421355484266496, 0.02936489454052976, 0.024070245490281642, 0.02746609697311971, 0.0018327120292714986, -0.006515317939464273, 0.0010081987839513189, 0.011690826573229226, 0.0054804572710560225, -0.01279299637887997, 0.013297888084916078, 0.02867004795225526, 0.022018429520788096, 0.004383760974392397, -0.00273284598894058, -0.021813352694330747, -0.019527656834762677, -0.026929648161264065, 0.02416319745393136, 0.028722793597710978, -0.026516304344953855, 0.027064293710710303, 0.022530562816936005, -0.01981568015567808, 0.016968154005959867, -0.0015228433010566582, 0.0035956098513171657, 0.009515659885920045, 0.026524918416561582, 0.0225857959760847, 0.010380800569351204, 0.01664482169268357, 0.013116391422414064, 0.024480634913705796, -0.028733319809454257, -0.009355605083470556, -0.010218687768973809, 0.011891416685989375, 0.01918851321247558, 0.019807173431630982, -0.021805623838401116, 0.016242195203610237, -0.02124420789953043, -0.005802815742992417, 0.011054053360234763, 0.00300395360728448, 0.008547839378504594]
-----------------------------------------------
[[ 0.00053158  0.00693621  0.00347596 ...  0.01146781 -0.00333747
  -0.00629228]
 [ 0.00505462 -0.00652465  0.00379989 ... -0.01098748  0.00851627
  -0.0009497 ]
 [ 0.00177871 -0.01301643  0.00125465 ...  0.01127956 -0.01147426
  -0.00782495]
 ...
 [ 0.01573214 -0.01661798 -0.00143536 ...  0.01259475  0.00969239
  -0.01105745]
 [-0.00858548  0.01716812 -0.0159416  ... -0.01931474  0.00715178
  -0.01547164]
 [ 0.00888104 -0.00023078 -0.0159612  ...  0.01463719  0.01112125
  -0.00213967]][-3.07511741e-03 -1.15376715e-03 -1.41013703e-02  1.33274249e-02
 -4.50105979e-03  1.78627330e-02  1.74187353e-02  1.25338263e-02
 -1.41639204e-02  1.96270931e-02 -9.71797108e-04  9.31735921e-03
  1.57557262e-02  1.73034900e-02  1.33880593e-02 -1.68612201e-02
  1.33213528e-03 -1.42898692e-02 -4.15756792e-03  9.68634734e-03
 -5.92245721e-03 -6.58607722e-03 -2.31402238e-03  6.20563141e-03
  2.27568708e-03 -3.71132041e-03  1.95832412e-02  1.71263412e-02
  1.45984893e-03 -1.41860830e-02  8.27517109e-03 -1.29729583e-02
  5.07677734e-03  1.70964567e-02 -1.08242757e-03  1.02678273e-02
  2.84539475e-03 -4.41038438e-03 -4.91038065e-04 -7.97565420e-03
 -5.15761576e-03  1.46167362e-02 -1.35076905e-02  2.81640997e-03
 -1.24235804e-02 -1.03601934e-02 -1.24993746e-02 -7.24969954e-03
 -8.99891247e-03 -1.87740884e-02  1.45602942e-02 -7.09494715e-03
 -1.46858593e-02  8.50095988e-03 -1.86749880e-02  9.59926307e-03
 -5.56728646e-03 -4.13594305e-03  1.91861283e-02 -4.23338846e-05
  6.58004637e-03  1.30949546e-02 -7.22879505e-03  1.57289587e-02
 -9.56651868e-03 -1.52489806e-02  5.17335863e-03 -4.94398227e-04
  3.99803210e-03 -1.97462881e-02 -3.47338095e-03  1.38060216e-02
  1.63721004e-02  1.52618603e-02  1.88589071e-02  1.10974737e-02
  1.69427943e-03 -1.05349435e-02  1.67851744e-02  1.27087565e-02
 -1.02412203e-02 -8.82038986e-03  8.20925866e-03  3.59588279e-03]
-----------------------------------------------
[[ 1. -1.  1.  1. -1.  1.  1. -1.  1. -1. -1. -1.  1. -1.  1. -1. -1. -1.
   1. -1. -1.  1.  1.  1.  1.  1. -1. -1.  1. -1. -1.  1.  1. -1.  1. -1.
  -1.  1. -1.  1. -1. -1.  1. -1. -1.  1. -1.  1.  1. -1.  1. -1. -1. -1.
  -1.  1.  1.  1.  1. -1. -1.  1.  1. -1. -1. -1. -1.  1.  1. -1. -1.  1.
  -1. -1. -1.  1. -1. -1. -1. -1.  1.  1.  1.  1.]
 [-1. -1.  1.  1.  1. -1.  1. -1. -1.  1. -1. -1. -1.  1.  1. -1. -1.  1.
  -1. -1.  1. -1. -1. -1. -1.  1.  1.  1. -1. -1. -1. -1.  1. -1. -1.  1.
   1. -1. -1. -1. -1. -1.  1. -1.  1.  1. -1.  1.  1.  1.  1.  1. -1. -1.
  -1. -1.  1. -1. -1. -1. -1.  1.  1.  1. -1.  1. -1.  1. -1. -1. -1. -1.
   1. -1. -1.  1.  1. -1.  1. -1.  1. -1.  1. -1.]
 [ 1.  1.  1. -1. -1. -1. -1.  1. -1. -1. -1.  1. -1. -1. -1.  1. -1.  1.
  -1. -1.  1.  1.  1.  1.  1.  1.  1. -1.  1. -1.  1. -1. -1. -1. -1.  1.
  -1. -1.  1.  1. -1. -1. -1.  1. -1. -1. -1.  1. -1.  1.  1. -1.  1. -1.
  -1. -1. -1.  1. -1. -1.  1. -1. -1. -1. -1. -1. -1.  1. -1. -1. -1. -1.
  -1.  1.  1.  1. -1.  1. -1. -1.  1. -1. -1.  1.]
 [ 1.  1.  1.  1.  1.  1. -1.  1.  1. -1. -1. -1.  1. -1.  1.  1. -1. -1.
   1.  1.  1.  1. -1.  1. -1. -1. -1.  1. -1. -1. -1.  1. -1.  1. -1. -1.
  -1.  1. -1. -1. -1. -1. -1.  1. -1. -1.  1. -1.  1.  1. -1.  1. -1. -1.
   1. -1. -1.  1. -1. -1.  1.  1. -1.  1.  1. -1. -1. -1.  1.  1.  1. -1.
   1.  1. -1. -1.  1.  1. -1.  1. -1.  1.  1.  1.]
 [ 1. -1. -1.  1.  1. -1.  1.  1.  1.  1. -1.  1.  1. -1. -1. -1. -1.  1.
  -1. -1.  1. -1.  1. -1. -1. -1. -1.  1. -1. -1.  1.  1. -1.  1.  1.  1.
   1. -1. -1.  1. -1.  1.  1.  1.  1.  1.  1.  1. -1. -1. -1.  1.  1. -1.
  -1.  1.  1. -1.  1. -1.  1.  1.  1.  1.  1. -1.  1. -1. -1. -1. -1.  1.
  -1.  1. -1. -1.  1.  1. -1. -1. -1. -1.  1.  1.]
 [-1. -1.  1. -1. -1. -1.  1.  1. -1.  1.  1. -1. -1. -1.  1. -1.  1.  1.
   1.  1.  1.  1. -1.  1.  1.  1. -1.  1. -1. -1. -1.  1. -1. -1. -1.  1.
  -1. -1.  1. -1.  1. -1. -1. -1. -1. -1.  1.  1. -1.  1. -1.  1.  1.  1.
   1.  1.  1.  1.  1.  1. -1. -1.  1.  1. -1.  1. -1. -1.  1.  1.  1.  1.
  -1. -1. -1. -1. -1.  1.  1. -1. -1. -1.  1. -1.]
 [ 1. -1.  1.  1. -1. -1.  1.  1. -1. -1.  1. -1. -1.  1.  1.  1. -1.  1.
  -1.  1.  1. -1.  1.  1. -1. -1.  1. -1. -1. -1.  1. -1. -1.  1. -1. -1.
   1. -1. -1.  1.  1. -1. -1. -1.  1.  1. -1. -1. -1.  1.  1.  1. -1. -1.
   1. -1.  1.  1.  1. -1. -1. -1.  1.  1.  1. -1.  1. -1. -1.  1.  1. -1.
  -1. -1. -1. -1. -1. -1. -1.  1. -1. -1.  1.  1.]
 [-1.  1.  1.  1. -1.  1. -1. -1. -1. -1.  1.  1.  1.  1. -1.  1. -1. -1.
  -1.  1.  1. -1. -1.  1. -1. -1.  1. -1. -1. -1. -1.  1. -1. -1.  1.  1.
   1.  1. -1.  1. -1. -1. -1.  1. -1.  1.  1. -1. -1. -1.  1. -1. -1. -1.
  -1.  1.  1. -1. -1.  1. -1.  1.  1. -1. -1.  1.  1.  1.  1.  1.  1.  1.
   1.  1. -1.  1.  1.  1.  1.  1. -1.  1. -1. -1.]
 [-1.  1.  1.  1.  1.  1. -1. -1.  1. -1. -1. -1. -1. -1. -1. -1. -1.  1.
   1.  1. -1. -1. -1.  1.  1. -1.  1. -1. -1. -1.  1. -1.  1. -1. -1. -1.
  -1. -1. -1.  1. -1. -1.  1. -1. -1.  1.  1. -1. -1.  1.  1. -1.  1.  1.
  -1.  1.  1.  1.  1. -1.  1. -1. -1. -1. -1. -1. -1.  1.  1. -1. -1.  1.
   1.  1.  1. -1. -1.  1. -1. -1. -1.  1. -1.  1.]
 [-1. -1.  1. -1. -1.  1.  1. -1.  1. -1.  1. -1.  1. -1.  1.  1. -1. -1.
  -1. -1.  1.  1. -1. -1.  1.  1.  1.  1.  1.  1. -1. -1.  1.  1. -1. -1.
   1.  1. -1.  1.  1. -1.  1. -1. -1. -1. -1. -1.  1. -1.  1.  1.  1. -1.
  -1. -1.  1.  1.  1.  1.  1. -1. -1. -1.  1. -1. -1.  1.  1. -1. -1.  1.
  -1. -1.  1. -1.  1. -1.  1.  1. -1.  1.  1. -1.]]
-----------------------------------------------
