[[[[-0.35068374  0.22484988 -0.39657481  0.18884819 -0.07725987]
   [-0.30200883 -0.11066243 -0.1802065  -0.14307462 -0.3736497 ]
   [ 0.36962523 -0.22119943 -0.19104834  0.39744173  0.20056726]
   [-0.21965137 -0.08099843 -0.30648993 -0.34681998  0.30883594]
   [ 0.36626382  0.26173437  0.00318997 -0.26933507 -0.35375248]]]


 [[[-0.33839087 -0.13538042 -0.34424799 -0.26946897  0.37468819]
   [ 0.10652859 -0.16759741 -0.23318909  0.21257549 -0.16047803]
   [ 0.01109793 -0.30016164  0.3906901   0.03102054 -0.1823873 ]
   [-0.11604132 -0.03800251 -0.04920401  0.26182017  0.06193648]
   [ 0.13243586 -0.15888286 -0.3858886  -0.01096253 -0.23915795]]]


 [[[ 0.1660468   0.29812746  0.25128535 -0.33339605 -0.12498907]
   [-0.27543398  0.15013531 -0.11561176  0.33518673  0.16914384]
   [ 0.01216043 -0.0599728  -0.24704307  0.39753017  0.05153902]
   [ 0.04739007  0.38926025  0.22544392  0.26294187 -0.07566954]
   [-0.05222382 -0.27505289 -0.13681328 -0.38919819 -0.32784552]]]


 [[[ 0.37588599 -0.29643745 -0.15004974 -0.31764603 -0.02265532]
   [-0.04535825  0.10814187 -0.33156393  0.3630004  -0.13538879]
   [-0.00837411 -0.21425921 -0.16555834 -0.15244096 -0.18323879]
   [-0.07833246  0.19194101 -0.14125652 -0.11720523 -0.20814635]
   [-0.27851601 -0.15302335 -0.0459544   0.23744127  0.25113413]]]


 [[[-0.38257056  0.06429964  0.18979097 -0.14345409 -0.03856674]
   [-0.0343107  -0.12071591 -0.33575589  0.31055614 -0.07180935]
   [ 0.32949659 -0.19775534 -0.34471838 -0.06533361 -0.0229245 ]
   [ 0.01120633  0.20325252 -0.17110953  0.24365779  0.12638613]
   [-0.13339927  0.27612724  0.37460281  0.33862992  0.32555044]]]


 [[[ 0.15546801 -0.13973089  0.24523275  0.342609    0.30515718]
   [-0.35192017 -0.00821469  0.24038338 -0.02980903 -0.10724592]
   [-0.21483311  0.11728641 -0.35246822 -0.10564277  0.27494293]
   [-0.3855929  -0.2031555   0.26555964  0.02796191  0.16372866]
   [-0.30666315  0.05239124 -0.27179237  0.21169406 -0.06682556]]]][0.15717985572749688, 0.21060929385523824, 0.088077434750571, 0.3839594035906149, -0.10349565829282287, -0.0021470060895746323]
-----------------------------------------------
[[ 0.46929793  0.07799237]
 [-0.44648155  0.17737047]
 [-0.38496588 -0.24025163]
 [ 0.09045737 -0.37981203]
 [ 0.40481464  0.31310227]
 [ 0.2549171   0.06803881]]
-----------------------------------------------
[array([[[ 0.10749072, -0.08513804,  0.02622951,  0.06273345,
          0.09161662],
        [-0.02591937, -0.10083983,  0.02613885, -0.10549061,
          0.10303466],
        [-0.08502645,  0.00810766,  0.05640063,  0.08149368,
         -0.07492133],
        [-0.09323936, -0.13218771,  0.13032288, -0.05338349,
          0.05723954],
        [ 0.11258152,  0.14250726, -0.07462383,  0.09112079,
         -0.12983603]],

       [[-0.01214616, -0.06521427,  0.03411692,  0.14990708,
          0.04283322],
        [ 0.12996399,  0.11662911,  0.04084023,  0.09780435,
          0.07785135],
        [-0.03601203,  0.14210813,  0.00599583,  0.13448593,
         -0.07290002],
        [-0.12541368,  0.01325868, -0.04639297,  0.14324349,
          0.09242045],
        [-0.08430965,  0.05129004, -0.06214716, -0.08673744,
         -0.09873743]],

       [[ 0.00445723, -0.01036232,  0.0045922 ,  0.06888154,
          0.0359167 ],
        [ 0.05483491, -0.00466532,  0.00329834,  0.00436535,
          0.10949345],
        [-0.01174594, -0.12583201, -0.09452384,  0.12549053,
         -0.01662805],
        [-0.08491639, -0.14230268, -0.10128823,  0.09198622,
          0.08675097],
        [-0.04395468, -0.12871101,  0.07569182,  0.11698354,
         -0.01764516]]])
 array([[[ 0.01657562, -0.04546594, -0.12265015,  0.09379992,
          0.02402203],
        [ 0.03385216, -0.0066251 ,  0.11834361, -0.01696145,
         -0.14821677],
        [ 0.07839546, -0.14223598,  0.06180422, -0.09240574,
          0.12218717],
        [-0.11962153,  0.04748851, -0.02833746,  0.08567939,
         -0.12454195],
        [-0.01445687, -0.09058613, -0.01813373, -0.12453294,
         -0.01716948]],

       [[-0.10142178, -0.12352885,  0.08025746,  0.06576135,
         -0.0008506 ],
        [ 0.01512226, -0.02857371, -0.14713539, -0.03511979,
          0.05925117],
        [ 0.03099319,  0.07570407,  0.02716609,  0.09645219,
         -0.13024529],
        [-0.02738306, -0.11378543,  0.0824942 ,  0.05807647,
         -0.13547919],
        [ 0.12322065, -0.07747861, -0.12307045, -0.12709775,
          0.04290091]],

       [[ 0.10216203, -0.10010443, -0.09155271,  0.08140013,
          0.10879052],
        [ 0.14980792,  0.0109894 ,  0.0584325 ,  0.00169418,
         -0.13418838],
        [ 0.08530574,  0.06329794,  0.02036572, -0.10940414,
          0.04349825],
        [ 0.13232186, -0.03419363,  0.12085329,  0.08261082,
          0.10253252],
        [-0.09675078,  0.14149811,  0.09389224,  0.12378546,
         -0.01327471]]])
 array([[[-0.04021054,  0.07933698,  0.09724577, -0.04618448,
         -0.06502988],
        [ 0.02199198, -0.12200655, -0.13252047,  0.03023999,
         -0.01750252],
        [-0.00188611,  0.02148228, -0.14804673, -0.12598101,
          0.12965182],
        [ 0.05790817,  0.02643828, -0.01142442, -0.0776521 ,
          0.14961628],
        [-0.03138428, -0.12042302,  0.06101869,  0.09968067,
          0.1004732 ]],

       [[ 0.01670641,  0.07974158,  0.11351403, -0.1342935 ,
          0.11200793],
        [-0.09369336, -0.1245813 ,  0.06556475, -0.00748779,
          0.0632342 ],
        [-0.14014264,  0.00522648, -0.02686447,  0.11948563,
         -0.03384963],
        [-0.03190417,  0.0869815 ,  0.12438458, -0.05820222,
         -0.10328661],
        [ 0.08081411, -0.09767813,  0.12670899, -0.12920093,
          0.01746519]],

       [[ 0.00103779,  0.13846436,  0.06090852, -0.13312856,
         -0.11945396],
        [ 0.00193545, -0.14497253,  0.02449543,  0.12243553,
          0.0177613 ],
        [-0.05232286, -0.06973107, -0.11156359,  0.14714707,
         -0.09518367],
        [-0.14936807, -0.10300751,  0.04055486, -0.14171679,
         -0.01405034],
        [-0.14612661, -0.12150143,  0.01054428, -0.03235589,
          0.0363883 ]]])
 array([[[-0.14502282,  0.10455237, -0.08036373, -0.10247462,
         -0.107185  ],
        [-0.12598688,  0.03377601, -0.12409719,  0.13213392,
          0.02966913],
        [-0.1027066 , -0.09951521,  0.06820479, -0.06363384,
          0.04207378],
        [ 0.06240449,  0.01666952,  0.13745737, -0.1358104 ,
         -0.08501264],
        [-0.12057418, -0.11010605,  0.05516991, -0.12082227,
         -0.0642163 ]],

       [[ 0.01254063,  0.05401377,  0.14542625,  0.00758209,
         -0.09598384],
        [-0.05767314,  0.03101099, -0.12656369,  0.0511057 ,
          0.13540425],
        [-0.04092494, -0.026282  ,  0.01979038, -0.01590322,
          0.14097209],
        [-0.091303  ,  0.10332271, -0.02440337,  0.07451961,
          0.05369326],
        [ 0.05741099,  0.08638692, -0.01978212, -0.04841398,
         -0.02603978]],

       [[ 0.0644755 , -0.05627133,  0.14578297, -0.05055326,
          0.12008965],
        [-0.00372458,  0.08297605, -0.12379465, -0.08529146,
         -0.08445286],
        [ 0.00368526, -0.13385393, -0.02905959, -0.05720034,
         -0.08004265],
        [-0.11852912, -0.05291978,  0.01375433,  0.04001872,
         -0.11479164],
        [ 0.03874745, -0.07401985,  0.05868988, -0.08056392,
         -0.00767875]]])
 array([[[-0.04380975,  0.03597769,  0.14039276, -0.12709863,
          0.05812809],
        [-0.14743068,  0.12863276, -0.10057304,  0.11961992,
         -0.021696  ],
        [-0.05255739,  0.11019254, -0.07489174, -0.07897301,
          0.00190342],
        [ 0.12811883,  0.01145496, -0.12449462,  0.07321924,
          0.11076015],
        [ 0.12822748, -0.02377039, -0.08203489,  0.13022442,
         -0.00797876]],

       [[ 0.12890202,  0.00968789, -0.02922881,  0.06329925,
         -0.06847712],
        [-0.11107578, -0.11958086, -0.08598294,  0.01972596,
         -0.06047677],
        [ 0.1372536 , -0.14201799,  0.0121206 ,  0.11900755,
         -0.00633345],
        [ 0.0054984 , -0.12746813, -0.14448631,  0.11160574,
         -0.0862442 ],
        [-0.13360668,  0.0317744 ,  0.03458275, -0.14724448,
          0.1232434 ]],

       [[ 0.12005227, -0.02248375, -0.07839326,  0.08160078,
         -0.12965783],
        [ 0.06956368,  0.09466426, -0.12452374, -0.09535719,
          0.14167455],
        [-0.10578017,  0.03336478, -0.12559426, -0.10254823,
         -0.05125589],
        [ 0.08970004,  0.13540916, -0.12199017,  0.08900686,
          0.00376991],
        [-0.08996623,  0.01201073,  0.04522403,  0.0281936 ,
          0.08901173]]])
 array([[[ 0.01925516,  0.04405587, -0.02436285,  0.0117646 ,
          0.03543118],
        [-0.14305533, -0.13176888, -0.09479725,  0.06529342,
         -0.12837543],
        [ 0.08756503,  0.13927882, -0.06131829, -0.10542814,
         -0.00326044],
        [-0.10254831,  0.13000559, -0.00308276, -0.03551969,
         -0.13941778],
        [-0.06609824, -0.00929127,  0.12872797,  0.01209035,
         -0.01964697]],

       [[ 0.06147494, -0.08270313, -0.04033929, -0.10556246,
         -0.14229986],
        [-0.09610311,  0.01335149, -0.07669283,  0.11579856,
         -0.12727251],
        [ 0.05810009,  0.10712377, -0.05654208,  0.10702382,
          0.00826561],
        [-0.10627308,  0.07064677,  0.05995207,  0.09033539,
         -0.09480604],
        [ 0.11875303, -0.13255759, -0.0983682 ,  0.0859839 ,
         -0.07615304]],

       [[-0.06947617, -0.0903203 , -0.03576036, -0.01905914,
          0.08305096],
        [ 0.02712562,  0.11493527,  0.09905952,  0.07212014,
         -0.06392453],
        [ 0.08898871, -0.05937581, -0.00191954,  0.05726306,
         -0.04216683],
        [-0.03862896, -0.0350898 , -0.05685217,  0.12522519,
          0.08603155],
        [ 0.14400785, -0.00820228, -0.12573913, -0.03654413,
         -0.05002027]]])
 array([[[-0.00335327,  0.03177948, -0.08785971,  0.06788807,
         -0.09251103],
        [-0.01808672, -0.01970461, -0.04935417,  0.08102207,
         -0.0307483 ],
        [-0.00377521,  0.08729799,  0.06189054,  0.01678006,
          0.0243625 ],
        [ 0.05778092,  0.05762257, -0.05738012,  0.03106597,
          0.00463868],
        [ 0.1099096 , -0.04282442,  0.06468095,  0.04588502,
         -0.00330295]],

       [[-0.02857635, -0.04658696, -0.03514775,  0.02659184,
         -0.05189732],
        [ 0.00521097,  0.05191589,  0.02782735, -0.08265845,
          0.08842968],
        [ 0.00193808,  0.08467639,  0.01218129, -0.08982832,
          0.08251281],
        [ 0.0344684 ,  0.00843435, -0.0528166 , -0.02948851,
         -0.03743107],
        [-0.01749183,  0.1137224 , -0.00206372,  0.0646155 ,
         -0.0786272 ]],

       [[ 0.01271338,  0.04525466, -0.05203035, -0.02280007,
         -0.02263505],
        [ 0.01879041, -0.04353592, -0.06016565, -0.07661072,
          0.03593868],
        [-0.04971963,  0.05347371,  0.09401791, -0.05507388,
         -0.07275824],
        [-0.09094078, -0.0213587 ,  0.10052656,  0.06643797,
          0.09770882],
        [-0.01890926,  0.08291645,  0.04084393, -0.11093101,
          0.0050027 ]],

       [[-0.02742424,  0.00969319, -0.02146858,  0.0378417 ,
          0.05967028],
        [-0.02679863,  0.07772933,  0.10370261,  0.07634415,
         -0.01201968],
        [-0.01469785,  0.04306064,  0.06650199,  0.07307341,
          0.0292255 ],
        [ 0.0996248 ,  0.05891238, -0.02546332,  0.07584094,
          0.10983072],
        [-0.02018434,  0.05695297,  0.0338823 ,  0.05997009,
          0.09308549]]])
 array([[[-0.11184486,  0.03268011, -0.05468684,  0.06521373,
          0.07747648],
        [ 0.03029961, -0.07321305, -0.10787249,  0.03437385,
          0.03708121],
        [ 0.03895696,  0.0064628 , -0.04200015, -0.10102883,
         -0.02825063],
        [ 0.00112623,  0.0095957 ,  0.10847131,  0.00592421,
         -0.0632069 ],
        [ 0.02595998, -0.02566369, -0.04062845,  0.03984633,
         -0.05442767]],

       [[-0.07962932, -0.11418749, -0.06994225, -0.06605774,
         -0.10857092],
        [ 0.10212477, -0.03758829, -0.0298019 , -0.04662869,
          0.10047533],
        [ 0.04287677,  0.09984558,  0.08063975, -0.1129541 ,
          0.11304784],
        [-0.00593596,  0.05475409,  0.07467325, -0.10345326,
          0.01542816],
        [ 0.01023954, -0.06788665,  0.01304787,  0.02451235,
          0.00648107]],

       [[-0.03547681,  0.05614984,  0.05181661, -0.08335336,
         -0.09456464],
        [ 0.01002067,  0.07883578, -0.06534339, -0.10319471,
          0.07801566],
        [ 0.05667996, -0.09324667, -0.09930572, -0.03036572,
          0.07222849],
        [ 0.07199096,  0.02775618, -0.05846527,  0.05753698,
         -0.04891819],
        [ 0.09970718, -0.07429328,  0.02605687,  0.0736875 ,
          0.10119451]],

       [[ 0.06290251,  0.10595842,  0.00811083, -0.11060531,
          0.04123806],
        [-0.02572837, -0.09475273, -0.09399433,  0.09348169,
         -0.06794716],
        [ 0.03734125, -0.08918363,  0.02067875, -0.04269635,
          0.06928726],
        [-0.08207347,  0.07469183,  0.11101353,  0.04570111,
          0.00344784],
        [ 0.0920784 , -0.03296497,  0.08481277, -0.09335088,
         -0.08538209]]])
 array([[[ 0.01629233,  0.03801278,  0.00663355,  0.08933348,
          0.08187549],
        [-0.03853874, -0.02949209,  0.07563903, -0.10151138,
         -0.03956413],
        [-0.08848745, -0.01560604,  0.06933203, -0.02531669,
          0.00652666],
        [ 0.08822372,  0.02390414, -0.08989125, -0.02678535,
         -0.07421222],
        [ 0.00602915,  0.03092512, -0.05003857,  0.02367715,
          0.02815593]],

       [[-0.08417332, -0.01951355, -0.03663072,  0.02428029,
          0.10525939],
        [ 0.00711224, -0.08845603, -0.1021913 ,  0.03778284,
          0.05261652],
        [ 0.06182537, -0.07137698,  0.02392241,  0.06797628,
          0.09705975],
        [-0.08126699,  0.0691544 , -0.02466495,  0.02340894,
         -0.05503601],
        [ 0.04477764,  0.08389109,  0.03555372,  0.0957932 ,
          0.10547625]],

       [[ 0.06006235,  0.09197133,  0.06865088, -0.10562825,
         -0.09149172],
        [-0.07007462,  0.10175546,  0.00189888, -0.02105012,
          0.06695358],
        [ 0.08899616, -0.09070552, -0.00777696,  0.03160036,
          0.01353608],
        [-0.05390017, -0.06203287, -0.00062324, -0.01631922,
          0.03385021],
        [-0.04735151,  0.02993461, -0.11317963, -0.00114024,
         -0.01442028]],

       [[-0.08691232, -0.07245058,  0.01983756, -0.01064376,
         -0.10426182],
        [ 0.09760255,  0.02912721, -0.05142813, -0.00977015,
         -0.11181513],
        [ 0.05576297, -0.07004859,  0.05564451, -0.01614713,
          0.05812173],
        [ 0.01403713,  0.00350727,  0.10820515, -0.04642867,
         -0.04076145],
        [-0.09920487,  0.10918186,  0.07310776, -0.11320922,
         -0.02757966]]])
 array([[[ 0.04890476,  0.0203634 ,  0.07540325, -0.09007016,
         -0.07756847],
        [-0.11350816, -0.06292043,  0.03099202, -0.02610716,
         -0.02848598],
        [-0.00080868,  0.07544209, -0.0151458 ,  0.09165475,
          0.01981784],
        [ 0.10414996, -0.05361321, -0.10106728, -0.10475236,
         -0.01963376],
        [ 0.04607845, -0.00703103,  0.01965501, -0.03672201,
         -0.05656566]],

       [[-0.04024766, -0.04477064,  0.01068199,  0.00087599,
          0.05397022],
        [-0.06201129,  0.09043976,  0.11246355,  0.0150713 ,
         -0.04332383],
        [-0.07040975, -0.08608644, -0.09249027, -0.02802125,
         -0.05876701],
        [ 0.08300283,  0.10283162, -0.00779701, -0.09847631,
          0.04102242],
        [-0.11411932, -0.03674763, -0.07798139,  0.09693383,
         -0.03754892]],

       [[-0.05909135,  0.08396794, -0.08717351,  0.07829285,
          0.09218462],
        [-0.08771434,  0.01905956, -0.07877062,  0.09073733,
         -0.02431802],
        [-0.06943908, -0.08010573, -0.01095753, -0.01600742,
         -0.02151027],
        [ 0.0268658 , -0.05546141, -0.03620991, -0.05579739,
         -0.02529616],
        [ 0.08996686, -0.04608368, -0.05610828, -0.04766391,
         -0.06037278]],

       [[ 0.06134456,  0.10894831, -0.01216557, -0.08859926,
          0.10627762],
        [-0.08622618, -0.10200229, -0.04419717,  0.0567685 ,
          0.033517  ],
        [-0.05777038,  0.06281813, -0.10382867, -0.01621164,
          0.06035553],
        [-0.02906575,  0.06245702,  0.10699248,  0.02933045,
          0.04361941],
        [-0.01643344, -0.08177698, -0.00197395, -0.06657424,
          0.02402788]]])
 array([[[ 0.02450291, -0.04484782,  0.09709694,  0.10273347,
         -0.0147668 ],
        [ 0.09375384,  0.11204075,  0.01911966, -0.025165  ,
         -0.06782242],
        [ 0.05182354,  0.09245547, -0.10807236,  0.07451099,
         -0.08363175],
        [-0.06806303, -0.02216254,  0.07316621, -0.10083343,
         -0.08066897],
        [ 0.05956133,  0.01688444,  0.06485544, -0.02060864,
          0.03394574]],

       [[-0.06265133,  0.01334484,  0.05502324,  0.00616888,
         -0.08018508],
        [-0.02372769,  0.03666123,  0.04740762, -0.00660953,
         -0.10946664],
        [ 0.10524673, -0.05982633, -0.01306944,  0.01825384,
          0.02012984],
        [-0.04997006, -0.07018041, -0.05263781,  0.10718506,
          0.05560383],
        [-0.08248508,  0.06158108, -0.00155572,  0.10974743,
          0.0825811 ]],

       [[-0.08446235, -0.06722495,  0.02888817, -0.09408929,
          0.04589019],
        [-0.04094916, -0.06521596,  0.03221014,  0.0300501 ,
         -0.03860692],
        [-0.05809688,  0.0542562 , -0.06552226,  0.03147502,
         -0.08505859],
        [-0.04446648,  0.06412785,  0.01756505,  0.02024103,
          0.03351344],
        [-0.07941761,  0.08318164, -0.03311921,  0.02808847,
          0.06989441]],

       [[-0.01750062, -0.10995761,  0.06269341,  0.05467552,
         -0.08604886],
        [ 0.01128057, -0.09140059, -0.06845542, -0.0754339 ,
         -0.04522546],
        [-0.02179854,  0.0504585 ,  0.00475964, -0.02979203,
         -0.08086068],
        [-0.03867007, -0.10559109, -0.00134673, -0.05486633,
          0.01930006],
        [-0.02202407, -0.08885669, -0.10625804,  0.05266967,
         -0.0142123 ]]])
 array([[[-0.02135087,  0.07314701, -0.0495431 ,  0.10661905,
         -0.09743825],
        [-0.03074609,  0.02110682, -0.03756576, -0.11244663,
         -0.06903907],
        [ 0.10029367, -0.06365879, -0.06964424, -0.06677978,
         -0.02352907],
        [ 0.01750628, -0.00455726, -0.05072477,  0.09951253,
         -0.0636314 ],
        [-0.09091701, -0.09855242,  0.02018508, -0.09779564,
         -0.08139101]],

       [[-0.08592001, -0.01127295, -0.03019045,  0.08247601,
         -0.037176  ],
        [-0.01445534, -0.04908313,  0.10988757, -0.10766117,
          0.09566271],
        [ 0.04006138,  0.02778658, -0.00400648, -0.06686158,
          0.08700739],
        [ 0.02109637, -0.09759908,  0.10074999, -0.10581352,
          0.06638046],
        [-0.00287252, -0.07611518, -0.05501415, -0.06644297,
         -0.06554053]],

       [[ 0.02016591,  0.0834814 , -0.02564908,  0.01336502,
         -0.10023258],
        [-0.02102954,  0.07607983, -0.1140718 , -0.11176135,
         -0.08791571],
        [ 0.05080155, -0.00480102, -0.04638049,  0.01413147,
         -0.06892778],
        [-0.09371539,  0.00904535,  0.08017255, -0.0626488 ,
         -0.05106485],
        [-0.11060862, -0.10118615, -0.04702542,  0.00584973,
         -0.01942879]],

       [[-0.04187304,  0.05580684, -0.02117013, -0.05326081,
         -0.07842909],
        [ 0.06082197,  0.04664722, -0.03556195,  0.03855491,
         -0.11118956],
        [ 0.06393259, -0.02048162, -0.04591274,  0.10681376,
          0.01105602],
        [ 0.02676985,  0.02538884, -0.03201709,  0.03819718,
         -0.10229467],
        [ 0.01780962,  0.09958647,  0.05208984,  0.01116363,
         -0.0617909 ]]])
 array([[[ 4.63788012e-02, -7.32106129e-02,  8.97453191e-03,
          6.50687748e-02,  1.23722378e-02],
        [ 3.26621487e-02, -2.36135266e-02, -2.87834184e-02,
         -1.13595714e-01,  1.08552985e-01],
        [ 9.20754057e-02,  3.21189996e-02, -5.12640559e-02,
          4.35208053e-02,  4.50535885e-02],
        [-6.79784871e-03, -1.01119034e-01, -1.03847909e-01,
          4.87014789e-02, -6.48140581e-02],
        [ 4.30985319e-02,  5.13180210e-03,  1.08262991e-01,
         -7.70429422e-02, -4.92689742e-02]],

       [[ 8.87324138e-02,  2.96763137e-03, -1.13197816e-01,
          9.39030820e-02,  2.22722932e-02],
        [-8.72439682e-02, -3.47527224e-02,  6.05393655e-02,
          5.29319858e-02,  1.96078842e-02],
        [-3.39820522e-02,  4.22467959e-02,  7.08166149e-02,
          2.80675195e-02,  5.23459852e-02],
        [-1.04250874e-02, -6.41567595e-02,  3.51249338e-02,
          7.97669664e-02, -2.71995899e-02],
        [ 6.42742050e-02,  7.50017669e-02, -9.84694703e-03,
         -8.75458376e-02, -9.07699806e-02]],

       [[ 9.10649250e-02,  1.10730083e-01,  8.85035213e-02,
         -1.75419526e-02, -9.24683776e-02],
        [-3.40791414e-02, -6.61238440e-02, -1.10003062e-01,
          2.10371326e-02,  1.15803657e-03],
        [ 5.91720778e-02, -3.00677601e-02,  9.26406453e-02,
          9.62983114e-02,  2.21309137e-02],
        [ 1.69394355e-04,  3.00935987e-02,  9.10995321e-02,
          1.03484310e-01,  8.63308152e-02],
        [ 1.12573971e-01,  9.30597174e-02, -9.05743608e-02,
         -1.47079468e-02, -1.79571141e-02]],

       [[-2.77311104e-02,  1.74113667e-02,  3.95598062e-02,
         -9.73934515e-02, -7.17349175e-02],
        [ 9.59481144e-02, -8.34772481e-02, -9.64673719e-02,
          9.15742623e-02,  4.05286245e-02],
        [ 3.23582739e-02, -1.09897315e-01,  1.13272710e-01,
         -7.82634683e-02, -6.10984957e-02],
        [-1.85470692e-02,  2.76043291e-02, -4.75445208e-02,
         -4.52890504e-04,  1.09196480e-01],
        [-3.76610381e-02, -6.48495997e-02,  6.15294999e-02,
          9.39388065e-02, -4.10216807e-05]]])
 array([[[-0.03934811, -0.01411948,  0.08760758, -0.11296712,
          0.09968858],
        [ 0.08839472, -0.05907781,  0.01961805, -0.06889479,
         -0.04874716],
        [ 0.06130808, -0.01555266,  0.04826403,  0.10523387,
          0.07914694],
        [-0.0082912 , -0.06504023,  0.08898295, -0.05864141,
         -0.09979683],
        [ 0.00901739, -0.02284653, -0.0664283 , -0.10305588,
         -0.08360931]],

       [[ 0.06191494,  0.00872497, -0.09307196, -0.09199749,
          0.09888779],
        [-0.10703758, -0.05911978,  0.10078436,  0.07907692,
          0.02413799],
        [ 0.0029979 , -0.02934275,  0.06957443, -0.01898076,
         -0.05185634],
        [ 0.09918587, -0.04582239,  0.08888461,  0.02295517,
          0.00410588],
        [ 0.10260367, -0.07196058,  0.0591761 , -0.08002611,
          0.06968795]],

       [[ 0.00309375,  0.02194085, -0.0375736 , -0.04976976,
         -0.07830152],
        [ 0.03042891, -0.05796112,  0.07285042, -0.09701559,
         -0.07091914],
        [ 0.06571582,  0.09020156, -0.02400207,  0.00539166,
         -0.04303356],
        [-0.06849645, -0.04318603, -0.08260531, -0.02570108,
         -0.00084483],
        [-0.07877801,  0.05593416,  0.09995433, -0.0062308 ,
          0.03612901]],

       [[-0.08540978, -0.10977052, -0.07483476, -0.07748249,
          0.09742565],
        [ 0.0290222 , -0.02589726,  0.08891503, -0.05777666,
         -0.04324102],
        [ 0.01826208,  0.03273359,  0.01954573, -0.007738  ,
          0.09697346],
        [ 0.01868686,  0.06206746,  0.06212012, -0.10111342,
         -0.05927629],
        [ 0.02703301,  0.01744025,  0.05966518, -0.02984511,
         -0.04982531]]])
 array([[[ 0.07258011,  0.06539566, -0.0847216 ,  0.08893249,
          0.03910371],
        [ 0.01343433, -0.11113453,  0.00850688, -0.03589639,
         -0.11192057],
        [ 0.09847877,  0.05114268,  0.04196045,  0.08450248,
         -0.02918262],
        [ 0.10057633,  0.06469692, -0.09365636,  0.06410314,
         -0.11038555],
        [-0.00981918, -0.03452022, -0.06598873,  0.05315613,
          0.11036507]],

       [[-0.03112029,  0.02670274, -0.09228807,  0.05896782,
          0.05029105],
        [-0.07177905, -0.00206027, -0.07628076, -0.08412329,
          0.06075181],
        [ 0.06216901, -0.04465893,  0.03843755, -0.06930104,
          0.02514631],
        [-0.02084429,  0.01324537, -0.05473697, -0.04393538,
         -0.03881389],
        [-0.00708654, -0.06938245, -0.01572068, -0.06422012,
         -0.05893679]],

       [[ 0.10140653,  0.04062397,  0.07642299,  0.00693886,
         -0.10887935],
        [-0.11197979,  0.02591706, -0.09781947,  0.09413575,
         -0.02275802],
        [ 0.05154649,  0.01663766,  0.02004619,  0.10444967,
         -0.08199224],
        [ 0.01314858, -0.0664621 , -0.01352476,  0.10419067,
          0.0877599 ],
        [-0.03231629,  0.03540423, -0.02882901, -0.03898046,
          0.03611051]],

       [[ 0.01452145, -0.07720819, -0.00361704, -0.11405321,
          0.11222922],
        [-0.07938046, -0.00961846, -0.09560074, -0.01997241,
          0.01593647],
        [ 0.09488137,  0.06668427,  0.07942659,  0.00532767,
         -0.02052228],
        [-0.07829193, -0.10383879, -0.04168998,  0.06610519,
          0.07477304],
        [-0.03411847, -0.03880449, -0.04701494, -0.02630624,
          0.06463043]]])
 array([[[ 7.20855991e-02, -5.33736751e-03, -3.28044368e-02,
         -3.85461432e-02,  7.73795021e-02],
        [ 4.31301107e-03, -1.20747987e-02,  8.99993262e-03,
          5.83680900e-02,  6.28831396e-02],
        [ 4.30544651e-02,  5.48046088e-02, -7.72659102e-03,
          5.65948243e-02,  1.11232809e-02],
        [ 3.43746539e-02, -1.69573293e-02,  7.11285395e-02,
          2.88826241e-02, -1.80944571e-02],
        [-6.59456819e-03,  5.23594802e-02,  4.91508617e-02,
          5.49655786e-02, -4.57311443e-02]],

       [[ 6.85517847e-02,  5.24662236e-02,  4.27240812e-02,
          2.37293535e-02, -7.26465163e-02],
        [ 1.38264049e-02,  5.84550766e-02,  4.54375249e-02,
          6.11295955e-02, -4.05044523e-02],
        [-6.12285396e-03, -6.45137102e-02, -3.53197863e-02,
         -2.81763697e-02,  2.29597485e-02],
        [ 9.38456750e-03,  6.34059597e-02, -6.56893297e-02,
          5.10690984e-02,  3.81931037e-02],
        [-7.68802303e-03, -6.03748219e-02,  5.85359680e-02,
          7.69269584e-02, -2.95735278e-02]],

       [[-4.23116279e-02, -1.52326615e-02,  5.39962103e-02,
         -3.11751926e-02, -3.06710104e-02],
        [-4.25629743e-04,  3.95223726e-03,  2.38445958e-02,
         -7.44305156e-05,  1.65517901e-02],
        [-5.60568148e-02,  7.36220618e-02,  6.39784967e-02,
          1.07668537e-02, -4.54586266e-02],
        [-1.58261455e-02,  5.68293854e-03, -3.45570879e-02,
          2.61232082e-02, -6.55708541e-02],
        [-6.75784116e-02,  6.59097338e-02, -3.30413767e-02,
          3.01408229e-02,  7.60556588e-02]],

       [[ 6.52323616e-02,  2.51777480e-02, -4.45603176e-03,
         -6.55130721e-02, -7.04784822e-02],
        [ 7.43574929e-02,  2.32000452e-02, -6.86988471e-02,
         -6.30138673e-02, -3.31848528e-02],
        [ 1.15852290e-02,  3.61605964e-02, -6.66604810e-02,
         -2.44200568e-02,  3.15667168e-02],
        [ 1.06352777e-03, -7.69150745e-03, -1.90014919e-02,
          2.46417180e-02,  4.00962195e-02],
        [-1.92641686e-02,  1.10431456e-02,  2.90078931e-02,
          4.61449550e-02,  4.36222689e-02]],

       [[-1.18132679e-02, -3.43608152e-02, -6.72696355e-02,
          5.40268497e-02, -7.07073986e-02],
        [-8.01786079e-03,  2.32387756e-03, -2.42009736e-02,
          3.96886823e-02, -1.91526585e-02],
        [-4.45996802e-02, -4.80891166e-02,  1.19354770e-02,
          5.95302028e-02, -4.85263080e-02],
        [-5.02455560e-02, -9.84095304e-03, -9.47372367e-03,
          1.93953981e-02, -2.22336849e-02],
        [-4.67872029e-02, -1.28518888e-02, -5.11140766e-02,
          3.70699622e-02,  1.97935316e-02]],

       [[ 3.39434681e-02, -1.91416647e-02,  7.18907799e-02,
          5.29295861e-02, -3.25474249e-02],
        [ 6.69358508e-02,  7.71471522e-02,  1.80161348e-02,
          2.17291484e-02,  4.08132000e-02],
        [-1.45385626e-03,  1.31989950e-02,  4.49759635e-03,
          3.95665116e-02,  5.95418769e-02],
        [-2.06950191e-03, -7.56833832e-02,  2.51866578e-02,
          2.66787328e-02,  2.66760280e-02],
        [ 3.90988944e-02, -9.44053105e-03, -6.61695850e-02,
         -3.41520536e-02,  6.00663210e-02]]])][-0.042892782301882953, -0.10621539409827055, -0.03652230535632364, 0.1392701498486528, -0.12957071085570082, -0.030497888129338097, 0.012335466313860524, 0.047743901411852765, -0.053852380183663964, 0.01923996236294366, -0.0637853911272381, 0.11394852412815228, -0.09576882296695258, -0.05898218986269619, 0.024440960259057967, 0.012237092192795063]
-----------------------------------------------
[[ 0.13980397  0.44659553]
 [ 0.30388939  0.43546352]
 [-0.29346782 -0.46994777]
 [-0.20593633  0.38484748]
 [ 0.1413487   0.31689227]
 [ 0.00973042  0.40419683]
 [-0.47809189  0.41100008]
 [-0.36857687 -0.13648381]
 [-0.14737875  0.04716522]
 [ 0.04637149 -0.28287632]
 [-0.45306074  0.14706573]
 [-0.36419572 -0.43968644]
 [-0.17355553 -0.31842661]
 [-0.01331568  0.11991449]
 [-0.01542227 -0.39529121]
 [-0.23710274 -0.30390547]]
-----------------------------------------------
[[[[ 1.85675089e-02  2.83655157e-02 -7.28395893e-03  2.35026779e-02
     1.43641919e-02]
   [ 2.89552199e-02 -1.73938586e-02 -7.84737031e-03 -2.39420946e-02
    -1.25884669e-02]
   [-5.61058836e-03 -1.10875233e-02  7.13556261e-03  2.21044767e-02
    -1.26791306e-02]
   [ 2.67395282e-02  1.40417469e-02 -2.40664836e-02 -2.55568900e-02
    -6.75435766e-03]
   [-1.55632800e-02  1.45277899e-02  2.12031217e-02  5.28625586e-03
     5.04691035e-03]]

  [[-2.73205362e-02 -9.75483742e-03 -9.92065070e-03  4.62608453e-03
    -1.95772286e-02]
   [-1.90621333e-02 -2.72221484e-02 -2.24755002e-02 -8.29179475e-03
     2.07267733e-02]
   [-1.18781947e-02 -2.27771823e-02 -1.69945114e-02 -2.73983989e-02
     2.51751355e-02]
   [ 6.76104272e-03  1.57832599e-02 -2.19755291e-02  1.80833274e-02
     2.57226659e-02]
   [ 2.29334243e-02  1.86660005e-02 -2.43768837e-02 -1.31337245e-02
    -2.92329063e-02]]

  [[-1.05498241e-02  3.41467817e-03  1.59890976e-02  3.50995931e-03
    -2.43733496e-02]
   [-1.17306379e-03  1.33217517e-02  2.08310588e-02 -4.87280119e-03
    -1.48154087e-02]
   [ 1.04138027e-02  7.47466619e-04 -2.29228271e-02  1.81746871e-02
    -1.30331359e-02]
   [-1.65083762e-02 -2.84218745e-02 -2.57585744e-02 -2.90257559e-02
    -2.78185248e-02]
   [-1.08421612e-02 -6.48722454e-03 -2.66062730e-02 -1.22844978e-02
    -8.51083525e-03]]

  ...

  [[ 4.61764130e-03 -2.23217841e-02 -6.46929701e-03 -1.72693662e-02
    -5.85256176e-03]
   [-1.64960916e-02  2.48155659e-02 -1.20638858e-02 -1.76346181e-02
    -2.22551451e-02]
   [-2.53484699e-02  1.85959175e-02 -2.32138029e-02 -7.90664068e-03
     2.63167820e-02]
   [ 2.50757717e-02  3.62090352e-04 -4.23569806e-03  8.61275434e-03
     1.54341275e-02]
   [ 6.33372805e-03  9.93706612e-03  2.70248539e-02  3.71964615e-03
     1.71004473e-02]]

  [[ 1.97207578e-02  3.82471966e-03  1.59056876e-02 -3.89960540e-03
    -5.62927828e-03]
   [ 1.57929430e-02  2.67327048e-02  2.34611299e-02  1.41133903e-02
     1.54843083e-02]
   [ 2.83431348e-02 -2.41927296e-02  6.62263007e-03  6.87192107e-03
    -4.30191378e-03]
   [-1.69411986e-02 -2.21509003e-02  3.77376856e-03 -1.24614579e-02
    -2.48115427e-02]
   [-2.37880167e-02  2.92000220e-02  8.86837092e-03  5.62563113e-03
    -1.56423502e-02]]

  [[ 2.09871872e-02 -2.45289390e-02 -1.30543414e-02 -1.33071868e-02
     2.22774253e-02]
   [-1.97227441e-02 -2.60829816e-02  2.74446926e-02 -2.24300343e-02
    -5.92339763e-03]
   [ 4.26437863e-03  2.62658569e-02  1.91055914e-02  3.02463217e-03
     1.67923363e-02]
   [ 1.14458551e-02  7.55732360e-03 -9.23850153e-03  5.83542913e-03
    -1.48936171e-02]
   [-8.65086994e-03 -1.87674489e-04 -1.97487844e-02 -1.51430765e-02
     5.37303957e-04]]]


 [[[ 2.72730812e-02 -2.05643771e-02 -1.37250459e-02  2.15113987e-02
    -8.00332442e-03]
   [-2.57998026e-02  1.27418991e-02 -8.71641602e-03 -9.27601901e-03
    -2.04237803e-03]
   [-1.86410784e-03  9.41015549e-03  1.09274833e-02  6.14372666e-03
    -1.59491479e-02]
   [ 2.66591920e-02  1.34096900e-02 -5.83739358e-03  6.95220565e-03
    -1.25094512e-02]
   [-2.70195905e-02  1.73104153e-02  2.94619541e-02 -1.91188050e-03
     2.85730348e-02]]

  [[ 1.68673907e-02  2.21716282e-02 -2.81014156e-02 -1.32167593e-03
     2.79133094e-02]
   [-9.47607223e-03  1.85194203e-02 -1.15800714e-02  1.59346991e-02
    -9.25327018e-03]
   [-7.84897149e-03 -8.46263127e-03 -2.54678976e-02 -2.54137448e-02
    -1.03433910e-02]
   [-4.33284774e-03  1.98257464e-02 -1.79300707e-02  1.48594624e-02
    -1.31277132e-02]
   [ 2.73245125e-02 -7.00250633e-03 -2.00611584e-02  2.63618389e-02
    -2.00224276e-02]]

  [[ 8.42422458e-03 -8.62659229e-03 -4.01481593e-03  2.47645289e-02
    -1.87722796e-03]
   [-1.33798544e-02 -2.55097647e-02 -1.86777960e-02 -7.11986706e-03
     2.35526600e-02]
   [-1.85544383e-02 -2.78068007e-02  1.87414675e-02  2.29433453e-03
     1.82519284e-03]
   [ 1.84102520e-02  2.08402778e-02  1.92120313e-02  6.20294797e-03
    -1.29474847e-02]
   [ 1.08640803e-02 -1.43533303e-02  1.44131893e-02  2.29878713e-02
     8.98259819e-03]]

  ...

  [[-1.44333199e-02  2.19808929e-02  1.46709081e-03  2.69872305e-02
    -7.24291135e-03]
   [-2.48519134e-02 -2.00225988e-02  1.98693462e-02 -2.20699078e-03
    -1.37210548e-02]
   [-1.58576983e-02 -9.03172625e-03  2.97139968e-03 -6.40335827e-03
    -2.92609325e-02]
   [ 1.71475258e-02  2.11935062e-02  1.79759015e-03 -2.12256214e-02
     1.32595273e-02]
   [-2.42188523e-02 -2.45678126e-02 -1.16670385e-02  2.55985590e-02
    -1.26377198e-03]]

  [[ 1.80979266e-02 -2.28035090e-02  4.27002252e-03  2.58895058e-02
    -6.31754480e-04]
   [ 1.80453621e-02 -1.33760762e-02  1.36277806e-02 -2.93099367e-02
    -6.72759560e-03]
   [-1.15371751e-03 -6.47665996e-03 -9.55818251e-03 -1.39861143e-02
    -1.44666837e-02]
   [-2.11746023e-02 -1.69953750e-02 -2.23152516e-02  2.38141889e-02
     2.82140845e-03]
   [ 1.10165271e-02  8.87515046e-03 -2.46400692e-02 -2.47336864e-02
    -2.12836518e-02]]

  [[-1.24196598e-02 -1.05888283e-02  9.60636057e-03  2.38288542e-02
     7.41412318e-04]
   [ 9.81636706e-03 -1.23180133e-02  2.96291304e-02  2.19237433e-02
     1.37253094e-02]
   [-2.55079417e-02  2.11890676e-02  1.84135145e-02 -1.85387788e-02
     8.25859754e-03]
   [ 5.78804410e-03 -1.41071361e-02  9.65239886e-03 -6.20667845e-03
    -2.11450588e-02]
   [ 7.34982968e-03 -1.70981591e-02 -7.65644704e-03  6.16470704e-04
     5.87464550e-03]]]


 [[[ 2.89766267e-02  1.13707881e-03  1.05315639e-02 -1.33221593e-02
     1.75363678e-02]
   [-1.93151880e-02 -2.29680367e-02 -1.53136622e-02  2.57210578e-02
     1.82698244e-02]
   [ 2.47814565e-02  8.27730652e-03  1.12085501e-02 -1.14392897e-02
    -4.46353545e-03]
   [-9.73913961e-03  2.59668336e-02 -5.88438263e-03  1.57872961e-02
     1.63590836e-02]
   [-3.21847927e-03  2.03942682e-03 -8.42578861e-03 -9.93680238e-03
     1.78326458e-02]]

  [[-2.23114739e-03 -2.56275004e-02  9.83743470e-03 -1.97079512e-02
     2.83380576e-02]
   [ 2.73599911e-02  7.41438697e-03 -1.09113879e-02  6.47481666e-03
    -1.63259780e-02]
   [-8.34943566e-03  6.78096478e-03  2.72159392e-03  2.43860389e-02
     9.59475834e-03]
   [ 1.44763762e-02 -8.48909799e-03 -3.15678807e-03 -2.05042116e-02
    -3.26068406e-03]
   [ 1.02519700e-02 -2.17501457e-02  1.76728838e-02  2.18841277e-03
     1.64379750e-02]]

  [[ 2.46979482e-02  1.99598786e-02  2.24160574e-02 -5.37126202e-03
    -1.93653747e-02]
   [ 9.95849263e-04  2.32366106e-02 -1.01137095e-02 -8.24105070e-03
     4.90978434e-03]
   [-2.02121807e-02  8.04506876e-03  1.34031537e-02 -1.86973992e-02
    -4.80360232e-03]
   [ 2.47900757e-02 -1.60290154e-02  7.78647659e-03  2.54939405e-02
     2.71834697e-03]
   [ 9.35240536e-03  2.48781040e-02 -2.50829090e-02 -1.27144189e-02
    -1.26912486e-02]]

  ...

  [[ 2.63718545e-02  9.25691312e-03  1.83009411e-02 -3.43417477e-03
    -2.34584835e-02]
   [ 1.21418948e-02  9.02594843e-03 -2.59206581e-02  1.61896389e-02
    -3.07842520e-03]
   [ 2.27868907e-02 -1.16558188e-02  3.18641277e-03  1.70637491e-02
     1.42284446e-02]
   [ 1.41636228e-02 -4.24692119e-03 -1.17108827e-02  2.86462376e-02
     8.16994601e-03]
   [ 1.56367337e-02 -1.81403516e-02 -8.45228410e-03 -1.87849850e-02
    -1.18459275e-02]]

  [[-1.90247494e-02 -2.27229818e-02  8.92688004e-03 -2.57992957e-03
     1.40416272e-02]
   [ 2.71280575e-02  1.76379502e-03 -3.73618635e-03  2.31360249e-02
    -1.84406091e-02]
   [-1.00343067e-02  2.76369959e-03  1.05692004e-03 -6.88528526e-03
    -7.84507527e-03]
   [-2.05834601e-02  4.36426208e-03 -1.54618548e-02  9.21864661e-03
     1.87702170e-02]
   [-2.45989550e-02 -3.91585142e-03 -9.30616076e-03 -2.31032703e-02
     1.14682370e-02]]

  [[ 2.77976584e-02  1.91910354e-02 -1.23188963e-02 -1.17342025e-02
    -1.95485696e-02]
   [ 1.16134957e-03  8.82627227e-03 -1.51703665e-02  3.65585244e-03
    -1.07068003e-02]
   [ 1.84229826e-02 -9.05771231e-03  1.72685098e-02  9.47706514e-03
    -8.48066542e-03]
   [ 2.70959228e-02 -1.87049944e-02  2.79930542e-02 -1.59127418e-02
     4.41898522e-03]
   [ 1.40594473e-02  6.02354937e-03 -6.82489838e-03 -2.13280346e-02
    -2.36382263e-02]]]


 ...


 [[[-1.02467181e-02  2.56489195e-03  1.98714459e-03 -1.24050878e-02
    -1.74752744e-02]
   [-2.92603361e-02  2.33194613e-02  2.65186793e-02  2.14052691e-02
     4.17444620e-03]
   [ 1.77307728e-02 -1.13506593e-02  2.31250443e-02  1.01577021e-03
     2.90945661e-02]
   [ 2.09657864e-02 -2.76598711e-02 -8.19067204e-03 -1.80504567e-02
     7.84658952e-03]
   [ 9.94283320e-03 -1.09863902e-02  2.12455534e-02 -1.13543882e-04
     1.71739722e-02]]

  [[ 2.85524347e-02  1.41259001e-02  1.53081784e-02  7.96399147e-04
     9.41229864e-03]
   [-1.69074797e-02 -2.92390623e-02 -2.28077153e-02  6.77768215e-04
    -1.20013164e-02]
   [-7.44707673e-03  1.66315125e-02  1.51914539e-02 -1.99949927e-02
     1.55702126e-02]
   [-1.80206162e-02  2.27291734e-02  2.47986159e-02  2.57522826e-02
     2.49329321e-02]
   [-8.58566567e-03  9.83059268e-03 -1.47116199e-03  1.61112373e-02
     3.92491251e-03]]

  [[-2.55343540e-02  1.14114695e-02  9.56350846e-03 -7.97702568e-03
     1.71620092e-02]
   [-8.08492413e-03  1.11899229e-02 -1.50661618e-02  1.01205070e-02
    -1.15863075e-02]
   [ 1.91663539e-02  1.63937468e-02  1.16717213e-02  2.47926201e-03
    -8.18050486e-03]
   [-2.24858093e-03  2.19020876e-02 -7.91626342e-03 -7.45958665e-03
    -6.29738456e-03]
   [-7.41652884e-03 -1.14787540e-02 -1.69334124e-02 -1.40854829e-02
     8.86123992e-03]]

  ...

  [[ 1.14568013e-02  1.78386672e-02 -5.12388583e-03  9.08249815e-03
     2.56570680e-02]
   [-2.10405237e-02 -2.63117894e-02  1.55954817e-02 -1.15901369e-02
    -3.42306815e-03]
   [ 1.94664773e-03  2.63689330e-02 -2.43655418e-02  1.08049222e-02
     2.93467516e-02]
   [ 1.60761600e-03 -9.29261845e-03 -6.11169101e-03  1.87330036e-02
    -1.20377213e-02]
   [ 2.79049454e-02  1.97903936e-02 -1.62850694e-02 -1.30924262e-02
     1.83130629e-02]]

  [[-2.14932194e-02  1.63444237e-02 -6.28359559e-04  2.73234819e-03
    -2.60696711e-02]
   [-5.16263422e-03  1.16161212e-02  2.55133382e-02  2.26918316e-02
     2.60100712e-02]
   [-2.40529974e-02  2.80590899e-02 -2.21447706e-02  1.82261283e-02
     5.15575072e-03]
   [-2.17133825e-02 -1.74013514e-02  4.58561560e-03 -1.50904297e-02
    -2.74252394e-02]
   [ 9.72146168e-03  8.97422774e-03 -2.40578656e-02  1.87239997e-02
    -2.48300757e-02]]

  [[ 2.36652494e-03 -5.82070681e-03  1.54168450e-02 -8.29990968e-03
     1.48533844e-02]
   [ 2.94025314e-02 -1.11158896e-02  9.13389686e-03 -1.63015301e-03
     1.13528619e-02]
   [ 1.34221492e-03 -1.89524716e-02  1.59703902e-02 -8.21217912e-03
     2.93774533e-02]
   [-1.35240862e-02 -1.10281919e-03  2.62698721e-02 -6.35155431e-03
     2.31007986e-02]
   [ 1.93913982e-02  2.18413436e-02  2.78470322e-02  2.09462501e-02
    -1.39469977e-03]]]


 [[[-2.60761180e-02 -1.80352824e-02  3.37361414e-03  1.41538074e-02
    -9.47787753e-03]
   [ 1.62246671e-02 -1.13730910e-02 -7.94262927e-05  1.46096806e-02
    -2.88659867e-02]
   [ 6.31499531e-03 -1.00722123e-02  1.01149295e-02 -1.31858788e-02
    -1.71158242e-02]
   [-2.65317339e-02 -1.13329314e-02 -1.35611660e-02  2.32362329e-02
     9.78611724e-03]
   [-2.17976374e-02  7.00446182e-03  2.62197706e-02 -1.13509059e-02
    -2.42345145e-02]]

  [[ 9.30544900e-03 -8.16728058e-03  6.55770673e-03 -1.56097356e-02
     1.01014693e-02]
   [ 2.13854082e-02  4.46870140e-03 -2.50437394e-02  6.40129318e-03
     7.87035623e-03]
   [ 1.41738571e-02 -1.79167040e-02 -2.14821539e-04 -1.30767507e-02
     2.18851674e-02]
   [ 1.87979873e-02  5.62175226e-03 -9.17411345e-03  1.30306277e-02
    -3.22956445e-03]
   [ 1.58239129e-02 -1.10376075e-02 -1.52536490e-02 -1.24831148e-02
     2.03449224e-03]]

  [[-1.82770073e-02 -8.79619184e-03 -7.47436318e-03 -2.36592720e-02
    -1.55282217e-02]
   [ 1.45566146e-02  8.68909149e-03 -1.02148988e-02  1.13250192e-02
     2.85519043e-02]
   [-2.81969408e-02  1.95761950e-02 -1.67658760e-02  7.08227824e-03
     1.45540485e-02]
   [ 2.20580523e-02  2.49393159e-02  1.49701265e-02 -1.65422270e-02
     1.17480716e-02]
   [-9.41009457e-03 -1.65538689e-02  1.47708252e-02  5.03155164e-03
    -8.74693419e-03]]

  ...

  [[-2.89339948e-02  2.29809760e-02  1.33547037e-02  2.31059526e-02
    -2.40256124e-02]
   [-5.66110332e-03 -1.54804070e-02  2.22883591e-02  8.70811963e-03
     2.12328703e-02]
   [ 1.41806950e-02  3.36829466e-03 -2.53558934e-03 -6.98034709e-03
    -2.45530142e-02]
   [ 8.96443538e-03 -7.44248670e-03  2.36568365e-02  3.32014003e-03
     4.18561682e-03]
   [ 1.51946207e-02  2.73708034e-02  1.69216314e-02 -2.95059192e-03
    -2.70007573e-02]]

  [[-2.50970769e-02 -7.09986802e-03  2.62407370e-02  2.74817749e-02
     2.86008571e-02]
   [-2.89602359e-02 -2.08090734e-02 -1.57925620e-02  9.12041391e-03
     8.74601176e-03]
   [ 1.44877821e-02 -6.23968563e-03 -1.34943927e-02 -1.61582811e-02
     1.37056955e-02]
   [ 3.03274925e-03 -1.51574481e-02  2.00245059e-02 -8.47269713e-03
     1.76353196e-02]
   [ 1.29139092e-02  2.10917237e-02 -9.37842736e-03  2.87849513e-02
    -1.40754411e-02]]

  [[-2.88083188e-02  2.78276919e-02  2.66267355e-02  2.11380608e-02
    -1.71221917e-03]
   [ 1.54218598e-02  2.43823233e-02  6.36890746e-03 -2.81148012e-02
     2.05752759e-02]
   [-1.18063135e-02  1.03731067e-02  1.42227213e-02  7.96520775e-03
    -2.54720817e-03]
   [-5.13724948e-03 -1.07492440e-02  5.75864264e-03  7.26395984e-03
     4.82917765e-03]
   [ 1.34823572e-02 -1.73799716e-02 -1.12192302e-02  1.32235654e-02
     1.87139343e-02]]]


 [[[-6.00679770e-03  7.24759671e-03  3.81141046e-04  1.71969210e-02
     1.22638224e-02]
   [-9.00560049e-04  2.11037125e-02  8.67488596e-04  8.41388717e-03
    -9.79503145e-03]
   [ 2.65836137e-02  1.98812944e-02 -1.03720288e-02 -4.27851092e-03
    -8.76803247e-03]
   [ 2.54486663e-02 -1.84280247e-02 -1.77770261e-02 -2.29063886e-02
    -2.16308799e-02]
   [-6.72653749e-04  2.75564684e-02  2.63760568e-02  6.58675646e-03
     1.34386577e-02]]

  [[ 2.01599592e-02 -1.03023274e-03  2.33422428e-02  5.54881767e-03
    -1.03904618e-02]
   [-1.89614016e-02 -4.75333107e-03  9.67280552e-04  2.36583414e-02
     2.07895351e-02]
   [-5.14104413e-03  2.63876683e-02  6.75108968e-03  1.51775172e-02
     2.60720167e-03]
   [-1.77366425e-02 -1.51437630e-02 -2.92233560e-02  1.46287266e-02
    -1.28738532e-02]
   [-1.24685681e-02 -2.49580898e-02  1.20320219e-02 -2.12117590e-02
     2.21281013e-02]]

  [[ 1.66986427e-02 -5.29009901e-04  3.23341250e-03  2.91501052e-02
    -4.97788170e-03]
   [-2.71220032e-02  8.73943076e-03  7.18221643e-03 -1.02540607e-02
     1.14954321e-02]
   [-2.52491820e-02 -2.88486188e-02  2.87075582e-02 -2.41085587e-02
     2.50736192e-03]
   [ 1.89171861e-02  2.72906395e-02 -3.26653152e-03 -2.26111865e-02
    -2.05027928e-02]
   [-1.00764105e-02  6.09455746e-03 -1.23090592e-02 -1.52774291e-02
    -2.68487539e-02]]

  ...

  [[-1.94379517e-02  1.17282220e-02 -1.53187426e-02 -5.62103513e-03
     8.92441273e-03]
   [-1.02604566e-02  1.56739327e-02 -2.75515618e-02 -2.32723480e-02
     1.91945458e-02]
   [-1.87692949e-02  2.73269024e-02  1.93786086e-02 -2.13482701e-02
     2.13158723e-02]
   [-2.95067727e-02 -2.02478857e-02  2.67046445e-02  1.26339686e-02
    -4.76404864e-03]
   [-5.99479604e-03  3.72396833e-03  1.44403582e-02 -2.10626904e-02
    -2.92234599e-02]]

  [[ 4.04961977e-03  2.93865768e-02 -9.96302608e-03  1.26260763e-02
    -2.60160933e-02]
   [ 1.28935472e-02  1.67166714e-02 -2.02495275e-02  1.30297480e-02
    -1.97836016e-02]
   [ 7.39060465e-03 -7.50522941e-03 -1.47921766e-02 -5.34460242e-03
     1.16980925e-02]
   [-2.68211876e-03 -2.15680170e-02 -1.18736614e-02 -2.22452999e-02
    -2.48611632e-02]
   [-1.45423715e-02  7.57334293e-03  7.16472925e-03  8.88230177e-05
    -4.93709361e-03]]

  [[ 2.60699839e-02  2.01009526e-02  6.77880129e-03  1.14019605e-02
     2.89191985e-02]
   [ 2.19304253e-02  2.82369853e-02  1.84388763e-02  1.54234472e-02
    -7.29359759e-03]
   [-1.78287388e-02 -2.09418901e-02 -7.37602124e-05 -1.45059556e-02
    -2.86280962e-02]
   [ 1.85934618e-02  1.04714740e-03  1.24750165e-02  7.03141906e-03
    -2.81676219e-03]
   [ 8.21795909e-03  1.41818067e-03 -1.70858657e-02  1.96610148e-02
    -4.73413068e-03]]]][-0.017602102931741394, -0.01936164482373916, 0.007848441869322379, -0.0179481195745124, 0.02958144740150886, 0.016919171841703332, -0.025807034852947577, 0.017338960052861407, -0.0228446277862335, 0.006430340351726061, 0.001334499385474034, 0.021101629806301783, -0.020650847113797603, 0.026637986020317233, -0.028391816989098484, -0.013856590987607442, -0.007031102721944633, -0.022960865591839998, 0.010062398923668576, -0.008305593179600463, -0.013481232435564688, 0.0019155000135718213, 0.02525236714320182, 0.02692790903765423, -0.025783057572746525, -0.018200724677317526, -0.010484637577247258, -0.010024672660554776, 0.016862507259627773, 0.009980668279554395, -0.004393826290089952, -0.019273156141963968, 0.0020583020936252965, -0.02174346661737705, 0.020133047897622883, -0.011313513152940883, 0.0010843244677580278, 0.01161192167557536, -0.024385005914576124, 0.01802832178748481, 0.014715563976970911, 0.028034553176233847, 0.008870689391989001, 0.02437567205771161, 0.012062689046893008, 0.018781147281594742, 0.01976814764108366, -0.009406251591861259, 0.007948927670549704, 0.0036403680400996542, 0.02466906637664368, -0.025177167885097464, -0.022931662323106852, 0.025958548944693047, 0.028244537353525428, -0.0083260122051193, -0.022110668952575366, -0.01950426301767924, 0.018026866854334637, 0.028762211583264228, -0.02755056040328891, 0.013656156273283867, 0.005156745005833057, 0.019464264899626816, -0.008594495049170585, -0.027206206453785728, 0.028093190362869818, -0.016044604997546806, 0.009288543795230291, 0.02058574925749444, 0.006796923045042352, -0.027887278389249478, -0.00620521669146229, 0.010722410107093908, 0.014481291404188173, 0.014462703066790632, -0.003951277193095987, -0.0013587087565054001, -0.029416711402923682, 0.021139155399762428, 0.008252912851695115, -0.020250519439169452, 0.01811825383102342, 0.01448445846711657, 0.024939307310123653, -0.021847849804480866, 0.017104015841922147, 0.016456230314948115, 0.02523420079249483, -0.01922729396826956, -0.008872479557012057, 0.019685291441325876, 0.01342020939951415, 0.020022223486256655, 0.00020761222283229713, -0.014422937756480535, -0.022035429859710493, 0.016099238213555304, -0.025482254396693382, -0.001273565064866658, 0.0021892573733818844, -0.01453750764527491, 0.027887977729215186, -0.02541088605027004, 0.01227606682815852, -0.015378945610741473, 0.02309247095326857, 0.014596684198608056, 0.0029483590302454184, -0.002646077093506692, -0.012563878011641987, -0.02660929034875848, 0.02382606616014468, 0.003817955148497896, 0.016873675326563527, 0.004971380444239257, 0.00029758673950426584, -0.02085025973635755, -0.013385734737635293, 0.02366616950437726]
-----------------------------------------------
[[-0.01788655 -0.01047535  0.00835545 ...  0.01158513 -0.01168391
  -0.01837269]
 [ 0.00113241  0.00645     0.0157123  ... -0.01406214 -0.00437662
  -0.01239   ]
 [-0.00856123 -0.01641517  0.01585353 ... -0.00498512 -0.01618916
   0.00159996]
 ...
 [-0.0146128   0.01360296 -0.00237548 ...  0.01289844  0.01924091
   0.01479309]
 [-0.01299443  0.00161984  0.00440732 ... -0.00122203  0.00132825
   0.01896899]
 [-0.01696236  0.01751402 -0.01977552 ...  0.01637299  0.01828035
  -0.00288315]][ 0.00884461  0.01129213  0.00049404 -0.00929848 -0.00812251 -0.01183234
  0.0040389   0.00648004 -0.01454847 -0.01459829 -0.00549016 -0.00311742
 -0.0151751  -0.00712288  0.01715523  0.00874573 -0.01372024  0.00235312
  0.0188561   0.00146653  0.00408639 -0.00869971 -0.0132197  -0.01593851
 -0.00373069  0.00510746  0.01459247  0.00674962 -0.01728011  0.00462209
 -0.0098555   0.0090134   0.00850191  0.01629916  0.00466876  0.01592782
 -0.01221513  0.00308221  0.00560014  0.01121925 -0.01973029 -0.01830316
 -0.01503147  0.01862074 -0.00749667 -0.01764635  0.00012017 -0.00020996
  0.00730171 -0.0175101  -0.01116682 -0.0127977   0.00145564  0.01346406
 -0.01774005 -0.01182578 -0.01935241  0.01968749 -0.01875962  0.01500148
  0.01104642  0.01474551 -0.00529137 -0.01551381  0.0056724  -0.01609378
 -0.00707049  0.00451769  0.00191578  0.00270473  0.00873671  0.01964546
  0.01869389  0.00677828 -0.00291047 -0.01677818  0.00364397 -0.0135655
  0.01958785 -0.01064874 -0.00891551 -0.01666383 -0.00517913  0.01352322]
-----------------------------------------------
[[-1.  1.  1.  1. -1. -1.  1. -1.  1. -1.  1.  1. -1.  1. -1.  1.  1. -1.
  -1.  1.  1. -1.  1. -1. -1.  1. -1.  1.  1.  1.  1. -1.  1. -1. -1. -1.
  -1.  1.  1.  1.  1.  1.  1. -1.  1.  1.  1.  1.  1.  1.  1. -1. -1.  1.
  -1. -1. -1. -1. -1. -1.  1.  1. -1.  1.  1. -1.  1.  1. -1.  1. -1.  1.
  -1. -1. -1.  1. -1. -1.  1. -1.  1. -1.  1.  1.]
 [ 1.  1. -1. -1. -1.  1. -1. -1. -1. -1.  1. -1. -1. -1. -1. -1.  1.  1.
   1.  1. -1.  1.  1.  1.  1.  1.  1.  1. -1. -1.  1. -1. -1.  1. -1.  1.
  -1.  1.  1. -1. -1.  1.  1. -1. -1. -1. -1.  1.  1.  1.  1. -1.  1. -1.
  -1. -1. -1.  1.  1. -1.  1.  1.  1. -1.  1. -1.  1. -1. -1.  1. -1.  1.
  -1.  1.  1.  1. -1. -1. -1.  1.  1.  1.  1. -1.]
 [-1.  1. -1.  1.  1.  1. -1. -1. -1. -1.  1. -1.  1. -1. -1.  1. -1. -1.
   1. -1. -1. -1.  1.  1. -1.  1. -1.  1. -1. -1. -1.  1.  1. -1.  1. -1.
   1. -1.  1. -1.  1. -1.  1.  1.  1. -1. -1. -1.  1. -1.  1. -1. -1.  1.
  -1.  1. -1. -1.  1.  1.  1. -1. -1. -1. -1. -1. -1.  1.  1. -1.  1.  1.
  -1.  1.  1.  1.  1.  1.  1. -1. -1.  1.  1.  1.]
 [ 1. -1.  1. -1. -1.  1. -1. -1. -1. -1.  1. -1. -1.  1. -1.  1. -1.  1.
   1. -1. -1. -1. -1.  1. -1. -1.  1.  1.  1.  1.  1. -1. -1. -1. -1. -1.
   1. -1. -1. -1.  1. -1.  1.  1. -1. -1. -1. -1. -1.  1. -1. -1. -1.  1.
   1.  1. -1.  1. -1. -1. -1. -1.  1. -1. -1.  1.  1. -1.  1.  1.  1.  1.
   1.  1. -1.  1.  1.  1.  1.  1. -1.  1.  1. -1.]
 [-1. -1. -1.  1.  1. -1. -1.  1. -1.  1. -1. -1. -1.  1. -1. -1.  1. -1.
  -1.  1.  1.  1. -1.  1.  1.  1.  1. -1.  1.  1.  1. -1.  1. -1.  1. -1.
  -1.  1.  1.  1.  1.  1.  1.  1.  1. -1.  1. -1. -1. -1.  1.  1.  1. -1.
  -1. -1. -1. -1.  1.  1. -1.  1. -1.  1. -1. -1.  1. -1.  1.  1. -1.  1.
   1.  1. -1.  1. -1. -1. -1.  1. -1.  1.  1.  1.]
 [-1.  1.  1.  1.  1.  1. -1. -1. -1. -1.  1. -1.  1. -1.  1. -1. -1.  1.
   1.  1. -1. -1.  1.  1.  1.  1.  1. -1.  1. -1. -1.  1.  1.  1.  1.  1.
  -1. -1.  1. -1. -1.  1. -1. -1. -1. -1. -1.  1. -1.  1.  1. -1. -1.  1.
  -1.  1. -1.  1. -1.  1.  1. -1. -1.  1.  1. -1. -1. -1. -1.  1. -1.  1.
  -1. -1. -1.  1. -1.  1.  1. -1. -1.  1.  1. -1.]
 [-1. -1. -1.  1.  1.  1. -1.  1. -1. -1.  1.  1.  1.  1.  1. -1.  1. -1.
  -1. -1. -1. -1.  1. -1.  1.  1.  1.  1.  1.  1.  1.  1.  1. -1. -1. -1.
   1.  1.  1. -1. -1.  1. -1.  1.  1. -1.  1. -1.  1.  1. -1.  1. -1.  1.
   1.  1. -1.  1. -1.  1. -1.  1. -1.  1. -1.  1. -1.  1.  1.  1.  1. -1.
  -1.  1. -1. -1.  1. -1.  1. -1.  1.  1. -1. -1.]
 [-1.  1.  1.  1. -1.  1.  1.  1. -1.  1.  1. -1.  1.  1.  1.  1. -1.  1.
  -1. -1. -1. -1. -1. -1.  1.  1. -1. -1.  1. -1.  1.  1.  1. -1. -1.  1.
  -1. -1.  1.  1. -1.  1.  1.  1.  1. -1. -1. -1.  1.  1. -1.  1. -1. -1.
  -1. -1. -1.  1.  1.  1.  1.  1. -1.  1.  1.  1.  1.  1.  1. -1. -1.  1.
  -1.  1. -1. -1. -1.  1.  1.  1.  1.  1.  1.  1.]
 [ 1.  1. -1.  1. -1. -1. -1. -1. -1. -1.  1. -1. -1.  1. -1. -1.  1. -1.
   1.  1. -1.  1. -1.  1. -1. -1.  1.  1. -1.  1. -1. -1.  1. -1.  1.  1.
   1.  1.  1.  1. -1. -1. -1.  1. -1.  1.  1.  1. -1. -1.  1.  1.  1.  1.
  -1.  1. -1.  1.  1.  1.  1. -1.  1.  1.  1.  1.  1. -1. -1. -1.  1. -1.
  -1.  1. -1.  1.  1. -1. -1. -1.  1. -1.  1. -1.]
 [ 1. -1.  1. -1. -1. -1. -1.  1. -1. -1.  1.  1. -1. -1.  1.  1. -1.  1.
  -1.  1.  1. -1. -1. -1. -1.  1.  1. -1. -1.  1.  1. -1. -1. -1.  1.  1.
   1.  1.  1. -1.  1. -1.  1. -1. -1. -1. -1.  1. -1.  1. -1. -1.  1.  1.
  -1.  1.  1. -1. -1.  1.  1.  1.  1.  1. -1. -1. -1.  1.  1.  1.  1. -1.
   1.  1.  1. -1. -1. -1. -1.  1. -1.  1. -1.  1.]]
-----------------------------------------------
