[[[[-0.28337628  0.25074593  0.28088878 -0.03216846 -0.05271306]
   [-0.07305792  0.3301844   0.20245501  0.24618364  0.29835705]
   [ 0.15720947  0.00892882 -0.06706443 -0.22523224 -0.23898823]
   [ 0.05468071  0.07990022  0.34776361 -0.36337012 -0.39782101]
   [-0.27862723 -0.10537797 -0.27460278 -0.02225376 -0.22086129]]]


 [[[-0.09082485 -0.02185648  0.34119398 -0.21608571 -0.12195292]
   [-0.35842961  0.28094944  0.16042714  0.30790117  0.13064064]
   [-0.16573117  0.03369061  0.36890112 -0.2538723   0.14355652]
   [-0.3991781   0.11179055  0.35289892  0.27833349  0.10451564]
   [-0.16722265  0.17832585 -0.0714134   0.38250221 -0.1328548 ]]]


 [[[-0.21437828 -0.0156293  -0.29729053  0.30407322 -0.03165055]
   [-0.21141613 -0.19564278  0.06299378  0.31144059 -0.14612461]
   [ 0.29680545  0.03806909  0.0813135   0.08548187  0.0375229 ]
   [-0.2874593   0.32640836 -0.13364244  0.08680892 -0.12535574]
   [ 0.11092496 -0.06764858 -0.20471263  0.36826334  0.07409661]]]


 [[[ 0.18254811  0.21878396  0.14740423 -0.07068827  0.18824568]
   [ 0.16965774  0.10581173 -0.28562381 -0.02070988 -0.16222643]
   [-0.01434915  0.28477455  0.29026122  0.14218003  0.28704615]
   [-0.21400641  0.01725832  0.13971772 -0.26850793 -0.2831626 ]
   [-0.13009543 -0.13991052  0.2475802  -0.09603347 -0.12487709]]]


 [[[-0.20871375  0.02364021  0.2677098   0.0778176  -0.26942503]
   [ 0.06013608  0.37057639 -0.13892184 -0.04007915 -0.24334235]
   [-0.05766251  0.08195911 -0.22940652 -0.31011858  0.30728846]
   [ 0.04879741  0.37802219 -0.11272275  0.31534357 -0.05149989]
   [-0.20075896 -0.11822627  0.00512494  0.27971543 -0.25250436]]]


 [[[-0.02785782 -0.3759975  -0.25145095 -0.24566036 -0.15289922]
   [-0.35659812 -0.00596965 -0.09309527  0.305952    0.05585723]
   [ 0.21450867 -0.08633634  0.09158982  0.02791368  0.12778673]
   [ 0.38713075 -0.21495153  0.00448387 -0.36298874 -0.09367737]
   [-0.39960606 -0.143747   -0.21576496  0.1849357   0.22013292]]]][0.08428237861453808, 0.12656635227757945, 0.36076438445688447, 0.3501657387976936, -0.08963395592233586, -0.3511700450661088]
-----------------------------------------------
[[-0.13979739 -0.07246589]
 [ 0.02507221 -0.32631104]
 [ 0.37094213  0.34677358]
 [ 0.31935622  0.44740966]
 [-0.32965786  0.11266267]
 [-0.17161275  0.47280961]]
-----------------------------------------------
[array([[[ 0.0129636 , -0.11237249, -0.03786159, -0.05018661,
         -0.08119499],
        [-0.14320551,  0.1256164 , -0.12315834,  0.01501556,
          0.10290344],
        [-0.10187411, -0.07770361,  0.03499045, -0.09801794,
          0.07408207],
        [-0.07402279,  0.10581802, -0.13093912,  0.03099694,
         -0.02013086],
        [ 0.11096025, -0.09008427, -0.05476172, -0.03644781,
         -0.04637785]],

       [[-0.09337343, -0.03772316, -0.13868919, -0.02095657,
          0.11844176],
        [-0.0845833 , -0.09421533, -0.01238096, -0.02243903,
         -0.02027614],
        [-0.14949071, -0.00025536, -0.00970202, -0.02320866,
          0.11743641],
        [-0.07799544,  0.13241937,  0.08878173,  0.04462677,
         -0.04677062],
        [ 0.07077722,  0.00756268,  0.03953326,  0.00594564,
         -0.11612773]],

       [[-0.01881015,  0.13272967, -0.00801362, -0.08492619,
         -0.0044425 ],
        [-0.10151811,  0.00590807, -0.121975  ,  0.11526034,
          0.13283485],
        [ 0.01675053, -0.04600952, -0.02845911, -0.06942878,
         -0.08639124],
        [-0.0303529 ,  0.10577809, -0.07536642,  0.05803206,
         -0.09971837],
        [-0.03787237, -0.00817574,  0.11270992,  0.13555127,
          0.03087518]]])
 array([[[-0.05701132,  0.06489144, -0.14121477, -0.04868306,
          0.14215367],
        [ 0.01628299,  0.14379958, -0.14420062,  0.00982097,
          0.09395841],
        [ 0.05653119,  0.08182927,  0.12456097,  0.0492185 ,
         -0.04453061],
        [-0.13338988,  0.14357589, -0.12256733,  0.0663392 ,
         -0.02512009],
        [-0.05160098,  0.11715946, -0.1066361 ,  0.09762993,
         -0.09178985]],

       [[ 0.0617662 ,  0.14794002,  0.03763271,  0.0157722 ,
         -0.133392  ],
        [ 0.13984601, -0.03214985,  0.03870283,  0.01380009,
          0.12984176],
        [-0.10063255, -0.03121555,  0.14516674,  0.00765226,
          0.00913023],
        [ 0.00824262, -0.07618428,  0.03755858,  0.00595141,
          0.12837175],
        [-0.07188605, -0.1121858 ,  0.09292887,  0.14153504,
         -0.11309411]],

       [[ 0.08146908, -0.11954622,  0.05842312, -0.14204081,
          0.11135099],
        [-0.00168192,  0.07628839, -0.12054149, -0.09320883,
          0.14768441],
        [ 0.01224477, -0.0710116 ,  0.13812578, -0.06401477,
          0.03098815],
        [ 0.05828291, -0.02353254, -0.13300943, -0.05123406,
         -0.06318105],
        [-0.03548823, -0.14442526, -0.11972255,  0.04111336,
         -0.04192949]]])
 array([[[ 0.11561127, -0.05230182,  0.08671133,  0.08830926,
          0.09149112],
        [-0.11117923,  0.02938522,  0.13552093, -0.07408622,
         -0.1345474 ],
        [ 0.01781962, -0.08186058, -0.03988453,  0.04515771,
          0.03527151],
        [ 0.14157659, -0.1292189 ,  0.10925505,  0.1191148 ,
         -0.00435297],
        [-0.12990497, -0.03329219,  0.08145011,  0.05684154,
          0.07982601]],

       [[ 0.10773758,  0.10220636, -0.05197113, -0.13166577,
         -0.09273405],
        [ 0.08640071,  0.00890333, -0.06078576, -0.02514019,
         -0.09964645],
        [ 0.13168252, -0.08130077, -0.11217164, -0.00234945,
         -0.1081222 ],
        [-0.0262322 , -0.13089934, -0.09241182,  0.04858267,
         -0.12893067],
        [ 0.10873227,  0.14706847,  0.11324881, -0.00475005,
          0.04508915]],

       [[-0.01982315, -0.06757655, -0.1423296 ,  0.05510641,
          0.08168876],
        [ 0.13035956,  0.09504794,  0.06487473,  0.09505947,
         -0.10774018],
        [-0.04594047,  0.02975345,  0.02444783,  0.11597934,
          0.06971957],
        [ 0.0011843 ,  0.06553277, -0.10308078, -0.00550869,
          0.08422208],
        [ 0.09061732, -0.07497915, -0.03418434, -0.12267448,
          0.0203008 ]]])
 array([[[-0.10304422,  0.13552124,  0.13781308,  0.0155522 ,
          0.09490255],
        [ 0.0752114 ,  0.0369517 , -0.03283736, -0.04385971,
          0.0917332 ],
        [ 0.08753153,  0.12095567, -0.03713651, -0.13469168,
         -0.00111021],
        [ 0.04848262, -0.12829172, -0.05417682,  0.05364282,
          0.09427035],
        [-0.02260156, -0.00442867, -0.01996318,  0.10839289,
         -0.14433578]],

       [[-0.11302832, -0.1151486 , -0.12424455, -0.0610254 ,
          0.12580565],
        [-0.02255648, -0.02252917,  0.08874704,  0.02968267,
          0.11263419],
        [ 0.11331418,  0.08463168, -0.11294844,  0.08140647,
          0.12975182],
        [ 0.02526585, -0.07970711,  0.10468571,  0.12710348,
         -0.07194587],
        [-0.01351178, -0.0143154 , -0.09052486,  0.02092875,
         -0.07207714]],

       [[ 0.12751165,  0.03220797,  0.02455094, -0.04712302,
          0.10674564],
        [-0.00983881,  0.1447192 ,  0.10603659,  0.02913403,
          0.06822996],
        [-0.0224121 , -0.06888373, -0.0589935 ,  0.13043373,
         -0.1296453 ],
        [-0.03121221, -0.04631004,  0.1180382 , -0.11769114,
         -0.05253877],
        [ 0.1112214 , -0.03137305, -0.02005673, -0.07446858,
          0.14064383]]])
 array([[[-0.1092225 ,  0.06681926, -0.1444466 , -0.09912079,
          0.07607671],
        [-0.04668661, -0.12962756,  0.12327311, -0.05880473,
          0.0760587 ],
        [-0.0519806 , -0.03064312, -0.0353369 , -0.13707751,
         -0.02599391],
        [-0.0484665 ,  0.02888526, -0.0695403 , -0.02148798,
          0.0591306 ],
        [ 0.01123726, -0.14125683,  0.01674866, -0.07929228,
          0.09948677]],

       [[ 0.09199589,  0.06435432,  0.10094577,  0.11931603,
         -0.05009688],
        [-0.13512703,  0.08094186,  0.14760264, -0.06070473,
         -0.01868466],
        [-0.07976538, -0.1145439 ,  0.12208859, -0.00082931,
          0.03924634],
        [ 0.0730773 ,  0.04158459, -0.05412428,  0.0370762 ,
         -0.08399424],
        [ 0.03382199,  0.04762027,  0.09979575, -0.03541942,
          0.01483979]],

       [[ 0.1476625 ,  0.08967527,  0.02700017, -0.06158537,
         -0.0737319 ],
        [ 0.06065293, -0.09648993, -0.0557871 ,  0.06353036,
         -0.11557325],
        [ 0.10885898,  0.00155736, -0.07886323,  0.09924727,
          0.03267514],
        [-0.10204929,  0.0130849 , -0.02606992,  0.03364527,
         -0.09589922],
        [-0.0856821 , -0.1338549 ,  0.05168628, -0.00893991,
          0.11874792]]])
 array([[[-0.14142142,  0.12781691, -0.14325565,  0.01844069,
          0.13151445],
        [ 0.12568136, -0.13471648,  0.04692312,  0.14511187,
          0.11027333],
        [-0.10926467, -0.05688551, -0.1150567 , -0.05527916,
          0.07461844],
        [-0.03624229, -0.11113116,  0.02297187, -0.11198202,
          0.01258929],
        [-0.08601029,  0.0394005 ,  0.01077271, -0.13477382,
         -0.12477976]],

       [[ 0.0598431 ,  0.11049714,  0.12856517,  0.07747628,
         -0.14034216],
        [ 0.04685764, -0.09451241,  0.08043562,  0.14129401,
          0.02710123],
        [ 0.1134441 , -0.12151251, -0.00642307, -0.04322011,
          0.0544708 ],
        [-0.07103079, -0.05477762, -0.1077464 ,  0.13214106,
         -0.09046645],
        [-0.07812324, -0.12409161,  0.00559127, -0.10266381,
          0.10709439]],

       [[ 0.00430369,  0.09059537, -0.01063347,  0.10993574,
         -0.042676  ],
        [ 0.04548295, -0.13211643, -0.11713343, -0.10781829,
         -0.08600094],
        [-0.1280972 , -0.03877962, -0.01410006, -0.06650196,
          0.10809548],
        [ 0.09149331,  0.03498919,  0.04801475, -0.10112145,
         -0.05577867],
        [-0.10724142,  0.0711009 ,  0.07077978, -0.03584034,
          0.01320515]]])
 array([[[-0.07212273,  0.07788571, -0.09483762, -0.07236913,
         -0.01242394],
        [ 0.04902877,  0.1098432 , -0.03528023, -0.08304667,
          0.01062853],
        [-0.05156773, -0.10154453,  0.06835834, -0.00115218,
         -0.06084769],
        [-0.09350423, -0.0623514 , -0.09095319, -0.05303088,
         -0.08248908],
        [-0.06407979, -0.037525  , -0.0317588 , -0.06624035,
          0.04898917]],

       [[ 0.01231501,  0.09077775, -0.04747508,  0.06522998,
          0.03585604],
        [-0.04951195,  0.07716091,  0.07915309,  0.08312765,
         -0.0299573 ],
        [ 0.00338399, -0.09405714, -0.0752451 ,  0.09692655,
         -0.10097393],
        [-0.05612814,  0.07798479,  0.09080981, -0.10712028,
         -0.02440819],
        [-0.03839014,  0.08084507, -0.06435831,  0.11070841,
          0.05639096]],

       [[ 0.10553494,  0.02641911,  0.06474204,  0.0811649 ,
          0.10525042],
        [-0.048188  ,  0.00077423, -0.08741289, -0.1139457 ,
         -0.08043798],
        [ 0.02404143,  0.06876244, -0.06113028,  0.00714182,
          0.08767127],
        [ 0.00528292,  0.02719576,  0.0017771 ,  0.08762423,
          0.08337454],
        [-0.05447905,  0.07940874,  0.05453397, -0.0019435 ,
          0.04253174]],

       [[ 0.06759255,  0.0757022 ,  0.05357061,  0.01612782,
         -0.00407447],
        [ 0.00788166, -0.04983622,  0.03201451,  0.01085033,
          0.06563369],
        [-0.0889468 ,  0.09544275,  0.09827639, -0.07530067,
          0.11415991],
        [ 0.06943605,  0.09286654, -0.0517052 ,  0.06921441,
         -0.0013939 ],
        [ 0.06024563,  0.07534384, -0.04894665, -0.04357064,
         -0.02238279]]])
 array([[[ 8.79478826e-02,  3.52365391e-02, -1.76590989e-02,
         -8.53856075e-06, -5.49876803e-02],
        [ 8.54157400e-02,  1.11943507e-01,  7.76191911e-02,
         -8.19630566e-03, -8.98357738e-02],
        [ 1.06830800e-02, -3.17029827e-02, -7.65720857e-02,
          2.17787373e-02, -4.81914625e-02],
        [ 9.92258813e-02, -7.59093094e-02,  9.92253358e-02,
         -6.93374382e-02,  2.23461881e-03],
        [ 4.93616372e-02,  9.82403343e-02,  6.68955078e-02,
          6.90071013e-02,  3.43382431e-02]],

       [[ 6.43060842e-02,  4.26452108e-02, -9.77018541e-02,
         -2.48976348e-03, -4.95886034e-02],
        [ 8.05551281e-02,  3.61642493e-02, -3.61735661e-02,
         -5.98820215e-02,  3.11494242e-02],
        [-7.05026385e-02, -4.00060465e-02, -4.57059072e-02,
         -1.02439741e-01, -7.47981047e-02],
        [-6.89113066e-02, -8.28402989e-02,  4.82097342e-02,
         -9.79770331e-03, -7.55310963e-02],
        [-9.18014243e-02, -6.45704238e-02, -1.19449073e-02,
          5.91271283e-02,  2.16447212e-02]],

       [[ 5.90771106e-02, -6.44283705e-02, -5.18631685e-02,
         -2.90578945e-02, -3.57460992e-02],
        [ 4.95491469e-02, -9.23869775e-02,  1.07883890e-01,
         -7.58086461e-04, -5.49830943e-02],
        [ 2.90603849e-03, -6.73305353e-02,  2.71615327e-02,
         -6.37971174e-02,  3.95412182e-02],
        [-6.82816926e-02,  4.74723219e-02, -5.67738776e-02,
          1.80667030e-02,  3.90477479e-02],
        [-2.80178398e-03, -1.49003252e-02, -3.50299131e-02,
         -3.16317667e-02,  1.67518835e-02]],

       [[ 1.03966777e-01, -7.87498585e-02,  4.20798355e-02,
          6.99588132e-03, -8.87838536e-02],
        [ 9.50401591e-02,  5.95035318e-03,  5.33348681e-02,
         -2.24070286e-02, -1.13500875e-02],
        [ 1.53901332e-02, -2.93462184e-02,  3.79142693e-02,
         -4.19150010e-02, -7.46353113e-02],
        [ 7.79213719e-02, -3.43541797e-02,  3.95021769e-02,
          2.38482520e-02,  3.29825918e-02],
        [-3.99775947e-02, -1.01373041e-01, -9.39773490e-02,
          1.76881954e-02, -1.83548106e-02]]])
 array([[[ 0.05448195, -0.10864229, -0.02238989, -0.05766369,
          0.0118474 ],
        [ 0.09189606, -0.09044881, -0.09933542,  0.06894385,
         -0.00242213],
        [ 0.07839239,  0.00554787,  0.10827934,  0.02842405,
          0.01888323],
        [ 0.10228934,  0.01021115, -0.03853192,  0.00905219,
          0.07835887],
        [-0.02687622,  0.09425039, -0.03431034,  0.08200154,
          0.11371255]],

       [[-0.07828721,  0.03200239, -0.04528309,  0.08079815,
         -0.07668149],
        [-0.11105975,  0.05537745,  0.01938024,  0.00282049,
         -0.04645086],
        [ 0.04782738,  0.10769875, -0.02286577,  0.01863562,
         -0.10890603],
        [ 0.10961268, -0.0482722 ,  0.04310365,  0.06777285,
          0.00418808],
        [-0.05991586, -0.10457133, -0.07714992, -0.0356135 ,
         -0.05461928]],

       [[-0.05113128,  0.02682015,  0.00889791,  0.03125295,
          0.01508621],
        [-0.00948787, -0.01987611, -0.10662982,  0.03183642,
         -0.06543245],
        [ 0.01377781, -0.1084486 ,  0.06831222,  0.00724566,
         -0.02745834],
        [ 0.0907971 , -0.07935029,  0.00890171, -0.10012262,
          0.04622401],
        [-0.10865544,  0.08863479,  0.03348007, -0.10698296,
         -0.03786027]],

       [[-0.06005932, -0.03548932,  0.08907531,  0.00192968,
          0.06410008],
        [ 0.05957468,  0.05190784,  0.04908361,  0.0630344 ,
          0.0351824 ],
        [ 0.04565756, -0.03023693, -0.0371267 , -0.11243228,
          0.08556571],
        [ 0.09134337, -0.08697102,  0.0531581 , -0.042305  ,
          0.03999478],
        [ 0.04730858, -0.06346159, -0.07202204, -0.07028865,
          0.10647546]]])
 array([[[-0.04281921, -0.0044943 , -0.08873162, -0.10633497,
          0.08169384],
        [-0.01645194, -0.08019826,  0.10830677, -0.09311887,
          0.03684834],
        [-0.00892275,  0.10294152, -0.04352145, -0.05282031,
          0.06179602],
        [ 0.02078699,  0.11393821, -0.08824176,  0.08919033,
          0.06745927],
        [ 0.10981266,  0.08267594, -0.07073801,  0.10398004,
          0.10684295]],

       [[ 0.09143272,  0.00759272, -0.07171605,  0.05863022,
         -0.09398273],
        [-0.08397014, -0.10854413, -0.03351709, -0.1117424 ,
          0.04655022],
        [ 0.09927142,  0.002166  , -0.04210611,  0.09721918,
          0.00282852],
        [ 0.07533396, -0.03173587,  0.09146713,  0.09321551,
          0.08409859],
        [ 0.04573749,  0.06014692,  0.01837157,  0.01410056,
         -0.11369713]],

       [[ 0.01757623,  0.05456076, -0.05475771,  0.0922473 ,
          0.11132361],
        [ 0.10344255, -0.07337394,  0.03853509, -0.05076904,
         -0.02326216],
        [-0.0874067 , -0.0497392 , -0.04692002,  0.03542904,
         -0.05562851],
        [ 0.00212078,  0.11379418,  0.01739868, -0.01462933,
          0.00145984],
        [-0.10173536, -0.02357586, -0.07077777, -0.00373447,
         -0.05054493]],

       [[-0.05105988, -0.11241859, -0.07211315,  0.07886267,
          0.06770489],
        [ 0.00859087, -0.03253722, -0.05558326, -0.1068627 ,
          0.00987019],
        [ 0.08796916,  0.01573106, -0.05626999,  0.0583851 ,
         -0.0881227 ],
        [ 0.05587431,  0.11192424, -0.0051933 , -0.11423086,
         -0.11364626],
        [-0.08798246,  0.11275483,  0.05235175,  0.0009275 ,
          0.04684333]]])
 array([[[-0.04489048, -0.03699717,  0.08797796,  0.07215152,
         -0.00934611],
        [-0.03608937, -0.06466051,  0.0368988 ,  0.01799796,
          0.07660164],
        [ 0.07151443, -0.06600512, -0.11317636, -0.00708532,
          0.02101158],
        [-0.04089383, -0.02000808,  0.04690586, -0.05909607,
         -0.05683965],
        [-0.00568153, -0.03352814,  0.03556802,  0.10880714,
          0.11230053]],

       [[-0.04366217, -0.0219483 , -0.05543899, -0.04738359,
          0.04176241],
        [-0.08485308,  0.03711874, -0.03624709, -0.04654343,
          0.10900082],
        [ 0.1131521 , -0.09809459,  0.06605793, -0.11261699,
          0.10696595],
        [-0.01874408, -0.06027983, -0.05326177,  0.08971459,
         -0.01368983],
        [-0.02509611,  0.06771892, -0.00521464,  0.10495316,
         -0.09852528]],

       [[-0.04941174, -0.0911941 , -0.07951673,  0.0797765 ,
          0.02225495],
        [ 0.06923909,  0.05274794, -0.00053413, -0.08701007,
         -0.02630544],
        [-0.07045601, -0.00201001,  0.10154096, -0.0273372 ,
         -0.06560854],
        [ 0.04978954, -0.04716903,  0.03585759, -0.0122598 ,
         -0.04650466],
        [ 0.11257913, -0.0056884 , -0.07291396,  0.00384983,
         -0.09212525]],

       [[ 0.11054312,  0.0292376 ,  0.01852895, -0.11361851,
          0.1064618 ],
        [ 0.04552325,  0.07778408, -0.03093311, -0.05983686,
         -0.00419019],
        [ 0.06503451, -0.0548331 , -0.09284076,  0.02330008,
         -0.01640347],
        [-0.04800973, -0.03069807,  0.07546791,  0.05070188,
          0.05066319],
        [-0.11127772,  0.11000383, -0.02116929, -0.05722447,
         -0.05288202]]])
 array([[[ 0.05851511, -0.10929847, -0.07727905, -0.08151068,
         -0.0864177 ],
        [-0.04725784, -0.06848127, -0.10911928,  0.05918834,
         -0.00745027],
        [ 0.05444012,  0.00245992,  0.01170277, -0.09256249,
         -0.10998652],
        [-0.05909478, -0.03644834, -0.08041124, -0.0526822 ,
         -0.04537713],
        [-0.02728774,  0.02930653, -0.0500277 ,  0.03385618,
          0.08432164]],

       [[-0.0994013 ,  0.00515291,  0.03801422,  0.00012561,
          0.05809046],
        [ 0.06972475,  0.004789  , -0.05660102, -0.10674936,
          0.08836783],
        [-0.0688907 ,  0.10507875,  0.10622124,  0.08369113,
          0.07802454],
        [ 0.0074811 ,  0.02422155, -0.05206098, -0.0201909 ,
         -0.02434571],
        [-0.03590659,  0.08217233,  0.08712646, -0.0907134 ,
          0.03109452]],

       [[-0.04186259, -0.005089  , -0.07514254,  0.0029122 ,
         -0.10062336],
        [-0.08957917, -0.03973562,  0.07296204, -0.02486789,
          0.06785017],
        [-0.05387164,  0.02406296, -0.02755827, -0.071466  ,
         -0.04024194],
        [-0.02728489, -0.05209641,  0.09140737, -0.00906414,
          0.08670454],
        [-0.11274806,  0.04773278,  0.01810814, -0.02776663,
          0.09917858]],

       [[-0.00198793,  0.00857414,  0.05537797,  0.10155098,
          0.0973095 ],
        [ 0.04358985, -0.04175542, -0.0324701 , -0.11271429,
         -0.09952995],
        [-0.10622486, -0.08698448,  0.04931332, -0.06570707,
          0.06956823],
        [-0.02075186, -0.07724967,  0.02095442,  0.01565952,
         -0.10545061],
        [-0.05628454, -0.05451446, -0.05542189,  0.00094281,
         -0.11190821]]])
 array([[[-0.08278728,  0.06748806, -0.09954054,  0.09321255,
         -0.09143474],
        [ 0.09766647,  0.02425896,  0.08650112,  0.02135294,
         -0.02199076],
        [ 0.07183613, -0.09719016,  0.0059104 ,  0.1045168 ,
         -0.10575356],
        [-0.04580267, -0.04252847, -0.02026186,  0.09970956,
          0.11156303],
        [-0.08687606, -0.01998442, -0.04830347, -0.02497894,
          0.02210587]],

       [[-0.05201019,  0.05418356, -0.08818946,  0.02102934,
         -0.03926929],
        [ 0.10835102,  0.02396265,  0.06175977, -0.06947037,
          0.05085292],
        [ 0.06456461,  0.06141994,  0.02651789, -0.02531551,
          0.03240703],
        [-0.09737777,  0.03888543,  0.00780887,  0.07360124,
         -0.10643533],
        [-0.06987128, -0.03943873, -0.06314859, -0.04789374,
         -0.01535364]],

       [[-0.07814984, -0.08502346, -0.06584643, -0.07160614,
          0.06220004],
        [ 0.11256071, -0.03934332,  0.00845217, -0.08909253,
          0.03378483],
        [ 0.09307943,  0.07674158,  0.02852377, -0.08505502,
         -0.02170604],
        [-0.07522505,  0.08215484,  0.0395902 ,  0.08249613,
         -0.08855792],
        [-0.05542239,  0.08484267, -0.00017106, -0.06480205,
          0.05621714]],

       [[-0.00965062,  0.04000168, -0.05980605,  0.05008763,
         -0.03304458],
        [-0.08981179,  0.0031204 , -0.03499939, -0.06068001,
         -0.07813693],
        [-0.00180532,  0.10038402, -0.00200008,  0.08547204,
          0.07462501],
        [-0.01176694, -0.04487199, -0.06588493, -0.10648075,
         -0.08124005],
        [ 0.11149275, -0.02903482,  0.01500281, -0.09313948,
          0.06920041]]])
 array([[[ 0.10849024, -0.03827808, -0.10845755,  0.11204598,
         -0.11234342],
        [ 0.05931714, -0.09720299,  0.10121141, -0.073874  ,
          0.02929299],
        [-0.07790605, -0.110611  ,  0.09155955,  0.08969808,
          0.10693302],
        [ 0.08504929, -0.00607969, -0.10417206,  0.04011457,
          0.08087912],
        [-0.03044228,  0.03022812, -0.00740432,  0.0780806 ,
         -0.09686334]],

       [[-0.06023393, -0.07438617,  0.02109512, -0.0289628 ,
          0.02944385],
        [ 0.08168687, -0.09787701, -0.09286237, -0.05206378,
         -0.04384352],
        [-0.08150103, -0.07814661, -0.0925878 ,  0.02556631,
          0.1128551 ],
        [ 0.09673988, -0.10332704,  0.10657926, -0.0761651 ,
         -0.03867007],
        [-0.08411839, -0.00087711,  0.09468737, -0.03795421,
          0.04788602]],

       [[-0.03214245,  0.02416027, -0.03379312, -0.04239538,
         -0.11115536],
        [ 0.09829498, -0.10880883,  0.09932459, -0.06853805,
          0.02046911],
        [ 0.02787279, -0.02985162,  0.05659758, -0.00207492,
          0.04504366],
        [ 0.02594439,  0.08680311, -0.02427226, -0.0729212 ,
          0.02900309],
        [-0.07736574,  0.04496404,  0.02733718,  0.02569042,
         -0.08298164]],

       [[ 0.00562367, -0.08992504,  0.10502762,  0.0372866 ,
         -0.03201413],
        [-0.10415533,  0.02488109, -0.00328699, -0.02456445,
         -0.06445771],
        [ 0.10659128, -0.1042174 ,  0.00163465,  0.08092482,
         -0.03735162],
        [-0.05326506,  0.04091141,  0.00827999,  0.08821932,
         -0.02305714],
        [ 0.09926094,  0.01962564,  0.00565725,  0.04170598,
          0.08118445]]])
 array([[[-0.09214417, -0.08995137, -0.04762073, -0.0784449 ,
         -0.08846366],
        [-0.09315775,  0.10309088, -0.01766487,  0.02025752,
         -0.01559498],
        [ 0.00109355,  0.00368186, -0.10779093, -0.02814221,
         -0.00624234],
        [ 0.02471515, -0.0033812 ,  0.10052978, -0.0752018 ,
          0.00813941],
        [ 0.05807   , -0.10880619,  0.02200796, -0.05098348,
         -0.07523604]],

       [[ 0.05853703, -0.03705802,  0.02630312, -0.01082682,
          0.05685779],
        [ 0.00553543, -0.06157159, -0.09117785, -0.11136867,
         -0.03840825],
        [ 0.05429024, -0.02294245,  0.1045156 , -0.06645111,
          0.08928527],
        [-0.01832493, -0.05076193,  0.04364523, -0.11211927,
         -0.09371691],
        [-0.04645513, -0.0315381 ,  0.01673459, -0.04783799,
         -0.10345058]],

       [[-0.04719041, -0.10017053,  0.02717426, -0.0462676 ,
          0.02513157],
        [-0.03711886, -0.09472491, -0.07733446,  0.02004238,
         -0.09524006],
        [ 0.10642387, -0.0862998 , -0.10839775,  0.03115928,
          0.08668926],
        [ 0.06952553,  0.03243153,  0.05898013, -0.03364789,
         -0.05257807],
        [ 0.09403188,  0.10266194, -0.02938009, -0.07316982,
          0.06752363]],

       [[ 0.08611997,  0.03729744,  0.06386792, -0.07807099,
          0.06460619],
        [-0.09266263, -0.03500304, -0.09967881,  0.01725253,
         -0.08814822],
        [ 0.0768331 , -0.00338848, -0.04543721, -0.00257815,
          0.10649351],
        [-0.03496245, -0.0253603 ,  0.03076751, -0.09342469,
          0.05248224],
        [ 0.05409795,  0.00100156,  0.05101852, -0.10522461,
         -0.0536895 ]]])
 array([[[-0.03893718,  0.06784508,  0.03492462,  0.044196  ,
         -0.07066871],
        [ 0.03105045, -0.06324559,  0.02880856,  0.00171627,
         -0.05997145],
        [-0.00900598,  0.0457176 ,  0.02085412, -0.04969626,
          0.00192673],
        [ 0.01776954, -0.02575708,  0.02622037, -0.07373596,
         -0.0359698 ],
        [-0.02080178, -0.00115726, -0.05528085, -0.01211217,
         -0.03343351]],

       [[-0.03074912,  0.01078571, -0.04589773,  0.05843015,
          0.03306031],
        [ 0.0617957 , -0.05008291, -0.0709074 ,  0.03269003,
          0.04397457],
        [-0.04178717,  0.04050022,  0.01312562, -0.03773404,
         -0.01807113],
        [-0.00139011, -0.02184266, -0.03782075, -0.03301688,
         -0.01914284],
        [-0.04935914, -0.06127795,  0.0487078 ,  0.04246356,
          0.00191686]],

       [[ 0.06306816, -0.02532027,  0.02760692,  0.0327319 ,
         -0.03113711],
        [ 0.06831884,  0.02840716, -0.04387825,  0.07060393,
         -0.04406708],
        [ 0.00479812, -0.03598687, -0.04550641,  0.01855751,
         -0.05284438],
        [ 0.00158869, -0.00787313, -0.02297902,  0.05747486,
         -0.07410424],
        [-0.03760039,  0.04350533, -0.01594207, -0.01130052,
         -0.01710459]],

       [[-0.05228133, -0.00844882, -0.05292297,  0.05195506,
         -0.01556615],
        [-0.05785046, -0.07573817, -0.07228026, -0.0061073 ,
          0.02500712],
        [-0.06863011,  0.04213713, -0.02205628, -0.06239153,
          0.06471557],
        [ 0.04061525, -0.00940481,  0.03279128, -0.04829079,
          0.0735564 ],
        [ 0.02448177,  0.04417652,  0.00418663,  0.00500375,
         -0.06355932]],

       [[ 0.07458945, -0.00691579, -0.04125   ,  0.01117371,
          0.02707499],
        [-0.01729866, -0.07352621,  0.04087605, -0.07339101,
          0.02830493],
        [ 0.03222051,  0.07668264, -0.01017542, -0.02935837,
         -0.02169429],
        [-0.00232741, -0.05208817, -0.05644827, -0.07686631,
          0.01997727],
        [ 0.04024604,  0.0557509 , -0.04221487, -0.05676301,
          0.00874254]],

       [[-0.05474522,  0.06975915, -0.05092058,  0.04904895,
          0.01310716],
        [ 0.06328212,  0.05363974,  0.04809929,  0.03491229,
         -0.00512271],
        [-0.00431202, -0.03747549, -0.04425686,  0.07449591,
         -0.02326581],
        [-0.0720781 , -0.04737242,  0.07157783, -0.06946588,
         -0.04862072],
        [ 0.05653478,  0.03515336,  0.06632524, -0.03769876,
          0.07689315]]])][-0.11204782370077229, 0.13649441526881304, -0.1285815666485106, -0.06633865070839977, -0.08949137788719039, 0.028603081622557452, 0.07119292258633698, -0.005019267004110262, -0.0026783167535826963, -0.08262828532546426, 0.05033225623972644, -0.01998421301153197, 0.021093436667383073, 0.03627127842222706, -0.08048312553127612, 0.029514118806230658]
-----------------------------------------------
[[ 3.50967635e-01  3.84875723e-01]
 [ 3.47868909e-01  4.13961842e-01]
 [ 2.37352932e-02 -6.46336901e-02]
 [-3.10880268e-01 -2.73689703e-01]
 [-4.89332794e-02 -3.82818671e-01]
 [ 4.46815873e-01  4.35134035e-04]
 [-1.57183916e-01 -2.00428576e-01]
 [ 3.69911502e-01 -1.85453919e-01]
 [-2.08269192e-01  3.37387296e-01]
 [ 1.94618453e-01  4.46600508e-01]
 [ 7.51418290e-02  7.43390650e-02]
 [-5.90988467e-02 -1.35698498e-01]
 [ 1.40799467e-01 -1.75479864e-01]
 [-3.75099935e-01 -2.44230288e-01]
 [ 4.71349958e-02  4.09050780e-01]
 [-3.61208577e-01  2.30279283e-01]]
-----------------------------------------------
[[[[-1.75565758e-02 -2.11079332e-02 -2.93339363e-02 -2.42948953e-02
     1.23632217e-02]
   [ 1.77643542e-02 -2.58234669e-02 -2.27765893e-02 -2.52004211e-02
    -5.83016014e-03]
   [-8.31143348e-04 -3.87103677e-03 -4.79271569e-03 -1.82809522e-02
    -9.25256324e-05]
   [-1.88298833e-02  3.93370601e-04  1.28631011e-02 -1.22045070e-03
    -2.49878461e-02]
   [ 2.78865815e-02  2.63789747e-02 -1.89873861e-02 -2.37117890e-02
     1.96214081e-02]]

  [[ 1.82954936e-02 -2.83701693e-02 -8.66662640e-03 -8.64936751e-03
     8.35141972e-03]
   [ 1.99079669e-02  2.03962495e-03  1.24014775e-02  1.41328981e-04
     2.06723792e-02]
   [ 2.21923538e-02 -1.01119091e-02  1.81546607e-02  8.27074020e-03
     9.31531972e-03]
   [ 4.82607438e-03  2.71064942e-02  1.34416134e-02 -2.73372045e-02
    -2.95582832e-02]
   [-2.41656913e-02  1.49737384e-03 -5.12723162e-03 -1.74522560e-02
     2.27349042e-02]]

  [[ 1.68344426e-02 -1.89573056e-02  7.86610799e-03 -2.38697266e-03
    -6.83090027e-03]
   [-2.58661632e-02 -2.32393076e-02 -1.30791389e-02 -1.52569671e-02
    -1.39950180e-02]
   [ 1.11417500e-02 -1.84516048e-02  2.42546719e-02 -1.67826801e-02
     2.06214985e-02]
   [ 5.44608836e-03 -1.38084314e-02  1.97178372e-02 -1.59786049e-02
     2.89671063e-02]
   [-2.79422881e-02  1.07617863e-03 -1.57138527e-02  2.63270219e-02
    -2.12068438e-02]]

  ...

  [[-1.58857336e-02 -2.34332835e-03  9.95322974e-04  2.97588176e-03
    -1.14024382e-02]
   [-1.03310413e-02 -1.95632311e-02  1.87910798e-02  2.92297385e-02
    -2.79847635e-03]
   [-1.20345398e-02 -2.17285153e-02  2.67094863e-02  1.70550916e-02
    -1.57077160e-02]
   [-1.45174961e-02  2.06496117e-02  1.84569870e-02  2.41379910e-02
    -1.20512753e-02]
   [ 2.70876574e-02 -1.92500750e-02  1.89937289e-02  7.16935174e-03
    -8.34068193e-03]]

  [[ 7.81160726e-03 -2.82305376e-02 -2.10140453e-02  2.17878243e-02
     2.29049902e-02]
   [ 1.55284096e-02 -1.18681533e-02  2.55056542e-02  1.54749795e-02
    -2.22706386e-03]
   [-2.59596416e-02 -2.65973596e-02 -2.39754625e-02  8.12559963e-03
     1.25452127e-02]
   [ 1.41939232e-02 -3.66246168e-03  2.27713370e-02 -2.50030537e-02
     2.33257257e-02]
   [ 2.55801320e-02 -1.83481645e-02  1.30838953e-04  2.11169261e-02
     2.23788347e-02]]

  [[-2.93602362e-02  2.61537213e-02  2.31874223e-02 -1.89925881e-02
     1.71896052e-02]
   [-4.88287827e-04 -6.64374034e-03 -2.69782811e-02 -1.07619263e-02
    -5.71714209e-03]
   [-2.27796081e-02 -1.64496600e-02 -1.31527327e-02 -8.17156180e-03
     2.57093349e-02]
   [-1.44118532e-02 -1.36556149e-02 -1.80119102e-02  1.19866854e-02
     1.84947761e-02]
   [-1.87105521e-03 -1.85221814e-02  2.39965125e-02  2.11085416e-02
     6.39237545e-03]]]


 [[[ 2.85427866e-02 -2.26159036e-02 -4.16656903e-03 -4.05268314e-05
    -2.33349105e-02]
   [ 1.68061799e-02  5.04577695e-04  2.47803423e-02 -1.26152544e-02
    -1.16103454e-02]
   [-6.19241226e-03  2.75671376e-02 -3.26076214e-03  1.04255204e-02
     1.05297518e-02]
   [ 1.56686027e-02  9.21360608e-03  1.63184294e-02 -9.22340638e-03
    -8.64047816e-03]
   [ 3.03471389e-03  1.76435239e-02 -2.26423432e-02 -1.94749839e-02
     1.85873399e-02]]

  [[ 1.81469400e-02 -2.24419121e-02 -1.71845052e-02 -1.46993438e-02
    -1.83319959e-02]
   [-2.22791689e-02  2.87552284e-02  1.86416173e-02 -5.75502670e-03
     5.10892155e-03]
   [ 1.33000826e-02 -1.79084056e-02  1.63758846e-02  1.17526639e-02
     9.06580154e-03]
   [-1.18895093e-02 -2.83252108e-03  1.53274977e-02  2.79518254e-02
     9.44238718e-03]
   [-2.61029322e-02 -9.07210248e-03  2.81291859e-02  6.75608174e-03
     2.80051143e-02]]

  [[ 9.44704330e-03 -1.32110419e-02 -1.60726479e-02  2.00621112e-03
    -3.13100672e-03]
   [-2.84819328e-02  6.33836196e-03  1.89212208e-02  1.64553789e-02
     1.11588773e-02]
   [-2.12415004e-02 -1.89398133e-02 -6.96135779e-03  2.16546526e-02
     1.05765094e-02]
   [ 1.97318793e-03  1.61372268e-02  1.49943262e-02  1.08261266e-03
    -2.74130097e-02]
   [-1.68011500e-02  2.45397099e-02  1.13196528e-02 -2.59507065e-02
    -2.77786792e-02]]

  ...

  [[-1.83868860e-02 -1.86610302e-02  2.75834321e-02  1.77765726e-02
    -2.85480934e-03]
   [ 2.63332992e-03 -7.74994188e-03 -1.97482558e-02  2.08074281e-02
     1.82417975e-02]
   [-1.56331773e-02 -2.52370282e-02  2.37672103e-02  2.41640839e-02
     1.02176559e-02]
   [-1.06000064e-02  1.18107346e-02 -9.46445482e-03  2.32461733e-02
     6.72643673e-03]
   [ 2.63541466e-03  1.59770687e-02  2.32500879e-02  1.31638113e-02
     8.55006708e-03]]

  [[-2.08970411e-03  1.77825990e-02  2.93551277e-02  9.72397695e-03
     1.32210662e-02]
   [-1.75919454e-02  1.78853345e-02 -8.68203130e-04 -4.22691002e-03
    -8.40897138e-03]
   [-3.40601155e-04 -1.27917696e-02  5.89648716e-03  5.20597455e-03
     8.52189524e-03]
   [-2.25163683e-02  7.11849399e-03 -1.59970313e-02 -2.53926770e-02
     5.36053289e-03]
   [ 2.14593213e-02  8.38496820e-03 -1.41025849e-02 -1.40969908e-03
     2.17548951e-02]]

  [[-2.05018018e-02 -1.52548146e-02  2.20553372e-02 -8.02098791e-03
    -2.42516505e-02]
   [ 2.62802560e-02 -2.91733236e-02 -2.53165320e-02 -2.40535335e-02
     2.74541813e-02]
   [-1.53523527e-02  2.22986855e-02  2.69520884e-02  1.33595165e-02
    -2.46140439e-02]
   [ 2.79173120e-02 -2.63324590e-02  3.26720542e-03  3.37521425e-03
    -1.49508262e-02]
   [-1.84435314e-03 -2.66100740e-02 -7.64859596e-03  1.06816967e-02
     2.13703458e-04]]]


 [[[-2.18533491e-02  2.91724640e-02  7.13492984e-03  2.12541882e-02
     2.20051485e-02]
   [-9.05829200e-03 -1.98336165e-03  2.85368642e-02  1.30875865e-02
     2.13541420e-02]
   [ 2.72476581e-02  7.31422308e-03  1.76512465e-02 -1.14159808e-02
    -1.65940487e-02]
   [-2.76835561e-03  2.19265890e-02 -2.32902654e-04 -2.81027376e-02
    -6.93593682e-03]
   [ 4.05552158e-03  2.10632631e-02  2.82375030e-02  3.33410634e-03
    -2.05798244e-02]]

  [[-2.17296043e-02 -1.46383372e-02  1.35864209e-02  8.84124809e-03
     1.24103588e-02]
   [-5.22163276e-03  5.56455612e-03  1.08116171e-02 -1.07694231e-02
    -1.06095238e-02]
   [ 1.24712301e-03  1.66815910e-02  6.70287507e-03 -2.79768292e-02
    -9.25745356e-03]
   [ 9.55937183e-03  1.21414784e-02 -1.55107639e-03  2.80031797e-02
     1.47033287e-02]
   [-2.12044323e-02 -8.20549351e-03  1.13541210e-02 -5.63726439e-03
    -8.32164103e-03]]

  [[-2.14998557e-02 -1.13241042e-02  1.01682288e-02 -1.94547178e-02
     2.57908804e-03]
   [-1.80775397e-02 -2.42138193e-03 -1.17333569e-02 -2.69872490e-02
    -2.22413569e-02]
   [-1.23639903e-03 -1.73817921e-02 -1.22528888e-03  2.81595752e-02
    -1.19046083e-02]
   [-1.40147381e-02  1.00924223e-02 -1.83302903e-02 -1.76120390e-02
     1.25562653e-02]
   [ 2.82276955e-02  1.30684844e-02 -2.26923550e-02  1.77611202e-02
    -1.70128559e-03]]

  ...

  [[-1.38448314e-03 -1.09839958e-02  2.59529928e-02  2.13826644e-02
     3.09694943e-03]
   [-5.75637368e-03  2.26658368e-02  1.80420785e-03 -1.38992606e-02
     1.15528097e-02]
   [ 1.78256094e-02 -9.74860539e-03 -2.05986295e-02 -2.38774871e-02
    -2.55863489e-02]
   [-2.86051609e-02 -2.05474779e-02  8.45072573e-03  2.53923127e-02
     6.64847485e-03]
   [-2.41893558e-02  2.63161886e-02  2.50888987e-02  3.53062694e-03
     2.10057768e-02]]

  [[ 2.90689149e-02  1.80604680e-03 -8.05722131e-03  2.84556743e-02
     5.69828113e-04]
   [ 7.07532338e-03  4.96455533e-03 -2.34807765e-02  1.18616766e-02
    -1.98845119e-03]
   [ 2.35331002e-02 -2.22059512e-02 -1.83828437e-03 -9.91394308e-03
     2.21698360e-02]
   [-2.75346282e-02  3.73129945e-03 -1.55138025e-02 -2.11724386e-02
     2.94238920e-02]
   [ 3.24801338e-03  6.52350800e-03  2.35098241e-02  4.00017114e-03
     1.63093916e-02]]

  [[ 2.19070577e-02 -1.10573205e-02  2.79199647e-02  7.11147601e-03
     2.72511141e-02]
   [-2.95998857e-02  7.06216179e-03 -7.38627250e-03 -1.27526677e-02
     9.25389714e-03]
   [-1.40370348e-02 -2.57737570e-02 -2.24925210e-02 -2.12163228e-02
    -1.22698194e-02]
   [-2.37091259e-02 -2.20629572e-02 -1.14687814e-02  2.26847116e-02
    -1.58158235e-02]
   [-1.48113016e-02  2.38531173e-02  4.30860757e-03  5.94529633e-03
    -1.51970440e-03]]]


 ...


 [[[ 1.79485771e-02  5.76900834e-03 -2.87298343e-02  1.51635718e-02
     2.41120642e-02]
   [ 9.82008897e-03  2.79681189e-03 -1.21310658e-03 -1.23284865e-02
    -8.56875020e-05]
   [ 1.39004173e-02  1.02261015e-02 -9.04386915e-03 -2.21811284e-02
    -4.55406941e-03]
   [ 2.85243723e-03  2.05054797e-02 -1.51879961e-02  1.38891221e-02
     1.02334883e-02]
   [ 1.23557536e-02 -1.65532155e-02 -1.67928045e-02  2.39660226e-02
     1.04640583e-03]]

  [[-4.49735251e-03  6.89182627e-03  5.37139270e-03  6.24883132e-03
     1.85133096e-02]
   [ 2.72873936e-02  1.60386888e-02 -2.19708038e-02 -1.62402453e-02
     1.97473335e-02]
   [ 7.95186331e-03  4.92108599e-03  9.81756920e-03  1.45200340e-02
     1.28126481e-02]
   [-1.57126782e-02  2.40425970e-02 -2.93681416e-02  1.15138018e-02
     9.44861691e-03]
   [ 2.57013212e-02 -2.15677609e-02 -1.42807599e-02 -2.15267265e-02
     1.91990602e-03]]

  [[ 2.29861921e-02  8.70408399e-03 -1.52415693e-02 -2.74052225e-02
    -2.81966078e-02]
   [-1.25174328e-02 -1.62185689e-02 -2.73695292e-02 -1.68351317e-02
     1.62769570e-03]
   [-1.46003024e-02 -2.75864645e-02  8.01547883e-03  1.08121411e-02
    -2.86721334e-02]
   [ 9.72313165e-03  2.12753399e-02 -3.34108900e-03  6.89083340e-03
     6.11544260e-03]
   [-5.03351545e-03 -2.47763805e-02  2.48703019e-02  2.80994122e-02
     5.73132584e-03]]

  ...

  [[ 8.70722563e-03  2.41490474e-02  1.37183839e-02  1.83332210e-02
     4.31328611e-03]
   [-2.58771390e-03 -2.48903291e-02  2.84864025e-02  6.83888074e-03
    -1.29087461e-02]
   [ 2.63685501e-02 -1.59540288e-02  1.12649853e-03 -2.31744380e-02
     4.54739780e-03]
   [ 4.54629599e-04  1.19908449e-02  1.87348724e-02 -2.84666841e-03
    -2.00946597e-02]
   [ 1.26288552e-02  1.89178480e-02  2.10991818e-02 -1.94272564e-02
    -2.31881306e-02]]

  [[ 2.08121591e-02 -2.49827639e-03 -1.22675205e-02  2.48032044e-02
     8.28069583e-03]
   [-1.10309314e-02 -3.76344846e-03 -1.74271205e-02  2.80798254e-02
     1.86117093e-02]
   [ 1.15162196e-02  2.30423221e-02  2.54963262e-02  1.76601085e-02
    -1.87927688e-02]
   [-9.45563032e-03  1.23114299e-02 -1.05307107e-02 -2.88393909e-02
     1.87587844e-03]
   [-4.92687420e-03 -1.49606389e-02 -1.02404866e-02  1.63428475e-02
     8.29758424e-03]]

  [[-1.06785601e-02  1.44116590e-02 -1.42884139e-02  2.79373317e-02
    -4.08692777e-03]
   [ 1.26092803e-03  2.61640056e-03 -5.42742958e-03  1.93996425e-02
    -2.78803778e-02]
   [ 1.91500874e-02  2.53224614e-02 -2.95558215e-02 -2.17136264e-02
     6.21348516e-03]
   [ 2.55964179e-02  1.99003203e-02  2.81156819e-02  2.33456391e-02
    -9.65211553e-03]
   [-2.42030749e-02  1.08202420e-02 -2.61166127e-02  1.94999903e-03
    -1.90845885e-02]]]


 [[[ 2.11758923e-02  2.48330932e-02 -3.80337131e-03 -2.63003915e-02
     1.90886418e-02]
   [ 2.39990016e-02  1.39804696e-03 -2.73716729e-02  5.00771641e-03
     2.20501204e-02]
   [-8.35607717e-03 -4.94539014e-03  2.14744908e-02  7.46055831e-03
     6.35730716e-03]
   [-2.84729880e-02  2.04993897e-02  2.73025089e-02 -2.84593925e-02
    -2.08163535e-02]
   [ 1.71310895e-02 -1.60489529e-02 -2.49874314e-02  2.53998745e-02
    -6.73617322e-03]]

  [[ 5.82751452e-04  2.79479737e-02  1.92421114e-02 -9.45405511e-03
    -9.96598174e-03]
   [-1.36747254e-02 -2.35878666e-02 -2.84603886e-02 -7.49929187e-03
     2.19600007e-02]
   [-2.13089999e-02 -9.71494602e-03 -2.32809936e-02 -2.33779183e-02
    -2.28551833e-02]
   [ 2.51275151e-02  2.63166265e-02  1.27253472e-02 -1.47855562e-02
    -1.96927171e-02]
   [-6.45962570e-03 -2.40510436e-02  3.13389359e-03 -2.71992025e-02
     2.11546572e-02]]

  [[ 1.74433917e-02 -1.28604554e-02 -6.49460434e-03 -1.02897178e-02
     1.62470142e-02]
   [ 1.53236461e-02  2.39518939e-02  1.29794880e-04  2.94342998e-02
     1.06388453e-02]
   [ 5.74129900e-03  2.75400922e-02  1.67958034e-02  2.38855361e-02
    -2.17487680e-02]
   [ 5.29526731e-03  8.47267250e-03 -2.09360418e-02 -1.79199993e-02
     2.07886890e-02]
   [-2.82703160e-02  1.81769945e-03  1.63358365e-02  5.64473993e-03
     5.90509000e-04]]

  ...

  [[ 1.22180503e-02  5.37953206e-03  2.80928433e-02  3.00611324e-03
     6.81642662e-03]
   [-1.53753322e-02 -6.83108370e-03  2.00052742e-02 -8.56945957e-03
     2.77561922e-02]
   [ 2.39553365e-02 -5.36426061e-03  1.10332553e-02 -2.88538757e-02
    -5.89516533e-03]
   [-7.12478623e-03  7.09353549e-03 -2.80808182e-02 -6.50373639e-03
    -2.41332242e-02]
   [ 1.13416283e-03  2.82489095e-02 -7.18801066e-03  2.82330927e-02
    -8.63187410e-03]]

  [[ 1.03926965e-03  1.28857115e-02 -2.86836419e-02 -5.02494671e-03
     2.52162491e-03]
   [-2.37363165e-02  7.90285869e-03  2.74798902e-02 -1.02794730e-02
    -2.76490300e-02]
   [ 2.26279030e-02 -2.39076781e-02 -2.78844492e-02 -4.24501760e-03
     1.31180465e-02]
   [ 1.94687666e-02  2.45107669e-02 -3.46672040e-03  9.95179236e-05
    -2.05369122e-02]
   [ 2.69191881e-02 -5.06478009e-03 -5.60333818e-03 -4.79592260e-03
     2.03335982e-02]]

  [[ 2.20573830e-02  4.63394338e-03 -2.14987075e-03 -2.34871670e-02
    -1.08296408e-02]
   [-2.49744453e-02  1.54717116e-02 -1.37139416e-02 -1.96389985e-02
     2.47348287e-02]
   [-1.98108237e-02  2.66340878e-02  1.01142988e-02 -2.73086345e-02
     4.67341579e-03]
   [-2.85361679e-02  2.57574844e-02  2.91673369e-02  6.41447186e-03
    -2.27375123e-02]
   [ 1.50884193e-02 -1.67347821e-02 -1.04711948e-02 -2.95086023e-02
    -2.74274769e-02]]]


 [[[ 1.89679271e-02  2.15710955e-02 -1.33789952e-02  1.37872443e-02
    -2.26152841e-03]
   [ 2.78465150e-02 -2.76057836e-02 -2.89492916e-02  2.81330045e-02
     5.29480333e-03]
   [-2.05606534e-02  6.28833792e-03  4.75450247e-03  1.08269427e-02
     2.49792542e-02]
   [-2.21808155e-02 -1.12681241e-02  1.80916287e-02 -1.63145976e-02
    -1.12578938e-02]
   [-2.55624107e-02 -2.85838671e-02 -9.75630718e-04  2.61058799e-02
     2.96174294e-02]]

  [[ 7.78568552e-03 -2.83126287e-02 -1.46585514e-02 -2.75058599e-02
     1.51846895e-02]
   [-1.71556111e-02 -1.59291998e-02  1.14539170e-02 -1.16683774e-02
    -5.06484135e-03]
   [-2.57856836e-02  2.22816770e-02 -9.65217871e-03  1.12971783e-02
    -1.96324069e-02]
   [ 1.30210058e-02 -7.38250586e-03 -8.31120896e-03 -1.67111457e-02
     1.97350804e-02]
   [-2.00366454e-02  5.57494594e-03 -5.22453886e-03  9.79370193e-03
     2.08196447e-02]]

  [[-1.18771946e-02  1.76561171e-02  1.01569921e-03 -2.70784240e-02
    -2.89679257e-02]
   [-1.54289258e-02 -4.94195101e-03 -1.33231843e-02 -2.30182862e-02
    -2.80431963e-02]
   [-1.67771564e-02 -1.52532303e-02 -2.76288306e-02  2.48467709e-02
     2.20507507e-02]
   [ 2.94018722e-02  5.14307566e-03 -1.77641970e-02 -2.41869189e-02
     7.91793298e-03]
   [-2.73538089e-02  6.76952413e-03  1.79523303e-02  2.41512703e-02
     1.44301046e-02]]

  ...

  [[ 1.31806917e-02  2.31307466e-02 -1.39521487e-02  1.00577010e-02
     3.87398366e-03]
   [ 9.68068749e-03 -1.60949152e-02  3.15944132e-03  2.09330070e-04
    -1.81317893e-02]
   [-2.58989801e-02 -2.43344587e-02  2.53184875e-02 -1.09303473e-02
     2.14425125e-02]
   [-2.86216202e-02 -6.90781162e-03  5.98830161e-03 -1.34654778e-02
     2.40720752e-02]
   [-1.47531065e-02  3.03594664e-03 -2.42676406e-02 -5.37102577e-03
     1.14490718e-02]]

  [[-2.02984560e-02  8.60025157e-03  8.21499430e-03  2.58194228e-03
    -1.91643945e-02]
   [ 2.90325913e-02  2.31440274e-02  1.59556314e-02  8.71878085e-03
     2.69855225e-02]
   [ 8.31814179e-03  6.91660767e-03  2.60713095e-02 -8.94032373e-03
    -1.41414891e-02]
   [-1.87351425e-02  2.54225271e-03  6.33769655e-04 -1.25101065e-02
    -1.86983463e-02]
   [ 2.40559789e-03  9.49181150e-03  3.14153351e-03 -8.58963347e-04
    -1.90326674e-02]]

  [[ 2.36300918e-02 -7.72679807e-03  1.46348593e-02  1.10900214e-02
    -1.50781214e-02]
   [ 1.30114238e-02  8.52863739e-03 -1.37218955e-02 -3.25509249e-03
     2.32575722e-02]
   [ 7.45675157e-03  2.00288723e-02  2.75703565e-02  2.53826508e-02
    -1.07147332e-03]
   [-2.31224407e-03  1.07292405e-02  6.83339378e-03 -2.72970813e-02
    -2.46198119e-02]
   [ 1.65628879e-02 -1.89048720e-02  1.69843434e-03  7.57791504e-03
     8.67276092e-03]]]][-0.0005504341164831589, 0.023257838654819934, -0.012357553315957462, -0.0015073200779871822, -0.009049243779554798, -0.02519149762633639, 0.010402733525107458, -0.011254437659046563, 0.015669638386686533, 0.00394052657582657, -0.0023170944392569767, 0.006806354397058654, 0.010371566095856394, 0.01065697844204631, -0.012244852780461904, 0.027791603154405802, -0.006224917947826803, -0.014921189859057443, 0.003980830825694944, -0.029046935435570447, -0.02929708932651525, -0.006145105318307045, 0.010648705259741289, 0.020424176937074903, 0.00737899220951484, 0.028618657990014593, 0.0014933986018789251, -0.010155651559967577, 0.027547670925351934, 0.012144464464419327, 0.027012847333851, 0.02476770667018569, -0.0009521432719588538, 0.014503722758460156, 0.010649476378132839, -0.01603770210487704, -0.008384280379555874, -0.011906700826492193, -0.004410572132003802, 0.02241025684833967, 0.018532278807682098, -0.013684839474652558, 0.01306565596377086, 0.0052672508428631935, 0.018171901780112482, 0.019000766253651696, -0.010826299609138529, -0.0018197868660671974, 0.013957166480750075, -0.005740961267152629, -0.02856103551428404, -0.028266748210940152, -0.026565999379758676, 0.029127331933873835, 0.02651805061181225, -0.010254120985237248, 0.022925796622743046, 0.02952977422167753, -0.006482163620323524, 0.026913953984790493, -0.027575109361642716, -0.004231356865434584, -0.009897319366401744, 0.019551522631558554, -0.028397919143071985, -0.027096276640258314, -0.025683717412021183, -0.00953928412276844, 0.02766628324106678, -0.009467144420550543, -0.01293386453273716, -0.02710496619655386, 0.00573410777564649, 0.025175245918682792, 0.0047361666710899995, 0.023609563253339263, -0.022561597426306576, -0.021620629878218334, -0.015244708973875684, -0.029545665998515082, -0.021987013143606304, -0.01736539156485553, 0.014298160099931474, 0.012243464807257787, 0.016593620202722908, -0.006038704010738884, -0.029318518733108378, 0.00890028554559388, 0.02806080353966887, -0.0039105239677022716, -0.022747402365050295, -0.01540320723643123, 0.02809869050694132, -0.022847235723897893, 0.015989151715633736, 0.02672370559931746, 0.027050842142842296, -0.021156132127634023, 0.008544216241826875, 0.02636796764308189, 0.000822467577032842, 0.021251672383966098, -0.003290566067800066, 0.02909755696722773, 0.0072654513590493415, -0.01949007011743198, -0.007367097872189577, -0.0036909564422753782, 0.02392964582737651, -0.004887975936881905, 0.012660506361420059, 0.008377213544806698, -0.02656033551315426, 0.0006138601478954571, -0.027321640151231855, -0.00418072103393298, 0.012231852492875828, -0.027982837978964635, 0.006103728564505879, 0.010165280418983003]
-----------------------------------------------
[[-0.00690969 -0.01572796 -0.01404642 ... -0.01184682  0.01080637
  -0.01936487]
 [-0.01368122  0.01312349 -0.00989027 ... -0.00719827 -0.00187073
   0.00552569]
 [ 0.00613648 -0.00189834 -0.01348821 ... -0.0019182   0.01090475
   0.01322624]
 ...
 [-0.00164296 -0.00922861  0.01204556 ...  0.00774597  0.01025659
  -0.00455272]
 [ 0.00659236 -0.01763834 -0.01317935 ...  0.01583666  0.01302828
  -0.01255152]
 [-0.00623981  0.01385253 -0.01485883 ...  0.00028769  0.01530568
  -0.01947069]][-0.01607672  0.01012372  0.01829369 -0.0038796   0.01484753 -0.01016435
 -0.0036761  -0.00037962  0.00693862 -0.01696503 -0.01392246 -0.01180322
  0.01816759  0.00577171  0.00884115  0.01051632  0.00872305 -0.00426451
  0.01800667  0.00510372 -0.01431448 -0.01263481 -0.01106817 -0.01607758
 -0.00991909  0.01260881  0.00437101  0.01904965  0.01316569  0.01157519
  0.00482414  0.00115415 -0.01824776  0.00697853  0.00761917  0.01650217
  0.01366495  0.0127585   0.01969897 -0.00207566 -0.00702274  0.00197567
 -0.00467388 -0.00663264 -0.00559509 -0.01554415 -0.00606183  0.00252659
 -0.01763338  0.00032036  0.00221358  0.01090204  0.00115136 -0.01800952
 -0.01024111 -0.01611341  0.01200271  0.0143307  -0.01925457 -0.01064921
  0.0052521  -0.00655503  0.01536221  0.01912403  0.01154183 -0.01778926
  0.00879482 -0.00184319  0.002915   -0.00204779 -0.01911584 -0.00903673
  0.01109991 -0.01749744 -0.00131517  0.0025867  -0.01145955 -0.01469101
 -0.00921791  0.01230606 -0.00687574 -0.01687791 -0.01631533  0.00264649]
-----------------------------------------------
[[ 1. -1.  1.  1.  1.  1.  1. -1. -1.  1. -1.  1. -1.  1.  1. -1.  1. -1.
  -1.  1. -1.  1.  1. -1.  1. -1. -1.  1.  1.  1. -1.  1.  1. -1. -1. -1.
  -1.  1. -1. -1. -1.  1. -1.  1. -1. -1. -1. -1.  1. -1. -1.  1.  1. -1.
   1. -1. -1. -1.  1. -1. -1.  1. -1. -1.  1.  1. -1.  1.  1.  1.  1. -1.
   1.  1. -1. -1. -1. -1. -1. -1.  1. -1. -1.  1.]
 [-1.  1.  1.  1. -1.  1.  1.  1.  1. -1.  1. -1. -1.  1.  1. -1.  1. -1.
   1.  1. -1. -1.  1. -1.  1. -1.  1.  1. -1.  1.  1. -1. -1.  1.  1.  1.
  -1.  1.  1. -1.  1. -1. -1.  1.  1. -1.  1. -1.  1. -1. -1. -1. -1.  1.
   1. -1. -1. -1.  1.  1.  1.  1.  1. -1.  1.  1.  1. -1.  1. -1.  1.  1.
   1. -1. -1.  1. -1.  1. -1.  1.  1. -1. -1.  1.]
 [-1. -1. -1.  1.  1. -1. -1. -1.  1. -1. -1.  1. -1. -1. -1.  1. -1.  1.
  -1.  1. -1. -1.  1.  1.  1. -1. -1.  1.  1. -1.  1. -1.  1. -1.  1. -1.
  -1.  1.  1.  1. -1.  1.  1.  1.  1. -1. -1.  1.  1.  1. -1.  1.  1. -1.
  -1. -1. -1. -1.  1. -1. -1. -1.  1. -1.  1. -1. -1.  1. -1.  1. -1. -1.
  -1. -1.  1. -1.  1.  1. -1.  1.  1.  1. -1.  1.]
 [-1.  1.  1. -1. -1.  1.  1. -1.  1. -1.  1.  1. -1.  1. -1. -1.  1. -1.
  -1.  1. -1.  1. -1.  1.  1. -1. -1. -1.  1. -1. -1.  1.  1. -1.  1. -1.
  -1.  1.  1.  1. -1.  1.  1.  1.  1. -1.  1.  1. -1. -1.  1.  1.  1. -1.
   1. -1. -1.  1. -1. -1.  1.  1.  1.  1. -1. -1. -1. -1.  1. -1.  1.  1.
   1. -1.  1.  1. -1.  1. -1. -1. -1. -1. -1. -1.]
 [-1. -1. -1.  1. -1.  1.  1.  1. -1. -1. -1. -1. -1. -1.  1. -1. -1. -1.
  -1.  1. -1. -1.  1. -1.  1. -1.  1. -1.  1.  1. -1.  1. -1.  1. -1.  1.
   1.  1. -1.  1. -1. -1.  1. -1.  1.  1. -1.  1.  1.  1. -1.  1. -1. -1.
  -1.  1.  1.  1.  1. -1.  1.  1.  1. -1. -1.  1.  1.  1. -1. -1. -1. -1.
  -1.  1.  1. -1. -1. -1. -1. -1.  1.  1.  1. -1.]
 [-1. -1. -1. -1. -1. -1. -1. -1. -1.  1. -1.  1. -1.  1.  1.  1.  1. -1.
  -1. -1.  1. -1.  1. -1.  1.  1. -1.  1.  1.  1.  1.  1. -1. -1.  1. -1.
   1. -1.  1.  1. -1.  1.  1.  1. -1. -1.  1.  1. -1. -1. -1. -1. -1.  1.
  -1.  1.  1.  1. -1.  1.  1.  1.  1.  1.  1. -1. -1.  1.  1.  1. -1. -1.
  -1. -1. -1. -1. -1.  1.  1. -1.  1.  1.  1. -1.]
 [-1. -1. -1. -1. -1. -1.  1.  1.  1.  1. -1.  1.  1.  1. -1. -1. -1.  1.
   1. -1. -1. -1.  1.  1. -1. -1. -1.  1.  1. -1.  1.  1.  1.  1. -1. -1.
  -1. -1.  1. -1.  1.  1. -1. -1.  1.  1.  1.  1. -1.  1.  1.  1.  1.  1.
  -1. -1.  1.  1.  1.  1.  1.  1. -1.  1.  1. -1. -1.  1. -1.  1. -1. -1.
   1.  1. -1. -1. -1. -1.  1. -1.  1.  1. -1. -1.]
 [ 1.  1.  1.  1.  1. -1. -1.  1. -1. -1. -1. -1. -1. -1. -1.  1. -1.  1.
  -1.  1. -1.  1.  1.  1.  1.  1.  1.  1.  1. -1.  1. -1. -1. -1.  1. -1.
   1. -1. -1. -1.  1.  1. -1. -1.  1.  1. -1. -1. -1.  1.  1.  1. -1. -1.
  -1. -1.  1. -1.  1. -1. -1. -1.  1.  1. -1. -1.  1. -1.  1. -1. -1. -1.
  -1.  1. -1.  1.  1.  1. -1.  1. -1.  1. -1. -1.]
 [ 1.  1.  1.  1. -1.  1. -1.  1. -1. -1. -1.  1. -1.  1. -1.  1.  1.  1.
   1. -1. -1. -1.  1. -1.  1.  1. -1. -1. -1.  1. -1.  1.  1. -1.  1.  1.
   1. -1.  1. -1. -1.  1. -1.  1.  1.  1. -1. -1. -1.  1.  1.  1.  1. -1.
  -1. -1. -1.  1. -1. -1.  1.  1.  1. -1. -1. -1. -1.  1.  1.  1.  1. -1.
  -1. -1. -1. -1.  1.  1.  1. -1. -1.  1.  1.  1.]
 [-1.  1.  1.  1. -1. -1.  1. -1.  1. -1.  1. -1.  1. -1. -1.  1.  1.  1.
  -1.  1.  1. -1. -1.  1.  1.  1.  1.  1. -1. -1.  1. -1. -1.  1.  1.  1.
   1.  1. -1. -1.  1.  1. -1. -1. -1.  1.  1. -1. -1.  1. -1.  1.  1. -1.
   1.  1.  1.  1. -1.  1.  1. -1.  1. -1. -1. -1.  1.  1.  1.  1. -1. -1.
  -1. -1.  1. -1. -1. -1. -1.  1.  1.  1.  1.  1.]]
-----------------------------------------------
