[[[[ 0.35585927 -0.00456239 -0.37591301  0.35224787 -0.03077434]
   [ 0.27946109  0.03883209  0.11764734 -0.15807547  0.30935506]
   [ 0.23967231  0.30420475 -0.23753524  0.33455141 -0.3127156 ]
   [-0.18592556 -0.31930659 -0.25071605  0.01565735  0.01419765]
   [ 0.07702133 -0.14894986 -0.16738711 -0.11596199  0.03888743]]]


 [[[-0.27968821  0.00178726  0.331333    0.08163993  0.04814356]
   [-0.32276076  0.01245393  0.32478152 -0.31737207  0.05276233]
   [-0.27688013 -0.17406509  0.04234871  0.16493021 -0.38111263]
   [-0.19136911 -0.29015269  0.11636642  0.35417052 -0.22178696]
   [-0.02331695 -0.07017252  0.30840091  0.12443996 -0.06703948]]]


 [[[-0.31413324 -0.1551805  -0.10260262  0.38190003 -0.14340985]
   [-0.29259523 -0.14849645 -0.06460809  0.04334584  0.34439552]
   [ 0.03457938  0.27649046  0.33734068 -0.17894362  0.36359172]
   [-0.23548503 -0.37645639  0.33992278 -0.18528687  0.014069  ]
   [ 0.23957806 -0.15792654 -0.39021356 -0.06773532 -0.00832212]]]


 [[[ 0.36377907 -0.25023519  0.24249912 -0.39081191 -0.19967453]
   [ 0.11318775 -0.07831289 -0.33966547 -0.34929282  0.34206683]
   [ 0.12916752 -0.24815156 -0.28878271 -0.19202433  0.26587797]
   [ 0.2490315  -0.22332476 -0.33521683 -0.22262493  0.31902251]
   [ 0.26157153  0.11363357 -0.37122897  0.32716686  0.07370614]]]


 [[[ 0.1221834  -0.08899605  0.35620795 -0.17008521  0.33864617]
   [ 0.25887524  0.09825487  0.30839023  0.3574386  -0.03717962]
   [-0.1481405   0.38196533  0.30724769  0.36775276 -0.28183922]
   [-0.38215253  0.04575627 -0.15177328  0.33166826 -0.1239338 ]
   [ 0.37812931  0.27146211  0.35782063  0.03969553  0.38345739]]]


 [[[-0.03176708  0.1501674  -0.24301792 -0.18780864  0.16855486]
   [ 0.11654964  0.01833553  0.20216173 -0.29053553  0.24495249]
   [ 0.18327714  0.02111331  0.03966871  0.127541    0.07869753]
   [ 0.392962    0.33566565  0.22339421 -0.00744025 -0.02479618]
   [ 0.11587086 -0.07411216  0.09112573  0.28763838 -0.28758745]]]][-0.258134208211938, 0.3002832170797997, -0.3383251153721463, -0.07324766055344306, -0.21714859161513675, 0.19394297856264892]
-----------------------------------------------
[[ 0.15321107 -0.20405337]
 [ 0.15233487  0.05641054]
 [-0.36846053 -0.4042596 ]
 [-0.20390873 -0.28183295]
 [ 0.14164686 -0.2082654 ]
 [ 0.14931933 -0.47319602]]
-----------------------------------------------
[array([[[-0.07061247,  0.04690727,  0.04368421, -0.01783204,
         -0.04548209],
        [-0.01962592, -0.04448003,  0.05984435, -0.05797997,
          0.01332944],
        [ 0.12300563, -0.03097781,  0.03104736, -0.00599396,
          0.14028515],
        [ 0.05631808, -0.00863387,  0.00901239, -0.01463249,
         -0.12717233],
        [ 0.0184451 , -0.0174586 , -0.11143394,  0.08729981,
         -0.07197789]],

       [[ 0.03925848,  0.07685439, -0.00846495, -0.14855626,
         -0.13968495],
        [-0.11039517,  0.00573275, -0.11123453, -0.05102683,
          0.00718369],
        [-0.1394905 ,  0.08969446,  0.1017046 ,  0.10021449,
         -0.05548251],
        [ 0.07591218, -0.04199797, -0.11602073, -0.11120263,
         -0.14395076],
        [ 0.05441244, -0.11778515, -0.05883261, -0.12861742,
          0.07532496]],

       [[-0.13196623, -0.01798511, -0.05019395, -0.14828259,
         -0.08576962],
        [ 0.00296713, -0.01046314,  0.05206023,  0.1413255 ,
          0.06101632],
        [-0.07625426,  0.1162464 ,  0.01214036, -0.13940271,
          0.10187112],
        [-0.07441173, -0.065617  ,  0.09044138,  0.00690751,
          0.14495543],
        [-0.03364007,  0.08236116, -0.07195697, -0.10648059,
          0.06657628]]])
 array([[[-0.00819617,  0.05767168, -0.13118459, -0.07674848,
         -0.06577919],
        [ 0.01911069,  0.13018138, -0.02458648, -0.10179775,
         -0.11089499],
        [ 0.04125699, -0.02978776,  0.10924856,  0.12207754,
          0.11828964],
        [ 0.05608717,  0.049269  , -0.14078227, -0.01164857,
         -0.1033743 ],
        [ 0.12504175,  0.0953813 , -0.14847896,  0.11097911,
          0.0635872 ]],

       [[-0.075921  ,  0.05083637,  0.04667442,  0.06456332,
          0.03835596],
        [ 0.14918595,  0.08685287, -0.1237128 , -0.0420664 ,
         -0.080455  ],
        [-0.09040107,  0.04253216, -0.02919327, -0.06335049,
          0.14679369],
        [ 0.01938248,  0.08596576, -0.05631101, -0.14226167,
         -0.09820286],
        [ 0.00056413,  0.04978534,  0.11034879, -0.10242582,
         -0.12807411]],

       [[ 0.08794772,  0.12399528, -0.03983015, -0.01271428,
          0.06246601],
        [ 0.08133557, -0.01710278,  0.09588446,  0.12603584,
          0.01635649],
        [-0.10211564,  0.14279772, -0.11596202,  0.03094909,
         -0.00759878],
        [ 0.06207822, -0.05144466, -0.00859217,  0.10974774,
          0.00842362],
        [ 0.1241129 ,  0.00818213,  0.02089538,  0.01702445,
         -0.06790899]]])
 array([[[ 0.09794472, -0.13598836,  0.13669689, -0.01790097,
          0.1054247 ],
        [ 0.0187331 ,  0.01602501,  0.13300913, -0.12039666,
          0.078521  ],
        [-0.0879667 ,  0.04421877,  0.13566912, -0.04464898,
          0.11466455],
        [-0.05174602,  0.1321208 ,  0.10847351,  0.13771659,
          0.07788096],
        [ 0.02912314,  0.0821269 , -0.01197567, -0.1002634 ,
         -0.09365013]],

       [[-0.01474879,  0.04386971,  0.06047474, -0.11291469,
         -0.10960848],
        [ 0.09032467,  0.08777687,  0.0904605 ,  0.07521367,
         -0.0260283 ],
        [ 0.0528904 , -0.03130071,  0.08847046,  0.05605499,
          0.14301262],
        [-0.11607053, -0.02291598, -0.06808136,  0.0249771 ,
          0.0027293 ],
        [-0.14601828, -0.01018864, -0.00094186,  0.07863158,
         -0.01806466]],

       [[ 0.08175259, -0.10271031,  0.08708554, -0.12268161,
          0.00244943],
        [-0.14144606,  0.05532215, -0.10706718,  0.00372381,
          0.0990187 ],
        [ 0.00816376, -0.14289949, -0.12987428, -0.07304391,
         -0.13939076],
        [-0.05532777, -0.06124345,  0.01510233, -0.14833764,
          0.01204991],
        [ 0.09848472,  0.11768616,  0.07946964, -0.14904733,
         -0.02166601]]])
 array([[[ 0.06056475, -0.04957662,  0.06459857,  0.06824905,
         -0.12740357],
        [ 0.07554881, -0.06870555,  0.08271598,  0.06192735,
          0.09025856],
        [ 0.03049266, -0.12822574, -0.09499301,  0.09781483,
         -0.03724467],
        [ 0.00779142, -0.06531591,  0.07740743,  0.07438274,
          0.06846826],
        [-0.0037354 , -0.11518199,  0.03604662, -0.01586587,
          0.02700806]],

       [[-0.06827771, -0.05767537,  0.03041931,  0.07445473,
         -0.11341974],
        [-0.13458134,  0.01018977, -0.01036497, -0.04978518,
          0.1004201 ],
        [-0.08659457, -0.01446989,  0.06419983,  0.1119967 ,
         -0.08006583],
        [-0.082277  , -0.04965001,  0.12095649, -0.13031301,
         -0.10790353],
        [-0.0278897 , -0.00744841,  0.00830556,  0.12136896,
          0.02530851]],

       [[-0.06267907, -0.07324055, -0.1291248 , -0.01288125,
          0.13698819],
        [ 0.00264036, -0.03132742, -0.0430005 , -0.03135773,
         -0.00016664],
        [ 0.0929833 ,  0.1447575 , -0.11551893,  0.05849118,
          0.06067434],
        [-0.01426968,  0.14902075,  0.13222624, -0.04711655,
          0.00979593],
        [-0.02568316, -0.02779438, -0.10066512, -0.11098481,
         -0.1296883 ]]])
 array([[[-0.1434904 ,  0.03108708, -0.01044825, -0.01988664,
         -0.04313617],
        [-0.10496074,  0.11549349,  0.13814829, -0.14589458,
          0.13047434],
        [-0.03611826,  0.06823495,  0.05220781,  0.03707403,
          0.04793281],
        [-0.07177228, -0.14158218, -0.14283429, -0.10970502,
          0.1419298 ],
        [ 0.05950809, -0.11653039, -0.10694292, -0.08704166,
         -0.12248785]],

       [[-0.10310076,  0.14537781,  0.09007282,  0.08899837,
          0.09942417],
        [ 0.05105047,  0.04651571,  0.10458666, -0.06460587,
          0.10649796],
        [-0.10790444,  0.08378579, -0.01418278,  0.07925491,
         -0.04862412],
        [-0.05134113,  0.12005384, -0.0110425 ,  0.1071464 ,
          0.10859262],
        [-0.11227383, -0.10471223,  0.00304493, -0.02654313,
         -0.05762132]],

       [[-0.14130589, -0.0133951 , -0.11864095, -0.03796119,
         -0.12144204],
        [-0.01280401,  0.12958757,  0.11039722,  0.04680141,
          0.02931755],
        [-0.08793906,  0.00947372, -0.13426681,  0.12598527,
         -0.13640984],
        [ 0.0712962 ,  0.04200181,  0.00310872,  0.01286647,
          0.0585084 ],
        [ 0.11833058,  0.06066581,  0.10061488, -0.04461695,
         -0.00206484]]])
 array([[[ 0.05879689,  0.12677821, -0.02580619, -0.09651809,
          0.01977175],
        [ 0.14633067, -0.07802897, -0.03408071,  0.00819693,
         -0.09187111],
        [ 0.03423512,  0.06819202,  0.09158488,  0.07868814,
         -0.13016864],
        [ 0.0358211 ,  0.02032391,  0.05320184, -0.14482931,
         -0.10044963],
        [-0.05688997, -0.0880144 , -0.00680442,  0.11558672,
          0.06142655]],

       [[ 0.08404181, -0.14880803,  0.12702448, -0.01681982,
          0.00242821],
        [-0.0122525 , -0.01743178,  0.03522031, -0.13716015,
         -0.05143196],
        [-0.12705056,  0.03358289, -0.09582768,  0.0235078 ,
         -0.0729662 ],
        [-0.06205952,  0.02787481, -0.01650833, -0.11027711,
         -0.06546113],
        [-0.05779273, -0.12404941,  0.08883887,  0.10911376,
          0.10489244]],

       [[ 0.00788995, -0.01801637,  0.05770044, -0.08679674,
          0.02456183],
        [ 0.1063364 , -0.08663865,  0.05673723, -0.0988478 ,
         -0.06357331],
        [-0.09297258,  0.00759272, -0.0482054 , -0.0871665 ,
         -0.13254206],
        [ 0.07113578,  0.0951415 , -0.00031446, -0.03760863,
         -0.10945678],
        [-0.05602983, -0.05902481, -0.07522363, -0.04340138,
         -0.1271092 ]]])
 array([[[ 2.94693139e-02,  7.58738943e-02, -2.79121087e-02,
         -1.99351782e-02, -3.11430079e-03],
        [ 5.92119003e-02,  4.16100096e-02,  1.01210691e-01,
         -5.99933269e-04,  8.04095116e-03],
        [-8.32188790e-02, -1.07266817e-01,  1.07784528e-01,
          5.72533676e-02, -2.93140222e-03],
        [-2.36701200e-02,  8.30443367e-02, -5.75049977e-02,
          5.28173591e-02, -5.79202496e-02],
        [-6.43640199e-02, -6.21467534e-02, -9.19345152e-02,
          1.02373006e-01,  4.85833098e-02]],

       [[-1.01379724e-01, -5.68498196e-04,  1.00381356e-01,
          6.83693339e-02, -1.73741475e-02],
        [ 1.12223596e-01,  3.11779626e-02,  4.85269640e-02,
          9.49130930e-02, -9.06321474e-03],
        [-1.14362696e-02, -7.95510125e-02,  7.00852716e-02,
         -4.16073198e-02, -1.14253734e-02],
        [ 5.48634851e-02,  3.05131771e-02,  1.67052129e-02,
         -6.44439972e-04,  5.93439713e-02],
        [-9.15425409e-02,  6.99494354e-02, -3.53218455e-02,
          1.01470859e-01,  1.06400786e-01]],

       [[ 1.04761203e-01, -6.99941872e-02,  8.57394628e-03,
          6.75338807e-04, -4.00757565e-02],
        [-1.10025137e-01,  1.01602430e-01,  5.01338732e-02,
          5.01583973e-02, -1.02387068e-01],
        [ 7.74605491e-02, -5.60731906e-02,  9.17563256e-02,
         -5.90179840e-03,  1.12320887e-01],
        [ 1.00942895e-01, -9.88716030e-03, -5.70041362e-02,
          1.06511424e-02,  9.98826046e-02],
        [ 5.54340606e-03,  2.28664115e-03, -4.66897617e-02,
          9.10565039e-02, -1.52451881e-02]],

       [[ 4.07608705e-02, -5.79958381e-02, -1.69165848e-03,
         -7.75841046e-02,  7.29059847e-02],
        [-2.71192796e-02,  3.09512872e-02,  5.92135442e-05,
         -4.36019594e-02,  9.33889937e-02],
        [ 2.78826636e-02,  7.01125186e-02,  6.35253781e-02,
         -5.28833779e-02,  2.06687097e-02],
        [-9.95046263e-02, -5.61101785e-02, -8.71399335e-02,
          8.80506553e-02,  2.39013557e-03],
        [-1.08505218e-01,  9.97312666e-02,  2.01745594e-02,
          8.06699872e-02, -3.16686216e-02]]])
 array([[[ 0.09859808,  0.05448001, -0.0036568 , -0.09650892,
          0.07950894],
        [-0.08591374,  0.0615539 ,  0.05837788,  0.01087914,
         -0.0610136 ],
        [-0.04476962,  0.07553483,  0.02124523, -0.04415957,
          0.01856866],
        [ 0.05741997,  0.07445471,  0.10389114, -0.0324521 ,
          0.0158246 ],
        [ 0.03674804,  0.00634502,  0.01983094,  0.00822702,
         -0.04616043]],

       [[-0.09170903,  0.04319536, -0.09521567,  0.11053067,
         -0.09063632],
        [ 0.0477478 ,  0.0287058 , -0.08825395,  0.09348925,
         -0.10897315],
        [-0.08223298, -0.10585424,  0.05924177, -0.0021847 ,
          0.00832038],
        [-0.00613418,  0.03011948,  0.01258464, -0.01616248,
          0.02238111],
        [ 0.04229213,  0.05827018, -0.10517775,  0.09137146,
          0.0380309 ]],

       [[ 0.07127383,  0.03839743, -0.03422685,  0.10992697,
          0.01066769],
        [ 0.03314767,  0.06458036,  0.07669216, -0.02837949,
          0.00642493],
        [-0.03351244,  0.00244166,  0.0531839 , -0.08557086,
         -0.09821737],
        [ 0.0858398 ,  0.05811966, -0.07560176,  0.06035951,
          0.05840792],
        [-0.04712179, -0.06104616,  0.05300255,  0.01769149,
         -0.02553405]],

       [[ 0.01626597,  0.06786896, -0.05352823,  0.00959514,
         -0.06083839],
        [ 0.0775187 , -0.05399948, -0.06796213,  0.052674  ,
         -0.0388959 ],
        [-0.06327564, -0.088933  , -0.06345788, -0.04257626,
          0.01297381],
        [ 0.00770734,  0.04029663, -0.08303249,  0.01029618,
         -0.04575161],
        [ 0.00816043, -0.1070221 ,  0.02516437, -0.09799557,
          0.05790074]]])
 array([[[-0.05749181,  0.08183099, -0.11070029,  0.02038513,
         -0.08358555],
        [-0.04541381,  0.00302874, -0.07720544, -0.00202742,
         -0.00068429],
        [ 0.06435319,  0.0300909 , -0.09137797,  0.02357375,
         -0.05399307],
        [ 0.04150346,  0.06709149, -0.02889058,  0.09080012,
         -0.00744079],
        [ 0.10077943,  0.07257799,  0.0109396 , -0.01769565,
         -0.03006494]],

       [[ 0.05414331,  0.08500494, -0.06032439,  0.09747178,
          0.04564381],
        [ 0.04087194, -0.10394123, -0.0519458 ,  0.0600696 ,
          0.0776809 ],
        [ 0.00926519,  0.09050145, -0.10460919,  0.06903178,
          0.10377749],
        [ 0.05093583,  0.11260394, -0.08004394,  0.06412624,
          0.1116915 ],
        [ 0.09764384,  0.10568238,  0.02123076, -0.09050964,
          0.08318536]],

       [[ 0.10430696, -0.03683426,  0.10513194, -0.07963749,
          0.00518735],
        [-0.05890448,  0.10677007,  0.03003383, -0.04245257,
         -0.00548108],
        [ 0.10370292, -0.09500463, -0.08468826, -0.09503957,
         -0.07517812],
        [-0.01019906,  0.0911416 , -0.06196098, -0.0724593 ,
          0.03061996],
        [-0.08949639, -0.03675785, -0.10591673, -0.05033054,
         -0.08045358]],

       [[ 0.05174644, -0.10787376, -0.100436  ,  0.10063606,
         -0.01583663],
        [-0.00764083,  0.02067345, -0.06429975, -0.00586127,
          0.0761175 ],
        [-0.01419043,  0.02165733,  0.03055829, -0.01593414,
          0.02855178],
        [-0.09728979, -0.11425175,  0.07595795,  0.10441406,
          0.09598282],
        [-0.01278166, -0.00686256,  0.02343751,  0.08147391,
         -0.07413148]]])
 array([[[ 0.07348124,  0.06180924, -0.10459616,  0.07181482,
         -0.08947278],
        [ 0.08802145, -0.04252957, -0.00824424, -0.01357439,
         -0.10182155],
        [-0.07257271,  0.00316145,  0.04358025,  0.11091363,
          0.02628596],
        [ 0.03283093, -0.0964802 ,  0.08622981,  0.00748617,
         -0.08291891],
        [-0.07658238, -0.05529863, -0.00987898, -0.05882076,
         -0.03207896]],

       [[ 0.02379686, -0.02721932, -0.04603024, -0.01472886,
         -0.10252867],
        [-0.06903454, -0.05551086,  0.01551289,  0.01492861,
         -0.04834382],
        [ 0.0931749 ,  0.09410442, -0.03214373, -0.0690381 ,
          0.0877058 ],
        [ 0.04330211, -0.07387849,  0.02951544, -0.07559318,
         -0.01661702],
        [ 0.0885476 , -0.08770245,  0.07677256,  0.07203983,
         -0.08308003]],

       [[ 0.05975087, -0.01629272, -0.03282632, -0.09321977,
          0.09647557],
        [ 0.00695888, -0.0750256 , -0.01301817,  0.0839014 ,
          0.01131956],
        [-0.088624  ,  0.05241688, -0.06961969, -0.11347452,
         -0.08699175],
        [-0.10034753,  0.08766921,  0.04548934, -0.08353307,
          0.06782211],
        [-0.00316123,  0.07682703,  0.09687589,  0.03835232,
         -0.06784923]],

       [[-0.08566055, -0.07709181, -0.01299564,  0.03870138,
         -0.09897722],
        [-0.00640422, -0.1032564 ,  0.02743007, -0.03255311,
         -0.02142733],
        [ 0.00160253, -0.09904532,  0.08438044,  0.03792358,
         -0.08934816],
        [-0.02525062, -0.10212793,  0.08882765,  0.05202948,
         -0.00430398],
        [-0.04966017, -0.02355757, -0.10640094,  0.01992725,
          0.05591402]]])
 array([[[-0.09511798,  0.08898685,  0.10583495, -0.00960104,
          0.10230809],
        [ 0.08170897,  0.03005581,  0.00502265,  0.0084491 ,
          0.02853445],
        [ 0.03625254,  0.0700583 ,  0.04861497,  0.01780442,
         -0.06894821],
        [ 0.0196098 ,  0.05365326, -0.07160173, -0.03381504,
         -0.02883642],
        [-0.04155693,  0.09545362, -0.09192474, -0.08154516,
         -0.10667313]],

       [[ 0.06400159, -0.06072582, -0.04485184, -0.03550221,
         -0.0590706 ],
        [-0.03947415, -0.03191435, -0.04317614,  0.01869458,
         -0.04039773],
        [ 0.02466527,  0.10183166,  0.01037182,  0.02907472,
          0.01992504],
        [ 0.04300621, -0.09969762,  0.09978846,  0.0917163 ,
          0.036614  ],
        [-0.10735249,  0.07919282, -0.04700796, -0.03134831,
         -0.07855512]],

       [[-0.03138032,  0.0047055 , -0.07679304,  0.03750931,
          0.01361302],
        [-0.07402823, -0.01194685,  0.05098926, -0.01470991,
         -0.11349279],
        [-0.04573426,  0.10549932,  0.08059959, -0.02335755,
          0.05429767],
        [ 0.08678884, -0.01693291, -0.01098334,  0.09289849,
          0.00433707],
        [-0.01759406,  0.08636994, -0.052258  ,  0.0467891 ,
         -0.05044313]],

       [[ 0.0873861 , -0.01500032, -0.04802774,  0.04503764,
         -0.00422329],
        [ 0.08127684, -0.04557791,  0.03678257,  0.07926252,
          0.00766972],
        [ 0.09365346,  0.10033541,  0.10441421, -0.09143874,
          0.10491243],
        [ 0.0708628 ,  0.08868089, -0.01649067, -0.05684586,
          0.03219329],
        [ 0.06498262, -0.04436671, -0.01773314,  0.08834302,
         -0.04466076]]])
 array([[[-0.03578372,  0.08257619,  0.0030902 , -0.07189624,
         -0.0307793 ],
        [ 0.05805844, -0.00894727,  0.07944266,  0.08623137,
         -0.0095055 ],
        [-0.09758257, -0.04467657, -0.0934822 ,  0.09360474,
         -0.04987378],
        [-0.0476653 ,  0.11319111,  0.05098686,  0.00884024,
          0.04489942],
        [-0.10547433, -0.08762603, -0.02373862, -0.04765822,
         -0.05699412]],

       [[-0.08640705,  0.0493528 , -0.07369294, -0.0340788 ,
          0.05973091],
        [-0.05114356,  0.01734582,  0.07309166, -0.007654  ,
         -0.08244452],
        [ 0.06967456,  0.09868818,  0.07949032,  0.01857158,
         -0.03409329],
        [ 0.07774218,  0.03461318, -0.03936682, -0.0939444 ,
          0.11097892],
        [-0.01481987,  0.07318809,  0.02912518, -0.01583258,
          0.06190216]],

       [[-0.04197213,  0.04234044, -0.07322544,  0.03429645,
         -0.05681261],
        [-0.10889771, -0.02347429, -0.06431892,  0.11374928,
         -0.10702313],
        [-0.08886622,  0.05804225,  0.08078981, -0.055928  ,
          0.07405105],
        [ 0.06882779,  0.07649738, -0.01756302,  0.0747194 ,
          0.05892889],
        [ 0.06067636, -0.03536148,  0.03002628, -0.00364104,
          0.01996939]],

       [[-0.07603055, -0.00466672, -0.11103151, -0.00141576,
         -0.08663048],
        [-0.03106081, -0.10224109,  0.09155695, -0.09177246,
         -0.02110214],
        [ 0.03964727,  0.00180091,  0.04747454,  0.04249372,
          0.1139493 ],
        [ 0.02843674,  0.06922433, -0.04740012, -0.08056732,
          0.0787373 ],
        [-0.05858802,  0.08231701,  0.07109955,  0.08085054,
         -0.04495227]]])
 array([[[-0.10710293,  0.07154192,  0.09861812,  0.10100758,
          0.01388347],
        [-0.10538187, -0.10408936,  0.04507214,  0.03062203,
          0.03273109],
        [-0.08334312, -0.05789192, -0.03879689, -0.07791094,
         -0.02784508],
        [ 0.11381636,  0.06152146, -0.0641871 ,  0.07240489,
          0.1122744 ],
        [-0.03611076,  0.06358229, -0.00378596, -0.1130807 ,
          0.0618944 ]],

       [[ 0.09042304,  0.01891004, -0.10633532, -0.05161229,
         -0.05163396],
        [-0.02334311, -0.10542324, -0.05262132, -0.08862222,
          0.04871737],
        [-0.01492268, -0.02004937, -0.10003414,  0.0832571 ,
         -0.03772045],
        [-0.05332122,  0.03875568, -0.0552888 ,  0.09686609,
          0.0774353 ],
        [ 0.07962939, -0.07590493, -0.07470308,  0.06069483,
          0.047479  ]],

       [[ 0.0115375 , -0.03122673,  0.06647893,  0.04395194,
          0.11202249],
        [-0.08664384, -0.01112991,  0.0413609 ,  0.04935737,
          0.08707356],
        [ 0.02099036,  0.0844792 ,  0.03657993,  0.0626881 ,
          0.01351243],
        [-0.02549036, -0.06791666, -0.01520939,  0.03563475,
          0.00668058],
        [-0.07130117, -0.01058753,  0.09630277, -0.0419369 ,
         -0.03428708]],

       [[ 0.06920896,  0.01134238, -0.07849408,  0.03842964,
         -0.09992429],
        [-0.06763483, -0.00150165,  0.04029157, -0.09896153,
         -0.05792686],
        [-0.00366236, -0.05723021,  0.05436153, -0.02137607,
         -0.00268008],
        [-0.04172447,  0.07922845, -0.03363764,  0.06558412,
         -0.07838902],
        [ 0.10843538,  0.11131877, -0.04546414,  0.11039034,
         -0.03917113]]])
 array([[[-0.02544795,  0.11214924, -0.03710719, -0.04954077,
          0.02030531],
        [-0.1021696 ,  0.07130656,  0.08183213, -0.01167348,
         -0.00362283],
        [ 0.06231916, -0.06415458, -0.06966882, -0.01811852,
          0.05006619],
        [ 0.01406646,  0.05095414, -0.11124624, -0.01939798,
          0.04435859],
        [-0.10054928,  0.03606763,  0.07362415, -0.054864  ,
          0.01282613]],

       [[-0.03271916,  0.00952926, -0.08935616, -0.04689542,
          0.067662  ],
        [ 0.06196885, -0.10352798,  0.06266587,  0.03111704,
          0.07649828],
        [ 0.07365654,  0.06185909, -0.00096754,  0.02352034,
          0.04097452],
        [ 0.05073908,  0.08655524,  0.06762082, -0.01776859,
          0.06906903],
        [ 0.10039083,  0.10992085,  0.01254816, -0.02602594,
          0.02021571]],

       [[ 0.09016275, -0.11204397, -0.00376737, -0.02451173,
         -0.10217454],
        [ 0.07771451,  0.05893595,  0.02822896, -0.05574076,
          0.04824913],
        [ 0.1130246 ,  0.01851583, -0.07367036, -0.06691217,
         -0.02136208],
        [ 0.07049432, -0.04886046, -0.01233679, -0.09050787,
         -0.00132616],
        [-0.01967574,  0.03650166, -0.0779142 ,  0.05681424,
          0.10657363]],

       [[ 0.09504638,  0.04888058,  0.02228278,  0.0712855 ,
         -0.01259389],
        [ 0.02391612, -0.10054333, -0.06863204, -0.04179585,
          0.07738286],
        [ 0.0678316 ,  0.06517123,  0.00731294, -0.05498781,
          0.03618887],
        [-0.05287191, -0.07585329,  0.07129962,  0.10944216,
         -0.03946469],
        [-0.09082289,  0.04502401, -0.02617518,  0.08050872,
          0.0604316 ]]])
 array([[[ 0.01266532,  0.02757961, -0.01363522, -0.09251792,
         -0.08312427],
        [-0.07313579, -0.09976395,  0.11161787,  0.07598546,
          0.05562701],
        [ 0.03723605,  0.08480235, -0.08077283,  0.05029736,
         -0.10854844],
        [ 0.09900878, -0.03672507,  0.05336809, -0.01119014,
         -0.11288486],
        [-0.05353868,  0.08863416, -0.0182784 ,  0.03234123,
         -0.06250848]],

       [[ 0.02055024, -0.00718832,  0.06593647,  0.00665632,
         -0.05572205],
        [ 0.05341383, -0.03277446, -0.06626024,  0.04568377,
          0.08400606],
        [ 0.03309674, -0.11180912, -0.07788264,  0.00160826,
          0.0695715 ],
        [-0.08612911, -0.09817427,  0.09192864, -0.03079172,
          0.05336535],
        [-0.05347455, -0.0700762 , -0.09519178, -0.09654826,
         -0.063816  ]],

       [[-0.0492407 ,  0.00213217, -0.00345304, -0.0206874 ,
          0.07137362],
        [ 0.03818469, -0.01866798, -0.07815649, -0.06314249,
         -0.04050073],
        [-0.08264467, -0.05700344,  0.09105846,  0.06090597,
          0.01444921],
        [-0.10149031, -0.00709746, -0.05221842,  0.06862731,
          0.04270968],
        [ 0.04789811, -0.04989532,  0.03178931, -0.10248645,
          0.00164055]],

       [[ 0.08449237, -0.0082191 , -0.10030217, -0.00633272,
         -0.0597022 ],
        [ 0.00955753,  0.08679222, -0.05169162, -0.08881045,
         -0.02360183],
        [ 0.08659786, -0.05192233,  0.05465096, -0.08704266,
         -0.03862639],
        [-0.10189654,  0.11216964,  0.08518287, -0.05909509,
         -0.03944473],
        [ 0.04474661,  0.10255301,  0.02061046,  0.07244763,
         -0.08003956]]])
 array([[[ 0.04625668, -0.00665701,  0.05371582,  0.0705611 ,
         -0.00032782],
        [-0.0406324 , -0.04118386,  0.05248284,  0.05126341,
         -0.07731456],
        [ 0.05996243, -0.06719577,  0.07686642, -0.03094519,
         -0.04625006],
        [-0.03539602, -0.00166183, -0.02013898,  0.04062017,
          0.02440985],
        [-0.07508266,  0.01750998,  0.07460187,  0.05670142,
         -0.04481125]],

       [[ 0.04333894,  0.00446264, -0.01652788, -0.02535202,
         -0.0146311 ],
        [-0.03965788,  0.03903499, -0.07215764, -0.06311298,
          0.04294265],
        [ 0.06253973,  0.07685405, -0.01750542,  0.03297496,
          0.03419851],
        [-0.05279227, -0.00259362,  0.04646154, -0.02171606,
          0.01622241],
        [-0.00055187, -0.05785575, -0.02302122, -0.02613951,
         -0.05577131]],

       [[-0.00829207, -0.03173067,  0.03957003, -0.00508304,
         -0.03708174],
        [ 0.0390574 ,  0.05463534, -0.00339842, -0.01398821,
          0.05902407],
        [ 0.00969678,  0.0345599 ,  0.04747781,  0.02026603,
          0.02267053],
        [-0.04596457, -0.04349777,  0.01098652, -0.02229446,
         -0.05698805],
        [-0.03081386, -0.00323591, -0.04860152, -0.03992231,
         -0.02176647]],

       [[ 0.02222662, -0.05265822,  0.04957139,  0.06219204,
         -0.06722412],
        [-0.01796911, -0.06005023,  0.03551133,  0.00265868,
          0.02415701],
        [ 0.05062856,  0.04658535,  0.04824928,  0.07191371,
         -0.02219826],
        [-0.05717432, -0.05410294,  0.04125532, -0.06065022,
         -0.03896726],
        [-0.04270898, -0.00577923,  0.01845171,  0.06901032,
          0.01092591]],

       [[-0.04775025,  0.03621316,  0.00153853,  0.02406481,
         -0.05327442],
        [ 0.04053062, -0.07128178, -0.05356289,  0.02107193,
         -0.03396081],
        [-0.00193338,  0.06819111,  0.04932747,  0.05356302,
          0.02472925],
        [-0.03681214, -0.07206031, -0.02808029, -0.01287089,
         -0.07516066],
        [-0.07069364,  0.00645147, -0.04949292,  0.02460645,
          0.01077435]],

       [[ 0.02101473,  0.05764456,  0.03418528, -0.07214627,
         -0.05322396],
        [-0.03180334,  0.06582488, -0.06214305, -0.07659528,
          0.05798314],
        [-0.00617414,  0.05104565, -0.03118307, -0.02614469,
          0.02724398],
        [-0.01338869, -0.04789692, -0.06939326, -0.04245992,
          0.07064222],
        [-0.02000537, -0.01410025, -0.01176885, -0.01403035,
         -0.05032528]]])][0.08424667974256653, 0.018579469513720026, -0.11177071424938348, 0.11601733401901951, -0.07787278121289361, 0.11642023697911771, -0.07107726044262275, -0.03833642238797774, 0.04231354505554004, -0.07896769316138302, 0.05156012758060234, -0.04056668855116494, 0.04276252843117899, 0.025370940024684194, 0.10652407160761775, -0.04063550408735777]
-----------------------------------------------
[[ 0.2135261   0.0777951 ]
 [-0.37935173  0.12716677]
 [-0.01212241 -0.02461477]
 [ 0.33384345 -0.23164011]
 [ 0.34063535  0.1859283 ]
 [-0.45119413  0.04848425]
 [ 0.06559079 -0.08630299]
 [-0.2450095   0.05721798]
 [-0.25104122 -0.02618034]
 [ 0.44045007 -0.08587733]
 [-0.1994057  -0.07688877]
 [-0.11953508 -0.03918324]
 [ 0.0927136  -0.09396715]
 [ 0.08672635 -0.07955249]
 [ 0.38293671 -0.0637694 ]
 [-0.07378605 -0.18700462]]
-----------------------------------------------
[[[[ 2.35682073e-02 -1.15004221e-02 -5.07489042e-04 -5.74893253e-03
     2.32798774e-04]
   [ 9.00089750e-03 -2.87853666e-02 -2.55068586e-02 -1.68168802e-02
    -2.72490640e-02]
   [-2.33485343e-02 -3.78220497e-03 -1.45511901e-02  3.95562710e-03
     1.52966599e-02]
   [-4.67831911e-03 -2.57684258e-02 -4.20237048e-03 -2.63879719e-02
    -2.03971274e-02]
   [-1.05539986e-02 -1.56467797e-03  2.34818843e-04  2.09659816e-02
     8.95387182e-03]]

  [[ 1.91830235e-02  1.09282357e-02  1.67125065e-02 -1.64832201e-02
     1.91087047e-02]
   [ 1.28022240e-02 -1.03068865e-02 -1.93357120e-02 -1.86656163e-02
     5.14244628e-03]
   [-1.16979152e-03 -2.06198708e-02 -1.94088382e-02  1.28410066e-02
    -2.91205953e-03]
   [-1.25477133e-02 -2.68051171e-02  4.66223796e-03 -1.39629240e-02
    -1.59318357e-02]
   [-1.67812250e-02  5.56475115e-03 -1.01245948e-02 -1.29368954e-02
    -1.38148707e-03]]

  [[-2.66442867e-02 -1.86388633e-02 -1.92411974e-02  2.93134883e-02
     1.34704251e-02]
   [-1.33230591e-02  1.41965086e-02 -1.15761387e-02  1.02838449e-02
     1.98120110e-02]
   [ 1.15011873e-03  1.13455155e-02  1.96681217e-02 -1.20229219e-02
    -4.01725189e-03]
   [-2.11800454e-02 -2.93551022e-02  2.28728999e-02  4.14492227e-04
    -5.09082961e-03]
   [ 1.34842396e-02  1.36550356e-02 -1.67480453e-02 -1.50704237e-04
    -7.95030288e-03]]

  ...

  [[ 8.03881736e-03  2.85036900e-02 -7.80322588e-04  2.28824009e-02
    -2.22392020e-02]
   [-1.24546974e-02  2.73923965e-02 -1.26306173e-02  5.89841526e-03
     1.66075803e-02]
   [-2.01917628e-02 -1.82611809e-02 -2.25297629e-03 -1.61914510e-02
     1.52875202e-02]
   [ 4.08736115e-03 -4.13587584e-03 -2.55037484e-02  1.56950222e-02
     1.94100020e-02]
   [-3.18069419e-03 -2.65154511e-02  9.83827232e-03 -1.46488141e-02
    -7.96507351e-03]]

  [[-2.01515638e-02  4.66208061e-03 -1.74174691e-02  2.19474790e-02
     2.29408134e-02]
   [ 2.70529280e-02  1.10272117e-02  3.73804049e-03 -2.19320870e-02
    -2.72409142e-02]
   [-1.76649690e-02  2.67087455e-02 -6.72400431e-03 -1.41673623e-02
     1.67238477e-02]
   [-1.09489990e-02 -9.68433872e-03 -8.97135333e-03  2.60890105e-02
     4.72508708e-03]
   [ 2.56761700e-02  2.81171266e-02  1.19602291e-03 -8.23548718e-03
    -1.17088871e-04]]

  [[ 1.69390837e-02 -2.67593808e-02  2.94235607e-02  1.89543760e-02
     1.22742393e-02]
   [ 5.03253091e-03 -2.46287455e-02  7.92614207e-03  2.02875622e-02
    -1.76333682e-02]
   [-1.64721282e-02 -2.46875503e-02 -4.05749752e-03 -1.99141781e-02
    -3.11371626e-04]
   [ 1.91196931e-03  1.18629812e-02 -8.22561255e-03  1.42111366e-02
     2.34332509e-02]
   [-1.22408949e-02  7.66058184e-04 -1.73493295e-02  1.19827653e-02
    -1.25026046e-02]]]


 [[[ 1.31074946e-02 -2.25119999e-02 -2.19365566e-02  1.20238601e-02
     2.84677603e-02]
   [ 9.71307724e-03  2.86489740e-03 -2.09395435e-03 -8.53853824e-04
     1.01430897e-02]
   [-2.80564922e-02  2.22233840e-02  2.30694566e-02 -2.30260214e-02
     2.89401051e-02]
   [ 1.24048190e-02  5.91885076e-03 -2.58994656e-02 -4.33145875e-03
     2.62317292e-02]
   [-2.80402683e-04 -1.59650159e-02 -1.69070685e-02  2.76509638e-02
    -1.22249758e-02]]

  [[-2.66459038e-02  2.00672110e-02  2.62355917e-02  1.37668342e-02
    -2.00911565e-02]
   [-2.81139706e-02  2.64818588e-02 -4.88628871e-03 -2.26423858e-02
    -1.43974139e-02]
   [-1.54353548e-02 -1.87996946e-02 -1.19696082e-03 -1.87596642e-02
    -6.02984738e-03]
   [-2.23518605e-02 -2.73590974e-02  7.30551878e-03  8.12732185e-03
    -2.32089090e-02]
   [-1.21256646e-02  2.69341432e-02  1.69077545e-02  2.17483322e-02
     2.35735148e-02]]

  [[ 5.61879647e-03  1.00298906e-02  1.42870144e-02  1.76943854e-02
    -1.06365765e-02]
   [-2.02029442e-02  2.87820038e-02 -1.10021738e-02  9.86247904e-03
    -1.56144382e-02]
   [ 1.32784271e-02 -5.94032120e-03  6.86503593e-04 -7.00839735e-03
     2.78342461e-02]
   [-1.98486881e-02  2.36236237e-02 -8.69658848e-03 -2.61880913e-02
    -2.89487544e-03]
   [-5.90287756e-04 -1.73033438e-02  2.47813404e-02 -4.33511492e-03
    -1.65787070e-02]]

  ...

  [[-2.23746404e-02 -2.44048113e-02  2.87545376e-03 -7.81385733e-03
     2.04979504e-02]
   [-1.85492373e-02 -2.52545195e-02  4.42182450e-03 -2.01877507e-02
    -2.01060364e-02]
   [-9.82847062e-03  6.49679504e-03  2.07540582e-02 -1.86968304e-02
     2.49275338e-02]
   [-1.19462211e-02  1.75620570e-02  1.00423985e-02 -2.17005594e-03
     1.79223003e-02]
   [ 2.09694049e-02 -3.07039985e-03 -2.05641180e-02  2.19277419e-02
     2.09152678e-03]]

  [[-2.90283175e-02 -1.71483050e-02  1.87106667e-03 -1.07173868e-02
     1.28552791e-03]
   [ 2.25045390e-02  2.10614357e-02  2.51735536e-02  2.84329146e-02
    -2.51503198e-02]
   [-2.54528914e-02  1.91079511e-02 -2.15281221e-03 -2.19786604e-02
    -1.61743799e-02]
   [-1.64311192e-02  1.38872503e-02  1.24347213e-02 -8.66160237e-03
    -2.23688860e-02]
   [-4.78554226e-03  1.87442840e-02 -1.10075687e-02  2.25245966e-02
    -2.01726039e-02]]

  [[-1.50628834e-03  3.87527441e-04  1.56647455e-02 -1.29991406e-02
    -1.88910944e-02]
   [ 2.39623274e-02  2.08727455e-02  2.28640815e-02 -2.35493639e-03
     2.19172984e-02]
   [ 1.42137415e-02  2.43588160e-02 -6.22663310e-03 -8.34596366e-03
     1.26080905e-02]
   [ 2.58164940e-02 -4.63546737e-03 -2.38258195e-02 -1.11871933e-03
     1.97639724e-02]
   [ 1.23122222e-03  2.10930644e-02 -2.94787736e-02 -6.15339418e-03
    -2.07753439e-02]]]


 [[[ 8.72180414e-03  2.34076076e-02  2.91521509e-02  1.66149633e-02
     2.82325263e-02]
   [ 1.82696936e-02 -1.20715990e-02  5.96446648e-03 -1.91993897e-02
    -1.13527714e-02]
   [ 1.77414605e-02 -1.08202573e-03  2.28777741e-02 -7.89291243e-03
    -1.48340417e-02]
   [ 2.86331576e-02  1.09370099e-02  2.74343011e-02  1.00221507e-02
     2.16354971e-02]
   [-5.65631799e-03  2.92250199e-02 -2.45228490e-02  1.96842861e-02
     1.56272423e-02]]

  [[-2.21059040e-02  9.33712113e-03  1.15959307e-02 -1.56384871e-02
    -2.36512356e-02]
   [ 1.54919113e-02  2.50197887e-02 -8.80056825e-03  4.32621554e-03
    -2.60784053e-02]
   [-6.19078361e-03 -7.34746077e-03 -5.22794293e-03  2.66058493e-03
    -5.82675983e-03]
   [-2.71701747e-02 -1.04742155e-02 -1.19016647e-02 -6.29816392e-03
    -1.54545411e-02]
   [ 1.28104938e-02  2.32041777e-02  3.58181429e-03 -2.06092177e-02
     1.97626073e-02]]

  [[ 1.81993911e-02  2.65210194e-03  2.20373017e-02 -7.41966972e-03
    -1.21896350e-02]
   [ 2.96846536e-03 -1.27940750e-02  1.62247493e-02 -7.09363221e-04
    -5.13447739e-04]
   [ 1.51269475e-02  2.19001282e-02  1.39831794e-02 -1.97811099e-02
     1.61200585e-02]
   [-9.60746387e-03 -1.79092028e-02  6.61327846e-03 -2.23233514e-02
     2.70761488e-03]
   [-1.23915905e-02  9.38898301e-03 -2.47991204e-02 -2.64143691e-02
    -9.06705586e-03]]

  ...

  [[-1.19811828e-02 -2.26057632e-02 -1.47480582e-02 -1.76577429e-02
     1.43279369e-02]
   [-2.00982632e-02 -5.33368343e-03 -6.39296849e-03  4.91385145e-03
     6.19706278e-03]
   [-8.07537992e-03  1.69614362e-02 -6.76402921e-03 -2.92890095e-02
     4.99669919e-03]
   [-1.05926495e-02 -3.09885426e-03 -1.25734583e-02 -1.74361443e-03
     4.10724153e-03]
   [-1.97383585e-02  2.34357499e-02  2.60170537e-02  1.95856475e-04
    -2.87147907e-02]]

  [[ 1.94076376e-02  9.63561744e-03  2.26221834e-02  1.86404628e-02
     2.72812717e-04]
   [-2.45031986e-02 -6.87288606e-03 -6.10423300e-03  1.08358129e-02
    -2.48158462e-02]
   [-2.16586724e-06  1.18761598e-02 -2.29891099e-02  2.06611383e-02
     6.89526932e-03]
   [ 1.78611621e-03 -1.49109684e-02  1.49407471e-02 -1.36285540e-02
    -1.71068303e-02]
   [ 1.98247146e-02  1.13236086e-02  6.63198982e-03 -2.67759148e-02
    -1.82329136e-02]]

  [[ 2.21526925e-02  1.88186229e-02  4.37318244e-03  1.87133753e-02
     2.88514033e-02]
   [-6.17919287e-03  2.88000499e-02  2.15323526e-02 -5.60881364e-03
    -2.45444179e-02]
   [-1.71132654e-02  1.44656362e-02  4.12229222e-03 -2.24018789e-02
     1.26608056e-02]
   [-5.95895079e-03 -1.02953814e-02 -1.69522069e-03 -2.94362128e-02
    -1.66645227e-02]
   [-2.60433387e-02 -6.70907488e-03  4.66961017e-03  5.18968537e-03
    -1.23359461e-03]]]


 ...


 [[[ 2.35602169e-02  1.62906794e-02  1.18430493e-02  1.18516391e-02
     9.91234481e-03]
   [-1.80991110e-02  1.71494247e-02  2.07193519e-02 -7.80650838e-04
     9.55027269e-03]
   [-5.63625163e-03 -4.87583310e-03  4.00495150e-03 -1.78657363e-02
    -2.34959554e-02]
   [-2.28608113e-02 -2.68590113e-02  2.35698964e-02  8.57312069e-03
    -8.04802147e-03]
   [ 2.82999589e-02  7.80467002e-04  2.68667917e-02  2.16281680e-02
    -2.89457580e-02]]

  [[ 2.18551634e-02 -2.78336793e-02 -1.82191741e-02 -8.45710935e-03
     3.57568881e-03]
   [ 2.03819774e-02  1.34902461e-02 -3.25456753e-03  1.08752946e-02
     8.93418397e-03]
   [-2.13000406e-02  1.66990972e-02 -1.21216537e-02 -1.13311811e-03
     2.68195622e-02]
   [ 2.25029325e-02 -2.09061257e-02 -2.65423821e-02  2.08568563e-02
    -2.05680708e-02]
   [ 1.76868652e-02 -2.32263426e-02 -1.85616185e-02  9.53903723e-03
    -7.90619620e-03]]

  [[-2.11772949e-02 -2.53758881e-02 -2.06065903e-03 -2.55895747e-02
     2.56022794e-02]
   [-7.26734898e-03  3.33957250e-03  1.84264407e-02 -2.17752732e-02
    -1.26333915e-02]
   [ 2.73670501e-02 -2.92850256e-02 -1.37138141e-02 -2.61455086e-03
    -2.46693597e-02]
   [-1.01083495e-03  1.50093147e-02  7.20028821e-04  2.78333181e-02
    -1.79754532e-02]
   [-2.20215117e-02  1.77352595e-02 -7.81992994e-04 -2.83478998e-02
     1.04541433e-02]]

  ...

  [[ 2.25440297e-02 -2.57854913e-02 -1.42866739e-03  2.65081300e-02
    -1.34620990e-02]
   [ 7.08375713e-03  2.88946976e-02  2.32980513e-02 -1.82722732e-02
    -2.17210548e-02]
   [-8.13695813e-03 -1.07407797e-02  1.89978406e-02  4.50094755e-03
    -2.10652912e-03]
   [ 9.72413866e-03 -2.42847754e-02  2.09913761e-02  2.71841961e-02
     2.16799914e-02]
   [ 5.71848725e-03  2.25738015e-02 -1.23531964e-02 -2.78235233e-02
     1.01511657e-02]]

  [[-2.08805692e-02  2.45897279e-02  2.72742021e-02  2.32066886e-02
    -1.56446572e-02]
   [-6.53673732e-03 -2.49918970e-02  9.21002000e-03 -1.49273418e-02
    -2.45748152e-02]
   [ 7.30259569e-03 -2.31160962e-02  2.22515026e-02 -7.71135472e-03
    -1.56402922e-02]
   [-1.53311977e-02 -1.24949350e-02  1.43961697e-02  2.16635688e-02
    -1.70660908e-02]
   [-8.36426806e-03 -1.46589881e-02 -5.33336640e-04 -3.12184155e-04
     7.63587958e-03]]

  [[ 4.38242921e-03  9.06687415e-03 -1.17480064e-02 -5.75821441e-03
    -2.88744608e-02]
   [-1.94230047e-03 -2.78623271e-02  8.07914243e-03  2.25167778e-02
     3.95643019e-03]
   [ 2.07749254e-02  2.07240263e-02 -1.00803808e-02  9.32366679e-03
     1.84168349e-02]
   [ 5.01792696e-03  2.46336424e-03  2.19917526e-02  3.38628468e-05
     2.84078206e-02]
   [-2.70982375e-02 -2.21105750e-02  2.23920267e-02 -2.22823584e-02
    -1.55708561e-02]]]


 [[[-4.44370081e-03  1.58255641e-02  2.09877739e-02 -5.68866619e-03
     1.07561212e-04]
   [ 4.76099250e-04  2.15948897e-02  2.12903298e-02 -2.41521548e-02
    -3.46183894e-03]
   [ 1.16429433e-02  9.43283457e-03 -6.94648743e-03 -1.46891676e-02
     2.66226161e-03]
   [ 7.97616008e-03  5.58797774e-03 -1.10086533e-02  2.88382958e-02
    -2.87373401e-02]
   [-2.05872847e-02 -9.97219146e-03  2.65038595e-02 -1.22028957e-02
     2.11078447e-02]]

  [[ 5.73069352e-03  2.94052857e-02  2.58152005e-02  2.34807055e-02
     1.87650885e-02]
   [-6.87609179e-05 -2.51405027e-02 -1.19881859e-02  9.35557439e-03
    -2.76173417e-02]
   [-7.52579582e-03 -2.71434825e-02  2.25558461e-02  2.42458231e-02
    -2.70650045e-02]
   [-2.28610555e-02  5.89080941e-03 -2.49445309e-02 -1.47306502e-02
     9.33939821e-03]
   [ 2.41255424e-02  2.30764932e-02  2.80984331e-02 -3.04954812e-03
    -1.05302298e-02]]

  [[-7.69194412e-03  1.10844836e-03  6.95914201e-03  2.04150048e-02
    -2.17698112e-02]
   [ 2.70833151e-03  8.72768633e-03 -1.48752082e-02  1.08985880e-02
    -2.53094628e-02]
   [-1.11507456e-03 -2.68907002e-02 -1.29826185e-02 -5.44308110e-03
    -6.95141161e-03]
   [-1.75817583e-02  2.92298330e-02 -2.38200469e-03 -2.53641499e-03
     1.45593484e-02]
   [-1.61655388e-02  7.41652061e-03 -6.51480389e-03 -2.93486315e-02
     1.00650262e-02]]

  ...

  [[-2.20539561e-02  1.66036020e-02  2.54441615e-03  5.45681780e-03
    -2.72981391e-02]
   [ 2.83546396e-02 -2.68576299e-02 -1.49564736e-02  7.13060672e-03
    -8.83961076e-03]
   [ 2.18282278e-02 -6.09265027e-03 -2.30073081e-02  1.31090797e-02
    -1.59391293e-02]
   [-2.79518142e-02 -2.77943080e-02 -3.22111394e-03  1.20302712e-02
    -1.33440160e-02]
   [ 2.94937323e-02 -2.70181925e-02  4.99230749e-03  7.43658302e-03
    -1.38234216e-02]]

  [[ 7.76092112e-03 -5.92947376e-03  7.70969513e-03  2.70537304e-03
    -2.05620315e-02]
   [ 2.31465991e-02  1.50961701e-02  5.79492293e-03  2.09278332e-02
    -3.13551622e-03]
   [ 8.26845636e-04 -1.83884570e-02  2.43323149e-02  1.78774954e-02
     2.74587622e-02]
   [ 2.92111246e-02  1.35581736e-02  9.72404804e-03 -1.07213025e-02
    -1.95754784e-03]
   [-1.66398681e-02 -5.99109576e-03  2.15533247e-02 -2.12698942e-02
    -1.39188539e-02]]

  [[ 1.93085374e-02 -1.37063020e-02  5.07754697e-03  1.65949239e-03
    -2.18910108e-02]
   [ 2.02771701e-02  1.26747990e-02 -4.09185810e-03  4.73786766e-03
     2.50002769e-03]
   [-1.65710663e-03  8.53291439e-04  2.99789486e-03 -9.25506399e-03
    -1.63084233e-02]
   [ 2.15618462e-02 -1.65620803e-02  6.15524555e-03  2.15708351e-02
     1.38559131e-02]
   [ 2.20098410e-02  1.61363031e-02 -5.40295737e-03 -5.56762080e-03
    -7.69643942e-03]]]


 [[[ 2.76492966e-02  2.64197928e-02 -2.79388317e-02 -2.45313626e-02
     2.93752456e-02]
   [-9.54020471e-03 -8.37698682e-03  7.89063209e-03 -2.86258868e-02
    -1.00411845e-02]
   [ 2.54533405e-02  2.75679571e-02 -8.85389897e-03  3.24928048e-03
    -1.89175773e-02]
   [-3.12478565e-03  9.64757626e-04  2.50186380e-02  3.21438531e-03
     5.33834007e-03]
   [-3.48216586e-03  2.41163046e-03 -7.71722734e-03  1.11552469e-02
     5.20663954e-03]]

  [[ 1.34370689e-02 -1.85554330e-02  6.67405266e-03 -1.36648957e-02
     1.99921663e-02]
   [ 1.47850919e-03  1.66111019e-02  1.96211123e-02 -1.63688654e-02
    -7.84406235e-03]
   [-1.69585892e-02 -1.73517038e-02 -2.77235033e-02 -6.81678596e-03
     1.74937304e-02]
   [-2.21514640e-02  1.99412436e-02  1.07883055e-02 -2.31420150e-02
    -8.08708389e-03]
   [-2.78014600e-02  1.27807443e-02  1.20429187e-02 -2.95100246e-02
     2.16110862e-02]]

  [[ 2.51624878e-02  2.33135614e-02  8.95031082e-03 -1.92298119e-02
    -1.20881304e-02]
   [-4.09919457e-03 -2.02116590e-02  1.74993498e-02 -9.75112963e-03
     2.06474658e-02]
   [-2.32242304e-03 -2.14595262e-02 -8.96406238e-03 -2.12046687e-02
    -5.84521425e-03]
   [-1.50648431e-02  1.29403896e-02  2.22039712e-02  2.64833613e-02
     2.15273792e-02]
   [ 1.06181955e-02  2.52178955e-02 -1.80101338e-02  4.88489008e-03
     1.13845340e-02]]

  ...

  [[ 2.17986036e-02  2.93230647e-02 -1.30382550e-02 -1.13658548e-02
     1.24354596e-02]
   [-2.82205356e-02  1.20078647e-03 -1.11373690e-02 -2.74185875e-02
     2.76783563e-02]
   [ 2.14979111e-02 -2.74761810e-02  4.25126690e-03 -5.05816867e-03
    -1.26553670e-02]
   [-1.35744727e-02 -1.69268170e-02  1.43534136e-02 -1.11994781e-02
    -2.54727979e-02]
   [-3.72462730e-03  2.72244660e-03 -7.83810077e-03  1.30847395e-02
     2.89468910e-02]]

  [[ 1.55584524e-02 -1.24432233e-02  1.54507965e-02  2.34167527e-02
     5.53770631e-03]
   [ 2.87810945e-02 -8.48569106e-03 -7.00240605e-03  1.76021070e-02
    -2.50363500e-02]
   [ 3.18602156e-03  4.20586975e-03  1.35229710e-02 -1.51021104e-02
    -2.22948988e-02]
   [ 2.35330262e-03 -6.09300131e-03 -6.86470174e-03  7.88582080e-03
    -1.14222470e-03]
   [-3.27974953e-03 -1.80525941e-02  2.79166374e-02 -5.74990517e-03
    -1.20140409e-02]]

  [[-1.45333661e-02  6.38485592e-03 -1.79763313e-02  2.59902668e-02
    -2.87926773e-02]
   [-4.02377692e-03  9.30568426e-03  1.84385375e-02 -1.06467213e-02
    -1.83360781e-02]
   [-2.06250503e-02 -2.94132708e-03  1.61130489e-02 -2.56607685e-03
     2.85302712e-03]
   [-1.75595265e-02 -1.80481300e-02 -2.32620365e-02  1.97730496e-02
    -2.65612196e-02]
   [ 2.73781441e-03 -1.02155117e-02 -1.51606734e-02  9.34228225e-03
    -2.64725925e-02]]]][0.01143061086145301, -0.021129502888311006, 0.02390631589221542, -0.02040005854578624, -0.00452327122516542, -0.00831156098733669, 0.017949514523134143, 0.0004355562359505995, 0.013167150851184892, -0.014105658133072012, 0.010190302466646543, 0.0024970781141710717, 0.013258260809836098, -0.02299098504922732, -0.018534751696531678, -0.02275112567118372, 0.018817165608755907, 0.01375564494692361, 0.02343581533202774, 0.009943495003530391, 0.022562019990675395, -0.0010747367555307419, 0.021952066162949754, -0.006389202309852564, 0.003791988371006933, -0.026554612801465018, 0.010091280557023876, 0.01476920068241511, -0.011508488676603933, -0.006601889393378975, -0.013378297308953294, -0.005990192509297748, -0.00711891010597681, 0.002651902082570382, 0.01187803036005142, 0.02012897909017639, -0.014759506726748778, 0.003981773669739275, 0.0046847225068782465, -0.017737687742592975, 0.02254668837487229, -0.006251234726944548, 0.0024660406875739206, -0.003627864966552718, 0.01590188811545634, -0.013282290157393815, -0.004329655470163261, -0.0031423729830938746, -0.016277823159904517, -0.012283673059751095, -0.002051660993824443, -0.008506634752151045, -0.00358426484307018, -0.02812814203785499, -0.0064190665150901174, -0.008632135064972127, -0.01712636437327525, 0.007647735251224617, 0.02136402874691774, 0.0025247069182561706, -0.004444609521096567, 0.007430443206083329, -0.022017627146484767, 0.02488516686512424, -0.020159774470463916, -0.014717602172285084, -0.007229911699006494, 0.0021030878559413387, 0.027179223891972897, 0.011491294878425606, 0.02430136099186703, -0.0010827211452686565, 0.012183524981963147, -0.00435639766414133, -0.02910808506665362, 0.015272754094902915, 0.013793795776961073, -0.004199700447775356, -0.0008722829977466928, -0.023280025937141204, 0.0007706443266856898, 0.026753652993428956, -0.003258414267680438, 0.003926701870906848, 0.0038783790792599297, 0.02308334287317484, -0.010932421236766136, -0.0005708609976434083, -0.014263231552944127, -0.02479686626266826, -0.011379045513528634, 0.0232748737147412, -0.024785578195408376, 0.02835155865777469, 0.0015603868217838844, 0.027717484750654536, 0.0157477331344756, 0.0009613250537234934, 0.003128813291692182, 0.005558908549092825, 0.028071769142497222, 0.0186680760848234, -0.025590066663719588, 0.0002057149412475652, 0.02466754921800465, 0.0011770125361031253, 0.019773786996712405, -0.026744636052735894, -0.01025876058085971, -0.006954462635707186, 0.010501456943894195, -0.002882535459200676, 0.009290441021134657, -0.029179550176914447, 0.005915728696012219, -0.013957855339375578, -0.0012057422913303827, 0.01475750672996692, 0.018593718712518515, -0.013730773256144496]
-----------------------------------------------
[[-1.43671985e-05 -2.05561457e-03 -1.30657975e-02 ...  1.45464938e-02
   8.71382261e-03  9.74710508e-03]
 [-2.69757264e-03 -1.23686705e-02  7.72419126e-03 ... -2.03267549e-03
   2.17943411e-03 -7.04242442e-04]
 [-3.84589352e-04  8.90469655e-03 -1.88729101e-02 ...  6.36613724e-04
   1.58692453e-02 -1.77369061e-02]
 ...
 [ 1.36346282e-02  1.91798243e-02  1.44549936e-02 ... -1.20052702e-02
   3.87344754e-03  1.63308924e-02]
 [-7.92024151e-03 -1.23365777e-02 -1.70737922e-02 ...  7.90069151e-03
   1.46393990e-02 -1.41774487e-03]
 [ 1.20921226e-02 -2.70656757e-03 -3.67420349e-04 ... -1.79425275e-02
  -2.28619140e-03 -1.72435018e-03]][ 0.00431234  0.00148226  0.01722347 -0.01172989 -0.00267151  0.01682091
 -0.00327187  0.00451119  0.0148679   0.01618389  0.01724503 -0.00378855
  0.00136227 -0.00742278  0.00131721 -0.01884443 -0.01955823  0.00101773
  0.01968163  0.00151333  0.0019833   0.01530533  0.01085908 -0.00400447
 -0.00588818  0.01688814 -0.00763376 -0.01855103 -0.01529776  0.01580813
  0.01886409  0.01868403 -0.01479427 -0.01443096 -0.01313168 -0.01889701
  0.00610731  0.0181187   0.00211366  0.0171508  -0.01619266  0.00273859
 -0.01965528  0.015981    0.00322216  0.0182462  -0.00057018  0.00847851
  0.00572077  0.00281248  0.01463732 -0.01195386  0.00310273 -0.00613555
 -0.00501105  0.01086624  0.00389566  0.01386888 -0.00301834  0.00569436
  0.00252635 -0.00220813 -0.00180963  0.01589572 -0.01761438 -0.01669418
 -0.00331469  0.00058595  0.00341217 -0.00177857  0.00680921  0.00450421
 -0.01568018  0.0075296  -0.01647558  0.01332939 -0.01301152 -0.01250894
  0.01862797 -0.01816183  0.01253778  0.00501462 -0.00267684 -0.0164322 ]
-----------------------------------------------
[[-1. -1. -1.  1. -1. -1.  1.  1. -1. -1.  1. -1. -1. -1.  1. -1. -1. -1.
  -1. -1.  1. -1.  1. -1.  1. -1. -1. -1.  1.  1.  1. -1.  1.  1. -1.  1.
   1.  1.  1. -1.  1. -1.  1.  1. -1.  1. -1. -1.  1.  1.  1. -1. -1. -1.
  -1.  1. -1. -1.  1. -1.  1. -1. -1.  1. -1.  1. -1. -1. -1.  1.  1. -1.
   1.  1.  1.  1.  1. -1.  1.  1.  1. -1.  1. -1.]
 [-1. -1.  1. -1.  1.  1.  1.  1. -1.  1.  1.  1. -1. -1. -1. -1. -1.  1.
   1.  1. -1.  1. -1. -1.  1.  1.  1.  1. -1.  1.  1. -1.  1.  1.  1.  1.
  -1. -1.  1. -1. -1. -1.  1.  1. -1.  1. -1.  1. -1.  1.  1. -1.  1.  1.
  -1.  1. -1.  1.  1. -1.  1.  1. -1.  1. -1. -1.  1.  1.  1. -1. -1.  1.
   1. -1. -1. -1. -1.  1.  1. -1.  1. -1.  1. -1.]
 [-1.  1.  1.  1.  1. -1.  1.  1.  1.  1. -1.  1.  1.  1.  1. -1.  1. -1.
   1.  1.  1.  1. -1.  1. -1. -1.  1.  1. -1. -1. -1. -1. -1.  1.  1.  1.
  -1. -1.  1.  1.  1.  1.  1. -1.  1. -1. -1.  1.  1.  1. -1. -1. -1. -1.
   1.  1. -1.  1. -1.  1.  1. -1. -1. -1.  1. -1. -1.  1.  1.  1.  1. -1.
  -1.  1. -1.  1. -1. -1.  1.  1. -1. -1. -1.  1.]
 [-1.  1.  1. -1. -1. -1.  1. -1. -1.  1.  1.  1.  1.  1. -1.  1.  1.  1.
  -1. -1. -1. -1.  1.  1. -1. -1. -1. -1. -1.  1. -1.  1.  1.  1. -1. -1.
  -1.  1.  1. -1. -1. -1. -1. -1. -1. -1. -1. -1.  1. -1.  1. -1.  1. -1.
  -1. -1.  1. -1.  1.  1. -1.  1.  1. -1. -1.  1.  1.  1. -1. -1. -1. -1.
   1.  1.  1. -1.  1.  1.  1.  1.  1.  1. -1. -1.]
 [-1.  1. -1. -1. -1.  1. -1.  1.  1.  1. -1.  1.  1. -1.  1. -1. -1. -1.
  -1.  1. -1. -1. -1.  1.  1.  1. -1. -1. -1. -1. -1. -1.  1. -1.  1.  1.
   1.  1. -1. -1. -1.  1. -1.  1. -1.  1.  1.  1.  1.  1.  1. -1.  1. -1.
  -1.  1. -1. -1. -1.  1.  1.  1.  1.  1.  1.  1. -1. -1. -1.  1. -1. -1.
  -1. -1. -1. -1. -1.  1. -1.  1. -1.  1. -1. -1.]
 [-1. -1. -1.  1. -1. -1.  1. -1. -1.  1.  1. -1.  1. -1.  1.  1. -1. -1.
   1. -1.  1. -1. -1.  1.  1. -1. -1. -1.  1.  1.  1. -1.  1.  1. -1. -1.
   1. -1. -1. -1.  1. -1. -1. -1.  1. -1. -1. -1.  1.  1. -1.  1.  1. -1.
  -1. -1. -1. -1. -1. -1.  1. -1. -1. -1.  1.  1. -1. -1.  1.  1. -1.  1.
   1.  1.  1. -1. -1.  1. -1. -1. -1. -1.  1. -1.]
 [-1.  1. -1.  1.  1.  1.  1.  1.  1. -1.  1. -1. -1.  1.  1.  1. -1.  1.
  -1. -1.  1. -1. -1.  1. -1.  1. -1. -1. -1. -1.  1. -1. -1. -1. -1. -1.
   1.  1.  1. -1. -1. -1. -1.  1.  1. -1. -1.  1.  1. -1. -1. -1. -1. -1.
  -1.  1.  1.  1. -1.  1. -1. -1. -1. -1.  1.  1. -1.  1. -1.  1.  1.  1.
   1.  1. -1. -1. -1. -1. -1. -1. -1. -1. -1.  1.]
 [ 1.  1.  1. -1.  1. -1. -1.  1. -1. -1.  1. -1. -1.  1.  1.  1.  1. -1.
   1.  1.  1.  1. -1. -1.  1.  1. -1.  1.  1. -1. -1. -1.  1. -1. -1. -1.
   1. -1.  1.  1. -1. -1.  1.  1. -1.  1. -1.  1.  1.  1.  1.  1.  1.  1.
  -1.  1.  1. -1.  1. -1. -1.  1. -1.  1.  1.  1.  1. -1. -1. -1. -1.  1.
  -1. -1.  1. -1. -1.  1.  1.  1.  1. -1. -1.  1.]
 [ 1.  1.  1. -1. -1.  1.  1. -1.  1.  1.  1.  1. -1. -1. -1. -1.  1.  1.
   1. -1. -1.  1.  1. -1. -1. -1.  1. -1.  1. -1.  1. -1. -1. -1. -1. -1.
   1. -1. -1.  1.  1.  1. -1. -1. -1. -1. -1. -1.  1. -1. -1. -1. -1.  1.
  -1. -1.  1.  1. -1. -1. -1.  1.  1.  1. -1. -1. -1.  1. -1.  1. -1.  1.
  -1.  1.  1. -1.  1.  1. -1. -1.  1.  1.  1.  1.]
 [ 1. -1.  1.  1.  1.  1.  1.  1.  1. -1.  1.  1. -1. -1. -1. -1.  1. -1.
  -1. -1.  1. -1. -1. -1. -1. -1.  1. -1. -1.  1.  1.  1. -1.  1. -1.  1.
   1.  1.  1. -1. -1.  1. -1. -1. -1.  1. -1. -1.  1. -1. -1.  1. -1.  1.
  -1. -1.  1. -1. -1.  1. -1.  1. -1. -1.  1.  1. -1. -1. -1.  1. -1. -1.
   1. -1. -1.  1.  1. -1.  1. -1. -1. -1.  1. -1.]]
-----------------------------------------------
