[[[[-0.24889804  0.37600954  0.21337531 -0.29368862  0.32559032]
   [-0.01148508 -0.37427848 -0.02387165 -0.10047129  0.21104262]
   [-0.31766924  0.23556493  0.31162504  0.00510622  0.36885431]
   [ 0.11938665  0.35953563 -0.22704179  0.01204114 -0.28448017]
   [-0.20153257 -0.24434871  0.08242572  0.22045528  0.23787761]]]


 [[[ 0.11589222  0.20272851  0.24321151 -0.06137096 -0.30717686]
   [ 0.26069421 -0.34796982 -0.37357782  0.36963708 -0.01314146]
   [ 0.26339806 -0.00225142  0.3410906  -0.38352339 -0.0238574 ]
   [-0.35413108  0.34363423 -0.34885915 -0.23234013 -0.21694821]
   [ 0.18798627 -0.06716897 -0.34477046 -0.34101774  0.32365196]]]


 [[[ 0.05797264 -0.20890517 -0.14936481  0.02253232 -0.2556905 ]
   [ 0.14455745  0.25222751  0.02828188 -0.32013123 -0.0746321 ]
   [-0.32216101 -0.13513475 -0.27250427 -0.21810825 -0.08211529]
   [ 0.16717291  0.27509886  0.09275358 -0.36864982  0.15690416]
   [ 0.0063589  -0.2139397   0.18970804 -0.05476788 -0.13452451]]]


 [[[-0.1715782   0.17998101 -0.16256618 -0.05850319  0.04315835]
   [-0.22342223 -0.32184418 -0.16593601  0.26374404 -0.37371658]
   [ 0.10434875  0.37239883 -0.17659883 -0.07324266  0.23893875]
   [ 0.27786011 -0.34459269  0.21446839 -0.12698589 -0.30998902]
   [ 0.29865516  0.19762964 -0.18886188 -0.32091534  0.37830721]]]


 [[[-0.18537757  0.26417987 -0.35434576  0.38825117  0.04708672]
   [ 0.09403094 -0.15279125 -0.02369424 -0.35771062  0.28672953]
   [ 0.09352055  0.16334859 -0.33142148  0.31345048  0.35926988]
   [ 0.00704104 -0.31703498 -0.20608841 -0.2836283   0.01689803]
   [ 0.28427846 -0.00238268 -0.25332249 -0.11452246 -0.10073598]]]


 [[[ 0.20516976  0.15990479 -0.12153227 -0.2544239   0.10483147]
   [-0.14593139 -0.00896873 -0.13952836  0.00449217 -0.09063762]
   [ 0.20379601 -0.13063636  0.12006297 -0.37767317  0.0317146 ]
   [-0.38325473 -0.34129757 -0.10092433  0.02995009  0.14947816]
   [ 0.3493022   0.25306715 -0.26782655  0.00292647  0.20672479]]]][-0.273986009450824, -0.27553750501680585, 0.061200545777753024, -0.11524700603102583, -0.02232848015950878, -0.06246814286292757]
-----------------------------------------------
[[ 0.32042454  0.02252506]
 [-0.41537622 -0.43134623]
 [-0.02669554  0.21351223]
 [ 0.02576163  0.05901307]
 [ 0.04258304 -0.26367396]
 [ 0.47973786 -0.29700345]]
-----------------------------------------------
[ array([[[ 0.00249885, -0.10468435, -0.018939  , -0.03952066, -0.09998135],
        [-0.04845003,  0.05602644,  0.00552144,  0.01678062, -0.14537719],
        [-0.09589307,  0.11052339,  0.05538457, -0.14604094,  0.01989206],
        [ 0.01377759, -0.01934255, -0.11210778, -0.1200111 ,  0.14914538],
        [-0.07571321,  0.06566437, -0.10224001, -0.0152943 , -0.03265406]],

       [[ 0.01211382,  0.03802992, -0.00288879, -0.11137031, -0.03711277],
        [-0.07244927,  0.05049323,  0.07533538, -0.05589145, -0.02172901],
        [ 0.01536026, -0.06214147,  0.10886921,  0.08676492, -0.13730227],
        [-0.10535828, -0.13922762,  0.11790639,  0.11736189, -0.14985255],
        [-0.02319341, -0.03762261, -0.11430005,  0.14598928, -0.05447253]],

       [[-0.10992825, -0.06402378, -0.05164892,  0.05845131,  0.02900718],
        [-0.02766333, -0.05137907, -0.10606975, -0.07223485, -0.02086921],
        [-0.00787533, -0.08382529, -0.0161758 , -0.11365315,  0.02376448],
        [ 0.08280629,  0.02400171, -0.07752594, -0.08130122, -0.01783283],
        [ 0.07375758,  0.08504268, -0.13236526,  0.0120491 , -0.04406632]]])
 array([[[-0.14083079, -0.14823702, -0.04872328, -0.11567891, -0.05956591],
        [ 0.02311635, -0.04051291, -0.1063991 ,  0.10718861, -0.03635061],
        [ 0.0509308 ,  0.05496704,  0.09980989,  0.01616681, -0.14071042],
        [-0.03490454,  0.12023342, -0.13492817,  0.07765206, -0.00108255],
        [-0.10453713, -0.04192491, -0.06312736,  0.00026351, -0.08260741]],

       [[ 0.07103144, -0.03039814, -0.04686852, -0.11966767,  0.01757274],
        [ 0.02019134,  0.14992306, -0.06157617, -0.11305548, -0.13497847],
        [ 0.03656447, -0.06748703,  0.09924526, -0.02007865, -0.14287393],
        [ 0.05198359, -0.12205328,  0.02706106, -0.07199505,  0.12568386],
        [ 0.14202859, -0.0342641 ,  0.11810096,  0.13425244,  0.06733904]],

       [[ 0.14447914, -0.12043478,  0.12803289,  0.09491349,  0.08828039],
        [ 0.04173391, -0.04934579, -0.11162008,  0.08911152, -0.06500238],
        [-0.0413159 , -0.13818293,  0.1205807 ,  0.05546889,  0.13953538],
        [-0.08543984,  0.00662929,  0.08745622, -0.01860479, -0.09249452],
        [ 0.13294635,  0.02573957,  0.14768446,  0.01947883,  0.11761441]]])
 array([[[-0.07059347, -0.0357235 , -0.01355436, -0.14725506,  0.08510117],
        [ 0.05061556,  0.049257  ,  0.09173342, -0.06072049,  0.11997915],
        [ 0.08419244, -0.06725643, -0.14643535, -0.0969883 ,  0.13564518],
        [ 0.09874162, -0.05196632, -0.10507395, -0.05705713, -0.08177322],
        [-0.00798808, -0.06373614,  0.14582246, -0.00583823, -0.02863366]],

       [[-0.08404805,  0.137056  ,  0.03384963,  0.14140058,  0.0352352 ],
        [-0.01072082,  0.0166663 ,  0.13690962, -0.11840482,  0.13769863],
        [ 0.03928674, -0.04538314, -0.03010675,  0.10127424, -0.05174748],
        [-0.00938163, -0.08068531,  0.04796715,  0.12255644,  0.0750002 ],
        [ 0.09840126,  0.01660885,  0.14645332,  0.06454809, -0.13492424]],

       [[-0.12531308, -0.13817609,  0.07342033,  0.02926479,  0.02587135],
        [ 0.13339867,  0.1374469 , -0.04574341, -0.10405815,  0.0772609 ],
        [-0.07615547, -0.09286023, -0.11003845, -0.1011181 ,  0.07279563],
        [ 0.10612999, -0.03732566, -0.10724678,  0.08766791,  0.13024688],
        [ 0.13375015, -0.12032799, -0.13749071, -0.0573268 , -0.04111884]]])
 array([[[ 0.11313945,  0.09810669, -0.08832868, -0.02475924, -0.00546803],
        [ 0.04456056,  0.13793604,  0.10036508, -0.0629117 , -0.06959955],
        [ 0.08203261, -0.06850408, -0.05625413, -0.04717781, -0.03773052],
        [-0.04531348,  0.11532532,  0.11221515, -0.0219705 , -0.06151302],
        [-0.07371547, -0.1049365 ,  0.14453472, -0.07311959, -0.04016314]],

       [[ 0.05061075, -0.07943655,  0.02080898,  0.13861672,  0.08527456],
        [ 0.0673986 ,  0.07321699, -0.00260565,  0.01054023, -0.11071255],
        [ 0.09275253, -0.10534328,  0.00490268, -0.06389947, -0.04735958],
        [ 0.07538908,  0.10664384, -0.01597726,  0.06495508,  0.11749861],
        [-0.13676977,  0.00050801,  0.07273056, -0.01223574,  0.04307677]],

       [[ 0.10266852, -0.03511448, -0.04352768, -0.08548645, -0.07478598],
        [ 0.11544552,  0.09396284, -0.13485426, -0.12464593, -0.14718302],
        [-0.14871578,  0.14011283, -0.13773722, -0.08651111, -0.04869374],
        [ 0.13212408,  0.07226768, -0.02323304,  0.07146477,  0.05800131],
        [ 0.04168217,  0.14983339,  0.0860361 ,  0.13602195,  0.10101684]]])
 array([[[ 0.14531452,  0.08200182,  0.08429773, -0.08225753,  0.14361907],
        [-0.02036878, -0.04254094, -0.12652958,  0.05342314,  0.0349172 ],
        [ 0.12046621, -0.00263466, -0.06203117,  0.0922962 , -0.06585333],
        [ 0.09446833,  0.13492078,  0.02809341, -0.09074859,  0.1068843 ],
        [ 0.07488349, -0.0559213 ,  0.04012045,  0.13980109, -0.06345143]],

       [[ 0.14354632, -0.03939992,  0.13133931,  0.06405501, -0.11159281],
        [ 0.11395835,  0.00252719,  0.14268041, -0.02016752,  0.12357662],
        [-0.11545474,  0.13022289,  0.14575613,  0.10297199,  0.11895969],
        [ 0.07033312,  0.12819773,  0.04003703, -0.01524284, -0.03793235],
        [-0.03892793,  0.10811015, -0.05615468, -0.01135439,  0.05898364]],

       [[-0.01144443, -0.03648924,  0.04755086,  0.13447991, -0.08306736],
        [-0.06770971, -0.05509597, -0.01845076, -0.07325201,  0.05532405],
        [ 0.10584081,  0.01667904, -0.14171101,  0.00276734, -0.06904686],
        [ 0.12706629, -0.0578936 , -0.12864028,  0.06606432, -0.08018209],
        [ 0.00977958,  0.07289592,  0.06682209, -0.08726419, -0.14585611]]])
 array([[[-0.14696024,  0.08862238,  0.02920358,  0.0165634 , -0.00283197],
        [-0.03905451,  0.07892755,  0.13985741,  0.08709384,  0.09788304],
        [ 0.07804971,  0.06337239, -0.00256493,  0.14657314,  0.02454121],
        [-0.01469452, -0.07934555, -0.05493906, -0.03261973,  0.0599421 ],
        [-0.13186343, -0.05163652, -0.14514209, -0.0123312 , -0.09978292]],

       [[-0.1166546 , -0.01858385,  0.10272546,  0.13107085, -0.07328245],
        [ 0.10546547,  0.09140765, -0.10064448,  0.03275803, -0.03966105],
        [ 0.02558773,  0.0827917 ,  0.09333704, -0.00625888, -0.14807285],
        [ 0.03662756, -0.08605518, -0.10182802, -0.14813781, -0.08387409],
        [-0.146343  ,  0.14854404,  0.08976884,  0.10337254, -0.1449721 ]],

       [[-0.06291805, -0.0043283 ,  0.11732813, -0.08558703, -0.06370071],
        [ 0.01946065,  0.09313672, -0.0193094 , -0.12008999,  0.04553021],
        [-0.04180847,  0.11065594,  0.0328007 , -0.14758467, -0.13306539],
        [-0.13833049, -0.11254801, -0.11699714, -0.13160908,  0.08484737],
        [ 0.11860197, -0.10025988, -0.00368929, -0.09237518, -0.0481983 ]]])
 array([[[  1.00804350e-01,   3.21500739e-02,   3.37913204e-02,
           4.98774393e-03,   3.41080254e-02],
        [  1.09756981e-01,  -9.89000112e-02,   4.46811503e-03,
          -9.63883662e-03,  -8.27896622e-02],
        [  8.70717986e-02,   1.13735141e-01,   7.78926786e-02,
          -9.40420469e-02,   8.98346884e-02],
        [ -2.76991297e-02,  -7.23327180e-02,  -3.64182887e-02,
          -6.45009047e-02,  -5.86338063e-02],
        [ -5.15524235e-02,  -1.46258315e-02,  -7.83057733e-02,
           5.43419501e-02,   2.52277322e-02]],

       [[  4.68620995e-02,  -9.08585847e-02,   6.89371128e-02,
          -7.64920198e-02,   3.21719600e-03],
        [ -4.01426070e-02,   4.42876591e-02,  -5.27499826e-02,
          -4.53028275e-02,   5.89288732e-02],
        [  5.95641491e-02,  -2.86783936e-02,   6.28281552e-02,
           3.06865356e-02,  -2.94907028e-02],
        [ -7.71152386e-03,   1.98848477e-02,  -9.68274937e-02,
           3.04517253e-02,  -9.51882723e-02],
        [  7.41600266e-03,  -1.40074930e-03,  -9.96195572e-02,
          -1.10585090e-01,   1.20025709e-02]],

       [[ -1.08698918e-04,  -2.27435055e-02,   8.19252316e-02,
           2.86836325e-02,  -5.06428386e-02],
        [  1.59469228e-02,   1.01267056e-01,  -8.02301357e-03,
           7.52369838e-02,  -6.91146510e-02],
        [ -1.06276228e-01,   6.06561968e-02,   1.66577217e-02,
           4.72572199e-02,  -6.52485145e-02],
        [  2.43045041e-02,   6.70740866e-02,   1.66536491e-04,
          -1.04329144e-01,   2.35545621e-02],
        [ -5.19504736e-02,  -4.63166526e-02,   7.82667138e-02,
           4.02825240e-02,   4.32298167e-03]],

       [[  8.63475832e-02,  -9.62959793e-03,   6.89404315e-02,
          -1.00896854e-01,   4.27844380e-02],
        [  9.25054937e-02,   6.18496000e-02,   1.01769438e-01,
          -8.68351328e-02,  -6.52219139e-02],
        [ -1.80168811e-02,  -1.08532722e-01,   7.45412315e-02,
           8.39192649e-02,  -1.13234802e-01],
        [ -9.95179773e-02,  -5.36789732e-03,  -4.70706752e-02,
           6.09747018e-02,  -9.53081124e-02],
        [ -4.70644275e-02,   5.43216022e-02,   3.45452457e-02,
           6.72351554e-02,  -2.02093779e-02]]])
 array([[[-0.09029448,  0.07487615,  0.06242814,  0.0155141 , -0.04327796],
        [-0.06701884, -0.08624295,  0.09849031,  0.09896672,  0.05980946],
        [ 0.05355548,  0.07135287, -0.06394243, -0.11029948,  0.00053587],
        [-0.04322979,  0.03459434,  0.00874356, -0.04584681, -0.00480606],
        [ 0.01976185, -0.09205322,  0.11236534,  0.05602069,  0.10347277]],

       [[-0.07754325,  0.11045707,  0.09095099,  0.09503488, -0.00636467],
        [-0.07951557, -0.05539739,  0.02193984,  0.00447107,  0.0462049 ],
        [-0.04935456, -0.03112819, -0.06525505, -0.08219418,  0.00906057],
        [-0.01283744, -0.09355293,  0.05963294,  0.09393902,  0.1123536 ],
        [ 0.03690229,  0.04441071, -0.10749337, -0.07329771, -0.00199691]],

       [[-0.05530225,  0.05452081, -0.02332644, -0.10068064, -0.03284461],
        [ 0.01657766, -0.01947751,  0.08440498, -0.05312868,  0.03199837],
        [ 0.00498435, -0.0662162 , -0.04291644,  0.0190666 ,  0.07878266],
        [-0.04477513,  0.10753232, -0.03326336,  0.07789239, -0.01986692],
        [-0.10420142, -0.08476692, -0.10242059, -0.00330418,  0.07225381]],

       [[ 0.00845572, -0.07940706,  0.03870046,  0.05056031,  0.07905359],
        [ 0.04737475, -0.06157537,  0.06444498,  0.00487038,  0.05592918],
        [-0.05184981, -0.11073634,  0.09650072, -0.09664491,  0.04088918],
        [ 0.05398238, -0.10434958, -0.0467305 , -0.08976717,  0.01500326],
        [-0.04204333,  0.0124352 ,  0.10244269, -0.06030635, -0.03668893]]])
 array([[[ 0.01817037,  0.08127827, -0.08463354, -0.06608179,  0.08317263],
        [-0.11043387,  0.02401639, -0.00813163,  0.03396666,  0.08939795],
        [-0.11260256, -0.11235757,  0.11424458, -0.08901445, -0.11214954],
        [ 0.02835617, -0.09139763, -0.05926758,  0.02032386,  0.05540804],
        [-0.04531045, -0.07999595, -0.06618317,  0.08622089,  0.10080802]],

       [[-0.01300036, -0.0620365 , -0.04181913,  0.09993834,  0.00387625],
        [ 0.07763522, -0.02167832, -0.09569121,  0.03249403, -0.05346393],
        [-0.10174746, -0.03224694, -0.01095469, -0.10449104,  0.09521928],
        [-0.03908186, -0.0547562 , -0.06822785, -0.0905628 ,  0.01440977],
        [ 0.00116543,  0.07878996,  0.01306567, -0.02279856, -0.01784637]],

       [[-0.09294731,  0.05228007,  0.05014401,  0.08020536, -0.00389761],
        [ 0.0906432 ,  0.08583214, -0.04010853, -0.07916413,  0.01746307],
        [ 0.08291992,  0.08145519,  0.07496513,  0.04752652, -0.04577073],
        [ 0.05242872,  0.0505831 , -0.00052311,  0.07319901,  0.05948917],
        [-0.00826932,  0.03132673,  0.1089642 , -0.0807971 , -0.09123105]],

       [[-0.09312159,  0.05232706,  0.03064607, -0.03129433, -0.0143779 ],
        [ 0.00729352, -0.06411899,  0.02132505, -0.10909949,  0.01793075],
        [ 0.0008763 , -0.08319065,  0.05900336,  0.00646616, -0.06361505],
        [ 0.02187786, -0.07650704, -0.02566813,  0.0681905 , -0.08581759],
        [ 0.02146927,  0.06231007,  0.01688281, -0.07238784, -0.04256156]]])
 array([[[-0.08768303, -0.02135906, -0.06689181,  0.05062675,  0.01899854],
        [-0.07675437, -0.08790041, -0.07096568, -0.01889484,  0.08361137],
        [ 0.01679422,  0.06360752,  0.03898424, -0.06086246, -0.04089224],
        [ 0.02456954, -0.09546939, -0.10762124,  0.00364108, -0.08791141],
        [ 0.07345807,  0.01618782,  0.02409731,  0.05096567,  0.05851549]],

       [[-0.10864005, -0.0323172 , -0.01957771,  0.03791546, -0.01867104],
        [ 0.06263225, -0.04806202,  0.08715741, -0.07996537, -0.02109267],
        [ 0.110632  , -0.08584927, -0.00489409,  0.09905746,  0.06264666],
        [-0.0990493 , -0.11404741, -0.01440151, -0.10952238, -0.01076308],
        [ 0.05624927,  0.06395157, -0.0918841 , -0.05745091,  0.10869747]],

       [[-0.09940191, -0.10927587, -0.00511323,  0.05967565,  0.1057332 ],
        [-0.02343966, -0.05512854, -0.11419886,  0.06452238,  0.11111879],
        [ 0.07349138,  0.09948307, -0.07388539,  0.03037004,  0.08164462],
        [ 0.10285635,  0.10871066,  0.06947587, -0.02402716,  0.07826876],
        [ 0.10449564, -0.10283977,  0.07093529, -0.09422165,  0.10394483]],

       [[ 0.02428901, -0.09591516,  0.03249394, -0.00422137,  0.1119462 ],
        [ 0.06660242,  0.00764438, -0.08525944, -0.02800444,  0.0932286 ],
        [ 0.1114735 , -0.06841184, -0.03123939, -0.03335272,  0.00735358],
        [-0.04665592,  0.1096314 ,  0.05947929, -0.09893095,  0.03289352],
        [ 0.09949834, -0.00714939,  0.06684342,  0.00776184, -0.02960508]]])
 array([[[  4.39295841e-02,  -2.56686939e-02,   1.01872536e-01,
          -1.09957211e-01,  -3.17900343e-03],
        [  1.03855184e-01,  -6.68698287e-02,  -6.95021580e-02,
          -5.37193588e-02,   8.32971583e-02],
        [ -5.29551490e-02,   1.08244876e-02,   1.39945276e-02,
          -2.12410040e-02,  -7.64568909e-02],
        [  4.21533160e-03,   3.04940406e-03,  -4.55304785e-02,
          -8.25806376e-02,  -7.08756340e-02],
        [ -6.68174216e-03,  -1.09326398e-01,  -9.31051319e-02,
          -6.58545377e-02,  -6.08410194e-02]],

       [[  3.04690041e-02,  -8.94846247e-02,  -4.81468831e-03,
          -6.13307376e-03,  -1.07715681e-01],
        [ -6.87648673e-02,   5.68352805e-02,   8.04570012e-02,
           6.19184734e-02,  -6.41195946e-02],
        [ -4.71717003e-02,   2.70906865e-02,  -2.63157556e-02,
           4.77858453e-02,   2.54902639e-02],
        [  9.34133696e-03,   5.72510696e-02,   6.58975838e-02,
           1.42858039e-02,  -8.55480617e-02],
        [  5.68239883e-02,  -2.44540678e-02,  -1.67029178e-02,
           4.85412346e-02,  -2.80937193e-02]],

       [[ -1.12067473e-01,   2.73503355e-02,   2.04868596e-02,
           1.08552448e-02,   1.04354279e-01],
        [ -4.86603114e-02,  -5.62316034e-02,   9.22183966e-02,
          -8.40875832e-02,   9.71892905e-02],
        [  8.77248677e-02,  -3.19605317e-02,   1.10708235e-01,
          -7.03750301e-03,  -7.83578533e-02],
        [  7.13679254e-02,  -7.17407281e-02,  -7.69108000e-02,
          -7.53427224e-02,  -7.84025083e-02],
        [ -2.32440758e-02,   4.82830775e-02,   9.89631955e-02,
          -2.70410399e-02,  -3.68381697e-02]],

       [[ -5.21272326e-03,  -7.17217954e-02,  -9.29401360e-02,
          -7.13406458e-05,  -2.93014127e-02],
        [ -1.03818756e-01,  -3.44276678e-02,   8.22757596e-02,
          -4.12766394e-02,  -6.46025044e-02],
        [  9.20546428e-03,  -2.80040354e-02,  -3.57766447e-02,
           2.31368582e-03,  -7.29691313e-02],
        [  6.61083329e-02,  -7.77862220e-02,   6.62745044e-03,
          -1.51470199e-02,   2.97573639e-02],
        [  7.10500593e-02,   5.51312805e-02,  -6.08611677e-02,
           3.79982332e-03,  -4.66379182e-02]]])
 array([[[ 0.08757151, -0.08926447,  0.09700061,  0.07738514, -0.03331926],
        [-0.00057876,  0.10633867, -0.01377924,  0.00293771, -0.06350897],
        [-0.00185816, -0.0536155 ,  0.10141918, -0.1027423 ,  0.0488088 ],
        [-0.03304117, -0.11198252,  0.0545792 , -0.05307144, -0.0876448 ],
        [-0.09140421,  0.00754961, -0.11016153, -0.06794302,  0.07895143]],

       [[-0.10535922,  0.10282541,  0.09790343,  0.07625227,  0.06959985],
        [-0.09993577,  0.08687588, -0.02121729,  0.06363563, -0.02873083],
        [-0.05246591,  0.10646463,  0.07064318, -0.08465076, -0.00652105],
        [-0.03873902,  0.1103343 ,  0.0291265 ,  0.01261352, -0.02849845],
        [-0.05331847,  0.05001507, -0.0707368 , -0.01103732, -0.09091716]],

       [[-0.04123159, -0.07960047,  0.03119011,  0.00186313,  0.08601408],
        [ 0.07264303,  0.00365807,  0.08233429, -0.04114065, -0.01829635],
        [ 0.09018285, -0.00231423, -0.08538126,  0.01214217,  0.00979281],
        [ 0.05411859, -0.02247662, -0.09932909, -0.05783711,  0.03514434],
        [ 0.03178959,  0.10081415, -0.01278206, -0.01472015,  0.08493658]],

       [[ 0.00548627,  0.03487855, -0.04208895,  0.05402285,  0.11323811],
        [ 0.10249958,  0.00393339,  0.10409293, -0.08247027, -0.03079826],
        [-0.00013867, -0.1083357 , -0.00723796,  0.0239005 , -0.11359568],
        [ 0.074309  , -0.10287139,  0.11238434, -0.1073575 ,  0.10688063],
        [-0.08136933, -0.0680617 ,  0.10080516, -0.08579076, -0.0738801 ]]])
 array([[[-0.0591773 , -0.06837531, -0.03896952, -0.04530354,  0.06016257],
        [ 0.05911008,  0.07885429,  0.03362863,  0.10710093,  0.06560408],
        [-0.08594115, -0.01278807,  0.04666594,  0.11097213, -0.04616677],
        [ 0.08497367,  0.01408856, -0.07997448, -0.02709659, -0.0243637 ],
        [-0.01906391,  0.02908607, -0.04738072, -0.02939389,  0.03339704]],

       [[ 0.03247992,  0.0809407 , -0.02231061, -0.10327057,  0.0994017 ],
        [ 0.0233504 , -0.06339955,  0.02835239, -0.03834428,  0.03887293],
        [ 0.08077592, -0.07902879, -0.05899999,  0.10285979,  0.00277331],
        [ 0.06400379, -0.09067508, -0.04657731, -0.02282396, -0.08947686],
        [-0.05677071, -0.01346458, -0.04516111,  0.04543026, -0.1068349 ]],

       [[-0.08975006, -0.03413964,  0.01126085,  0.05404472, -0.01618015],
        [ 0.02439693, -0.06058734, -0.08803816, -0.10097333, -0.0254664 ],
        [-0.02014089,  0.07348904, -0.08510771, -0.03584478,  0.11164408],
        [-0.07827501, -0.10431985, -0.0935199 , -0.05328345, -0.03580894],
        [-0.01486763,  0.11310634, -0.10771418,  0.11104819,  0.1004313 ]],

       [[-0.07840949, -0.10969728, -0.11083713, -0.01704701,  0.07380196],
        [ 0.04542498,  0.09282933, -0.02350602, -0.04030607, -0.02808803],
        [-0.10178942, -0.04215093,  0.03497477,  0.09440489, -0.02184319],
        [ 0.0799785 ,  0.02390597,  0.04894818,  0.06167085,  0.1102422 ],
        [-0.08316609, -0.06481903, -0.00931307, -0.03057356,  0.02363073]]])
 array([[[ 0.06053868,  0.04809606, -0.02601397, -0.04537474, -0.05711134],
        [-0.03588522,  0.0612211 , -0.03572821,  0.05300981, -0.02368625],
        [-0.09243292, -0.01113646, -0.0762726 ,  0.03116576, -0.01296117],
        [ 0.07930262,  0.10260488,  0.0947862 , -0.05881207, -0.09165542],
        [ 0.01137673,  0.05095151, -0.03098654, -0.06225266, -0.10133443]],

       [[ 0.08052703,  0.03998685,  0.06073033, -0.07141294,  0.03656542],
        [-0.10769048,  0.00245054,  0.01062982,  0.07385776,  0.04105993],
        [ 0.1006396 , -0.02298037, -0.07643044, -0.08792363,  0.02313022],
        [ 0.07405599, -0.10991667,  0.03563326,  0.08968829, -0.06841648],
        [-0.02011241,  0.06403725, -0.02709969,  0.0923244 ,  0.10251506]],

       [[-0.01802067, -0.03874916, -0.07618179,  0.04001597, -0.0282545 ],
        [ 0.05173209,  0.07288451, -0.08013981, -0.08596068,  0.00682051],
        [-0.05534682, -0.03094522, -0.06043769, -0.10660579,  0.06060659],
        [-0.02918184, -0.07766558, -0.07883428, -0.03185881,  0.0285504 ],
        [-0.05643687, -0.0564165 ,  0.08544182, -0.02977218, -0.03545322]],

       [[-0.06936228, -0.00373354,  0.01180878,  0.03825654, -0.08577205],
        [-0.0646574 , -0.02874364, -0.01367511, -0.1105038 , -0.08193099],
        [ 0.03780068,  0.06635126, -0.02315448,  0.07906587,  0.05938004],
        [-0.01273573, -0.0778627 ,  0.0506539 ,  0.10668016, -0.01037629],
        [-0.11012927,  0.08997974,  0.0094946 , -0.02023168, -0.03166757]]])
 array([[[-0.05916466, -0.08703733, -0.09924793, -0.0852984 ,  0.10569646],
        [ 0.0614778 ,  0.01913442,  0.03590479,  0.03708128, -0.05894943],
        [ 0.01622019,  0.00134228,  0.11399981,  0.05460631,  0.05264496],
        [-0.08990913, -0.10635571, -0.08719095, -0.08794598, -0.01578828],
        [ 0.02072052, -0.01579105,  0.09811723,  0.05157513, -0.10267161]],

       [[-0.07407662, -0.02416052, -0.03079455, -0.0435017 ,  0.07173763],
        [ 0.03144508,  0.0923149 , -0.00506963, -0.06189889, -0.07618281],
        [ 0.02606763, -0.01961029, -0.09256315, -0.03849845, -0.05085389],
        [-0.11226109,  0.01834572, -0.0225863 , -0.03707307, -0.11374322],
        [ 0.10145181, -0.06193278,  0.07786338, -0.09296891, -0.03204203]],

       [[ 0.08449994, -0.03621284, -0.06606538, -0.03758614,  0.04075577],
        [ 0.10677079,  0.0356845 ,  0.01107864,  0.05286099, -0.10156963],
        [ 0.08751364, -0.04417746, -0.0047569 ,  0.04864329, -0.09335843],
        [ 0.09759327, -0.01571421, -0.02996358,  0.05978102,  0.01507148],
        [-0.05177815,  0.04920139, -0.01012313, -0.10322837, -0.11255927]],

       [[ 0.10178272,  0.07250999, -0.00515753, -0.05245722, -0.04697595],
        [-0.08183767, -0.02806546,  0.02341135,  0.10659308, -0.08898394],
        [-0.05186496,  0.07075241,  0.06335916, -0.00629118, -0.08697087],
        [-0.07871258, -0.04773412,  0.09011949, -0.08143193,  0.08881579],
        [-0.04534674,  0.00789877, -0.03650102,  0.08541214, -0.09412979]]])
 array([[[-0.07718897,  0.06464785, -0.07439248, -0.06177735, -0.03643439],
        [-0.06134764,  0.04151379, -0.03461614, -0.06526092, -0.00926313],
        [-0.01325402, -0.01370221,  0.04828416,  0.03557809,  0.00262087],
        [ 0.06610104,  0.02243085, -0.06816703, -0.01070599,  0.06448156],
        [-0.01746733, -0.04328485, -0.01243261, -0.05805005,  0.0571396 ]],

       [[ 0.03435574, -0.03127855,  0.06029636,  0.02265227,  0.07734683],
        [-0.01709716, -0.00087836, -0.00398816, -0.04974909, -0.00681609],
        [-0.06341747, -0.00130486,  0.04449704, -0.03979619, -0.01666021],
        [ 0.00771882, -0.06157407,  0.01513325, -0.06570614, -0.06105579],
        [-0.06647067, -0.00287059,  0.06781296,  0.06802243, -0.06859885]],

       [[-0.06396613,  0.0517356 , -0.06473623,  0.04608245, -0.07410016],
        [-0.00269513, -0.00215561,  0.05872834,  0.01565839,  0.06640952],
        [ 0.03789129, -0.01939723, -0.0338239 , -0.03443608,  0.01011099],
        [-0.01354963, -0.00567663,  0.04946286,  0.06022914,  0.01194586],
        [-0.06742512, -0.01112781, -0.04276754, -0.07201232,  0.07135063]],

       [[ 0.0320702 , -0.01379624, -0.00841487,  0.01868985, -0.05382085],
        [ 0.04614707, -0.02840897,  0.02697346,  0.03448906,  0.05279542],
        [-0.06823854,  0.01759305, -0.05135533,  0.04700234,  0.00325906],
        [-0.02398192,  0.04495062,  0.07473085,  0.00054486,  0.03425554],
        [ 0.06648767,  0.02493291,  0.07625436,  0.03998175,  0.0729384 ]],

       [[ 0.07739685,  0.00591327,  0.04695741, -0.02213934,  0.00962608],
        [ 0.00749375, -0.04499704, -0.0689672 , -0.04153332, -0.02610845],
        [-0.07023827, -0.03502562,  0.04999333, -0.04032247, -0.07587335],
        [ 0.02821898,  0.06678956,  0.01535961,  0.05837195,  0.02608433],
        [-0.06443754,  0.01196598, -0.0200498 , -0.04392765,  0.0248461 ]],

       [[ 0.03722784, -0.03103464,  0.00026922, -0.05934243,  0.03059686],
        [ 0.07474231,  0.00722972, -0.05443993, -0.01129925, -0.04087436],
        [-0.06851647, -0.04933263, -0.03088984, -0.0721543 , -0.05986913],
        [ 0.02148528,  0.0645576 , -0.00144411, -0.0630561 ,  0.03684549],
        [ 0.03607743, -0.02066691,  0.0552321 , -0.00976845,  0.04472489]]])][0.09881106468502868, 0.14867299139410037, 0.01858411347010075, 0.052225851756651176, 0.1437358971635416, -0.14796731139275118, -0.11156917363470065, -0.021128295919846857, 0.003754044386311786, 0.05664278593356879, 0.06493541636951895, -0.04611054579565284, -0.09444405504485567, 0.03961714360976419, 0.02243561134138873, 0.05399890112812497]
-----------------------------------------------
[[ 0.23675137 -0.17935904]
 [ 0.43067514  0.43767141]
 [-0.41477234  0.30338734]
 [-0.07377269 -0.17791681]
 [ 0.23867768 -0.09570751]
 [-0.41279716 -0.13930786]
 [-0.2661662  -0.11161689]
 [ 0.0540372   0.15206978]
 [ 0.29118493 -0.36781067]
 [-0.13054903  0.27380871]
 [-0.02364276  0.32736752]
 [ 0.07063665 -0.33098249]
 [-0.14328268 -0.20831591]
 [-0.06913889 -0.47317485]
 [ 0.26269642  0.01333597]
 [-0.12673177 -0.06255932]]
-----------------------------------------------
[[[[  9.02287729e-03   6.40312154e-03  -5.52149544e-03   1.31676564e-02
     -2.48700896e-02]
   [  8.83710430e-03  -7.52805441e-03   6.07347645e-03   2.16971117e-02
     -1.17758926e-02]
   [  2.51870851e-02   2.93274211e-02   9.76890060e-03  -2.61749698e-02
      1.37838562e-03]
   [  1.25120041e-02   2.96072902e-02  -1.28245417e-02   4.38479690e-03
     -1.89894888e-02]
   [ -2.80843354e-02  -1.87304873e-02  -1.04240904e-02  -9.81557396e-03
      2.92757667e-02]]

  [[ -7.28773100e-04   2.09235683e-02  -8.54029822e-03  -1.49758816e-02
     -2.75322743e-02]
   [ -2.48042390e-02  -4.27050744e-03   2.35178798e-02  -2.25951914e-02
     -7.54844745e-03]
   [ -7.70539826e-03  -2.57341166e-02   2.08462350e-02   1.89123401e-02
      7.19541798e-03]
   [  1.71112132e-02  -8.92114380e-03   2.36722787e-02   2.27785002e-02
     -1.59841919e-02]
   [ -1.46331666e-02   2.65790548e-02   2.63732747e-02   1.54713831e-02
     -2.24068053e-02]]

  [[  7.97331488e-03  -2.85795971e-03   2.79052469e-02  -1.69933263e-02
      1.95348740e-02]
   [ -2.46479012e-02   1.84878788e-02  -1.27348265e-02  -1.09734724e-02
      2.37665611e-02]
   [  1.09682611e-02   2.48607055e-02   1.62378590e-02  -2.50383313e-02
     -8.92793253e-03]
   [ -2.32227994e-02   2.75760921e-02  -2.18236557e-02  -1.29314684e-02
      5.75883539e-03]
   [  2.37226036e-02  -1.92867315e-02   2.47900800e-02   1.56407999e-02
      2.03261288e-02]]

  ..., 
  [[  8.79334299e-03  -6.09023780e-03   7.57029532e-03  -1.03068491e-03
      7.69634776e-03]
   [  9.33885141e-03  -1.56179060e-02  -1.45686305e-02  -2.29974797e-02
     -2.01635444e-02]
   [ -2.88950318e-02   5.89144109e-03   4.55998437e-03   2.72438379e-02
     -6.42511231e-03]
   [  1.54598155e-02  -7.21602547e-04   6.68164832e-03  -1.11906053e-02
     -1.23048624e-02]
   [  1.52871413e-02  -2.01472334e-02   3.72790824e-03   7.15948445e-03
      2.32908935e-02]]

  [[ -2.06410321e-02  -1.15501169e-02   3.81888318e-03  -2.68438898e-02
      6.52053695e-03]
   [ -5.91554544e-03   2.43708886e-02  -1.10938618e-02   1.08166927e-02
     -2.59417896e-02]
   [ -9.30476263e-03   1.47288178e-02   2.12863087e-02   1.22578256e-02
     -2.16916978e-02]
   [ -9.43445537e-04   9.19658631e-03  -1.07623285e-02   2.93336710e-02
     -2.67212416e-02]
   [  2.15091168e-02  -2.50191647e-02   1.57922575e-02  -2.88995400e-02
     -3.39036726e-03]]

  [[  1.99444691e-04   9.33773250e-03  -1.02366255e-02  -2.06545483e-02
      1.30709022e-02]
   [  2.82133809e-02   2.73215448e-02   1.91309865e-02   1.98042012e-03
     -2.24592834e-02]
   [ -1.53674291e-02   1.02846519e-02   1.46172945e-02   4.14457571e-03
     -2.62602689e-02]
   [  9.37956918e-03  -1.75773083e-02  -2.48740431e-02   2.70308545e-02
     -1.65598402e-02]
   [ -2.84877977e-02   1.34002616e-02  -1.64032865e-02   1.50891940e-02
      2.59840265e-02]]]


 [[[ -1.80518004e-02   2.20666333e-02  -2.52644087e-02   6.19373329e-03
     -1.33383181e-02]
   [  1.86434944e-02   9.94401768e-03  -2.93510861e-02  -2.27244840e-02
     -2.80135785e-02]
   [  2.87372914e-02  -2.31723455e-02   1.72643262e-02  -1.75544724e-02
      6.77593130e-03]
   [ -6.01227767e-03  -1.27540287e-02  -2.34936252e-02   1.88529764e-02
      1.22060521e-03]
   [ -2.19921021e-03  -1.06106883e-02  -2.29890788e-02  -1.02673002e-02
     -2.68124223e-02]]

  [[ -2.39735583e-02  -1.29517265e-03   1.51518174e-02   6.84503017e-03
      1.78570998e-02]
   [ -3.80072153e-04  -8.03367050e-03   2.55006208e-02   1.76120570e-02
      5.01523642e-03]
   [  2.41425845e-03  -1.98804504e-02  -1.26250358e-02  -6.08386764e-04
      2.00090898e-02]
   [  1.71610551e-03   1.18786094e-02   9.30778274e-03   1.24849737e-02
     -2.38534800e-02]
   [  1.44834947e-03   1.49125896e-02  -2.58116165e-02   9.12171567e-03
     -1.69990896e-02]]

  [[  5.77266794e-03  -1.61378295e-02  -1.74095067e-02   1.78894179e-02
      2.80497339e-03]
   [  1.41592306e-03  -2.01262548e-02   2.50251324e-02   1.46683362e-02
     -2.23090644e-02]
   [  7.08670186e-03  -1.56419757e-02  -4.31941482e-03   2.46360894e-02
      1.21183288e-02]
   [ -7.86752806e-03   6.49259572e-03  -7.53245025e-03   4.07880726e-03
     -1.80129022e-03]
   [ -2.28219111e-02  -1.13227341e-02   1.66210262e-02   2.46100148e-02
      2.54216752e-02]]

  ..., 
  [[ -2.86299301e-02  -2.31716140e-02  -1.89830831e-02  -2.19275335e-02
     -2.65935601e-02]
   [ -6.67245687e-04  -5.69071260e-03  -1.01882739e-02  -3.97306266e-03
      2.14346558e-02]
   [ -1.52049103e-02  -2.22334291e-02   5.92721205e-03   6.29066431e-03
     -5.35385331e-03]
   [ -1.68642016e-02   6.30938350e-03  -2.22255503e-02   1.20070943e-02
     -2.81635169e-02]
   [ -3.99975958e-03  -6.12773079e-03  -2.45239468e-02  -1.01107103e-03
      7.79314872e-03]]

  [[  2.46443099e-02   5.92872189e-03   1.78227984e-02   1.73981315e-03
      8.91485257e-04]
   [  8.36542989e-03  -2.77146774e-02  -2.89568540e-02  -1.70113024e-02
      2.20036849e-03]
   [ -1.31095933e-03   1.12080865e-02  -2.38553055e-02  -2.45991092e-02
      1.73933176e-02]
   [  2.75156026e-02  -1.18420840e-02   2.45411418e-02   2.31968385e-02
     -1.84621719e-02]
   [ -3.75334020e-03   1.70039788e-02   2.07775771e-03   1.13756865e-02
     -8.74000708e-04]]

  [[ -1.36388837e-02  -8.26365979e-03   1.81926097e-02  -9.99416058e-04
     -2.53670401e-02]
   [ -2.58399044e-02   1.82635075e-02  -2.25869210e-02   9.34860174e-03
      2.69367546e-02]
   [  2.49801131e-02   4.12024764e-04  -1.05930502e-02   5.35345264e-03
      4.05406617e-03]
   [ -3.32272904e-03   6.74185397e-03  -2.38036520e-03  -3.52191553e-03
      2.49816819e-02]
   [  1.01147837e-02   2.29501575e-02   7.13626199e-03  -7.69643464e-03
      1.68412583e-02]]]


 [[[  2.57580169e-02   2.76010209e-02  -1.60907288e-02  -1.42102086e-04
     -2.52737137e-03]
   [ -1.87299468e-03   2.96141795e-02   2.25763774e-02   3.28231925e-03
     -2.01700378e-02]
   [ -8.61753099e-03  -2.67696389e-02   9.50014737e-03   9.57986822e-03
     -1.37214218e-02]
   [  2.44517617e-02  -5.83544264e-03  -5.41012871e-03   1.03240409e-02
     -1.64453278e-02]
   [ -4.14191791e-03  -9.90582870e-03  -1.19173844e-02   6.45923297e-03
      1.04435768e-02]]

  [[  1.09287322e-02  -4.71675398e-03  -6.60056832e-04   2.26549372e-02
     -1.42951681e-02]
   [  8.39119616e-03  -2.97584080e-03   9.02966764e-03  -2.82962523e-02
     -7.54768934e-03]
   [  2.83823288e-02  -2.40174141e-02  -1.89777679e-02   2.87032745e-02
      2.51356829e-02]
   [ -2.19177356e-02  -6.87274225e-03   2.34099984e-02   1.98325423e-02
      1.97957176e-02]
   [  8.84239087e-03   2.08152639e-02  -4.26225866e-03   2.88980182e-02
      2.48658742e-02]]

  [[  7.09130444e-03  -3.42939757e-04  -2.07610280e-02   2.32357063e-02
      1.09879531e-02]
   [ -1.13183974e-02  -2.43650783e-03   1.27601415e-02   1.35646003e-04
     -1.90378565e-02]
   [ -1.53729869e-02   9.06302055e-03  -1.93355450e-02  -1.52023318e-02
      2.24887493e-02]
   [  1.19013205e-02   3.98420971e-03   2.61130050e-02   2.64027815e-02
      1.33147140e-02]
   [ -2.37172670e-02   1.11924119e-02   1.74539450e-02   2.50988223e-02
      1.78657708e-02]]

  ..., 
  [[  1.21845948e-02   1.84384690e-02   6.23572432e-03   2.12578701e-02
     -1.79553721e-02]
   [ -1.52500539e-02  -2.05149874e-02   1.65075701e-02  -1.07281864e-02
      7.84103221e-03]
   [  2.60193910e-02   1.32443616e-03  -5.03740991e-03  -2.13361672e-02
     -1.19560447e-02]
   [  1.99088161e-03  -2.30986313e-02  -1.75715202e-02   1.80131287e-02
      1.95198974e-02]
   [  3.55061613e-03   2.69052687e-02   1.69028383e-02   5.61658134e-03
      2.66286634e-02]]

  [[ -1.56433896e-02   9.47743475e-03   4.62975524e-03   4.96712958e-03
     -2.47685964e-02]
   [ -1.83176062e-02  -4.46624126e-03   2.02239543e-02   6.99681225e-03
      2.13742579e-02]
   [ -1.64398300e-02   1.08936715e-02  -1.19257819e-02   1.13165856e-02
      1.96313817e-02]
   [ -2.79345795e-02   1.81110055e-02   2.54044069e-04   1.98484732e-04
     -6.53806128e-03]
   [  9.42204235e-03   2.31594586e-02  -2.36104606e-02  -2.27360937e-02
     -2.57830978e-02]]

  [[ -5.04027466e-03  -2.85990784e-03   5.74505330e-03   2.72021698e-02
     -1.51303788e-03]
   [ -2.46771181e-02  -2.28499660e-02  -1.07680165e-02  -9.02510802e-03
      2.20240141e-02]
   [ -8.09487810e-03   1.16042087e-02   1.60590293e-02   1.54754778e-02
      2.21343997e-02]
   [ -1.14132028e-02   2.68665502e-02   2.64761313e-02   5.82142291e-03
     -1.07066557e-02]
   [ -1.31213883e-02   2.31001911e-02  -2.47823642e-02   8.55951247e-03
     -1.92462644e-02]]]


 ..., 
 [[[ -2.69657990e-02  -5.42072036e-03   1.73174643e-02   1.09655045e-02
     -2.70050502e-02]
   [  1.97695030e-02  -1.23169471e-02  -2.37516452e-02   1.66574388e-02
      2.94089506e-02]
   [  1.05892557e-02   1.50882304e-02  -2.50026176e-02   1.98717685e-02
     -6.75412284e-03]
   [ -3.73691644e-03   2.17327875e-02  -1.49712331e-02   1.69019895e-02
     -1.22925659e-02]
   [ -8.62107512e-04  -2.23732502e-02   2.85794112e-03   1.63374641e-02
     -2.28048668e-03]]

  [[  6.25904180e-03  -2.76020864e-03   2.42187486e-02   7.07556752e-03
     -2.73078389e-02]
   [  1.70269849e-02  -2.14545505e-02   2.10615944e-02  -2.86087794e-02
     -2.87922445e-02]
   [  1.18910198e-02  -3.29430805e-03  -2.26589542e-02   2.06102774e-02
      8.23938077e-03]
   [  5.10931613e-03  -1.90381931e-02   1.92036614e-02   2.29275393e-02
      1.21468709e-02]
   [ -2.08668224e-02  -1.50595080e-02   2.13741042e-03   1.60791154e-02
      6.93831284e-03]]

  [[ -1.39695498e-02  -6.39670177e-03   1.72682057e-02  -1.12808877e-02
      1.34532224e-02]
   [  2.62937575e-02  -2.02922316e-02   1.50397082e-02  -1.37938520e-02
      1.39300276e-02]
   [ -2.93260800e-02   1.66734394e-02  -1.61116163e-02  -1.27933970e-02
     -2.11457363e-02]
   [  9.85895816e-03   1.10343584e-03   1.98016306e-02  -1.42468624e-02
      2.73319411e-02]
   [ -1.37672290e-02   1.12530171e-02   2.14841071e-02  -1.64375491e-02
     -2.20292715e-02]]

  ..., 
  [[  4.92009284e-03  -2.34182399e-02  -2.42366391e-03   6.54845142e-03
     -1.30733373e-02]
   [ -2.07968048e-02  -2.37140140e-02  -2.35703753e-02  -1.97273080e-02
     -2.30985048e-02]
   [  8.90025390e-03   3.55692384e-03   2.74693566e-02   1.21334328e-02
      5.41155963e-03]
   [  2.11987522e-02   1.07713621e-02   5.81423099e-03   8.20443850e-03
     -1.75918443e-02]
   [ -8.99358461e-03  -1.51803523e-02   6.90205267e-03  -1.86808936e-02
     -2.35972613e-02]]

  [[ -1.58886887e-02  -8.46213043e-03   1.89089788e-02  -2.20808714e-02
      1.77157334e-02]
   [ -2.51419318e-03   9.04662128e-03  -1.65550692e-02  -1.90668170e-02
     -2.31569514e-03]
   [ -9.99219287e-03  -1.84081456e-02   2.40038368e-02  -7.37866665e-03
     -1.52970272e-02]
   [  1.97612687e-02   9.79956257e-04  -1.47591839e-02   1.82115650e-02
     -6.74060080e-03]
   [  9.97000749e-03   1.99555339e-02  -2.65200300e-02   7.65609041e-03
     -1.33412738e-02]]

  [[  2.14238791e-02  -2.72014481e-02  -1.60020189e-03  -1.58323757e-02
     -2.10004230e-02]
   [  6.27254427e-03  -2.42326265e-02   7.05930703e-03  -2.53046370e-02
     -2.06196445e-02]
   [ -2.40357638e-02   2.58658751e-02   1.36857093e-02   2.01544760e-02
     -1.42942007e-02]
   [ -2.84037742e-02   2.57361462e-02  -2.86521866e-02   1.02431992e-02
      4.88107113e-03]
   [ -2.58568306e-02   1.42558476e-03   1.27103250e-02   1.81711563e-02
      2.54437014e-02]]]


 [[[ -2.86416409e-02   2.27323468e-02   2.69953148e-02   1.39506555e-02
      2.65744043e-02]
   [ -1.91709773e-02   1.90439008e-03  -2.21172099e-02  -1.35578213e-02
      1.28970198e-02]
   [  2.26553888e-02  -7.67576891e-03   1.28694613e-02  -1.63472496e-03
      1.27813350e-02]
   [ -1.56155380e-02  -6.40547982e-03  -1.44368723e-02  -1.05050577e-02
     -1.68839057e-03]
   [  1.70718168e-02   2.63058633e-02  -1.99735714e-03  -1.48495273e-02
     -2.29441679e-02]]

  [[ -1.30817876e-02  -1.96820511e-02   1.43374436e-02  -2.30890086e-02
     -1.07311421e-02]
   [  2.20992524e-02   2.92418838e-02   1.51623165e-02   1.01434329e-03
     -4.65793818e-03]
   [ -1.49863219e-02   1.83716460e-02  -9.30330190e-03   1.59459901e-02
     -1.13792139e-02]
   [ -2.60446004e-02  -2.13421948e-02   2.37274312e-02   2.19637772e-02
     -2.04499547e-02]
   [  2.33481017e-02  -8.88349859e-03  -2.51826600e-02   4.50116294e-04
      1.85858205e-02]]

  [[  9.33446848e-03   2.76606971e-02   5.13808886e-04   2.65866244e-02
     -2.16538870e-02]
   [  6.45797644e-05   2.75427681e-02   2.97299619e-03   1.04361561e-02
     -1.52012591e-02]
   [  1.67205363e-02   8.06120732e-03  -1.46692356e-02   4.04594109e-03
     -2.69540565e-02]
   [  2.87024658e-02  -8.02772751e-03   1.98782218e-02  -1.37131193e-02
     -2.48667496e-02]
   [  1.72124661e-02  -1.84412599e-02   2.91563656e-02  -4.72167013e-03
     -6.49008440e-03]]

  ..., 
  [[ -4.55707813e-03   3.37701300e-03   5.50037256e-03  -1.70734306e-02
     -9.40485229e-03]
   [ -6.46219393e-03   2.58142184e-02   8.87667402e-03   2.52256079e-03
     -2.90368361e-02]
   [ -2.09437836e-02  -1.61968639e-02  -1.89620336e-02  -1.37121612e-02
      2.32282098e-02]
   [ -2.07889060e-02   7.38736873e-03  -1.62433683e-02  -2.19607925e-02
     -2.44023893e-02]
   [ -7.68975659e-03   2.88007046e-03  -2.13904024e-02  -7.87606194e-03
     -2.07089753e-02]]

  [[ -1.80720107e-02  -1.31663824e-02   1.77346948e-02   5.87714295e-03
     -4.15037319e-03]
   [  2.44328426e-02   8.18038075e-03   2.28847415e-02   8.70807681e-03
      9.63582826e-03]
   [  9.51394721e-03  -6.95420719e-03  -7.23410143e-03  -8.65864704e-03
     -8.76836813e-03]
   [  1.30446066e-02   1.11354184e-02  -1.76784657e-02   2.87700428e-02
      2.35916640e-02]
   [ -2.63193224e-02  -8.54874234e-03  -5.08244491e-03  -7.29274145e-03
     -2.69956831e-02]]

  [[ -2.05637896e-02  -2.11703802e-03  -2.35630494e-02  -1.99776630e-02
      2.80203220e-03]
   [  2.78871556e-02   1.65434936e-02   7.86942968e-03  -2.43515756e-02
     -6.24912313e-03]
   [  1.03827631e-02   7.12186708e-03   1.34462664e-02   2.55996420e-02
      2.62531798e-02]
   [ -8.58782992e-03  -2.06335073e-02  -8.19336409e-03  -2.45451156e-02
     -1.66452373e-03]
   [  1.79841244e-02  -2.63971518e-02  -1.93390934e-02   1.33498756e-02
      6.72955474e-03]]]


 [[[  1.53133517e-02   2.24288485e-02  -8.60215719e-03  -1.51186231e-02
      1.89404485e-02]
   [  1.90533003e-02  -2.46195290e-02  -2.69387779e-02   1.51806517e-02
      6.06169862e-03]
   [ -8.90231698e-03  -2.29658183e-02  -1.65389397e-02  -2.22863189e-02
     -9.48188583e-03]
   [ -2.76777464e-02   1.97769491e-02  -4.04688650e-03  -1.56500704e-02
      3.39355661e-03]
   [  2.52122779e-03  -2.00741784e-02  -1.93096413e-02   8.56743106e-03
     -2.90980813e-02]]

  [[ -1.80960858e-02   1.45977445e-02   9.67440423e-03   3.20293709e-03
     -2.37543734e-02]
   [  1.18257783e-02   1.33059397e-02   2.43389622e-02  -1.79367690e-02
     -9.12143722e-03]
   [  2.97826068e-03   1.13957140e-02   2.06267110e-02  -4.17620483e-03
     -2.25172615e-03]
   [  2.83263581e-02   2.08965959e-02  -2.51662596e-02   5.73735101e-03
     -1.12485096e-02]
   [  2.44786534e-02   1.62601884e-02   2.16445488e-02   2.23334659e-02
      2.38615173e-02]]

  [[ -2.27551485e-02   1.45785427e-02  -6.09379182e-03  -6.56130233e-03
     -2.34035166e-02]
   [ -1.69873415e-02   6.68969870e-03  -1.74164072e-02  -7.15970633e-03
      2.07682416e-02]
   [ -2.30147735e-02  -2.42391662e-02   2.03263671e-02  -4.95129489e-03
     -5.83332429e-03]
   [  9.71720904e-04  -2.17455240e-02   2.65448524e-03  -1.02698722e-02
     -2.07105218e-02]
   [ -6.10477661e-03  -4.47681205e-03   1.16781388e-02   4.28789946e-03
      1.19429408e-02]]

  ..., 
  [[ -2.45525238e-02   4.98280961e-05  -1.48288603e-02  -1.53937853e-02
      2.07712567e-02]
   [ -1.70404870e-02   2.90971026e-02   1.59208370e-02  -2.95145932e-02
      2.49615423e-02]
   [  6.60819288e-03  -2.04503193e-02   8.58185847e-03   2.90696973e-02
      2.06274772e-02]
   [  1.31248002e-02   1.76506723e-02  -1.45304870e-02  -2.62569170e-02
     -2.40003578e-04]
   [  1.23651752e-02  -8.76387721e-03   1.96975820e-02  -3.64945175e-03
     -2.33281337e-02]]

  [[  2.38505713e-02  -8.11848032e-04  -1.37407100e-02  -2.18378741e-02
      1.50256461e-02]
   [ -1.41825915e-02   2.83113835e-02   2.31990784e-02   1.49883921e-02
     -1.98464324e-02]
   [ -1.18350417e-02  -6.60017584e-03   4.96123109e-03   1.14440642e-02
     -2.06665930e-02]
   [  3.05386276e-03  -2.32500310e-02  -2.48175908e-02  -4.52105292e-03
     -2.89746499e-02]
   [ -1.45494008e-02   1.81466109e-02   1.52981690e-02   2.93104706e-02
      7.06693571e-03]]

  [[  7.43878161e-03   8.09767714e-03   1.59692564e-02   1.48942647e-02
     -6.82598784e-04]
   [  9.79151759e-03   5.56733936e-03   2.26831937e-02  -1.75582223e-02
     -7.02103718e-03]
   [ -2.55543616e-02  -2.76716119e-02   2.71155054e-02  -1.28311304e-02
      1.86349375e-02]
   [ -2.08228277e-02   2.12546990e-02  -2.60974746e-02   5.82286152e-03
      1.04967435e-02]
   [ -2.26172115e-02  -5.19001333e-03   8.84020445e-03   1.92482249e-03
      1.71946797e-02]]]][-0.015195100429434514, -0.004193380607467344, 0.0009520778207598828, -0.006171124764811017, 0.025345835191440947, -0.022344036437156004, -0.02650684500375267, 0.020355911762933446, -0.027489921694417864, 0.014340060537988811, -0.0033354639111936243, 0.009603693207697005, -0.015279688615676756, -0.006961436100312225, 0.015819800090607242, 0.0030311528241642564, -0.00358358107943468, 0.019281843175508375, 0.017538421215754375, 0.004572245903852735, 0.012223626498438913, 0.02924779460500738, -0.018883582294586393, -0.014330702880190518, -0.017491555646555572, 0.01862550994012958, -0.007635952339992903, -0.01820346988582751, 0.002939322216950816, 0.021213578256415944, 0.02926262242140752, -0.01739150195555315, 0.025536021445577203, -0.02955349643329932, -0.02775225278035903, -0.004056543761199419, 0.0049967817842300095, -0.004019182765954553, -0.0012041929794406776, 0.014843582295192576, 0.023390440867455415, 0.0006658846829273139, -0.018596919381454788, -0.019663000685157164, -0.01645551206473541, -0.023440952083088287, -0.025918407418717444, -0.01657679475970922, -0.010574426014836075, -0.014137957380579365, 0.018292502839275988, -0.002766342718891125, 0.005595689594368295, 0.008553825379377333, 0.012150137533940421, -0.02151894686099958, -0.005051035080942418, -0.017838754598807655, 0.022474567399370562, -0.026172922411227116, -0.02324309530713866, -0.017045102869630784, -0.02872443437700207, 0.015651170930859017, -0.004334082425968715, 0.006755071612814013, -0.028415122387294905, -0.0035794845174336384, 0.021930251510824127, -0.006860512260271914, 0.0031816934258811873, -0.025416273385024724, 0.02687781701444116, 0.01547110468898914, 0.011804189969421505, 0.013072289183708136, 0.02027373146876207, -0.004541931096311947, 0.017943647843725704, 0.004351353561193653, 0.014466543016904702, 0.004652453406995851, 0.011486997679096684, 0.027929676845223832, 0.013008310991974342, -0.0017583856186888028, 0.026331111163960644, -0.019805445946197105, -0.021753562030207972, -0.015651784365175517, -0.009513950426339506, -0.007663225853098629, 0.024973591705004603, -0.013242737090494859, -0.006210748993618377, 0.018149475927659652, 0.011641299997024537, -0.001088546824005162, -0.008863885983762233, 0.01752609549091291, -0.028967967687283356, 0.004287667318058772, -0.02691811282905702, -0.006121537564738298, 0.027244084093803685, 0.014930381887321226, 0.017789861041439304, 0.0015705472882288907, -0.026271038002752208, -0.014938836175789323, 0.011225650829960934, -0.014350160054338213, -0.007457702854401758, -0.024754184250109217, 0.026944474076346345, 0.0068221024362355755, 0.014368844193429407, -0.027096436778549754, 0.0053138268564986955, -0.016118952070791257]
-----------------------------------------------
[[ 0.00153923  0.01831427 -0.0118583  ..., -0.01523345  0.00508831
  -0.00451172]
 [ 0.00501557 -0.00579579  0.01028417 ...,  0.00325223  0.01337544
   0.00789547]
 [ 0.01478894 -0.01172098  0.01849607 ...,  0.00416247  0.01810632
   0.01719414]
 ..., 
 [-0.00604976  0.00450783  0.00312531 ..., -0.00261111 -0.00049778
  -0.01219514]
 [-0.00949734 -0.01836026 -0.00470561 ...,  0.00171472 -0.00148656
   0.01185606]
 [ 0.0029115   0.00222851 -0.01449174 ..., -0.01464259 -0.01866179
   0.00047057]][ 0.01270459  0.01520271 -0.01486979 -0.01793282 -0.00954636 -0.00937527
 -0.01418314  0.00506615 -0.01309837  0.00992305  0.01928047  0.00482465
 -0.01137872 -0.00179805  0.01505074  0.00084039  0.01546335  0.01178844
 -0.00332261  0.01866468 -0.00866963 -0.0046772  -0.01732239 -0.0141997
 -0.01956631 -0.01284958 -0.00012383  0.01343222 -0.00097516 -0.01738563
 -0.01308122  0.00578896  0.00962965  0.0193641  -0.01034029 -0.00048452
 -0.01287611 -0.01540367  0.01421213  0.00071122 -0.0137396  -0.00851524
 -0.00462475 -0.00339539  0.01723409 -0.01415628  0.01713669 -0.01905486
 -0.00560825  0.00161723  0.01914934 -0.01674358  0.00321333 -0.01486826
 -0.01401996 -0.00494802 -0.01480675 -0.00816087 -0.015503    0.00987256
  0.01624648  0.01909284  0.01811514 -0.0002328  -0.00207007  0.00440352
 -0.00648262  0.01503549 -0.00010904  0.01283008 -0.00531692  0.0131293
  0.00839696  0.00838124 -0.00162663 -0.01361128  0.00672213 -0.00737056
 -0.00153125 -0.01565876  0.01572556  0.01635968  0.01841928  0.01110403]
-----------------------------------------------
[[ 1.  1.  1.  1.  1. -1.  1.  1. -1.  1. -1.  1.  1.  1.  1. -1.  1.  1.
   1.  1. -1. -1. -1.  1.  1.  1.  1.  1.  1. -1.  1. -1.  1.  1.  1.  1.
  -1. -1. -1. -1.  1.  1.  1. -1. -1. -1. -1. -1. -1.  1.  1. -1.  1. -1.
  -1.  1. -1. -1. -1. -1. -1. -1.  1.  1. -1.  1. -1. -1.  1. -1. -1. -1.
  -1.  1.  1.  1.  1. -1.  1. -1. -1.  1. -1.  1.]
 [-1. -1.  1.  1.  1.  1. -1. -1.  1.  1. -1. -1. -1.  1.  1.  1.  1.  1.
  -1. -1.  1.  1.  1.  1.  1. -1. -1. -1. -1.  1. -1.  1.  1.  1. -1. -1.
   1. -1.  1. -1. -1.  1. -1. -1.  1.  1.  1.  1.  1.  1. -1.  1.  1.  1.
  -1. -1.  1. -1. -1.  1.  1. -1.  1. -1. -1. -1.  1.  1.  1. -1.  1.  1.
   1. -1.  1.  1. -1.  1. -1. -1.  1.  1.  1.  1.]
 [ 1.  1.  1. -1. -1. -1. -1. -1.  1.  1. -1.  1. -1. -1. -1. -1. -1. -1.
  -1.  1.  1. -1.  1.  1.  1. -1.  1. -1.  1. -1.  1.  1.  1.  1.  1.  1.
   1. -1. -1.  1. -1.  1. -1. -1.  1.  1.  1.  1. -1. -1.  1.  1. -1.  1.
  -1. -1.  1.  1.  1. -1.  1.  1.  1. -1.  1.  1.  1. -1.  1.  1.  1.  1.
  -1. -1. -1. -1. -1. -1. -1. -1. -1. -1. -1. -1.]
 [ 1.  1.  1.  1. -1. -1. -1.  1.  1. -1. -1. -1. -1. -1. -1.  1.  1.  1.
   1.  1.  1. -1. -1.  1. -1. -1.  1.  1.  1. -1.  1.  1.  1. -1. -1.  1.
   1. -1. -1.  1. -1. -1. -1. -1. -1.  1.  1. -1.  1.  1. -1. -1.  1. -1.
   1. -1.  1.  1.  1. -1. -1.  1.  1. -1.  1. -1.  1. -1. -1.  1. -1. -1.
   1.  1. -1. -1. -1.  1.  1. -1. -1.  1. -1. -1.]
 [-1. -1. -1.  1.  1.  1. -1.  1. -1. -1.  1. -1. -1. -1. -1.  1. -1. -1.
  -1. -1.  1.  1. -1.  1.  1.  1.  1.  1. -1.  1.  1.  1.  1. -1.  1.  1.
  -1.  1.  1. -1.  1. -1.  1. -1. -1. -1.  1. -1. -1.  1.  1.  1.  1.  1.
   1.  1.  1.  1.  1. -1. -1.  1. -1.  1.  1. -1. -1.  1.  1.  1. -1.  1.
  -1.  1.  1. -1.  1. -1. -1.  1. -1. -1.  1. -1.]
 [-1.  1.  1. -1. -1. -1.  1. -1. -1. -1. -1. -1.  1.  1.  1.  1.  1. -1.
   1.  1. -1. -1. -1. -1. -1.  1.  1. -1.  1.  1. -1. -1.  1. -1.  1. -1.
   1.  1.  1.  1.  1.  1. -1.  1.  1.  1. -1.  1. -1. -1.  1.  1. -1. -1.
   1. -1.  1.  1.  1. -1. -1. -1.  1.  1.  1.  1.  1.  1.  1.  1.  1.  1.
   1. -1.  1.  1. -1.  1. -1. -1. -1. -1. -1.  1.]
 [ 1.  1.  1.  1. -1. -1.  1. -1.  1.  1.  1.  1.  1. -1.  1. -1.  1. -1.
   1. -1.  1. -1. -1. -1.  1. -1. -1. -1. -1. -1.  1.  1. -1. -1. -1. -1.
  -1. -1.  1. -1. -1. -1. -1. -1.  1. -1.  1.  1.  1. -1.  1.  1. -1. -1.
   1.  1. -1.  1. -1.  1.  1. -1. -1. -1. -1. -1. -1. -1.  1.  1. -1. -1.
  -1. -1.  1.  1.  1. -1.  1.  1. -1. -1.  1.  1.]
 [ 1. -1.  1.  1. -1. -1. -1. -1.  1.  1.  1. -1. -1. -1.  1.  1. -1.  1.
   1. -1. -1.  1. -1.  1.  1. -1. -1. -1. -1.  1. -1.  1.  1. -1. -1. -1.
   1. -1. -1.  1. -1. -1.  1.  1.  1.  1. -1. -1.  1. -1.  1.  1.  1.  1.
  -1.  1. -1.  1. -1. -1.  1. -1. -1.  1.  1. -1. -1.  1.  1. -1.  1. -1.
   1. -1. -1.  1. -1.  1. -1. -1. -1. -1.  1. -1.]
 [-1.  1. -1.  1.  1. -1.  1.  1. -1.  1. -1.  1.  1.  1.  1.  1. -1.  1.
   1.  1.  1. -1. -1.  1. -1. -1.  1. -1.  1. -1.  1.  1.  1. -1.  1. -1.
  -1. -1.  1. -1. -1.  1. -1. -1. -1.  1.  1. -1.  1. -1. -1. -1. -1. -1.
   1.  1. -1.  1. -1.  1. -1. -1. -1. -1. -1.  1. -1.  1.  1.  1. -1.  1.
   1. -1.  1.  1. -1.  1. -1. -1. -1. -1. -1. -1.]
 [-1. -1. -1. -1.  1.  1.  1. -1.  1.  1.  1. -1. -1.  1. -1. -1. -1.  1.
  -1. -1. -1. -1.  1.  1.  1.  1.  1.  1.  1.  1. -1.  1. -1. -1. -1. -1.
   1.  1. -1.  1. -1. -1.  1.  1.  1. -1.  1. -1.  1. -1.  1. -1.  1.  1.
   1.  1. -1. -1. -1.  1. -1. -1. -1. -1.  1. -1.  1.  1.  1. -1.  1.  1.
  -1. -1.  1.  1. -1. -1.  1.  1.  1. -1.  1. -1.]]
-----------------------------------------------
