[[[[ 1.32641280e-01 -3.35178958e-01 -3.84399380e-01 -4.87153079e-02
     8.61466575e-03]
   [-2.86734612e-01 -2.65438030e-01  2.99193175e-01  2.28929531e-01
    -4.44367486e-02]
   [ 3.89613145e-01  5.84210165e-02 -2.47106089e-01 -2.72522762e-01
    -2.64020141e-01]
   [ 3.62577018e-01  3.22703675e-02  1.77083516e-01 -1.93956124e-01
     4.55022356e-02]
   [-3.55350478e-01  1.82288940e-01 -1.56315010e-01  3.89760602e-01
    -5.92066587e-02]]]


 [[[ 3.28344477e-01 -3.88769898e-01  2.39646695e-01 -1.45694152e-01
     3.74065018e-01]
   [-7.51647928e-02  3.76837270e-01 -1.12092321e-01  2.81232630e-01
     4.87357374e-03]
   [ 1.46131517e-02  3.08025190e-04 -3.18607279e-01 -3.46538055e-01
     3.23530588e-01]
   [-2.40261130e-01  1.86227365e-01 -2.45780132e-01  2.04357970e-01
     1.36194880e-01]
   [ 2.24313444e-01  2.23812921e-01  2.26833136e-02  2.86431678e-02
     2.91783146e-01]]]


 [[[ 2.68910271e-02  1.96208595e-01 -1.56212002e-01 -5.64968320e-02
    -9.12978069e-02]
   [-1.82918932e-01  1.85167009e-01 -6.99538788e-02 -1.21419972e-02
    -2.76142082e-01]
   [ 3.90803909e-01 -1.01225505e-01 -2.76381237e-01 -9.73763422e-04
     1.31752936e-01]
   [ 3.05717312e-02  3.19364517e-01 -1.45555503e-01 -1.68905849e-01
     3.12750437e-01]
   [-2.98922655e-01  3.95988620e-01 -7.57514050e-03 -3.96540993e-01
     3.55008867e-01]]]


 [[[-8.63497781e-02  3.12123761e-01  3.09135224e-02 -2.09890899e-01
    -3.74426624e-01]
   [-3.42430044e-01 -3.86076608e-01 -1.85316095e-01  1.23867195e-01
    -2.44797283e-01]
   [ 2.87432743e-01  2.10698668e-01  2.48282591e-02  1.68340905e-01
    -5.64517923e-02]
   [ 8.67108667e-02 -7.68916337e-02 -2.83398581e-01 -3.25950489e-01
     1.77749749e-01]
   [-3.73189819e-01 -9.34859328e-02 -3.18844756e-01 -2.95147466e-01
    -2.05798863e-02]]]


 [[[-2.52161657e-01  1.68784647e-01 -2.35453121e-01 -2.70799738e-02
    -3.23619990e-01]
   [ 3.99336171e-02 -4.46054570e-02  2.66492901e-01  1.05984093e-01
     1.85288662e-01]
   [ 1.63174949e-01  3.43677148e-01 -3.07484102e-01  6.40411557e-02
    -2.41308299e-01]
   [-7.43628794e-02 -1.47987392e-01  2.76562831e-02 -2.62802283e-01
     1.06461482e-01]
   [ 2.15194274e-02 -3.70177449e-01 -1.90725523e-01  1.26831563e-01
    -1.71420546e-01]]]


 [[[-2.52870911e-01  3.90395534e-01 -3.16654762e-02  6.98399057e-02
    -3.59109767e-01]
   [ 2.95326589e-01 -3.59747633e-01  2.83100929e-02 -1.91767486e-01
    -2.49477911e-01]
   [-2.51426302e-01 -2.23073923e-01  2.69471777e-01  1.34645351e-01
    -2.46327934e-01]
   [ 3.67103682e-01  1.24131021e-01 -1.09861081e-01 -3.52633777e-01
    -4.27404591e-02]
   [ 3.22693223e-01 -2.38821013e-02 -6.81782042e-02  1.27227086e-01
     3.30367473e-02]]]][-0.2204457515101551, -0.20465179013291931, 0.004689457790285068, -0.3861152820397076, -0.1321794766415701, -0.05070342034069031]
-----------------------------------------------
[[-0.02991851  0.11110594]
 [ 0.33352142  0.065595  ]
 [-0.47029041 -0.2162405 ]
 [ 0.45234296 -0.33004343]
 [ 0.21783917 -0.37053644]
 [-0.41138761 -0.36078363]]
-----------------------------------------------
[array([[[-0.11729331,  0.0532186 ,  0.14677454, -0.11360115,
          0.05715691],
        [-0.10148751,  0.00498221,  0.03852449, -0.05886061,
         -0.06164546],
        [ 0.01653351, -0.14145398, -0.08539764,  0.13130947,
         -0.07197987],
        [-0.00147836,  0.11872002, -0.02026802, -0.02161722,
          0.12506442],
        [ 0.09011428, -0.04067498,  0.04806282, -0.08866741,
         -0.09213733]],

       [[-0.03400764,  0.06554788,  0.02085925,  0.08466331,
          0.06941103],
        [-0.03006646,  0.09235783, -0.07203314, -0.14932405,
         -0.10235972],
        [ 0.09192629, -0.01308798,  0.07471639,  0.04978079,
          0.11355521],
        [ 0.01942672,  0.0144393 ,  0.08746955, -0.08921695,
          0.05863865],
        [-0.01486692, -0.11171415, -0.07968534, -0.12374474,
          0.12034276]],

       [[-0.01730944,  0.01947492,  0.08339349,  0.00841708,
          0.04781467],
        [ 0.11797618,  0.14370008, -0.03956551, -0.04597354,
          0.07566522],
        [ 0.08642466, -0.01607249, -0.01926367,  0.01407007,
         -0.04167708],
        [-0.1141675 ,  0.10590412,  0.10413603,  0.11002234,
         -0.02676233],
        [-0.03110975,  0.04605183, -0.01950518,  0.09544335,
         -0.14575715]]])
 array([[[ 1.21988865e-01,  8.77551911e-03, -1.32347055e-01,
         -6.64836788e-02, -4.34192956e-02],
        [ 2.09692127e-03, -4.92373262e-02,  1.30596858e-02,
          7.63251743e-02, -1.43490378e-01],
        [ 1.25395220e-02, -8.28492256e-02,  1.05629006e-01,
          1.21481813e-01, -7.19425331e-02],
        [ 6.75837915e-02, -1.01036215e-01, -1.08143578e-01,
          7.36209529e-02,  7.24548005e-02],
        [ 8.82028412e-03, -5.81669503e-02, -1.02311721e-01,
          5.67810770e-02, -2.37392235e-02]],

       [[-1.10866788e-01,  1.39965069e-01,  1.72092571e-02,
         -3.12555341e-02, -4.53018282e-03],
        [ 1.11980634e-01,  9.24936588e-02,  1.35850750e-01,
          1.49414914e-01,  6.86418164e-02],
        [-1.23396379e-01,  1.36374984e-01, -4.91712990e-02,
          5.35948331e-02,  2.85663976e-02],
        [ 1.11208982e-01,  2.71205589e-02,  1.19336003e-01,
         -1.45872445e-02,  1.48986652e-01],
        [ 5.89110402e-03,  7.75755525e-02, -1.36554592e-01,
         -1.08271354e-01, -3.48664029e-02]],

       [[ 1.08884819e-01, -2.48118986e-02, -3.70597792e-02,
         -8.13165586e-02, -4.86343051e-02],
        [-6.54754759e-02,  1.08519694e-01, -1.40739489e-01,
          9.57716504e-02, -1.10719283e-01],
        [-5.85485691e-02,  1.22598173e-01,  9.09560388e-03,
         -2.52895695e-02, -1.04455573e-02],
        [ 8.93280822e-02, -3.00478538e-02, -1.10195005e-01,
          1.41468791e-01,  4.08532857e-02],
        [-4.31017384e-05,  1.69676665e-02, -2.69448870e-02,
          8.89627447e-02,  1.27164638e-01]]])
 array([[[ 0.04175422,  0.07271497, -0.03636493,  0.05040451,
          0.01154559],
        [ 0.1417523 , -0.08682412,  0.04976918, -0.13803657,
          0.08475896],
        [ 0.11330849, -0.08206734,  0.07184292,  0.12949783,
         -0.07571014],
        [ 0.02480176, -0.11887291, -0.08197669, -0.07004015,
         -0.0259913 ],
        [-0.04906601, -0.10106652, -0.00779354, -0.0635055 ,
         -0.04543646]],

       [[ 0.062732  ,  0.07965727,  0.01724081, -0.0972688 ,
         -0.10171686],
        [ 0.05680576,  0.0822586 , -0.03166706, -0.01972167,
          0.14973657],
        [ 0.14548865,  0.05065133, -0.07999094,  0.1136196 ,
          0.06443782],
        [ 0.13198691, -0.08879202,  0.11964765,  0.01496167,
          0.02639555],
        [-0.0736343 , -0.01665101,  0.02667899, -0.12049596,
         -0.10401043]],

       [[ 0.05484762,  0.0230447 , -0.06383619, -0.07804297,
          0.05410845],
        [-0.13145432, -0.02941022,  0.12993822, -0.14103092,
         -0.1256787 ],
        [-0.11669481,  0.06459243,  0.01245925, -0.02776842,
         -0.1404675 ],
        [ 0.05701804, -0.03549449,  0.05509761, -0.14791533,
         -0.02857133],
        [ 0.00437457, -0.11280118,  0.07552699, -0.06500471,
          0.13679613]]])
 array([[[ 0.02780249,  0.10787989,  0.06236937, -0.03024712,
          0.10727159],
        [ 0.03675914,  0.09650162, -0.00643801, -0.14183723,
         -0.09989535],
        [-0.00221645, -0.02936767,  0.13702708, -0.10654187,
         -0.13419474],
        [ 0.10865614, -0.03631865,  0.0952831 ,  0.14542228,
         -0.02800644],
        [-0.08086511, -0.0103004 , -0.07709571, -0.01462849,
         -0.04829214]],

       [[ 0.10800794,  0.0517306 ,  0.03803923,  0.00626945,
         -0.02026235],
        [ 0.13541125,  0.10371383,  0.0656781 , -0.08118951,
          0.1008762 ],
        [-0.03348091, -0.13262756,  0.10229746, -0.03592889,
          0.02578377],
        [-0.03857294,  0.1438856 ,  0.09524225, -0.14798074,
          0.01509567],
        [-0.12515625,  0.12625244, -0.05531314,  0.14622719,
          0.08908457]],

       [[-0.10442538,  0.11426734, -0.01833267,  0.08886475,
          0.05727244],
        [ 0.11560943, -0.10327625,  0.05465135,  0.03255978,
          0.09503952],
        [ 0.02800838, -0.0469661 , -0.10202868, -0.0157352 ,
         -0.13110703],
        [ 0.13707617,  0.09588204,  0.09739417, -0.08016501,
          0.07554145],
        [-0.1439345 , -0.02512336,  0.01045516,  0.12029951,
         -0.01760348]]])
 array([[[ 0.00743429, -0.01463136, -0.00082383, -0.01934923,
         -0.09512774],
        [ 0.13128334, -0.07781528, -0.08105989,  0.08129435,
         -0.13507027],
        [ 0.00065376, -0.07719356,  0.03672305,  0.03958111,
         -0.08108334],
        [ 0.14672742,  0.08363288, -0.0959998 , -0.10239353,
          0.05477893],
        [ 0.111671  ,  0.14440001,  0.0982104 , -0.02612263,
         -0.10248438]],

       [[ 0.10718328,  0.08372521, -0.01264854, -0.14948005,
         -0.08369485],
        [-0.08620622, -0.14810135, -0.0306067 ,  0.01679271,
         -0.11420983],
        [-0.14788622,  0.13711377,  0.01763509,  0.06120681,
         -0.11086027],
        [-0.04796624, -0.11782322, -0.06100158, -0.09385694,
         -0.05884256],
        [ 0.00297276, -0.07410273,  0.09129734, -0.00238516,
          0.01020667]],

       [[-0.03476298, -0.00406388, -0.07425755, -0.09238118,
          0.12820201],
        [ 0.08087495,  0.05595396,  0.02314723,  0.07019734,
         -0.14649174],
        [-0.1212659 ,  0.04881599,  0.02545198,  0.06339487,
         -0.00783965],
        [ 0.0711753 , -0.0898449 , -0.08722359,  0.09612547,
         -0.1017689 ],
        [ 0.124306  ,  0.02996107,  0.08971434,  0.02116203,
          0.12666696]]])
 array([[[ 0.12260916, -0.0816846 ,  0.14766719, -0.13086898,
          0.0317371 ],
        [-0.08755509, -0.10686631,  0.02024576, -0.02825547,
         -0.12814867],
        [-0.05726335, -0.10010661,  0.10899684, -0.13032482,
         -0.08320395],
        [ 0.11041155, -0.02958691,  0.05889684,  0.0383165 ,
          0.0502827 ],
        [ 0.09017718, -0.14292014,  0.05174218,  0.017782  ,
          0.08652967]],

       [[-0.01365764,  0.04421621,  0.00464834,  0.1343541 ,
          0.08466328],
        [ 0.10360988,  0.02117719, -0.09135774, -0.00063976,
          0.0370572 ],
        [-0.08494228,  0.00586044, -0.05865131,  0.02445977,
         -0.07927283],
        [-0.04012136,  0.02495419,  0.14802588,  0.09216626,
         -0.11398123],
        [-0.01869594,  0.06883897,  0.02172365, -0.03852582,
         -0.03685701]],

       [[-0.0113117 ,  0.05074193, -0.06674622, -0.09425588,
          0.13437363],
        [ 0.1484456 ,  0.03438998,  0.13676642,  0.02810891,
         -0.00567097],
        [-0.05705904,  0.04432278, -0.08227774, -0.08402559,
          0.0289376 ],
        [-0.00386418, -0.05492812, -0.04855728, -0.07092958,
         -0.12256916],
        [ 0.09360434,  0.09393708,  0.00030072,  0.14445012,
         -0.02253769]]])
 array([[[-0.10728892, -0.03631005, -0.01302946, -0.03709091,
          0.02987013],
        [ 0.00126519,  0.09599971,  0.07720905,  0.0510999 ,
         -0.00344286],
        [-0.0418833 ,  0.00277373,  0.03593499,  0.0861111 ,
         -0.08081523],
        [ 0.05386986, -0.01195162, -0.11403592, -0.05377711,
          0.07897832],
        [ 0.11402304,  0.03319334, -0.06657237,  0.04850094,
          0.08499104]],

       [[-0.02055793, -0.01288613,  0.007856  ,  0.05418731,
         -0.11305984],
        [ 0.0115805 ,  0.0338316 ,  0.02996601, -0.03967559,
         -0.06893765],
        [-0.09638642,  0.10194779, -0.09846176, -0.09076007,
         -0.08452091],
        [ 0.02903256, -0.0889319 ,  0.06374603, -0.00512848,
         -0.08774535],
        [-0.00776709,  0.06691612,  0.06642575,  0.05448015,
         -0.02686761]],

       [[-0.06138097, -0.02071316,  0.02433831, -0.09355936,
         -0.05404737],
        [-0.05611913,  0.08016027,  0.02228125, -0.00910113,
         -0.02244381],
        [-0.0334678 , -0.00957637,  0.09467534, -0.00946797,
         -0.09438911],
        [ 0.09119023,  0.03883946,  0.03933653,  0.02425212,
         -0.04667508],
        [ 0.07212325,  0.07792949, -0.10752428, -0.04388453,
         -0.05113808]],

       [[-0.0949413 , -0.04968827,  0.05231024, -0.05674492,
         -0.01697261],
        [-0.06788067, -0.02555346, -0.03769293, -0.00186033,
         -0.04877827],
        [-0.09958877, -0.10046094,  0.00704445, -0.08089394,
          0.09792508],
        [ 0.01183319, -0.07181553, -0.0855614 ,  0.02167611,
          0.02514132],
        [-0.11153369, -0.04041552,  0.02249394, -0.09677641,
         -0.11128198]]])
 array([[[ 0.06410176, -0.06589114,  0.00350981, -0.10053815,
          0.0104184 ],
        [ 0.02298699,  0.00048878,  0.09821138, -0.08900279,
         -0.05513191],
        [-0.07940213, -0.03149802,  0.10777164, -0.0663182 ,
          0.07809633],
        [-0.11313305,  0.03696976, -0.07975572,  0.04100765,
          0.06996314],
        [-0.10609715, -0.08559212, -0.0545749 ,  0.00415733,
         -0.0073711 ]],

       [[ 0.07468456, -0.08111336, -0.05982971,  0.11404455,
         -0.04349968],
        [-0.08181396,  0.10704643,  0.0582221 ,  0.1025585 ,
          0.10762067],
        [ 0.09376082, -0.03064961,  0.02854496, -0.06142494,
         -0.03157977],
        [-0.07209557, -0.09720402,  0.08382858,  0.07649996,
          0.07949214],
        [ 0.08488357, -0.00918567,  0.08451808, -0.06608652,
          0.05842788]],

       [[ 0.00169252, -0.04005587,  0.04796306,  0.1042726 ,
         -0.06767892],
        [ 0.03700128, -0.03565423,  0.07423876, -0.08234569,
         -0.07504176],
        [-0.04568966,  0.01162306,  0.07470078,  0.01574391,
         -0.02089765],
        [ 0.02542091, -0.00836602, -0.04514614, -0.05546719,
          0.00144558],
        [ 0.08593411, -0.00568786,  0.01218732,  0.10025609,
          0.06120626]],

       [[-0.09284335,  0.0236671 , -0.1087387 , -0.03811172,
         -0.0594537 ],
        [ 0.02997285, -0.08312006, -0.10479156, -0.04110983,
         -0.10686975],
        [-0.10676549,  0.01824459,  0.06053581,  0.00628578,
          0.05947314],
        [-0.07637994, -0.06059458, -0.05922066, -0.02159132,
          0.07038548],
        [-0.01265134, -0.04145116,  0.10448061, -0.03309011,
         -0.08190568]]])
 array([[[ 0.06552825,  0.01318384, -0.08253183, -0.08959168,
          0.10617506],
        [-0.02067069, -0.0363274 , -0.00099535, -0.05828893,
         -0.04568932],
        [ 0.06781781,  0.07727481,  0.04320937,  0.07627458,
         -0.03470197],
        [ 0.08883878,  0.04863961,  0.0523896 ,  0.06749551,
          0.08325087],
        [-0.07718717,  0.06289787,  0.05457912,  0.0922496 ,
          0.05609297]],

       [[-0.04328559, -0.04272454, -0.02656859,  0.00031779,
         -0.01729171],
        [ 0.07534403,  0.08889511,  0.06415357, -0.08998035,
          0.00865571],
        [ 0.09617294,  0.09808477,  0.04451825, -0.11197759,
         -0.09442028],
        [ 0.09718886, -0.10865468, -0.02991734, -0.02869767,
         -0.01777517],
        [-0.02228057,  0.08795506, -0.07317864, -0.00111556,
         -0.10925357]],

       [[ 0.06961162, -0.1132103 ,  0.03303906,  0.10812072,
         -0.05234155],
        [ 0.01553403, -0.03643837, -0.07938611,  0.02554734,
          0.04760267],
        [ 0.02490873, -0.01475172, -0.09915333,  0.06634697,
          0.02926133],
        [ 0.0278405 ,  0.10013037,  0.00330358, -0.00424008,
         -0.06290239],
        [ 0.08495203, -0.10303709, -0.0119437 ,  0.05153232,
         -0.07295506]],

       [[-0.02193125,  0.04909411,  0.03792099, -0.05405909,
          0.10958617],
        [ 0.030472  ,  0.10441623,  0.01234146, -0.0385268 ,
          0.0551139 ],
        [ 0.06364322,  0.01431383, -0.09926121,  0.10707811,
         -0.05573385],
        [ 0.05843256,  0.04223294, -0.0472158 ,  0.03151957,
         -0.11399583],
        [-0.10392385, -0.04832633, -0.05360148,  0.03913469,
          0.05000069]]])
 array([[[ 0.08201805,  0.04772025, -0.05235795,  0.00153705,
         -0.0699495 ],
        [ 0.10869895,  0.07065922, -0.1022576 ,  0.0815141 ,
          0.06684112],
        [-0.03280506,  0.04273464,  0.09271702, -0.03333224,
         -0.00013423],
        [-0.04497611,  0.06212138,  0.05043685,  0.07390285,
          0.03237377],
        [-0.04419017, -0.10697872, -0.1026038 ,  0.1046974 ,
         -0.05339664]],

       [[ 0.06410234, -0.04365572,  0.07621124, -0.09447808,
         -0.08574094],
        [ 0.01717869,  0.02924159, -0.07130827, -0.0586838 ,
         -0.07303376],
        [-0.09761346, -0.07433396,  0.10953153, -0.03453406,
          0.01449084],
        [-0.08234006, -0.10870356,  0.0099967 , -0.08260583,
          0.03124953],
        [ 0.02486091, -0.00321899, -0.10810317,  0.10502054,
          0.08156482]],

       [[-0.07520855, -0.11240771, -0.04425649, -0.03288796,
          0.03080569],
        [-0.07886811, -0.08283509, -0.05543036, -0.09089732,
          0.05993296],
        [ 0.05661715,  0.01505309,  0.07522169,  0.10114776,
         -0.08767094],
        [-0.05926729, -0.0913939 ,  0.00785009,  0.0905308 ,
          0.06038714],
        [ 0.01274351, -0.08118176, -0.0974191 ,  0.0958585 ,
         -0.02190254]],

       [[ 0.09920599,  0.09717028,  0.07568062,  0.02153719,
          0.09843423],
        [ 0.04003403,  0.04842242,  0.06393668,  0.0813729 ,
         -0.08774459],
        [-0.06402556,  0.05789768, -0.02054702,  0.05218536,
          0.09382905],
        [-0.01561056, -0.03609198, -0.10098951, -0.05230235,
         -0.04388199],
        [-0.08243862,  0.00624446, -0.0232278 , -0.10955009,
         -0.07440499]]])
 array([[[-0.00336622,  0.10790467, -0.07391903, -0.06317057,
         -0.0064957 ],
        [ 0.09942474, -0.00342268,  0.06672394, -0.03752118,
          0.02904198],
        [ 0.08755712, -0.07708989,  0.07121919,  0.08343727,
         -0.06465774],
        [-0.01906445, -0.07852989,  0.05759804, -0.09192163,
          0.1002846 ],
        [-0.02853499,  0.03929421, -0.04226858, -0.07298957,
          0.03254991]],

       [[ 0.09602034, -0.06196282, -0.04065736,  0.02805314,
          0.03784107],
        [-0.0487925 ,  0.1127708 , -0.06806164,  0.04824552,
          0.06802847],
        [-0.06375512, -0.01324072, -0.07595289,  0.00549446,
          0.03647138],
        [ 0.06657361,  0.05762973,  0.05486789,  0.01549797,
         -0.08809063],
        [ 0.01104398, -0.08187909, -0.04105256, -0.08967453,
          0.0968307 ]],

       [[ 0.08792087, -0.02980128,  0.04742393,  0.08741486,
          0.0796658 ],
        [-0.04434091,  0.09629664, -0.08890275,  0.0690384 ,
         -0.04190808],
        [ 0.07559607, -0.03644619,  0.11304371,  0.0926307 ,
         -0.00753365],
        [-0.04715732, -0.08166938, -0.01345092,  0.05234591,
          0.0317677 ],
        [-0.07972151, -0.11295667, -0.04602692, -0.08387607,
         -0.10454947]],

       [[ 0.01223006,  0.04066037, -0.06758009,  0.10117704,
         -0.04636269],
        [ 0.01436084, -0.07945151,  0.10212083,  0.10976739,
          0.10358201],
        [ 0.02699202, -0.05150305, -0.03761965,  0.0965223 ,
         -0.09962181],
        [ 0.02395428,  0.02525833,  0.04884484,  0.06779171,
          0.07878051],
        [ 0.00655451, -0.06956328,  0.03703795, -0.02902733,
          0.08479185]]])
 array([[[ 0.09308398, -0.0112334 , -0.11189991,  0.08277095,
          0.06359293],
        [ 0.04778962, -0.0790841 ,  0.10374137, -0.03494177,
          0.05346303],
        [-0.08290829, -0.02795402, -0.10023426,  0.07271313,
         -0.06221573],
        [ 0.07226897, -0.04659901, -0.0931985 ,  0.07786504,
          0.08195368],
        [-0.04483925,  0.10154786, -0.10039195, -0.10364592,
         -0.01698745]],

       [[-0.06546366,  0.03688192, -0.05653794,  0.05540411,
         -0.07766556],
        [ 0.05925372,  0.10194673, -0.10100296,  0.09853013,
          0.05994699],
        [-0.0637723 ,  0.08894827,  0.09779592, -0.01373501,
          0.09586211],
        [-0.03768554,  0.02006672, -0.11064391,  0.09833728,
          0.08593135],
        [ 0.00185333, -0.09968223, -0.06023672, -0.03607777,
         -0.03844036]],

       [[-0.05145147,  0.00012789, -0.02335598, -0.06708939,
         -0.00250283],
        [-0.09791862, -0.034594  , -0.07863668, -0.01485056,
         -0.00344928],
        [ 0.09520421, -0.02850035, -0.06326239, -0.09482755,
          0.04259737],
        [-0.03902148,  0.08381177,  0.09157646,  0.0418045 ,
         -0.10010565],
        [-0.05753818, -0.0002061 ,  0.11413039,  0.05670136,
          0.08800543]],

       [[-0.07966429,  0.03324596,  0.11424458, -0.00121782,
         -0.01800376],
        [-0.03856213,  0.0825564 , -0.04590272, -0.05748991,
         -0.01802038],
        [-0.02052298,  0.04629466, -0.07347638,  0.03392266,
         -0.06045672],
        [ 0.0056065 , -0.11215611, -0.06726473, -0.05257922,
         -0.0927585 ],
        [ 0.11057152, -0.08940503,  0.06024806,  0.03928028,
          0.03116604]]])
 array([[[-0.09377316, -0.11191048,  0.08895075, -0.06796914,
         -0.04336032],
        [ 0.04109849,  0.10911881,  0.09509898, -0.04489319,
          0.03112489],
        [-0.01728414,  0.03029047,  0.10692889, -0.02000581,
          0.08951656],
        [ 0.09019472, -0.04501108, -0.06952912,  0.10831673,
         -0.06768468],
        [ 0.07194356,  0.10269985,  0.03678719, -0.05713029,
         -0.02501783]],

       [[-0.02469715, -0.10263599,  0.11014864, -0.02409445,
         -0.03280965],
        [-0.0248935 ,  0.08491   , -0.11264257, -0.0803145 ,
          0.09872375],
        [ 0.1036358 ,  0.09150329,  0.06096753,  0.05571   ,
          0.04825763],
        [-0.05456951,  0.00853584, -0.00508927, -0.00925859,
          0.05790348],
        [-0.08991591, -0.02381824,  0.09123324, -0.04282617,
         -0.03147779]],

       [[ 0.09699872, -0.0431847 ,  0.11098286, -0.01047188,
          0.0464129 ],
        [-0.0133862 ,  0.05131193,  0.08170298,  0.01456292,
          0.00574646],
        [ 0.04316564, -0.06615202,  0.07235713,  0.04743606,
          0.0807835 ],
        [ 0.08403276, -0.06327686, -0.06565131,  0.05119396,
         -0.04335531],
        [-0.01235514, -0.08490586, -0.07760146,  0.01070769,
          0.05873341]],

       [[-0.11289357, -0.08072997,  0.02801659,  0.10497304,
         -0.11199459],
        [-0.0774385 ,  0.05217744,  0.02216324, -0.07498845,
          0.11092559],
        [ 0.1070583 ,  0.10903239,  0.10134428, -0.09905123,
          0.10171239],
        [-0.07903951,  0.06263106,  0.10428633,  0.01251241,
         -0.10583753],
        [-0.01364604,  0.07614485, -0.08305326,  0.00295829,
          0.10087484]]])
 array([[[-0.06100632, -0.03823555, -0.08274824,  0.06636601,
         -0.09743136],
        [ 0.05910836,  0.05916034,  0.09992072,  0.07363416,
          0.00899746],
        [-0.09836611,  0.01449864, -0.06120592, -0.06307565,
          0.0393535 ],
        [-0.10386307, -0.09903118,  0.03176054,  0.09667836,
         -0.02357473],
        [-0.04888051,  0.10170414, -0.07850604, -0.08783957,
          0.09114797]],

       [[ 0.05403042, -0.04070168, -0.06923868,  0.04060293,
          0.09242829],
        [ 0.07394128,  0.05863603, -0.03275982,  0.03653469,
          0.07817192],
        [-0.0788099 ,  0.0552544 ,  0.06804922,  0.09976392,
          0.01180831],
        [-0.05036041,  0.11270454, -0.08293539,  0.08066576,
         -0.07661802],
        [-0.09817578, -0.00751481,  0.01679335,  0.0371455 ,
         -0.05555913]],

       [[ 0.09015629, -0.09474973,  0.09104307,  0.10874528,
          0.00564771],
        [ 0.11045087,  0.10692455,  0.00630477,  0.06008013,
          0.08220781],
        [ 0.05893922, -0.05696621,  0.02503812,  0.0876641 ,
         -0.07130936],
        [ 0.08151251, -0.08645581, -0.10354462, -0.02848342,
          0.08089693],
        [ 0.04936517,  0.0898863 ,  0.11414274,  0.10872861,
         -0.08015286]],

       [[ 0.06891772,  0.03784592, -0.09365411,  0.11340735,
         -0.08523757],
        [ 0.11065643, -0.03961983, -0.05390306,  0.0304336 ,
          0.04776366],
        [-0.04775996,  0.0739642 , -0.02121967,  0.03398592,
         -0.08324   ],
        [ 0.06675639, -0.09099492,  0.06763728, -0.09851424,
         -0.06025689],
        [-0.04230915,  0.02576754,  0.06411856, -0.05737251,
         -0.05674066]]])
 array([[[ 0.07253356,  0.08322035, -0.01895575,  0.0549071 ,
         -0.04900533],
        [ 0.00979968,  0.08983233,  0.03010271, -0.00784421,
          0.06606548],
        [ 0.08861339,  0.03074985, -0.11377668, -0.00506107,
         -0.07802956],
        [-0.02581577, -0.06759088, -0.08051522, -0.0878783 ,
          0.01915304],
        [-0.02588129,  0.11057283, -0.03568956, -0.01021714,
          0.04550593]],

       [[-0.04261432,  0.08378684,  0.0304383 ,  0.06931687,
         -0.08764888],
        [ 0.09614032, -0.00825477, -0.10413185,  0.03610309,
         -0.03307134],
        [ 0.08061147,  0.03485735,  0.0758862 ,  0.07344809,
          0.00424051],
        [-0.06147743,  0.04751844,  0.02124873,  0.02741527,
         -0.01037203],
        [ 0.10782898, -0.05649702, -0.0773821 ,  0.07374595,
         -0.05943258]],

       [[-0.08161653,  0.04370599, -0.04426579, -0.09150348,
          0.01965755],
        [ 0.10885386,  0.06364138,  0.03118563,  0.05679144,
          0.0526633 ],
        [ 0.07452751, -0.02043855,  0.00296788,  0.09119237,
         -0.09813137],
        [-0.03265881, -0.07733598,  0.06934772,  0.09516885,
         -0.00193986],
        [ 0.08078838,  0.10318445, -0.01778608,  0.08403065,
         -0.04693109]],

       [[-0.04516259, -0.09178072,  0.01243873, -0.066889  ,
          0.00521639],
        [-0.10060987, -0.03599187, -0.00231061,  0.05802952,
          0.03315616],
        [-0.00239604,  0.08957754,  0.05454963, -0.06321617,
          0.05592243],
        [-0.04144911,  0.07478623, -0.00468995,  0.09146587,
          0.1031912 ],
        [ 0.09515801,  0.03597451, -0.10726686, -0.06857831,
         -0.10325476]]])
 array([[[ 3.25443243e-02,  3.42727070e-02, -2.87336627e-02,
          4.59818487e-03,  3.14035483e-02],
        [ 6.87534808e-02, -5.72831217e-02, -3.87153419e-03,
         -9.58475133e-03,  4.62054131e-02],
        [ 2.26952543e-02,  6.18680297e-02,  4.98656358e-02,
         -6.35686113e-02,  2.52385482e-04],
        [-3.09668400e-02, -6.49331996e-02,  1.61901755e-02,
          7.05780762e-03, -3.89344506e-02],
        [-6.64369560e-02,  1.10621107e-02,  4.73994986e-02,
          2.55717811e-02, -5.01698637e-02]],

       [[-6.70947399e-02,  6.88803282e-02, -2.84542355e-02,
         -6.97768166e-02, -8.69668176e-03],
        [-3.32340898e-02,  2.20725111e-02, -5.24586937e-02,
         -4.94913821e-02, -1.73194700e-02],
        [ 4.01196215e-02, -7.40596571e-03, -1.60721261e-02,
         -3.71853467e-02,  3.46706355e-02],
        [ 6.55416414e-02,  6.18091628e-02, -3.24981347e-03,
          2.91551634e-03,  7.69864401e-02],
        [-2.13957878e-02,  6.59783463e-02, -7.48459207e-02,
          1.43438587e-02, -6.78220443e-02]],

       [[ 2.33803917e-02, -1.90549778e-02, -4.29059727e-02,
         -7.24105882e-02,  5.90296469e-02],
        [ 1.47646855e-02, -3.58318522e-02, -4.16154676e-02,
         -3.00530761e-02,  2.87238099e-02],
        [ 2.96655823e-02, -9.28807297e-03,  4.93994945e-02,
          2.31086993e-02, -4.31238958e-02],
        [-5.81460797e-02,  6.90305030e-02,  4.72246146e-02,
          4.99332894e-02, -8.00178077e-03],
        [-5.32759824e-02, -4.94562413e-02,  4.41588349e-02,
          5.22117606e-04, -2.87007713e-02]],

       [[-7.46473009e-02,  1.95847157e-02,  5.81051072e-03,
          3.95168281e-02, -3.20945951e-02],
        [-5.11005291e-02, -3.79283088e-02,  1.33084728e-03,
         -6.15666424e-02,  7.26473484e-02],
        [-1.24551657e-02,  3.20295374e-02, -6.28878941e-02,
          2.22783260e-02, -7.42283107e-02],
        [ 4.18133408e-02, -6.22301481e-02,  3.50469859e-02,
          6.24689691e-02, -5.48704144e-02],
        [-5.85457485e-02,  3.56464391e-02,  5.63378449e-02,
         -6.72523063e-02,  1.77873181e-02]],

       [[ 7.69438888e-02, -6.49776934e-02,  6.75001589e-02,
          6.21350835e-02,  6.43627408e-02],
        [ 3.38141692e-05,  2.26548665e-02, -6.32980192e-02,
          2.33695551e-03,  3.17424193e-02],
        [ 7.68260043e-02,  7.31903903e-02,  6.50219713e-02,
         -4.89835399e-02,  3.24327645e-02],
        [-1.52036788e-02,  5.34789612e-02, -3.73298622e-02,
         -1.12579505e-02, -7.16326382e-02],
        [-7.68654450e-02, -6.04788779e-02, -4.28227885e-02,
         -4.75066544e-02,  2.06697024e-02]],

       [[ 4.17543867e-02,  9.01760041e-03, -2.10802216e-02,
         -1.72931844e-02, -4.75863724e-02],
        [ 6.14983781e-02,  3.52939660e-02, -3.30008214e-02,
          3.17001827e-02,  2.01965030e-02],
        [ 3.14887869e-02, -3.25011455e-02, -3.58141581e-02,
         -3.23064498e-02, -4.07629192e-03],
        [-3.65738639e-02, -4.34088001e-02,  4.91822951e-02,
          5.65422015e-02,  5.62706190e-02],
        [ 7.69143355e-02, -4.69299222e-02,  3.07536485e-02,
          5.13029563e-02,  1.99302785e-02]]])][0.10354943193476088, -0.006813806716901377, 0.06355028849965985, 0.02341056099690808, -0.14397706909694472, -0.11202612589392363, -0.03189566779792616, -0.04779061970844474, 0.023710420927671075, -0.013743542431966654, 0.1094357561918795, -0.10192353797472374, -0.10796856349945459, 0.08101348237543275, -0.10494026429128168, -0.0026578262717901896]
-----------------------------------------------
[[-0.38470125 -0.32584431]
 [-0.25373674 -0.27640125]
 [ 0.45723327 -0.02857288]
 [-0.18307736  0.4194992 ]
 [-0.00916994  0.32524737]
 [ 0.13062819  0.18802323]
 [ 0.15632274  0.34335757]
 [-0.04177069 -0.46783271]
 [ 0.40495798 -0.0093502 ]
 [-0.22999959  0.45758903]
 [ 0.28732726  0.16190169]
 [ 0.20679247  0.24667966]
 [-0.18215285 -0.27949506]
 [ 0.22466279 -0.08884325]
 [-0.39143147 -0.20658132]
 [-0.4503884   0.36126196]]
-----------------------------------------------
[[[[-1.43769747e-02 -2.51295359e-02  2.24160292e-02 -3.49677065e-03
     2.55846067e-03]
   [ 1.45259255e-03  2.62778393e-02  9.80938364e-03 -2.29496210e-02
     2.34941339e-02]
   [-8.49452060e-03 -6.74257773e-03  2.27337020e-02  1.04096975e-03
     9.29084305e-03]
   [-2.73821600e-02  1.03507056e-03  5.95576141e-03  1.91312643e-02
    -9.08099918e-03]
   [-1.62260811e-02  2.49264368e-02 -5.32124270e-03 -2.53205108e-02
    -1.85377740e-02]]

  [[-1.07957034e-02 -2.71622126e-02  1.54402579e-02 -1.66117072e-02
    -2.79004162e-03]
   [ 1.38585752e-02 -1.50391778e-02 -2.93340678e-02  2.79279471e-02
     1.22907975e-03]
   [-5.99399798e-03  1.78782009e-02  1.44286230e-02 -1.93049303e-02
     1.43587412e-02]
   [ 5.79005066e-03  1.43462681e-02 -2.44815663e-02  2.43668416e-02
     2.24330769e-03]
   [-2.76487023e-03 -1.78719255e-02 -4.81354238e-03  1.57444290e-02
     2.94259517e-02]]

  [[-2.03744203e-03  1.89965806e-03 -1.57405389e-03 -8.17496905e-03
    -2.29748565e-02]
   [ 4.95888994e-03 -2.13945947e-02  2.06030498e-02  2.54807819e-02
     1.00166782e-02]
   [ 1.73986227e-02  2.20450540e-02 -1.65358290e-02 -2.66675935e-02
     1.40156278e-02]
   [-2.78468771e-02 -1.60017584e-02  1.93007521e-02 -7.98373354e-03
     8.05096447e-03]
   [-1.70711715e-02  1.51101235e-02  1.38294786e-02 -3.20924722e-03
     5.23804602e-03]]

  ...

  [[ 1.36285147e-02 -4.81196617e-03  1.72382043e-02 -2.64599433e-02
    -1.05428218e-02]
   [ 7.45233742e-03 -5.82721809e-03 -4.73204701e-03 -8.75391654e-03
     2.72338122e-02]
   [ 9.64659137e-03 -1.07277679e-02  2.17096212e-02  1.91985533e-02
     2.34836494e-03]
   [ 2.15625304e-02 -2.70908003e-02 -7.26099943e-03  7.63463996e-03
    -2.67563816e-02]
   [ 1.42493779e-02 -1.05379569e-02  2.22888904e-02  4.29912512e-03
     5.45074709e-05]]

  [[ 2.29987163e-02 -1.19218109e-02 -9.23422927e-03  1.79593004e-02
     2.26204925e-02]
   [-6.17797637e-03 -4.66453451e-03 -1.61452702e-02 -1.48258483e-02
     2.40221881e-02]
   [ 1.43007329e-02 -1.66749693e-02  1.89862679e-02  4.97037316e-03
     2.92756699e-02]
   [-7.51040247e-06  2.78015933e-02 -2.15198297e-02 -2.24112646e-04
    -2.56627737e-02]
   [-2.25875231e-02  8.76341951e-03 -2.00302514e-02 -1.39780668e-02
     1.10223339e-02]]

  [[ 9.46300525e-03 -6.63066570e-03  2.66048538e-02  2.82669265e-02
     1.22956231e-02]
   [-1.28852374e-02  4.60584576e-03  2.47294967e-02  2.32325379e-02
    -8.73882874e-03]
   [-2.68053095e-02  1.35746684e-02  2.86210778e-02 -7.37053709e-04
     2.69944902e-02]
   [-2.75631313e-02  2.50305036e-02  2.73761485e-02  5.66998274e-03
     2.61513896e-02]
   [ 1.83354868e-02 -7.17646573e-03 -8.04165964e-03  2.82429867e-02
    -1.17982033e-02]]]


 [[[ 2.25142502e-02  8.66535872e-03  2.77141399e-02 -2.16298377e-02
    -6.45270846e-03]
   [ 1.64263989e-02 -1.34008975e-02 -1.22963929e-02 -9.48324776e-03
    -2.29206865e-04]
   [-6.36533115e-03 -1.58124278e-02  7.23677464e-03 -1.97266005e-02
     1.63753536e-02]
   [-1.68995301e-03 -2.95893485e-02  4.23049082e-03 -3.64200576e-03
    -5.33450545e-03]
   [ 6.31236504e-03  1.45602938e-02 -2.96159783e-03 -2.04829900e-02
     1.40236227e-03]]

  [[-5.01557529e-03 -2.17311141e-02  1.77432421e-03 -1.75243722e-02
     2.54044065e-02]
   [-1.41880035e-02 -1.63418330e-02  1.72171693e-02  1.93469719e-02
     2.17732016e-02]
   [-6.46859866e-03  4.26316014e-03 -1.68322205e-02 -1.73712534e-02
     2.67214281e-02]
   [ 2.12365083e-02 -3.83727605e-03 -1.50658228e-02  1.97982440e-02
    -2.63032041e-02]
   [ 1.52327455e-02  1.34997629e-03 -1.74518199e-02  1.41961896e-02
    -1.19657265e-02]]

  [[-6.05760047e-03 -1.47232370e-02 -9.73969640e-03  1.38138615e-02
    -2.24459398e-02]
   [ 2.80909351e-02  2.00914164e-02  1.82110630e-02  1.89643979e-02
    -6.12156020e-04]
   [-4.14820798e-03  1.04312236e-02 -2.28509898e-02  5.36575339e-03
     1.05590046e-02]
   [-2.28138242e-03  1.13471186e-02 -1.69954326e-03  5.83036614e-03
     2.30293963e-02]
   [ 1.09510722e-03 -1.78689172e-02 -4.77412511e-04 -1.19839531e-03
     1.60735066e-02]]

  ...

  [[ 1.23342959e-03 -2.04407799e-02 -2.76030788e-02 -1.36823718e-02
    -1.08049077e-02]
   [-1.04703967e-02 -2.58938860e-03 -2.62755034e-03  2.31170135e-02
     1.98427197e-02]
   [ 2.42891307e-02  1.73358476e-02 -1.56847343e-02  2.56939012e-02
     1.50515041e-02]
   [-2.30475017e-02  1.73856279e-02 -5.53318393e-03 -1.65897489e-02
     1.98421215e-02]
   [ 2.25800883e-02 -2.15087576e-02 -4.41194376e-03 -2.65556787e-02
     2.39023317e-02]]

  [[-5.60082353e-03 -1.57280236e-02  2.41855543e-02  2.13697562e-02
     2.03930449e-02]
   [-3.22784262e-03 -2.96210838e-02 -1.60537593e-03 -2.58325425e-03
     2.40310942e-02]
   [-8.03751365e-04 -1.82581588e-02 -1.12311124e-02 -4.32604067e-03
    -2.00420781e-02]
   [ 1.07112860e-02 -2.87003897e-02  2.86743265e-02  3.27983671e-03
     1.76481552e-02]
   [-2.67805190e-02 -2.94318758e-02 -1.26964918e-04  2.44963556e-02
    -9.26968195e-03]]

  [[ 9.71085706e-03  1.86740327e-02 -2.45037761e-02 -2.13168481e-02
     4.33097771e-03]
   [ 2.00007521e-02  2.41568358e-02  2.12351377e-02 -2.72857902e-02
     2.20605926e-02]
   [-2.21636709e-02 -2.32147282e-02 -6.40009823e-03  2.16867919e-02
     8.44022289e-03]
   [ 1.24185441e-02 -3.67908024e-03  1.39026458e-02  1.22562881e-03
    -2.88475723e-02]
   [ 9.13351914e-03 -2.56887807e-02 -1.96413932e-02  2.83149728e-02
    -1.76102979e-02]]]


 [[[-6.59644861e-03 -8.10800915e-03 -1.05032898e-02  2.06313566e-02
    -2.32415681e-02]
   [-8.92113580e-03  2.74746982e-02 -6.37445601e-03 -1.73699428e-03
     3.10008252e-03]
   [-8.81678112e-04 -1.29657468e-02  1.83358038e-03 -6.24258248e-03
     1.83012678e-02]
   [ 2.22369892e-02  7.50871185e-03 -1.70897299e-02 -8.54696986e-03
     2.69844921e-02]
   [-2.15198042e-02  2.58369997e-02 -6.69433429e-03 -2.39873178e-02
    -1.05773021e-02]]

  [[ 5.53195060e-04 -1.25810439e-02  1.72956130e-03 -2.76608001e-02
    -8.96803408e-03]
   [-1.40721205e-03  1.01927834e-02  2.38575658e-02 -2.70826822e-02
    -1.44157049e-02]
   [-1.30269267e-02 -1.57574909e-02 -1.53181171e-02 -1.57579518e-02
     2.41275435e-02]
   [ 6.14649748e-03 -1.87773830e-02 -1.94786958e-02  1.22070720e-02
     2.80671565e-02]
   [ 8.79687658e-03 -4.89514061e-03 -1.73881513e-02  2.59071391e-02
    -2.10182218e-02]]

  [[-1.98836647e-02 -6.18562977e-03  2.61880811e-02 -2.39740118e-02
     1.69384329e-02]
   [-4.18354340e-03  4.21691258e-03 -2.12235343e-03 -1.46938181e-03
     1.43684108e-04]
   [ 2.21834210e-02  2.72272609e-02  2.09225749e-03 -1.85895082e-02
     2.28905733e-02]
   [ 8.53703114e-03  2.00004936e-02  2.19194755e-02 -2.38299234e-02
    -2.59210281e-02]
   [ 2.03785235e-02 -2.03706749e-02 -1.72252949e-02  1.52577731e-02
    -5.49487649e-03]]

  ...

  [[ 2.76781135e-02 -2.20824539e-02 -1.82991432e-02 -1.56131228e-02
    -6.77068972e-03]
   [ 7.03713555e-03 -4.78709429e-03  4.48032968e-03  9.39942755e-03
     8.97325528e-03]
   [ 1.90784853e-02 -2.18200846e-02  1.22294817e-02  2.11357141e-02
    -4.27036859e-03]
   [-2.55605350e-02  2.25722490e-02 -2.21908878e-02  2.75720397e-03
    -6.02238574e-04]
   [ 2.11145486e-02  1.86370927e-03  3.39169615e-03  3.27800664e-03
    -5.98048542e-03]]

  [[-1.08218943e-02  2.57332401e-02  6.34167476e-03  1.14028560e-02
     1.76703310e-02]
   [-1.60280891e-02 -2.87524450e-02  9.94023990e-03 -2.78590698e-02
     2.01550845e-02]
   [-2.05968364e-02  1.14204027e-02  8.81556829e-03 -1.30297492e-02
    -1.68076959e-02]
   [-2.42603981e-02 -1.69514821e-02  2.94275688e-02  3.42605030e-03
    -2.89023127e-02]
   [ 1.68278664e-02 -1.94701376e-02  5.45916962e-03  1.73875215e-02
    -2.41095103e-02]]

  [[ 2.05137182e-02 -8.32983601e-03  1.39231321e-02 -1.27360988e-02
     2.64844821e-02]
   [ 1.09872957e-02 -2.57670506e-02  1.13040904e-02 -2.53580317e-02
    -2.31170468e-02]
   [-4.84259655e-03 -9.15081974e-03  2.95602359e-02 -1.40898142e-02
    -2.51745685e-03]
   [ 1.00878013e-03  5.60106558e-03  9.36487162e-03  1.88513163e-02
     1.74822332e-03]
   [ 6.74823402e-03 -1.41252162e-02 -9.08829725e-03  2.75147515e-02
     2.10394737e-02]]]


 ...


 [[[-2.15468927e-02 -1.70034398e-02  2.14535660e-02 -2.37878671e-02
    -2.08991264e-02]
   [-2.90337205e-02  2.60815348e-02  2.14400614e-02 -4.33262672e-03
    -2.17956694e-02]
   [ 2.45663800e-02  2.47190941e-02 -1.47406723e-02 -2.70702147e-02
     1.32760397e-02]
   [ 1.05790242e-03  5.85807138e-03 -8.57589921e-03 -2.62105314e-02
     1.85077725e-02]
   [ 4.48731312e-03  1.11439094e-02  1.70155161e-03  7.17908936e-03
     4.03129315e-03]]

  [[ 2.18686486e-02  4.98892236e-03 -1.63679654e-02  1.46231096e-02
    -9.75674556e-03]
   [-2.23107780e-02 -1.06911522e-02  2.14993305e-02 -2.40671965e-02
     3.04560495e-03]
   [-1.81194939e-03 -4.35242264e-03  8.83485022e-03  1.87040280e-02
    -2.26886219e-02]
   [ 2.70728205e-02 -7.86486283e-03 -1.77759292e-02 -3.86383381e-03
    -1.36077704e-02]
   [-2.37713667e-02  2.63012660e-02 -9.43345397e-03  1.09864372e-02
    -2.48660998e-02]]

  [[-6.12885903e-03  1.41347290e-02  1.70334657e-02  1.66164193e-02
    -1.11522516e-02]
   [-2.47059903e-03  2.56305365e-03  2.14346825e-03 -1.23184045e-02
    -6.23813283e-03]
   [ 2.73575114e-02  1.39400629e-02  6.48319366e-03  1.67798460e-02
    -2.00431019e-02]
   [ 4.76305274e-04 -1.18464326e-02  1.39508095e-02 -1.08421884e-02
    -6.08649684e-03]
   [ 2.06282056e-02 -1.08009274e-02  7.30140744e-03 -1.48272226e-02
    -1.47544070e-02]]

  ...

  [[ 1.72275794e-02 -2.93146121e-02 -1.22078996e-02  2.84145460e-03
    -1.90554190e-02]
   [ 1.67753386e-02  2.55117224e-02  2.64888191e-02  2.11114082e-02
     3.88576942e-03]
   [ 6.23422130e-03 -1.63331139e-02  2.84931334e-02  1.88502367e-02
     5.67326918e-03]
   [ 1.07639542e-02 -8.25390705e-03 -1.58343069e-02  7.97365496e-04
     1.21512456e-02]
   [-2.62824219e-02 -1.55425868e-02  2.58511995e-02  1.90626994e-02
    -2.47216872e-02]]

  [[ 3.56377797e-03 -1.88941812e-02  6.67682154e-03  7.27742314e-05
     2.43759032e-02]
   [ 1.37824084e-02 -8.96498277e-03 -8.42080270e-03 -2.90119966e-02
     4.01074553e-03]
   [-2.68445875e-02  2.80994834e-02 -2.90192071e-02  2.21697899e-02
     2.76844069e-02]
   [-1.89468934e-02  2.77777706e-02  1.67853994e-03  7.61645585e-03
    -1.22222011e-02]
   [ 2.07629828e-02  2.34027746e-02 -2.53009230e-04 -2.49183983e-02
     4.60852646e-03]]

  [[-2.06982000e-02  2.53381271e-02  1.46188005e-02  9.06719992e-03
    -2.64128341e-02]
   [ 1.89466480e-02  6.34349401e-03 -2.82942854e-02 -2.59111317e-02
    -2.68248585e-02]
   [ 1.08969140e-02 -7.13395276e-03 -1.06808813e-02 -1.15640777e-02
    -2.27358991e-02]
   [ 1.25242358e-02 -2.65274467e-03  2.22606251e-02  1.10759880e-02
     1.94728389e-02]
   [ 9.47473328e-03  8.44121616e-03  1.89711059e-02  1.66205129e-02
     6.20551667e-04]]]


 [[[ 2.54000337e-02 -1.75326984e-02 -5.82002429e-03 -9.20913995e-03
    -1.30593819e-02]
   [ 2.09564132e-02 -5.69894154e-03  6.11360312e-03  9.20322765e-04
     2.76602630e-02]
   [-2.10158374e-02 -2.43632685e-02  2.35515218e-02  2.23691283e-02
    -9.96134011e-03]
   [-1.31682266e-02  2.23466762e-02  1.77935619e-03 -2.76284342e-02
     5.45003962e-03]
   [ 4.48104605e-03 -2.56466712e-02  1.72693873e-03 -1.56121663e-02
    -2.15756847e-03]]

  [[-2.91039431e-02 -8.44607849e-04 -1.17604519e-02  2.17741349e-02
     2.83025817e-02]
   [-1.02377489e-02  8.01592520e-03  2.83430348e-02  8.36038875e-03
     2.27670959e-02]
   [-2.87061115e-02  2.37625044e-02 -1.94440013e-02  1.49502072e-03
     1.12649248e-02]
   [ 1.01625866e-02 -1.16418715e-02  3.16221423e-04 -2.02840865e-02
     6.04367527e-03]
   [ 2.87521230e-02  1.13443759e-02  2.89136097e-02  1.60428384e-02
     1.10384783e-02]]

  [[ 2.54200112e-02  2.71534470e-02  2.33956586e-03 -2.34808484e-02
    -2.31400343e-02]
   [-2.02604227e-02 -7.54992839e-03 -2.70673211e-02 -2.01863009e-02
    -2.03158200e-02]
   [ 1.36516436e-02 -1.03578220e-02 -2.27358005e-02 -2.31293380e-02
    -1.04687330e-02]
   [-1.58234153e-02  6.95843371e-03  1.57536530e-02 -6.64825719e-03
    -5.86034167e-03]
   [-1.61574939e-02  1.27790363e-02  2.53063964e-02  1.35039794e-02
     2.43927345e-02]]

  ...

  [[ 4.54431134e-03  2.63946647e-03 -2.13556681e-02  1.66955749e-02
     2.21871178e-02]
   [ 2.87064964e-02 -8.72154378e-03  6.34101341e-04  2.68225154e-02
     1.45239872e-02]
   [-2.82434522e-02  2.45078504e-02  2.95896023e-02  1.52091318e-02
     7.06920990e-03]
   [ 1.50232906e-02 -1.06343895e-02 -2.59232471e-02  5.55703828e-03
    -1.86351072e-02]
   [ 2.47061755e-02 -7.82672572e-03  1.83213464e-02  9.07107703e-03
    -6.88480125e-03]]

  [[ 1.66052619e-02  2.60320783e-02 -6.27771237e-03  2.33833208e-02
    -2.73449080e-02]
   [ 2.78658229e-02  1.37517875e-02 -1.81313379e-02  1.81447659e-02
    -2.55969873e-02]
   [-2.16917791e-02  4.74525653e-03  5.67642292e-05  4.78667453e-03
    -2.75580121e-02]
   [ 1.93808806e-02  1.70745758e-02  1.23202320e-02 -6.95509661e-03
    -1.75504326e-02]
   [-1.72537624e-02  9.89220061e-03 -2.60613342e-03  1.02252274e-02
     1.15239749e-02]]

  [[-1.94514579e-02  2.02359245e-02 -1.76872125e-02  1.87776344e-02
    -6.10858055e-03]
   [ 1.34780306e-02 -1.30955618e-03 -1.19557737e-02 -2.40063612e-02
    -9.94765651e-03]
   [-2.14502271e-02 -1.38336877e-02 -2.52959151e-02 -2.65209689e-02
    -1.55982584e-03]
   [-2.09678823e-02  5.66979556e-03 -2.53691293e-02 -1.75433515e-02
     1.14448583e-02]
   [ 2.64875266e-02  2.66137294e-02  1.46107995e-02 -7.88468458e-03
     2.16759758e-02]]]


 [[[ 1.79770079e-02  8.76108006e-03 -4.79602080e-03 -1.67708755e-02
     1.57966251e-02]
   [ 2.04164663e-03 -2.46892973e-03 -2.43380478e-02  1.66977203e-02
    -4.29796509e-03]
   [-1.59134596e-02 -2.77546169e-02 -2.53355108e-02  2.91498234e-02
    -1.39324119e-03]
   [-2.44393417e-02  1.10491614e-03 -1.09139768e-02 -2.87026882e-02
     1.24825314e-02]
   [ 7.53915007e-03 -2.86540571e-02 -7.26358830e-03  1.03790229e-02
     2.62458832e-03]]

  [[ 5.27324821e-03 -2.13134980e-02 -1.29119118e-02 -9.04069880e-03
     1.51340923e-03]
   [ 1.49848151e-02 -1.11640452e-02 -1.07656945e-02  2.84195863e-03
    -1.68023506e-02]
   [-2.15632601e-02 -2.31981943e-02 -7.15918608e-03 -7.16582158e-03
     1.01242231e-02]
   [-1.46714456e-02  2.20989765e-02 -2.09522128e-02  1.23042022e-02
    -2.02480325e-02]
   [ 1.14680690e-02  1.20683189e-02  4.09432015e-03  1.05335932e-02
    -1.14134955e-03]]

  [[-7.33809645e-03 -1.47076279e-04  1.13646758e-02 -2.56412833e-02
     1.13201489e-02]
   [ 2.75203666e-02 -1.04550229e-02 -1.57721044e-02  1.78502062e-02
    -2.18845062e-03]
   [-1.45392433e-02 -1.64232500e-02  2.07515170e-02  2.27524333e-03
    -3.06033822e-03]
   [-2.26857166e-02 -5.24230967e-03  1.09951432e-02  2.16505784e-02
     2.92896026e-03]
   [ 8.01869341e-03 -9.04162131e-03 -1.55789500e-02  2.22398332e-02
     1.02029378e-02]]

  ...

  [[ 1.64807180e-02  1.39221839e-02  2.24875736e-02 -7.65896570e-03
     1.31598287e-04]
   [-3.24677621e-04 -2.47298640e-02 -7.21255715e-03 -1.61073098e-02
     2.19567407e-04]
   [-4.48889854e-03 -1.39757823e-02 -9.38759016e-03 -9.60840352e-03
     1.09071983e-02]
   [ 8.58552882e-03  4.98484080e-03 -1.45639126e-02  2.74343462e-02
    -2.41500411e-02]
   [ 5.52666299e-03 -2.14478611e-02 -2.02780837e-02  2.75330310e-02
    -4.81990776e-03]]

  [[-1.50761830e-02 -2.50565017e-02  6.60453632e-03 -3.42828351e-03
    -3.54216762e-03]
   [ 5.97194431e-03 -3.69857896e-03 -2.25916793e-03 -3.27781808e-03
    -1.77087506e-03]
   [-9.98653583e-03 -2.22613497e-02 -2.90825904e-02  2.78283477e-02
    -2.15751357e-02]
   [ 1.92658042e-02  2.28487492e-02  2.05107065e-03 -2.16162301e-02
     2.56882664e-02]
   [ 2.46938491e-02  1.18840459e-02  1.39537005e-04 -1.76580764e-03
    -4.88461735e-04]]

  [[ 8.10078482e-03 -4.29188035e-03  1.86451319e-02  2.77078858e-02
    -1.93463835e-02]
   [ 1.29405475e-03  2.02464889e-02 -1.55717810e-02  2.12727643e-02
     1.17914483e-02]
   [-2.22099052e-02 -2.28147042e-02 -2.63558713e-02 -1.15786477e-02
     2.04459181e-03]
   [-3.20491261e-04  9.25163161e-03 -1.55288517e-02 -2.21963190e-02
     4.56524053e-03]
   [ 1.99876922e-03  1.22889731e-02 -6.34715872e-03  2.02847552e-02
     1.30213437e-02]]]][0.017162739147285628, 0.0180031152409354, 0.005012075360921322, -0.023123275601679687, -0.013378913430222471, -0.016452256807242244, -0.019899896016579623, 0.02809760504254907, -0.020429409227499903, -0.02507030777256222, 0.027992829276900468, -0.01503111809004391, 0.0018569472276001552, -0.007266341434609479, 0.0033618492174851515, -0.012590557503443824, 0.02900899361277114, 0.0009599450333437655, 0.023447716961113026, -0.022463359698516944, -0.005357950017338985, 0.022657773439118293, 0.00026128102510614495, -0.004926192496787218, -0.0017087450588599458, 0.019273877103331612, -0.01467097607769924, -0.01838637289977379, 0.004379766089282557, 0.02351451344530914, -0.005742382705181969, 0.018228214199915754, -0.005003341042507561, 0.023952349919663152, 0.0019998272783249248, 0.0059905771032768874, -0.014567781105986803, 0.013572722749303368, -0.024411146144575, -0.0057896450935514265, -0.01690865440013386, 0.007232804488954168, 0.009170339890686021, 0.0027656643374906024, 0.013983969949727514, -0.014359852098808254, 0.007501714701269594, -0.019271634207230298, 0.0008160304215502727, 0.0009251929624509783, -0.003683373046973762, 0.025101695752597696, 0.016878087790402712, 0.028082908499684863, -0.013547247503049496, 0.020194232108294966, 0.0031365904708282773, 0.01984528150520184, -0.01250463180137228, 0.022237515351696904, 0.0012503029592201217, 0.007415264393338016, -0.02738383380972211, 0.004572576630300414, -0.0005924112405582271, -0.016091847963727916, -0.005769347135880874, 0.011551511272355309, 0.00765507992069887, -0.008892992993813655, 0.010123621245740757, -0.028464898928076687, 0.005510127027566234, 0.013387444857750282, 0.022456008466669505, 0.011512118565071634, -0.01797048510518047, 0.020743503958200165, 0.01727108483890685, -0.02579115995694288, 0.020759501744337345, -0.027054804235792488, 0.025332186434282245, 0.01167335086425211, 0.01279482999421382, -0.003559595876543885, 0.008550162211362646, -0.0040813141562202684, -0.0009295223027852295, 0.02517543386854457, -0.006190887402546152, 0.020812713633201137, 0.0011154926894696472, -0.026318605038338855, 0.024968645541235946, 0.02174523122252651, -0.011072897043159925, 0.02175862534725227, -0.026681750530826845, 0.0037757539040249553, 0.004354039003515029, 0.01038707227353931, -0.020518400457827393, 0.020226588113272253, 0.016928454127488588, -0.02167040332216852, -0.01043912059928959, 0.020362388156991523, 0.014794859929388195, 0.003874936036137668, 0.01272005587191782, -0.015163583324342787, -0.01712538632185278, -0.025596404099602735, 0.010814984408556712, -0.01572598720338491, -0.016137222043801823, 0.01022183088841121, -0.010110651244994252, -0.0008123054929105901]
-----------------------------------------------
[[-0.01950383  0.00972928 -0.01374281 ...  0.01684876 -0.0189698
  -0.00898907]
 [ 0.00121996  0.0175709  -0.00569341 ... -0.01595335 -0.01909188
   0.00372536]
 [-0.0158823   0.01554828  0.01323889 ...  0.01796054  0.01481612
  -0.01661537]
 ...
 [ 0.01824862 -0.01487837  0.01804684 ...  0.01376962 -0.01983357
  -0.0018358 ]
 [ 0.01211589 -0.01372164  0.00534731 ...  0.00012366  0.00975633
   0.00547779]
 [ 0.01771897 -0.00629008  0.01979032 ... -0.00172958  0.00946128
  -0.00938464]][ 0.01280241  0.00353733 -0.00524798 -0.0066183  -0.00100157  0.01752226
 -0.01356207  0.01520605 -0.00304371  0.01661528  0.00030434  0.00012732
 -0.00962291  0.00833502  0.00635067  0.01475298  0.00965997  0.01328852
  0.00066204 -0.01110325 -0.01584547 -0.01228133  0.00994607  0.01138569
 -0.01135367  0.01945501 -0.01503151 -0.0133478   0.01940016  0.00867137
 -0.00712766 -0.0041952   0.01663045 -0.01160849 -0.00324924  0.01442368
  0.00569934 -0.00806392  0.01902818 -0.01620567  0.00737699 -0.01742488
  0.01482911  0.01510929 -0.01669112 -0.01156392 -0.00439789  0.01374639
  0.01717172 -0.00144171 -0.0141901  -0.00475016 -0.00754472 -0.00943371
 -0.01229427  0.01434668 -0.01802631  0.01403063  0.01839835 -0.00969409
 -0.000393    0.00549887 -0.00853067  0.01606318 -0.00619177  0.01047758
 -0.00419064 -0.01649696 -0.01684635 -0.00195833  0.01668601 -0.00891753
 -0.01915299  0.00169186  0.001106   -0.0155835  -0.00871154 -0.0058747
 -0.01237492 -0.01284281 -0.01229252 -0.00094039  0.01826589  0.01702639]
-----------------------------------------------
[[ 1.  1. -1.  1.  1.  1.  1. -1.  1.  1.  1.  1.  1. -1.  1. -1. -1. -1.
   1.  1.  1.  1. -1. -1.  1.  1. -1.  1.  1. -1.  1. -1.  1. -1. -1. -1.
   1.  1. -1.  1.  1.  1. -1.  1. -1. -1. -1. -1. -1. -1.  1. -1.  1.  1.
   1. -1. -1.  1.  1.  1. -1.  1. -1.  1. -1. -1.  1.  1. -1. -1. -1.  1.
   1. -1.  1.  1.  1.  1. -1.  1. -1. -1. -1.  1.]
 [ 1. -1. -1. -1. -1. -1. -1. -1.  1.  1.  1. -1. -1. -1.  1. -1. -1. -1.
   1.  1. -1. -1.  1.  1. -1. -1.  1. -1. -1. -1. -1.  1.  1. -1. -1.  1.
  -1.  1.  1.  1. -1. -1.  1. -1. -1. -1.  1. -1. -1.  1. -1. -1. -1.  1.
  -1. -1.  1. -1. -1. -1.  1. -1. -1.  1.  1. -1.  1.  1.  1. -1.  1.  1.
  -1. -1.  1. -1.  1. -1. -1.  1.  1.  1.  1.  1.]
 [ 1.  1. -1. -1.  1.  1.  1. -1. -1.  1.  1. -1.  1.  1.  1. -1. -1.  1.
   1. -1.  1. -1. -1.  1.  1.  1.  1.  1. -1. -1.  1. -1.  1.  1. -1.  1.
   1.  1.  1.  1.  1. -1.  1.  1.  1.  1. -1. -1. -1. -1. -1. -1.  1.  1.
  -1. -1. -1. -1. -1.  1. -1.  1. -1. -1. -1.  1.  1.  1. -1.  1.  1.  1.
   1.  1. -1.  1.  1.  1. -1.  1. -1. -1.  1.  1.]
 [ 1.  1. -1. -1.  1.  1. -1. -1.  1. -1.  1. -1.  1. -1.  1.  1. -1.  1.
  -1. -1.  1. -1. -1.  1. -1. -1. -1.  1.  1.  1.  1. -1.  1. -1.  1.  1.
   1.  1.  1.  1. -1. -1.  1. -1. -1. -1. -1. -1.  1. -1. -1. -1.  1. -1.
   1.  1.  1. -1. -1.  1. -1.  1. -1.  1. -1.  1.  1.  1. -1.  1. -1. -1.
  -1.  1. -1. -1. -1. -1.  1. -1.  1.  1. -1. -1.]
 [ 1. -1. -1.  1.  1.  1.  1. -1. -1.  1. -1. -1. -1. -1. -1.  1. -1.  1.
  -1. -1. -1.  1. -1.  1.  1. -1.  1. -1.  1.  1. -1. -1. -1. -1.  1.  1.
   1.  1. -1.  1. -1.  1. -1.  1.  1.  1.  1.  1. -1.  1.  1.  1.  1. -1.
  -1. -1. -1.  1.  1.  1.  1. -1. -1. -1.  1. -1.  1. -1. -1. -1.  1. -1.
   1. -1. -1.  1.  1. -1. -1. -1. -1.  1.  1. -1.]
 [-1. -1. -1. -1. -1.  1.  1. -1. -1. -1.  1. -1. -1. -1.  1.  1. -1.  1.
   1.  1.  1. -1.  1. -1.  1.  1.  1. -1. -1. -1. -1. -1. -1. -1. -1. -1.
  -1.  1. -1.  1.  1. -1.  1. -1.  1. -1.  1.  1.  1. -1. -1.  1. -1. -1.
  -1. -1.  1. -1. -1.  1. -1.  1. -1. -1. -1.  1. -1. -1. -1. -1. -1.  1.
  -1. -1.  1.  1. -1.  1. -1. -1.  1.  1. -1.  1.]
 [-1.  1.  1.  1. -1. -1. -1. -1.  1.  1. -1.  1.  1. -1.  1. -1.  1. -1.
   1. -1. -1.  1.  1.  1. -1.  1.  1. -1. -1.  1. -1.  1.  1. -1.  1. -1.
   1. -1. -1. -1.  1.  1.  1.  1. -1.  1.  1. -1. -1. -1.  1. -1. -1.  1.
  -1. -1. -1. -1. -1.  1.  1.  1.  1. -1.  1.  1.  1. -1.  1. -1. -1. -1.
  -1.  1.  1. -1.  1. -1. -1. -1.  1.  1. -1.  1.]
 [ 1.  1. -1.  1.  1.  1.  1. -1.  1.  1.  1.  1.  1.  1.  1. -1. -1.  1.
  -1.  1.  1.  1. -1.  1. -1. -1.  1.  1. -1.  1. -1. -1. -1.  1.  1. -1.
  -1. -1.  1. -1. -1. -1.  1.  1. -1.  1. -1. -1.  1.  1.  1.  1.  1. -1.
   1.  1.  1. -1. -1.  1.  1. -1.  1.  1. -1.  1.  1. -1. -1. -1.  1.  1.
   1.  1. -1.  1. -1. -1. -1. -1. -1. -1. -1.  1.]
 [-1.  1.  1.  1.  1. -1. -1.  1. -1.  1. -1. -1.  1. -1.  1.  1. -1.  1.
   1.  1. -1.  1. -1. -1.  1.  1.  1. -1.  1.  1.  1. -1.  1. -1. -1. -1.
  -1. -1.  1. -1.  1.  1. -1.  1.  1.  1. -1. -1. -1. -1. -1.  1.  1.  1.
  -1.  1. -1. -1.  1. -1.  1.  1.  1.  1. -1. -1. -1. -1.  1. -1. -1. -1.
  -1. -1. -1. -1. -1.  1.  1.  1. -1. -1. -1.  1.]
 [-1.  1. -1. -1. -1.  1. -1. -1. -1.  1. -1.  1.  1.  1.  1.  1.  1. -1.
   1. -1.  1.  1.  1.  1. -1.  1.  1.  1. -1. -1.  1. -1.  1.  1.  1.  1.
   1.  1.  1. -1.  1. -1.  1. -1. -1.  1.  1. -1.  1.  1.  1. -1. -1. -1.
  -1.  1.  1.  1.  1.  1.  1.  1. -1.  1.  1. -1. -1.  1. -1.  1. -1.  1.
   1. -1.  1. -1.  1.  1. -1.  1.  1. -1.  1. -1.]]
-----------------------------------------------
