[[[[-0.16087871 -0.17695866  0.19589821  0.04931393  0.00554218]
   [ 0.30942079 -0.01020988 -0.37870121  0.17016447  0.05545278]
   [ 0.23788779 -0.10231704 -0.00716396  0.07936838 -0.35342111]
   [-0.2020415  -0.25000762  0.01731316 -0.22577701 -0.09864246]
   [ 0.15309227 -0.062178   -0.17319317 -0.03984522 -0.01272198]]]


 [[[-0.20101838  0.15186581  0.06542128 -0.09555307  0.3871652 ]
   [ 0.14042506  0.12289057 -0.07463294  0.08903635 -0.0178514 ]
   [ 0.09693642  0.21161173 -0.36942299  0.219197    0.30428844]
   [-0.34139055 -0.29830976 -0.09250664  0.10327916  0.22437092]
   [ 0.27974866  0.3169958   0.01416342  0.34667774  0.35037717]]]


 [[[-0.20477205  0.23860361 -0.32910425 -0.19354872  0.09955261]
   [-0.0059395  -0.22975166  0.0259772   0.17617854  0.29484442]
   [ 0.28420724  0.00521285  0.30081098 -0.28113854 -0.02751172]
   [-0.31990542 -0.19392635  0.13197049  0.39231403  0.13816706]
   [-0.29629913  0.22998382 -0.10833122  0.20393844 -0.01392468]]]


 [[[ 0.01355301  0.14351805 -0.01364622 -0.34387927 -0.31139761]
   [-0.03870959 -0.02378868 -0.06312795  0.2122111  -0.39321818]
   [-0.00341089 -0.05873427  0.32089584  0.11753526  0.07069827]
   [ 0.11844645 -0.26346288 -0.00668367  0.24832798 -0.12440071]
   [ 0.19693401 -0.02422493 -0.26803322 -0.34281139  0.26948622]]]


 [[[-0.16557933  0.35681052  0.37593642 -0.37886564 -0.12806964]
   [ 0.07938886 -0.0052321  -0.16132001  0.34906728 -0.12002916]
   [ 0.16293186  0.35611287  0.07170677 -0.25489879 -0.28376739]
   [-0.12926656 -0.17128308  0.20275989 -0.18517907  0.36219793]
   [-0.11935407 -0.14158879 -0.18208246  0.09090694  0.21390125]]]


 [[[-0.14051552 -0.22184717 -0.26728675 -0.39188325  0.0346409 ]
   [ 0.21273787  0.01843801  0.08176229 -0.00176797  0.1682425 ]
   [-0.27000249  0.34552024 -0.10038362  0.13657082 -0.16325317]
   [ 0.21514944 -0.25889888  0.06790535 -0.2061424  -0.17837783]
   [-0.12500336  0.02778587 -0.13529009 -0.1204384  -0.29898869]]]][0.36164437926077037, -0.2826187241725061, -0.04113171248578196, -0.07065089024342358, 0.24671053846958907, -0.30192260338230525]
-----------------------------------------------
[[ 0.4043991   0.15144499]
 [ 0.17246319  0.05660062]
 [ 0.05299646 -0.06320715]
 [-0.46552217 -0.33046799]
 [-0.38258966  0.10383491]
 [ 0.21134492 -0.0611706 ]]
-----------------------------------------------
[array([[[ 1.09111279e-01, -6.00110276e-02,  1.05548340e-01,
          8.82046336e-02, -3.71207881e-03],
        [-9.49907676e-02, -1.73510114e-02, -1.46387070e-01,
         -1.13495936e-01, -9.42891028e-02],
        [ 6.51244288e-02,  2.96043129e-02, -4.42672174e-02,
         -1.15135571e-02,  9.34640192e-02],
        [ 4.45143663e-02, -1.08552515e-01, -6.97506039e-02,
          9.06709856e-02,  1.27046447e-01],
        [ 1.31930146e-01,  1.54745723e-02,  7.43958372e-02,
          6.55761737e-02, -1.09638716e-01]],

       [[ 1.41735517e-01, -5.81233368e-02, -7.77248509e-02,
         -4.20569935e-03,  1.23055662e-01],
        [ 4.12283750e-02,  7.78930724e-02,  1.09571965e-01,
         -1.90163502e-02, -1.35998457e-01],
        [ 8.96770570e-03,  3.09180941e-03, -3.62978170e-02,
          1.46549120e-01,  3.53939795e-02],
        [-7.47168247e-02, -1.07506410e-01, -2.42800079e-05,
         -8.27044649e-02,  6.79152899e-02],
        [ 2.56285591e-02,  1.07159761e-01,  1.37257556e-01,
         -2.23433594e-02,  1.96873111e-02]],

       [[ 3.86943086e-02, -5.21130102e-02, -3.65754247e-02,
         -4.34879022e-02,  2.42877368e-02],
        [ 6.84322443e-02,  4.32250940e-02,  1.04748229e-02,
         -9.75184896e-02,  5.13222812e-02],
        [ 1.58956663e-02,  1.78897368e-02,  2.36847974e-02,
         -6.03325234e-02,  6.61138252e-02],
        [ 1.06452012e-01,  7.02424521e-02,  1.59522327e-02,
          7.24532707e-03,  1.55729853e-02],
        [ 1.07714350e-01,  8.50985674e-02, -4.55246221e-02,
          1.76811113e-02, -9.62779410e-02]]])
 array([[[ 0.12895867,  0.00266126, -0.10742282, -0.11565363,
         -0.05194125],
        [ 0.05066774, -0.03021155, -0.03330896,  0.08042255,
         -0.10775295],
        [-0.10258816,  0.0548113 , -0.06902541, -0.115167  ,
          0.14856274],
        [ 0.0071911 , -0.02950414, -0.04918055,  0.07430748,
          0.12101241],
        [-0.00847023,  0.04842362,  0.13493643,  0.10517803,
         -0.14902402]],

       [[-0.07840703,  0.14004497,  0.12865168, -0.0904931 ,
          0.06124391],
        [-0.09371947, -0.08480539,  0.05215475, -0.12318258,
         -0.13933113],
        [ 0.00344531, -0.12192236,  0.12274545,  0.06327775,
         -0.04026411],
        [-0.05119057,  0.00238952, -0.14301251,  0.0005239 ,
          0.01244069],
        [-0.06137896, -0.09030549, -0.10208325, -0.11943641,
          0.06372175]],

       [[-0.05243298,  0.01301042, -0.0502067 , -0.02498491,
         -0.02291134],
        [ 0.04418175, -0.09817975,  0.06214352,  0.05844628,
         -0.07859693],
        [ 0.12081884,  0.11611581,  0.13999341, -0.07295154,
          0.13355406],
        [ 0.01591594, -0.13114525,  0.05894464, -0.0803815 ,
          0.04717991],
        [-0.10752607,  0.00584787,  0.0572064 , -0.06248489,
          0.14861614]]])
 array([[[ 3.73686517e-02,  8.98831466e-02, -3.49840015e-02,
         -5.22845289e-02,  9.17668613e-02],
        [ 1.43268570e-02, -7.92678457e-02, -7.07932503e-02,
          1.38406385e-01,  9.64022891e-02],
        [ 9.27078591e-02,  1.08649264e-01, -6.03644108e-02,
          7.50319082e-02, -4.12583677e-02],
        [ 1.17997572e-01, -8.75035666e-02,  8.31000469e-02,
          5.86708894e-02, -5.11777494e-02],
        [ 7.04436652e-02,  1.00560170e-01,  4.91918254e-03,
          4.62703271e-02,  1.44114893e-01]],

       [[ 7.67960425e-02,  4.74777807e-02, -1.36835339e-01,
          3.86332160e-02, -1.15935359e-01],
        [ 3.09734007e-02,  9.23394487e-02,  4.16056958e-02,
         -6.96184824e-02,  2.15460765e-02],
        [ 2.48376738e-02, -1.46594712e-01, -3.95346116e-02,
         -2.02665891e-03,  1.33441813e-01],
        [ 1.35064452e-01, -3.01030722e-02,  2.57216860e-02,
         -5.97073479e-02, -1.19866427e-01],
        [ 1.05099703e-01, -1.15088020e-01,  4.26560961e-02,
         -6.14855609e-02,  1.05206165e-01]],

       [[-1.07492309e-01,  1.43066837e-01, -7.47633258e-02,
         -5.67479204e-02, -5.50493997e-02],
        [ 8.80890710e-02, -1.31717113e-01, -1.34986376e-01,
         -6.58745436e-02, -7.67395863e-02],
        [-9.95861073e-05,  1.38228052e-01,  1.26114638e-02,
         -4.99419171e-02, -1.49870003e-01],
        [ 8.81892447e-02, -9.79526581e-02, -5.90846592e-02,
          1.91677540e-02, -1.46115909e-01],
        [ 2.48760467e-02, -8.77185508e-02,  1.04869823e-01,
         -5.28564504e-02, -1.21896451e-01]]])
 array([[[-0.01573071,  0.12166755, -0.11897063,  0.09430647,
          0.07657796],
        [ 0.01345524,  0.12775143,  0.009906  ,  0.05833889,
         -0.14848559],
        [-0.07276175, -0.02263691,  0.13491258,  0.08391298,
         -0.03941614],
        [ 0.03813538,  0.03656205,  0.05147875,  0.04346606,
         -0.0090236 ],
        [ 0.0052406 ,  0.04735618,  0.13522275,  0.02383911,
          0.03539108]],

       [[ 0.021601  ,  0.06476618,  0.02525496,  0.01968328,
         -0.10998822],
        [-0.00738453, -0.06839738,  0.05340099,  0.08128689,
         -0.13130871],
        [ 0.09549233, -0.05581499, -0.10072321, -0.05148098,
          0.0181486 ],
        [ 0.08671131,  0.04708884,  0.14665256, -0.08500252,
         -0.0948004 ],
        [ 0.10446984,  0.00777925, -0.09754561, -0.12291382,
         -0.11764312]],

       [[-0.00632049, -0.02694003,  0.0020785 , -0.0118064 ,
         -0.06120526],
        [ 0.0227884 , -0.05241177,  0.08901636,  0.12895549,
         -0.03150776],
        [-0.10122245,  0.04939453, -0.07923028, -0.08187687,
          0.09376458],
        [-0.00634991, -0.14310412, -0.1477936 , -0.10217226,
          0.12874385],
        [-0.07904202,  0.12510899,  0.08743408,  0.09723281,
          0.0912879 ]]])
 array([[[ 0.14546152, -0.08364924,  0.12818549,  0.07013392,
         -0.00132059],
        [ 0.07534404, -0.09550659,  0.14286241, -0.08956069,
         -0.0131516 ],
        [-0.09193971,  0.05818724, -0.0683789 , -0.10674747,
         -0.06518467],
        [-0.05289833,  0.13745341, -0.03145272,  0.07354852,
          0.12829161],
        [ 0.07919435, -0.09190396, -0.11125997,  0.05287826,
         -0.05736531]],

       [[ 0.02437082, -0.0307314 , -0.10892062,  0.08729663,
          0.0504242 ],
        [ 0.11236426,  0.01909244, -0.00404543, -0.12355097,
         -0.13065346],
        [ 0.01894187,  0.0809056 , -0.09078202, -0.05328917,
         -0.13057583],
        [-0.02482054, -0.01642216, -0.03638655, -0.13820725,
         -0.07698496],
        [ 0.0596289 , -0.03889651, -0.02295097, -0.03562117,
          0.06594435]],

       [[-0.08270483, -0.0136978 ,  0.0762663 , -0.0132262 ,
          0.00830129],
        [ 0.13396903,  0.06371403,  0.06007536, -0.08822739,
          0.09505327],
        [ 0.03228923, -0.03048958, -0.0129166 , -0.10117062,
          0.14034884],
        [-0.10845138, -0.11646341, -0.0313151 ,  0.11748426,
          0.03449623],
        [ 0.08342158,  0.04849654,  0.04916034,  0.14832737,
         -0.09976239]]])
 array([[[ 0.11825785,  0.12319479,  0.10612512, -0.1098256 ,
         -0.12336256],
        [ 0.0816915 , -0.01487845, -0.09582075, -0.02642219,
          0.12198846],
        [-0.13765263,  0.04820193, -0.05240303, -0.07040765,
         -0.13693622],
        [ 0.04755803,  0.10530357,  0.14716629, -0.00663924,
         -0.08469349],
        [-0.12866046, -0.01042323,  0.08102808, -0.00492249,
         -0.13441127]],

       [[-0.12802163, -0.1099431 ,  0.13777903,  0.13511925,
          0.0647289 ],
        [ 0.14261924,  0.00910629,  0.01817553, -0.08222267,
          0.1205333 ],
        [ 0.14855705,  0.08395314,  0.14806934, -0.14459701,
          0.0329806 ],
        [ 0.05176817,  0.13955772, -0.12986098,  0.11503255,
         -0.07027562],
        [ 0.01355677, -0.07805468,  0.04724817,  0.02296149,
          0.09536866]],

       [[-0.10815985, -0.05875173,  0.01224865,  0.04199854,
          0.0378383 ],
        [ 0.00309305, -0.0983753 ,  0.09088269,  0.04141535,
          0.0771238 ],
        [ 0.04317047, -0.10260732,  0.05057525, -0.0705573 ,
          0.14985899],
        [-0.13999777, -0.01470257, -0.02552752,  0.02944391,
          0.12421107],
        [ 0.04932668,  0.02011701, -0.0283379 , -0.03097425,
         -0.0883758 ]]])
 array([[[-0.03977068, -0.0515754 ,  0.02535823,  0.11307285,
         -0.06632675],
        [-0.07115156,  0.08086727,  0.06044903, -0.09793723,
          0.01846919],
        [ 0.04695103, -0.03548787,  0.08554596,  0.01711209,
          0.06135652],
        [-0.01194991, -0.02703656,  0.06185914,  0.03778654,
         -0.09986436],
        [ 0.04513488,  0.07179138, -0.00284017, -0.04905548,
          0.09058103]],

       [[ 0.07733863,  0.04550761,  0.09000295,  0.08095048,
         -0.07618073],
        [-0.05747346, -0.00752939, -0.05841905, -0.02925898,
         -0.01147789],
        [ 0.07542685, -0.05149459, -0.05881649, -0.01700524,
         -0.09934471],
        [-0.09700454,  0.03612993, -0.09531121,  0.05745771,
          0.08230679],
        [ 0.0404767 , -0.04970871,  0.02876554, -0.02424815,
          0.10542206]],

       [[ 0.0456955 , -0.01504171,  0.00203732, -0.07644848,
          0.05380206],
        [ 0.09481136, -0.00872976,  0.05318938,  0.00680795,
         -0.11199114],
        [-0.0879151 ,  0.10930558, -0.08724635,  0.03545249,
          0.09028745],
        [ 0.09334394, -0.0254292 , -0.07623771,  0.10164196,
         -0.03612025],
        [ 0.10671949,  0.01929089,  0.07363043,  0.04595536,
         -0.07782551]],

       [[-0.02893356,  0.08308885,  0.10840988, -0.03918573,
         -0.05314214],
        [-0.03860881,  0.11311079,  0.0264307 , -0.06718096,
          0.09213866],
        [-0.08466816, -0.11336067, -0.04277501,  0.0630276 ,
          0.01586002],
        [-0.03578689,  0.10525816,  0.05725326, -0.08944923,
         -0.1065656 ],
        [-0.09736157,  0.0803988 ,  0.05580525, -0.04820468,
         -0.03460905]]])
 array([[[ 0.01730836, -0.00020096, -0.05167191,  0.0837688 ,
          0.07986704],
        [ 0.01719207, -0.03786382, -0.03211375,  0.02139537,
         -0.01044602],
        [ 0.04276525,  0.07472086, -0.08005021,  0.00304957,
         -0.09538566],
        [-0.03680376,  0.07082078,  0.06683734, -0.04640879,
         -0.01542665],
        [ 0.05102661,  0.09504474,  0.10762845, -0.01306686,
          0.05891066]],

       [[-0.00790523,  0.03242812, -0.00709222, -0.04628845,
         -0.05642748],
        [-0.0761323 ,  0.07117955, -0.00852823,  0.04507237,
         -0.08364407],
        [ 0.06314496,  0.1015779 ,  0.06354752, -0.11009921,
          0.0556441 ],
        [ 0.0942911 ,  0.02671793,  0.04421509,  0.03833546,
         -0.07110206],
        [ 0.08734084, -0.05082066, -0.01634296,  0.06008159,
         -0.00770364]],

       [[-0.09231342,  0.0888008 ,  0.11327095, -0.02465199,
          0.06051656],
        [-0.00339951, -0.02759358, -0.06479908,  0.05017761,
         -0.02212537],
        [-0.11208905, -0.0962946 ,  0.07129566, -0.03991385,
          0.08502633],
        [ 0.07872732, -0.02882898,  0.0549741 ,  0.06479426,
         -0.05438638],
        [-0.05752345, -0.05738639,  0.08063233,  0.01781721,
          0.02549442]],

       [[-0.0527112 ,  0.06633658, -0.03865294,  0.05431372,
         -0.10603477],
        [ 0.07747892,  0.02567153, -0.07081655, -0.06098066,
         -0.06159715],
        [-0.10335761,  0.09960649, -0.09189846, -0.01552969,
         -0.08337039],
        [ 0.01403023,  0.03890118,  0.07357671, -0.0121691 ,
          0.08890274],
        [-0.09532538,  0.00158007, -0.08189699, -0.05271621,
         -0.04474138]]])
 array([[[ 0.09088838, -0.02711797, -0.09275817,  0.00633961,
         -0.0032822 ],
        [ 0.01064474, -0.00966577, -0.04447072, -0.05516216,
         -0.10447612],
        [-0.00381073,  0.02371495,  0.08326492, -0.05273782,
         -0.08680173],
        [ 0.0589361 , -0.07910137,  0.0425005 , -0.05677381,
          0.00969485],
        [ 0.08736991,  0.04079634,  0.07136477, -0.01034306,
         -0.03767421]],

       [[ 0.0682158 ,  0.02567473, -0.02061217,  0.08577418,
          0.07850282],
        [-0.10755778,  0.0624606 ,  0.01251874, -0.05342827,
          0.02461221],
        [ 0.09699347, -0.01364342,  0.01903629, -0.00060918,
          0.00123823],
        [-0.11283469, -0.03370766, -0.02099186,  0.10030854,
          0.06639162],
        [ 0.07679572,  0.02291139,  0.10838203,  0.00134914,
         -0.03933816]],

       [[-0.07126381, -0.09453098,  0.00453262, -0.08702841,
         -0.02659509],
        [-0.11357798,  0.06392715, -0.08553822, -0.10629329,
          0.03694585],
        [-0.03679147,  0.05994513, -0.07167394, -0.00646669,
          0.08214917],
        [-0.10893276, -0.03772618,  0.08680765, -0.04677676,
          0.01249492],
        [-0.09127932, -0.0576995 , -0.02432339,  0.07874484,
         -0.08317124]],

       [[ 0.09549622, -0.07252019,  0.06514901, -0.0137009 ,
         -0.02984   ],
        [ 0.0840132 ,  0.03110417, -0.05222985, -0.06090833,
         -0.01727926],
        [ 0.01175355,  0.09016622,  0.02124472, -0.03891448,
          0.00097431],
        [-0.09618634, -0.02001311,  0.04082527, -0.03705832,
         -0.08193482],
        [-0.07821267, -0.08884101, -0.06286818,  0.03613996,
         -0.11407917]]])
 array([[[-0.10425561, -0.09406715, -0.00857392, -0.03044653,
         -0.0112109 ],
        [-0.09502598, -0.09631477,  0.02310501,  0.0774559 ,
          0.10186834],
        [ 0.09544121,  0.10243073,  0.02229342,  0.11270494,
         -0.0690854 ],
        [ 0.05803056, -0.10804773, -0.06817167,  0.06230508,
          0.00785123],
        [-0.08093202, -0.08273356,  0.03452772,  0.06410776,
         -0.05506168]],

       [[ 0.01290346,  0.0063451 , -0.0075341 , -0.05686984,
         -0.06277573],
        [ 0.07672728, -0.03950153, -0.07878626, -0.07807602,
          0.02890429],
        [-0.07700365,  0.09587787, -0.09599181, -0.01679141,
         -0.11421427],
        [ 0.01761047,  0.01676006,  0.08925487, -0.05323706,
         -0.04560724],
        [ 0.07318774, -0.09659667,  0.08532039, -0.08410688,
          0.05001381]],

       [[ 0.08654515,  0.04976961, -0.05535908,  0.05821965,
         -0.06182929],
        [ 0.10196455,  0.1053026 ,  0.01577359,  0.05724781,
          0.08956926],
        [-0.0051098 , -0.02610386, -0.0456645 ,  0.04102933,
          0.09909434],
        [-0.02576038,  0.08853114,  0.10519537, -0.01604137,
         -0.10544659],
        [ 0.04134453,  0.02332786,  0.05199576, -0.10145405,
          0.01930403]],

       [[-0.02783615,  0.01511715, -0.11016628,  0.03682564,
         -0.04083102],
        [-0.00570063, -0.03685976,  0.10522413,  0.0316303 ,
          0.06922876],
        [-0.08994222, -0.09809239, -0.06464267, -0.0938462 ,
          0.06660013],
        [ 0.05248584, -0.10729347,  0.03514069, -0.04707802,
         -0.03468624],
        [-0.10504398, -0.07129062, -0.0138755 ,  0.0654685 ,
          0.08248985]]])
 array([[[-0.10177751, -0.06811868, -0.02129755, -0.05048748,
         -0.01819475],
        [ 0.05562246,  0.01163666, -0.09065113,  0.07202971,
          0.04031867],
        [-0.07265749, -0.00902636, -0.09587314, -0.06056615,
         -0.05165527],
        [-0.06241366,  0.10304307,  0.02915748,  0.03244625,
          0.10120979],
        [ 0.00199292, -0.07420275, -0.08682199, -0.10584369,
         -0.09171767]],

       [[-0.04521312,  0.06683404, -0.0456817 , -0.06434544,
          0.03383866],
        [-0.02923913,  0.09033245, -0.03414259,  0.10194161,
          0.02864656],
        [ 0.01829546,  0.04325726,  0.08050596,  0.01782314,
         -0.04242597],
        [-0.07964895, -0.09622536, -0.0249076 ,  0.10887428,
          0.07205064],
        [ 0.072388  , -0.00858927,  0.04395051, -0.08257236,
          0.06508998]],

       [[-0.08000081, -0.04804021, -0.01453152,  0.07335501,
          0.01265518],
        [ 0.08821396,  0.05323602,  0.0487429 , -0.06321606,
         -0.00021139],
        [ 0.10079448,  0.06016245,  0.05063566, -0.00744006,
         -0.0001639 ],
        [-0.10127717,  0.04982541,  0.04671417,  0.06918688,
          0.09128501],
        [-0.09802123,  0.08521565,  0.10737073, -0.05080322,
          0.04082007]],

       [[ 0.07087153,  0.08341616,  0.07313588, -0.08220164,
         -0.05704524],
        [ 0.08316623,  0.01221198, -0.01296235, -0.01524649,
         -0.05255518],
        [ 0.11216775, -0.05202224,  0.04207182,  0.00316926,
          0.0347316 ],
        [-0.01819446, -0.01329712,  0.01242617,  0.10267559,
          0.10544569],
        [-0.10783881, -0.0177474 ,  0.11021329,  0.06952119,
         -0.10326317]]])
 array([[[-0.01408326,  0.05119859, -0.03184314, -0.11307085,
          0.00507348],
        [ 0.04279768, -0.0990067 ,  0.0691538 , -0.1108844 ,
         -0.03312351],
        [ 0.10138516,  0.09678644,  0.10525571, -0.10469995,
         -0.00599404],
        [-0.04176136, -0.01717048, -0.05884107,  0.06260511,
          0.03690801],
        [ 0.03350372,  0.00130578,  0.0450688 ,  0.00484177,
          0.03626824]],

       [[ 0.10216976,  0.07048634,  0.04211109,  0.08455622,
         -0.03924853],
        [-0.02809842,  0.04209089,  0.08549248, -0.06190962,
         -0.02229713],
        [ 0.04930366,  0.05149915, -0.07629197, -0.05180261,
          0.09640169],
        [ 0.00379795, -0.10480007,  0.10186891,  0.05037332,
         -0.04709738],
        [ 0.08377861,  0.0313497 , -0.08547509,  0.00266239,
          0.07422737]],

       [[ 0.04143162,  0.03251657, -0.08298996, -0.10020956,
          0.07758528],
        [ 0.02316073, -0.05050523,  0.11307392, -0.00915984,
         -0.00224028],
        [-0.01696779, -0.06132383,  0.04985401,  0.02578909,
         -0.02170396],
        [-0.09325697, -0.0616523 , -0.04120461,  0.10469653,
         -0.04455871],
        [-0.03912092,  0.06523052,  0.1113506 ,  0.01080832,
         -0.11332747]],

       [[ 0.03233252, -0.06646995, -0.10379511, -0.10342433,
         -0.07236653],
        [ 0.11284563, -0.02827918,  0.06315567, -0.08797142,
          0.08793723],
        [-0.04733921, -0.0889811 , -0.09197497,  0.07035122,
         -0.09555813],
        [ 0.03666328,  0.03758498, -0.04113458, -0.06327125,
         -0.00252894],
        [-0.05331842,  0.08121669, -0.04793299, -0.0108304 ,
         -0.0363977 ]]])
 array([[[ 0.0384584 , -0.03860082,  0.0246032 ,  0.06127164,
         -0.09774358],
        [ 0.06792763,  0.0934633 , -0.01802987,  0.05760008,
         -0.03821671],
        [-0.02393631,  0.07932038,  0.07061734, -0.04850564,
         -0.06761945],
        [ 0.08290577,  0.00642309,  0.00646392, -0.03480276,
          0.06161418],
        [-0.02846921,  0.0518576 , -0.02062264, -0.09310471,
         -0.05575991]],

       [[-0.00906429, -0.02919643, -0.00483422,  0.00296414,
          0.08572097],
        [ 0.08934675,  0.0904942 , -0.02004242, -0.05958191,
         -0.02909976],
        [ 0.07906075, -0.00426341, -0.06848034,  0.00421004,
         -0.01388363],
        [ 0.0508738 , -0.02656461,  0.0413609 , -0.05886769,
          0.00468978],
        [ 0.05135485,  0.06152746,  0.04878906, -0.02016812,
         -0.04746373]],

       [[ 0.08673353, -0.03698081,  0.09752837, -0.0066042 ,
          0.05323898],
        [ 0.10268   , -0.10778887, -0.01310759, -0.04617821,
          0.07265136],
        [-0.05470051, -0.0233388 ,  0.07312416,  0.09288914,
         -0.01541891],
        [-0.02345233, -0.04016677,  0.08287689,  0.01494381,
          0.07631354],
        [-0.08854504, -0.10950634, -0.03240518, -0.01277015,
         -0.09425337]],

       [[ 0.08188814, -0.05221982, -0.05829768, -0.00852338,
         -0.01093789],
        [-0.04672451,  0.08093473, -0.05308132,  0.10689508,
          0.05598435],
        [-0.03432516,  0.01913362, -0.0935571 ,  0.02443303,
         -0.11167154],
        [ 0.08363266,  0.00396564, -0.0953412 ,  0.04214253,
          0.02024681],
        [ 0.04851088, -0.02001637, -0.07020964, -0.09842536,
         -0.10414314]]])
 array([[[ 0.05107743, -0.07476624, -0.07986831, -0.10388953,
         -0.05483374],
        [ 0.02213795,  0.10244332,  0.00957921, -0.11381276,
          0.04293882],
        [ 0.06643653, -0.02043114,  0.09618214,  0.04585184,
         -0.0076548 ],
        [ 0.07879516, -0.03902925, -0.0449266 , -0.069729  ,
         -0.09331831],
        [ 0.09154668,  0.0799074 ,  0.06773534, -0.02807006,
         -0.00768123]],

       [[ 0.05260243, -0.03435691,  0.10120995,  0.04408066,
         -0.03628148],
        [ 0.04053303,  0.08315513,  0.02024515, -0.04080355,
         -0.10031325],
        [ 0.05624164,  0.05119888,  0.00904263, -0.00456225,
          0.05602255],
        [ 0.02620524,  0.10478749,  0.10131026, -0.05749184,
         -0.04693772],
        [ 0.01291389,  0.00118755, -0.04846533,  0.07255346,
          0.10771217]],

       [[ 0.00546297, -0.09623895, -0.02127489, -0.03268743,
          0.08788814],
        [ 0.01542926,  0.02785385,  0.06119538, -0.08485566,
         -0.0995906 ],
        [ 0.06558652,  0.01919706,  0.11126965,  0.03832209,
          0.1037905 ],
        [-0.06411148,  0.05302498, -0.0422141 , -0.05118893,
          0.09965683],
        [ 0.07374838, -0.10187566, -0.0225803 ,  0.02209488,
          0.01217674]],

       [[ 0.08046856, -0.0496329 , -0.07424345, -0.05959676,
         -0.09682522],
        [ 0.09928251,  0.02386803, -0.04186361,  0.01837689,
         -0.02232587],
        [ 0.0966177 , -0.07849059, -0.04288947,  0.10002255,
         -0.01747787],
        [ 0.08022502,  0.00461692,  0.04108923,  0.05020499,
          0.10976951],
        [-0.00840987,  0.10950943,  0.10976654,  0.10325964,
         -0.0425809 ]]])
 array([[[-0.02878491, -0.07792508, -0.05210235, -0.03827439,
         -0.10540986],
        [-0.00167899, -0.04352075, -0.06786075,  0.06279344,
         -0.0294335 ],
        [ 0.04651897,  0.02261277,  0.09192802,  0.01841667,
          0.07535929],
        [-0.05741804,  0.08805437, -0.0595147 , -0.05646009,
          0.00416601],
        [-0.10550402,  0.08315762,  0.09531794,  0.096864  ,
          0.09549121]],

       [[ 0.09100221, -0.028562  ,  0.07291483, -0.00255641,
         -0.10001997],
        [-0.05465922,  0.08296807,  0.02790531, -0.00543924,
          0.02496634],
        [-0.09377843,  0.04814314,  0.01071634,  0.05882761,
         -0.00146289],
        [-0.05878264,  0.10568372,  0.02848594,  0.04730827,
         -0.05405309],
        [ 0.0321907 , -0.04046722,  0.06869379, -0.00300992,
          0.04184387]],

       [[ 0.0682033 , -0.10199879, -0.07065661,  0.0563605 ,
          0.06770605],
        [ 0.06849981,  0.02026364,  0.06833331,  0.01973648,
         -0.0861786 ],
        [ 0.03518627,  0.08276401, -0.04379723,  0.00632882,
          0.0277595 ],
        [-0.00813835, -0.11229672, -0.00039754, -0.10999177,
         -0.02775564],
        [-0.02824704, -0.09095405, -0.11290702, -0.08790557,
          0.01262572]],

       [[-0.01114785,  0.08108311,  0.08020311, -0.08468989,
          0.01754429],
        [ 0.07406308, -0.03362467,  0.07666201, -0.05260866,
         -0.1107137 ],
        [-0.09126136,  0.06440098, -0.02294008, -0.00113414,
          0.11318906],
        [-0.09790182,  0.10252543,  0.10577499, -0.05309252,
         -0.07540161],
        [-0.00262643, -0.03465818,  0.07332915,  0.01134343,
          0.04569849]]])
 array([[[ 0.00240829, -0.00365852,  0.02816545, -0.05362577,
          0.07298198],
        [-0.00870596,  0.06058474,  0.03558292,  0.00695817,
          0.07410764],
        [ 0.03524788, -0.06371674, -0.06814728, -0.04087435,
          0.00950242],
        [-0.04552496,  0.02606212,  0.00410451, -0.05136852,
          0.02719166],
        [-0.0047774 ,  0.03871127, -0.03846357,  0.05958518,
         -0.05441031]],

       [[ 0.02825767, -0.06169829,  0.02723251, -0.03747816,
         -0.03241561],
        [ 0.00540837,  0.05495443,  0.02756671, -0.06305388,
          0.06920879],
        [ 0.0376728 , -0.07641431,  0.02184225, -0.06949584,
          0.03827591],
        [-0.02287545, -0.06186628, -0.005308  ,  0.01509833,
         -0.01983921],
        [ 0.05628979,  0.03593238,  0.0374087 , -0.05142225,
         -0.0477896 ]],

       [[-0.0126542 , -0.01516606, -0.00448396,  0.04970986,
          0.06330228],
        [ 0.02366985, -0.0546061 ,  0.06728057,  0.0147246 ,
          0.05609826],
        [-0.04738693,  0.03709403,  0.00443332,  0.04919018,
         -0.00018668],
        [-0.05926456, -0.04653673, -0.04657125,  0.04096592,
         -0.05934373],
        [ 0.05365055,  0.07715689, -0.01417941, -0.04788693,
          0.00452098]],

       [[-0.01823261, -0.00687099, -0.02771807,  0.01256046,
          0.02751979],
        [ 0.03451266,  0.0583363 ,  0.05406828,  0.01934813,
          0.03160621],
        [-0.01657893, -0.04937693,  0.03331862,  0.04740679,
         -0.01120319],
        [-0.02733611,  0.01410778, -0.03987581,  0.05367233,
          0.05250417],
        [ 0.04384803, -0.06641803, -0.03932406, -0.0084339 ,
          0.07316592]],

       [[-0.03127364, -0.01085624, -0.00543684,  0.0491838 ,
          0.00658417],
        [-0.02390727,  0.02448202,  0.00906332, -0.06301359,
          0.05156838],
        [-0.0106947 , -0.02050578,  0.0195182 , -0.03210794,
         -0.03109579],
        [-0.00519451, -0.0007703 ,  0.01664402,  0.0212705 ,
          0.01606258],
        [ 0.00680313,  0.01223914,  0.05407177,  0.06078165,
          0.01729605]],

       [[-0.03185666, -0.01298898,  0.00459742,  0.05330883,
         -0.06826448],
        [ 0.03681257,  0.01297132, -0.02174179, -0.05458118,
         -0.07041295],
        [-0.06695158,  0.04022533,  0.05184238,  0.04284207,
          0.02646372],
        [-0.0118023 , -0.0595173 ,  0.00261456,  0.01317497,
         -0.04428924],
        [ 0.00966178,  0.04590371, -0.06041507, -0.01283444,
         -0.01153406]]])][0.05877517164554516, 0.0552527545274174, 0.061883941471211734, 0.012439145791160205, -0.08897606195032184, -0.14649034814698678, 0.0860512813150315, 0.04560470672731788, -0.07296253888911322, 0.08320495352158754, 0.08356968237818292, -0.10103569004870104, -0.0010389217200764272, 0.10723206341939402, -0.036734997250857424, 0.05333925872654216]
-----------------------------------------------
[[ 0.30888833 -0.25994319]
 [ 0.35889041 -0.46906132]
 [ 0.30011467  0.30054758]
 [-0.40693551  0.28076789]
 [-0.11593969 -0.06355349]
 [-0.36947977 -0.29189251]
 [ 0.25964147 -0.34459025]
 [ 0.08471491  0.37738546]
 [-0.0426795   0.18094726]
 [-0.46087368  0.34162704]
 [ 0.04575663 -0.15607335]
 [-0.12624892 -0.41149943]
 [-0.29412728 -0.46617252]
 [-0.27869433 -0.2791451 ]
 [ 0.28856461 -0.09535588]
 [ 0.05400386  0.40998651]]
-----------------------------------------------
[[[[ 2.95450477e-02  7.96769276e-03 -3.10611391e-03 -7.69980489e-03
     3.45309053e-03]
   [-5.47221365e-03  2.84440020e-02  1.96361381e-02  6.76979440e-03
     7.73642164e-03]
   [ 2.58557724e-03  7.93709724e-03  1.96318381e-02 -2.96221327e-02
     1.26439823e-02]
   [ 6.30515220e-03  1.07372758e-02  1.71163118e-02  1.83536606e-02
    -1.10393725e-02]
   [-2.22429176e-02 -7.70204997e-03  1.61084553e-03 -1.79773322e-02
     1.69576811e-02]]

  [[ 7.67126527e-03 -9.63239743e-03  2.54285797e-02 -2.05368787e-02
     6.39292339e-03]
   [-2.62586017e-02  1.41578631e-02  1.11249554e-02 -2.45084473e-02
    -2.48585127e-02]
   [ 5.39666622e-03 -1.59961200e-02  2.55136673e-02  7.92682298e-03
     2.68768587e-02]
   [-1.16645005e-02 -1.84948524e-02  8.66302237e-03  1.65188803e-02
     1.72780056e-02]
   [ 1.18984894e-02 -1.19785583e-02 -6.19050144e-03  1.25080704e-02
    -1.96725720e-02]]

  [[-2.37762471e-02  1.34694021e-02 -1.31001369e-02 -1.52791722e-02
     6.46455054e-03]
   [-1.24688319e-02  1.44713030e-02  2.54464396e-02 -2.03587285e-02
    -2.70811400e-02]
   [ 2.91210248e-02  1.80618729e-02 -2.01306884e-03 -2.57902048e-02
     1.18059145e-02]
   [-2.22905168e-02 -1.91502807e-02  2.32608238e-02 -1.93122787e-02
     7.92791203e-03]
   [-2.27604345e-02 -4.26218535e-03  2.54660343e-02  7.37067668e-03
    -2.47640174e-02]]

  ...

  [[ 1.67184755e-02 -4.85229793e-03 -2.77174630e-02 -2.25228755e-02
    -2.21958549e-02]
   [ 1.07690070e-02  2.72871549e-02  2.20874679e-02  2.77331272e-02
    -1.67841525e-03]
   [ 3.37891010e-03  1.88175129e-02 -8.56967703e-03  1.48865506e-02
     1.88080170e-02]
   [ 2.60803837e-02  2.86671555e-02 -2.87103407e-02  1.05503261e-02
    -2.05269042e-02]
   [-3.47519616e-03  1.17511718e-02 -1.08554355e-02 -2.84013453e-02
     5.51328080e-03]]

  [[ 2.26126699e-02 -6.99842689e-03  1.57004361e-02 -6.21213168e-03
    -2.64779442e-02]
   [-2.01856432e-02 -2.25396904e-02  2.14716914e-02  1.50976931e-02
    -6.46104403e-03]
   [-2.05330111e-03  1.93932225e-02  2.58933903e-02  1.09158615e-02
     7.37645545e-03]
   [ 3.15906238e-03 -7.30664675e-03 -2.71156639e-02 -8.97796093e-03
    -1.83140840e-02]
   [-2.17929364e-02 -1.49372687e-02 -1.38510656e-02 -1.46927711e-02
     2.80277401e-02]]

  [[-6.59300540e-03 -2.67476012e-02  1.69129308e-02  2.93893289e-02
    -3.88517518e-03]
   [ 1.31453741e-02 -7.76510629e-03  8.50601997e-03 -1.83606575e-03
    -1.44730016e-02]
   [ 2.02700780e-02 -6.66902820e-03 -9.15291265e-04 -2.15822645e-02
    -1.55532049e-02]
   [-6.22516797e-03  2.71536583e-02  7.52909091e-03 -1.33380312e-02
    -1.91864036e-02]
   [ 1.52094761e-02  2.66398878e-02 -2.39067042e-02 -2.86788062e-02
    -1.10983221e-02]]]


 [[[-2.29987550e-02 -2.84148188e-02  1.73797699e-03 -9.21418451e-03
    -2.51467683e-02]
   [-6.18580027e-03  2.43917108e-03  9.74074273e-03  1.25562940e-02
    -2.54759745e-02]
   [-1.32400164e-03 -1.88915909e-02 -1.80108425e-02  2.66826642e-02
     4.95103046e-03]
   [ 2.87937408e-02 -2.95733700e-02  1.24981936e-02 -2.58042270e-02
     2.63515105e-02]
   [ 2.32820020e-02  7.48426095e-03 -2.09810171e-02 -2.79510715e-02
     6.89126035e-04]]

  [[ 7.63071241e-03  2.74706672e-02  5.34270489e-03  6.86180383e-03
     2.31247297e-02]
   [ 1.53439243e-03 -1.85796594e-02 -6.34978509e-03 -1.34986224e-02
    -1.61611368e-02]
   [ 1.18613020e-02  2.90524185e-02 -1.20481362e-02 -2.76184851e-02
     2.79646187e-02]
   [-8.02832714e-03  8.22637726e-03 -2.04717513e-03 -3.75088124e-03
     1.62209867e-02]
   [-6.21565766e-03  1.71246620e-02  2.67523535e-02 -4.82776454e-03
    -5.08013418e-04]]

  [[ 1.26904460e-02 -4.87669292e-03 -2.89137014e-02  7.71559709e-03
     2.32169651e-05]
   [-1.31931989e-02  3.65814072e-03 -2.02814462e-04 -8.80209550e-03
     2.13352388e-02]
   [ 7.40770867e-03  1.40579918e-02 -2.23630626e-03 -1.88018465e-02
     2.75277313e-02]
   [ 3.95284400e-03 -1.53167793e-02 -3.75887843e-03 -2.38528364e-02
     1.94408503e-02]
   [-8.76201148e-03  3.38533914e-03  2.22342319e-02  3.59001579e-03
    -7.23672771e-03]]

  ...

  [[-2.30900521e-02 -6.11039046e-03  2.13203991e-03  2.64792310e-02
    -1.49337669e-02]
   [-2.93671501e-02  1.04986236e-02  1.78610174e-02  2.56553283e-02
     4.50227945e-03]
   [ 4.60971549e-03 -3.00713843e-03 -2.04852654e-02 -2.02335938e-02
    -1.68520140e-02]
   [ 3.32343951e-03  1.87369240e-02  1.62797136e-02 -1.26143731e-02
     2.67364123e-02]
   [-2.47180776e-02  4.36081231e-03 -1.88990975e-02  2.68142835e-02
    -2.50098156e-02]]

  [[-2.04594584e-02 -2.88011878e-02  1.09846338e-02 -1.63755189e-02
    -2.73852265e-02]
   [ 1.63361528e-02 -5.68720521e-03 -2.11512558e-02 -1.81835953e-03
    -2.47323703e-02]
   [ 2.63116789e-02  7.70895470e-03 -2.14113026e-02 -2.07727592e-02
    -1.67164983e-02]
   [-2.87160962e-02 -4.82125709e-03  1.77220174e-02  1.97683039e-02
    -2.35755993e-02]
   [ 1.21201717e-02 -2.35548275e-02 -9.36372907e-03 -5.64443256e-05
     2.08932928e-02]]

  [[-5.17674909e-03 -5.76130403e-03 -1.07636432e-02 -6.64955216e-03
     1.59302061e-02]
   [-3.50333708e-03 -2.82275876e-02  1.71095026e-03 -2.25796326e-02
     4.08214846e-03]
   [ 1.16937257e-02 -3.09323046e-03 -2.78126023e-02  1.65561175e-02
    -1.11555198e-02]
   [-1.98306920e-02  8.04406570e-03  2.64540444e-02 -1.69844558e-02
    -2.31920216e-02]
   [-4.95866688e-03 -8.64941470e-03 -2.25978394e-02 -2.91243144e-02
    -2.52667291e-02]]]


 [[[-1.75430976e-02 -2.02550394e-02 -2.45895646e-02  1.90080451e-03
     2.05674548e-02]
   [-2.73579736e-02 -7.49847145e-03  2.32337885e-02 -3.71696831e-03
    -1.18365801e-02]
   [ 5.32872962e-03 -5.57373286e-04 -1.45887848e-02 -2.45536879e-03
    -1.39685987e-02]
   [-4.54236968e-03 -2.61773107e-02 -3.26677727e-03 -8.17988056e-03
     9.17235436e-03]
   [ 1.03559886e-02  1.63678737e-02 -2.84262926e-02  4.46954469e-03
     1.76566169e-02]]

  [[ 5.98269928e-03 -4.90308363e-03 -2.18584986e-02  4.43101019e-03
     2.29675017e-02]
   [ 1.42363020e-02 -1.13995013e-02 -6.50788419e-03 -7.71719470e-03
    -1.65685845e-02]
   [-2.53965412e-02  6.27973018e-04 -1.59209322e-02 -2.26382005e-02
    -4.09721164e-03]
   [-2.76412334e-02 -1.55474802e-02 -5.46888809e-03  1.83436997e-02
    -1.86787578e-02]
   [ 8.74088211e-03 -2.57093867e-03 -1.02990664e-02 -2.87332673e-03
     1.92481240e-02]]

  [[-1.67421199e-03  1.31294640e-02 -1.21507097e-02 -6.49280758e-03
     4.87875290e-03]
   [ 9.65685271e-03 -1.31768036e-02  2.54773568e-03 -4.86097173e-03
     2.45066115e-02]
   [-2.95761906e-02 -1.56132121e-02 -5.25914412e-04  3.28056485e-03
     1.80228841e-02]
   [-1.83348973e-02  2.64019808e-02 -2.27400926e-02 -1.73568584e-02
     6.67404074e-03]
   [-1.82850899e-02 -1.46250489e-02 -1.13550428e-02 -2.79426095e-02
     2.88719658e-02]]

  ...

  [[ 3.47551176e-03 -2.72349500e-02  1.46294943e-02 -2.75382488e-02
    -1.86735297e-02]
   [-2.72603227e-02 -2.46926435e-02 -1.20233969e-02 -1.51375053e-02
    -2.22571888e-02]
   [ 1.05576089e-02  7.00504181e-03 -1.77238259e-03  1.72081348e-02
     2.15444488e-02]
   [-1.90930330e-02 -2.38183844e-02 -3.54458344e-03  2.32868040e-02
    -6.65871199e-03]
   [-2.02711331e-02 -1.67747742e-02  6.52979936e-03 -2.75193130e-02
     2.66578696e-02]]

  [[ 1.37717703e-02 -2.25178422e-02  1.57144401e-02  1.87121173e-02
     1.37606143e-02]
   [-2.17915997e-02 -2.85722750e-02 -2.22198906e-02  3.79468228e-03
    -1.40797091e-03]
   [-2.82849214e-02 -8.72355211e-03  4.70895790e-04  1.01524921e-02
    -2.24105912e-02]
   [ 2.76968682e-03  1.02970242e-02  2.70332246e-02 -1.42346911e-02
    -2.32385910e-03]
   [-7.41200815e-03  2.90705036e-02 -4.38104088e-03 -2.59995685e-02
     9.96640432e-03]]

  [[ 1.33755565e-02 -2.52955535e-02  2.17004361e-02 -2.71756681e-02
     2.76040415e-02]
   [-1.16784405e-02  2.54685371e-04  2.93212254e-02 -1.36772498e-02
    -6.94348418e-03]
   [-2.64541096e-02 -1.54111727e-02  7.84898751e-03  2.29330592e-02
     8.81681640e-04]
   [ 1.89482399e-02  1.83073257e-02  7.31866302e-03 -3.46735083e-03
     1.61610895e-02]
   [-9.97015640e-03 -1.79002442e-02  1.53471390e-02 -4.19530370e-03
    -2.65734124e-02]]]


 ...


 [[[ 5.62657171e-03 -1.36045392e-02  3.09597028e-03 -2.06870154e-02
     4.90150216e-03]
   [ 8.15161967e-03  2.74299946e-02 -1.57144036e-02  3.13076384e-03
    -2.54290659e-02]
   [-2.02706591e-02  2.20710012e-02  2.48745654e-02 -2.20365414e-02
     7.15264771e-03]
   [ 2.29959808e-02 -1.45313601e-02 -1.38362154e-02  1.42431805e-02
    -9.09223979e-03]
   [ 5.49499730e-03  2.47413621e-02 -2.28034049e-02  1.82954433e-02
    -2.14797563e-02]]

  [[ 8.83654683e-03 -1.23887843e-02  2.68355214e-02  1.09916729e-02
    -2.77839808e-02]
   [ 5.47631532e-03 -1.84254882e-02  2.55680559e-02  2.19149812e-02
    -2.23772896e-06]
   [-2.47578793e-02 -1.09481759e-02 -2.58445548e-02  1.19147278e-02
    -1.57556603e-02]
   [-2.72608260e-02 -1.42432252e-02  1.52312735e-02 -2.40076639e-02
     1.64781432e-02]
   [-7.50738032e-03 -2.59297072e-02 -9.43306551e-03  1.20250126e-02
    -3.95451779e-03]]

  [[-9.55371245e-03 -2.82920654e-02  1.77397161e-02 -1.61603828e-02
    -2.34810055e-02]
   [ 1.77509584e-02 -4.77355017e-03  1.18919054e-02  1.65090863e-02
    -2.55441310e-02]
   [-1.56187091e-02 -1.24826728e-02 -4.12812449e-03 -6.57819650e-03
     5.17121366e-03]
   [ 3.07379027e-04 -1.28833088e-02 -2.48802977e-03 -8.96336154e-03
     3.01704783e-03]
   [ 1.05703886e-02  8.11985090e-03 -2.82139662e-02 -2.53103767e-02
    -2.48284347e-02]]

  ...

  [[-9.29754841e-03  8.85680043e-03  4.76863562e-03  1.70184008e-02
     1.10982650e-02]
   [-1.41791587e-02 -2.92517335e-02 -1.26597679e-02  1.67954789e-02
     2.22735502e-02]
   [-2.10493631e-02 -1.42588795e-03  9.13185441e-03 -1.82815928e-02
     2.39147555e-02]
   [-2.25845881e-02 -2.73841310e-02 -1.15658183e-02  4.58519384e-03
    -2.17059478e-02]
   [-1.18421966e-02 -2.75920301e-02 -1.59239863e-02  1.06252958e-03
     1.22575195e-02]]

  [[-2.95861089e-02 -1.57214957e-02 -3.26681410e-03 -1.96897397e-02
    -1.19883670e-03]
   [ 1.27166384e-02 -7.38237814e-03  4.09432875e-03 -1.84682279e-02
    -2.06986763e-02]
   [ 6.48498567e-04 -1.05749121e-02  2.66886729e-02  6.28394887e-04
     2.69788671e-02]
   [-2.92435291e-02  2.51760151e-02 -1.60892576e-02  2.10874250e-02
     8.19324023e-03]
   [-2.41397933e-02  1.63021652e-02 -2.85254226e-02 -1.28263716e-02
    -2.89975293e-02]]

  [[ 1.04084332e-02  3.05382859e-03  2.44970074e-02  9.18917013e-03
     1.42795382e-03]
   [-6.49316011e-03 -2.87894019e-02  1.10193821e-02 -2.40169413e-02
    -2.42362278e-02]
   [-2.82395924e-02 -2.11537647e-02 -1.66849781e-02 -1.73977804e-02
     3.39839449e-03]
   [ 1.31750326e-03  2.12857029e-02  2.33520159e-02  4.21183161e-04
    -2.47790452e-02]
   [-3.96380838e-03  1.15364964e-02  2.61772454e-02 -2.69365808e-02
    -1.22940079e-02]]]


 [[[ 6.26863996e-03 -2.48618452e-02  1.25161466e-02 -2.45316418e-02
    -1.18587185e-03]
   [ 8.24773546e-03 -2.41834542e-02 -7.23891858e-03  1.20571725e-02
     2.66479200e-02]
   [ 2.88456876e-03 -6.38904975e-03 -7.55260668e-03  1.83313176e-03
    -1.59928980e-02]
   [ 5.48060162e-03 -1.47820877e-02 -1.14716199e-02 -1.84870638e-02
     2.19401116e-02]
   [ 2.01160632e-02  1.09355595e-02 -2.81174433e-02  8.06671223e-03
    -9.30402863e-03]]

  [[-1.67519875e-02  1.83279706e-02 -7.35490119e-03 -2.86295632e-02
     1.04792796e-03]
   [-1.35648996e-02  1.99304117e-03  2.76722663e-02 -2.63730807e-02
    -2.30203223e-02]
   [-4.99550788e-04 -2.62499957e-02  1.05084458e-02  2.29008693e-02
     8.67677603e-03]
   [-6.98612637e-03 -1.42019926e-02 -3.06246579e-03  9.54162494e-03
    -7.15916828e-03]
   [-4.62953610e-03  2.63161253e-02  1.29829459e-02  7.11504178e-04
    -2.90211397e-02]]

  [[-2.33146043e-02 -1.44439861e-02  2.66227815e-02  2.49592423e-02
    -1.93677495e-02]
   [ 4.45373411e-03  7.53549808e-03  1.46319277e-02 -1.02719127e-02
    -2.08332122e-02]
   [-2.20374350e-02 -5.21067430e-03 -1.55432989e-03  1.84675353e-02
     1.37541546e-02]
   [-2.22295672e-03 -1.04097382e-02 -2.04433202e-02 -5.11966261e-03
    -1.86241744e-02]
   [ 2.49670853e-02 -1.57283124e-02  1.29619745e-02 -1.00117031e-02
     6.50806252e-03]]

  ...

  [[-2.09120637e-02  2.18806636e-02  2.23875332e-02 -2.13591325e-02
    -1.84810583e-02]
   [ 3.00935447e-04  1.62187484e-02 -1.54313617e-02 -1.87178707e-02
     1.17634341e-02]
   [ 1.11222689e-02  2.62411295e-02 -1.84227666e-02 -2.81344843e-02
     1.71938085e-02]
   [ 1.23423883e-02  4.85749854e-03  7.77746089e-03 -1.68221460e-02
     1.57691106e-02]
   [ 2.90835898e-02  1.87812525e-02 -1.71122254e-02  5.47008242e-03
     2.28763071e-02]]

  [[ 2.60123138e-02  1.65034210e-02 -2.67267806e-02  1.44589945e-02
    -2.83803137e-02]
   [-2.79423009e-02  1.85978179e-02  1.91599539e-02  7.70890183e-03
    -1.76901415e-02]
   [ 1.79977801e-02  1.16700012e-02  2.85805475e-02 -1.67392676e-02
    -1.52710621e-02]
   [-2.15186266e-02  1.69787061e-02 -1.53273220e-02 -1.28932315e-02
     1.81745886e-02]
   [-2.21185380e-02  5.60752158e-03  2.00944194e-05  2.92758291e-02
    -1.36716553e-02]]

  [[-3.34732307e-03  1.88675858e-02  2.85952783e-02  1.29669045e-02
     3.15842367e-03]
   [-1.42481572e-02  2.41783888e-02  1.26715826e-02  2.89599643e-02
    -3.87144578e-03]
   [-1.41913654e-02  4.43500865e-03  2.48513604e-02 -1.00163380e-02
     1.80056746e-02]
   [-2.24677094e-02  2.52022428e-02 -1.22506159e-02  1.91622857e-02
    -2.77757973e-02]
   [ 2.85049161e-02 -2.72016921e-02  3.76901846e-03 -1.73612290e-02
     1.24672141e-02]]]


 [[[-2.30708966e-02 -1.39570556e-02 -1.06942774e-02  2.81585459e-02
    -1.78000665e-02]
   [-2.30027434e-02 -7.34780307e-03  1.51706789e-02  2.35736219e-02
    -2.93226598e-02]
   [-1.56741154e-02  1.45993245e-03  7.17370251e-03  1.96152109e-02
    -4.58966342e-03]
   [-3.97426679e-03 -2.60939033e-02 -1.51617926e-02  9.22787144e-03
    -2.35704476e-02]
   [ 3.73668627e-03  2.40674970e-02 -1.37416239e-02  1.70448534e-02
     4.50073963e-03]]

  [[-2.80096822e-02  1.63820101e-02  4.63052037e-03  2.52641233e-02
     1.63789607e-02]
   [ 8.93168488e-03 -2.54755014e-02  1.76397999e-02  8.32852100e-03
    -2.54754736e-03]
   [-2.07756142e-02  1.13162142e-02 -2.97292139e-04  2.55767312e-02
    -2.59236567e-02]
   [ 1.18786654e-02 -2.52139994e-03  1.23838599e-02 -1.87131508e-02
     2.64478787e-02]
   [-9.50726021e-03 -2.64805873e-02 -2.89362093e-02 -2.11432544e-02
     1.06541844e-02]]

  [[ 1.48371967e-02 -2.34796327e-02  1.55121470e-02  2.76025998e-02
     1.05775804e-02]
   [-1.06964922e-03 -2.18599523e-02  2.28429175e-02  6.98091547e-03
    -7.72661038e-03]
   [-2.37485864e-02 -1.80573283e-02 -1.12067707e-03  5.25242391e-03
     1.00728778e-02]
   [-1.78229257e-02 -5.71115774e-03 -1.20375314e-02 -2.30941521e-02
    -1.47673750e-02]
   [-8.84174709e-03  1.35490327e-02  2.72622797e-02 -2.84767219e-02
     7.00967808e-03]]

  ...

  [[-3.72688274e-03 -1.97484953e-02 -5.95607116e-03  1.03953875e-02
     2.92525451e-02]
   [-5.17732555e-03 -2.69301243e-02 -5.63714258e-03 -9.44084797e-03
     1.38373812e-02]
   [ 2.52029316e-02  1.24376792e-02  2.21248625e-02 -2.65391710e-02
    -1.00113466e-03]
   [ 1.68941237e-02 -4.12151329e-03 -2.02581031e-02  1.04719411e-02
     7.81753409e-03]
   [ 9.56442374e-03  2.57337641e-02  1.22660791e-02 -7.52012486e-03
    -1.01066979e-02]]

  [[ 1.85930451e-02 -1.82695513e-02 -1.40386241e-02 -1.52729698e-03
     6.02022810e-03]
   [ 2.24183920e-02 -2.90649101e-02  6.13482323e-03  1.56710069e-02
    -1.23878582e-02]
   [-2.80555092e-02 -2.45679122e-02 -1.73063917e-02  2.47765370e-02
    -2.16330673e-02]
   [ 2.03421066e-02 -2.23636360e-02  8.50610886e-03  2.11051370e-03
     2.38337793e-03]
   [-2.24325937e-02 -3.40563960e-03  2.94801340e-02  5.46687063e-03
     8.24832115e-03]]

  [[ 2.75040836e-02  1.16134373e-02 -1.04412082e-03 -2.44285386e-02
     2.85847524e-03]
   [-1.01778481e-02  2.07171498e-02  1.72928614e-02  1.38213131e-02
     2.33157788e-02]
   [-5.40584785e-03  2.81973337e-02  7.87222857e-03  3.83455859e-03
    -4.42958659e-03]
   [ 1.74769034e-02  1.57182119e-02  5.99939937e-03 -2.76490376e-02
    -1.71161908e-02]
   [-2.86985888e-02  3.93725493e-03  1.82773201e-03 -1.13171979e-02
    -5.77843332e-03]]]][0.02344118471168331, -0.006255886173787081, 0.0127752006795783, -0.00800717492176144, -0.01866176007227789, -0.0035521745769591766, -0.01919183630150921, 0.003820902250583163, -0.011483676213326847, 0.01856499994604462, -0.005373679403415401, -0.007626693265497933, -0.023874879577607384, -0.004428935119999509, 0.014648428945290667, 0.017226991156815526, 0.011109563564276653, -0.029318479251434493, 0.001067743891580493, 0.007119064952884353, 0.026473174594798383, 0.0023306698537048955, 0.0003230336035633524, -0.02355825228410924, -0.007419133884902108, 0.0003896747112926355, 0.017289710739384543, 0.014553035463917393, -0.010994787664008781, 0.0018065340815874749, -0.003709938230908514, 0.021268752837313127, 0.013714615890162842, -0.011174896695175976, -0.00027341160046361404, 0.009551587049468072, 0.019653530507722537, -0.0200339108364643, 0.024407183096452758, 0.018655584900474965, -0.027096190628437707, -0.0025685962270919106, 0.013446471835281585, 0.004737376334218491, 0.0018086188222133474, -0.02368074639328496, 0.0027892177674695047, 0.0006194121707291389, 0.004157280941168708, 0.007474181555357836, 0.011514038291075942, -0.02866388248841378, -0.005319524734191099, -0.016001521634063223, 0.025162026522148367, -0.01618447331355331, 0.026323574946390215, 0.011497201555677957, -0.028699857579626287, 0.010634839597965181, 0.02101826908102525, -0.0069130822090498235, -0.006079066892617963, -0.001841346387836923, 0.0113962424062681, -0.012058297502486399, -0.013085671883257512, -0.009146301172594653, -0.0057052908016288935, 0.004768487953055001, -0.013528995253773875, 0.008717051277437968, -0.025126245709154144, -0.027667587009691193, 0.007153043420812997, 0.012636560348974969, 0.017076477022551512, 0.004442072751560385, -0.02076091272374876, 0.008568085156639645, 0.022390008202820496, 0.01575782877161035, 0.008686792038228603, 0.012905562041716011, 0.025315342559500045, 0.021219383840636267, 0.0006613766880578867, 0.00794931775568367, -0.007643036785636825, -0.017936016993218274, -0.023794407350688523, 0.015829970877389053, -0.015520776220957797, 0.019729264471026183, 0.028950690296836817, -0.0005954097569530643, -0.01989585426472488, 0.0239198445424425, -0.02143081197296956, 0.01593227847349277, -0.0009597613410434226, -0.008093560377588696, -0.0017161903975566294, -0.023830324983482233, 0.02613905880418559, -0.016145176365245144, -0.02377873120447379, -0.020080339915828447, 0.025658335026189426, -0.026311718335701388, -0.01646093910550546, 0.006673707027257548, -0.006835711054120806, -0.005074989123116588, -0.013945186236965088, -0.0063250256418663844, 0.0170517752414629, 0.007859960173907946, 0.02154382876167885, -0.0005936720695687119]
-----------------------------------------------
[[ 0.00096649 -0.0162577  -0.01295415 ... -0.0072749  -0.0086835
   0.00119282]
 [-0.0180701  -0.00536276  0.00081459 ...  0.01479664 -0.00897433
   0.00594768]
 [-0.0034349  -0.00346804  0.00719831 ...  0.01852813  0.01549586
  -0.01940058]
 ...
 [-0.00198684  0.01582608 -0.011373   ...  0.00584317 -0.01165367
   0.01567637]
 [ 0.00497765 -0.01978401  0.00233295 ... -0.00374087 -0.01136467
  -0.00511544]
 [-0.00114491  0.01113217  0.00430504 ... -0.01953379  0.00844933
   0.01011307]][ 0.01301628 -0.01953529  0.0025987   0.0147242  -0.00363088 -0.00480501
 -0.00681098  0.00305448 -0.01131348  0.00293444  0.00536633 -0.01354551
  0.01892857 -0.01468556  0.01465191  0.00522666 -0.0151296  -0.01603225
  0.0044761  -0.00344702  0.00426838  0.01436263  0.00513425 -0.01554813
  0.00189739  0.01252478  0.00724237 -0.00835279 -0.00413205 -0.00188282
 -0.01018161  0.0024548  -0.0056934   0.01134872 -0.01510425  0.01630023
  0.0123654  -0.01359797 -0.01161032  0.00093792  0.01254326 -0.00621594
 -0.00238897 -0.00261755  0.00537038  0.01046377 -0.01772202 -0.01319463
  0.0002165  -0.0011807  -0.01453549 -0.00473966  0.00263838 -0.00275976
  0.00364557  0.01343017 -0.0042412  -0.01086297 -0.00688352  0.01378803
 -0.00814194  0.00764258 -0.00453214  0.01316618  0.00305005 -0.00216293
  0.01191004  0.00256382 -0.00433988  0.01950474  0.00062151  0.01010627
 -0.01799924  0.01624916 -0.00452138  0.00481134 -0.01220348 -0.00459428
  0.00921397 -0.00712866 -0.00611642 -0.01527519  0.00224987 -0.00494623]
-----------------------------------------------
[[-1.  1.  1. -1.  1.  1.  1.  1.  1. -1.  1. -1.  1.  1.  1. -1.  1.  1.
   1. -1. -1. -1.  1. -1.  1. -1. -1.  1.  1.  1. -1.  1.  1.  1. -1.  1.
  -1.  1. -1.  1.  1.  1. -1. -1.  1. -1.  1. -1.  1.  1.  1. -1.  1. -1.
  -1.  1.  1. -1.  1.  1. -1. -1.  1.  1.  1.  1. -1. -1. -1.  1.  1. -1.
  -1. -1.  1.  1.  1. -1.  1.  1.  1. -1.  1. -1.]
 [ 1.  1.  1. -1.  1.  1.  1.  1. -1.  1. -1. -1. -1. -1.  1.  1.  1. -1.
  -1.  1.  1. -1.  1. -1.  1. -1. -1. -1. -1. -1.  1. -1.  1.  1. -1.  1.
  -1. -1. -1.  1.  1.  1.  1. -1.  1.  1.  1.  1. -1.  1.  1.  1. -1. -1.
   1.  1. -1.  1. -1.  1.  1. -1.  1.  1. -1.  1.  1. -1.  1. -1.  1. -1.
   1. -1. -1.  1.  1. -1.  1. -1. -1.  1. -1.  1.]
 [ 1. -1.  1.  1. -1. -1. -1.  1. -1.  1.  1.  1.  1. -1. -1. -1.  1.  1.
  -1. -1. -1. -1.  1. -1. -1.  1.  1.  1. -1. -1.  1.  1.  1. -1. -1. -1.
  -1.  1.  1.  1.  1.  1. -1. -1. -1.  1. -1. -1. -1. -1.  1.  1.  1.  1.
  -1.  1.  1.  1. -1. -1.  1. -1. -1.  1. -1.  1. -1.  1. -1. -1.  1. -1.
   1. -1.  1. -1.  1. -1.  1.  1.  1. -1.  1.  1.]
 [-1.  1.  1.  1.  1. -1. -1. -1. -1. -1. -1. -1.  1.  1.  1. -1.  1.  1.
   1.  1.  1. -1.  1.  1.  1.  1.  1.  1.  1. -1. -1.  1. -1.  1. -1. -1.
   1.  1. -1. -1.  1.  1.  1. -1. -1. -1.  1.  1. -1.  1. -1. -1.  1. -1.
   1.  1.  1. -1.  1. -1. -1.  1.  1. -1.  1. -1.  1.  1.  1.  1.  1. -1.
   1.  1. -1.  1.  1.  1. -1.  1.  1. -1.  1. -1.]
 [ 1. -1.  1. -1. -1. -1.  1. -1. -1. -1. -1. -1.  1. -1.  1. -1.  1. -1.
   1.  1. -1. -1. -1.  1.  1.  1.  1. -1. -1. -1.  1. -1.  1.  1.  1. -1.
  -1.  1.  1.  1.  1.  1. -1. -1.  1. -1.  1.  1.  1. -1. -1.  1.  1.  1.
  -1.  1.  1.  1. -1. -1.  1.  1.  1. -1. -1. -1. -1.  1. -1.  1. -1. -1.
   1.  1. -1. -1.  1. -1. -1. -1.  1. -1. -1. -1.]
 [ 1.  1. -1.  1. -1.  1. -1. -1. -1.  1.  1.  1.  1. -1.  1. -1. -1. -1.
   1.  1.  1.  1. -1.  1. -1.  1. -1. -1.  1. -1.  1. -1.  1. -1. -1. -1.
  -1. -1. -1.  1. -1. -1. -1. -1.  1.  1.  1. -1. -1.  1. -1.  1.  1.  1.
  -1. -1. -1.  1. -1.  1. -1.  1.  1. -1.  1.  1. -1. -1.  1.  1. -1. -1.
   1. -1. -1.  1. -1.  1.  1.  1. -1. -1. -1. -1.]
 [ 1.  1.  1. -1.  1. -1. -1.  1. -1.  1.  1.  1.  1. -1.  1. -1. -1. -1.
   1. -1. -1.  1. -1. -1. -1. -1. -1.  1.  1. -1. -1.  1. -1. -1.  1. -1.
   1. -1.  1. -1.  1.  1.  1. -1. -1.  1.  1. -1.  1.  1. -1.  1. -1. -1.
   1. -1.  1. -1. -1. -1.  1. -1. -1.  1.  1.  1.  1. -1.  1. -1.  1. -1.
   1.  1. -1. -1.  1. -1. -1. -1. -1. -1. -1.  1.]
 [ 1.  1.  1. -1.  1.  1.  1. -1.  1.  1. -1. -1. -1. -1. -1.  1. -1. -1.
   1.  1.  1.  1.  1.  1.  1. -1.  1.  1.  1.  1.  1. -1. -1.  1. -1.  1.
  -1.  1.  1.  1. -1. -1.  1.  1.  1. -1.  1.  1. -1. -1. -1. -1.  1.  1.
  -1.  1. -1. -1. -1. -1.  1. -1.  1.  1. -1. -1.  1.  1. -1. -1.  1.  1.
   1. -1. -1.  1. -1. -1.  1.  1.  1.  1. -1. -1.]
 [-1.  1.  1. -1.  1. -1.  1.  1.  1. -1.  1.  1.  1. -1. -1.  1.  1.  1.
   1. -1.  1. -1.  1. -1. -1.  1. -1.  1. -1.  1.  1. -1. -1. -1. -1.  1.
   1.  1. -1. -1.  1. -1.  1. -1.  1. -1.  1. -1.  1. -1.  1.  1.  1.  1.
  -1. -1.  1. -1. -1.  1. -1.  1.  1.  1.  1. -1. -1.  1.  1.  1. -1.  1.
   1. -1. -1.  1. -1. -1.  1. -1.  1. -1.  1.  1.]
 [ 1.  1.  1.  1. -1.  1. -1. -1. -1. -1.  1.  1. -1.  1.  1. -1.  1.  1.
  -1.  1. -1. -1.  1.  1.  1.  1. -1.  1.  1.  1. -1.  1.  1.  1. -1. -1.
  -1. -1.  1. -1. -1. -1.  1.  1.  1.  1. -1. -1.  1. -1.  1.  1.  1.  1.
  -1.  1. -1. -1. -1. -1.  1.  1. -1. -1.  1. -1. -1. -1. -1. -1. -1. -1.
   1.  1.  1.  1.  1.  1.  1. -1.  1.  1. -1. -1.]]
-----------------------------------------------
