[[[[-1.53558232e-01  4.10482552e-02  3.51496960e-01  8.88581061e-02
    -1.97686574e-01]
   [ 3.99269906e-01 -1.65504777e-02 -2.65219223e-04  7.85766520e-02
    -1.06010992e-01]
   [ 6.91094729e-02 -3.21678622e-01 -1.80196293e-01  7.17718694e-02
     3.04363736e-01]
   [ 2.89728656e-01 -1.35732122e-01 -2.80272950e-01  3.04890426e-01
     6.46595908e-03]
   [-5.64041243e-02  2.12564481e-01 -2.84589275e-01  3.70992715e-01
     1.27423359e-01]]]


 [[[ 1.57942333e-01 -2.81873991e-01  2.38338655e-01  1.71362915e-01
    -2.35229058e-01]
   [-3.46980513e-01  3.39075285e-01 -3.10327630e-01 -2.02411348e-01
    -7.89215085e-02]
   [ 1.35187690e-01 -3.31940898e-01 -1.10960274e-01 -1.35687664e-01
     2.67676006e-01]
   [-5.12038812e-02  3.92621078e-01  3.33139770e-01  2.37746194e-01
    -2.82396437e-01]
   [ 3.63162732e-02 -2.02198438e-01  3.61572840e-01  5.02083588e-02
     1.10558387e-01]]]


 [[[-1.94093724e-02 -2.44470160e-01 -2.48768381e-02 -2.57470426e-01
    -1.15868311e-01]
   [-6.39029818e-02  7.48135087e-02 -6.65442624e-02  1.03874509e-01
     2.22043976e-02]
   [-3.38615361e-01 -3.50826748e-01  1.29415403e-01 -2.20755016e-01
    -2.53740435e-01]
   [ 3.80438814e-01  2.24350451e-01 -2.58826742e-01  2.58323877e-01
    -6.01811539e-02]
   [-1.77687659e-02  2.16346229e-01 -3.69278699e-01 -2.54600189e-01
    -3.83927602e-01]]]


 [[[-3.36646625e-01  3.66686039e-02 -8.82121436e-02 -1.74218066e-01
     1.79805695e-01]
   [-1.25375472e-01 -7.65894414e-02 -2.06886577e-01  1.05184726e-01
     6.23693545e-02]
   [ 4.22861059e-02 -3.14497698e-01  2.88578171e-01 -3.79823464e-01
     1.64128772e-01]
   [ 9.12423678e-02 -4.51475090e-02  3.79628860e-01 -3.27517842e-01
    -2.46801032e-01]
   [-2.16205922e-01 -8.10780427e-02  1.99166949e-02  1.38966638e-01
     7.74236996e-03]]]


 [[[-1.07829783e-01  3.35360296e-01  2.76284035e-01  7.10292469e-02
    -2.64466485e-01]
   [-2.14037507e-01  2.65791377e-01  7.37744208e-02 -3.84064817e-01
     3.06175724e-01]
   [-2.32135029e-01  1.19564535e-01 -2.63807082e-01  2.14369530e-01
    -1.47773555e-01]
   [ 4.16464410e-02  3.99627769e-01 -2.52536270e-01  3.18691117e-01
    -1.07393525e-01]
   [-2.77186271e-01 -1.80982322e-01  3.62021222e-01  1.59483003e-01
    -2.84234546e-01]]]


 [[[ 1.78715218e-01 -3.97149976e-03 -1.59797383e-01  1.13780874e-01
     1.13530447e-01]
   [-7.63108751e-02 -4.82699343e-02  2.97327915e-01  3.20553573e-01
    -1.83881927e-01]
   [-2.04935207e-02 -3.01091547e-01  4.55204852e-02 -2.87651344e-01
    -2.26711656e-01]
   [-3.97356810e-01  3.50273289e-01 -2.89782329e-02  1.32580352e-01
     4.01117442e-02]
   [-3.95483250e-01 -2.84970473e-01  2.99318187e-03 -2.08028601e-01
     3.52248822e-02]]]][-0.2731634146038209, 0.01353222131933407, 0.036871857828040366, -0.31309715954678174, 0.049680087491430325, 0.13160960344731926]
-----------------------------------------------
[[ 0.00531506  0.37342352]
 [-0.28058604 -0.02482777]
 [-0.15307233  0.07901379]
 [-0.30097803 -0.13826453]
 [-0.20111641  0.37022063]
 [-0.22762059 -0.12681567]]
-----------------------------------------------
[array([[[-0.04245408, -0.11615422, -0.00143381,  0.04503445,
          0.00121249],
        [-0.14214243, -0.14477346, -0.08300879,  0.08851307,
         -0.00771106],
        [-0.09498115, -0.07893264, -0.04089636, -0.06373244,
         -0.11203515],
        [-0.0718946 , -0.0786493 , -0.06128947, -0.13994505,
         -0.11435971],
        [ 0.04937551, -0.13690409,  0.10873694, -0.05206312,
         -0.03502816]],

       [[ 0.14777054, -0.10885927, -0.13211684, -0.02129326,
          0.0583495 ],
        [-0.05855909,  0.14941943,  0.11886055, -0.07476227,
          0.03329928],
        [ 0.12324705,  0.13941538, -0.11703603,  0.03429331,
         -0.03091299],
        [ 0.08903145, -0.14151881,  0.03217578,  0.0596202 ,
         -0.05111797],
        [-0.04773495, -0.00889577, -0.06483986,  0.04186837,
         -0.00644784]],

       [[ 0.02242452, -0.07693882, -0.06874344,  0.05455954,
         -0.07405667],
        [ 0.13653868,  0.0107256 , -0.00500615, -0.03037922,
          0.14536301],
        [-0.0240693 ,  0.01730889,  0.05800418,  0.050978  ,
         -0.13465316],
        [ 0.05467364, -0.02540175,  0.05888287, -0.01108318,
          0.08735805],
        [-0.06272662, -0.04914543, -0.09407886,  0.11802538,
         -0.01112039]]])
 array([[[ 0.14292641, -0.09949081,  0.13063929,  0.04319181,
         -0.03465253],
        [ 0.10498038, -0.10504909, -0.11337261, -0.11300348,
         -0.13765678],
        [-0.10740513,  0.05954332, -0.04017524, -0.05871841,
          0.06844614],
        [ 0.12288442,  0.11937063, -0.10299293, -0.10201582,
          0.06456402],
        [-0.08313163,  0.03813394, -0.0751694 ,  0.07077061,
          0.06526614]],

       [[-0.0177903 ,  0.03736654,  0.05483767, -0.12996095,
          0.11569909],
        [ 0.03452361, -0.08694696, -0.04294651, -0.10105302,
          0.00507637],
        [-0.11697655, -0.14873665,  0.11896642, -0.02356291,
          0.03237364],
        [ 0.00768673, -0.00306044, -0.13473582,  0.03582273,
         -0.14389506],
        [ 0.01332455,  0.03279723, -0.01992707, -0.059421  ,
          0.11621433]],

       [[ 0.08388248, -0.112279  , -0.1484329 ,  0.13992976,
          0.02838608],
        [ 0.07905749, -0.14670849, -0.04527868,  0.07937766,
          0.01939345],
        [ 0.07593798,  0.0719437 , -0.0349866 , -0.05140347,
         -0.11424682],
        [-0.13186997,  0.0082827 ,  0.00733714,  0.1004742 ,
         -0.01980359],
        [-0.12713629,  0.00204207, -0.08710553,  0.03807615,
          0.0924872 ]]])
 array([[[-9.98852797e-02, -1.42857414e-01,  1.40584436e-01,
         -5.77662923e-05,  1.37073050e-01],
        [ 1.26061219e-01,  4.47322723e-02,  6.50066798e-02,
         -1.04896633e-01,  5.84196074e-04],
        [-1.00917526e-01,  3.73686654e-03, -1.03322885e-01,
          1.26699005e-01,  1.31734806e-01],
        [ 2.50703288e-02,  1.25807142e-02,  1.09413129e-01,
          1.49210347e-01,  1.26732944e-02],
        [ 1.46138526e-01, -1.30099625e-01,  1.23180810e-01,
          8.47703267e-02, -5.88527165e-02]],

       [[ 5.30661514e-02, -7.98419991e-02,  1.14419804e-01,
          1.14524436e-01, -3.40192944e-02],
        [-1.21664397e-01,  1.36914418e-01,  5.64382467e-02,
          1.16166022e-02,  7.15529665e-03],
        [ 1.19669354e-01,  9.97833344e-02, -3.85228866e-02,
          1.23394528e-01,  1.28266335e-01],
        [-5.00768583e-02,  5.05322584e-03, -1.42631405e-01,
         -1.06943238e-01,  1.22739785e-01],
        [-7.27961099e-02,  1.42412216e-01, -2.19278165e-03,
         -3.97818716e-02, -4.65415564e-02]],

       [[ 3.36747941e-02,  2.21037196e-02, -1.71963656e-02,
         -5.13815222e-02, -8.17197460e-02],
        [-4.02969669e-02, -2.57086331e-02,  1.25367335e-01,
          1.35263767e-01, -9.17120910e-02],
        [ 1.41823791e-01,  3.94377280e-02,  3.23861801e-02,
         -7.68272885e-02, -1.85677993e-02],
        [-1.41368515e-01, -2.92422648e-02, -1.05584372e-01,
          9.80288685e-03,  1.20554877e-01],
        [ 1.23525497e-01, -5.35144952e-02,  1.30453498e-01,
         -1.09293369e-01, -9.31134753e-02]]])
 array([[[-0.11595495, -0.03066215, -0.07853576,  0.07094897,
          0.00845063],
        [ 0.01440386, -0.12561144, -0.02761464, -0.10915171,
          0.03717613],
        [ 0.05209233,  0.07855754,  0.0157308 , -0.12095241,
          0.14818005],
        [-0.03028116, -0.11468827,  0.07158572, -0.04013216,
         -0.10086727],
        [-0.02321491, -0.05689517,  0.01629149,  0.03598554,
          0.08781225]],

       [[-0.06364374, -0.07347159, -0.11434745, -0.04628796,
          0.03327408],
        [ 0.02426502, -0.01495033, -0.09051559, -0.04709829,
         -0.12353434],
        [-0.07227163,  0.03274605, -0.12596895, -0.09352873,
          0.11734402],
        [ 0.08421922,  0.10480163,  0.07087297, -0.0424825 ,
          0.08974321],
        [-0.07998153,  0.04624856, -0.1292911 ,  0.12863853,
          0.0239988 ]],

       [[ 0.0545117 ,  0.07650742, -0.11440915,  0.13147228,
          0.0949742 ],
        [-0.08259943,  0.10272081, -0.02037197, -0.11129901,
          0.12573614],
        [-0.06321804,  0.06158663, -0.01830085,  0.06146733,
         -0.06394604],
        [ 0.02084354, -0.10130959,  0.05805461,  0.05695008,
         -0.03789482],
        [ 0.08070772, -0.13961714, -0.00851487, -0.10687226,
         -0.02938667]]])
 array([[[ 0.10397713,  0.00095929,  0.08642747, -0.02470747,
         -0.14481017],
        [-0.03816412,  0.08425036, -0.10784493,  0.11239001,
          0.06694227],
        [ 0.07209372, -0.06347286, -0.07953598,  0.05918619,
          0.06923824],
        [-0.13745612,  0.01323581, -0.11990352,  0.0641502 ,
         -0.06310889],
        [ 0.03320532,  0.02010164,  0.02685473,  0.04768981,
         -0.11127039]],

       [[ 0.02026831, -0.02903557,  0.12656296,  0.0494214 ,
          0.10062862],
        [ 0.00298005, -0.13859046,  0.06873857, -0.03125997,
          0.03643161],
        [-0.01993996,  0.02155887,  0.14258544,  0.12105911,
          0.02634444],
        [-0.14189898, -0.0310962 , -0.12095218, -0.09093269,
          0.06163302],
        [ 0.10921227, -0.10606361,  0.07654644,  0.02648532,
         -0.06154482]],

       [[ 0.1152652 , -0.10595265, -0.10568943, -0.06131824,
          0.1034175 ],
        [ 0.05332653, -0.08011159,  0.04254731, -0.06170009,
          0.01029155],
        [ 0.10361678, -0.05811353, -0.12285334, -0.10054244,
         -0.03646614],
        [-0.098138  , -0.07073916,  0.13901751, -0.08015274,
          0.07056428],
        [-0.09635853,  0.09770589,  0.07820292,  0.03897779,
          0.14646482]]])
 array([[[-0.10258568,  0.11482676,  0.08752565,  0.06290243,
          0.0490064 ],
        [-0.11953793, -0.13544287, -0.02615014,  0.09522726,
          0.00900741],
        [ 0.06399791, -0.01090026,  0.03895711, -0.04281901,
          0.02407863],
        [-0.05047408, -0.0059688 , -0.00196611,  0.05901522,
          0.09445348],
        [-0.02075145,  0.14982219,  0.07268875,  0.07264696,
         -0.10490318]],

       [[ 0.14526892, -0.07407363, -0.1065684 ,  0.09925104,
         -0.13972941],
        [-0.14403768, -0.02678149,  0.03528957,  0.02389982,
          0.01248423],
        [ 0.0295371 , -0.13371601,  0.06264225,  0.07588335,
          0.14139344],
        [-0.08415061, -0.06212688,  0.13042165,  0.12544387,
         -0.11494504],
        [-0.0586653 , -0.12190264, -0.12055698, -0.11525101,
         -0.02743915]],

       [[-0.11040832, -0.14749414,  0.00243065, -0.04538799,
         -0.02981889],
        [-0.08493056,  0.00255463,  0.03339471, -0.08218639,
         -0.12048626],
        [-0.0572379 ,  0.04075   , -0.09827105, -0.08073148,
         -0.09678939],
        [-0.11016787, -0.14992583,  0.07599001, -0.00928647,
         -0.09969911],
        [ 0.02387548, -0.14445527, -0.12505512, -0.14445361,
          0.08857022]]])
 array([[[-0.00256278, -0.06267381,  0.08972281,  0.07622062,
          0.05199333],
        [-0.02987659, -0.01830375,  0.04919407,  0.02576059,
         -0.02859727],
        [ 0.06421065, -0.04640638, -0.08195495,  0.06630054,
          0.00193101],
        [-0.04063947,  0.03545761, -0.05200014, -0.05791782,
          0.05766254],
        [ 0.04290994, -0.04480118,  0.09656141,  0.0952945 ,
         -0.07343033]],

       [[-0.02096011,  0.03589198,  0.05348681, -0.02895088,
          0.09918247],
        [ 0.08271195,  0.01239781, -0.00470986,  0.0224285 ,
         -0.00493878],
        [-0.10086184, -0.04454638,  0.10751151,  0.08876934,
         -0.02781882],
        [ 0.02808666,  0.05261092,  0.08396881,  0.10835475,
          0.11196023],
        [ 0.01949712,  0.04652942, -0.04780137, -0.01053642,
         -0.07875958]],

       [[ 0.05634759, -0.04383533,  0.0416288 , -0.05913431,
          0.0770092 ],
        [ 0.02688479,  0.02604393,  0.03237491, -0.05109785,
          0.02374666],
        [ 0.03519339, -0.01745625,  0.0856052 , -0.05107955,
          0.00611541],
        [ 0.09243693, -0.07789764, -0.01681989, -0.01121863,
         -0.08383605],
        [ 0.02579671, -0.00697932,  0.03580762,  0.0102563 ,
         -0.04775726]],

       [[-0.0194539 ,  0.07077699,  0.10597936, -0.05135966,
          0.0076205 ],
        [-0.08613739, -0.08161002, -0.0988997 ,  0.04514285,
          0.01277078],
        [ 0.10204638, -0.10921498,  0.058998  ,  0.02621276,
          0.00524666],
        [-0.08468143,  0.00059806,  0.07752685,  0.09519822,
          0.09097727],
        [-0.0061487 ,  0.09733748,  0.10917481, -0.09755733,
          0.07804847]]])
 array([[[-0.10076431,  0.04051606, -0.01927545, -0.04631709,
          0.03205609],
        [-0.00326323, -0.05716668,  0.06904386,  0.05773922,
          0.01116019],
        [-0.07737003,  0.04302262, -0.01469931, -0.0534586 ,
         -0.03402076],
        [ 0.10986348, -0.03522406,  0.09626781, -0.05423101,
          0.03376761],
        [-0.00268889, -0.08040263,  0.07756923, -0.049941  ,
          0.04835715]],

       [[ 0.0057227 ,  0.01467989,  0.04362998, -0.07755607,
          0.03870843],
        [ 0.05822992, -0.06413193,  0.02567429, -0.09224086,
         -0.00416128],
        [-0.05536958,  0.02016094,  0.04810831,  0.09299915,
         -0.06189281],
        [-0.09340441,  0.09235622,  0.10589539,  0.10438895,
         -0.08225365],
        [-0.00064336, -0.10303531,  0.02217047,  0.03185674,
         -0.04523778]],

       [[-0.10447293, -0.10573484,  0.02069674, -0.02795716,
          0.00158062],
        [-0.02107697, -0.04882535,  0.03781131, -0.0364884 ,
         -0.04402285],
        [ 0.07097349, -0.04999282,  0.10200388,  0.0684389 ,
          0.07896912],
        [ 0.07426863,  0.04685331, -0.04378202, -0.04544586,
          0.07748178],
        [ 0.0507973 ,  0.0151204 ,  0.00468193, -0.1054657 ,
         -0.08397255]],

       [[ 0.01680536,  0.05394978,  0.09946657, -0.02118515,
         -0.10456218],
        [-0.01566313,  0.10555174,  0.06845138,  0.04320053,
          0.11354725],
        [-0.10724083, -0.08008033, -0.11221518,  0.07189858,
          0.07778108],
        [ 0.01591483, -0.0262606 , -0.01720757,  0.02941497,
          0.03713975],
        [ 0.06868559, -0.07845947,  0.09633733, -0.05852535,
         -0.08887541]]])
 array([[[-0.10929638, -0.05941877,  0.08812482, -0.07581038,
         -0.08259863],
        [ 0.02484769, -0.0491168 ,  0.095597  ,  0.01787235,
          0.10949454],
        [-0.05423294, -0.10743498,  0.09697488, -0.00833528,
          0.07672306],
        [-0.09047757, -0.01677713, -0.0885543 ,  0.0392577 ,
          0.10073913],
        [ 0.03152691,  0.00104525,  0.02296703,  0.04751789,
         -0.02087441]],

       [[-0.02787358, -0.0755294 , -0.00775697,  0.02271774,
         -0.00325279],
        [-0.10100826, -0.07398222,  0.08911032, -0.06225052,
          0.08178923],
        [ 0.06388436,  0.00342826,  0.10650135, -0.07783368,
          0.01952006],
        [ 0.05055509,  0.06938498,  0.07632918,  0.01345315,
         -0.03589229],
        [-0.09665701,  0.05184294,  0.09429031,  0.06062034,
         -0.04317975]],

       [[ 0.08073957, -0.09401547,  0.08167089,  0.02676103,
          0.05344303],
        [ 0.09639682, -0.10336394, -0.10289223, -0.09224716,
         -0.04842224],
        [ 0.00493166,  0.00893187, -0.06907575, -0.01184548,
          0.05975066],
        [-0.0539286 ,  0.00845679,  0.02346344, -0.10994132,
          0.07950099],
        [ 0.05895824, -0.08375164, -0.09780748,  0.04111968,
         -0.04163039]],

       [[ 0.08510917,  0.01760144, -0.04989088, -0.02651659,
         -0.05538565],
        [ 0.07243871,  0.05204754, -0.05570895, -0.06961568,
          0.02621994],
        [-0.06949204, -0.09831774,  0.05594255,  0.03685825,
         -0.03426326],
        [ 0.09345882,  0.06499733, -0.0497204 , -0.04147904,
         -0.08685004],
        [ 0.10084108,  0.10952238,  0.10114863,  0.00704878,
          0.0770812 ]]])
 array([[[-3.85056362e-02,  3.87272791e-02, -4.72213090e-02,
          1.18594781e-02,  1.11830613e-01],
        [-9.94439790e-02, -3.76326951e-02,  8.57491130e-02,
          9.07176170e-02, -1.00875630e-01],
        [ 8.36783053e-02,  6.41398014e-02,  3.46592538e-02,
         -2.33406632e-02, -8.30352279e-02],
        [-1.03557496e-01, -8.76277068e-02,  9.90878714e-02,
          2.51658454e-02,  4.76471532e-02],
        [-7.83510876e-02, -5.27659739e-02,  1.43157217e-02,
          1.12041137e-02, -9.23003445e-02]],

       [[ 9.12667653e-02, -6.95986821e-02, -8.26032479e-03,
         -5.00007712e-02,  3.46789341e-02],
        [-8.28258713e-02, -4.03997453e-02, -9.21912422e-02,
          6.09788252e-02, -9.99060899e-02],
        [ 9.82883118e-02, -2.96523495e-02,  1.08651805e-02,
          5.43923721e-02, -1.13844085e-01],
        [ 2.26634832e-02, -1.05136358e-01, -1.03672416e-01,
         -8.48746792e-02, -6.25212028e-02],
        [-9.11600774e-02, -8.49709201e-02, -4.65087853e-02,
         -3.47834950e-02,  4.59909070e-02]],

       [[ 7.36881400e-02, -3.17316862e-02,  5.38408832e-02,
          6.88652960e-02, -1.97170691e-02],
        [ 1.00024891e-02, -1.03971862e-01,  9.20669544e-02,
          2.74394445e-02, -1.62396486e-02],
        [-5.46472041e-02,  2.94157299e-02,  5.74690127e-02,
         -1.98725629e-02, -2.71746349e-02],
        [ 5.30128634e-02,  1.35416055e-02, -2.04891775e-02,
          1.07814984e-04, -7.99690984e-02],
        [-1.08582070e-01,  9.41578073e-02,  1.56085890e-02,
          6.11160431e-03, -5.64110007e-02]],

       [[ 4.73114716e-02,  2.14006229e-02, -9.65957355e-02,
          6.64588128e-02, -4.63966176e-03],
        [ 4.73749359e-02, -6.80544888e-02, -5.57065537e-02,
         -5.73574601e-02, -6.53901774e-02],
        [ 3.75068922e-02,  4.65622096e-02,  2.52727936e-02,
          2.84180189e-02, -4.61811266e-02],
        [-5.53670982e-02,  4.72625982e-02,  4.02726642e-02,
          7.53950831e-02,  3.21299348e-03],
        [ 4.62143256e-02,  1.18192046e-02, -1.04752240e-01,
          5.74524543e-02, -7.13746337e-02]]])
 array([[[ 0.03583367,  0.10015078, -0.01624214,  0.04514547,
         -0.00892081],
        [ 0.07003374, -0.07302356,  0.1010091 , -0.09096451,
          0.02821736],
        [ 0.02382348, -0.1104831 , -0.05543778, -0.00715433,
         -0.04638   ],
        [-0.05316277, -0.03416278,  0.05768344,  0.09628031,
          0.06820974],
        [-0.0121655 , -0.11142051, -0.0890518 ,  0.08083408,
         -0.04258267]],

       [[-0.10017293, -0.08709143,  0.01505208, -0.00670138,
         -0.00833208],
        [-0.08027702, -0.10413785, -0.07802247, -0.09147886,
         -0.08218703],
        [-0.00505323,  0.08005522, -0.03377393,  0.09277117,
          0.09989071],
        [-0.01460665,  0.00499224, -0.01079484,  0.06377142,
          0.04512874],
        [-0.06839829,  0.07913572,  0.10415639, -0.00672146,
          0.03176458]],

       [[ 0.04829247, -0.01373884, -0.01107938, -0.07711949,
         -0.08588822],
        [-0.08684751,  0.06079524,  0.05628588, -0.04810432,
         -0.08969715],
        [ 0.04557249, -0.02823681, -0.0164301 , -0.10543753,
         -0.03904254],
        [ 0.02888441, -0.00928938,  0.1116545 , -0.03205896,
         -0.06054354],
        [-0.09396988,  0.10707153,  0.09112143,  0.08446975,
          0.01113134]],

       [[ 0.0471786 , -0.10780946,  0.00509455, -0.03827236,
         -0.0922581 ],
        [ 0.04314385, -0.07996305,  0.04686023,  0.07903717,
         -0.00196693],
        [ 0.05403145, -0.04908983, -0.02354423, -0.0926976 ,
          0.00324473],
        [ 0.00836569, -0.11110426,  0.08759184, -0.0170845 ,
         -0.04747081],
        [-0.03921717, -0.03988457,  0.09214333, -0.07980202,
          0.02818529]]])
 array([[[-0.04821277, -0.00184642,  0.0138128 , -0.01619859,
          0.03784894],
        [-0.01526323, -0.03978437,  0.02759153,  0.09473754,
          0.04190683],
        [ 0.09591595,  0.06211957,  0.03622767,  0.05405371,
         -0.11005145],
        [-0.08879322, -0.10785457, -0.08419927,  0.10751469,
          0.05810051],
        [-0.02557709, -0.10490299, -0.02549789, -0.04581248,
          0.11035376]],

       [[ 0.10719006,  0.00899379,  0.0575307 , -0.08127449,
          0.03716374],
        [-0.04733147,  0.09754057,  0.08455125,  0.0200183 ,
         -0.06210357],
        [ 0.10253279,  0.09012168,  0.050907  ,  0.03356855,
          0.04849848],
        [ 0.04101637, -0.03016964, -0.03807918,  0.00639765,
          0.0487346 ],
        [-0.03695197, -0.08115366,  0.02530217, -0.04384557,
         -0.10230469]],

       [[-0.08768985, -0.11314142, -0.06905268,  0.05929521,
         -0.01789169],
        [ 0.00908853,  0.04014521, -0.0515325 , -0.02255358,
         -0.04923835],
        [ 0.00065292, -0.05462482, -0.11356722,  0.02861112,
         -0.09842003],
        [-0.06804511, -0.036977  ,  0.04412746,  0.0087106 ,
          0.05792201],
        [ 0.05695405, -0.02900458,  0.01862326,  0.04701654,
         -0.06446197]],

       [[-0.01255647,  0.01877396, -0.02169738,  0.06699087,
         -0.00457789],
        [ 0.10585861,  0.04769722, -0.05095032, -0.07581861,
         -0.07434412],
        [ 0.0092724 , -0.0156997 ,  0.08004257,  0.11068422,
         -0.05071461],
        [-0.01279063, -0.04299265,  0.10811869,  0.10021176,
         -0.05863681],
        [-0.09941684,  0.02694451, -0.10703782, -0.04617873,
         -0.1101724 ]]])
 array([[[ 0.01384789,  0.04153869, -0.06571915,  0.06176426,
          0.05659876],
        [-0.04709076,  0.04877724,  0.11374797, -0.00515454,
         -0.05971647],
        [-0.09379574, -0.08215948,  0.08444594,  0.02504827,
          0.09770738],
        [ 0.05355536, -0.0396014 ,  0.10302306, -0.04298688,
         -0.03546421],
        [-0.01432806, -0.04547776, -0.02672902, -0.00783318,
          0.03962754]],

       [[ 0.06768095,  0.0809897 , -0.00267125,  0.02369151,
         -0.02525185],
        [ 0.06139855, -0.02948073,  0.06836285,  0.08052307,
          0.03081939],
        [ 0.09748927,  0.04312914, -0.03480315,  0.04727839,
          0.04643936],
        [ 0.0019084 ,  0.07785112,  0.05028511, -0.08328341,
          0.04159543],
        [ 0.00974247, -0.00460058,  0.03989067,  0.0764448 ,
         -0.07729289]],

       [[ 0.10162348,  0.09882076, -0.01097593,  0.01402602,
          0.09236558],
        [ 0.06470595, -0.03257549, -0.06309933,  0.04892472,
         -0.00055582],
        [-0.09422455, -0.11011334,  0.00422362, -0.04494071,
         -0.08464159],
        [-0.0852625 ,  0.09639656, -0.00457217, -0.06603038,
         -0.09410832],
        [-0.01330035,  0.08804445, -0.01155441, -0.05063442,
          0.0998445 ]],

       [[-0.09670649,  0.08872342,  0.05665549,  0.04636327,
          0.10074191],
        [ 0.05106271,  0.07565817, -0.06017691,  0.05924508,
          0.04435652],
        [-0.06070742,  0.110804  , -0.04331521, -0.08201107,
          0.06214823],
        [ 0.02426158,  0.06177864,  0.02306814, -0.06251821,
         -0.06146509],
        [-0.08235829,  0.08707849, -0.10846353,  0.07398264,
         -0.10460667]]])
 array([[[ 0.03552978, -0.06029445,  0.05100213, -0.01217152,
         -0.10084523],
        [ 0.1079503 ,  0.03549634, -0.06976756, -0.00874511,
          0.08524316],
        [ 0.06615805, -0.00498766, -0.10429672, -0.01771408,
         -0.03947093],
        [ 0.01806313, -0.0808691 , -0.057191  ,  0.04276785,
         -0.03700141],
        [ 0.06711002, -0.07292425,  0.063851  , -0.03499967,
         -0.00951843]],

       [[ 0.0458626 , -0.02828586,  0.03568186, -0.00498724,
         -0.05975357],
        [-0.02458324, -0.10775617,  0.10650224,  0.05433369,
         -0.07059988],
        [ 0.0195982 , -0.02564268,  0.06713074, -0.01998727,
          0.06136774],
        [ 0.0442806 ,  0.11093473,  0.08517781, -0.0529516 ,
          0.0131625 ],
        [-0.0194266 ,  0.09682812, -0.04475171, -0.08603193,
         -0.05232619]],

       [[-0.07743678,  0.10531568, -0.08187397,  0.04771282,
         -0.04943025],
        [-0.09858081,  0.1124111 , -0.0135972 ,  0.03457097,
         -0.05425541],
        [ 0.06039931, -0.02524389, -0.10324083, -0.08242062,
          0.07285616],
        [-0.0526996 ,  0.00391755, -0.10687948,  0.07458818,
         -0.08936813],
        [ 0.10302744, -0.11107167,  0.0836027 ,  0.01108686,
         -0.02991787]],

       [[ 0.01041834,  0.06029581,  0.07737069,  0.03049083,
         -0.06621657],
        [-0.05317706, -0.11113184, -0.0145619 ,  0.06049968,
         -0.06539882],
        [-0.11384546, -0.01970881, -0.11397627, -0.11100166,
          0.09696209],
        [ 0.08942613, -0.00067079, -0.09563494, -0.03872442,
         -0.10280644],
        [-0.09683807, -0.06645532, -0.03994459,  0.07430824,
          0.06737772]]])
 array([[[ 0.07452417, -0.00131814,  0.08997221,  0.10011417,
          0.09885946],
        [ 0.03129071, -0.11326814,  0.03379101,  0.05979496,
          0.10405086],
        [-0.0585955 ,  0.07114482,  0.0683242 ,  0.01443425,
          0.11172898],
        [-0.10757929, -0.0969797 , -0.01769326,  0.00786082,
         -0.07001283],
        [ 0.07538434,  0.03504421,  0.04279721, -0.02989733,
         -0.07151704]],

       [[ 0.08185161,  0.00069477,  0.01313998,  0.01202679,
          0.10788963],
        [-0.0043887 , -0.02306496,  0.06674548, -0.05235114,
         -0.03565786],
        [ 0.0067381 , -0.03836307,  0.05079457,  0.0705704 ,
         -0.06575831],
        [-0.03220545,  0.06934969,  0.00864547, -0.0296707 ,
          0.08380463],
        [-0.07899096,  0.03593821,  0.1007466 , -0.07347618,
          0.07411992]],

       [[-0.06893593, -0.08753559, -0.03842602, -0.10211923,
         -0.03073434],
        [ 0.0990367 , -0.11328076,  0.06868805,  0.02812517,
          0.09816122],
        [-0.11338941, -0.0139119 ,  0.02979189, -0.06648905,
          0.08498687],
        [ 0.03419087,  0.02605533,  0.08984669,  0.0418664 ,
         -0.01741159],
        [-0.10165639,  0.06510824,  0.00150162, -0.08407634,
         -0.06290926]],

       [[-0.06235454,  0.02412705,  0.10727841, -0.07391337,
          0.02477577],
        [ 0.02192493,  0.01121105, -0.09820958, -0.08077481,
          0.02571081],
        [ 0.10166962,  0.07901704,  0.06687901,  0.01179659,
         -0.0466234 ],
        [-0.07395585, -0.05020622, -0.01918864,  0.09776279,
         -0.04907633],
        [ 0.09553445, -0.08474905, -0.02873829, -0.03897071,
         -0.0551946 ]]])
 array([[[-5.21608085e-02,  5.75720432e-02, -9.69635121e-03,
          5.26234439e-02,  3.59300836e-02],
        [ 1.03452919e-02, -3.13625975e-02,  2.13778509e-02,
          5.48052201e-02,  4.62709157e-02],
        [-3.77915595e-02, -8.57493795e-03,  3.27982078e-02,
          5.83780595e-02, -4.67332631e-02],
        [-6.08556395e-02,  4.57954904e-03, -4.72382912e-02,
         -4.75388395e-02, -5.97377108e-02],
        [ 9.49544143e-03,  7.18162252e-02,  1.94151802e-02,
         -3.87302247e-02,  7.04868894e-03]],

       [[ 5.29942559e-02,  6.97382122e-02,  4.98227347e-03,
          3.43594642e-02,  6.72019680e-02],
        [-3.74152997e-02,  5.71798192e-02, -7.41198896e-02,
          5.81039487e-02,  1.14137523e-02],
        [-3.74667486e-02, -7.90373756e-03, -5.29721509e-02,
          4.70588081e-02, -2.98235411e-02],
        [-2.89738130e-02, -6.70454493e-02,  5.51231949e-02,
          3.82903471e-04,  6.39017686e-02],
        [-4.60819524e-03,  2.77494372e-02,  8.02358146e-03,
          6.66934849e-02, -5.52740977e-02]],

       [[-2.25116213e-02,  4.24768051e-02,  8.02475924e-05,
         -1.44363123e-02,  8.08749655e-03],
        [ 3.76896319e-02,  3.85623409e-02,  6.66003288e-02,
         -3.30561290e-02, -5.30791429e-02],
        [-5.40392944e-02, -3.76745549e-02, -6.65377840e-02,
         -2.55790787e-02,  2.33356019e-02],
        [ 3.07667142e-02, -2.48959173e-02,  5.31220568e-02,
          7.37298241e-02, -7.50808632e-02],
        [ 7.73317066e-02, -6.92179233e-02, -3.33311503e-02,
         -4.15510169e-02,  7.43447614e-02]],

       [[-2.25075809e-02,  5.53379627e-02,  3.28970955e-02,
         -7.71741027e-02, -6.13716883e-02],
        [ 7.63368368e-02, -1.77512031e-02, -4.33811677e-02,
         -5.32005503e-02,  9.35834635e-04],
        [-6.91832876e-02, -1.09885649e-02, -3.32760298e-02,
         -2.71121877e-02,  1.00366620e-02],
        [-6.06813420e-02, -1.82899143e-02, -2.42757331e-03,
          3.04009714e-02,  2.75419249e-02],
        [ 1.60107634e-02, -6.89889794e-02, -4.92307919e-02,
         -5.40540228e-02, -1.48041144e-02]],

       [[-2.03530526e-02,  3.00832834e-02, -5.39228142e-02,
          6.52702390e-02,  6.09842259e-02],
        [-1.69582389e-02,  7.03422736e-02, -3.14775449e-02,
         -4.21797134e-02,  3.81982981e-02],
        [-1.63597211e-02,  3.61621297e-02, -3.32725832e-02,
         -6.62074245e-02,  7.99391942e-03],
        [-7.50483851e-02,  7.34447907e-02, -1.45727455e-02,
         -4.77080815e-02,  1.91315404e-02],
        [ 4.00678298e-03,  2.24105183e-02, -6.66905540e-02,
          3.51772391e-02, -3.65383715e-02]],

       [[ 5.72834267e-02, -2.75496874e-02,  5.95515307e-02,
          6.05137202e-02,  7.55256135e-02],
        [-1.69261083e-02,  4.38676065e-02, -1.78122851e-02,
          2.24258343e-02, -4.13310470e-02],
        [ 4.47486658e-02,  3.50294902e-02, -2.01043188e-02,
         -3.50790533e-02,  2.74066578e-03],
        [-3.98942898e-02,  2.49154639e-02, -2.25514731e-02,
         -7.64727428e-02,  2.64925414e-02],
        [-2.79967547e-02, -7.06664386e-02,  5.82384866e-02,
          2.27622690e-02, -3.23342363e-02]]])][0.06300854399054401, 0.07185896959009258, -0.08031192155301092, 0.14220853974667877, -0.12311261890851548, 0.008431100809836334, 0.03212693806355489, -0.040954823135875854, 0.034403589708833796, 0.01821792044852534, 0.0011832639187637217, -0.003378467796227011, -0.050301765341091625, 0.054587812440968456, -0.1007132442097836, 0.06452890761288504]
-----------------------------------------------
[[ 0.16599902 -0.01298488]
 [ 0.38559008  0.0382475 ]
 [ 0.17848911 -0.21819683]
 [-0.31262489 -0.33459459]
 [-0.02040982  0.17784488]
 [-0.35464764 -0.11271965]
 [ 0.45031812  0.03393715]
 [ 0.16905105  0.47984021]
 [ 0.17369905  0.35572364]
 [-0.12722662  0.21516223]
 [ 0.30681907  0.23787559]
 [ 0.30838001 -0.06805758]
 [ 0.26838322  0.17513914]
 [ 0.04013256  0.06442742]
 [ 0.22200127  0.06401581]
 [-0.01199269 -0.04722495]]
-----------------------------------------------
[[[[ 1.10464700e-02 -3.44189874e-03  1.06272579e-02 -5.91911098e-03
    -4.87571777e-03]
   [ 2.38365401e-02 -1.87971169e-02  2.24871237e-02  1.86671559e-02
     9.40476883e-03]
   [ 1.32272635e-02  9.04640850e-03  1.33582342e-02 -2.76026804e-02
    -2.46105534e-03]
   [-1.58406423e-03 -2.14099787e-02 -1.31866780e-02 -5.72797240e-04
     4.39872827e-03]
   [ 2.31856686e-02  2.26889083e-02 -7.63232715e-03  1.11670668e-02
     3.62154708e-03]]

  [[-3.77337404e-03  1.08239957e-03  1.58386958e-02 -1.06664858e-02
    -1.91890438e-02]
   [-1.17983217e-02 -1.45404892e-02  4.83471415e-03 -3.40968404e-03
    -2.21884813e-02]
   [-2.14246976e-02  9.77477921e-03  2.72642238e-02  1.65341735e-02
    -7.05708082e-03]
   [-4.03964219e-03  2.92214303e-02 -1.88107776e-02 -6.55768421e-03
     7.58521895e-03]
   [-1.27129345e-02 -1.61407132e-02  3.49616791e-03 -1.94520031e-02
    -8.70680427e-04]]

  [[ 2.58215950e-02 -2.71386729e-02  1.86446585e-02  2.01398472e-03
    -1.07436556e-02]
   [ 1.28394285e-02 -1.28608409e-02  2.75779431e-02  8.62614616e-03
     1.73313207e-03]
   [ 2.87795470e-02 -9.61342215e-03 -1.62404326e-02 -2.87562785e-02
     2.28758071e-02]
   [ 1.02681129e-03  1.27219910e-02 -4.01545005e-03 -2.72293884e-03
     1.20814086e-02]
   [ 1.21412556e-02  1.36303263e-02  8.31180567e-03 -1.34572653e-02
    -2.48359227e-02]]

  ...

  [[ 8.28468187e-03  1.63166792e-02  7.87745098e-03  1.35113854e-02
    -2.55832928e-02]
   [ 1.82435033e-02  2.72594966e-02 -1.65994517e-02 -1.89930601e-02
    -4.16728699e-03]
   [ 2.94360374e-02  2.05053747e-02 -4.48808482e-03 -2.05475943e-02
     2.24145723e-02]
   [ 1.55834628e-02 -1.12256440e-02 -9.05139301e-03 -2.59739206e-02
     6.02826772e-03]
   [-1.80658626e-02 -1.18255313e-02  2.78781392e-02 -1.34097836e-02
    -6.55703982e-03]]

  [[ 2.62614744e-02  2.91745685e-02 -6.35482353e-03  9.01781548e-03
     5.48882198e-03]
   [ 2.75612538e-02 -1.32514485e-02  2.70138887e-02  5.14553784e-03
     3.49629391e-04]
   [ 2.43312819e-02  1.07086059e-03  7.59271475e-03  2.36823675e-02
     5.95911765e-03]
   [-2.86420606e-03 -7.30518054e-05  9.12710851e-03 -3.00066521e-03
    -1.49871952e-02]
   [ 1.78108411e-02 -5.19947013e-04 -2.61320529e-02  2.41478353e-02
     4.24360357e-04]]

  [[ 2.84868385e-02 -1.30414895e-02 -2.35601301e-02  1.85849552e-02
     2.29295516e-02]
   [-2.98927537e-03 -2.52247408e-02  2.90332464e-02  1.00849178e-02
    -2.72017998e-02]
   [ 9.01544423e-03 -2.63687680e-02  1.74304754e-02  2.84155608e-02
    -1.98220831e-02]
   [ 1.27871969e-02 -2.93002111e-02  2.54912187e-02 -1.01971351e-03
    -3.93903313e-03]
   [-1.38988093e-02  7.41199009e-03  1.54193933e-02  6.97443547e-03
     9.83799500e-03]]]


 [[[-2.36872321e-02  1.39572954e-02 -1.65654361e-02  2.76381319e-02
     2.24798213e-02]
   [-1.60606915e-02  2.50923085e-04  2.46968714e-03  1.65024031e-02
    -2.32236272e-02]
   [ 1.28614925e-02 -2.80732174e-02 -3.97338665e-03 -1.29007533e-03
     2.32199003e-02]
   [ 1.94423348e-02  5.66974681e-03  2.90922968e-02 -2.84687248e-02
     1.92068386e-02]
   [ 7.28845451e-05 -2.76831425e-02 -1.18138899e-02  2.26021958e-02
     2.04500975e-02]]

  [[ 7.36769802e-03  2.26803765e-02 -2.23677286e-02 -1.31573931e-02
     1.91626125e-02]
   [ 1.08223548e-02 -1.77688572e-03 -4.59415425e-03  2.95942987e-02
    -1.64059637e-02]
   [-8.34991697e-03  2.61613572e-02  2.34880611e-02  1.19019010e-02
    -9.27811950e-03]
   [ 8.56689895e-03  7.21380585e-03 -2.10936043e-02  2.64992150e-02
    -8.08680909e-03]
   [-2.39010204e-03 -2.55613673e-02 -7.46462578e-03  1.72540532e-02
    -3.48607764e-03]]

  [[ 2.66514772e-02  2.74763941e-02 -3.22000668e-03  2.38972562e-02
    -4.07628817e-05]
   [ 1.18085270e-03  8.88827459e-03  1.41323543e-02  1.52901180e-02
     2.02577183e-02]
   [ 9.72944110e-03 -1.99013121e-02 -8.54986936e-03  1.52573267e-03
    -1.62370643e-02]
   [-6.20874127e-03 -4.43422111e-03  8.09984593e-03 -9.68623188e-04
     2.74747509e-02]
   [-1.00537721e-02  1.25646654e-02  1.30768680e-02 -3.58341062e-03
    -1.43042976e-03]]

  ...

  [[-8.24762725e-03  2.58222672e-02 -1.04037126e-02 -1.38124633e-02
     1.00671586e-02]
   [-2.27648955e-02 -9.79051129e-03 -8.73140224e-03  1.37006869e-02
    -8.38742640e-03]
   [ 1.03413734e-02  1.65231989e-02  8.29317854e-03 -7.23328223e-03
     1.81025279e-02]
   [-1.80711707e-02  5.12938191e-03 -1.68111269e-03  2.20742984e-02
     2.31759697e-03]
   [-1.85195313e-02  2.58182815e-02 -2.86853244e-02  1.79132180e-02
     2.38463717e-02]]

  [[-9.55003731e-03 -2.26068253e-03  1.33695564e-02  1.85556805e-02
     5.60837965e-03]
   [ 9.99590727e-03  9.19173655e-03  1.21121346e-02 -1.39688233e-02
     2.48125627e-02]
   [-2.50051723e-02  2.29307928e-02  1.79857484e-02  9.83915095e-03
     2.37458559e-02]
   [-8.13790178e-03  1.40804086e-02 -1.56710072e-03  1.13347005e-02
    -9.48344120e-03]
   [-2.11322207e-03  1.11704334e-02  1.01574529e-02  2.47854824e-02
    -1.96526293e-02]]

  [[ 1.16928142e-02 -8.13052397e-03 -7.35106541e-03 -1.54084614e-02
    -1.80571745e-02]
   [ 3.30292499e-03  1.17588220e-02 -1.50560041e-02 -2.71293171e-02
     4.52943583e-03]
   [ 2.11171300e-02 -2.61676999e-02  2.54978712e-02 -2.13268066e-02
    -3.82744027e-03]
   [ 1.73348203e-02 -1.62013607e-02  8.79467150e-03  2.46114683e-02
    -3.33949764e-03]
   [-2.20063595e-02 -1.76557149e-02  1.11490795e-02  1.04359317e-02
    -1.39511084e-03]]]


 [[[-2.69428212e-02  2.06176696e-02  1.30514526e-02  4.74409604e-03
     1.92348386e-02]
   [ 7.55386036e-03 -2.53717347e-04 -1.29388727e-02 -2.45032776e-02
    -1.91432951e-02]
   [-1.34992130e-02  1.65044968e-02 -7.34674909e-03  2.00966809e-03
     1.76452350e-02]
   [-6.60161840e-03  1.74253706e-02  1.17978306e-02 -4.97570789e-03
     2.85702885e-02]
   [ 2.42758354e-02 -1.92944005e-02 -1.82610491e-02  1.95002310e-02
    -2.81173393e-02]]

  [[ 1.49388886e-02 -1.59383341e-02  1.17550103e-03 -1.41496560e-02
    -2.48732876e-02]
   [ 6.73611846e-04  1.14175310e-02  2.66090824e-02  1.64350711e-02
    -2.40263058e-02]
   [ 2.53924566e-02  7.42422502e-03  7.63751650e-03 -2.50278591e-02
     5.04597758e-03]
   [ 2.43901794e-02 -1.94185116e-02 -2.54881531e-02  1.41195962e-02
     2.11556128e-02]
   [ 8.54862976e-03 -2.94728742e-02  1.61718855e-02 -1.91916210e-02
    -2.98083243e-03]]

  [[ 9.17438958e-03  1.84533388e-02  2.04913285e-02  2.91773638e-02
     9.68675896e-03]
   [ 1.65563464e-02 -1.75382652e-02  1.43088542e-02  8.08055148e-03
    -2.71090301e-02]
   [ 9.80566533e-04  2.02904522e-02  7.14695536e-03 -1.89369012e-02
    -1.76997234e-02]
   [ 3.86018074e-04  7.85671062e-03  1.59919212e-02  2.77042726e-02
     1.69590250e-02]
   [ 1.88260608e-02  2.91066493e-03 -6.59277466e-03  9.61007035e-03
    -8.80905027e-03]]

  ...

  [[ 2.00320389e-02  2.48283407e-02  1.01943775e-02  5.11713393e-03
     3.74805173e-04]
   [-1.48742190e-02 -2.10435455e-02 -1.85648555e-02  1.16061484e-02
    -1.05257201e-02]
   [-7.27583205e-03 -2.55268259e-02  2.21948490e-02  2.79713682e-02
     8.48256800e-03]
   [ 1.59141404e-02  2.10364295e-02 -2.30582653e-03  2.65005037e-02
    -1.95031112e-02]
   [-2.44206486e-04  1.16940272e-02  4.81356448e-03 -1.67270757e-02
    -2.72500850e-02]]

  [[ 1.26614414e-02  1.31298784e-02  2.25385305e-02 -2.03600417e-02
    -1.89240962e-02]
   [ 1.19999160e-02  1.63156741e-02 -1.24759173e-02 -2.64142227e-02
     2.30445643e-02]
   [ 4.82336623e-03  2.93345832e-02  5.87299939e-03  1.90073215e-02
    -2.89907237e-02]
   [-1.82693054e-02 -6.72561753e-03 -1.12953962e-02 -2.34207931e-02
    -8.91130088e-03]
   [ 9.71635349e-03 -2.31813030e-02 -2.46120126e-02 -2.79643589e-02
    -6.06300371e-03]]

  [[ 5.05643885e-03 -8.82100253e-03  6.09643339e-03 -2.59365796e-02
     2.44978606e-02]
   [-1.09802265e-02 -2.56734858e-02  2.83253005e-02  2.49879776e-02
    -4.84052509e-03]
   [-4.20366369e-03 -1.59350073e-02  1.09251796e-02  2.89704135e-02
    -2.29497162e-02]
   [ 2.05180247e-02 -8.26742736e-03 -1.36161078e-02 -2.39943325e-02
    -5.36356515e-03]
   [ 1.37768240e-02 -2.89750493e-02 -1.95654061e-02 -2.30673901e-02
     2.28240118e-02]]]


 ...


 [[[ 1.80914647e-02  1.56652855e-02 -2.75000432e-02  1.89268920e-02
     1.18111493e-02]
   [ 1.16660394e-03  1.64425644e-02  2.75014635e-02 -1.10656064e-02
     1.64130207e-02]
   [ 1.29476892e-03 -1.73440745e-02  2.45840387e-02  2.06330657e-02
    -1.50557492e-02]
   [-1.02045093e-02 -8.93965777e-03 -7.82918476e-03  2.40847180e-02
    -2.93303490e-03]
   [ 2.33872645e-02  1.33206634e-02  2.90463177e-03 -2.65823812e-03
     9.25925151e-03]]

  [[-2.86466234e-02 -2.07215424e-02  2.63596655e-02  3.04961917e-03
     2.23924909e-02]
   [ 1.05374232e-02  2.38792274e-02 -1.17364285e-02  2.36835833e-02
     1.42808668e-02]
   [ 4.03911793e-03  1.91638123e-02 -3.82246312e-03  8.63511866e-03
    -2.96943490e-03]
   [ 1.31244145e-02  2.64263474e-02  2.91803690e-02 -1.48743599e-02
     1.85937663e-03]
   [ 3.95030177e-03 -2.05748549e-02  1.04540558e-02  1.93497062e-02
     5.13465427e-03]]

  [[ 2.01141573e-02  1.42463709e-02 -3.22109900e-04  1.38390489e-02
    -2.87659060e-02]
   [-2.43966838e-02  2.10969328e-03 -1.98408582e-02 -1.38863225e-02
    -1.20697886e-02]
   [ 2.46955300e-02  6.21392281e-03  1.95740444e-02 -8.89966217e-03
    -2.57682785e-02]
   [-1.16309528e-04  1.10206304e-03 -2.75397127e-02  1.21562030e-02
    -2.06180007e-02]
   [ 2.01128819e-02  2.72866468e-02  1.18592261e-02  1.19153215e-02
     1.90449032e-02]]

  ...

  [[ 4.02955733e-03  2.00577402e-02  1.10301906e-02 -3.54540018e-03
    -1.96244299e-02]
   [-1.45256915e-02  1.72388925e-02  8.97748958e-03  2.68493605e-02
     1.71255339e-02]
   [-8.48163435e-03  1.08580500e-02  3.03249775e-03  8.86378350e-03
    -2.04835654e-02]
   [-1.35268764e-02  7.60330762e-03 -1.26666842e-02  2.55844600e-02
     2.21776271e-02]
   [ 5.04107745e-04  8.20679943e-03  2.40669675e-02  1.95748692e-02
     1.92460258e-02]]

  [[ 6.74674301e-03 -2.78444339e-02  2.61576270e-02  2.49773239e-02
     1.54338694e-02]
   [-9.83924726e-03  3.13955392e-03  2.21739532e-02  2.37892506e-02
     2.81677138e-02]
   [-2.58419829e-03  9.96122061e-03  1.60381661e-02  3.48676307e-03
    -2.72731156e-02]
   [ 7.70164328e-04  1.51396673e-02  3.40500486e-03 -1.61173059e-02
     2.86244021e-02]
   [ 2.92287506e-02  2.20011066e-02 -2.74996853e-02 -1.80527447e-03
    -9.12647759e-03]]

  [[ 1.37224971e-02  9.07895683e-03 -9.99614106e-03  1.27649403e-02
     1.87765565e-02]
   [-1.77658260e-02  1.32307287e-02 -1.53252825e-02  2.40862349e-02
    -1.72006093e-02]
   [ 6.29268922e-03  2.69648640e-02  1.73017961e-02 -2.47381943e-02
     1.66747863e-02]
   [-2.79436997e-02  1.09859954e-02 -1.57455754e-02  2.07888178e-02
     3.03423763e-03]
   [ 2.10361141e-02  2.80376512e-02 -2.36970540e-02 -2.73159250e-02
     2.21088627e-02]]]


 [[[ 1.29119617e-02  2.52717217e-02 -7.70933627e-03  1.22145878e-02
    -1.96717836e-02]
   [-2.80313577e-02 -1.16282484e-02  8.72430335e-03  1.56058794e-02
     1.59161500e-02]
   [-1.67233669e-03  7.81172038e-03  6.56695852e-03 -1.14640760e-02
     4.67723654e-03]
   [ 8.65314959e-03  2.49724232e-03 -2.81205212e-02  2.14322482e-04
     1.67060088e-02]
   [ 1.81451301e-02  1.04677631e-02  1.72664502e-02  1.39842628e-02
     2.57917858e-02]]

  [[-1.26036642e-02  1.71105048e-02 -1.29048871e-02 -1.27904143e-02
    -1.84344753e-02]
   [ 1.78806737e-02 -2.56795657e-03  1.62731325e-03 -2.87338906e-02
     1.75072253e-02]
   [-7.48599443e-03  6.46953912e-03  1.50658482e-02  2.58047573e-02
     1.21580174e-02]
   [ 2.55601408e-02  1.13207550e-02 -2.34457969e-02  3.75886219e-03
     1.63393229e-02]
   [ 2.10812739e-02 -2.25370831e-02 -2.08614016e-02  2.40805576e-02
     2.84547224e-02]]

  [[ 1.23992740e-03 -1.03386820e-02  2.00094401e-02 -2.29800053e-02
     2.14994764e-02]
   [-4.43077352e-03 -2.29219368e-02 -1.50828236e-02 -1.16816970e-02
     4.14382746e-03]
   [-3.74989071e-03 -1.07067618e-02  2.02045035e-02  1.08483380e-02
     9.55063510e-03]
   [ 2.11655225e-02 -8.20216401e-03 -2.96276045e-02  1.79238454e-02
    -2.94047864e-02]
   [-1.71413486e-02 -1.82424585e-02  1.67196186e-02  6.40011493e-03
    -2.16015261e-02]]

  ...

  [[-2.14004796e-02  6.72153515e-03 -1.90444253e-03  7.81778771e-03
    -9.34953177e-03]
   [ 1.11491466e-02  2.49857374e-02  1.61231683e-02 -2.10694136e-02
    -2.15373178e-02]
   [ 1.25915561e-02 -1.93160376e-02  2.47491101e-02 -7.76103996e-03
     1.84497066e-02]
   [ 2.34001203e-02  7.33342285e-03 -2.15972058e-02  2.66587418e-02
     8.42546420e-03]
   [-4.32567837e-03 -1.59791102e-03  4.98349924e-03  1.02728325e-02
    -7.49404308e-03]]

  [[-1.75714976e-02  1.40529996e-03 -2.25829259e-02  2.07636651e-02
     2.80512619e-02]
   [ 2.27408616e-02 -1.99259533e-02  2.45490838e-03 -1.70708970e-02
     1.54759975e-02]
   [ 2.47091203e-02  2.37668065e-02 -2.27614858e-02  1.83430337e-02
     1.07419765e-02]
   [ 1.45048947e-02  2.70981696e-02 -1.81427606e-02 -2.36592950e-02
     1.64027273e-02]
   [-5.43145771e-03 -1.40734942e-02  1.07044118e-02  2.60359199e-02
     2.15344407e-02]]

  [[ 7.89613506e-03 -1.95344982e-02  2.27340850e-02  1.71223476e-02
    -1.24907289e-02]
   [-1.65683232e-02  4.86494508e-03 -2.11572093e-02 -2.35661359e-02
     2.64410417e-02]
   [ 1.99163718e-03  7.97309723e-03  1.39246069e-02 -1.50632275e-02
    -2.76635966e-02]
   [ 1.22340804e-02 -6.54656163e-03  2.52954148e-02  2.61052173e-02
     3.78567876e-03]
   [ 1.63315931e-02  1.23792945e-02 -2.06041089e-02 -4.93112884e-03
    -2.14293682e-02]]]


 [[[-1.96872859e-02  2.00972521e-02 -1.23715724e-02 -2.09817046e-02
     1.27372112e-02]
   [-2.64663855e-02 -1.45096724e-02 -2.25562219e-02  1.43620264e-02
     2.19174892e-02]
   [ 6.19934499e-03 -5.27702856e-04  2.14779052e-02  1.58773728e-02
     2.21099650e-02]
   [-8.81757891e-03 -2.63444363e-02 -1.84814893e-02  1.39059439e-03
     4.04338821e-03]
   [-1.05295224e-02  2.43582047e-02 -1.47249127e-02 -1.98083321e-02
    -1.35173780e-02]]

  [[ 2.61185222e-02  2.29263022e-03 -6.53342574e-03 -2.85266280e-02
     2.47025057e-02]
   [ 1.29852367e-02  2.00436853e-02 -9.84084265e-03 -2.58918390e-02
    -2.55014767e-02]
   [ 2.37679633e-02  5.22328303e-03  3.59156610e-03  6.43192294e-03
     2.43142878e-02]
   [-1.92544656e-02  6.38806418e-03 -7.67500449e-04  7.60430840e-03
    -1.46499401e-02]
   [ 2.84983220e-02 -1.60885201e-02  2.67231385e-03  1.87217910e-02
     7.40451876e-03]]

  [[ 9.39056927e-03  2.42746054e-02 -1.33243576e-02 -1.61323504e-02
     6.50964807e-03]
   [-2.57946124e-02  2.06758347e-02  2.33138949e-02 -2.15118482e-02
     2.02407462e-02]
   [ 2.94183963e-02  7.84629687e-03  2.65556370e-02  2.19158890e-02
    -1.09612593e-02]
   [-1.98819374e-02  2.27477132e-02  5.25844374e-03  2.40258727e-02
    -1.43070949e-02]
   [ 2.18329784e-03 -2.62716871e-02  7.80957635e-03  2.17449844e-02
     2.13424078e-02]]

  ...

  [[ 6.57104402e-03  1.91358049e-02  2.78781871e-02 -1.17900829e-02
     8.53869736e-03]
   [-1.96474813e-02  1.32789321e-02  2.37606488e-03 -2.10785047e-02
     1.06698541e-02]
   [ 2.39023072e-03 -2.08445119e-02 -2.38936478e-02 -7.21028664e-03
     2.74575074e-04]
   [-1.77829514e-02 -1.14096767e-02 -1.43001214e-02  2.81838208e-02
    -1.20700890e-02]
   [ 4.62933457e-04 -1.67226009e-02  1.26650279e-02  1.36696743e-02
    -9.12966688e-03]]

  [[ 1.34349525e-02  1.69681838e-02 -1.41645440e-03 -2.55051782e-02
    -7.63725103e-04]
   [-2.19174967e-02  7.56390099e-03  1.56967774e-02 -1.92547130e-02
     2.31475554e-02]
   [-2.92738664e-02 -2.01407433e-02 -2.34943939e-02  2.10289906e-02
    -2.69900048e-02]
   [-7.92852409e-03  2.22908904e-02 -1.83204051e-02  2.38772494e-02
     1.39173038e-02]
   [-2.76543334e-02  4.17079744e-03 -2.79462805e-02 -1.01042391e-02
    -2.59361788e-02]]

  [[ 7.47401026e-03 -5.79191907e-03  2.76104841e-02  1.57834064e-02
    -1.93688498e-02]
   [-2.69825500e-02  2.89454243e-02  2.11912864e-02  1.44951582e-02
     6.68208290e-03]
   [ 1.75657159e-02  7.86755488e-03 -1.57053481e-02  1.36363168e-02
     1.06352841e-02]
   [-1.14914032e-02  4.52701685e-03  4.12773802e-03  3.52916188e-03
     2.79946801e-02]
   [-8.38772308e-03  1.69230688e-02 -2.89438575e-02 -4.27531345e-03
     4.54336967e-03]]]][0.008976738242936277, -0.0015916478038052045, -0.018638838152609534, 0.024845123271126198, 0.012364066591646076, -0.02893912168494936, 0.004078392322840425, 0.022236229341437663, -0.013864923857437716, -0.02605215226333686, -0.00814932999127295, 0.00868774342411206, 0.01762876974447936, -0.009850693601379069, -0.02802848239886784, 0.019021916513601186, 0.009685639767898619, -0.01618297885918124, -0.028564113742322105, 0.02179999369698907, 0.013902623615489895, 0.006494505874709542, -0.02858188765131442, 0.02060952817414116, 0.00415039088420956, -0.012584544181123213, -0.009006712579330438, 0.008196368301923041, -0.023097269290864083, 0.025952842211131148, 0.01858207612384907, -0.01996735268135804, -0.018033408941324113, 0.005675973172650884, -0.02645420116240183, -0.022845349684085983, 0.001984658065381815, 0.02286998941367697, -0.024949577842428024, 0.0016010050662826729, 0.010818776568663372, -0.0220145320329316, 0.017178541516467246, 0.017670694119726892, -0.019330530190616726, -0.0175626570679555, 0.009691681576579594, 0.02001135720664368, 0.017334925334862843, 0.011603726794500922, 0.014018305766963574, -0.01961686861369724, 0.0013156491221114341, -0.022909665461960084, -0.0064760026417055375, 0.014665727304796958, -0.0030238550656265517, 0.01425755733093986, 0.020307744992099187, -0.01725908093874971, -0.00553882541269117, -0.0084618671786959, 0.00792638848911181, 0.01582075195412336, 0.0034194829653979818, -0.010555541111942703, -0.0055144742458237556, 0.021737658949542032, -0.00656047582100619, 0.02389646722718788, 0.01862968337764159, -0.009626228268334206, 0.02627747484514852, 0.005241688621708807, 0.01900838622265794, 0.02894448651953019, -0.024817044752383506, -0.025873450924412563, 0.028302629662802403, -0.020384625444825777, -0.009712467326368764, 0.026023405135918557, -0.015552258729914772, -0.019858827413369966, 0.010177103592294571, -0.008968403855542581, 0.0018156104699019841, 0.013923733385790001, -0.018936094847250978, 0.02589308521217944, 0.014170189523715997, 0.012564715880548815, 0.02147612777123174, -0.004787055842413547, 0.020261375099838542, -0.02232297485472506, 0.013343928153824517, 0.0037398239737425377, 0.008199268106566949, -0.019651653417882088, 0.027183634599733764, -0.01785713134621442, 0.0071296558678611115, -0.005258412403065002, 0.006141697553501354, -0.010780738106269352, -0.016378257855404234, -0.020457588301993686, 0.02383126581261216, 0.02656863669450082, 0.02379071832195166, 0.010863907608228179, 0.0294871933026887, -0.005869610400011098, 0.015725836325034635, 0.005530103850819392, 0.022779363531285613, -0.014502264667398172, -0.023395874038419636, 0.018729798359400144]
-----------------------------------------------
[[ 0.00818219 -0.01807627  0.00467057 ... -0.01419369  0.0191607
   0.01827358]
 [ 0.00596114  0.01034805 -0.00644579 ...  0.00314239 -0.00436027
  -0.01184296]
 [ 0.01637591 -0.00409202  0.00704483 ...  0.01917976 -0.01849584
   0.01377294]
 ...
 [-0.00812189  0.00072899  0.00052312 ... -0.00182094 -0.00345898
  -0.00383635]
 [ 0.01279849 -0.0104064   0.0103975  ... -0.00134596  0.01896408
   0.0139129 ]
 [ 0.01533625  0.00647269 -0.01826464 ...  0.01234621 -0.01260428
  -0.01967217]][ 8.82223525e-04  4.03426070e-03 -7.39276309e-03 -2.96626449e-03
  1.24254728e-02 -1.71965033e-02  1.62449019e-02 -1.05970030e-02
 -6.18664313e-03  5.63761661e-03  2.55135745e-03 -7.93421072e-03
 -8.89002338e-03  5.81956450e-04 -1.93132340e-02 -1.00349032e-02
  9.24204440e-03 -1.54138242e-02 -3.23096899e-03 -8.29475299e-03
 -1.41759554e-02 -1.32589696e-02 -9.59253081e-03 -1.11761607e-02
 -2.31950107e-03 -4.45725910e-03 -4.41006206e-03 -1.57675612e-02
 -1.87818725e-02  7.67486002e-03  1.08869536e-02  1.38208893e-02
 -1.90496012e-02 -4.83847719e-03  1.77263937e-02 -2.05297064e-04
 -1.57554029e-03 -1.59362962e-02 -1.61656850e-02  7.41506589e-03
 -1.60172822e-02  1.46447912e-02 -1.36427551e-02  8.61211924e-03
  1.68730053e-03  9.21935295e-03 -9.52305921e-03  5.60442364e-03
 -1.86737862e-02  1.17573791e-02 -1.93996479e-02 -8.58598297e-03
  1.50003784e-02  9.09030627e-04  1.63207899e-03  3.40213322e-03
  1.84122668e-02  8.12665175e-03 -9.22960590e-03 -3.01398608e-03
  1.51141884e-02 -4.42335374e-03 -1.72023058e-02 -6.93915483e-03
 -2.26783435e-03  1.06146376e-02  1.82861907e-02  1.20137788e-02
  8.78348243e-05  9.89947567e-03  9.98936790e-03  1.45353660e-02
 -9.63796209e-03  1.16748124e-02  1.65847645e-02  1.86465578e-02
  8.08457610e-03 -9.68218253e-05 -1.58576700e-03  4.71232268e-04
  7.57638927e-03 -6.40596486e-03  9.15829815e-03 -6.36981420e-03]
-----------------------------------------------
[[ 1. -1. -1.  1.  1.  1.  1.  1.  1.  1. -1. -1. -1.  1. -1.  1. -1.  1.
  -1.  1.  1.  1.  1.  1.  1. -1.  1.  1. -1. -1.  1.  1. -1. -1.  1. -1.
  -1. -1.  1. -1.  1.  1. -1.  1.  1.  1.  1.  1.  1. -1.  1. -1.  1.  1.
   1. -1. -1.  1. -1.  1.  1. -1. -1. -1. -1. -1. -1.  1. -1.  1. -1. -1.
  -1.  1. -1. -1. -1. -1.  1. -1.  1.  1.  1.  1.]
 [ 1.  1.  1.  1.  1.  1.  1. -1. -1.  1. -1.  1. -1.  1.  1. -1. -1.  1.
  -1. -1. -1.  1.  1.  1. -1. -1. -1. -1.  1. -1.  1.  1.  1.  1. -1.  1.
  -1.  1. -1.  1.  1. -1.  1.  1. -1. -1.  1.  1.  1. -1.  1.  1. -1. -1.
   1.  1. -1.  1.  1.  1. -1. -1.  1. -1.  1. -1.  1. -1.  1.  1.  1. -1.
  -1.  1.  1. -1. -1. -1.  1. -1.  1.  1.  1.  1.]
 [-1.  1.  1. -1. -1.  1.  1. -1.  1.  1.  1. -1.  1. -1.  1.  1.  1. -1.
  -1.  1. -1.  1.  1. -1. -1. -1. -1.  1. -1.  1. -1.  1. -1.  1. -1. -1.
  -1. -1. -1.  1.  1.  1. -1. -1.  1.  1. -1.  1.  1.  1.  1. -1. -1. -1.
   1. -1. -1. -1.  1. -1. -1.  1. -1.  1.  1.  1.  1. -1.  1.  1.  1.  1.
   1. -1. -1.  1. -1. -1. -1.  1.  1.  1.  1. -1.]
 [-1.  1.  1.  1.  1.  1.  1.  1. -1.  1.  1.  1.  1.  1. -1. -1. -1.  1.
   1.  1.  1. -1.  1. -1.  1. -1.  1.  1.  1. -1. -1. -1. -1. -1. -1.  1.
  -1. -1.  1. -1. -1.  1. -1. -1.  1. -1.  1. -1.  1.  1. -1.  1. -1. -1.
   1.  1.  1.  1. -1. -1. -1. -1.  1. -1. -1. -1. -1.  1. -1.  1. -1. -1.
  -1.  1. -1.  1.  1. -1.  1. -1. -1.  1. -1.  1.]
 [ 1. -1. -1. -1.  1. -1. -1.  1.  1.  1.  1. -1.  1. -1.  1.  1.  1. -1.
  -1. -1. -1. -1.  1.  1. -1. -1.  1.  1.  1. -1.  1.  1. -1.  1. -1.  1.
   1. -1.  1.  1.  1. -1. -1.  1.  1.  1. -1.  1. -1. -1. -1. -1. -1.  1.
  -1.  1. -1. -1.  1.  1. -1. -1. -1.  1.  1. -1. -1.  1.  1.  1. -1.  1.
  -1.  1.  1. -1.  1.  1.  1.  1.  1.  1. -1. -1.]
 [-1. -1. -1. -1.  1. -1.  1. -1.  1. -1.  1.  1.  1. -1. -1.  1.  1. -1.
   1.  1. -1. -1.  1.  1.  1.  1. -1. -1. -1. -1.  1. -1. -1.  1.  1. -1.
   1.  1.  1. -1.  1. -1.  1. -1.  1.  1. -1. -1. -1.  1.  1.  1.  1.  1.
   1. -1.  1. -1. -1.  1.  1. -1.  1.  1.  1.  1. -1.  1. -1. -1.  1.  1.
  -1. -1.  1.  1.  1. -1.  1. -1. -1.  1. -1.  1.]
 [-1. -1. -1.  1. -1.  1.  1. -1. -1.  1.  1. -1. -1.  1. -1. -1.  1. -1.
  -1. -1. -1.  1. -1.  1.  1. -1. -1. -1. -1. -1.  1. -1. -1. -1.  1.  1.
   1. -1.  1.  1. -1.  1.  1. -1. -1.  1. -1. -1.  1. -1.  1.  1. -1. -1.
  -1.  1.  1. -1.  1.  1.  1.  1.  1.  1.  1. -1. -1.  1.  1.  1.  1.  1.
  -1. -1. -1. -1.  1. -1. -1.  1. -1. -1. -1.  1.]
 [ 1.  1.  1. -1. -1. -1.  1.  1.  1. -1.  1. -1. -1.  1. -1.  1.  1. -1.
  -1. -1.  1.  1.  1. -1.  1. -1.  1. -1.  1. -1.  1. -1. -1. -1.  1.  1.
  -1.  1. -1.  1.  1. -1.  1.  1. -1.  1.  1. -1. -1. -1.  1.  1.  1. -1.
  -1.  1.  1. -1.  1. -1. -1. -1. -1. -1. -1. -1. -1. -1. -1.  1.  1. -1.
  -1.  1. -1. -1.  1.  1. -1.  1. -1.  1.  1.  1.]
 [-1.  1. -1.  1. -1.  1.  1.  1.  1. -1.  1. -1. -1.  1.  1.  1. -1.  1.
  -1.  1.  1. -1. -1.  1.  1. -1. -1. -1. -1.  1.  1. -1.  1.  1. -1. -1.
  -1.  1. -1.  1.  1.  1. -1.  1. -1. -1.  1. -1.  1. -1. -1.  1. -1.  1.
  -1. -1.  1. -1.  1.  1.  1. -1.  1.  1. -1. -1.  1.  1.  1. -1.  1. -1.
  -1. -1.  1.  1.  1. -1.  1. -1.  1.  1. -1.  1.]
 [ 1. -1.  1. -1. -1.  1.  1. -1. -1.  1.  1.  1.  1. -1. -1. -1. -1. -1.
  -1. -1.  1. -1. -1. -1. -1. -1.  1.  1.  1.  1. -1. -1. -1.  1.  1. -1.
  -1. -1. -1. -1.  1.  1.  1.  1.  1.  1. -1.  1.  1. -1.  1.  1. -1. -1.
   1.  1.  1.  1.  1.  1.  1. -1.  1.  1.  1. -1.  1.  1. -1.  1.  1. -1.
   1. -1.  1. -1. -1.  1. -1. -1.  1.  1. -1. -1.]]
-----------------------------------------------
