[[[[-0.03401792 -0.01411372  0.3911733  -0.31414675  0.15642769]
   [-0.04376869  0.39038721 -0.04224256 -0.22514991 -0.25374938]
   [-0.38262042  0.23155634  0.12898978  0.07078401 -0.32409486]
   [-0.08343999 -0.31622989  0.09905537 -0.00094092  0.32443963]
   [-0.38477631  0.07884683  0.09741659  0.24626782 -0.19952461]]]


 [[[-0.30421159 -0.26996168  0.12346563  0.03099748 -0.35516489]
   [ 0.36798851  0.32086613 -0.13208497  0.3932914  -0.2370329 ]
   [-0.26402603 -0.39058772 -0.08360864 -0.39571561  0.06878792]
   [ 0.03277427 -0.32528901  0.0282191   0.06905058  0.0557404 ]
   [-0.3319727  -0.28934242  0.39344587  0.3054927  -0.30803378]]]


 [[[ 0.15843471 -0.26040106 -0.00356039 -0.0210469  -0.23068581]
   [ 0.3987493  -0.00850727 -0.09404881 -0.284656   -0.0253638 ]
   [ 0.09124678  0.0120537  -0.0486473  -0.39197086 -0.34108138]
   [ 0.32876239 -0.39641586 -0.10874797  0.26728977 -0.21090628]
   [-0.04590017  0.1745646  -0.28568436 -0.39827253 -0.39379712]]]


 [[[-0.36767197  0.31582514 -0.20527392  0.3818621   0.37907206]
   [-0.0397569  -0.2795284  -0.18612309 -0.00855567 -0.3780372 ]
   [-0.2973001  -0.35181983  0.04335665  0.16439466 -0.28807235]
   [ 0.16530583 -0.0219886  -0.31731332 -0.38180802  0.02634128]
   [ 0.13917119 -0.15957506 -0.33137162  0.0229679  -0.24264634]]]


 [[[ 0.36170893 -0.34033557 -0.17385076  0.08274534  0.25519714]
   [-0.18320832  0.31605421 -0.2262729  -0.36695555 -0.03809127]
   [ 0.16715967 -0.39965882  0.26596533 -0.21329452  0.39741887]
   [ 0.3670673  -0.32104002  0.1663073   0.17455559 -0.22321911]
   [-0.05123071  0.08172846 -0.15461892  0.23204062  0.31405722]]]


 [[[-0.0346151  -0.17537051  0.08054953 -0.18546341  0.24436714]
   [-0.06358173  0.25160721 -0.29123364  0.10282267 -0.35971306]
   [-0.23699643  0.00395276 -0.0938016  -0.10150605  0.22759435]
   [-0.13837816  0.20026338 -0.02760135 -0.01458843 -0.14815631]
   [ 0.01570761 -0.35500938  0.32372262  0.36123455 -0.01301188]]]][-0.14852517723936742, 0.19595179158439663, 0.2639917714092251, -0.11879160534589861, -0.2844450601484966, -0.14191959004717308]
-----------------------------------------------
[[-0.4010642   0.26527552]
 [ 0.2865918  -0.29202027]
 [ 0.10411257  0.07659213]
 [-0.06100652  0.44772467]
 [ 0.28126164 -0.47445858]
 [ 0.00951578 -0.06025326]]
-----------------------------------------------
[array([[[ 0.03621703,  0.05518839,  0.07471193, -0.13271492,
          0.11279131],
        [ 0.13239534,  0.05328026,  0.14359327, -0.03099072,
         -0.14984944],
        [ 0.10216044,  0.07964013, -0.08166549,  0.10128163,
          0.05425297],
        [ 0.03181715, -0.11634533, -0.03708488,  0.05033612,
          0.05507112],
        [ 0.0741949 , -0.00367489, -0.14234692,  0.02304795,
          0.08107521]],

       [[-0.03506924,  0.03597559, -0.12594379,  0.08230446,
          0.1020444 ],
        [ 0.09594136, -0.12276365,  0.10367469, -0.13241491,
         -0.01566542],
        [-0.11718685, -0.1111255 , -0.08989558,  0.08742171,
         -0.05100974],
        [-0.01694569,  0.1209523 ,  0.07063974,  0.10435056,
          0.06257687],
        [-0.08508884,  0.00570811, -0.00437567,  0.11953471,
         -0.07347513]],

       [[ 0.10575189, -0.08689337, -0.13071704, -0.11604287,
         -0.13277937],
        [-0.01107863,  0.01083379, -0.07217379, -0.03973863,
          0.03723986],
        [-0.03663211, -0.09906296, -0.04663361,  0.09008123,
          0.08494128],
        [ 0.01331372,  0.14237334, -0.11673199,  0.03876687,
         -0.14484419],
        [-0.09861444, -0.13907243,  0.05761429,  0.13556291,
          0.06340685]]])
 array([[[ 0.01547549,  0.14814505,  0.02762035,  0.13998562,
         -0.04775097],
        [-0.14959092, -0.09370319,  0.0564353 ,  0.0693598 ,
          0.10119888],
        [-0.10952712, -0.11090314, -0.12430412, -0.07561914,
         -0.12097038],
        [-0.09763909,  0.04156918, -0.11649101,  0.07680287,
         -0.04393594],
        [-0.12011542,  0.00326597, -0.03508982,  0.0962817 ,
         -0.02544576]],

       [[ 0.05466726,  0.09280069,  0.08471314, -0.03339946,
          0.14044715],
        [-0.07947673, -0.05174973,  0.1211009 ,  0.08619091,
         -0.02113181],
        [ 0.0695402 ,  0.11984595, -0.06296783,  0.05140636,
          0.10756662],
        [-0.08596362,  0.09344999, -0.03137224, -0.02750044,
         -0.0617949 ],
        [ 0.11702256,  0.14176432, -0.02701342,  0.1463371 ,
         -0.04747526]],

       [[-0.02902075,  0.12424676,  0.01928932,  0.11732884,
         -0.01568699],
        [-0.03002111, -0.08668471, -0.11669367, -0.11973057,
         -0.05591312],
        [ 0.00697888,  0.09349988,  0.1240302 , -0.02194884,
          0.11852271],
        [ 0.05652107, -0.07628675, -0.07636015,  0.08386769,
          0.12264901],
        [-0.03570754, -0.01640409,  0.09261852, -0.03631563,
          0.03535509]]])
 array([[[-0.00579191,  0.06911148, -0.1096782 ,  0.10186473,
          0.12098963],
        [-0.12287652,  0.04465568, -0.05698199,  0.12704694,
          0.08848737],
        [-0.01605476,  0.06633367, -0.14102739,  0.0464673 ,
         -0.03990866],
        [-0.12052083, -0.11731829, -0.00939753, -0.05767769,
         -0.06389383],
        [-0.13366533, -0.11734997, -0.09453062, -0.14377404,
          0.13034173]],

       [[ 0.02124323, -0.07747878, -0.08351926, -0.05490586,
          0.11943781],
        [-0.13074523, -0.05346827,  0.01785332,  0.01927838,
          0.10885714],
        [-0.01233956,  0.11528119,  0.1436979 ,  0.06895647,
          0.09578371],
        [-0.11632017,  0.08196618,  0.1243377 , -0.03185039,
         -0.04588512],
        [ 0.11757698,  0.09628597, -0.05135371,  0.06735775,
          0.05923141]],

       [[ 0.12983597, -0.0775742 ,  0.03083369, -0.00155929,
         -0.10566012],
        [-0.01591368, -0.07687971, -0.07712716,  0.13843702,
         -0.01187806],
        [-0.03395014,  0.067128  ,  0.00062235,  0.14083447,
          0.05662375],
        [ 0.11787389,  0.0377418 ,  0.12267043,  0.10659948,
         -0.08776468],
        [ 0.10842768, -0.0554993 , -0.09968008, -0.01155376,
          0.08789191]]])
 array([[[ 0.05086712,  0.0135778 , -0.10258237, -0.11944004,
         -0.11245155],
        [ 0.05404798,  0.02543993,  0.0658254 ,  0.01289983,
          0.04369154],
        [-0.09012885,  0.07220839,  0.04694261,  0.04571831,
          0.07013626],
        [-0.07128699,  0.0688633 , -0.08513811, -0.0592307 ,
         -0.13829501],
        [ 0.14911543, -0.03770351, -0.06076882,  0.12648855,
          0.01885262]],

       [[-0.00629861, -0.1435209 ,  0.04925938,  0.10838043,
          0.12500549],
        [ 0.12492705, -0.07983261, -0.11695125, -0.09179551,
         -0.14229514],
        [-0.01057609,  0.08402766, -0.11017219, -0.14943108,
         -0.13483948],
        [-0.08275491, -0.11446651, -0.02662758, -0.07347795,
          0.00096385],
        [ 0.12458134, -0.0608229 ,  0.02986882,  0.11390616,
         -0.08055571]],

       [[-0.00533279,  0.13813245, -0.00591391, -0.05234178,
          0.09140211],
        [-0.04294282, -0.03173279,  0.02066194,  0.033723  ,
          0.07920988],
        [-0.05740671, -0.0418135 , -0.02685991, -0.02819398,
          0.09454675],
        [ 0.02052699,  0.12279803, -0.04292318,  0.02466449,
          0.11813016],
        [-0.08442469,  0.0681196 , -0.06238291, -0.14905986,
          0.02729393]]])
 array([[[ 0.13816546, -0.04932972, -0.08810652, -0.14227888,
          0.12458567],
        [ 0.1365552 , -0.07250907,  0.09079998, -0.09734434,
         -0.08652991],
        [ 0.14811164, -0.08619877,  0.07667376,  0.00390551,
          0.03832213],
        [ 0.06127071,  0.09379873,  0.14835525, -0.05830774,
         -0.14304087],
        [-0.01795565, -0.1437648 , -0.10756501,  0.00486207,
          0.01831176]],

       [[ 0.07295704,  0.06116975,  0.08345367, -0.04046247,
          0.12260687],
        [-0.00417891, -0.02953096, -0.05127447,  0.10327574,
          0.07956684],
        [ 0.07450008,  0.02674593, -0.09859262,  0.12094525,
          0.08805028],
        [ 0.14032439, -0.02030923, -0.1004743 , -0.10224333,
         -0.14976161],
        [-0.14400445, -0.11801403,  0.00197589,  0.04829596,
         -0.14157633]],

       [[ 0.0898892 , -0.0486097 ,  0.09277825,  0.02564332,
          0.08256666],
        [ 0.1138795 ,  0.0717267 , -0.0286657 , -0.13155117,
          0.10053225],
        [ 0.01016401,  0.10087383,  0.07429571,  0.05661772,
          0.13924237],
        [-0.11602875, -0.05926996,  0.04891036, -0.10715874,
          0.00407339],
        [-0.11059512,  0.1479626 ,  0.14353448,  0.11450923,
          0.03319434]]])
 array([[[-0.06952119,  0.13249579,  0.13377572, -0.05866945,
         -0.07800912],
        [-0.06274973, -0.14565938,  0.14612783, -0.11966765,
          0.13875053],
        [-0.08722297, -0.07156033, -0.03529932, -0.10012492,
          0.04279251],
        [ 0.11651764,  0.04033276,  0.1014436 ,  0.09482739,
          0.07416036],
        [-0.03400293, -0.07723172, -0.05647351,  0.03181122,
         -0.08097661]],

       [[ 0.05683685, -0.03212727,  0.00512057, -0.13015621,
         -0.02959971],
        [-0.01891942,  0.02695488, -0.00739106,  0.14871916,
         -0.12889044],
        [ 0.05769835, -0.08154105,  0.09981523, -0.05338195,
          0.08299401],
        [-0.07844828,  0.05239865,  0.04991281,  0.05480369,
          0.06416697],
        [ 0.11518179, -0.09059324, -0.0067152 ,  0.09422472,
          0.12179664]],

       [[-0.11185125,  0.07985619,  0.11558096, -0.14466388,
          0.11020363],
        [ 0.12850785,  0.05582706,  0.06263501,  0.04816416,
          0.11095344],
        [ 0.02925277,  0.14357945, -0.03521398, -0.09960697,
         -0.05769372],
        [-0.12620804, -0.11375376,  0.11923706,  0.05879293,
          0.10839357],
        [ 0.14175803, -0.10577649, -0.0090528 ,  0.05842222,
         -0.11154458]]])
 array([[[-2.69059454e-02,  5.33703749e-02, -9.60679485e-02,
         -6.31557653e-03, -1.80627734e-02],
        [-2.54281358e-02, -1.13823015e-02,  1.05267149e-01,
         -2.31294438e-02, -5.17032280e-02],
        [-3.02539819e-02, -2.31791656e-02, -1.13718662e-01,
          1.01498805e-01,  6.84476813e-02],
        [ 8.62295107e-02, -4.94395807e-02, -7.86169414e-02,
         -2.00434996e-02,  4.06121682e-02],
        [ 2.31714400e-02,  1.01537160e-01, -8.79006102e-02,
         -1.02984776e-01, -1.14106164e-01]],

       [[ 1.03140282e-01, -4.54742118e-02, -8.40655918e-02,
          3.90733828e-02, -7.58138041e-02],
        [-1.10368468e-01, -7.47513416e-02,  5.00792749e-02,
         -2.03259359e-02,  9.45073799e-02],
        [-7.79453304e-02,  9.92514580e-02,  8.35510864e-02,
          1.18601904e-02, -1.82524638e-02],
        [-1.52201722e-02,  8.52947172e-02, -7.22411970e-02,
         -3.62729016e-02,  6.33708650e-03],
        [ 7.81740641e-02, -4.06509045e-02,  4.14741058e-02,
         -1.05888152e-02,  1.83162238e-05]],

       [[-5.97566596e-02,  1.80760151e-02, -7.67949948e-03,
          4.76197524e-03,  9.52211208e-03],
        [-4.05672310e-02, -3.86816264e-03,  8.77480772e-02,
         -1.00153840e-01,  4.92232351e-02],
        [-6.89795882e-02,  1.04276067e-01, -9.85639430e-02,
          1.01670371e-01, -1.43245010e-02],
        [ 5.03697762e-02,  9.62173346e-03, -7.37156048e-02,
          3.49014920e-03, -3.82219627e-02],
        [ 4.97183952e-02, -7.36743375e-02,  3.46630195e-02,
          8.08117470e-02, -5.78486094e-02]],

       [[ 1.08064480e-02,  1.15974684e-02,  2.08544335e-02,
         -3.51390138e-03,  8.31877249e-02],
        [-3.95566399e-02, -7.00071865e-02, -2.80238578e-02,
         -2.48568983e-02,  1.46723868e-02],
        [ 1.80084755e-02, -5.85483589e-02,  2.78398498e-02,
          9.62709575e-03, -3.92111649e-02],
        [-1.10829808e-01, -8.46407876e-02, -4.64865064e-02,
          3.10038345e-02,  8.52692911e-02],
        [ 9.64029861e-02, -1.06660180e-01, -1.53287328e-02,
         -9.88475218e-02, -7.64382106e-02]]])
 array([[[ 0.02183188, -0.01804928, -0.02143463, -0.01270495,
          0.01815771],
        [-0.02731109,  0.03134032,  0.02131212,  0.03312093,
          0.0228173 ],
        [ 0.00985011, -0.09645766,  0.05196537, -0.04838469,
         -0.0723882 ],
        [ 0.07747343, -0.05850597, -0.09033788,  0.0790473 ,
          0.00539701],
        [ 0.02209264, -0.06656171, -0.08893322, -0.0720627 ,
         -0.02596509]],

       [[-0.07224566, -0.07816252,  0.11061953,  0.0237633 ,
          0.03158812],
        [ 0.01238612,  0.08235018,  0.00734501,  0.07801084,
         -0.0569752 ],
        [ 0.10695095, -0.10692308, -0.00154693,  0.02577572,
         -0.10383461],
        [ 0.08313861,  0.02996508, -0.07803433,  0.03818659,
          0.05677128],
        [-0.06963367, -0.04571431, -0.04257276, -0.05951229,
          0.07753813]],

       [[-0.02213552,  0.03802985, -0.0098451 ,  0.04830118,
         -0.06886335],
        [-0.04967536, -0.06667894, -0.09893254, -0.08616028,
          0.00438128],
        [ 0.00317628,  0.05101459,  0.00394797,  0.04369534,
         -0.00791018],
        [ 0.04517071, -0.10810435, -0.04248993,  0.08330812,
          0.08638033],
        [ 0.06165769, -0.10809108, -0.05709184, -0.03251368,
         -0.10880966]],

       [[ 0.02273128,  0.03727893,  0.08970746,  0.02404405,
          0.04619365],
        [ 0.00129995, -0.10697214, -0.10372039,  0.04103765,
          0.09993294],
        [-0.11233771, -0.00503427, -0.09521363,  0.03287286,
          0.10897891],
        [ 0.01494926, -0.02291775, -0.08989165, -0.10775161,
          0.00648928],
        [ 0.02532858,  0.04190164,  0.11220447,  0.02722248,
          0.04770616]]])
 array([[[ 8.21186359e-02,  4.47284699e-02,  8.12729377e-02,
          7.95967967e-02, -2.99683897e-02],
        [-4.65473812e-02, -1.10713422e-01, -4.52884496e-02,
         -9.26943164e-02, -4.79834977e-02],
        [-7.43815410e-02, -6.52959250e-02,  5.77453211e-02,
         -1.34621433e-02, -9.41195140e-04],
        [-1.01841767e-01, -2.68724644e-02, -4.62053725e-02,
          6.72969964e-02,  6.31783052e-02],
        [ 8.60948346e-02,  1.79343541e-02,  1.05892589e-01,
         -9.95918607e-03,  7.00518124e-02]],

       [[ 3.81917689e-03,  1.05367702e-01,  8.97764413e-02,
         -2.41106250e-02,  3.05754856e-02],
        [ 6.72477586e-02, -1.97054091e-02,  5.93158038e-02,
          5.14425780e-02, -3.20190895e-02],
        [-7.49832025e-02,  7.56003545e-02,  4.83040657e-02,
          1.01976447e-01,  8.37962593e-02],
        [ 2.51500704e-02,  4.57161959e-02,  2.46544543e-02,
         -7.71061727e-02,  7.80895251e-02],
        [-3.64705866e-02, -1.03741290e-01,  4.73494082e-02,
          4.51337965e-02, -9.23016778e-02]],

       [[ 5.71294302e-02, -3.58679543e-02, -3.02739039e-02,
         -2.96396992e-02, -7.77690912e-02],
        [ 3.99218888e-02, -1.33926286e-02,  9.89070125e-02,
          1.68562498e-02,  1.28808744e-06],
        [ 4.49349941e-03, -6.76414916e-02,  1.69820262e-02,
          9.19781977e-02,  5.63951327e-02],
        [-4.42704889e-02,  6.05454810e-03,  7.90737100e-02,
          3.17727198e-02, -2.35474845e-02],
        [-1.93998558e-02, -5.09556101e-02, -5.46549031e-02,
         -5.47115778e-02,  3.19446471e-02]],

       [[ 2.07514372e-02,  5.70914692e-02,  6.24781068e-02,
          7.29780280e-02,  1.13790825e-01],
        [-7.80062841e-02,  7.79374883e-02,  1.07218627e-01,
          2.83856043e-02,  5.93619395e-02],
        [-8.89053387e-02, -2.10544031e-02, -3.41700480e-02,
          8.91089207e-02,  2.07280733e-02],
        [ 4.22252018e-03,  7.69989705e-03,  6.53325526e-02,
         -3.62577288e-02,  9.59690300e-02],
        [-7.33189650e-02,  1.67063897e-02,  7.17879141e-02,
         -1.08263814e-01,  4.85729927e-02]]])
 array([[[-0.1120485 , -0.03268218,  0.09579359, -0.08378392,
          0.07103981],
        [ 0.05375062,  0.01315478, -0.0457494 , -0.02882373,
          0.05526358],
        [-0.08639283,  0.05077562,  0.11318868, -0.04161838,
         -0.08084552],
        [-0.06808414,  0.02495611,  0.03782288, -0.09661774,
         -0.00234678],
        [ 0.06559246, -0.00168815, -0.05138293,  0.02140245,
          0.10471501]],

       [[ 0.00415807,  0.07086341,  0.03350405, -0.03805574,
          0.02599148],
        [-0.10394471,  0.09252077, -0.07936871,  0.1128074 ,
         -0.10612579],
        [ 0.00714767, -0.09390205,  0.11213985,  0.08788496,
         -0.00274723],
        [-0.06222571,  0.01640704,  0.04928445,  0.09618296,
          0.05620584],
        [ 0.05482129,  0.06663325,  0.00709789,  0.09701022,
          0.03360403]],

       [[ 0.05064704, -0.04737766,  0.06196888, -0.04875729,
          0.06155872],
        [-0.02800314, -0.01935919,  0.01699948, -0.09542313,
          0.06121634],
        [-0.10878179, -0.05877121,  0.07271426,  0.09719618,
          0.00511245],
        [ 0.08733727, -0.0070967 , -0.03000216, -0.04371933,
         -0.06867399],
        [-0.07386058, -0.00835068, -0.0324075 , -0.07970001,
          0.06332979]],

       [[ 0.00304108,  0.0608081 , -0.10516468, -0.04907501,
         -0.08783679],
        [ 0.08283875,  0.05919233,  0.00932108,  0.00563342,
          0.00823799],
        [-0.00634797, -0.08693233,  0.10370506, -0.03374684,
          0.07958733],
        [-0.01794559,  0.01314996, -0.01793099,  0.05357511,
          0.07279489],
        [-0.09352628, -0.06377176, -0.1135311 , -0.05275571,
         -0.09655273]]])
 array([[[ 0.09605956,  0.01768076, -0.06772704, -0.08642097,
         -0.03517792],
        [ 0.06919759, -0.03272698,  0.06146008, -0.01160664,
         -0.01517985],
        [-0.01685913,  0.07668999, -0.06944544, -0.01286535,
          0.01813513],
        [-0.06864159,  0.10838178,  0.02322227, -0.07237968,
         -0.00260231],
        [ 0.02819971,  0.02808818, -0.09766458,  0.09951838,
         -0.07457474]],

       [[-0.10836972,  0.0349731 , -0.04145375,  0.02763179,
          0.01794019],
        [ 0.06805292,  0.02141246, -0.03811163,  0.09764007,
          0.1113265 ],
        [-0.06374629,  0.07300201, -0.06503793, -0.11236475,
         -0.06282014],
        [-0.11199817,  0.00952434, -0.0554985 , -0.08214507,
          0.01059671],
        [ 0.11211745,  0.08737836,  0.01945354, -0.09081698,
         -0.05680704]],

       [[-0.0920162 ,  0.09233005,  0.05289863, -0.01361328,
         -0.10692294],
        [-0.02450401,  0.00574909,  0.09789322,  0.06592078,
          0.09812453],
        [-0.11124481,  0.01841244, -0.03259715,  0.0022964 ,
          0.10965957],
        [-0.06301538,  0.00080668,  0.07408193, -0.10904232,
          0.00482947],
        [ 0.09292424, -0.01864261, -0.08816748,  0.0513001 ,
         -0.01833968]],

       [[-0.07476225,  0.1011243 ,  0.02445211, -0.03315738,
          0.0133129 ],
        [ 0.07404953, -0.01972146,  0.04159606, -0.02519057,
         -0.06677483],
        [ 0.08730023, -0.04088919, -0.06181466, -0.11389908,
          0.10706795],
        [-0.04008434, -0.10182727, -0.06033398, -0.06803218,
         -0.00959519],
        [ 0.08398409,  0.04660654, -0.02713251, -0.02663874,
          0.09526132]]])
 array([[[-7.02625939e-02, -2.90550364e-03,  6.93243452e-02,
         -3.59821156e-02,  7.41376642e-02],
        [ 9.59378321e-02, -6.69804199e-02, -7.99007173e-02,
          1.29386760e-02,  1.11241213e-02],
        [ 9.32220640e-02,  1.01044690e-01,  3.78951930e-02,
          4.22303595e-02,  1.01272926e-01],
        [-4.31184386e-02, -1.05764684e-01,  5.15419728e-02,
          7.42522659e-02,  1.04437880e-01],
        [-2.35970164e-02, -5.95677027e-02,  8.81357446e-03,
         -9.80239319e-02,  3.95859182e-02]],

       [[ 9.27887164e-02,  1.63989221e-02,  9.65139373e-03,
          7.29133936e-03,  1.03542934e-01],
        [-6.61267258e-02,  3.48423449e-02,  7.44080747e-02,
          3.78590950e-02,  1.81990522e-02],
        [ 8.70778207e-02, -1.62814794e-02, -8.52506901e-02,
          1.86642800e-03, -5.82665547e-02],
        [-7.31771402e-02, -4.45587627e-02,  1.12928002e-01,
          9.18552465e-03, -1.31736153e-02],
        [ 2.90683908e-02,  8.97031398e-02,  1.08944386e-01,
         -8.09278174e-02, -7.68885137e-02]],

       [[-2.51949219e-02, -9.45723936e-02,  5.82571304e-02,
          4.71220477e-02, -9.84934423e-05],
        [-5.96994893e-02, -9.85194747e-02,  8.90979674e-02,
         -8.71367699e-02,  2.01576516e-02],
        [ 2.65821877e-02, -1.13902625e-01, -2.28894470e-02,
         -2.17957243e-02,  7.58840815e-02],
        [-7.52879597e-02, -6.77879913e-02,  5.62699764e-03,
         -1.64694934e-02, -9.16632463e-02],
        [ 6.31223650e-02,  1.31657242e-02,  1.02576222e-01,
          1.95157141e-02, -3.93022042e-02]],

       [[-3.46874304e-02,  7.89318288e-02, -5.69508691e-02,
         -5.77696833e-04, -4.39449471e-02],
        [ 2.12347007e-02,  6.49550168e-02, -7.09803255e-03,
         -5.75651313e-02, -1.05414803e-01],
        [-4.55031952e-03,  3.15720945e-03,  6.28743132e-02,
          6.67706661e-03, -1.16726804e-02],
        [ 1.68348594e-02,  3.63481302e-02, -1.12504911e-03,
          9.28545286e-02,  9.48205606e-02],
        [-5.74617103e-02,  3.28160524e-02, -7.47621731e-02,
         -1.09216093e-01, -5.55111195e-03]]])
 array([[[ 6.00058634e-02,  5.96421798e-02,  2.25362983e-02,
          7.24096883e-02,  2.82126790e-03],
        [-4.39809363e-02, -2.57735757e-02,  4.48971643e-02,
         -3.30350470e-02, -8.66242598e-02],
        [ 8.61175253e-02,  8.02662189e-02, -6.10442303e-02,
          7.14246061e-02,  4.73733292e-02],
        [-8.80412080e-02, -7.56756328e-02, -2.23079480e-02,
          3.30386475e-03,  6.93642317e-02],
        [-7.80978645e-02,  2.19479654e-02, -4.57538787e-02,
         -1.13717444e-01,  9.20263963e-03]],

       [[ 1.07611591e-01,  5.24458553e-02, -4.54269973e-02,
          3.50064697e-02,  2.88097278e-02],
        [-5.41273575e-02,  7.28009624e-02, -1.08816900e-01,
         -2.06871303e-02,  1.13731020e-01],
        [-1.01111888e-01,  8.42978053e-02,  9.51811458e-03,
         -6.97061300e-02, -3.05180902e-02],
        [ 3.53678399e-02, -1.04241036e-01, -2.46524791e-03,
         -5.73600017e-02,  4.90914972e-02],
        [-7.69939583e-02, -9.13541985e-02,  8.62214005e-02,
         -8.16369906e-02,  5.41553832e-02]],

       [[ 2.22337145e-02, -8.05043035e-02,  8.71980804e-02,
         -7.01192109e-02,  4.30785059e-02],
        [ 2.47268254e-05, -1.03840030e-01, -1.99141783e-02,
          8.04598317e-02,  6.37461118e-02],
        [-1.09468258e-01, -2.43043543e-02, -1.13800866e-01,
          4.62499061e-02,  8.24253318e-03],
        [-5.99700676e-03, -6.77927899e-02,  3.58171430e-02,
          1.00630637e-01,  9.16190886e-02],
        [-9.93923627e-02, -5.62582354e-02, -1.04143754e-01,
          9.87317828e-02, -3.90700909e-02]],

       [[ 9.43987250e-02,  5.42707814e-02,  7.61150524e-03,
          1.02665266e-01, -8.68792188e-02],
        [-7.16402136e-02,  3.38670354e-02, -1.06036173e-01,
          1.33779758e-02, -9.29566373e-02],
        [ 5.44569738e-02, -8.62541439e-02,  2.78269993e-02,
         -1.66412466e-02, -4.57385696e-02],
        [ 7.84148471e-02,  8.31584223e-02,  1.27328431e-02,
         -1.88548222e-02, -6.94761911e-02],
        [-6.83278793e-02,  6.08757280e-02, -7.63017868e-02,
         -4.48352839e-02,  7.32866273e-02]]])
 array([[[ 0.03755748, -0.0394408 , -0.00708774, -0.07382936,
         -0.09244798],
        [ 0.04626574,  0.02831355, -0.07698802, -0.01376503,
         -0.06282944],
        [ 0.06033466, -0.0314962 ,  0.08685887, -0.02489246,
         -0.08624764],
        [-0.08396787, -0.06009987,  0.02150036, -0.11221698,
          0.01763822],
        [ 0.0375768 , -0.09224939,  0.09261149,  0.1029878 ,
          0.11140514]],

       [[-0.05988757,  0.1105908 , -0.01492883, -0.05393296,
          0.04211411],
        [-0.02740395, -0.11245469, -0.04878435, -0.0842916 ,
          0.04646378],
        [-0.08449253, -0.10024355,  0.07344449, -0.03959359,
         -0.03372171],
        [-0.05900492,  0.08684966,  0.00805664, -0.07125943,
         -0.05307716],
        [-0.02850851,  0.03203728,  0.06908071,  0.07092082,
         -0.07876747]],

       [[-0.05218311,  0.03212277, -0.02719476,  0.10422206,
          0.06783031],
        [-0.08227893, -0.01356933, -0.00565445,  0.1010057 ,
         -0.06887019],
        [ 0.00714639,  0.01137926,  0.01364389,  0.1108575 ,
          0.10346879],
        [ 0.08354837, -0.09208057,  0.06831028,  0.02685898,
          0.04205457],
        [-0.02154838, -0.04308945,  0.01017488,  0.05006937,
          0.04660714]],

       [[-0.04557138, -0.07608853,  0.03619823, -0.08671421,
         -0.10632151],
        [-0.04770172,  0.05822735, -0.01263924,  0.11340966,
         -0.09755612],
        [ 0.02692151,  0.06414814,  0.06403495,  0.08429415,
          0.10132225],
        [-0.0065705 , -0.0132163 , -0.04678772, -0.09086141,
         -0.04999252],
        [ 0.01893852, -0.05562423, -0.11403059,  0.07717691,
         -0.07320269]]])
 array([[[ 0.01534146,  0.05369818, -0.09139771,  0.02355421,
          0.02556745],
        [ 0.09777904, -0.00909316,  0.03602153, -0.00730258,
          0.0510581 ],
        [-0.01215396, -0.08850471,  0.04398178, -0.06799513,
         -0.10275067],
        [ 0.09333909,  0.0585389 , -0.03065723,  0.08771989,
         -0.03727797],
        [ 0.07975779, -0.05496508,  0.08720116,  0.08297072,
         -0.05469496]],

       [[ 0.0772278 ,  0.01633406, -0.05869607, -0.11036853,
         -0.02316317],
        [-0.06741479, -0.05471129,  0.01842132, -0.03579313,
         -0.09253404],
        [ 0.06204314, -0.07090182,  0.01314995, -0.06861413,
          0.0146086 ],
        [-0.02133913,  0.08955234, -0.04094756,  0.04857901,
         -0.10849958],
        [ 0.05826143, -0.04687172, -0.06876225,  0.04108896,
         -0.10318716]],

       [[ 0.04479738,  0.013794  , -0.09901028, -0.04919295,
          0.05226236],
        [ 0.03078276,  0.03725567, -0.11349193, -0.10432933,
         -0.02325989],
        [-0.09919453, -0.07421751, -0.07819864,  0.08224483,
         -0.03112604],
        [-0.07725047,  0.09833952,  0.01043183,  0.07243266,
          0.00739104],
        [-0.06400697,  0.04476325, -0.06384364, -0.06635537,
         -0.07847141]],

       [[ 0.00830273, -0.09368885, -0.04443326, -0.06874468,
          0.0832639 ],
        [-0.0908044 ,  0.10904356,  0.08887842, -0.07489648,
          0.09055384],
        [ 0.11310722, -0.03954045,  0.01264667, -0.08168628,
         -0.06154526],
        [ 0.10961883,  0.02630476,  0.00540089,  0.03430285,
         -0.05001829],
        [-0.08155989, -0.11404429,  0.09759301, -0.05909388,
          0.06582673]]])
 array([[[ 0.07676853, -0.01062744,  0.00297753,  0.012044  ,
         -0.04993145],
        [-0.04869983, -0.04191963, -0.03702994, -0.0029535 ,
          0.07185994],
        [ 0.04196318, -0.03919442,  0.0073334 , -0.01419876,
          0.06189671],
        [-0.00272313, -0.07385254,  0.0292332 ,  0.01812141,
          0.01458018],
        [-0.00133578,  0.00955581, -0.05547325, -0.01971778,
          0.00919771]],

       [[-0.01097938,  0.07543624,  0.05747308, -0.04854566,
          0.07457504],
        [-0.06382955,  0.03370195, -0.07587042, -0.07683551,
          0.02338564],
        [-0.06893294, -0.00493327, -0.03492902,  0.06201097,
         -0.06885451],
        [ 0.03891441, -0.05595269, -0.01601945, -0.02274383,
         -0.05978257],
        [ 0.03530618,  0.00345396, -0.04064218, -0.04422418,
          0.02022265]],

       [[ 0.02170247,  0.04221916,  0.04064687, -0.05657365,
          0.01105864],
        [-0.04149665,  0.05970206,  0.03448015,  0.01497295,
          0.07428041],
        [-0.02546021,  0.03402465, -0.05303745,  0.06080666,
          0.01882439],
        [ 0.04083335,  0.07352507,  0.05005946, -0.00442815,
          0.0310907 ],
        [ 0.03265656,  0.06920539, -0.02823406, -0.02995757,
          0.05487253]],

       [[-0.06773587, -0.07203322,  0.04130406,  0.02827352,
         -0.00364115],
        [ 0.06949645, -0.0168296 , -0.00672094,  0.02925749,
         -0.02274484],
        [-0.0389156 ,  0.0522851 ,  0.06377578,  0.01409132,
          0.02812092],
        [ 0.02183429, -0.01416822,  0.06025142, -0.07049416,
          0.06342286],
        [-0.0411181 , -0.00092037, -0.06946016,  0.07643541,
          0.0578633 ]],

       [[-0.05083171,  0.01009843,  0.07016874,  0.06811232,
         -0.05036767],
        [-0.0627657 ,  0.05376741,  0.0105883 ,  0.06024247,
          0.03246797],
        [ 0.05877501, -0.00789357, -0.05429157, -0.00861629,
         -0.04034716],
        [ 0.03067788, -0.03632441,  0.05066811, -0.05828912,
         -0.05499788],
        [-0.00694999,  0.02429944,  0.0605186 , -0.05347719,
          0.06198265]],

       [[-0.06713396,  0.02924653,  0.00647599,  0.00970546,
         -0.00989421],
        [-0.02827463,  0.02279126, -0.01530138, -0.02296692,
          0.03175941],
        [-0.00561828,  0.02061005,  0.02099016,  0.00820352,
         -0.02520009],
        [-0.04529331, -0.01911094, -0.01918512,  0.0295316 ,
          0.05789874],
        [-0.06060577, -0.0524841 , -0.05617883, -0.05374098,
          0.03996913]]])][0.08054770496766209, 0.014009872734090656, -0.13824014317262492, 0.04585409046093744, 0.08968075991373783, -0.010825040596922325, 0.029190845519147787, 0.04328340447122973, 0.042279309021050746, -0.028615967457085972, -0.07163937908065338, -0.10252790179485005, -0.11233540464430374, -0.09831406209685749, 0.0871038703514899, -0.014748438905508879]
-----------------------------------------------
[[-0.35855421 -0.41507308]
 [-0.20064303  0.09455721]
 [ 0.14615595  0.19670824]
 [-0.16954225 -0.1849021 ]
 [-0.08458978  0.31362041]
 [-0.40206727 -0.22090054]
 [-0.35580833  0.41068419]
 [-0.19160152 -0.1014904 ]
 [ 0.03366932 -0.19476067]
 [-0.23446635 -0.45320668]
 [ 0.23460272 -0.19671879]
 [ 0.31226158  0.07538471]
 [-0.13832408  0.07642028]
 [ 0.11741135 -0.09662212]
 [-0.33531783 -0.04609583]
 [-0.18218363  0.27725254]]
-----------------------------------------------
[[[[-1.88880625e-02 -2.84519710e-02 -4.89171585e-04 -1.04945352e-02
     2.34952181e-02]
   [ 1.49697547e-02  1.74898327e-02  2.84157225e-02  7.57377392e-03
     2.09479839e-02]
   [-2.73230337e-02 -1.31180287e-03  2.66375740e-02 -2.25981895e-02
     6.77047466e-03]
   [ 2.52526389e-02 -1.06315954e-02 -2.76478297e-02  2.91947735e-02
     9.91585701e-03]
   [-9.40620892e-03  7.47021066e-03  1.76360954e-02  1.68236372e-02
     2.42688130e-02]]

  [[ 1.31532478e-02  3.59208500e-04 -1.76602422e-02 -3.02615965e-03
     1.34170649e-02]
   [ 8.54427719e-04  2.71618694e-02 -2.49734768e-02  2.75281200e-02
     1.20277913e-02]
   [ 1.86267897e-02  1.99258202e-02 -3.86376634e-04  1.76128776e-02
    -2.72583833e-02]
   [ 1.35791676e-02  6.53973491e-03 -5.37480246e-03  2.01039622e-02
    -2.76543397e-02]
   [-5.96579726e-03 -1.03348923e-02 -1.17745869e-02 -2.54683382e-02
    -2.78954996e-03]]

  [[ 4.82013248e-03  1.92507775e-02 -2.43020023e-02  7.26587394e-03
     2.75769551e-02]
   [ 3.68347980e-03  2.06978866e-02 -2.54614857e-02  9.81097555e-03
     2.34711246e-02]
   [ 2.83942882e-02  1.54525512e-02 -1.14631442e-02  2.94165465e-02
     1.42959325e-02]
   [ 2.47008539e-02  1.02260890e-02  1.75633868e-02 -2.39019981e-02
     4.68110978e-03]
   [ 1.51115358e-02 -6.41149503e-03 -2.76301459e-02  4.25438757e-03
     1.62324619e-02]]

  ...

  [[ 4.85281477e-03  1.89881206e-02 -2.68288452e-03  2.00964868e-02
    -1.40141551e-02]
   [-5.11156481e-03  1.46494810e-02  9.95376945e-03  2.98330507e-03
    -1.96234688e-02]
   [ 1.82298626e-02  1.44026649e-02  2.86066678e-02  3.79115473e-04
     1.55258090e-02]
   [-2.32005129e-02  2.07401106e-02  1.98872699e-02  2.54418118e-02
     8.23893655e-03]
   [ 2.19215536e-02  2.66925038e-02 -2.39403358e-03  2.26277949e-02
     2.21354687e-02]]

  [[-1.04142833e-02  2.33764898e-02 -2.84301040e-02 -2.86101536e-02
    -6.89869074e-03]
   [-2.28301074e-02  1.61253079e-02  1.22619104e-02  3.18877506e-03
    -1.25743563e-02]
   [ 2.09005361e-02  2.68865293e-02 -2.92581940e-02  1.43891124e-02
    -1.60677586e-02]
   [-2.83199507e-02 -2.38154867e-02  4.10958441e-03 -1.54857180e-02
     1.19681424e-02]
   [-2.00629727e-02 -1.74899172e-02  7.92568060e-03  1.91287200e-02
     1.60069933e-02]]

  [[ 2.58207149e-02 -7.32717951e-03  1.00576096e-02 -5.41873005e-04
    -2.29203162e-02]
   [ 1.72381268e-02 -2.48342680e-02  7.26125637e-03  2.52918742e-02
    -2.84262072e-02]
   [-2.66157131e-02  1.26453740e-02  1.87297635e-02 -1.86754761e-02
    -1.29694410e-03]
   [-1.06373634e-02  2.38454395e-02 -2.10581206e-02  1.90732961e-03
     1.17569563e-02]
   [-2.61869252e-02  2.48790860e-02  8.79695420e-03  3.35034083e-03
    -1.03736907e-02]]]


 [[[ 2.25603682e-02  1.08613263e-02 -3.47998026e-03  7.26727206e-03
    -7.60699474e-03]
   [-6.70335560e-03 -1.75494733e-02  2.38726823e-02 -1.31554347e-02
    -2.17237853e-02]
   [-1.07674891e-02  7.53668606e-03  3.31812967e-03  2.71979663e-02
    -1.64614506e-02]
   [ 1.09850063e-02  1.83939326e-02 -1.09815359e-02  2.82854889e-02
    -2.35600346e-02]
   [-2.67224643e-03  2.64448670e-02 -2.79737736e-02 -5.51795656e-03
    -5.22476643e-03]]

  [[ 1.16591147e-02 -2.70729462e-02 -2.82262447e-02  2.08884227e-02
    -3.18616373e-03]
   [-2.17079042e-02  2.86139151e-02 -5.09715790e-03 -2.01750848e-02
     1.82103888e-02]
   [ 7.11689470e-03  2.11110313e-02 -1.17508094e-02 -1.40030411e-02
     1.38126792e-02]
   [-1.72708003e-03 -2.48234762e-02 -1.68428358e-02 -1.39395302e-03
    -2.92936411e-02]
   [ 1.87361515e-02  1.93746778e-03 -2.42121251e-02 -1.69095500e-02
    -1.96910801e-04]]

  [[ 8.22286281e-03  8.65752772e-03 -2.49083628e-02 -8.77352649e-03
     7.28143370e-04]
   [-1.85343254e-02 -1.73769173e-02 -2.37108655e-02 -2.21426721e-02
    -2.60153887e-02]
   [ 1.62044177e-02  2.10822006e-02 -2.51884213e-02 -2.33918354e-02
    -9.27086745e-04]
   [-1.32692707e-02  1.02093943e-02 -7.98888523e-03 -1.76068308e-02
    -1.02031205e-02]
   [-2.63868169e-04 -2.76496819e-02  9.22438768e-03  1.04826188e-02
     1.79007746e-02]]

  ...

  [[ 6.51486258e-03 -2.82259916e-02  1.66510686e-02  7.69910483e-03
     7.30075113e-03]
   [ 7.54997096e-03  2.16139001e-02  1.94364443e-02  4.30267001e-03
     2.02592945e-02]
   [-1.79729611e-02  1.33021218e-02 -1.89339921e-02 -2.70279389e-02
    -1.42246306e-02]
   [ 6.20302794e-03 -1.48749025e-02  2.44441907e-02 -4.90414489e-03
    -5.60714686e-03]
   [ 1.63424524e-02 -2.16206647e-02  1.92120617e-02 -2.52085694e-02
    -1.70799199e-02]]

  [[-2.35792417e-02 -1.61399553e-02  5.34173732e-03 -7.46619325e-03
    -2.53272204e-02]
   [ 2.04371528e-02 -2.37047116e-02 -8.33062856e-03 -1.41050903e-02
     7.10678773e-03]
   [-9.83804076e-03  1.03793882e-02  1.46637852e-02 -8.82197228e-03
     2.19939190e-02]
   [ 2.74891186e-02 -2.68865481e-02  1.96035266e-02  8.97579695e-03
     2.85004921e-02]
   [ 2.05355070e-03 -2.77459046e-02  1.04125866e-02 -1.43231010e-02
    -2.90024176e-02]]

  [[-1.85475445e-02  4.01210667e-03 -2.66189343e-02  2.30927017e-02
     1.84327193e-02]
   [ 1.63377709e-02 -1.05698469e-02 -2.31896609e-02 -1.48489839e-02
    -2.58520932e-02]
   [-1.49441139e-02  1.16828871e-02  1.96854982e-02 -1.15107492e-02
    -1.37378934e-02]
   [-1.22843939e-02 -2.98845125e-03 -1.18617616e-02 -2.88798961e-02
    -1.87876191e-02]
   [-8.77107983e-03  1.71973743e-02 -1.34853738e-02  2.69794246e-02
     2.46687097e-02]]]


 [[[ 1.41228791e-02 -2.70983111e-03 -1.14562502e-02 -1.71984217e-02
    -3.81880562e-03]
   [-1.63197390e-02 -1.19968307e-02 -3.91831552e-03  1.22766216e-02
     8.06950294e-03]
   [ 1.36324355e-02 -1.41750627e-02 -1.64288938e-02  3.69103721e-04
     3.85053978e-03]
   [-9.95686221e-03 -2.62057528e-02  1.24092383e-02  1.91072579e-02
    -1.00689494e-02]
   [ 1.52209030e-02 -2.32323489e-02  1.16546593e-02  2.07469000e-03
     1.32072742e-02]]

  [[ 2.55863473e-03 -1.01006481e-02 -2.73331122e-02  2.42443335e-02
     1.80975823e-02]
   [-1.10072524e-02  2.24796365e-02  2.53111493e-02 -1.95768718e-02
    -9.72176474e-03]
   [-2.55681284e-02 -1.11274114e-02  7.63952893e-04  2.38455529e-03
     4.35184770e-03]
   [-2.11829432e-02 -2.75671687e-02  9.05427587e-03  2.21282904e-02
     2.77502784e-02]
   [-2.39010314e-02 -2.86872014e-02  3.39628906e-03 -5.34875672e-03
     1.25126152e-02]]

  [[-1.70842714e-02  1.46880971e-03 -1.78408345e-02 -2.76249941e-02
    -9.26155387e-03]
   [ 2.67375341e-03  2.50157510e-02  1.32238198e-02 -2.73608116e-02
     2.26141090e-02]
   [ 1.85714451e-02  1.08260826e-02 -1.79204743e-02  2.31600440e-02
     6.31781172e-03]
   [-1.35334975e-02 -4.04579292e-03  2.09720015e-03  1.96294807e-03
     1.97471289e-02]
   [ 9.16528701e-03 -2.46299416e-02 -1.57073528e-02 -1.65530399e-02
     1.75780127e-03]]

  ...

  [[ 1.58384490e-02  2.66510860e-02  7.45095244e-03 -2.32185105e-02
    -1.77569794e-02]
   [-3.35443838e-03 -1.02955440e-02 -9.24837533e-03  1.78576521e-04
    -3.25060194e-03]
   [ 2.42562269e-02  4.46375590e-04  2.22402918e-02  3.07443831e-03
     4.77743311e-05]
   [-2.92853229e-03  2.17031130e-02 -2.00846636e-02 -2.54759132e-02
     1.37950146e-02]
   [ 2.29590118e-02 -8.64798537e-03  6.90136128e-03 -2.81643532e-02
    -3.56150603e-03]]

  [[ 2.48808407e-03 -2.60768685e-02  2.48495646e-03  1.63046068e-02
     1.97418976e-02]
   [ 2.09910355e-02  2.95803542e-02  2.69738522e-02  2.37102749e-02
    -2.51705812e-02]
   [ 1.08731559e-03 -1.73100476e-02 -2.76948471e-02 -6.32592083e-03
     1.30319110e-02]
   [ 2.40383638e-02  2.44271980e-02  1.12030975e-03  1.46557343e-02
    -2.63895232e-04]
   [ 2.01995443e-02 -1.44890035e-03 -2.46235914e-02 -2.29857814e-03
    -1.46295524e-02]]

  [[ 1.99298808e-02 -2.61236627e-02  1.34317654e-02  2.11116655e-02
    -2.29726262e-02]
   [-1.98170816e-02  2.60035760e-02  2.30050066e-02  9.17981069e-03
    -1.23854089e-02]
   [ 2.49683214e-02  5.12366763e-03  2.75560899e-02 -1.77024387e-02
     1.03830774e-02]
   [ 1.76667731e-02 -1.88571349e-03  3.72316640e-03  4.44176119e-03
     6.37863688e-03]
   [ 1.41806634e-03 -1.87422064e-02 -8.99152606e-03 -3.25117262e-03
     1.33082190e-02]]]


 ...


 [[[-2.58691359e-02 -1.77951085e-02 -1.98613269e-02  1.62905395e-02
     1.80005344e-02]
   [-2.63659069e-02 -1.60553344e-02  2.88528994e-02  2.09487655e-02
    -9.69770153e-03]
   [-1.30881739e-02  9.04864162e-03 -8.35041508e-03  1.42413007e-02
     3.57814045e-04]
   [-1.08886517e-02 -1.33970453e-02 -4.94802315e-03  9.73344099e-04
    -2.89654714e-02]
   [ 2.42064026e-02  1.54756197e-03 -1.40005149e-02  2.80840707e-02
     1.84062982e-02]]

  [[-1.70342030e-02 -1.89709727e-02  4.41725760e-03  1.63220263e-02
    -8.15648120e-03]
   [ 2.52406827e-02  5.63549061e-03 -1.49114779e-02 -2.33275790e-02
     1.95628061e-02]
   [-2.88174579e-02  1.49042610e-02 -2.26597375e-02  5.76663808e-03
    -1.62443495e-02]
   [ 2.86901563e-02 -6.43143041e-03  1.39674943e-02 -1.82492730e-02
     2.33944930e-02]
   [ 2.09029345e-02  2.83059046e-02  2.89853931e-02 -1.21044414e-03
    -1.20742609e-02]]

  [[-4.46953177e-03 -1.33648955e-02 -3.53795205e-03  1.65512690e-02
    -1.97472823e-02]
   [ 2.62642458e-02  1.02051518e-02  2.31204256e-03  1.37925818e-02
    -2.39252508e-02]
   [-1.79170413e-02 -2.35289566e-02  1.30603604e-02  2.23468435e-03
     7.98174038e-03]
   [ 3.05875653e-03 -2.30632758e-02  6.80893947e-03  2.61574123e-03
    -8.18385737e-03]
   [-2.87736545e-02  2.61273052e-02  2.61058627e-02 -2.31561857e-02
    -2.71421038e-02]]

  ...

  [[-9.55847762e-03  2.01980036e-02 -1.59199371e-02 -4.78193329e-04
     2.41421246e-02]
   [-2.23384763e-02  7.88710121e-03 -2.80851717e-02 -1.21707893e-02
    -9.57255154e-03]
   [-2.67373786e-02  2.66364153e-02 -2.62747451e-02 -1.38816205e-02
     1.15794886e-02]
   [ 6.97753475e-03  1.10508475e-02  1.03339804e-02  1.28084618e-02
     1.12336575e-02]
   [-1.52214424e-02  7.22105692e-03 -1.26658320e-02  1.19257262e-02
     1.02501797e-02]]

  [[ 1.03583290e-02  2.26597296e-02 -2.21095049e-02 -2.37116763e-02
     2.24388125e-02]
   [-8.31322917e-03  1.60477263e-02 -1.22396328e-03 -2.09822874e-02
    -8.24629260e-03]
   [ 3.61686973e-03 -2.76007723e-02  2.56125476e-02 -1.64610904e-02
    -5.04474093e-03]
   [-4.42442523e-03  1.29397344e-02  1.75463503e-03 -1.97015852e-02
    -2.36793544e-02]
   [-1.54200996e-02  8.46924650e-04 -1.43693494e-03 -8.34950031e-03
     2.67005614e-02]]

  [[ 1.28083404e-02 -9.28321371e-03  6.51552683e-03  2.32542514e-02
    -1.17847542e-02]
   [-2.07090187e-02  2.07675763e-02 -2.82126435e-02  7.67728236e-03
     1.86619902e-02]
   [-9.08115989e-03  5.48088155e-03  5.26685376e-03 -1.88969799e-02
    -1.73383919e-02]
   [-5.46341600e-03 -3.18156971e-03  2.95410946e-02  2.82319909e-02
    -2.27528504e-02]
   [-5.47984363e-03  1.82971821e-02 -1.81544571e-02 -1.73358677e-02
     1.07057358e-03]]]


 [[[ 2.28585049e-05  2.91157988e-02  9.72724176e-03  2.87416968e-02
    -1.57549801e-02]
   [ 2.46593887e-02  2.17481229e-02 -1.85872403e-02  2.51998535e-02
     6.66882350e-03]
   [ 1.36132658e-02  2.85604244e-02 -1.47248424e-02 -1.17903261e-02
     2.63143488e-02]
   [ 8.03266060e-03 -1.67606247e-02  7.98024727e-03 -1.26212470e-02
     2.34182771e-02]
   [-1.15768747e-02  8.72461628e-03  2.42258999e-02  1.09925121e-02
     8.56104468e-03]]

  [[ 2.87689352e-02 -1.50087967e-02 -1.90969547e-02  2.84128922e-02
    -1.90523440e-02]
   [ 1.74233051e-02  1.15929024e-02 -2.43325750e-02  4.83250979e-03
    -7.24424931e-03]
   [ 1.78946208e-02  1.23948613e-02  2.09813654e-02  1.22967269e-02
    -7.90440074e-03]
   [ 2.30733070e-03  1.58241656e-02 -1.45043704e-02 -2.48800007e-03
     2.83936436e-02]
   [ 7.54906781e-03  1.67820497e-02 -2.12219551e-02  1.88492149e-02
     8.01826065e-03]]

  [[-2.56200969e-02 -2.00304832e-02 -1.95518793e-02 -2.87027470e-02
     1.67451302e-02]
   [ 7.58644950e-03  2.61947209e-02  2.59914352e-02 -1.67905376e-02
    -1.93961193e-02]
   [ 4.68873085e-03 -2.75536767e-02 -1.61172604e-03 -3.06003697e-03
     2.85491573e-04]
   [-1.90078223e-03 -1.90431475e-02 -1.10534353e-02 -2.82368488e-02
    -2.75958477e-02]
   [ 1.54331887e-02  2.73467127e-02  1.34936812e-02  4.56207732e-03
     2.33650011e-02]]

  ...

  [[-2.52575107e-03 -1.55444776e-02 -2.71387601e-02 -1.81789538e-02
     1.46384876e-02]
   [ 1.31962044e-02 -7.15745624e-03 -8.74116693e-03 -9.73514878e-03
    -8.97151019e-04]
   [-1.46553852e-02  4.08708540e-03 -1.62762857e-02  1.59086157e-02
     1.62117503e-02]
   [-2.14291906e-02 -9.27952736e-03 -2.64419799e-02  2.59288311e-02
    -9.39752405e-03]
   [-1.35839209e-02  1.07607849e-03  3.84178164e-03 -1.45943346e-03
    -1.89969009e-02]]

  [[ 1.24510440e-02 -1.16227182e-02  8.34160027e-03 -2.34268887e-02
     7.33769309e-03]
   [-2.76848652e-02 -7.24367088e-03 -1.36798647e-02  2.65154717e-02
     2.01373445e-02]
   [ 2.94410135e-02 -6.16690714e-03 -1.60752044e-02 -1.74998073e-03
    -8.41916633e-03]
   [-2.55541801e-02  1.80468206e-02 -1.85294417e-02  2.56237950e-02
    -2.85471133e-02]
   [-2.56179814e-02  2.68613485e-02 -2.58929119e-02  2.27708863e-02
    -2.55927307e-02]]

  [[ 2.58412262e-02 -2.00146516e-02 -1.09967344e-02 -2.41703900e-02
    -9.77657494e-03]
   [ 5.19306959e-03 -1.83470320e-02  2.02107378e-02 -1.30399862e-02
     2.07059348e-02]
   [-2.61473623e-02  9.50422712e-03 -2.25497739e-02  2.28953652e-02
     1.74659799e-02]
   [-1.47383846e-02 -2.93601932e-02 -1.13156624e-02  2.55709744e-02
     2.11828580e-02]
   [ 2.17175975e-02 -1.28608588e-02  2.17332547e-02  2.48016178e-02
     2.78517122e-02]]]


 [[[-4.55902902e-03  2.50245926e-02  2.62465822e-02 -2.54348681e-02
    -1.28398365e-02]
   [ 2.81598471e-02  3.50919887e-03 -2.61000597e-02 -1.20267406e-02
    -6.16400378e-03]
   [ 9.67463936e-03  9.08835317e-03 -5.84079593e-03  2.07331729e-02
    -1.87035766e-02]
   [-1.62663109e-02  5.46449588e-03  2.78375901e-02  1.36584492e-02
    -1.06093144e-02]
   [ 2.11203068e-02  1.15971015e-02  1.16029658e-02 -2.61916896e-02
     2.09703143e-03]]

  [[-1.82765413e-02  1.75260419e-02  1.52466359e-02  2.75975661e-02
     9.98458453e-03]
   [-1.41063502e-02  1.76680826e-02 -1.82459588e-02  2.41941177e-02
    -1.94687363e-02]
   [ 1.42757081e-03  1.27146461e-02 -1.84541808e-02  2.50100864e-03
    -2.54012005e-02]
   [-2.75422262e-02  1.49847506e-02 -1.42016375e-03 -1.74452660e-02
    -2.63423757e-02]
   [-2.16889523e-02 -1.95140700e-02 -7.82025714e-03 -2.26989948e-03
     7.94342305e-03]]

  [[-1.61149826e-02  6.20283797e-03 -9.08831574e-04  5.58249970e-03
    -2.13422501e-02]
   [-2.51776172e-02 -8.97210017e-03 -2.04508073e-02  8.84013657e-03
     2.50721911e-02]
   [ 1.35678845e-02 -2.57243757e-03 -1.12821180e-02 -1.09593374e-02
     1.28657977e-02]
   [-2.01883097e-02  2.54386698e-03 -2.93102842e-02 -1.66746076e-02
     1.00234802e-02]
   [ 1.44474070e-02  1.39298762e-03  4.48967020e-03  1.19975773e-02
    -7.62888906e-03]]

  ...

  [[-8.90944643e-04 -2.72111897e-02  3.08574982e-03  2.85967658e-03
     1.25219106e-03]
   [ 2.15905717e-02 -1.46376945e-03 -1.33423868e-02 -1.16077598e-02
    -4.85240036e-03]
   [ 2.84613651e-02  9.92309355e-03 -1.07433946e-02 -1.08586780e-02
    -5.60961319e-03]
   [-1.76711848e-02  1.25365648e-02  7.42192659e-03  1.04086187e-02
     1.46936840e-02]
   [ 2.16526825e-02  5.65644466e-03  1.62540973e-02  2.17246275e-02
    -2.39410560e-02]]

  [[-1.63000004e-02  1.39010633e-02  2.66092181e-02 -1.55088292e-03
    -2.97861597e-03]
   [-1.26996849e-02 -6.51464953e-04  1.67918699e-03  2.83392885e-02
    -1.37385563e-02]
   [-2.12591603e-02  2.81075315e-02 -1.31143843e-02 -2.11389384e-02
     1.00388766e-02]
   [-2.19597221e-03 -2.42003500e-02 -1.57056819e-02 -1.86969153e-02
    -2.27901595e-03]
   [-7.84460739e-04 -2.14892947e-02  1.66737181e-02 -2.83138286e-02
     1.04422220e-02]]

  [[ 2.22737159e-02 -1.68280431e-02 -2.23455664e-02 -6.50805159e-03
     1.39149652e-02]
   [-4.97823468e-03  2.42229701e-02 -2.53537182e-02 -1.01939163e-02
     1.58942779e-02]
   [-6.50306429e-03  1.59294048e-02  1.28538600e-02  1.50666984e-02
     2.27407936e-02]
   [ 1.47950260e-02 -8.71893018e-03  5.25391760e-03  8.72197334e-03
    -2.51536551e-03]
   [ 1.07390373e-03 -6.92178881e-03 -1.16484784e-02  1.22774728e-02
     8.61476752e-04]]]][0.0028928324484603675, 0.023783212756852013, -0.011693207013448594, -0.022242633464182503, -0.015352578409520048, -0.023179624618393565, 0.007554352752810491, -0.02031288922406887, 0.007850552445578234, -0.011715200415749707, 0.01399874337414447, 0.0283611781249757, 0.013422782170008366, 0.01805206235175579, 0.017658266509949918, -0.0004978339386139882, -0.01846999907215601, 0.004794720363308972, -0.028285166797692853, -0.004742599874770378, 0.012701446259746067, -0.017789337427349197, -0.022105496727109653, -0.015665045975017312, 0.01710510983605228, -0.007788097630791108, -0.0029227419479116758, 0.006973723438168936, 0.0015644952953097237, -0.026887415873809856, 0.00397257803532448, -0.02760881461165362, 0.013868207520070872, 0.0026921515785887744, 0.002867046804372674, 0.008677901722885541, 0.013576409087029197, -0.0069152553405954185, 0.0002932249117366288, 0.02258458038988392, 0.010446177479656243, -0.0032937394324891317, -0.029202922338071324, -0.026244222735791328, -0.007832805081299469, 0.004882746533623455, 0.012162296795540154, 0.014157080882880747, 0.014077751522875073, 0.002979088619953659, 0.021410145166810963, 0.022548014325775374, 0.018095994487604895, 0.006973445121194636, 0.009443170064835495, -0.008712535667828612, 0.0006790646857632414, 0.007773426731632439, -0.017541627143130175, -0.026617691486392155, 0.02251343069277482, -0.00029983972793595423, -0.015579888362823181, -0.016401540028174642, 0.01289664003481877, -0.02315483087308719, -0.029502914159020212, 0.023812184075212118, -0.025971485792071012, -0.015498513242427491, -0.012861801042395933, -0.011569533077464885, -0.010622251841930514, -0.015007413581375889, -0.0020904826647453953, -0.0038192416799788798, -0.023591699281548684, -0.008064148502496295, -0.021674416967932417, 0.010792365090069252, -0.016824198513837034, -0.007065373564849559, 0.012803360934414764, -0.02432664560863105, 0.020103532146172592, -0.01065201144256011, 0.0021253457790583984, -0.02652066682219363, -0.010413248995637489, -0.020101679806166808, -0.02163756322290028, -0.01528044694431846, 0.017371664750181478, -0.005643675551241078, 0.003228669182587785, -0.02105795602990676, -0.018444201203312596, 0.0007587864488437165, -0.028689748848026678, 0.012375577095915889, -0.022719107175885406, -0.00295215857536155, 0.025757654582148033, 0.017379968798468346, -0.022232859356912417, 0.02767981223252176, 0.01251919629955078, 0.008030901947150063, -0.01841561936387473, 0.023187768493577846, 0.02319928748782685, -0.0005215520031738828, -0.019873505243502496, -0.025293132490683688, 0.013723092125275786, 0.025652850078173656, -0.0035125490938371917, 0.007962526824793956, -0.00947755989778401, -0.008505230376678458]
-----------------------------------------------
[[ 0.01639221 -0.00839929 -0.01284302 ... -0.00016526 -0.01807624
   0.01866445]
 [-0.01382056 -0.01538353 -0.00275348 ... -0.00878123  0.0148641
   0.01931347]
 [-0.00466725  0.0068352   0.00151324 ... -0.00035764  0.01227455
   0.00357726]
 ...
 [ 0.00628008 -0.00950607  0.00969205 ... -0.0116199   0.01875016
   0.00887603]
 [ 0.00109538  0.01250993  0.01298436 ... -0.00657141  0.00012546
  -0.01853271]
 [ 0.01819585 -0.00849664 -0.00640071 ... -0.01586197  0.01244614
  -0.00345805]][ 0.0195376  -0.0093079   0.00637262  0.01298865  0.00266389  0.00949777
  0.00317556 -0.00092756  0.00123419 -0.01964143  0.00653197  0.00783187
 -0.00581563 -0.01875679 -0.00687722 -0.01582324 -0.00099448  0.00135609
 -0.0156088  -0.0026991  -0.00121982 -0.00798658 -0.01977535 -0.01843972
 -0.01239193  0.01835573 -0.01826905  0.00646194  0.0056704   0.00740162
 -0.01287683 -0.01071375  0.01122969  0.00882989  0.00292624  0.01054993
  0.01465419  0.01699602 -0.01107435 -0.01569207 -0.00833201 -0.01365401
 -0.01138909  0.00263891  0.01884418 -0.00964119 -0.01775608  0.01289553
 -0.01644435 -0.0062724   0.01379887  0.00349786  0.00136677  0.00946969
  0.01718872  0.01927517  0.00986644 -0.00167453 -0.00167683 -0.01099791
 -0.0057295   0.01088852 -0.01366681 -0.00162267 -0.01767088  0.00235579
 -0.00571176 -0.01057762 -0.00958346 -0.01114862 -0.01502751  0.01497358
 -0.00737661 -0.0110783   0.00175858 -0.01969146  0.01117511  0.00237773
 -0.01292149 -0.0189664   0.00939472  0.00516975  0.00922559 -0.01236819]
-----------------------------------------------
[[-1.  1. -1. -1. -1. -1.  1.  1.  1.  1.  1.  1.  1. -1.  1. -1.  1.  1.
   1. -1.  1. -1.  1.  1.  1.  1.  1.  1.  1.  1. -1. -1.  1. -1. -1. -1.
  -1.  1. -1.  1.  1.  1. -1. -1. -1.  1.  1. -1.  1. -1.  1.  1. -1.  1.
  -1.  1.  1. -1.  1. -1.  1.  1. -1.  1. -1.  1. -1.  1.  1. -1. -1. -1.
   1.  1.  1.  1. -1.  1.  1.  1.  1. -1. -1. -1.]
 [-1. -1.  1. -1.  1.  1.  1. -1.  1.  1. -1.  1. -1.  1. -1. -1. -1. -1.
  -1. -1.  1. -1.  1.  1. -1. -1.  1.  1.  1. -1.  1. -1.  1. -1.  1. -1.
  -1.  1. -1. -1. -1.  1. -1. -1. -1.  1. -1.  1.  1. -1.  1.  1.  1.  1.
   1.  1.  1.  1.  1.  1.  1.  1.  1. -1.  1.  1.  1.  1. -1. -1. -1. -1.
  -1. -1.  1.  1.  1.  1.  1.  1.  1. -1.  1. -1.]
 [ 1. -1.  1.  1.  1. -1.  1. -1.  1.  1.  1. -1.  1.  1. -1. -1. -1.  1.
  -1.  1.  1. -1.  1. -1. -1.  1.  1.  1.  1. -1.  1. -1. -1. -1.  1. -1.
   1. -1. -1.  1. -1.  1.  1.  1. -1. -1.  1. -1. -1. -1. -1.  1. -1. -1.
   1.  1. -1. -1. -1. -1.  1.  1.  1. -1.  1.  1. -1. -1. -1. -1. -1. -1.
  -1.  1. -1. -1.  1. -1. -1.  1.  1.  1. -1. -1.]
 [-1. -1.  1.  1.  1. -1. -1.  1.  1.  1.  1.  1.  1. -1. -1. -1. -1. -1.
   1. -1.  1. -1.  1.  1.  1. -1.  1.  1.  1.  1. -1.  1.  1.  1. -1.  1.
   1.  1. -1.  1. -1. -1. -1.  1. -1. -1. -1.  1.  1.  1. -1. -1. -1. -1.
   1. -1. -1.  1. -1. -1.  1.  1. -1. -1.  1. -1. -1.  1. -1.  1.  1. -1.
   1. -1. -1. -1.  1.  1.  1. -1. -1. -1. -1.  1.]
 [ 1.  1. -1. -1.  1.  1.  1.  1. -1.  1.  1. -1.  1.  1.  1. -1. -1. -1.
  -1. -1. -1.  1. -1. -1.  1. -1.  1. -1.  1.  1.  1.  1.  1. -1.  1. -1.
  -1.  1. -1. -1.  1. -1. -1.  1. -1. -1. -1. -1. -1. -1. -1. -1.  1.  1.
  -1. -1.  1.  1. -1.  1. -1.  1.  1. -1. -1. -1. -1. -1. -1. -1. -1.  1.
   1. -1. -1. -1.  1.  1. -1. -1. -1.  1. -1. -1.]
 [ 1.  1. -1.  1.  1.  1. -1. -1.  1.  1. -1. -1. -1. -1.  1. -1. -1.  1.
   1. -1. -1. -1. -1. -1. -1.  1.  1. -1. -1. -1.  1.  1.  1. -1.  1. -1.
  -1.  1. -1. -1.  1. -1. -1. -1. -1. -1. -1.  1. -1.  1.  1.  1. -1. -1.
  -1.  1. -1.  1. -1. -1.  1.  1. -1.  1.  1.  1.  1. -1. -1.  1.  1. -1.
   1.  1.  1.  1. -1. -1. -1.  1. -1.  1.  1.  1.]
 [-1.  1. -1. -1.  1. -1. -1.  1.  1.  1.  1.  1. -1.  1.  1. -1.  1.  1.
   1.  1. -1. -1.  1. -1. -1.  1. -1.  1. -1.  1.  1. -1. -1.  1.  1. -1.
  -1.  1.  1. -1. -1. -1.  1. -1. -1.  1.  1.  1.  1.  1.  1. -1.  1. -1.
   1. -1.  1. -1.  1.  1. -1.  1.  1.  1.  1.  1. -1.  1.  1. -1. -1. -1.
  -1.  1. -1. -1.  1.  1. -1. -1.  1.  1. -1. -1.]
 [-1. -1. -1.  1. -1.  1. -1. -1. -1. -1.  1.  1.  1.  1.  1. -1. -1.  1.
  -1. -1. -1. -1. -1. -1. -1.  1.  1. -1. -1. -1.  1. -1.  1.  1.  1.  1.
   1. -1.  1.  1. -1.  1.  1.  1. -1.  1. -1. -1. -1. -1. -1. -1.  1.  1.
  -1.  1.  1. -1. -1. -1.  1. -1. -1.  1. -1. -1.  1. -1. -1.  1. -1.  1.
   1.  1.  1. -1.  1.  1.  1.  1. -1.  1.  1. -1.]
 [-1.  1. -1. -1. -1. -1.  1.  1. -1. -1. -1. -1.  1. -1. -1. -1.  1.  1.
   1. -1.  1.  1.  1.  1. -1. -1. -1.  1. -1.  1.  1.  1. -1.  1.  1. -1.
  -1.  1.  1. -1. -1.  1. -1.  1. -1. -1. -1.  1. -1.  1. -1.  1. -1. -1.
   1. -1. -1.  1. -1. -1.  1. -1. -1.  1. -1.  1.  1.  1.  1. -1. -1. -1.
  -1. -1. -1. -1.  1. -1.  1. -1.  1.  1.  1. -1.]
 [ 1.  1. -1.  1. -1.  1. -1.  1. -1. -1. -1.  1. -1. -1. -1. -1. -1.  1.
  -1.  1. -1. -1. -1. -1. -1.  1.  1. -1. -1. -1. -1. -1.  1.  1. -1.  1.
  -1.  1.  1.  1.  1. -1.  1.  1.  1.  1. -1. -1. -1. -1.  1. -1.  1. -1.
   1. -1.  1. -1.  1. -1. -1.  1.  1.  1. -1.  1. -1.  1.  1. -1. -1.  1.
   1.  1.  1. -1.  1. -1.  1.  1.  1. -1. -1.  1.]]
-----------------------------------------------
