[[[[-0.21141261 -0.19165208  0.28853275 -0.3351072  -0.04314367]
   [ 0.32024891 -0.06477189 -0.20034731  0.08420847  0.35981777]
   [-0.01845055 -0.2266061  -0.07457866  0.20429822 -0.39467591]
   [ 0.16161594 -0.37104699  0.35344021  0.00429497  0.33973084]
   [ 0.39028816 -0.02137559 -0.24342815  0.36885972 -0.13268407]]]


 [[[ 0.00277014  0.23158491  0.12240073  0.05959441  0.00375071]
   [ 0.03287352  0.10835306  0.1092995   0.30088938  0.37862131]
   [-0.21818185  0.23327939 -0.23807283  0.36200833  0.39021378]
   [ 0.03150418  0.00148167  0.15358832 -0.36579119  0.11738074]
   [ 0.09570686  0.3049359  -0.06256406  0.10338782 -0.2989032 ]]]


 [[[ 0.31531318  0.08134761  0.00880572 -0.34397836 -0.29124763]
   [-0.09646462  0.0106366   0.18604307 -0.04811451  0.32448456]
   [ 0.08571832 -0.04278031  0.17008976  0.19662697 -0.31667728]
   [ 0.31313062 -0.38608063 -0.08627699  0.34021965  0.26536002]
   [-0.294773    0.20697643  0.16822529  0.32196639  0.27150023]]]


 [[[-0.21546227  0.10737769 -0.24227832 -0.1670284   0.3948653 ]
   [-0.04006632 -0.23612247  0.02669848 -0.39988271  0.31515133]
   [ 0.0857571   0.33142805  0.13272201  0.2601617   0.0961147 ]
   [-0.27009402  0.30265701 -0.32762037 -0.28762136  0.1240558 ]
   [-0.37039072  0.32317449  0.19742261  0.29201632 -0.31651   ]]]


 [[[ 0.03240547  0.24102525 -0.38377046 -0.25805663 -0.07668457]
   [-0.25292443  0.04309879 -0.36951838  0.38821647  0.15000647]
   [ 0.38809937  0.25468739  0.39959994 -0.13768646  0.33330194]
   [ 0.3464741   0.23256474  0.16349571 -0.3739034  -0.33744468]
   [ 0.07503063  0.21182763 -0.34399387 -0.08487839  0.10192271]]]


 [[[ 0.34233133  0.06368223 -0.31220397 -0.05513032  0.18089711]
   [ 0.36942906 -0.28047946 -0.25035461 -0.34933931  0.13200664]
   [ 0.26992574 -0.16816774 -0.33728597 -0.0428171   0.29179647]
   [ 0.3011533  -0.39205244 -0.3998125   0.25405529  0.03550604]
   [-0.31470114  0.09017238  0.12257858 -0.12433447  0.09672957]]]][-0.14380231272378685, 0.17374930665076488, -0.28448866523796523, 0.22629034116810093, -0.31856083791940937, -0.21906243447447052]
-----------------------------------------------
[[-0.13838169  0.39319909]
 [-0.33782608 -0.33896124]
 [-0.34116836  0.37141358]
 [ 0.40130435  0.01775964]
 [ 0.00128656  0.45264814]
 [-0.36561244 -0.42643064]]
-----------------------------------------------
[array([[[-0.09105382, -0.06429277,  0.0397029 ,  0.01345204,
          0.12785097],
        [-0.02079014,  0.04270596, -0.13278456, -0.022449  ,
          0.1422246 ],
        [ 0.01015738, -0.09472544,  0.01578202, -0.05585042,
         -0.07506733],
        [ 0.08452747, -0.12077772,  0.00619405,  0.04742781,
         -0.0627615 ],
        [-0.06922325, -0.01363212,  0.14457698, -0.07498351,
         -0.10207147]],

       [[-0.09544975,  0.0837383 ,  0.10609222,  0.04073688,
         -0.01201399],
        [ 0.068512  ,  0.02472522, -0.05028397,  0.09986573,
         -0.00161303],
        [ 0.11197102,  0.10494276,  0.05826113,  0.02243284,
          0.08648723],
        [ 0.13677004, -0.05396376,  0.0396551 ,  0.01659123,
         -0.0887854 ],
        [-0.12628517, -0.08624492,  0.06158864, -0.07867658,
          0.06719892]],

       [[-0.01506718,  0.05312404, -0.03593999,  0.09830118,
          0.04076896],
        [ 0.08253788,  0.06704179, -0.04014073,  0.12772876,
         -0.13763652],
        [-0.05481828, -0.1124018 , -0.14205431,  0.14915452,
         -0.05489866],
        [-0.08411337, -0.0235857 ,  0.05382737, -0.09071437,
         -0.09281391],
        [-0.04829233,  0.10787342,  0.04005247,  0.11790144,
         -0.14992197]]])
 array([[[-0.02693865, -0.03282202,  0.11051049,  0.14798151,
         -0.0594219 ],
        [ 0.14786923,  0.02658504, -0.11434032, -0.0033844 ,
         -0.03970394],
        [-0.06568816, -0.02001934, -0.1499638 , -0.04345132,
          0.10001433],
        [-0.13402666, -0.08842597,  0.05637055,  0.05298953,
         -0.12717951],
        [ 0.07845964,  0.06507051,  0.06990882,  0.06360209,
         -0.00158585]],

       [[ 0.07069548,  0.06636524, -0.04172755,  0.06990187,
         -0.09751282],
        [ 0.14799097, -0.06557144,  0.01263501,  0.01623067,
         -0.03717473],
        [ 0.09355337, -0.144269  ,  0.10367947,  0.04957186,
         -0.01132477],
        [-0.01971947,  0.13286888,  0.05434157, -0.00157548,
         -0.10104838],
        [ 0.1154155 , -0.12606965, -0.06785803, -0.08704396,
          0.11731142]],

       [[ 0.01883041,  0.11726414,  0.06689377, -0.12022779,
         -0.08489843],
        [-0.04723384,  0.02620045, -0.0356933 , -0.00184426,
         -0.02009938],
        [-0.12269357, -0.02189311, -0.08308343, -0.11665891,
         -0.07381133],
        [-0.05316462, -0.10533275,  0.09567534,  0.07400091,
          0.06812337],
        [ 0.03404007,  0.06202406, -0.01865808,  0.03780762,
         -0.1333677 ]]])
 array([[[-0.03994566,  0.07164947, -0.01536427, -0.0425216 ,
         -0.10537257],
        [ 0.07508056,  0.1341299 ,  0.01087226, -0.00675557,
         -0.03841077],
        [-0.14917139, -0.03503857,  0.1327503 , -0.07116468,
          0.04071363],
        [ 0.06415522,  0.1026097 ,  0.06770422,  0.0560432 ,
         -0.00834969],
        [-0.07975862,  0.0424351 , -0.1111975 , -0.01698034,
          0.06240287]],

       [[-0.14287938, -0.08250926, -0.04386403, -0.07220674,
          0.02332161],
        [-0.06035505,  0.13918637,  0.07589502,  0.02209296,
          0.02339551],
        [-0.09078139, -0.02167   ,  0.14124996, -0.12295435,
          0.03033993],
        [ 0.07065713,  0.03538682, -0.09331708,  0.08502238,
          0.09879227],
        [ 0.03266638, -0.09895742,  0.05334647,  0.03873045,
         -0.03269055]],

       [[-0.02775427,  0.08710115,  0.00729199, -0.01245724,
         -0.0693499 ],
        [-0.00609141,  0.09195116,  0.05610204,  0.01254145,
         -0.03576311],
        [-0.04181516, -0.01415941, -0.0019104 ,  0.01619457,
          0.11725284],
        [-0.1224314 ,  0.05892788, -0.05529367, -0.09698496,
          0.14243042],
        [-0.03470536,  0.11185335,  0.07325698, -0.14760337,
         -0.08155402]]])
 array([[[ 0.11586786, -0.08042321,  0.10464295,  0.12909594,
         -0.08087305],
        [-0.10875637,  0.0215103 ,  0.01118448, -0.07855262,
         -0.0605877 ],
        [-0.0220429 ,  0.10495078, -0.08991945, -0.02853448,
         -0.10942159],
        [-0.11053976, -0.04924213,  0.12396863, -0.07752202,
          0.14116994],
        [-0.14571845, -0.08796987, -0.03334194,  0.13479101,
          0.04176268]],

       [[-0.0810028 ,  0.10039054,  0.1298526 ,  0.03157838,
         -0.11266935],
        [ 0.05852989,  0.13989291, -0.01912533, -0.03137489,
          0.05880589],
        [-0.1296202 ,  0.08102615,  0.01865416,  0.09910335,
          0.09453529],
        [ 0.1111723 ,  0.10109554, -0.10113436,  0.12702789,
          0.13694381],
        [ 0.06896827, -0.08385419, -0.13091438, -0.01596742,
          0.00683206]],

       [[-0.07191475, -0.03108765, -0.05613235,  0.08216708,
          0.06300764],
        [-0.02736332, -0.00815331,  0.09420465, -0.01677505,
         -0.11537914],
        [ 0.11622523,  0.04067332,  0.0353252 ,  0.06210503,
          0.01670313],
        [ 0.05081506,  0.10946057,  0.05853327,  0.05775818,
          0.07118076],
        [ 0.02683761, -0.0537553 , -0.12288929, -0.12358813,
         -0.01437942]]])
 array([[[ 0.10815635,  0.08713346, -0.04389571, -0.09222152,
         -0.04549983],
        [ 0.08077604,  0.13139707, -0.10464584, -0.12175702,
         -0.0163131 ],
        [ 0.10688845,  0.0307388 , -0.09734962,  0.04446473,
         -0.02749927],
        [-0.14866182, -0.02208191,  0.11785383, -0.03417823,
          0.1421793 ],
        [ 0.00586751, -0.09333792, -0.0890743 ,  0.03863261,
         -0.13163875]],

       [[ 0.0134456 , -0.14095258,  0.08184537,  0.02296242,
         -0.09296442],
        [ 0.08408172, -0.10200515, -0.1022725 ,  0.05463936,
          0.03368757],
        [ 0.07955815,  0.10381347, -0.01478173,  0.12280963,
         -0.13218911],
        [-0.02798084, -0.08275016, -0.12985525, -0.13144833,
          0.05102421],
        [ 0.12307135,  0.05932465,  0.10415786, -0.14967134,
          0.06580536]],

       [[ 0.05527172, -0.11390817, -0.02621904,  0.09031109,
          0.02007311],
        [-0.03811894, -0.14722596, -0.06072155,  0.12167531,
         -0.07741158],
        [ 0.07199743, -0.01413239, -0.01127271, -0.12081698,
         -0.03705496],
        [-0.0411079 , -0.09103294, -0.03345714, -0.1479425 ,
         -0.13408535],
        [-0.09655859, -0.01030998,  0.11260988,  0.04141945,
          0.01547413]]])
 array([[[-0.10654883, -0.11549516, -0.06469837, -0.14121996,
          0.00715198],
        [ 0.03885962,  0.03022375, -0.0831058 ,  0.02716822,
          0.1279768 ],
        [ 0.10701246,  0.01337699, -0.10297745,  0.07507077,
          0.01065996],
        [ 0.06799409,  0.05107292,  0.06962989, -0.12729743,
          0.01866506],
        [ 0.02017428, -0.08369879,  0.08945638, -0.10409639,
         -0.04931122]],

       [[ 0.01309984, -0.10055552, -0.04027234,  0.11852217,
          0.13138968],
        [-0.08538667, -0.04895615, -0.10715859,  0.01150668,
          0.08335849],
        [ 0.04534672,  0.07621142, -0.07301457, -0.13290332,
         -0.11128951],
        [ 0.02227958,  0.10025231, -0.13282296, -0.04366807,
          0.14158886],
        [-0.02959118,  0.0729862 ,  0.08615347,  0.04486251,
         -0.11628789]],

       [[ 0.02974371, -0.0391037 , -0.10176992, -0.13253804,
         -0.12371504],
        [-0.13948735, -0.10467349, -0.01350561,  0.00862409,
         -0.13648106],
        [ 0.03984969,  0.06798819,  0.07201866, -0.14422117,
         -0.02337944],
        [-0.13451378,  0.01972128,  0.09633765,  0.09340242,
         -0.05947515],
        [ 0.09163909, -0.06216184, -0.0088612 ,  0.08710405,
         -0.03357754]]])
 array([[[ 0.01022273, -0.02692253,  0.07587686, -0.03244234,
          0.02318386],
        [-0.10595915,  0.10682533, -0.0092097 , -0.11003423,
          0.03920896],
        [ 0.0323697 , -0.08308314, -0.02833415,  0.04282086,
         -0.11063657],
        [ 0.03131863,  0.03162564, -0.0563402 ,  0.10534395,
          0.06473723],
        [ 0.03831073, -0.0598987 ,  0.06598765,  0.07680852,
         -0.07387918]],

       [[-0.05898015, -0.10422854, -0.02746284, -0.00937002,
         -0.06923155],
        [-0.05881923, -0.02915096,  0.05453677, -0.04230692,
         -0.02325128],
        [-0.08702781, -0.04709146, -0.06030702,  0.064153  ,
          0.0669858 ],
        [ 0.02207655,  0.07222722, -0.11092725, -0.0695454 ,
         -0.10119181],
        [ 0.09393832, -0.00953448,  0.09471115, -0.02564284,
          0.04032755]],

       [[ 0.11123852, -0.04464809, -0.09780661, -0.06592659,
          0.11096907],
        [-0.07280057, -0.02288195, -0.09663471, -0.06252815,
         -0.10040757],
        [ 0.09373713, -0.07428655, -0.03778017,  0.07180253,
         -0.07032141],
        [ 0.01624195, -0.08233617,  0.09572735,  0.10828147,
         -0.0891503 ],
        [-0.026302  , -0.09531796, -0.00292024, -0.09518763,
          0.05088079]],

       [[-0.0774095 , -0.0830662 , -0.01371706,  0.07045126,
          0.09709357],
        [ 0.07866047, -0.01702438,  0.05411031,  0.01121075,
          0.10816293],
        [-0.10548099, -0.04034302, -0.09092449, -0.02913858,
         -0.07617184],
        [-0.01833917, -0.0099468 ,  0.04225452,  0.03722516,
          0.01621105],
        [-0.09298016,  0.10502791, -0.10576328, -0.0783612 ,
          0.04509394]]])
 array([[[ 0.07309016, -0.09635097,  0.00576362,  0.00483783,
          0.05628704],
        [-0.03022582,  0.06734579,  0.00038621, -0.10281903,
          0.08421345],
        [ 0.02277251,  0.10352592, -0.05121339, -0.09118404,
         -0.01959685],
        [-0.04964835, -0.07449731,  0.02714774, -0.00797049,
         -0.04945042],
        [ 0.08982063,  0.06382547,  0.10190091,  0.00265343,
          0.01881639]],

       [[-0.06949186, -0.08332727,  0.03668758,  0.0338054 ,
          0.02215501],
        [-0.06913287,  0.11032973, -0.05341005, -0.0916091 ,
         -0.0611408 ],
        [ 0.07988091,  0.04001903,  0.09852432, -0.01080616,
          0.05618591],
        [ 0.05093488, -0.02787129, -0.08729917,  0.0282574 ,
          0.09519946],
        [ 0.00771623, -0.0006499 , -0.06653128,  0.0076638 ,
          0.07480421]],

       [[-0.10282625, -0.0773486 ,  0.00728165,  0.0745811 ,
          0.03587927],
        [ 0.05834541,  0.05994546,  0.08450642,  0.06842861,
          0.01004983],
        [ 0.08633527,  0.00871392,  0.06946903,  0.05821381,
         -0.02587581],
        [-0.01770054,  0.00566624,  0.06965144, -0.06489988,
          0.07752812],
        [-0.0144374 , -0.06414482, -0.06852777, -0.10258704,
          0.05966546]],

       [[ 0.06083979,  0.07018619,  0.10462597, -0.04465149,
          0.04727195],
        [-0.09068084, -0.01749238,  0.01801787, -0.06295572,
         -0.11073735],
        [-0.04763487, -0.08886995,  0.02531691,  0.02964202,
          0.05752639],
        [ 0.0139528 ,  0.0671283 ,  0.03710205,  0.00439943,
          0.06698698],
        [ 0.06219705, -0.07561355,  0.09778016,  0.04093029,
          0.06532299]]])
 array([[[-0.06607239, -0.03761295,  0.07128469, -0.08986945,
         -0.07956769],
        [ 0.05302703,  0.05649097,  0.08165041,  0.03190544,
          0.02392287],
        [-0.09446239,  0.01560359, -0.08106631,  0.1009443 ,
         -0.09270406],
        [ 0.01497468,  0.05222619,  0.10099372,  0.08202698,
          0.03076622],
        [ 0.01947313, -0.09408536,  0.05109766,  0.00293179,
          0.02880022]],

       [[ 0.02643867, -0.06897041, -0.0456006 ,  0.06129589,
          0.00723106],
        [ 0.07079657, -0.0405265 ,  0.10452772,  0.02369233,
         -0.02428757],
        [-0.0914142 ,  0.06989339,  0.04402916,  0.04854639,
         -0.0874885 ],
        [ 0.07628475,  0.04552498, -0.09226938, -0.0496596 ,
         -0.05244022],
        [-0.00423745,  0.06729742, -0.08461764,  0.07823794,
         -0.05446116]],

       [[-0.0447813 , -0.00021692, -0.0872029 , -0.05579307,
          0.00263738],
        [-0.0510791 , -0.0617196 , -0.10993599, -0.01033237,
          0.110802  ],
        [ 0.11132321, -0.07451411, -0.02138424, -0.05222281,
         -0.02853826],
        [ 0.03650485, -0.03766516, -0.07906654,  0.0917063 ,
          0.02811067],
        [-0.08889625, -0.04600464,  0.00179077,  0.00483939,
         -0.06427716]],

       [[-0.11274689,  0.06239473, -0.0025651 ,  0.00889356,
          0.1042606 ],
        [ 0.07796182,  0.07083039,  0.07710103, -0.10445475,
         -0.11001395],
        [ 0.08215645,  0.00912487, -0.00337683,  0.08526235,
          0.05042804],
        [-0.06120418, -0.02205153, -0.06775027,  0.07900387,
          0.01007865],
        [ 0.10365744, -0.08982865,  0.07064368, -0.07799   ,
          0.08928145]]])
 array([[[-4.58687298e-02, -6.31299784e-02, -8.46837880e-02,
          8.26717267e-02,  1.01948522e-01],
        [ 7.72948472e-02, -7.86166418e-02,  1.01217957e-01,
          4.86941724e-02,  6.74280232e-02],
        [ 4.09812600e-02,  1.29450449e-02, -4.23499825e-03,
          2.71507370e-02, -1.04701335e-02],
        [-7.46822635e-02, -6.83657505e-02,  5.01317648e-03,
         -1.06361557e-01, -3.21319303e-02],
        [-9.61414396e-03, -4.33301093e-03, -2.99399984e-03,
         -1.12595911e-02,  6.89941415e-02]],

       [[ 1.12173877e-01,  3.97412681e-02, -9.89166581e-03,
         -4.96204632e-02,  1.10497696e-01],
        [ 3.45398857e-02, -3.68866680e-06, -2.23461439e-03,
          8.69298885e-02,  9.79930690e-02],
        [-8.84118227e-02,  4.24838963e-02, -4.68654069e-02,
          4.62009503e-02,  1.09563210e-01],
        [ 4.50861221e-03, -3.47637527e-02, -7.28968007e-02,
          1.07130303e-01, -8.30310404e-02],
        [-7.08048957e-02,  8.64872372e-02, -5.07209382e-02,
         -6.51967383e-02, -5.51430178e-02]],

       [[ 9.38331934e-02, -9.62340697e-02,  7.09229915e-02,
          3.37299475e-02, -6.26336070e-03],
        [-2.99707434e-02, -3.48193814e-02, -1.07784178e-01,
         -5.49878037e-02,  1.09202759e-01],
        [-1.12926515e-01,  9.00915164e-02,  5.91173900e-02,
          2.76930057e-02,  5.24370459e-02],
        [-2.38803954e-02,  3.98940688e-02,  6.69435603e-02,
          6.82306493e-02,  4.17912682e-02],
        [ 4.75201847e-03, -6.57183833e-02,  9.04972605e-02,
         -8.52639511e-05,  6.45871178e-02]],

       [[ 2.83527204e-02,  1.03394130e-01,  6.97256623e-02,
          8.89086014e-02, -2.01755341e-02],
        [ 4.86799321e-02,  1.03476466e-01, -8.11273432e-02,
         -7.24186735e-02, -7.45656092e-03],
        [-6.77031953e-02,  5.78374189e-02,  4.40553741e-02,
          1.02931478e-01,  6.33281568e-02],
        [ 9.95338282e-02,  1.12512782e-01,  3.46377837e-02,
          6.17153492e-02,  7.00918469e-03],
        [ 9.66995312e-02,  7.24653796e-02, -1.04480443e-01,
         -3.82435978e-02,  2.37893117e-02]]])
 array([[[ 6.28657042e-02, -4.36268851e-02,  4.13787768e-02,
         -4.65417872e-02, -5.84984530e-02],
        [ 4.51344438e-02, -9.52988298e-05,  3.68228897e-02,
          9.01001151e-02, -1.11669363e-01],
        [-8.80084087e-02,  3.45391894e-02,  4.28947313e-02,
          1.04321950e-01, -4.58744631e-02],
        [ 1.12611057e-01, -1.12465909e-02,  2.91339370e-02,
         -5.43175276e-02,  1.24732536e-03],
        [-3.33904709e-02, -6.60282274e-02,  8.17498464e-02,
         -7.86133653e-04, -1.17219296e-02]],

       [[ 6.56241460e-02, -1.06919375e-01,  1.11778733e-01,
         -8.77618174e-02,  2.35269866e-02],
        [-5.00419453e-02, -1.00304947e-01,  4.12438409e-02,
         -2.28491154e-02,  6.70663877e-04],
        [-5.23426514e-02, -4.51795053e-04,  1.05409940e-01,
         -1.62960946e-02, -1.93739129e-03],
        [ 8.54835412e-02,  3.83185510e-03, -1.92348954e-02,
          1.05966345e-01,  2.54487348e-03],
        [-5.44977438e-02,  5.57577986e-02,  4.66510716e-02,
         -5.93062101e-02,  2.19084018e-02]],

       [[-6.60616213e-02,  1.92742402e-02,  2.11140816e-02,
          7.52603194e-02, -5.87188785e-03],
        [-6.15913546e-02,  4.90064535e-02, -9.73597283e-02,
          6.14309880e-02,  7.62935736e-02],
        [ 4.49497567e-02, -1.07829529e-01,  3.31008423e-02,
         -3.55972555e-02, -4.46003041e-02],
        [ 7.87480925e-02,  4.61776735e-02, -4.21045140e-02,
          6.44437795e-02, -5.77030565e-02],
        [ 1.11911838e-01, -4.47810184e-02,  1.34240939e-02,
          1.07152935e-01, -4.39258028e-02]],

       [[-3.39556670e-02, -8.89626683e-02, -3.69193982e-02,
          9.64044177e-02,  1.93598022e-03],
        [-7.86987011e-02,  7.64450436e-02,  1.69236604e-02,
         -6.16942331e-02,  4.91700240e-02],
        [-7.30379831e-02,  8.94341417e-02, -1.09618957e-01,
          1.68082223e-02,  1.96492538e-03],
        [ 2.49989732e-02, -7.86847889e-02, -1.07495049e-01,
          1.02193004e-01,  1.07050899e-01],
        [ 7.78490323e-02,  6.93578972e-02,  7.76010728e-02,
          1.02887707e-01,  6.96210828e-02]]])
 array([[[-0.03792838,  0.09420809, -0.02098994,  0.00435053,
          0.08253506],
        [-0.09381315, -0.0127203 , -0.01755885,  0.07802495,
          0.04994804],
        [ 0.00298394, -0.07032449, -0.04197415, -0.08951877,
          0.02973394],
        [ 0.10920008,  0.07912435, -0.04217245, -0.09909419,
         -0.05765049],
        [-0.05368803,  0.04003676,  0.02502848,  0.10241559,
         -0.07643005]],

       [[ 0.1138024 , -0.0468889 ,  0.10445726, -0.0345909 ,
          0.05848456],
        [ 0.0348387 , -0.10456229, -0.11390592,  0.07992557,
          0.10445102],
        [ 0.10568848, -0.00645242,  0.07769065,  0.06947862,
          0.06257743],
        [-0.00327575,  0.08837649, -0.03914935, -0.09005389,
          0.00075779],
        [-0.08441101,  0.06271371, -0.04534984, -0.06098132,
          0.0172225 ]],

       [[-0.05068216, -0.02394228,  0.03660431,  0.03233167,
         -0.07739772],
        [-0.10158521, -0.06629187,  0.00122703, -0.05497035,
          0.0125833 ],
        [-0.05151589, -0.10525314, -0.03513142,  0.03341154,
         -0.05950484],
        [-0.00552932, -0.03048656,  0.00835497,  0.03928269,
         -0.0682711 ],
        [-0.10514793, -0.06141089, -0.0461392 ,  0.11408517,
          0.07188158]],

       [[-0.061846  , -0.05673607, -0.02387268, -0.11080031,
          0.11070723],
        [-0.01243562,  0.05589328,  0.09560709, -0.01889827,
         -0.07742165],
        [-0.09199544,  0.0599893 ,  0.03760328,  0.09178693,
         -0.05374186],
        [-0.09048097, -0.04211376,  0.08422996, -0.07056786,
          0.10014018],
        [-0.03876123, -0.06606837,  0.09892899, -0.10004219,
          0.00653272]]])
 array([[[-7.34790612e-02,  3.93080694e-02,  1.02468556e-01,
          6.13945454e-03,  1.00292382e-02],
        [-1.09203030e-01,  4.34415372e-02, -4.98822238e-02,
         -6.70314103e-02,  7.52591864e-02],
        [ 2.59385332e-05,  1.07814779e-01, -6.18781486e-02,
          7.20683795e-02, -5.05122270e-02],
        [-7.82410957e-02, -8.58310852e-02, -7.86177483e-02,
          8.45075747e-03, -9.97878065e-02],
        [-2.30655520e-02, -5.30046463e-02,  1.03580043e-01,
         -3.87082754e-02,  3.94740680e-02]],

       [[-1.15693425e-03,  2.59854564e-02,  8.03877771e-02,
         -5.51809272e-02, -7.12253954e-02],
        [ 7.11007278e-02,  1.97398638e-02,  1.25153905e-02,
         -1.08493213e-01,  7.48092040e-02],
        [ 1.66539209e-02, -9.56696520e-03,  6.51001379e-02,
         -1.26726902e-03, -8.64348879e-02],
        [-5.99835066e-02,  3.73971246e-02, -8.39547361e-02,
          6.59329294e-02, -1.92585059e-02],
        [-8.71464431e-02,  6.57763849e-02, -1.06163702e-01,
          7.59271376e-02, -2.99398228e-02]],

       [[-9.74059902e-02, -1.02045212e-01, -6.24124348e-02,
         -3.13962799e-02,  1.32830643e-02],
        [ 4.05322578e-02,  8.36465482e-02,  9.61670775e-02,
         -6.71627331e-02, -5.18673277e-03],
        [ 8.81609810e-02, -2.28351051e-02, -7.83450492e-02,
         -1.03967828e-01, -3.73267548e-02],
        [ 3.52352214e-02, -8.65795338e-02, -8.58995512e-02,
         -2.09983608e-02,  1.01984011e-01],
        [ 6.48315329e-02,  6.12346289e-02,  9.67743743e-03,
         -6.68731595e-02,  1.68090285e-02]],

       [[-7.67677050e-02, -1.09203367e-01, -9.22982806e-02,
          8.55219228e-02, -1.06460972e-01],
        [-9.58065378e-02, -6.01029842e-02,  8.19633493e-02,
          2.42496096e-02,  1.04166479e-01],
        [-6.89501914e-02, -3.19946589e-02, -6.84841988e-03,
         -2.99104996e-02,  8.94318321e-02],
        [ 2.88069753e-02, -1.30149280e-02, -4.57612788e-02,
         -4.28227987e-03,  2.51226890e-03],
        [-9.89873657e-02,  7.54050336e-02, -4.48390759e-02,
         -1.02460960e-01, -9.50721607e-02]]])
 array([[[-1.14086516e-01, -4.03861011e-02, -7.44435549e-02,
         -6.36529754e-02,  4.66045675e-02],
        [ 2.41692508e-02, -1.06623650e-01, -1.04285495e-01,
         -9.71577986e-02,  6.79823516e-02],
        [ 6.84834009e-02, -6.91302899e-02, -5.68070163e-02,
         -8.86727650e-02,  8.66941962e-02],
        [-8.84417845e-02,  1.13058618e-01,  3.84140046e-02,
         -6.03272336e-03, -5.88901569e-02],
        [-7.57387980e-02, -8.08128437e-02,  5.06776054e-02,
         -5.30713642e-02, -1.51156511e-02]],

       [[-9.64947676e-02, -7.30643545e-04,  3.20817092e-02,
         -2.22711421e-02, -4.56610808e-02],
        [-4.71949454e-03, -3.57507213e-02,  1.03241213e-01,
          6.35001490e-02,  3.08878621e-02],
        [ 8.53250646e-02,  9.91596239e-02, -5.70182460e-03,
          1.39029294e-03,  8.27055320e-03],
        [ 1.03974706e-01,  1.09362907e-01, -7.43878162e-02,
          1.00965122e-02,  1.66828198e-02],
        [-1.42602032e-05,  1.11801939e-01,  2.50764524e-02,
         -8.45760510e-02, -3.24377569e-02]],

       [[ 3.61348659e-02,  1.35517672e-02,  6.56411578e-02,
         -2.46615158e-02,  3.82204354e-02],
        [ 1.12992822e-01,  1.06965767e-01, -3.07609874e-02,
         -8.89523787e-03, -8.75950222e-03],
        [-5.80294665e-02,  2.36307502e-02,  5.65506043e-02,
          9.07299649e-02,  4.30812260e-02],
        [ 6.04568431e-03,  6.28972223e-02, -4.55542552e-02,
          6.57225877e-02,  8.83902008e-02],
        [-1.10864748e-01,  9.61836115e-02,  6.31123686e-02,
          1.52288044e-02, -6.41745799e-02]],

       [[-6.57046904e-03, -4.10582950e-02, -8.37235701e-02,
          5.69307954e-02, -5.68828216e-02],
        [ 8.75465880e-02,  5.84273218e-02, -4.49966142e-02,
         -3.21766728e-02,  8.99804571e-02],
        [-1.06107419e-01,  6.07242150e-02, -8.29889059e-02,
         -4.96645268e-02,  7.33104690e-02],
        [-1.63647033e-02,  5.47923031e-02, -5.39703422e-02,
          7.01852998e-02, -1.01731322e-01],
        [ 7.20280389e-02,  8.70102866e-02, -9.24347001e-02,
         -1.03683153e-01, -4.37682130e-02]]])
 array([[[-0.00355267, -0.00080934, -0.00606415,  0.0257684 ,
          0.0415035 ],
        [-0.04711938,  0.07526531, -0.10813514, -0.04355607,
          0.01980749],
        [-0.07982305, -0.0698367 , -0.0016243 ,  0.05271255,
          0.06648748],
        [ 0.0674397 ,  0.06695978, -0.10696066, -0.07072517,
         -0.09115064],
        [-0.05680366,  0.0572776 , -0.05731431,  0.02971827,
         -0.09058863]],

       [[ 0.07360578, -0.09104953, -0.00261484,  0.10089347,
         -0.00839201],
        [ 0.03838166,  0.07985713,  0.11328419,  0.04097689,
         -0.01538582],
        [ 0.08844612,  0.10325925, -0.09541606, -0.05072118,
         -0.09748698],
        [ 0.07581437, -0.07733176,  0.0132119 , -0.00689056,
         -0.04942088],
        [ 0.00584885,  0.03152526, -0.10570181, -0.11283393,
         -0.11221603]],

       [[-0.09763691, -0.08979855, -0.03034311,  0.02202774,
         -0.00050189],
        [ 0.09264878,  0.10601312,  0.09702378,  0.03927655,
         -0.07780032],
        [-0.03352042, -0.04487674, -0.10272486,  0.05624644,
         -0.0672269 ],
        [-0.05499579, -0.03477781, -0.02212374,  0.00065526,
          0.01319148],
        [-0.07187472,  0.00041938, -0.1001131 , -0.05833812,
         -0.02407061]],

       [[-0.07633509,  0.05788384, -0.07473516,  0.05732566,
          0.11291645],
        [-0.08967758,  0.10078328, -0.06358194,  0.04969064,
          0.07351817],
        [ 0.01000985, -0.00058156, -0.01948144, -0.08129455,
          0.09634953],
        [ 0.08229377,  0.0408189 ,  0.03718121, -0.06862539,
         -0.00482859],
        [ 0.10800529, -0.00250703,  0.03303828,  0.06497035,
         -0.07134279]]])
 array([[[-7.12025379e-02, -5.45942716e-02,  7.01301507e-02,
         -2.66590756e-02,  2.47538151e-02],
        [-4.64663704e-02,  6.40790318e-02,  4.63141626e-02,
         -2.21350358e-02,  7.51242238e-02],
        [-4.94423810e-02,  1.82276744e-02, -2.03000507e-03,
          6.42537190e-02, -3.90549680e-02],
        [ 4.12698480e-02, -4.31928768e-02,  4.91015219e-02,
          8.61373311e-03, -4.56786630e-02],
        [-2.04813780e-02,  5.00537395e-02,  9.68367073e-03,
         -4.88197167e-02,  5.80179400e-02]],

       [[ 7.20746964e-02,  7.22060302e-02, -1.19914914e-02,
         -3.70875998e-02, -2.16290240e-02],
        [ 4.87058180e-02, -5.92480418e-02,  1.74799139e-02,
          3.59230166e-02,  3.40375101e-02],
        [-7.17193320e-03, -1.21472748e-02, -2.12236367e-02,
          7.36778570e-02,  5.72107066e-02],
        [-4.95818714e-02, -6.78794277e-02,  4.88581468e-02,
         -3.52605018e-02,  2.43347176e-02],
        [ 3.80437971e-02, -3.11237458e-03,  9.64857925e-03,
         -3.41885989e-02,  6.20502743e-02]],

       [[ 1.11023794e-02, -5.13594386e-02, -2.27184793e-03,
          3.21851864e-02,  4.97633864e-02],
        [ 2.82072322e-02, -6.24948491e-03,  6.88215943e-02,
          4.43071923e-02,  7.33779165e-02],
        [ 5.07774756e-02,  2.17768362e-02,  2.57350080e-02,
          5.74105996e-02,  6.71402820e-02],
        [ 1.30491954e-03, -1.09817262e-02,  7.44462240e-02,
          6.94575552e-02, -8.51857722e-03],
        [ 5.22980471e-02, -7.15837977e-02, -6.58313697e-02,
          1.69536044e-03, -4.31670973e-02]],

       [[ 9.58392600e-03,  6.42480098e-02,  3.02320672e-02,
          4.55158817e-02, -5.52093405e-02],
        [ 2.89036163e-02, -6.84176189e-03,  4.35922303e-02,
          4.94416785e-03,  8.03562039e-04],
        [-1.88437995e-02,  5.17052347e-02,  4.34306841e-02,
          1.93905544e-02,  1.02573861e-02],
        [ 6.05040788e-03,  3.15124017e-02,  3.64884736e-02,
         -2.03321900e-02, -5.61798699e-02],
        [ 5.28773584e-02, -1.14678891e-02, -1.98610337e-02,
         -6.43260132e-03, -2.56534596e-02]],

       [[-6.97961535e-02,  3.40485826e-02,  2.11810671e-02,
         -3.40533909e-02, -1.83289203e-02],
        [ 7.25886007e-04, -2.37033117e-02, -5.05564428e-02,
          7.21997785e-02,  5.15220364e-03],
        [ 2.54200379e-02, -5.30366644e-02,  1.87054854e-03,
         -4.05190617e-02,  4.06561559e-02],
        [ 4.13240172e-05, -7.33269650e-02,  5.35495477e-02,
          6.55987456e-02, -5.29797471e-03],
        [ 2.32624409e-02,  7.88869120e-03,  4.62764256e-02,
          2.15100389e-02, -4.93416432e-02]],

       [[-7.35607842e-02, -7.78610918e-03,  5.93843192e-02,
         -2.85018349e-02,  2.79231484e-03],
        [-1.49734258e-02,  7.02363242e-02, -4.47531345e-02,
          6.82397035e-02, -3.55326123e-03],
        [-4.88032773e-02, -3.15069161e-03,  3.31176257e-02,
         -5.91889834e-02,  2.08899154e-02],
        [ 3.30460421e-02, -4.16930096e-03, -5.07725679e-02,
         -3.14692613e-02, -7.57324525e-02],
        [ 1.75360789e-03,  4.25922234e-02,  4.91768749e-02,
         -6.35442964e-02, -4.70928612e-02]]])][-0.053486118790853035, 0.12029740783486301, 0.09143941874485731, 0.020775961804075704, 0.06344358579620601, -0.12667758534671633, -0.04610002644684391, -0.1037004740567088, 0.021493451420273355, 0.02964167265001537, -0.0415938341988395, -0.08793208540122208, -0.07681035186859325, -0.0025300719400915134, -0.1033234897311068, -0.03870978805031031]
-----------------------------------------------
[[-0.15638207  0.07776736]
 [ 0.3858347  -0.45048675]
 [ 0.02447702  0.04651929]
 [ 0.3195486  -0.2252306 ]
 [ 0.03806916  0.05747779]
 [-0.10078405  0.45450245]
 [ 0.42861204 -0.30299868]
 [ 0.26161548 -0.22699014]
 [-0.20605873 -0.31458872]
 [-0.31715922  0.16313015]
 [-0.22528621  0.44517263]
 [-0.39383318  0.02514718]
 [ 0.21383458  0.07833931]
 [-0.39522447 -0.289495  ]
 [ 0.25346209  0.42327547]
 [ 0.22155008  0.39022347]]
-----------------------------------------------
[[[[ 8.95866185e-04 -2.14762397e-02  1.71466625e-03 -2.02671903e-02
     1.32651037e-03]
   [-2.95191923e-02  1.21346479e-02 -9.35951519e-03  2.48913298e-02
     2.18181268e-02]
   [-1.59896811e-02 -1.74190612e-02 -2.28687610e-03  2.03126979e-02
     3.68643380e-03]
   [ 1.86792673e-02 -2.95847637e-02 -1.68077687e-02  1.70609445e-02
    -6.56642698e-03]
   [ 1.59726053e-02  1.01271530e-02  2.08224145e-02 -7.06449899e-03
     1.35661596e-02]]

  [[ 1.14242479e-02 -4.33079634e-03  5.11330065e-03 -3.47867318e-03
    -4.54240092e-03]
   [-2.76550803e-02 -2.75187675e-03 -1.66699538e-02  9.54625246e-03
     2.40536166e-02]
   [ 9.45226257e-04 -9.77627012e-03  1.94921667e-03  4.21390906e-03
     1.70013312e-02]
   [ 1.01138649e-02  1.89762378e-02  7.52707001e-03 -4.63786343e-03
    -4.35668149e-03]
   [-5.21713994e-03  8.25932162e-04  1.22610296e-02 -7.68856416e-03
    -1.99434204e-02]]

  [[ 6.16987952e-03 -3.36767397e-03 -5.98989648e-03 -1.75801906e-02
     1.00240898e-02]
   [-2.56588924e-02 -5.29177493e-03  1.63470753e-02 -2.67059980e-02
    -6.99999787e-03]
   [-6.57888088e-03  1.83816636e-02  2.61324169e-02  2.52229559e-02
     3.44468293e-03]
   [-2.12902994e-02  4.68326212e-03  9.32074515e-03 -2.60903939e-02
    -2.56281188e-03]
   [-2.08423575e-02 -9.03446193e-03  6.62864830e-03  1.53415552e-02
    -1.97375208e-02]]

  ...

  [[-8.64873225e-03  1.08725551e-02 -1.38313540e-02  2.74135101e-02
    -2.76451733e-03]
   [ 1.15579447e-02  2.61371429e-02  6.86166297e-03  1.77451326e-02
    -2.90799739e-02]
   [ 1.98103361e-02  2.47406567e-02  1.56867647e-02  2.11447045e-02
    -2.35365754e-02]
   [-2.59972623e-02 -9.33529346e-03 -1.13212524e-02  3.09443831e-03
    -2.09906987e-02]
   [ 1.73885000e-02 -2.74286471e-02  2.61536814e-02 -7.37901095e-03
     2.71175505e-03]]

  [[ 2.63280148e-02  2.93609635e-03  2.25135523e-02 -2.89892963e-02
    -1.09188572e-02]
   [ 1.09447042e-02  6.59233535e-03  2.80167120e-04 -8.97010008e-03
     1.78633257e-02]
   [-8.44980643e-04  1.07573936e-02  2.29207451e-02 -1.64138142e-02
    -1.95162199e-02]
   [ 1.01737400e-02 -1.19567679e-02  6.73358079e-03 -1.06187321e-02
    -2.42729724e-02]
   [-2.39276855e-03 -2.72191572e-02  1.38942057e-02 -1.31463088e-02
     5.39361670e-03]]

  [[ 1.46141094e-03 -1.77284436e-02  1.37508025e-02 -1.01038382e-02
     1.47482445e-02]
   [ 1.07559967e-02 -2.47259922e-02 -8.37689646e-03  2.32338928e-02
     2.59132483e-03]
   [-2.88101853e-02  2.42051800e-02  1.57186944e-02 -1.22484460e-02
    -1.90662602e-02]
   [-1.13009346e-02  4.91162556e-03  1.08854535e-02 -1.75674803e-02
    -1.77087818e-03]
   [ 9.08738280e-03  2.47408636e-02 -2.84537190e-02 -2.66696972e-02
     2.09931407e-02]]]


 [[[-2.76600456e-02 -2.20274286e-02  2.54765398e-02  2.02016900e-02
    -2.54907081e-02]
   [ 9.64976591e-03  2.46242203e-02  2.10073675e-02 -2.10841215e-03
    -1.15758590e-02]
   [-5.32799248e-03  1.35236635e-02 -2.89496645e-02 -1.14558807e-02
     2.47619593e-02]
   [ 7.10996534e-03 -2.95078140e-02  1.14738902e-02 -2.42375226e-03
     1.86341455e-02]
   [ 1.77865103e-02  2.16047513e-02  8.60484708e-03 -6.92649774e-04
     1.05697340e-02]]

  [[ 1.41139026e-02 -2.43256576e-02 -1.40242006e-02  2.82534695e-03
    -3.69764614e-03]
   [-1.89747657e-02 -1.12538174e-02  6.90225365e-03  1.95773509e-02
     1.69908294e-02]
   [ 6.68496933e-03 -7.07721726e-03  8.44909119e-03  2.26498545e-02
     2.75646210e-03]
   [-1.30973665e-02 -5.03007336e-03  1.50964950e-02 -1.78735364e-02
     2.19664222e-02]
   [ 2.27810374e-02 -6.01714426e-03  2.78345570e-02  1.61250473e-02
    -2.49631853e-02]]

  [[-2.86659248e-02  1.57396408e-02  2.79538807e-02 -2.33711069e-02
    -2.79726253e-02]
   [ 2.75940046e-02  2.16784602e-02 -1.41806552e-02  2.13239712e-02
     1.17788038e-02]
   [ 2.29367911e-02 -2.67819830e-02  1.76483136e-02  1.57773177e-02
    -2.13803520e-02]
   [-2.19528280e-02 -2.38859503e-02  1.78417269e-02  3.00364419e-03
     6.28153860e-03]
   [ 2.94909490e-03  2.54589734e-02  1.23247558e-02 -1.59953665e-02
     1.67059476e-02]]

  ...

  [[ 2.50529168e-02 -1.09367642e-02 -2.17879980e-02 -4.88975871e-03
    -5.73126235e-03]
   [-1.97498486e-02  4.01608214e-03  1.54214328e-02  1.99516599e-02
     2.88928509e-02]
   [-6.89602937e-03 -1.84037893e-02  3.39747869e-03  1.04006611e-02
    -2.88514465e-02]
   [-2.68210476e-02  1.35147432e-02  2.46859561e-02 -7.58850792e-03
     1.15474515e-02]
   [-2.16438908e-02 -1.74602875e-02 -4.15167846e-04 -2.63652703e-02
    -2.59002282e-03]]

  [[-1.14889926e-02  4.09148695e-03  2.52256212e-02 -1.60686486e-02
    -7.79394888e-03]
   [ 8.37373541e-05  5.40831903e-03 -1.27174536e-02  7.99547558e-03
     1.54353221e-02]
   [ 2.44663113e-02  5.55831617e-03 -1.59543307e-02  5.29041265e-03
    -2.54114452e-03]
   [-2.37677632e-02 -1.97013154e-02  1.80396255e-02 -2.05670202e-02
    -1.50572040e-02]
   [ 2.70171535e-02  2.38820208e-02 -4.02559648e-03  2.95315620e-03
     2.55063552e-03]]

  [[-2.47015004e-02  6.81165250e-03  2.78014975e-02  2.06268370e-02
     1.28495233e-02]
   [ 2.81699205e-03 -2.62906557e-02 -1.98434456e-02  1.11599644e-02
    -2.02460595e-02]
   [ 2.74394563e-03 -2.67789588e-02 -2.26705375e-02 -1.79985189e-02
    -2.27923683e-02]
   [-1.92101331e-02 -2.57095972e-02 -3.58329529e-03  2.77609663e-03
    -4.51633602e-03]
   [ 2.19138029e-02  1.65697642e-02  9.26535925e-03  1.30425116e-02
    -7.77480800e-03]]]


 [[[ 1.07813879e-02 -1.07001480e-02 -7.52669171e-03 -2.05640521e-02
    -2.57740966e-02]
   [-3.55562255e-03  6.02324541e-03  1.01513269e-02 -7.52921871e-03
     2.20480936e-02]
   [-1.75672360e-02 -4.91406852e-03  8.29541968e-03  4.70838423e-03
    -1.22841765e-03]
   [-8.08563782e-03  1.93883791e-02  2.07248695e-02 -1.66478370e-02
     2.95858185e-02]
   [ 5.32695745e-03 -5.36155066e-03  9.73288208e-03  4.58559722e-03
     2.95108829e-02]]

  [[ 1.03801268e-02 -1.11935095e-02  1.14919781e-02  1.60971870e-02
    -1.19423252e-02]
   [ 2.22997987e-02 -2.33564182e-02 -9.67511217e-03  9.10596719e-03
     2.52886368e-02]
   [-1.18506152e-02  2.42762550e-02  2.56841355e-02 -2.12607610e-02
    -2.76149393e-02]
   [ 2.23113443e-02  3.77924659e-03 -5.60063370e-03  2.31440854e-02
     1.91500046e-02]
   [-1.10324852e-02 -3.07150241e-03 -3.79072415e-03 -1.48175210e-02
     1.06979875e-02]]

  [[ 2.64951382e-03 -4.50866438e-03  1.47730209e-02  7.84536279e-03
    -9.55514211e-03]
   [ 6.65147185e-03  5.22740310e-03 -4.17366736e-03  3.83591834e-03
     5.00093492e-03]
   [ 2.31484531e-02 -9.46135495e-03 -1.87177771e-02 -5.32648606e-03
    -7.88842610e-03]
   [ 6.11860376e-03 -1.63173391e-02  6.66835639e-03 -1.82097056e-03
     1.43118855e-02]
   [-1.57323474e-02 -2.35349935e-03  1.46867907e-02 -3.78901735e-03
    -5.97909646e-03]]

  ...

  [[-2.29578012e-02 -1.09593616e-02 -1.33185718e-02 -4.62053760e-03
    -5.41536703e-03]
   [ 3.78990022e-03  8.46266908e-03 -1.59576915e-02 -1.22025954e-02
    -1.11410013e-02]
   [-1.69864748e-02 -8.13190209e-03 -3.65342764e-03  3.38058362e-03
    -1.71663050e-02]
   [ 2.88679916e-02  2.16282754e-02  1.86413255e-02  2.55332119e-02
     1.86300433e-02]
   [-8.92260449e-03  2.91923511e-02  2.57877330e-02  1.15149017e-03
     1.01436531e-03]]

  [[ 4.11886358e-03  2.45117193e-02  1.28840284e-02 -6.44004412e-03
    -2.94820525e-02]
   [-2.76376628e-03 -2.04027827e-02 -2.44276409e-02  4.07617450e-03
    -1.36951400e-02]
   [ 2.68417042e-03 -2.64638581e-02  8.23564721e-03 -1.84490951e-02
     3.80373417e-03]
   [ 1.95727416e-02 -2.12656268e-02  1.10478236e-03 -4.40161290e-03
     2.22517631e-02]
   [-1.77438650e-02 -1.53618567e-02  2.03429860e-02 -2.32417898e-02
     6.58895858e-06]]

  [[ 1.40046211e-02  2.55956080e-02  1.22870588e-02 -1.12841537e-02
    -1.75093998e-02]
   [ 7.37805120e-03 -2.37012663e-02 -7.50578584e-03  1.77261983e-02
    -1.89723236e-03]
   [-1.11246785e-02 -1.99293085e-02 -1.82400557e-02 -2.28909467e-02
    -1.23787518e-03]
   [ 4.44438095e-03 -2.75982080e-02 -1.83305954e-02  2.34496378e-02
    -2.21360127e-02]
   [ 2.84823881e-02 -1.66813589e-02 -2.17035154e-02 -2.43303780e-02
     2.09737507e-02]]]


 ...


 [[[-8.70478623e-03  2.33666306e-02 -5.92117685e-03 -6.99843663e-03
    -2.68813326e-04]
   [-2.18243108e-02 -7.58894535e-03 -2.05041999e-02 -2.17793027e-03
     1.28761941e-02]
   [-2.58158960e-03  2.01396666e-02  1.80647495e-02 -1.15302895e-02
    -1.01537807e-02]
   [ 2.69692136e-02 -2.34420106e-02  4.65476801e-03  1.59009388e-02
     1.03905513e-03]
   [-1.96391634e-03 -2.45323304e-02 -5.83602152e-04 -9.09324259e-03
     2.38811698e-02]]

  [[ 1.60590141e-02 -1.06029932e-02 -4.43076344e-03  1.79971623e-02
    -2.61779747e-02]
   [-9.47629064e-03 -1.95646593e-02 -1.57930006e-04  3.30123173e-03
    -4.67780184e-03]
   [ 1.30072736e-02 -2.42211486e-02  4.62888208e-04  8.93515622e-05
    -1.97332382e-02]
   [-1.57175148e-02 -2.23519661e-03 -2.66393660e-03 -2.41547997e-02
    -7.68865115e-03]
   [ 2.53374312e-02  2.24805585e-02  7.71044962e-03  2.29845045e-02
     7.12873858e-03]]

  [[-2.66201656e-02  1.61022650e-02 -2.50011214e-02 -2.65973322e-02
     6.55210922e-03]
   [ 4.42920440e-04 -9.80045770e-03 -1.36036276e-02 -1.11971379e-03
    -9.04793427e-03]
   [ 2.48544421e-02 -1.99495647e-02  1.61280378e-02 -2.70828309e-02
    -1.33820838e-02]
   [-2.18658854e-02 -2.31846656e-02 -2.80397302e-02  6.32559191e-03
     1.50483433e-04]
   [ 2.45465563e-02 -9.70243676e-03 -1.12905056e-03 -2.38814928e-02
    -2.45092228e-02]]

  ...

  [[ 1.63314839e-02  2.11960856e-03 -1.53283206e-02 -4.68754781e-03
     3.13185520e-03]
   [-1.81050928e-03  2.79500513e-02  2.71584209e-03 -2.73468211e-02
     2.02286233e-02]
   [-2.74846733e-02 -2.18399009e-02  1.88592867e-02  1.35236266e-02
    -9.61706142e-03]
   [ 6.82756523e-04 -1.15163073e-02  1.01177390e-02 -1.24399312e-02
     1.15520459e-03]
   [ 1.41682200e-02 -1.84278071e-02  2.80043545e-02  2.03248522e-02
    -2.39744749e-02]]

  [[-1.09981536e-02  5.37789366e-03  2.04828916e-02  2.33589603e-02
     2.92749115e-02]
   [ 2.15521935e-02 -1.57081995e-02  1.44427583e-02 -3.40285717e-03
     1.37111641e-02]
   [-5.87869263e-04 -9.47917942e-04 -1.16119358e-03 -2.24612471e-02
    -6.09371873e-04]
   [ 1.35020809e-02 -2.79462551e-02 -2.55920745e-03  9.20163193e-03
    -1.00932881e-02]
   [-1.76800890e-02  1.55572489e-02 -3.62824572e-03  3.55864890e-03
    -1.58452844e-02]]

  [[ 1.03081274e-02 -8.98224430e-03 -9.10393550e-03 -2.85304611e-02
     1.23443192e-02]
   [-1.67666435e-02  1.86551878e-04 -7.61570351e-03  1.03553933e-02
     2.03515377e-02]
   [ 9.24034705e-03 -9.82159256e-04 -2.35631329e-02 -3.44196905e-03
     2.78598209e-03]
   [-5.79766289e-03  2.44884641e-03  4.62811554e-04  2.36883796e-02
    -3.84729652e-03]
   [ 1.76715325e-02 -1.10549314e-02  3.72659853e-03  2.86562677e-02
    -1.37877854e-02]]]


 [[[ 1.60679655e-02 -5.24003950e-03  2.36664873e-02 -8.61530312e-03
    -2.03990921e-02]
   [ 7.94929136e-03  8.98577978e-03 -2.10947451e-02  2.03073042e-03
    -9.01468759e-03]
   [ 2.71696126e-02  2.61401554e-02 -1.52232106e-02 -9.50834959e-03
     1.49862996e-02]
   [-1.88515907e-03 -3.26503906e-03 -1.70078324e-02  2.49545754e-02
    -1.41152771e-02]
   [ 2.17941830e-02 -2.71364070e-02 -1.79069769e-03  1.16054391e-02
    -4.87107706e-03]]

  [[ 2.64048873e-02  3.54052102e-03  1.05895338e-02 -1.16389352e-02
     9.76693621e-03]
   [-2.18644472e-02 -7.20679755e-04  2.21627291e-02 -1.97133640e-02
     1.76614979e-02]
   [ 9.71831396e-03 -2.11722048e-02  2.22665064e-02 -1.34223884e-02
     2.14762809e-02]
   [-7.44980387e-03 -1.16651014e-02 -3.79054090e-04  3.07407282e-03
     1.33019582e-02]
   [-2.48047969e-03 -1.63686980e-02 -1.57945462e-02  1.84440718e-02
     1.71179175e-02]]

  [[ 2.41206023e-02  2.87530728e-02  8.42597433e-04 -1.12338715e-02
    -9.01617482e-03]
   [ 2.54960154e-03  5.32225811e-03 -9.52549649e-04  2.64176446e-02
     1.02309969e-02]
   [-1.38992855e-02  2.92230286e-02 -2.29919268e-02 -8.01011018e-03
    -6.40117262e-03]
   [-1.14766310e-02  2.65231446e-02  1.36172468e-02 -2.66188355e-02
    -8.13401891e-03]
   [ 7.44157032e-03 -1.30164929e-02  2.86021627e-02 -8.60899413e-03
     2.43468149e-02]]

  ...

  [[ 2.33323896e-02 -6.46219930e-03 -1.12919988e-02 -5.49965000e-03
    -3.56510410e-04]
   [-2.44529895e-02  1.98313600e-02  1.78371617e-02  2.81353504e-02
     1.73716830e-02]
   [-6.77604007e-03  4.74960232e-03  2.62626720e-02 -1.52090156e-02
     1.55934500e-02]
   [ 1.38842003e-02  2.31367475e-02  1.76154628e-02  2.37989575e-02
     1.97235622e-02]
   [-2.40616161e-02  2.28464766e-02 -2.68693085e-02 -2.62637158e-03
    -2.42633378e-02]]

  [[-1.98481592e-02  5.00075407e-03 -2.68544693e-02  1.33995757e-02
    -8.40209004e-03]
   [ 2.20856439e-02  1.97381308e-02  1.87327809e-02 -1.68248625e-02
    -7.22856763e-03]
   [ 1.70822415e-02  1.47247650e-02 -1.56734940e-02 -3.72422248e-03
     2.81985636e-02]
   [ 2.93797722e-02 -1.93759544e-03  1.65376851e-03  1.26456938e-02
    -2.52725825e-02]
   [-1.04748354e-02  9.82410516e-03  1.05708995e-02 -2.17837514e-02
     2.51819155e-03]]

  [[ 5.43895976e-03  2.62970083e-02 -2.13749142e-03  1.25062550e-02
     2.27769132e-02]
   [ 8.47109882e-03  8.65380714e-03 -3.19861670e-03  1.87608492e-02
    -1.80812130e-02]
   [ 2.51419969e-02 -1.22281454e-03  2.63823184e-02  1.94334501e-02
     9.50796943e-03]
   [ 8.24551069e-03 -3.57023496e-03 -2.02887226e-02  1.36080270e-02
     1.47410222e-02]
   [-3.48435151e-03  3.50827871e-03 -1.37229364e-02  4.16045223e-03
    -1.80957035e-02]]]


 [[[-8.42458813e-03  6.87367677e-03  6.04826943e-03 -2.80013787e-02
     4.05465715e-03]
   [-1.71468104e-02  4.35529376e-04  2.35596475e-02 -8.84822265e-03
    -8.59029882e-03]
   [-2.53922762e-02 -7.60545044e-03  2.86166299e-02 -1.14346060e-02
     1.38919097e-02]
   [ 8.95941829e-04 -1.38300495e-02 -2.06614641e-02  7.54196382e-03
    -2.78328734e-02]
   [ 2.77357045e-02  4.56971215e-03  6.72509501e-03  2.72698889e-02
    -6.51505330e-03]]

  [[ 4.81388995e-03  1.16856582e-02 -2.29649780e-02  2.24007125e-02
    -1.70671546e-02]
   [ 1.37458686e-02  1.69706094e-02 -2.41653938e-02  3.01664998e-03
    -8.49819269e-03]
   [-2.96002599e-02  1.07978008e-02  1.27474654e-02 -4.59431910e-03
    -5.59080185e-03]
   [-2.09741131e-02  2.32888304e-02  8.20152930e-03  8.79704664e-03
    -2.60481441e-02]
   [ 4.44028563e-03 -9.65265035e-03  2.84023991e-02 -3.68456239e-03
     1.16776946e-02]]

  [[-2.61693176e-02  2.11987450e-02 -2.04706126e-02 -1.15568974e-02
    -1.38789704e-03]
   [-6.80013713e-03  7.18624467e-03 -1.96053375e-02  2.36939355e-02
     2.76409361e-02]
   [-2.27439057e-02 -2.47885758e-03  2.83720799e-03 -2.33946717e-03
     1.85884496e-03]
   [-7.91718371e-03 -3.83833957e-03 -2.80381620e-03  2.46792603e-02
    -1.90184159e-02]
   [ 6.12339307e-03  1.56459507e-02  2.43518630e-02  1.55239804e-02
    -2.08701653e-02]]

  ...

  [[ 2.72568219e-02 -2.26496031e-02  2.06201250e-02  1.77263363e-02
    -4.01987027e-03]
   [ 1.04091529e-02 -1.63788370e-02 -2.82897226e-02  1.12609914e-02
    -2.20712749e-02]
   [ 2.69158725e-02 -2.60318373e-02  1.29928633e-02  9.79416398e-03
    -2.11917758e-03]
   [ 5.96280589e-03  2.27323423e-02  2.18990348e-03  1.92153519e-02
    -1.06937706e-02]
   [-2.08571373e-02  1.93968676e-02  2.81283630e-02  2.06815863e-02
     1.77871047e-02]]

  [[ 1.61514070e-03  3.66635296e-03  2.21004092e-02 -8.20770471e-03
    -1.87649041e-02]
   [-2.62608380e-02 -1.62752180e-02  1.64082558e-02 -2.43105287e-02
    -1.73217073e-02]
   [-1.96993828e-02  2.93403523e-03 -2.47567810e-02  7.50622239e-03
     4.57094719e-03]
   [ 1.75939895e-02  1.19839284e-02  2.06336514e-02 -1.19193427e-02
     2.35725913e-02]
   [-2.21298569e-02  2.43223792e-02 -2.19405605e-02 -1.06599272e-02
    -3.26296786e-03]]

  [[-7.09319474e-03  3.02829037e-03 -1.69608451e-02  2.07431053e-02
     2.94552014e-02]
   [ 1.58457459e-02  8.49050820e-03  1.56286005e-03 -2.95164210e-02
     1.08769635e-03]
   [-7.12369396e-03 -1.28582861e-02 -2.37359322e-02  2.50763777e-02
     1.72216438e-02]
   [-5.58386808e-03 -1.75762979e-02 -1.62238193e-02  5.66899487e-03
     1.04309381e-02]
   [ 1.96653723e-02 -8.03029380e-03 -1.84237219e-02 -2.95214378e-02
    -2.25621223e-02]]]][0.023533213778298364, -0.028365693822454244, 0.012007891767227195, -0.006613377640893821, -0.019345680052893926, 0.008480983576621522, 0.0071001268863300875, -0.006940034130063222, -0.025646355388919337, 0.02361662369655818, 0.006117119704065071, 0.005477563838587048, 0.02805957259914509, -0.0010182462825945558, -0.024860415907685025, -0.0020128365578772865, 0.0073820845989513335, -0.003811756995371781, 0.017956580702063688, 0.025261580075697076, 0.007864974694095573, -0.006897267972420431, 0.02505517213609652, 0.010957428425124347, 0.020543784232441523, -0.004732119632689099, -0.013886690443526209, -0.013666196495360758, -0.024643844602031888, -0.017882176067412575, -0.016980681852091693, -0.00624697414814903, -0.025667411051691506, 0.013189843555170198, 0.0009727160401830845, -0.01805976313164489, -0.02824101001591863, -0.02439726968431673, -0.0065168497720317665, -0.0011668722187983468, -0.024402435417154526, 0.024139725863222352, -0.014345364407530628, -0.0011110730559323531, -0.018277979161238272, -0.015786249806959855, -0.00577154367796328, 0.02166616935121633, -0.029282672723344658, -0.0014223751297131257, 0.020199638199462622, -0.000838224318253103, 0.0025739360861556752, -0.01518509587683972, 0.008922526653942057, 0.019998643856058453, 0.029436852097715852, -0.01470687045252527, -0.018859361870554356, -0.017478769745053753, 0.00928328080138031, -0.013371127029217281, 0.026934102510424978, -0.022715656931596898, -0.00986398083564944, -6.878746770354674e-05, -0.011699479539372667, -0.002095189657688231, -0.02219392695147411, 0.016991908627143875, -0.01142386127697076, -0.000479336559942381, 0.008759545511111733, -0.007413276401291219, 0.02463226510551438, 0.0006162822214308, 0.012020207255990439, 0.01679013391342807, 0.028569574699586164, -0.01675259604086283, 0.01687120428461975, 0.02420430061622589, 0.0255837682033801, 0.023461607338155523, 0.0065585367948899805, -0.019101315129824787, 0.012501450495317843, 0.006103683935946225, 0.016338855615623465, 0.008821555259018395, -0.014064376653462113, 0.003922849549706512, -0.027132283815120294, -0.027356468950673597, 0.006104523196326931, -0.026545424379602285, -0.021277163676924636, -0.02909481572397872, -0.02607694272182447, 0.02690667511501069, 0.005745147780142044, 0.013950685406052498, 0.014153042710929795, -0.019412799484548222, -0.003597329847535781, -0.02366747180434599, -0.025947739341001422, 0.0051508845746037375, 0.014833744564794336, -0.005770271041056405, 0.010423751838940374, 0.004978497128370524, -0.02912460541432124, 0.012920653551464784, -0.01418664147773482, -0.026112005759534044, -0.019364661187312456, 0.02558784875058723, -0.012327259496276038, -0.005661423130651072]
-----------------------------------------------
[[ 0.00014501  0.01064358 -0.00823817 ...  0.01363954  0.01881317
   0.01584349]
 [-0.01652753  0.00813156 -0.01079257 ...  0.00207033  0.00980183
  -0.01307166]
 [-0.01288983  0.00586175  0.00444261 ... -0.01278977  0.01593944
   0.00881302]
 ...
 [-0.00769078  0.00556287 -0.00783222 ... -0.00787705  0.01035273
  -0.01135447]
 [-0.01043328 -0.01458664  0.01643089 ... -0.0074338  -0.00652084
  -0.00134784]
 [ 0.0135282   0.00754001 -0.00871743 ... -0.01357979  0.00526301
   0.01662365]][-6.61916941e-03 -2.73993542e-03  1.37877150e-02 -1.92981809e-02
 -3.00335146e-05 -3.05990663e-03  6.70182532e-03  2.95431839e-03
 -6.92008968e-03 -2.55521554e-03  1.26410554e-03 -9.50694319e-03
 -9.05383712e-04  1.82988248e-03  1.19459347e-02  1.87901048e-02
 -1.94450002e-02  1.18213025e-02  1.27407780e-03  9.10438637e-03
 -1.54723908e-02  1.73587819e-03 -4.99743320e-03  7.42230497e-03
  1.14450431e-02  1.48189700e-02  1.65763663e-02 -7.41773226e-03
 -2.35533362e-03  1.59126460e-03 -4.85720851e-03 -1.28745175e-02
 -4.49480936e-03 -1.75318163e-02  1.36346659e-02 -5.74649402e-03
 -1.61660739e-02 -1.26561743e-02  3.70410837e-03 -9.20167333e-03
 -1.49222138e-02 -1.91236986e-02  1.14632813e-02 -1.34360432e-02
  8.91884747e-03 -1.78703433e-02 -3.49803855e-03  1.47863625e-02
 -1.43665204e-02  1.47916786e-02  5.83106039e-04  3.20205456e-03
  9.78909875e-03 -1.60285650e-02 -4.10602651e-03 -1.13934133e-02
  1.96774398e-02  8.99805963e-04  5.72393283e-03  9.58768485e-03
  1.77232924e-03  1.62196531e-02 -4.34311270e-03  5.21527772e-03
 -6.72718638e-03 -1.65577963e-02  2.85109189e-03  4.68034636e-03
 -8.75615002e-03  1.08457157e-02  1.82092446e-02 -1.07131840e-03
  5.28579754e-03  1.43951703e-02 -1.17552150e-02 -1.47544067e-02
 -1.57536032e-02 -1.11179394e-02 -5.40241620e-03  8.73765051e-03
  5.30678604e-03 -1.02410761e-02  1.55990615e-02  1.41006521e-02]
-----------------------------------------------
[[ 1. -1.  1.  1.  1.  1.  1.  1.  1.  1. -1.  1. -1.  1. -1. -1. -1.  1.
   1.  1.  1. -1.  1.  1.  1. -1.  1.  1.  1. -1. -1.  1.  1.  1. -1. -1.
  -1.  1.  1.  1.  1. -1. -1. -1.  1.  1. -1. -1.  1.  1. -1.  1.  1.  1.
  -1.  1. -1. -1.  1.  1.  1. -1.  1. -1.  1.  1.  1. -1. -1.  1.  1. -1.
  -1. -1.  1. -1.  1. -1. -1.  1. -1. -1. -1.  1.]
 [ 1. -1.  1.  1.  1.  1.  1.  1. -1.  1. -1. -1. -1. -1.  1.  1.  1. -1.
   1. -1.  1. -1. -1. -1. -1.  1.  1. -1.  1. -1.  1.  1.  1.  1. -1.  1.
  -1. -1. -1. -1. -1. -1. -1.  1. -1.  1. -1.  1.  1. -1.  1.  1.  1.  1.
   1. -1.  1. -1. -1. -1. -1.  1. -1. -1. -1. -1. -1. -1.  1.  1.  1.  1.
   1.  1. -1.  1.  1. -1. -1.  1. -1. -1. -1.  1.]
 [-1. -1.  1. -1.  1.  1. -1. -1. -1.  1.  1.  1. -1.  1. -1. -1. -1.  1.
  -1. -1. -1.  1.  1.  1.  1.  1.  1. -1. -1.  1. -1.  1. -1.  1. -1. -1.
   1.  1.  1.  1. -1.  1.  1. -1. -1.  1.  1. -1. -1. -1. -1.  1.  1. -1.
   1. -1. -1. -1.  1.  1. -1.  1. -1.  1. -1.  1. -1. -1. -1. -1.  1. -1.
  -1.  1. -1. -1.  1. -1. -1. -1.  1.  1.  1.  1.]
 [ 1.  1.  1.  1.  1.  1.  1.  1. -1.  1. -1. -1.  1. -1. -1. -1. -1. -1.
   1. -1.  1. -1.  1.  1. -1.  1.  1.  1.  1.  1.  1. -1.  1. -1.  1. -1.
   1. -1.  1.  1.  1. -1. -1. -1.  1. -1.  1. -1.  1.  1.  1. -1. -1.  1.
   1. -1.  1.  1.  1. -1.  1.  1. -1. -1. -1.  1. -1.  1.  1. -1.  1.  1.
   1.  1.  1. -1.  1.  1.  1.  1. -1.  1.  1.  1.]
 [-1.  1. -1. -1.  1. -1.  1. -1.  1. -1.  1.  1.  1. -1.  1.  1.  1. -1.
  -1. -1. -1.  1. -1.  1. -1. -1.  1.  1. -1.  1. -1. -1. -1. -1. -1. -1.
   1. -1.  1.  1.  1.  1.  1. -1. -1. -1. -1. -1.  1. -1. -1. -1. -1. -1.
  -1. -1. -1.  1. -1. -1. -1.  1. -1.  1. -1.  1.  1. -1. -1.  1.  1. -1.
  -1. -1.  1. -1. -1. -1.  1. -1. -1. -1. -1.  1.]
 [-1. -1. -1.  1. -1. -1.  1. -1. -1.  1. -1.  1.  1.  1. -1. -1. -1.  1.
   1. -1. -1. -1.  1.  1. -1. -1. -1. -1. -1. -1. -1. -1.  1. -1. -1. -1.
   1. -1.  1. -1.  1.  1.  1.  1.  1. -1.  1. -1. -1.  1.  1. -1.  1.  1.
   1. -1. -1. -1.  1.  1. -1. -1.  1. -1.  1. -1. -1.  1. -1.  1. -1. -1.
  -1. -1. -1.  1. -1. -1.  1. -1. -1.  1.  1. -1.]
 [ 1.  1.  1. -1.  1.  1. -1. -1.  1.  1.  1.  1. -1.  1. -1.  1. -1. -1.
   1. -1.  1.  1. -1. -1.  1.  1.  1.  1. -1.  1.  1.  1.  1.  1.  1. -1.
   1.  1. -1. -1.  1. -1.  1.  1.  1. -1. -1.  1.  1. -1. -1. -1. -1.  1.
   1. -1.  1. -1.  1. -1. -1.  1.  1. -1. -1. -1.  1.  1.  1.  1. -1.  1.
  -1.  1.  1.  1. -1. -1.  1. -1.  1. -1.  1.  1.]
 [ 1.  1. -1.  1. -1.  1.  1. -1.  1.  1.  1.  1.  1. -1. -1.  1. -1.  1.
  -1.  1.  1.  1.  1. -1. -1. -1. -1. -1. -1.  1.  1.  1. -1.  1.  1. -1.
  -1. -1.  1.  1.  1. -1.  1.  1. -1. -1. -1. -1.  1. -1. -1.  1. -1. -1.
   1.  1.  1.  1.  1.  1.  1. -1.  1. -1.  1.  1.  1. -1.  1. -1. -1.  1.
  -1.  1.  1.  1. -1.  1.  1. -1. -1.  1. -1. -1.]
 [-1. -1. -1. -1.  1. -1.  1. -1. -1.  1.  1.  1. -1.  1. -1.  1. -1.  1.
  -1.  1. -1. -1. -1. -1. -1. -1.  1. -1. -1. -1.  1. -1. -1.  1. -1.  1.
  -1. -1.  1. -1.  1. -1.  1. -1. -1. -1. -1.  1.  1.  1.  1. -1. -1. -1.
  -1.  1.  1. -1. -1.  1. -1.  1. -1.  1. -1.  1. -1.  1. -1. -1.  1.  1.
   1.  1.  1. -1.  1. -1. -1.  1.  1.  1.  1.  1.]
 [-1.  1. -1.  1.  1. -1. -1.  1.  1. -1. -1.  1. -1. -1.  1.  1.  1.  1.
   1.  1.  1. -1.  1. -1.  1. -1. -1.  1.  1.  1. -1. -1.  1. -1.  1.  1.
   1. -1.  1. -1. -1. -1.  1.  1. -1.  1. -1. -1. -1. -1.  1.  1.  1.  1.
  -1. -1.  1.  1.  1. -1.  1.  1. -1.  1.  1. -1.  1.  1.  1. -1.  1.  1.
  -1.  1. -1.  1. -1.  1.  1.  1. -1. -1.  1. -1.]]
-----------------------------------------------
