[[[[ 0.27799255 -0.09981411 -0.22648925 -0.06521578  0.28639844]
   [-0.3627931  -0.39899512  0.1304076   0.0231653   0.02746815]
   [-0.25858294 -0.34035425  0.10243467 -0.20442218 -0.2483657 ]
   [-0.38742774  0.17155517 -0.13570829 -0.08390187 -0.33591546]
   [ 0.33271331  0.11071653  0.28594457  0.17551888  0.14873473]]]


 [[[ 0.30501731  0.0082175  -0.21452333 -0.11011665  0.10117339]
   [-0.16439314 -0.26252227 -0.33153765  0.25052813  0.02669397]
   [ 0.27215391  0.32243948 -0.31417956  0.38946493  0.03994037]
   [-0.26673398 -0.28240126  0.20324454 -0.20807502  0.0994136 ]
   [-0.30855536  0.35286897  0.35335019  0.18916935 -0.38831293]]]


 [[[-0.32228344 -0.24976081 -0.03626822  0.22658206 -0.00365172]
   [-0.16400091  0.35201952 -0.07551252 -0.12250809  0.1440176 ]
   [-0.0034495   0.18351089  0.08854854  0.01012287  0.2992558 ]
   [ 0.20844357 -0.39978554 -0.1700851   0.04519203 -0.02821612]
   [-0.13376163 -0.19098326 -0.03727619  0.18289196 -0.18033343]]]


 [[[-0.26555975 -0.00182245  0.13822307  0.26522941 -0.05476398]
   [-0.01486081 -0.0629085  -0.25111231 -0.33399925  0.25842528]
   [ 0.32071502 -0.04092329  0.3171051  -0.0906194  -0.22074427]
   [-0.20942596 -0.03189774  0.06272236 -0.05445326  0.07468717]
   [-0.27925925  0.30342442 -0.3178472   0.3243881   0.09741173]]]


 [[[-0.38018749  0.12485765  0.2644728  -0.25869745 -0.12780529]
   [-0.36157975 -0.22016119  0.30140996 -0.01223936 -0.00362261]
   [-0.12302691  0.38121885  0.07766783 -0.05669984 -0.33969162]
   [-0.37787255  0.31076566 -0.19666689  0.20234823 -0.08294639]
   [ 0.26102495  0.23944937  0.25154697  0.30822204 -0.34352507]]]


 [[[-0.05299341  0.34979086  0.29908855  0.03832638 -0.04770058]
   [ 0.39206096 -0.32955267  0.12724655 -0.27786433 -0.25111984]
   [ 0.36981763  0.15147944  0.15931034  0.08735688  0.14583271]
   [-0.09841562  0.06855634  0.03175218 -0.15394534 -0.08935408]
   [-0.06026722  0.04600381  0.11491398  0.31950986 -0.09583779]]]][0.3237053220280289, 0.2831885075983938, 0.25580714990645287, -0.10088331598663963, 0.37615054897475914, -0.32205984121687714]
-----------------------------------------------
[[ 0.33777424  0.10578298]
 [-0.35917822  0.42613077]
 [ 0.30769844 -0.21371237]
 [ 0.01374351  0.36828039]
 [-0.17334145  0.12523831]
 [-0.29411174 -0.26962799]]
-----------------------------------------------
[ array([[[ 0.12721142, -0.01596451, -0.00632294, -0.06494858,  0.03940072],
        [ 0.07879929, -0.130595  , -0.01266445, -0.13302726, -0.06000965],
        [ 0.05525824,  0.03797489, -0.07400831,  0.0118441 , -0.0650098 ],
        [ 0.09661419,  0.13651447,  0.09119563, -0.08364506,  0.12991067],
        [-0.01909204, -0.02572202, -0.07633182,  0.10031146,  0.05855104]],

       [[-0.03538796,  0.14787402, -0.02961834, -0.0388189 ,  0.08042343],
        [ 0.03596359,  0.06139053,  0.05815861,  0.07408744, -0.07659176],
        [ 0.12617476, -0.04356509,  0.13353311,  0.11643062,  0.04080135],
        [-0.1175575 ,  0.0651341 ,  0.0298923 ,  0.06171738,  0.09715134],
        [ 0.04135674, -0.02671508, -0.11521155, -0.13944636, -0.11912381]],

       [[ 0.04088214, -0.14863895, -0.14426188,  0.04046516,  0.02166442],
        [ 0.10242755,  0.10066604, -0.04725463,  0.07123365, -0.1228507 ],
        [ 0.04547956, -0.0434166 ,  0.1042422 ,  0.10804063, -0.04977444],
        [ 0.03900765, -0.0177157 , -0.02323025, -0.10194014,  0.07480811],
        [-0.11673146, -0.1014265 , -0.05678178, -0.13509201,  0.12832991]]])
 array([[[-0.05558581,  0.11249243, -0.00370582, -0.11415008,  0.08276737],
        [ 0.04801674,  0.01523304, -0.10890303,  0.10174972, -0.11503077],
        [-0.07515516, -0.02285131,  0.006212  , -0.05591129,  0.02009006],
        [ 0.0923688 ,  0.05853977, -0.13774123,  0.08513049, -0.13682283],
        [ 0.01058744,  0.09646658, -0.01323718, -0.14161762, -0.07502434]],

       [[-0.0284395 ,  0.07936081,  0.11166578, -0.05590195,  0.08944358],
        [ 0.07638571, -0.02655003, -0.04455279, -0.02473972, -0.05298919],
        [-0.0060943 , -0.04589926,  0.02525827,  0.0518746 , -0.07038986],
        [-0.1109097 ,  0.06484037, -0.06685735,  0.0934335 ,  0.12643343],
        [-0.12522859, -0.00763263, -0.05791968,  0.06514458, -0.06443238]],

       [[ 0.10518557,  0.05476954,  0.04151332, -0.12545663, -0.13511407],
        [-0.05738676,  0.10558229,  0.04333462,  0.07336301,  0.06983154],
        [ 0.06077157, -0.11475391,  0.05311821,  0.04633212, -0.02310784],
        [-0.11693833, -0.0110542 ,  0.00747865,  0.13490038,  0.06156382],
        [-0.00497978,  0.14571567,  0.00914325, -0.1010034 ,  0.01884685]]])
 array([[[-0.12618077, -0.09477803,  0.00773188,  0.06497942,  0.0001836 ],
        [ 0.08967364, -0.04755907, -0.07079447, -0.01361137, -0.03346217],
        [-0.05443803, -0.10429676, -0.04882211, -0.14879482,  0.07824216],
        [ 0.06014432,  0.03544588,  0.14437008, -0.04457991,  0.117433  ],
        [ 0.14196597, -0.13548964,  0.1084892 , -0.00617709, -0.12500593]],

       [[-0.10430946, -0.12769882, -0.12569728, -0.13362996,  0.14889822],
        [-0.14526362, -0.11845865,  0.06135274, -0.11479651, -0.00776906],
        [-0.06428297, -0.11250446,  0.00263726,  0.1149485 , -0.10548322],
        [ 0.02209358, -0.0998909 ,  0.0357565 , -0.14997364, -0.11704415],
        [-0.08667603,  0.02825372,  0.07904883,  0.01265216, -0.0510726 ]],

       [[-0.12747309, -0.09602881, -0.11961838, -0.14721484,  0.02692202],
        [ 0.07734829, -0.01690742, -0.0715254 , -0.09755859,  0.0357426 ],
        [ 0.1406156 ,  0.00211063,  0.10278198,  0.02976597,  0.08409508],
        [-0.05341888, -0.03428155, -0.07895236, -0.07136   , -0.12556885],
        [-0.05981921,  0.06649993,  0.12055426, -0.13155608, -0.01674981]]])
 array([[[ 0.13302982,  0.06431488,  0.07492693, -0.09664785, -0.08423876],
        [-0.03005384, -0.03839401,  0.09373483,  0.09532974,  0.05190279],
        [ 0.1297021 ,  0.00069386, -0.10689862, -0.12097548, -0.14738881],
        [-0.01940344,  0.07767704, -0.14612758, -0.14297364, -0.08257486],
        [-0.05122431,  0.0345876 , -0.02132207, -0.0386022 ,  0.13090346]],

       [[-0.09994488, -0.13750525, -0.0447791 ,  0.02444638,  0.13429437],
        [-0.03413744, -0.14542825, -0.14783762,  0.01001386,  0.09702572],
        [-0.05725356, -0.03639312, -0.05439907, -0.05613523,  0.10021739],
        [ 0.09987511,  0.05750545, -0.09748883, -0.14277015, -0.10013856],
        [-0.02416706, -0.13107621, -0.04431605, -0.13313946,  0.03642548]],

       [[ 0.0245058 ,  0.14237021, -0.03328266, -0.02831373,  0.02974926],
        [ 0.11471065,  0.09895513, -0.10619136,  0.01986322,  0.04739957],
        [ 0.11839472, -0.08100347, -0.0584827 , -0.0413072 ,  0.13084166],
        [ 0.08277741,  0.08006003,  0.0663597 , -0.01245695,  0.08034183],
        [-0.04044657, -0.10664544, -0.1244467 ,  0.05616726,  0.00638445]]])
 array([[[-0.02869983, -0.06724819, -0.05836166,  0.02463453, -0.07443414],
        [-0.13051739, -0.05151905,  0.13623305, -0.0526243 , -0.06996623],
        [ 0.03928266,  0.0731507 ,  0.12977856,  0.02906244,  0.08720702],
        [-0.01631483, -0.05173657, -0.01474311,  0.02581986,  0.114347  ],
        [-0.08074545, -0.00711885,  0.05027028,  0.04627467,  0.02247826]],

       [[ 0.01118191, -0.10465815, -0.1403639 ,  0.04265553,  0.08173875],
        [-0.01071977,  0.13486072, -0.01685095, -0.11299453,  0.00689069],
        [-0.09637755, -0.07995619, -0.03019483,  0.06470236,  0.0687241 ],
        [ 0.04813463,  0.03847033, -0.12734149,  0.00508898,  0.06041104],
        [ 0.08921757,  0.11482367, -0.08135368,  0.09142212,  0.0213752 ]],

       [[-0.04989579, -0.10369282,  0.01681185,  0.12377101, -0.14407413],
        [-0.04251012,  0.03105713, -0.03255663, -0.03584579, -0.1347842 ],
        [ 0.07607386,  0.06687317,  0.0271377 , -0.04675936, -0.05385954],
        [ 0.12428534, -0.08569169,  0.10015848, -0.03815966,  0.08928654],
        [-0.00071038,  0.14371596, -0.05936902,  0.04071199, -0.11838982]]])
 array([[[ 0.02523684, -0.01830683, -0.08320698,  0.13896057, -0.08824297],
        [-0.04739941, -0.00856913,  0.10395232,  0.0079295 ,  0.05882133],
        [ 0.07792626, -0.11865352,  0.06225134, -0.13653687,  0.13271985],
        [-0.13569902,  0.03165287, -0.09501956, -0.13295149, -0.05147557],
        [-0.03334249, -0.13891901,  0.04222238, -0.0380777 ,  0.09897212]],

       [[-0.12390777,  0.06728854,  0.05467899,  0.12619167, -0.04709642],
        [ 0.04396178,  0.10764672, -0.11687545, -0.11346209,  0.08843823],
        [ 0.10480624, -0.02702169, -0.04597182,  0.02623795,  0.03480978],
        [-0.07043408,  0.08647058, -0.07333341, -0.03519719, -0.05460849],
        [ 0.00758592, -0.07705301,  0.08623806,  0.02474475,  0.10603315]],

       [[-0.13637974, -0.10364251,  0.00632851,  0.00283095,  0.05981912],
        [-0.03925689,  0.11486686,  0.00392365, -0.03060313, -0.12205222],
        [-0.14836533, -0.10697416,  0.01396519, -0.03490333,  0.14174042],
        [ 0.01119869,  0.10740201, -0.10336016, -0.10421893,  0.06885817],
        [ 0.08000588, -0.10865574,  0.12612022,  0.03055858,  0.14354091]]])
 array([[[-0.06689557,  0.02716417,  0.06515901,  0.01466621, -0.07263496],
        [ 0.06469152,  0.08528453, -0.04052886, -0.02403673, -0.08716853],
        [ 0.10143197,  0.05381146,  0.00787815, -0.09671705, -0.05541644],
        [-0.06823704,  0.06547139,  0.11234006, -0.07699298,  0.0528309 ],
        [-0.08424907, -0.07764746,  0.11212119,  0.02923867,  0.11041346]],

       [[-0.06816207, -0.01595803, -0.02429706,  0.01073961,  0.05806237],
        [ 0.08335048, -0.01322733, -0.07895961, -0.02982296,  0.08340574],
        [ 0.01049137,  0.09451114, -0.10893861, -0.00703083,  0.0442869 ],
        [-0.04602005,  0.04420403,  0.01013703, -0.03812258, -0.10759362],
        [-0.05737941, -0.04603669,  0.03415977,  0.02064356, -0.06907361]],

       [[-0.07626437, -0.01591043, -0.08000435, -0.03972241, -0.07817248],
        [ 0.05654877,  0.07702153, -0.05042193, -0.10140509, -0.08587719],
        [ 0.09096798,  0.08018847,  0.0689373 , -0.04473489, -0.06762524],
        [-0.00407453,  0.04808637,  0.10613134, -0.00348975,  0.05508408],
        [ 0.03029952,  0.0320645 , -0.06553383,  0.00847238,  0.10083242]],

       [[-0.11034327, -0.01795197, -0.07729878, -0.01395828, -0.11427423],
        [-0.0306095 ,  0.01074351,  0.10520787,  0.08066425, -0.0593565 ],
        [ 0.0592019 ,  0.07914519,  0.01616432, -0.02443044,  0.10596461],
        [ 0.0206651 ,  0.06569206,  0.039314  , -0.07044428, -0.05990157],
        [ 0.04210573,  0.00748605,  0.05688289, -0.05131016,  0.04424568]]])
 array([[[-0.00804398, -0.03419036,  0.01115245, -0.07883944, -0.00109153],
        [-0.07237177, -0.09425035, -0.07368696, -0.09960191, -0.08985723],
        [ 0.09973723,  0.11271584,  0.10232109, -0.09425753, -0.00834304],
        [ 0.04205312, -0.106086  ,  0.06720261, -0.08350142, -0.0816004 ],
        [ 0.07121931,  0.08281767,  0.11162866, -0.02258947, -0.03364821]],

       [[ 0.02964287,  0.04280525,  0.04661476,  0.04684123, -0.09967662],
        [-0.08990064,  0.10085432,  0.10095649, -0.08768469,  0.04781778],
        [ 0.07913514, -0.1018646 , -0.01020827, -0.05291528, -0.07758125],
        [-0.00289426,  0.03572105, -0.09863596, -0.09193405, -0.05483024],
        [ 0.0686409 ,  0.03319425, -0.07649438, -0.08508479,  0.06334103]],

       [[-0.0198319 , -0.03502617, -0.05057003,  0.0837378 ,  0.09501266],
        [ 0.02733784, -0.04307076,  0.02097529,  0.03814738,  0.0359667 ],
        [ 0.01472876,  0.09345973, -0.08196929, -0.06167806, -0.03955042],
        [-0.10118289, -0.03760765,  0.00246579,  0.04250509, -0.11198621],
        [ 0.05515152,  0.03633295,  0.01335662,  0.02317238,  0.00220937]],

       [[-0.04475956, -0.05008794,  0.00304875,  0.05271707,  0.00083122],
        [ 0.0147741 ,  0.04367567, -0.09436559,  0.00667817, -0.02311282],
        [ 0.04390533, -0.05648591,  0.03746694, -0.01525279,  0.00731848],
        [-0.0105072 , -0.10482297, -0.01651615, -0.10723536,  0.01621376],
        [-0.00388205,  0.04125153,  0.09125383, -0.07109181, -0.03119588]]])
 array([[[ 0.06323711, -0.10161103, -0.0832704 , -0.11219939,  0.03624542],
        [-0.02509099,  0.06049587, -0.0851337 ,  0.02991571, -0.06457498],
        [ 0.01878836, -0.02775241,  0.02849299,  0.02342951,  0.04752441],
        [-0.00580596,  0.03646241,  0.1048771 , -0.08776484, -0.10707037],
        [ 0.0661405 , -0.10271007,  0.10922075, -0.03132744,  0.02841603]],

       [[ 0.06538029, -0.08802939,  0.09033895,  0.00626811,  0.08582281],
        [ 0.04571997, -0.10011498,  0.08854772,  0.02498692, -0.1096451 ],
        [-0.00208128, -0.10161772, -0.00970884,  0.03982847, -0.02493915],
        [ 0.05040765,  0.01058055,  0.09787675,  0.11048731,  0.01516997],
        [-0.08166769, -0.08333142,  0.04769655, -0.06062243,  0.04155392]],

       [[-0.04510918,  0.0114647 ,  0.02314152, -0.10509906,  0.04083956],
        [ 0.03915069, -0.03487032,  0.0857606 ,  0.01314919, -0.08712195],
        [-0.03033616,  0.04046544,  0.10243673, -0.10237424,  0.06178671],
        [-0.05114531, -0.00111155,  0.09972388, -0.04625134,  0.02974465],
        [-0.01336175,  0.06592067,  0.05811423,  0.10487301, -0.01728158]],

       [[ 0.02065122,  0.09416383, -0.08585589, -0.07614597,  0.0910326 ],
        [-0.05930866, -0.10691897, -0.04619684,  0.06587782,  0.0406113 ],
        [ 0.09237827,  0.01806173,  0.00881974,  0.05502383, -0.03387903],
        [-0.08528736,  0.01863504,  0.04800525,  0.04415282, -0.05077878],
        [-0.05816944, -0.02854496,  0.08890977,  0.00942335, -0.11072007]]])
 array([[[-0.02854465, -0.03257928, -0.02939067, -0.06056849, -0.03445972],
        [ 0.10108866,  0.00683115, -0.05772072, -0.06784555,  0.0337923 ],
        [ 0.040476  , -0.08175372, -0.05121267,  0.03631994,  0.10451751],
        [ 0.08253204,  0.03929555, -0.08512851, -0.10363679, -0.01742614],
        [ 0.10130241,  0.08545124,  0.01156483,  0.06975342,  0.11042455]],

       [[-0.03915684,  0.04969634, -0.05048266, -0.02003693, -0.09435041],
        [-0.03094996,  0.06513094, -0.08573649, -0.00470872,  0.00361505],
        [ 0.03008694,  0.00952357, -0.03097753,  0.01337682, -0.02840289],
        [-0.07403181,  0.00574401,  0.00859942,  0.02141758, -0.06160496],
        [-0.04365338, -0.045494  ,  0.01895906,  0.08100808, -0.0014729 ]],

       [[-0.02488245, -0.11323076, -0.01819163, -0.00983125, -0.09750799],
        [ 0.08988081,  0.07576812,  0.0240575 ,  0.09298754, -0.1097793 ],
        [ 0.05746865,  0.01453785,  0.092169  ,  0.0354416 ,  0.01474759],
        [-0.03410943, -0.11153035, -0.0773226 , -0.05013774,  0.03586392],
        [ 0.1041222 , -0.0384735 ,  0.10862811,  0.11053836, -0.0334262 ]],

       [[ 0.01031053, -0.0774704 ,  0.01457162, -0.06442526,  0.02292598],
        [ 0.00339851, -0.01408079,  0.08907159,  0.01264003, -0.09247195],
        [-0.01088002, -0.05572344, -0.03994299,  0.04543575,  0.04793696],
        [-0.02611472,  0.00555472,  0.07733609,  0.05581114,  0.09687484],
        [ 0.02285826, -0.02999362, -0.02378342,  0.0514352 , -0.08175147]]])
 array([[[-0.0642638 ,  0.0095051 ,  0.03977828,  0.09659556, -0.105479  ],
        [ 0.05564904, -0.07732574, -0.06979942,  0.00289405, -0.02308079],
        [-0.01831306,  0.08301094, -0.04244878,  0.09993148, -0.04100681],
        [-0.06110589, -0.06053253,  0.05063802,  0.0304117 ,  0.03088504],
        [ 0.04784431, -0.02399453,  0.05500666,  0.07065246, -0.08589648]],

       [[-0.00994501,  0.03285112,  0.08820015,  0.00636018,  0.06140527],
        [ 0.10048906,  0.04633827,  0.04417768,  0.06946213,  0.02242589],
        [-0.00077506,  0.01029874,  0.06137954, -0.07255062, -0.11030235],
        [-0.08410724, -0.0220617 , -0.03770692, -0.07798857, -0.06934319],
        [ 0.00281782, -0.05003183,  0.04289678, -0.03339028,  0.09177817]],

       [[ 0.00387279,  0.0618643 ,  0.01691642,  0.03915216, -0.08861179],
        [-0.04542993, -0.10536125, -0.07593016, -0.05959349, -0.02231655],
        [ 0.04221295,  0.0288037 , -0.05966553, -0.11370541,  0.03705234],
        [ 0.0654595 ,  0.04255107, -0.09386564,  0.04558609, -0.0795959 ],
        [-0.00705218,  0.06396827,  0.04535821,  0.02926442, -0.028084  ]],

       [[ 0.07189589, -0.08276025, -0.09952453, -0.05196043,  0.05970251],
        [ 0.01500157,  0.05793607, -0.03042941,  0.00777327,  0.04903605],
        [ 0.03974517,  0.02781149, -0.04655097,  0.0706695 ,  0.01618332],
        [-0.02441598, -0.03043646, -0.01290703,  0.10498545, -0.07982583],
        [-0.00488149, -0.07290519, -0.093147  ,  0.03816008,  0.004251  ]]])
 array([[[-0.10435603,  0.03828131,  0.07319685, -0.05188924, -0.04384745],
        [ 0.08088922, -0.00260709, -0.02265286,  0.02194352,  0.04637393],
        [ 0.0150037 ,  0.09050439,  0.05850411,  0.07018012,  0.03739131],
        [ 0.05413068,  0.01234261, -0.01944882,  0.07580896,  0.10284809],
        [-0.048693  ,  0.05026693, -0.05625952, -0.02099203,  0.03529367]],

       [[-0.03935348,  0.03425405, -0.07622509,  0.02717011,  0.02270443],
        [-0.09365287, -0.06325429, -0.09878714,  0.04748206, -0.02911131],
        [ 0.07823801,  0.0744075 , -0.10468299, -0.06820373,  0.05136365],
        [ 0.08927877, -0.04594379, -0.01235128,  0.09448191,  0.00545717],
        [-0.08266585, -0.01661473, -0.02587051,  0.1102913 ,  0.08150589]],

       [[-0.04579151, -0.10100119,  0.09926723, -0.05662616,  0.08750397],
        [-0.09483282,  0.11374261, -0.03530805, -0.06894065,  0.10496729],
        [-0.01981049, -0.07464412, -0.01485651, -0.0176666 ,  0.08210804],
        [ 0.06747368,  0.10792257, -0.0263439 ,  0.07176693,  0.02497473],
        [-0.08983988,  0.092817  ,  0.11294395, -0.09190276, -0.00911439]],

       [[ 0.03860716,  0.00067396, -0.0747696 ,  0.10663201, -0.06814824],
        [ 0.00868969,  0.10030926,  0.03649505,  0.04360219, -0.07581859],
        [-0.00901467, -0.08684217,  0.05652447, -0.0776122 , -0.02572833],
        [ 0.04642042, -0.09612152, -0.01963294,  0.0297104 , -0.04222559],
        [-0.03932224, -0.0024342 ,  0.05261003, -0.09917975,  0.06384409]]])
 array([[[-0.05848247, -0.10244366,  0.04486699, -0.11384418,  0.03865436],
        [ 0.0764704 , -0.07064214, -0.06002706, -0.06646794,  0.10483959],
        [-0.03038533,  0.09009525,  0.0639412 ,  0.03846305,  0.09211066],
        [-0.01214271, -0.01093574, -0.09437473, -0.11132846, -0.09604451],
        [-0.08614799,  0.04158553,  0.03193209,  0.07852828,  0.00921375]],

       [[ 0.03804718,  0.08128143,  0.08165827, -0.07628026,  0.1034933 ],
        [-0.11427785,  0.05249192, -0.07692848,  0.05854108,  0.03575347],
        [ 0.04637314, -0.05527821,  0.07911262, -0.00394609,  0.02697134],
        [-0.02250027, -0.06798798,  0.0789334 ,  0.04996788,  0.05143593],
        [ 0.04816105,  0.08620449,  0.07333144,  0.05178106,  0.05010763]],

       [[-0.00331465,  0.10146081,  0.07360037, -0.08716535, -0.02271758],
        [-0.05955247, -0.01434392, -0.01085918,  0.04035707, -0.07725381],
        [ 0.08550042, -0.10407708, -0.03678026, -0.03092887,  0.00124648],
        [-0.0651404 , -0.10830802,  0.07774752,  0.07323685, -0.08671983],
        [-0.08133201,  0.01114058, -0.02224779, -0.05667216, -0.04835204]],

       [[ 0.09420056, -0.04559138,  0.01269653,  0.08044437, -0.0372101 ],
        [-0.11135517, -0.02369703,  0.06440205, -0.02137062, -0.06178133],
        [ 0.04137256, -0.0678612 ,  0.00435545,  0.10931527,  0.09511859],
        [ 0.07084913,  0.06128561, -0.02288718,  0.05947722,  0.10789205],
        [-0.09127873, -0.09817671, -0.07874382,  0.00212646, -0.08871522]]])
 array([[[-0.09620624, -0.02709592, -0.08654692,  0.0628037 , -0.01331324],
        [ 0.07620837, -0.01262991, -0.04810737, -0.04939504,  0.02476454],
        [-0.03306979,  0.03721386,  0.08995192, -0.05216104,  0.00223768],
        [ 0.00822798,  0.03518683,  0.07445517, -0.03231927, -0.07554902],
        [ 0.01816415, -0.00553806, -0.08804979,  0.06273697, -0.02737841]],

       [[ 0.05095377, -0.04416007,  0.03484571, -0.07947852,  0.07280575],
        [-0.02859529, -0.03277284,  0.05549   , -0.07075856, -0.07685924],
        [-0.04740264,  0.0277686 ,  0.01092832, -0.07403608,  0.00158286],
        [-0.08677142,  0.06986124, -0.06102818, -0.01579405, -0.10650909],
        [ 0.04230904,  0.05204987,  0.0897262 , -0.01495182, -0.01377104]],

       [[-0.03225491, -0.1003622 ,  0.00931796,  0.06777768,  0.03283716],
        [-0.0063579 , -0.07004357,  0.00206442, -0.07100537, -0.03046125],
        [ 0.09954244,  0.10075105,  0.0316566 ,  0.07922887,  0.08546078],
        [-0.1026202 , -0.11229526, -0.03370506, -0.05875947,  0.05560503],
        [ 0.02373985, -0.04643851, -0.09541843, -0.00555356, -0.03012531]],

       [[ 0.04363659, -0.00325077,  0.06270384,  0.1118024 ,  0.04374921],
        [ 0.09659534,  0.10862977, -0.11339177, -0.06617847,  0.01139988],
        [-0.04217978,  0.10299052, -0.10719066,  0.10642126,  0.01455402],
        [ 0.05262676,  0.00426651,  0.04508281,  0.00458364, -0.06419417],
        [ 0.06119295, -0.02314154,  0.01177466,  0.08894903, -0.05143609]]])
 array([[[-0.08118946, -0.08323037,  0.10573038, -0.02258489,  0.0704467 ],
        [ 0.00207603, -0.02683658,  0.11342274, -0.05765989,  0.03833763],
        [-0.02961002,  0.07748626,  0.0911677 , -0.11274956, -0.10426845],
        [-0.03548617,  0.07310241, -0.09817158,  0.0074067 ,  0.04702949],
        [-0.00838582, -0.03611667,  0.08238919,  0.05831113,  0.01513585]],

       [[-0.09202387,  0.00910284, -0.01576625, -0.10371009, -0.00690134],
        [ 0.05950538, -0.06126632, -0.00124941,  0.04760658, -0.08553821],
        [ 0.01269988, -0.06388342, -0.04864784, -0.00958724,  0.02008   ],
        [-0.05785783,  0.00959718, -0.04636576, -0.06747646,  0.01550576],
        [ 0.05649613, -0.06909663,  0.06721412,  0.04528681,  0.07566027]],

       [[ 0.00615833,  0.09580998,  0.0267283 ,  0.11281837, -0.03366908],
        [ 0.0637    , -0.07236399, -0.05290272,  0.07926145,  0.03060458],
        [ 0.05600736, -0.10642054,  0.08117044, -0.11362275, -0.11362173],
        [ 0.08611223, -0.02506025, -0.09319499,  0.03247541, -0.01590364],
        [-0.0687818 ,  0.10488155, -0.06010872,  0.10136374, -0.08789093]],

       [[-0.02582728,  0.10394042, -0.00190564, -0.07575023, -0.04277916],
        [ 0.11030245, -0.02103931, -0.00421835,  0.09926203, -0.02848085],
        [ 0.00307458,  0.05613562,  0.10077522, -0.10968464,  0.07791091],
        [-0.01527917,  0.10394132,  0.09520215,  0.10366326, -0.11347056],
        [-0.06078169, -0.02106075, -0.02786153, -0.0809782 ,  0.03835319]]])
 array([[[-0.07371529,  0.02977868, -0.0690471 , -0.03766188,  0.01336993],
        [-0.07005361, -0.03733055,  0.07382975,  0.03985899, -0.07736162],
        [-0.01664489, -0.07349664,  0.01414463, -0.02306588,  0.06882806],
        [ 0.0046427 , -0.00304609, -0.03791741,  0.04265274, -0.05686191],
        [ 0.07226135,  0.05683443, -0.04019401,  0.02716545,  0.01337469]],

       [[ 0.01774361, -0.04066598,  0.05032904,  0.00884256, -0.00637201],
        [ 0.06448503,  0.01301027, -0.03115616,  0.03484174, -0.04582681],
        [ 0.04362185,  0.01159906, -0.06282965, -0.03317262, -0.02484004],
        [-0.01630886, -0.0081687 ,  0.01099667,  0.05472369,  0.05985733],
        [ 0.06590692,  0.07418474,  0.05747302, -0.01210206, -0.05095711]],

       [[-0.05901802, -0.07235358, -0.05461921, -0.0016337 , -0.02933968],
        [ 0.05189938, -0.00249539, -0.0755067 ,  0.03177251, -0.00659814],
        [-0.07006027,  0.06701771,  0.05218793, -0.02344205,  0.04429534],
        [ 0.02536812, -0.03271442,  0.015643  ,  0.04906607, -0.06724071],
        [ 0.01029429,  0.0152169 , -0.01121071,  0.06204845, -0.03395437]],

       [[ 0.02908528,  0.04181899,  0.06293499,  0.04561672, -0.04817386],
        [ 0.03948952,  0.02329097, -0.06275472, -0.0591194 ,  0.01615126],
        [ 0.07116475, -0.05478568, -0.03931914, -0.07078355, -0.01461164],
        [-0.07676071,  0.03310038,  0.07289304, -0.05370889, -0.04270228],
        [ 0.07045851, -0.00478396,  0.04008482,  0.05428165, -0.00755021]],

       [[-0.07022665,  0.02306445, -0.02377584,  0.05205172,  0.06961846],
        [-0.06283726, -0.03085446,  0.05672229,  0.04304648, -0.0582115 ],
        [ 0.07267112,  0.03431601,  0.0228776 , -0.06510543,  0.06055021],
        [ 0.0057762 , -0.06533348,  0.04342724, -0.00181073,  0.02049383],
        [-0.02960638, -0.050217  , -0.02468926,  0.05923409,  0.01589435]],

       [[-0.05581661,  0.02222095,  0.0513872 ,  0.01095817,  0.03564456],
        [ 0.0530679 , -0.06491063, -0.0568907 ,  0.0173832 ,  0.06365136],
        [ 0.07057948,  0.00180774,  0.05565251, -0.00115154,  0.06302494],
        [-0.05047079, -0.01900839, -0.06699716, -0.01521762,  0.05689428],
        [-0.0359913 , -0.05319631, -0.06668187,  0.00786036,  0.05879851]]])][-0.08853475430205052, 0.05368129368941488, 0.1478511643588116, 0.12350604866770967, -0.04563244674986165, 0.1171040212568141, 0.07974883553517291, -0.08939649172225086, -0.07375662374026551, -0.0021585345506325987, -0.0403554284579445, 0.06341558962963424, 0.056432769337801045, -0.09895140547478126, 0.04807094070696126, 0.019253661569155034]
-----------------------------------------------
[[-0.03855269  0.30518937]
 [ 0.01105241  0.05150579]
 [-0.01578934 -0.07391163]
 [ 0.22270481  0.2642945 ]
 [ 0.12811951 -0.20428945]
 [-0.06263318 -0.12078899]
 [-0.23629606  0.18576646]
 [ 0.15965135  0.24891614]
 [ 0.30316115  0.44259003]
 [ 0.34685516 -0.06640583]
 [ 0.25382316  0.05545457]
 [-0.37124941  0.28968926]
 [ 0.29477887 -0.0285334 ]
 [-0.07467308  0.45928815]
 [-0.25011091  0.37007361]
 [-0.23301786 -0.37452473]]
-----------------------------------------------
[[[[ -1.49800470e-02   1.44003378e-02  -2.16118780e-03  -1.53853281e-02
      1.67120414e-02]
   [  3.34414801e-03  -2.38974025e-02  -2.65447116e-02  -2.16043182e-02
     -2.06437980e-02]
   [  1.71019954e-02  -9.67415448e-04  -2.29876202e-02  -8.14929394e-03
     -1.67333587e-02]
   [  8.00359301e-03   2.06247951e-02  -1.00595103e-03  -1.07928659e-02
     -9.87542922e-03]
   [ -1.58336009e-03   1.23257920e-02   1.55276447e-02   1.93747822e-02
      9.64209332e-03]]

  [[  1.27406657e-02   9.52390937e-03   2.43537800e-02   8.57073710e-03
     -1.85404054e-02]
   [ -2.92766138e-02   2.73326572e-02  -2.05364291e-02   1.48060171e-02
      2.08316390e-02]
   [ -9.19581466e-03  -2.31104618e-02  -6.08032998e-03   1.31117209e-02
      2.10791657e-02]
   [ -8.94725174e-03   2.49965239e-02   1.84151025e-02   1.42806685e-02
      1.19760552e-02]
   [  9.31073293e-04   1.71005616e-02   2.49984447e-02  -2.68114314e-02
      1.43230905e-02]]

  [[ -8.35359971e-03   1.55660981e-03   2.74448687e-02   2.09661596e-02
     -4.47221020e-03]
   [ -2.66889540e-02   1.45234944e-03   8.24369283e-03  -2.61931037e-02
      5.31761361e-03]
   [  1.36296123e-02   1.06362502e-02   2.78127056e-02   2.24288767e-02
      2.67343608e-02]
   [  8.13725772e-03   6.48923393e-03  -2.93081036e-02   2.73964457e-02
      4.62609338e-03]
   [ -1.69563140e-02  -1.48879619e-02  -1.37323530e-02  -3.53889607e-03
      2.67247926e-02]]

  ..., 
  [[  2.13892234e-02   4.61446894e-03  -4.57321304e-03  -2.87122714e-02
     -2.55583109e-02]
   [  1.46831151e-02   2.27966229e-02  -2.13699989e-02   2.80288136e-02
     -9.82919851e-03]
   [  3.27435983e-03   2.37385225e-03   1.70954984e-02   1.38916239e-02
     -1.65334992e-02]
   [  6.55180895e-03  -2.75884682e-02   2.80125878e-02  -2.31897843e-02
      1.22755794e-02]
   [  2.52664088e-02  -3.96361299e-03  -1.43391762e-02  -5.59485833e-03
     -2.24494427e-02]]

  [[ -2.11508931e-02  -2.45632485e-02   2.23612315e-02  -1.54098369e-02
     -6.54995437e-03]
   [ -4.57822902e-04   1.27016755e-02   1.91058839e-02  -2.01315003e-02
      2.30127551e-02]
   [  1.84202055e-02   3.00958573e-03  -2.85724829e-02  -2.89731316e-02
     -1.82180096e-02]
   [ -1.76100462e-03   1.55659476e-02   2.14015269e-04  -1.49899471e-02
     -9.83120675e-03]
   [ -2.37090684e-02   9.49980838e-04   3.23779604e-03   3.48947401e-03
     -2.29521162e-02]]

  [[  1.06519232e-02   6.10438687e-03   2.91349028e-02  -5.78274491e-03
      1.13451768e-02]
   [  2.12648575e-02   8.08601077e-04   2.92056949e-02  -7.30060509e-03
     -6.40899422e-04]
   [ -2.06676018e-02   1.66215006e-02  -8.95261386e-03   1.34833858e-02
     -3.77118848e-03]
   [ -1.08347738e-02  -4.90710797e-03   1.18676443e-02  -7.45683450e-04
     -2.40897849e-02]
   [  2.36303039e-02  -2.07421789e-02   1.83160463e-02  -7.69086499e-03
     -1.79019478e-03]]]


 [[[  1.17077961e-02   2.00168649e-02   1.89227035e-02  -1.72056963e-02
      5.26828872e-03]
   [  2.95786591e-02  -1.59896813e-02  -2.73138887e-02   2.33024790e-02
      2.10300897e-02]
   [ -1.08426907e-02  -6.71860975e-03  -2.06817032e-02   1.34855752e-02
      2.66587964e-02]
   [ -4.75842414e-03   2.89859195e-02  -7.89893897e-03  -1.45200664e-02
     -7.21300368e-03]
   [  2.60535272e-02  -1.64228086e-02  -4.39326311e-04   2.95724991e-02
      1.03056586e-02]]

  [[  2.60757281e-02  -1.51527612e-02   5.45937819e-03   4.54125141e-04
      2.74180250e-02]
   [ -1.87059325e-02  -1.26505608e-02   2.46238913e-02   8.15231193e-03
     -2.06616990e-02]
   [  2.07358104e-02  -1.81560981e-03   2.92820016e-02   4.44293263e-04
      1.27650052e-02]
   [ -2.59369440e-02  -2.22349510e-02   7.17951217e-03   1.38945665e-02
      1.51417842e-02]
   [ -2.02315607e-02   1.25237150e-02  -1.52153145e-02  -9.46774139e-03
      4.39242609e-03]]

  [[ -2.84069928e-02   1.35912174e-02   2.34723165e-02  -6.53838655e-03
     -1.78158682e-02]
   [ -1.54075857e-02  -2.27925446e-02   1.51778591e-02  -2.73405168e-02
     -8.25541051e-03]
   [  1.82017538e-02   1.58958244e-03   5.29844711e-03   2.77956663e-02
      2.30385467e-02]
   [  2.82048670e-02  -2.63540987e-02   1.08221232e-02   2.25587278e-02
     -2.38424822e-02]
   [ -1.97099159e-02  -1.46773617e-02  -1.38848698e-02   2.41018609e-02
     -9.92913329e-03]]

  ..., 
  [[ -9.03271938e-03  -4.01924052e-03  -1.49999081e-02  -1.51669942e-02
     -1.52121308e-02]
   [ -9.47544310e-03  -2.34548207e-02   2.91875083e-02  -2.60671953e-02
      1.44089676e-02]
   [  2.60401393e-02   3.05800468e-03  -1.90705654e-02   2.86785892e-02
     -1.53269119e-02]
   [ -9.30625347e-05  -2.79614026e-02  -1.59541754e-02  -9.17140924e-03
      2.94742094e-02]
   [  1.38373807e-03  -1.41409074e-02  -2.17867357e-02   2.42671817e-03
     -1.55683779e-02]]

  [[ -2.67877776e-03  -3.36858476e-03   2.89341156e-02  -1.36366427e-02
     -2.85009659e-02]
   [ -1.27425419e-03   2.02229389e-02  -1.26528522e-02   1.31328660e-03
      1.42893295e-02]
   [  2.13243159e-02   1.15940549e-02  -1.70577902e-02   1.34141699e-02
     -1.29178272e-02]
   [  2.61697661e-04   2.21978949e-02  -5.37191360e-03   2.55612079e-02
     -3.11176536e-03]
   [  8.07751710e-03   2.77772965e-02   1.58969780e-02  -1.53995107e-02
      1.28017157e-02]]

  [[  5.47449261e-04  -2.57075342e-02  -9.99569601e-03  -1.23572135e-02
      2.31231397e-02]
   [ -2.10699056e-02  -2.05074450e-02  -5.50009590e-03  -1.95067193e-02
      2.41712827e-02]
   [ -7.77881350e-03  -3.29838224e-03  -2.06262780e-02  -1.75728406e-02
      1.09865588e-02]
   [ -2.66886755e-02  -2.62585236e-02   7.18614256e-03   6.32049152e-03
      8.70380932e-03]
   [  4.53491274e-03  -4.41297372e-03   2.49739777e-02   1.78324461e-02
     -5.06407168e-03]]]


 [[[ -2.67713675e-02  -2.27592495e-02   2.28327313e-02  -2.81006032e-02
     -2.59093758e-02]
   [ -8.38589908e-03   1.52905074e-02  -3.50162557e-03   1.12768800e-02
     -1.63813557e-02]
   [  5.85785234e-03  -1.60713542e-02  -1.71826621e-02  -7.79810890e-03
     -5.43781605e-03]
   [ -6.06929839e-04   7.99581852e-03   3.51106205e-03   6.53558621e-03
      2.15697742e-02]
   [  1.41107793e-02   2.10456810e-02   5.70844619e-03  -2.97721219e-04
     -2.60087148e-02]]

  [[ -7.64524000e-03  -2.03424414e-02   4.79308736e-03  -6.28847989e-05
      1.95926647e-02]
   [  4.19476015e-03  -1.61463113e-03  -1.42022427e-02   1.96602074e-02
     -2.86462782e-02]
   [  9.48140155e-04   1.04596022e-02   1.79372984e-02  -1.35351033e-02
     -2.17423404e-02]
   [ -8.06973355e-03   4.40009969e-03   2.20380976e-02  -2.02816698e-02
      2.46231616e-02]
   [  1.01732356e-02   2.77725242e-02  -4.15181867e-03  -2.08717583e-03
      1.43444088e-02]]

  [[ -1.15758123e-02  -1.14070630e-02  -4.33238115e-03   2.05684873e-03
     -1.22066203e-02]
   [ -2.43185586e-02  -2.53944467e-03  -2.49657795e-02  -4.07584012e-03
      2.47253576e-02]
   [ -1.20675196e-02   7.69858958e-03   4.47623898e-03  -9.43474096e-03
      2.12291073e-02]
   [  2.35261838e-02   2.73630776e-02  -1.94721841e-02   5.05110839e-03
     -1.06543015e-02]
   [  2.78015881e-02  -2.51382616e-02  -4.74900410e-03  -1.82778452e-02
      2.75045228e-02]]

  ..., 
  [[ -7.17186865e-04  -7.57846611e-03   2.76949193e-02  -8.65888015e-03
     -1.70086758e-02]
   [  2.50237713e-02  -6.35960001e-03  -2.91296095e-03   4.58016086e-03
     -1.79087548e-02]
   [ -2.38285984e-02  -8.94948144e-04   5.33713650e-03  -1.75981479e-02
     -2.65974001e-02]
   [ -3.28401279e-03  -5.20761725e-03   2.58313424e-02   2.66644236e-02
      1.73445059e-02]
   [  6.28180102e-03  -5.51709512e-03  -3.58789621e-03  -2.89389480e-02
      2.29210483e-02]]

  [[  9.64066326e-03  -9.12928688e-03  -1.40579122e-02   1.70359503e-02
     -2.80244997e-02]
   [  2.11464760e-02   6.68946189e-03   3.37950092e-03  -2.22771516e-02
     -1.99993784e-02]
   [  1.63111238e-02   4.52845605e-03  -1.98173550e-02   1.26008023e-02
      1.40876261e-02]
   [ -2.16110447e-03   1.11939468e-02   8.95336414e-03  -2.11981669e-02
      1.63743817e-02]
   [  1.33349673e-02  -4.24305043e-03   2.31263949e-02   7.23482314e-03
     -2.28764496e-02]]

  [[ -4.75735650e-05  -2.22840351e-02  -2.91768132e-02  -1.14962201e-02
      1.52699095e-02]
   [  3.63101302e-03  -2.41729100e-02   2.37197246e-02   8.26573270e-03
     -9.73558662e-03]
   [ -2.23547062e-02   6.51067162e-03  -2.49257405e-02  -1.98757861e-02
     -1.04428517e-02]
   [ -9.47569602e-03  -2.80594283e-02  -1.28889221e-02   2.89442697e-02
     -4.07399751e-03]
   [  9.74903422e-04  -3.69766577e-03  -1.84064464e-02  -2.81596765e-02
      2.08151098e-02]]]


 ..., 
 [[[ -9.23047937e-03  -1.48260853e-02  -1.73251219e-02   8.35852106e-03
     -1.57973992e-02]
   [ -1.45494045e-02  -2.43794997e-02  -2.34658580e-02  -5.17672431e-03
      3.53189481e-03]
   [ -2.37617561e-02   7.52647384e-03   1.54288275e-03  -1.59741366e-02
     -1.21329493e-02]
   [ -2.50174025e-02   1.82001456e-02  -9.07451266e-03   2.86231542e-02
      4.11023305e-03]
   [  9.76518599e-03   2.88669932e-02  -2.36422595e-02  -1.14844547e-02
      1.94417084e-02]]

  [[  1.93148617e-02   9.54036132e-03   2.62138275e-02   2.36630180e-02
      3.24486800e-03]
   [  4.59646970e-03   2.89276551e-02   1.63045600e-02  -1.88372118e-02
     -9.57134379e-04]
   [  6.56048345e-04  -5.84136990e-03  -2.56183695e-02   2.53056164e-02
     -2.29386990e-02]
   [ -2.84399684e-02  -2.09992960e-02   1.90035883e-02  -2.01752799e-03
      1.74470966e-02]
   [  2.10988606e-03   1.15038666e-02  -1.45887186e-02   2.33303035e-02
      1.49678170e-02]]

  [[ -1.31105266e-02  -2.22314191e-02  -2.54021844e-02  -2.19218992e-02
      1.73603935e-02]
   [ -1.31509543e-02  -2.00875139e-03  -5.37562403e-03   4.71253922e-03
     -1.25177581e-02]
   [  2.93407496e-02   1.87946319e-02  -2.09874621e-02   1.41175495e-02
      3.48587494e-03]
   [ -2.65832111e-02  -1.07864070e-02   2.76575960e-02  -2.88081888e-02
     -1.44501635e-02]
   [ -2.50473279e-02   1.39078504e-03   2.42883962e-02   1.55327832e-02
     -2.89978131e-02]]

  ..., 
  [[  8.84333302e-03  -1.64432399e-02   1.57370895e-02   5.86016710e-03
     -7.17202046e-03]
   [ -9.49239289e-03   1.74487269e-03  -5.02418787e-03   4.55369108e-03
     -2.64944254e-02]
   [  9.11136549e-04  -2.75227841e-02  -1.65211757e-02  -1.18023359e-02
     -1.80325439e-02]
   [ -1.82145975e-02   2.21680499e-02  -2.78320965e-02   1.98657965e-02
     -1.07764408e-02]
   [ -1.30068658e-02  -1.20466296e-02  -2.87026266e-02  -3.44293501e-03
      1.46628910e-02]]

  [[  1.87729291e-02   2.43129325e-03  -2.71844580e-02   1.54300019e-02
      1.68940154e-02]
   [  1.01693111e-02  -8.70159357e-03   2.53097706e-02  -2.79657455e-02
     -1.18493303e-02]
   [ -4.53056450e-05  -2.53639518e-02  -2.91849785e-02  -1.35310827e-02
     -1.61487578e-02]
   [  4.74170555e-03   1.37975726e-02  -1.99002137e-02  -1.19727475e-02
     -1.36522872e-02]
   [ -2.22851220e-02  -2.34918818e-02  -1.34065100e-02  -2.61184375e-02
      1.20452862e-03]]

  [[  1.80078867e-02   2.53995845e-02   6.41705489e-03  -2.70895049e-02
     -1.13359397e-02]
   [  5.78856792e-04   5.91658765e-03   1.38749431e-02   2.79240209e-02
     -2.89875334e-02]
   [  1.22075771e-02   2.71316910e-02   2.08752508e-02   2.67679898e-02
      2.12680247e-03]
   [ -5.63853987e-03  -2.05272012e-02   6.30003631e-03   2.63931601e-03
      7.74629410e-03]
   [  1.90654835e-02   2.90763675e-02   1.43586986e-02  -2.42776997e-02
     -1.77962977e-02]]]


 [[[ -2.31934490e-04   2.05728571e-02   2.05398152e-02   1.24672630e-02
     -9.30067580e-03]
   [ -2.60096884e-02   2.73830046e-02   9.40764005e-03  -8.66574572e-03
      2.37885016e-02]
   [ -2.58067754e-02   2.77277713e-02  -1.33396125e-02   8.60669343e-03
      1.64829976e-02]
   [ -1.46093704e-03  -3.97286876e-03  -2.59387806e-02   1.10596553e-02
      4.46181158e-04]
   [  1.50990967e-02   2.45929207e-02  -1.72802403e-02   6.02178210e-04
      2.27464230e-02]]

  [[ -1.40468272e-02  -1.57323258e-02   9.36717046e-03   1.57867651e-02
     -1.39694821e-02]
   [ -2.42830779e-02   7.87863693e-03   2.12917436e-02  -5.33124882e-03
     -1.00861971e-02]
   [ -2.19129713e-02   9.92571509e-03   2.27575626e-02  -1.96661006e-02
      3.41715930e-03]
   [  5.01687358e-03  -1.07507848e-02   2.79436500e-02  -4.47562321e-03
      7.80908783e-03]
   [  2.20913415e-02  -7.70257665e-03   2.66793635e-02   1.54246401e-02
      8.62707634e-03]]

  [[ -2.87078078e-02   1.74511736e-02   1.12265286e-02   2.59145190e-02
     -2.88266434e-02]
   [ -1.11313892e-02   7.45679909e-03   9.79297782e-03  -1.86519785e-02
     -9.68941543e-03]
   [ -1.99731162e-03  -2.60920659e-03  -1.44443439e-02  -4.11186024e-04
      2.30641311e-02]
   [  2.70709186e-02  -2.92716687e-03   2.23040123e-02  -1.66570281e-04
     -1.02693067e-02]
   [  9.42122161e-04  -2.59964560e-02  -1.61805446e-03   1.99998149e-02
     -1.16270459e-02]]

  ..., 
  [[  7.30374694e-03   6.44439854e-03   1.66410954e-02   1.90491236e-02
     -1.77600522e-03]
   [ -8.26738694e-03  -1.82980807e-03   1.82584667e-02  -2.13023184e-02
     -2.92365553e-02]
   [ -1.79372080e-02  -2.72156888e-02   1.36945769e-03  -8.81870802e-03
     -2.80473381e-02]
   [  1.05337555e-02   1.49681485e-02   5.00100402e-05   1.53080704e-02
     -2.55617761e-02]
   [  2.19739390e-02  -1.64927113e-02  -1.71925261e-02  -2.45840788e-02
      2.32769277e-02]]

  [[ -1.50220131e-03   2.21872026e-03  -2.72984837e-02   2.25453381e-02
     -1.34657280e-02]
   [ -2.89018678e-02  -4.73237597e-03  -1.32372960e-02   1.22051651e-02
     -4.74957829e-03]
   [ -6.23843127e-04   8.60900244e-04   2.06493799e-02   2.12905268e-02
     -2.11533750e-02]
   [ -1.57452007e-02   2.06427371e-02   3.10724829e-03   1.87021381e-02
     -3.12808736e-03]
   [  2.82711205e-02   2.70229055e-02   2.41502388e-02   9.29704366e-03
     -1.15573982e-02]]

  [[ -4.32854425e-03   1.65980193e-02  -2.08914225e-02   4.79649622e-03
     -2.71651975e-02]
   [  1.49652450e-02  -4.85891396e-03  -1.82890860e-02  -3.43722158e-03
     -6.04705126e-03]
   [ -9.71754423e-03  -2.36678928e-02   1.38695896e-03  -4.97839422e-04
      2.93566268e-02]
   [  2.95749599e-02   1.09000286e-02  -8.82210964e-03   2.43855939e-02
     -3.16431098e-03]
   [  1.97092264e-02   1.78960996e-02  -9.58461046e-03  -2.66732784e-02
      1.72345438e-02]]]


 [[[  4.51200175e-03  -1.83226302e-02   2.45209836e-02  -1.97749447e-03
     -1.57783569e-02]
   [  2.56506149e-02   9.99800111e-04  -6.54418262e-03   2.45457028e-02
     -2.54495025e-02]
   [ -1.64257152e-02  -2.29316879e-02  -8.92253762e-03  -5.89343997e-03
     -1.82013684e-03]
   [  2.72069415e-02  -2.67068368e-02  -1.41076124e-03   6.92896001e-03
     -1.79756413e-02]
   [ -2.72227057e-02  -1.79099058e-02  -2.41550926e-03   5.20932356e-03
      9.49690670e-03]]

  [[  1.55870546e-02   1.22340890e-02  -2.41445151e-02  -2.74771988e-02
     -2.76235401e-02]
   [  2.62326909e-02  -2.43920953e-02   1.06326708e-02   1.16922009e-02
     -2.83018608e-03]
   [  2.44762609e-02   1.30884331e-02  -9.23590363e-03  -1.11340350e-02
     -8.77919650e-04]
   [  2.17470080e-02   4.22762798e-03  -2.58350885e-02   6.30141734e-03
     -2.02207924e-02]
   [  2.50708725e-02   9.82750216e-03   1.94262150e-02  -2.13143722e-02
     -8.02574337e-03]]

  [[ -2.62147138e-02  -2.26018221e-02  -2.31922682e-02  -2.87926245e-02
     -6.35335770e-03]
   [  2.54851839e-02  -3.74646880e-03  -9.33499137e-03  -1.32441641e-02
     -1.33282049e-02]
   [  2.08790374e-03   9.65029004e-04   2.69699578e-02  -2.07203028e-02
     -3.36508674e-03]
   [  1.97601044e-02   5.91784135e-03   1.23806664e-02  -7.17866756e-03
     -2.24304563e-02]
   [ -1.39462879e-02   1.71825716e-02  -8.87443776e-03  -8.16616445e-03
     -9.27192781e-03]]

  ..., 
  [[  2.52519325e-02  -1.69292863e-02   1.23599276e-02  -1.26043125e-02
     -1.84100094e-04]
   [ -4.73371201e-04   2.52472172e-02  -1.56709104e-02   2.62725566e-02
     -1.48597536e-02]
   [  1.57650615e-02   4.28369928e-04  -2.12016688e-02  -1.70558301e-02
      2.84167344e-03]
   [ -2.17592450e-02  -6.05511887e-03  -6.45271274e-03  -1.68915433e-02
     -1.87631986e-02]
   [ -6.88581328e-03   2.44289033e-02  -8.70950497e-03   8.73573291e-03
      2.49232095e-02]]

  [[ -2.32535964e-02  -1.02552402e-02   1.91257461e-02   2.64361678e-04
     -2.17014292e-02]
   [ -2.78043750e-02   2.46032129e-02   2.13095508e-02   2.80291954e-02
     -1.99484866e-02]
   [ -1.70314279e-02  -1.85881678e-02  -1.38563595e-02   2.92944555e-02
     -2.52216912e-02]
   [ -2.22837010e-02   2.86950480e-02   3.76584644e-03   2.61362005e-02
      8.65247471e-03]
   [ -1.93826390e-02   6.00036739e-04   1.45785446e-02   2.57292581e-02
     -4.01431317e-03]]

  [[ -1.34015235e-03   1.09985525e-02   5.66183829e-03   2.63438761e-03
     -2.22546682e-02]
   [  8.61847144e-03   1.82106148e-02  -2.68999548e-02   7.96640139e-04
     -1.16992334e-02]
   [  1.35295767e-02  -1.70481939e-02  -1.70937948e-02   1.65238731e-02
      1.87404551e-02]
   [  9.16265811e-03  -6.15587732e-03   1.60270256e-02  -1.62563724e-02
      2.31638892e-02]
   [ -2.91345661e-03   9.66041143e-03  -2.73309966e-03   2.74482366e-02
      8.67013246e-03]]]][0.02141458846971758, -0.008342394339695431, 0.0031473660222962573, 0.014505943506171948, -0.0012733525337382673, -0.006898692456124539, 0.021368591230971973, 0.016641214957476, 0.014756783297739124, -0.025793028321779966, 0.01113631674680653, 0.013309395629819237, -0.013810358396935514, 0.020595214314502255, -0.005341129681596855, -0.0215902641331513, 0.028079520064509058, 0.017607883691180496, -0.02871358011025728, 0.009771850627021784, 0.010620353038953655, 0.016844743558196488, -0.0032653147126208565, 0.021408678296093952, 0.02643703757987546, 0.02579381497007518, 0.028217669627105407, -0.019271399744203038, -0.023827842133123646, 0.005807744229124796, 0.014226794213183746, 0.023930761241431096, 0.011946619599381186, -0.0143800306821671, -0.025508029356811367, 0.020904528232579687, 0.0176609093037489, 0.013577703209745388, -0.004600169590504133, -0.009077782662292852, -0.02632259369027276, 0.004155861459551217, 0.009832623986227588, 0.0028335950533239125, 0.00538038669113217, 0.0036966751164184096, -0.007634147823861733, -0.02824933972249935, 0.006298283602997504, 0.019692818968736116, -0.007676762145218327, -0.01936215348512238, 0.0025261984981371534, -0.015369128797731564, -0.015092608087314953, -0.022370632903352623, 0.018580975734490895, 0.01033380137869663, 0.029032236201191972, 0.012989336842004397, 0.009091455124074378, 0.008309742506513732, -0.007020425289684235, 0.02167689339821822, 0.024879730945436062, 0.028793381373492185, 0.0044030100725812975, -0.01861871264031184, -0.011150434358175542, 0.009102525833601747, -0.02141354607112971, -0.011952683742099787, -0.024710289492520084, -0.027074159151031115, -0.027493827157533988, 0.01861933436798827, 0.012764887664270818, -0.02213453874017985, -0.02207441462417278, -0.008454425870321483, 0.013774504338953875, -0.027723773149734152, -0.014959567010212085, -0.002645664122645313, 0.012765627978114893, -0.011593418056953703, 0.004923391708425148, 0.012110633191509543, -0.005465296909313144, 0.002485356650656658, -0.014603616077659358, 0.029308373501255845, -0.028134118108472782, 0.0218213695741217, 0.023417570525690688, 0.02090583285009347, -0.027545126675283478, 0.003303243386746143, -0.024001867319716427, 0.025899230730793563, 0.025902019450744652, -0.022759325308932883, -0.010805776701504972, 0.021424481567482234, 0.003853284462939078, 0.027853465138664362, -0.005313428359895456, 0.014892626902848042, -0.016294807678042967, -0.002752950426996397, 0.0004333628151986617, -0.0237685935892384, 0.0014302430228616443, 0.02866619837597714, 0.01925822010391379, 0.008619496110137997, 0.004648780378490532, -0.015048672439064352, -0.009391614156765836, 0.018256284308540368]
-----------------------------------------------
[[ 0.00061542 -0.00803456  0.00348199 ...,  0.00922672  0.00569828
  -0.01112076]
 [ 0.0139075  -0.00849771 -0.01088726 ..., -0.01111033  0.00426047
   0.00922638]
 [ 0.01692643  0.0138764   0.01965064 ..., -0.003016    0.00549434
   0.01569203]
 ..., 
 [-0.00621441 -0.01838844 -0.01015901 ...,  0.0122836  -0.0194563
  -0.00350094]
 [ 0.00855981  0.00596184  0.00178191 ...,  0.00851312  0.01677282
   0.01726564]
 [ 0.00209546  0.0183709  -0.0029699  ...,  0.00541657 -0.00964978
   0.0141764 ]][ 0.00283215 -0.0096555  -0.00940369  0.0148133   0.00897422 -0.00324772
  0.0175195   0.00277905  0.01885371  0.01462078  0.01433776  0.01755878
  0.01102117  0.01306081 -0.00766296 -0.00609135 -0.0190226   0.00909503
 -0.01396679 -0.01339454 -0.01273068  0.0173817  -0.00445407  0.00989099
 -0.00866007 -0.01370302 -0.01552143 -0.01201164 -0.00330184 -0.0013806
 -0.01205118  0.00343182 -0.01791585 -0.01651951 -0.008516    0.01730784
  0.01713536  0.01757976  0.01448426 -0.01094176  0.00785555  0.00289626
 -0.00441912  0.00700344 -0.00768333 -0.01509972  0.01525966  0.00744305
 -0.01645285  0.01914945 -0.00116379 -0.00590971 -0.00336456  0.01272562
 -0.01224568 -0.01409802 -0.00568286  0.01210311  0.00021635 -0.01724911
  0.01482942 -0.00256888 -0.01043641  0.0024221  -0.01239692 -0.01234139
 -0.00383903  0.00043801  0.00936428 -0.00551022 -0.01441917 -0.00487018
 -0.01856492 -0.009311   -0.00103388 -0.01793396  0.0029812   0.00711934
  0.00471562 -0.00466617 -0.00853166 -0.00101486 -0.0108508  -0.00160295]
-----------------------------------------------
[[ 1. -1.  1.  1. -1.  1. -1. -1.  1.  1.  1.  1. -1. -1.  1. -1.  1. -1.
   1. -1. -1. -1.  1.  1. -1. -1.  1. -1. -1.  1. -1.  1. -1. -1.  1. -1.
  -1.  1. -1.  1.  1.  1. -1. -1. -1. -1.  1.  1. -1.  1.  1. -1.  1. -1.
  -1. -1.  1.  1. -1. -1. -1.  1. -1.  1.  1. -1.  1.  1.  1. -1.  1. -1.
   1.  1. -1.  1.  1. -1.  1. -1.  1.  1. -1.  1.]
 [-1. -1.  1. -1.  1.  1.  1.  1. -1. -1. -1. -1.  1.  1. -1.  1. -1. -1.
  -1.  1.  1. -1.  1.  1. -1.  1. -1. -1. -1. -1.  1.  1.  1.  1.  1.  1.
   1. -1.  1.  1. -1.  1. -1. -1. -1.  1. -1.  1. -1.  1. -1. -1.  1. -1.
  -1. -1.  1. -1.  1.  1.  1. -1. -1.  1.  1.  1. -1.  1. -1.  1.  1. -1.
   1.  1.  1.  1. -1. -1. -1.  1. -1.  1. -1. -1.]
 [-1. -1.  1.  1. -1. -1. -1. -1.  1.  1.  1. -1.  1. -1.  1. -1. -1.  1.
  -1. -1. -1.  1. -1. -1.  1.  1.  1. -1.  1. -1. -1.  1.  1. -1. -1.  1.
  -1. -1.  1.  1. -1.  1.  1.  1.  1.  1. -1. -1.  1.  1. -1. -1. -1.  1.
   1.  1. -1.  1. -1.  1.  1. -1.  1. -1. -1.  1.  1.  1.  1.  1. -1. -1.
  -1. -1. -1. -1. -1. -1.  1.  1. -1.  1.  1.  1.]
 [ 1. -1.  1.  1. -1. -1. -1. -1.  1.  1. -1. -1. -1. -1.  1.  1. -1.  1.
  -1. -1.  1.  1.  1.  1. -1. -1.  1. -1. -1.  1.  1. -1.  1.  1.  1. -1.
  -1. -1.  1. -1. -1.  1.  1.  1.  1.  1.  1. -1. -1.  1.  1. -1.  1. -1.
  -1.  1. -1.  1.  1.  1. -1.  1.  1.  1.  1. -1. -1.  1. -1.  1.  1.  1.
  -1. -1. -1.  1.  1.  1. -1.  1.  1. -1. -1. -1.]
 [ 1.  1.  1.  1.  1.  1. -1.  1.  1.  1.  1. -1.  1.  1. -1.  1. -1.  1.
  -1.  1. -1. -1. -1.  1.  1. -1. -1.  1.  1. -1. -1. -1.  1. -1.  1.  1.
  -1.  1. -1. -1. -1.  1. -1.  1.  1.  1. -1. -1.  1.  1. -1.  1.  1. -1.
  -1.  1. -1. -1. -1.  1. -1.  1.  1. -1. -1.  1. -1.  1.  1. -1. -1.  1.
   1. -1.  1. -1.  1.  1. -1. -1.  1. -1. -1. -1.]
 [ 1. -1. -1. -1.  1.  1. -1. -1.  1. -1. -1.  1.  1.  1. -1.  1. -1. -1.
   1.  1. -1.  1. -1. -1.  1. -1.  1.  1.  1.  1. -1. -1. -1.  1.  1.  1.
  -1.  1. -1. -1.  1.  1.  1. -1. -1.  1. -1.  1. -1. -1.  1. -1.  1. -1.
  -1.  1. -1.  1. -1. -1.  1. -1.  1.  1.  1.  1.  1.  1.  1. -1.  1. -1.
   1. -1.  1. -1. -1. -1.  1. -1. -1. -1.  1.  1.]
 [ 1.  1.  1. -1.  1.  1.  1. -1. -1. -1. -1. -1. -1.  1.  1.  1. -1. -1.
  -1.  1. -1.  1.  1.  1. -1.  1. -1.  1. -1.  1.  1. -1.  1.  1. -1. -1.
  -1.  1. -1. -1.  1.  1. -1. -1. -1. -1.  1. -1.  1. -1.  1.  1.  1. -1.
   1.  1. -1.  1.  1. -1.  1.  1. -1. -1. -1.  1. -1. -1. -1.  1.  1. -1.
  -1. -1.  1. -1.  1. -1. -1.  1. -1. -1. -1.  1.]
 [-1. -1. -1. -1. -1.  1. -1.  1. -1.  1. -1. -1. -1. -1.  1. -1. -1.  1.
  -1.  1.  1.  1.  1.  1. -1. -1. -1.  1. -1.  1.  1.  1. -1.  1. -1. -1.
   1. -1.  1. -1.  1.  1. -1. -1. -1. -1. -1. -1. -1. -1.  1. -1.  1.  1.
   1.  1.  1. -1. -1. -1. -1.  1.  1. -1.  1. -1.  1.  1.  1.  1.  1. -1.
   1.  1.  1.  1. -1. -1. -1. -1.  1.  1.  1. -1.]
 [ 1. -1.  1.  1.  1. -1. -1.  1.  1.  1.  1.  1.  1.  1. -1.  1.  1. -1.
   1.  1.  1.  1. -1.  1. -1. -1.  1. -1. -1.  1. -1. -1. -1. -1. -1. -1.
   1.  1.  1. -1. -1. -1. -1.  1. -1. -1. -1.  1.  1. -1.  1.  1.  1. -1.
  -1.  1. -1. -1. -1.  1.  1. -1. -1. -1. -1.  1. -1. -1.  1. -1. -1. -1.
   1.  1. -1. -1.  1. -1.  1. -1. -1.  1. -1. -1.]
 [ 1.  1. -1. -1.  1. -1. -1.  1.  1.  1.  1. -1.  1.  1. -1. -1.  1. -1.
   1.  1. -1. -1.  1. -1. -1. -1.  1. -1.  1. -1. -1. -1. -1. -1.  1. -1.
  -1. -1.  1. -1.  1. -1.  1.  1. -1.  1. -1.  1. -1. -1.  1.  1. -1.  1.
  -1.  1.  1.  1.  1. -1. -1.  1.  1.  1.  1. -1. -1.  1. -1.  1.  1. -1.
   1.  1.  1. -1.  1.  1. -1.  1. -1. -1.  1.  1.]]
-----------------------------------------------
