[[[[-0.03054117 -0.31136162  0.07573016  0.06439997  0.2378562 ]
   [ 0.0009263  -0.17819913 -0.06437279  0.24606343  0.31521852]
   [-0.25143156 -0.22940195  0.3242359  -0.22461032 -0.02483541]
   [ 0.26002642 -0.1829852   0.20401467 -0.23985701  0.3491084 ]
   [-0.2770566   0.27281709 -0.14911029 -0.14217988 -0.1743852 ]]]


 [[[ 0.07628234  0.28226607 -0.16851626 -0.27117149  0.10946811]
   [-0.1258546   0.17138262  0.15685016  0.29430837  0.03753934]
   [ 0.04197302 -0.15376991 -0.04472209  0.29370619  0.34709436]
   [-0.10150075  0.2702328   0.33250868 -0.2141068  -0.03440472]
   [ 0.11595164 -0.16207986 -0.3777397   0.01542412 -0.06303776]]]


 [[[ 0.38823238  0.01164612 -0.02725137  0.24121144  0.24921825]
   [-0.16500532 -0.23825018 -0.19048002  0.38076155 -0.15603911]
   [ 0.19475114 -0.03419704 -0.05227899  0.08209783  0.20377307]
   [-0.08706987 -0.08137329 -0.28573765 -0.06040518  0.08572268]
   [-0.29279786 -0.32588344  0.26038688  0.14978126 -0.14710442]]]


 [[[ 0.11347891  0.13061176  0.1663262   0.3035011   0.09331575]
   [-0.06843436 -0.39643377 -0.08441948 -0.31215899 -0.16363595]
   [ 0.03472503 -0.14457441  0.33745092 -0.38159752  0.02178313]
   [ 0.04531129 -0.36332579 -0.18687444  0.10960862 -0.2398801 ]
   [-0.21076255  0.2807907  -0.32786653 -0.10165136  0.33589787]]]


 [[[ 0.32007474 -0.16533179  0.04627666  0.33971394 -0.16805743]
   [-0.1251114   0.02306253  0.30079101 -0.20795008 -0.00327877]
   [ 0.38213891 -0.30437932  0.01768115  0.33086128  0.04284657]
   [ 0.26304385 -0.08675112 -0.18813823  0.17509676  0.34034967]
   [-0.22796722  0.01338629 -0.13585642  0.38198102  0.39149265]]]


 [[[-0.23664567 -0.11602402  0.08517275 -0.13603792 -0.27390443]
   [ 0.03996549  0.28024836  0.24490311  0.18719043  0.13490161]
   [ 0.21086595  0.21726626 -0.3372476  -0.36308246 -0.1961918 ]
   [ 0.02931722  0.37350492 -0.23572586 -0.38253005  0.16120998]
   [ 0.37377595  0.08410397 -0.05913863 -0.06259592 -0.2659244 ]]]][0.1011202834450507, 0.09613776429834836, -0.26764106059392156, -0.15075543832704827, -0.21491183414685355, -0.04382654569685662]
-----------------------------------------------
[[-0.34025126 -0.07409939]
 [ 0.3910107   0.22294223]
 [-0.4689486   0.23096331]
 [ 0.29258258 -0.1498891 ]
 [-0.34008012 -0.36044404]
 [-0.231797   -0.19742349]]
-----------------------------------------------
[array([[[-0.14314278, -0.07222342, -0.14745696,  0.06443224,
         -0.05981569],
        [ 0.14119981,  0.03802594, -0.11219316,  0.12688466,
          0.01792439],
        [-0.12745353,  0.04698469, -0.0550719 ,  0.08418611,
         -0.07585206],
        [-0.01836381,  0.03835708, -0.045305  , -0.12018608,
         -0.12002743],
        [ 0.11398346, -0.05056545, -0.11826744,  0.11171845,
         -0.14882968]],

       [[ 0.02433507,  0.06020918, -0.04752091,  0.02377674,
          0.04639309],
        [-0.09990733,  0.05554275,  0.08363723, -0.10065137,
         -0.00782597],
        [ 0.02196536,  0.05296153,  0.10914641,  0.04054133,
         -0.0064605 ],
        [ 0.00444026, -0.12322313, -0.07672044,  0.14119562,
          0.02570888],
        [-0.14404253,  0.00837319,  0.01961832, -0.01565158,
          0.00986181]],

       [[ 0.14765508,  0.0422019 , -0.07017355,  0.0283377 ,
         -0.05535908],
        [ 0.14895832, -0.00087819,  0.0638761 ,  0.01305992,
         -0.0162164 ],
        [-0.03565761,  0.04813374, -0.14305172, -0.00725735,
          0.06664349],
        [ 0.00726854, -0.13903443, -0.00271981,  0.09310072,
         -0.05467307],
        [-0.10142603, -0.08169403, -0.06464413, -0.12667466,
          0.1334951 ]]])
 array([[[ 0.02118026, -0.12126207, -0.06796043,  0.0539289 ,
          0.07087405],
        [-0.11928488,  0.10305998, -0.02223882,  0.01233257,
          0.0979797 ],
        [-0.0276598 , -0.01948851,  0.149988  ,  0.02886119,
         -0.04179639],
        [ 0.01177842, -0.10664566, -0.04417233,  0.0799708 ,
          0.1215714 ],
        [-0.12082939, -0.03619588, -0.06134638, -0.03920016,
         -0.11891168]],

       [[ 0.00618405, -0.11817298, -0.09678451,  0.00794842,
          0.0947511 ],
        [-0.03359154,  0.1419491 ,  0.03669617, -0.07156271,
         -0.020279  ],
        [-0.02830277,  0.08993965, -0.10186129,  0.0260905 ,
          0.09929158],
        [-0.01104513,  0.14235412,  0.09327531,  0.00560937,
         -0.13652873],
        [-0.0461917 , -0.09097039,  0.12000087,  0.03020898,
         -0.00698318]],

       [[-0.14403856,  0.04989946,  0.11820977, -0.04130079,
         -0.12028366],
        [-0.06005188,  0.06016558, -0.0619384 ,  0.03987173,
         -0.11483565],
        [-0.07198471,  0.05418619, -0.0370543 ,  0.0954575 ,
          0.05424091],
        [-0.00095494, -0.05776347, -0.09841048,  0.12094409,
          0.04295658],
        [-0.0007082 ,  0.01692003, -0.02243164,  0.01518659,
          0.0608295 ]]])
 array([[[-0.07821936, -0.07050807,  0.08846098, -0.05329805,
          0.01853398],
        [ 0.10471279,  0.09259097,  0.01191816, -0.05278853,
         -0.00743605],
        [ 0.107466  ,  0.10340682, -0.0563277 ,  0.01485967,
         -0.08382979],
        [ 0.01208391,  0.07487418,  0.13274691,  0.13493644,
          0.03612783],
        [ 0.00734719,  0.01534956,  0.12700953, -0.00759988,
          0.11734082]],

       [[ 0.12351881, -0.11182127,  0.08652131, -0.05624833,
         -0.10502242],
        [ 0.07421962,  0.10046834, -0.07081445,  0.13094409,
          0.11502717],
        [-0.02866367,  0.06843828, -0.1317467 ,  0.00086757,
          0.11228838],
        [ 0.07677844, -0.08465009,  0.08202831, -0.03057908,
          0.08020509],
        [ 0.12070184, -0.11264061,  0.00470321,  0.05537904,
         -0.14338989]],

       [[ 0.05615213, -0.07931966,  0.05225501,  0.13698439,
         -0.00542936],
        [-0.02112894,  0.05835415,  0.04227802,  0.04943411,
         -0.12758259],
        [-0.07005304,  0.05975635, -0.12687229,  0.09430341,
         -0.07988945],
        [-0.14938507,  0.13391409, -0.08178104, -0.09762618,
         -0.04527882],
        [-0.10677344,  0.12004471,  0.02007019, -0.05748828,
          0.02593288]]])
 array([[[ 0.07638389,  0.03387807,  0.00618274, -0.14239761,
         -0.04097171],
        [ 0.05394817, -0.11291456, -0.12945742, -0.03493069,
         -0.02613375],
        [ 0.08773198, -0.04555461,  0.04260176,  0.0429976 ,
         -0.06990319],
        [-0.05480233,  0.14966207,  0.12105575,  0.02562458,
          0.02671496],
        [-0.13798751,  0.11980985,  0.13675356,  0.07925404,
          0.07817783]],

       [[ 0.02381636,  0.07996349,  0.03897675, -0.11632931,
          0.11151139],
        [-0.10589039, -0.08061769, -0.02393611,  0.13535125,
         -0.04928212],
        [ 0.03957353,  0.02329682, -0.00850964, -0.09164599,
          0.05101313],
        [ 0.03971692, -0.04041377,  0.05528424,  0.14869036,
         -0.11351686],
        [-0.08955723,  0.12105686, -0.11013543,  0.11388762,
          0.05582631]],

       [[ 0.03528986, -0.00698953,  0.12830975, -0.02264173,
         -0.00554478],
        [ 0.12690198, -0.12107   , -0.13077117, -0.07915166,
         -0.11290659],
        [ 0.00528141, -0.01173709,  0.03169697, -0.12859951,
          0.03674164],
        [ 0.12733226, -0.02969682,  0.06282448,  0.07977289,
         -0.04637949],
        [-0.13040723, -0.00115251, -0.0917258 , -0.09084451,
          0.03014821]]])
 array([[[ 0.03183264, -0.09966733, -0.04791433, -0.13154677,
          0.00449782],
        [-0.00102457,  0.01264459,  0.11987869, -0.11632562,
          0.03884093],
        [-0.14850725, -0.08282219,  0.10068654, -0.09037432,
          0.04691465],
        [ 0.06894742,  0.04560886, -0.01120538, -0.05047274,
         -0.02335513],
        [ 0.05331262,  0.04557507,  0.08450277, -0.12630082,
          0.07709879]],

       [[-0.07685525,  0.07652408,  0.05720033, -0.05692782,
          0.08658297],
        [ 0.08501274, -0.09421233, -0.06427779, -0.03316583,
          0.00171489],
        [-0.10313993, -0.05854038,  0.1406791 ,  0.11145666,
         -0.07316747],
        [-0.0397995 , -0.12430297,  0.04296069, -0.10035103,
         -0.10959616],
        [-0.13398508, -0.12142148,  0.05730181,  0.11813122,
         -0.01134629]],

       [[ 0.07568814, -0.03709816, -0.08819774, -0.10782631,
          0.14342379],
        [ 0.09292699,  0.08398808,  0.13983782,  0.14729896,
          0.13242741],
        [ 0.00220434,  0.01080613,  0.06864718, -0.01183532,
         -0.14657185],
        [ 0.10673555, -0.00820835, -0.10158708, -0.10117349,
          0.14965412],
        [-0.03858685,  0.06359765, -0.04796214, -0.12933982,
          0.08514037]]])
 array([[[-0.09024892, -0.09973156,  0.10631805,  0.06206286,
         -0.10073743],
        [ 0.00536979, -0.12984   , -0.11106631, -0.03064004,
         -0.03594969],
        [-0.09835714,  0.13272333, -0.0686536 , -0.11851767,
         -0.06412377],
        [ 0.00742119, -0.0505795 ,  0.03914394,  0.14284962,
         -0.04931216],
        [ 0.03274212, -0.09593803,  0.10223307, -0.08121145,
          0.03216219]],

       [[-0.04223373,  0.14525234,  0.13440653,  0.05711838,
         -0.08211364],
        [ 0.08991863,  0.11836743,  0.13053919, -0.002481  ,
         -0.14616354],
        [ 0.03624415, -0.08049584,  0.06555545, -0.1307759 ,
         -0.12452448],
        [-0.14277912,  0.10572334, -0.10564529,  0.02575539,
         -0.14974666],
        [ 0.10839592, -0.00527953, -0.01341791,  0.0992533 ,
          0.14557023]],

       [[ 0.1181031 , -0.10258583, -0.12323314,  0.07325748,
          0.02474002],
        [-0.11359285, -0.12063477, -0.10924663, -0.10282172,
          0.00414947],
        [-0.07642759, -0.00684356,  0.0988923 , -0.06591735,
          0.03402541],
        [-0.05940902, -0.09698011, -0.10583239, -0.03542117,
         -0.09472281],
        [ 0.12870364, -0.10338003, -0.0773084 ,  0.10166564,
         -0.05719503]]])
 array([[[ 0.08249376, -0.0627678 ,  0.08563417,  0.08611711,
          0.09949629],
        [ 0.01703627, -0.10307383, -0.07149525,  0.10667334,
          0.08116772],
        [ 0.112925  , -0.0850253 , -0.07941383, -0.08234109,
          0.05706044],
        [-0.08688197,  0.00780881,  0.06152949, -0.04146044,
          0.08357419],
        [-0.03608237, -0.07131934,  0.06307612,  0.00299579,
         -0.09154121]],

       [[-0.08769398,  0.07258867, -0.02511079,  0.00481264,
         -0.00552869],
        [ 0.04960193,  0.02141205, -0.01036349,  0.04101468,
          0.02452189],
        [-0.0681791 , -0.08573569, -0.02579295,  0.08261014,
          0.06779249],
        [-0.07633676, -0.05585353,  0.05331314, -0.05752529,
          0.09230845],
        [ 0.06954418, -0.10639558,  0.0091304 , -0.00545055,
         -0.08834705]],

       [[-0.03477527,  0.0578702 , -0.09095947,  0.04015322,
         -0.02335167],
        [-0.06831592,  0.03252427,  0.04995503, -0.06453504,
         -0.03841857],
        [-0.04189723,  0.03634738, -0.03841936, -0.00894381,
          0.10490882],
        [ 0.11170585,  0.00615408,  0.03084231, -0.08298441,
         -0.01025851],
        [ 0.09487513,  0.09984119, -0.11410858,  0.04014484,
         -0.03048502]],

       [[-0.02932288,  0.02074344, -0.0729284 ,  0.03423529,
          0.03644437],
        [-0.0857081 , -0.09320443, -0.04984325,  0.1055965 ,
          0.03136069],
        [ 0.00669749, -0.09796744, -0.08143645, -0.09174318,
          0.03393402],
        [ 0.05565851, -0.06616556, -0.02909416,  0.01293416,
          0.09045358],
        [ 0.08553149, -0.11153431,  0.10341941,  0.0246975 ,
         -0.05242743]]])
 array([[[-0.08184481,  0.04944318, -0.01789276, -0.08615391,
         -0.08225962],
        [ 0.06719409,  0.06138054, -0.02624174, -0.07067718,
          0.06706592],
        [-0.03429199, -0.09830349, -0.0738393 ,  0.11142212,
          0.03727796],
        [ 0.04152102,  0.03724914, -0.03815877,  0.0068235 ,
          0.07843554],
        [-0.07715148,  0.0614895 ,  0.0489547 , -0.01783455,
         -0.09024388]],

       [[ 0.07845988, -0.10517068, -0.05953312,  0.03957348,
         -0.10195796],
        [ 0.09220455,  0.04516069, -0.09881335, -0.06176081,
         -0.06896518],
        [-0.03746488,  0.00850863,  0.04384491, -0.05807186,
         -0.09436462],
        [-0.04456124,  0.0204123 ,  0.10300042,  0.06817841,
         -0.11085063],
        [-0.08913617,  0.11386358,  0.07871501,  0.03734839,
         -0.08950391]],

       [[ 0.10157176,  0.10814345, -0.10108135, -0.03859674,
         -0.06155037],
        [-0.09219991, -0.02509526, -0.08491089,  0.09128925,
         -0.02079766],
        [-0.05917192,  0.04636549,  0.09535588,  0.03894381,
         -0.07984875],
        [ 0.03410678,  0.10905046, -0.1140188 ,  0.06676671,
          0.03300498],
        [ 0.10902415, -0.0461409 ,  0.11315408,  0.09171451,
          0.02559466]],

       [[-0.0597176 ,  0.06981133,  0.01799028,  0.11395347,
         -0.04830703],
        [-0.07755903,  0.03919155,  0.00168718,  0.00274676,
         -0.04733545],
        [ 0.07508816,  0.08996965, -0.10678418, -0.02043183,
         -0.06044757],
        [ 0.00271238,  0.04825899,  0.03385094, -0.02840123,
          0.07499817],
        [ 0.00862361, -0.07651763,  0.0088394 ,  0.01748318,
          0.07730722]]])
 array([[[-0.04547787, -0.0391361 , -0.06214788,  0.09394634,
         -0.11018852],
        [-0.10220765, -0.04609403,  0.01719272, -0.05891761,
          0.10793299],
        [-0.06686128,  0.06796536,  0.08596689, -0.02056632,
         -0.04360916],
        [-0.03953618,  0.00834401, -0.01347348, -0.05446606,
         -0.0434415 ],
        [ 0.07010837,  0.07257459,  0.11083322,  0.0118097 ,
         -0.06829598]],

       [[-0.01902236, -0.08030107, -0.05396083, -0.10104025,
         -0.02349448],
        [ 0.02266767, -0.01919388,  0.00947773, -0.04166084,
          0.08181376],
        [ 0.10532756,  0.01216821, -0.01520316, -0.07877046,
         -0.07278646],
        [-0.04059106,  0.0176596 ,  0.08557652,  0.02638615,
          0.0448322 ],
        [-0.00824226,  0.02063865, -0.02384043, -0.02110368,
          0.09649641]],

       [[ 0.00063002, -0.04664185, -0.02214242, -0.04961628,
          0.0109632 ],
        [-0.02474925, -0.04894063,  0.05382977, -0.0243844 ,
         -0.08864954],
        [-0.01761089,  0.01619233,  0.06617167,  0.11063938,
         -0.0917258 ],
        [-0.08870768,  0.03400326,  0.08299603,  0.09501863,
          0.08354475],
        [ 0.0468196 , -0.04506151, -0.09069408, -0.06146862,
         -0.00499071]],

       [[-0.08754947,  0.02377161,  0.03198161, -0.08836292,
         -0.08604683],
        [-0.07483692, -0.0829671 , -0.05087152,  0.0359486 ,
         -0.0438399 ],
        [-0.08711436,  0.05818755, -0.01485599, -0.08557818,
          0.02147293],
        [-0.11298096,  0.09717817,  0.11351648,  0.09104708,
          0.01755977],
        [-0.03585023,  0.11358606,  0.11292087, -0.09540058,
         -0.0465347 ]]])
 array([[[-0.08329603,  0.02623557, -0.01013936, -0.10269813,
         -0.10133282],
        [-0.10058286,  0.05104819, -0.09712275,  0.09731992,
         -0.01925696],
        [ 0.04324822, -0.1077592 , -0.11072033,  0.11092875,
         -0.03415157],
        [-0.04460689, -0.10722947, -0.08153855, -0.07683418,
          0.04338359],
        [ 0.02525267,  0.03075046,  0.10632747,  0.02575263,
         -0.08914008]],

       [[ 0.08456401, -0.08168002,  0.06009973, -0.08420331,
         -0.04280133],
        [ 0.01348504,  0.0928073 , -0.05353896, -0.09986682,
          0.01184046],
        [-0.06749692,  0.01189785,  0.09015844,  0.00035702,
          0.09809623],
        [-0.02531887,  0.02426343,  0.11373986,  0.08632118,
          0.00860106],
        [ 0.05224505, -0.04357352,  0.08923143,  0.04595519,
         -0.07627895]],

       [[-0.08127534,  0.10521262, -0.03501661,  0.0579495 ,
         -0.03627676],
        [ 0.07812785, -0.05246181,  0.07505044, -0.03891543,
         -0.09546707],
        [-0.05741634,  0.11313039,  0.05692833,  0.04181975,
          0.00632698],
        [-0.0132389 , -0.06151625,  0.06870752,  0.00064378,
         -0.01510419],
        [-0.06715674, -0.04050629,  0.01356387, -0.00633625,
          0.08445651]],

       [[-0.10158683, -0.03835393, -0.07214487, -0.04003725,
         -0.02539867],
        [-0.0996754 ,  0.02662996,  0.10962104,  0.08068779,
          0.08073222],
        [-0.00337436,  0.09957139, -0.01077761, -0.06277289,
          0.06553673],
        [ 0.08889519, -0.0854568 ,  0.08841097, -0.10897279,
          0.01781553],
        [ 0.11237029,  0.0833163 , -0.01973902, -0.09779645,
         -0.05057939]]])
 array([[[-5.59474040e-02, -6.48295400e-02,  4.78523038e-02,
         -4.24850613e-02,  9.66398959e-02],
        [-8.46191435e-02,  4.29913027e-02, -7.87423990e-02,
         -6.31390732e-03, -1.44774055e-02],
        [ 6.49320467e-03, -2.47958159e-02,  4.56459853e-02,
         -2.98317362e-02, -8.56941199e-02],
        [ 4.35792135e-02, -8.08926803e-02, -1.11549446e-01,
         -5.80506808e-02,  6.31176474e-02],
        [-9.89230976e-02, -9.88605862e-02, -5.06559339e-03,
         -7.01924528e-02,  5.83109286e-02]],

       [[-4.56819861e-02,  1.03892216e-01,  1.88984262e-03,
         -8.08384882e-02,  6.79352850e-02],
        [-1.09449458e-01, -7.75436658e-03,  7.75784190e-06,
          5.72990785e-02, -4.71292949e-02],
        [ 1.21682243e-02,  6.03445697e-02, -6.43413684e-02,
          5.04523701e-02,  6.62894699e-02],
        [-3.58314056e-03, -1.01923967e-01,  3.98707917e-02,
          8.01198158e-02, -1.06433780e-01],
        [ 6.28592161e-03,  8.94829331e-02,  6.95703487e-02,
          1.05051685e-01,  5.44872885e-02]],

       [[ 3.04810453e-02,  6.98924063e-02,  5.70053415e-02,
         -1.29084666e-02,  5.30956022e-02],
        [ 5.05766024e-02, -1.29081579e-02,  3.32328489e-02,
         -7.14752921e-02, -7.65313147e-02],
        [-6.06003394e-02,  6.64351818e-02, -6.34682932e-03,
          7.50874235e-04,  6.06773569e-02],
        [-2.00305735e-02,  3.00970533e-02, -8.98558253e-02,
          6.96147982e-02,  6.56378530e-02],
        [-9.87892753e-03, -1.57945986e-02, -5.35967299e-02,
         -4.00497139e-02, -1.01417940e-01]],

       [[ 3.50035387e-02, -7.47828932e-02, -1.96490733e-03,
          6.33099734e-02,  6.95854287e-02],
        [-4.41910540e-03,  9.23180302e-02,  8.21346321e-02,
         -4.53168160e-02, -4.42531096e-02],
        [-1.16444555e-02,  1.00167813e-01,  8.25061601e-02,
         -6.12770334e-02, -9.32338045e-02],
        [-7.00903988e-02, -8.28374294e-02,  8.17110398e-02,
         -1.00778759e-01, -1.05234562e-01],
        [ 2.86435906e-02,  9.96835963e-02,  4.86216943e-02,
         -5.18819877e-02, -7.26331692e-02]]])
 array([[[-0.07919827, -0.07739845, -0.0432829 , -0.00855604,
         -0.05259375],
        [-0.06887394, -0.04159831, -0.03841742, -0.07254539,
         -0.05840716],
        [ 0.00208596,  0.04553797,  0.00630287, -0.06813878,
          0.0830302 ],
        [-0.01784729,  0.08579174,  0.07157314, -0.11320929,
         -0.06792977],
        [ 0.03155399, -0.06027482,  0.07165448, -0.05442218,
          0.03148067]],

       [[-0.00348329,  0.05562034,  0.10992461,  0.1002041 ,
         -0.00281647],
        [-0.03805072,  0.11086505, -0.05841642,  0.10700132,
         -0.01433806],
        [ 0.09731674,  0.0475728 ,  0.05688003, -0.09853801,
         -0.00364432],
        [-0.02347935, -0.06150726,  0.06968833, -0.00021616,
          0.09689168],
        [-0.05075779, -0.08220198,  0.1000633 , -0.0145614 ,
          0.09998496]],

       [[ 0.04452101, -0.05705287,  0.09501247, -0.00858469,
          0.06380676],
        [ 0.06746823,  0.06202955, -0.03106648, -0.04782093,
          0.04756347],
        [ 0.06127081, -0.00637287,  0.08473459,  0.03650202,
         -0.08730078],
        [-0.03224626,  0.07183105, -0.05022959,  0.04860745,
          0.08124961],
        [ 0.05599629, -0.0034387 ,  0.01206206, -0.07028084,
          0.00590571]],

       [[ 0.07694099, -0.08761105,  0.07475177, -0.1002957 ,
         -0.08145885],
        [-0.00391367,  0.00543336, -0.03283165,  0.06095577,
          0.0017169 ],
        [ 0.06885188, -0.03215043,  0.05124417,  0.09345756,
         -0.07189395],
        [-0.10236406, -0.05991519, -0.03446575,  0.02240034,
          0.00536736],
        [-0.09135557, -0.06625809,  0.05983027,  0.07950823,
          0.07286166]]])
 array([[[-7.89012900e-02, -3.84449064e-02, -5.12477855e-03,
          1.84373327e-02,  7.80835891e-02],
        [ 7.48044052e-02, -7.34339615e-02,  4.25520288e-02,
          2.49342538e-03, -1.59161181e-02],
        [-7.96434472e-02,  2.63708596e-02,  7.38696547e-03,
         -2.21672346e-02, -5.81335809e-02],
        [ 5.82844877e-02,  4.62613794e-02,  8.38779114e-05,
          3.57797703e-02,  3.25155153e-02],
        [-4.01161118e-03,  7.30381361e-02, -6.68887806e-02,
         -7.71901270e-02,  8.72036201e-02]],

       [[ 1.09208076e-01, -1.29130063e-02,  3.27046471e-02,
         -4.84076993e-02,  2.00727347e-02],
        [ 8.69546002e-02, -2.96733937e-02, -9.44170834e-02,
          1.48032546e-02, -2.66952355e-02],
        [-8.15611675e-02,  9.49253449e-03,  2.97834490e-02,
          1.12113806e-02, -5.86116339e-02],
        [-2.26351015e-02, -7.66053855e-02,  1.59098654e-02,
         -1.03728145e-01, -1.84388317e-02],
        [-1.14305253e-02, -6.30489265e-02,  2.40174447e-02,
         -9.14595549e-02,  8.32749270e-02]],

       [[ 8.48575019e-02, -1.70368054e-02,  1.12023563e-01,
          1.07855179e-01,  1.43721746e-03],
        [-7.22652272e-02,  9.63712490e-02, -8.08822277e-03,
         -2.87149594e-02, -6.45171067e-02],
        [-2.15279981e-02,  5.10874434e-02,  6.94573270e-02,
         -9.04642257e-02, -6.95913521e-02],
        [-7.97313563e-02,  9.09855567e-02,  9.12470140e-02,
          2.00310056e-02, -8.72546889e-02],
        [ 5.53993265e-03, -5.93128682e-02, -2.93838611e-02,
         -1.11631452e-01, -2.60920629e-02]],

       [[ 8.06193297e-02,  1.02325356e-01, -6.64629851e-02,
         -6.82396410e-02,  9.72895238e-02],
        [ 4.65869584e-02, -8.92308251e-02,  8.01918687e-02,
          2.37413871e-02,  7.16903663e-02],
        [-9.62844017e-02,  8.12481660e-02, -3.14384228e-03,
         -1.02235711e-01,  1.61380241e-02],
        [ 9.74877666e-02, -8.77116580e-02,  6.74710533e-02,
          9.70462543e-02,  2.38422361e-02],
        [ 9.46544129e-02, -5.34318107e-02,  2.70742299e-02,
         -1.04367708e-01, -5.09361696e-02]]])
 array([[[-0.06204705,  0.10185256, -0.09385384, -0.04227362,
         -0.04403519],
        [-0.11041901, -0.0958015 ,  0.02037227, -0.07023061,
          0.05877156],
        [-0.08976852,  0.11265107, -0.08211198, -0.02844037,
          0.02246194],
        [-0.07834711,  0.08645546, -0.09278492,  0.11414279,
         -0.08123518],
        [-0.04995277,  0.07457529, -0.09052259, -0.10289741,
         -0.09001099]],

       [[-0.04373489,  0.02042919,  0.07349591, -0.06995297,
         -0.08932696],
        [ 0.06007576, -0.07859076, -0.05095035,  0.05402721,
          0.00800998],
        [-0.05303787, -0.01001027, -0.07407449,  0.05173988,
          0.02445291],
        [ 0.03912575, -0.0850661 , -0.03028016, -0.03013045,
          0.01031473],
        [ 0.00090721, -0.09751696,  0.09469662, -0.03232043,
          0.0110313 ]],

       [[-0.08767133,  0.02010297,  0.00956881,  0.03975201,
         -0.09311115],
        [ 0.02592723, -0.09580622, -0.08134588, -0.11132126,
         -0.04974746],
        [-0.01025977, -0.07411029,  0.03540066,  0.02232634,
         -0.08439919],
        [-0.03924476,  0.09040714,  0.07104465, -0.07222642,
         -0.03999423],
        [-0.1087792 ,  0.09510834,  0.01838161,  0.01671835,
          0.04370866]],

       [[ 0.04402145,  0.07737203, -0.02621169, -0.06211467,
         -0.038153  ],
        [-0.09989742,  0.03648378,  0.03534796, -0.000205  ,
         -0.10384613],
        [-0.00065047,  0.08104314, -0.10692599, -0.01209813,
          0.02516224],
        [-0.06524567, -0.09968319,  0.05231892,  0.0234887 ,
         -0.1011612 ],
        [-0.03618308,  0.04996908, -0.03207965, -0.05138602,
         -0.000318  ]]])
 array([[[ 0.00164769,  0.08670394,  0.03772079, -0.01678217,
          0.08163979],
        [-0.05288974,  0.1102672 ,  0.0446194 , -0.03941003,
         -0.03918823],
        [ 0.02799904,  0.11150457, -0.00706042,  0.0817782 ,
          0.0657146 ],
        [ 0.05744579,  0.00666646,  0.09563614,  0.0140478 ,
          0.08697168],
        [-0.06001327, -0.04823773, -0.06609784,  0.06345324,
          0.00961801]],

       [[-0.03044091, -0.03506053,  0.05386109, -0.08571263,
          0.03702097],
        [ 0.06742549, -0.04075229, -0.02503427, -0.03441767,
          0.02796116],
        [-0.0225197 , -0.10794769, -0.05705714,  0.10391562,
          0.09798777],
        [ 0.01712302, -0.04321551,  0.10825005,  0.05049289,
          0.01933256],
        [ 0.00444541, -0.0855008 ,  0.08659445, -0.0422583 ,
         -0.10876465]],

       [[ 0.03635672, -0.04755808, -0.09900243, -0.01217744,
          0.01315186],
        [-0.04652412, -0.06228823,  0.08776742, -0.08602446,
          0.02625623],
        [ 0.00069837,  0.10071572,  0.0413591 , -0.10940517,
          0.04764211],
        [ 0.06414943,  0.068322  , -0.00951056,  0.01611614,
          0.03201764],
        [-0.06137006,  0.0696434 ,  0.08931884, -0.11048729,
         -0.10881282]],

       [[-0.03061507,  0.05910656,  0.08417386,  0.11288914,
          0.10207255],
        [ 0.01861406, -0.04994514,  0.06380931,  0.01647414,
         -0.09643109],
        [ 0.04798729, -0.05675389, -0.04139695, -0.00307625,
          0.0456909 ],
        [-0.05263757, -0.02683521,  0.10174993,  0.00268107,
          0.05017569],
        [-0.04394639, -0.07094402,  0.07182484, -0.10071975,
          0.05949286]]])
 array([[[ 0.04811112, -0.01173939, -0.06101147, -0.0063664 ,
         -0.00226379],
        [ 0.03264416, -0.02094794, -0.06909775,  0.01070422,
         -0.02916207],
        [ 0.0418345 ,  0.06356349, -0.05451998,  0.04361215,
          0.06158633],
        [ 0.00680877, -0.04747483, -0.06648462,  0.04617392,
         -0.00237075],
        [-0.03927541,  0.0576033 , -0.06703645,  0.00837336,
         -0.00069095]],

       [[ 0.06986801, -0.05134302, -0.01582706, -0.05485343,
          0.02815873],
        [-0.02645232,  0.01476475,  0.06175823,  0.04322259,
          0.01866541],
        [-0.04795633, -0.06119663,  0.06119779,  0.05946625,
          0.00835574],
        [-0.05371135,  0.05851495,  0.02855571,  0.02326832,
         -0.06750782],
        [-0.04661334,  0.05264913,  0.01760267, -0.04411973,
         -0.0718251 ]],

       [[ 0.01420581, -0.02233892,  0.05398157,  0.04761268,
         -0.01449331],
        [-0.004981  ,  0.03816464,  0.01459412, -0.05446054,
          0.02085815],
        [ 0.06295881,  0.03146912,  0.0360494 , -0.01220897,
         -0.02674749],
        [ 0.05633304,  0.06792006,  0.04703059,  0.04121874,
         -0.01553418],
        [ 0.0104426 ,  0.05562836,  0.02709914,  0.00452972,
         -0.04206215]],

       [[ 0.06060741, -0.05593637,  0.07181857,  0.0034952 ,
          0.0574278 ],
        [ 0.02612953,  0.03248196, -0.05175245,  0.01624805,
         -0.07571391],
        [ 0.0291961 ,  0.03022057,  0.02971021,  0.01883892,
         -0.03736806],
        [ 0.0752406 , -0.068588  , -0.01020755,  0.01496817,
          0.00999581],
        [-0.01676717, -0.07370077,  0.02061688, -0.04920093,
          0.01690301]],

       [[ 0.03137895, -0.06245816, -0.02754286,  0.00627123,
          0.04971516],
        [-0.02041717,  0.06462163, -0.00958507,  0.00046993,
          0.0262475 ],
        [-0.07096721, -0.01542369,  0.07699616, -0.04765958,
          0.06278182],
        [ 0.04838784,  0.03211159,  0.04596993,  0.01545317,
         -0.00126046],
        [ 0.01480943, -0.01343235,  0.06677878, -0.01932896,
         -0.07594681]],

       [[ 0.04919117, -0.07277526,  0.06036049,  0.02180369,
         -0.06218771],
        [-0.06819779, -0.05608745, -0.03996894,  0.03787334,
         -0.03328962],
        [ 0.05611393, -0.05033285,  0.01643526,  0.02163161,
          0.01385944],
        [ 0.04298671, -0.06695179,  0.00233082,  0.04907777,
         -0.03943322],
        [ 0.05164611, -0.02885545, -0.01279945,  0.07031055,
         -0.00519164]]])][-0.07416545394794975, 0.057858856068371295, -0.08257909966426073, 0.044049177699053865, 0.030237213809539726, -0.015234390388969954, 0.015149704163087016, -0.10396217533564805, 0.0629378287504322, -0.07653004881922318, 0.07000574742214084, -0.0845335903823799, 0.0664892421059566, -0.08190367739491258, 0.016075512281663082, -0.07712848490292046]
-----------------------------------------------
[[ 0.07993556  0.07372633]
 [-0.15697203 -0.43425218]
 [-0.43546805 -0.14126713]
 [-0.11590263  0.381789  ]
 [ 0.16310663 -0.32836938]
 [ 0.20300141 -0.46923017]
 [-0.41825868 -0.07298332]
 [ 0.159351   -0.13952786]
 [-0.37900159  0.43249562]
 [-0.24927558 -0.444205  ]
 [-0.33749514 -0.01317862]
 [ 0.4468912  -0.25160424]
 [ 0.04279012  0.10937406]
 [ 0.11953312  0.14923475]
 [ 0.22507043 -0.36496537]
 [-0.28471769  0.20630644]]
-----------------------------------------------
[[[[-2.34652917e-03 -2.48134985e-02  1.23422387e-02 -5.24727199e-03
    -1.78431681e-02]
   [-2.98672552e-03  6.30602385e-03  1.80949164e-02  2.62311474e-02
     1.90077648e-02]
   [ 2.55065977e-02  1.77794277e-02 -1.88498385e-02 -1.98100682e-02
    -1.25204230e-02]
   [-7.89782019e-03 -2.17729907e-02 -3.08264871e-03 -1.83654186e-03
    -1.67037041e-02]
   [-2.93593054e-02  8.19138306e-03  9.93831601e-03 -1.29436520e-02
    -1.86248651e-02]]

  [[ 2.57401393e-02 -1.48497175e-02  2.90029906e-02  2.50925586e-02
     1.51635200e-02]
   [-2.14235050e-02 -2.04242369e-03 -2.10939971e-02 -2.11997535e-02
     1.67682421e-02]
   [-1.79501145e-02 -1.83778145e-03  9.82155248e-03  2.61733466e-02
     2.02525414e-02]
   [ 3.78672676e-03 -1.08283586e-02 -2.26866906e-02  1.07340866e-02
     2.63644792e-02]
   [ 1.74501645e-02  5.62068157e-03  2.29200269e-02 -3.02229189e-03
    -2.13246860e-02]]

  [[-2.45542700e-02  1.42041675e-02 -2.12331100e-02  2.60387213e-02
    -1.19865853e-02]
   [ 1.53543001e-02  2.25774455e-02 -2.55210297e-02  2.17040633e-02
     6.13839634e-03]
   [-2.32175045e-03 -2.13135238e-02 -3.39320980e-04  2.52032447e-02
     6.51906467e-03]
   [-2.40774925e-02  2.59981597e-02 -2.12479648e-02 -9.44354348e-03
     8.29109158e-03]
   [-7.86576141e-03  1.34163976e-02  2.15075788e-02  2.11968090e-02
    -1.18980328e-02]]

  ...

  [[-8.09964541e-03 -3.48994914e-03 -4.09815595e-04 -4.95888821e-03
     1.57651489e-02]
   [ 1.51382020e-02 -2.95144534e-02  1.52493057e-02 -9.15477116e-04
     1.48251044e-02]
   [-1.13149432e-02  3.09494505e-03  1.32947205e-03  8.82592796e-03
    -1.04648023e-02]
   [ 1.59359913e-03 -2.36877576e-02 -1.96498972e-02  2.26909029e-02
    -1.09165602e-02]
   [ 1.11312030e-02 -8.14442939e-03  2.89854685e-02  1.71685431e-02
    -3.61396456e-03]]

  [[ 2.96281580e-02 -1.09295975e-02  2.16636050e-02 -1.60577056e-02
     1.08008565e-02]
   [ 8.38172170e-03 -1.73330846e-02  9.54963748e-03 -1.55447176e-02
     2.58228132e-03]
   [-2.04025325e-02  2.13794470e-02 -1.56068512e-02 -1.45310246e-02
    -2.13084830e-02]
   [-2.46453519e-02 -1.05574922e-02 -7.86319284e-03  6.55719661e-05
     1.26622295e-03]
   [ 1.89152272e-02 -1.48000153e-03 -2.19153443e-03 -2.73167421e-02
    -1.90691533e-02]]

  [[-2.17057035e-02 -5.74510702e-03  1.16256207e-03  1.42189851e-03
     1.98019292e-02]
   [ 1.73239191e-02  1.01846119e-02  1.06226404e-02 -3.94472839e-03
    -2.48539762e-02]
   [-2.76252123e-02 -2.82070557e-02  4.28753825e-03  1.93610826e-02
     1.71588800e-02]
   [ 7.56633567e-03 -1.27809382e-02 -2.85537653e-02 -2.06967103e-02
    -2.27385944e-02]
   [ 1.11371287e-02 -1.44067870e-02  4.08607580e-03 -1.78348609e-02
    -4.33790234e-03]]]


 [[[-2.79663196e-02  5.24686710e-03 -6.02655963e-03 -2.82829212e-02
    -1.64872396e-03]
   [ 1.55794216e-02 -1.93148675e-02  4.56412493e-03  7.49524251e-03
     6.13919878e-03]
   [-1.43781115e-02 -2.09269531e-04  9.17016822e-03 -2.70334673e-02
     1.32520385e-02]
   [ 8.95923803e-03  1.87611790e-02 -7.54186648e-03 -1.14248327e-03
     1.06327662e-02]
   [-2.43232911e-02  2.75164865e-02 -1.64803341e-02 -1.85108527e-02
    -2.54183331e-02]]

  [[ 1.55046374e-02 -2.29971102e-02 -2.91207517e-02  2.17034249e-02
     4.25719802e-03]
   [ 1.17085781e-02 -1.73005833e-02  1.33389176e-02 -2.65212434e-02
    -1.42459387e-02]
   [ 1.72669855e-02 -1.63151024e-02 -1.27933847e-02  2.16819728e-02
    -2.12823136e-02]
   [ 1.85411671e-02 -6.31424529e-03 -8.98169653e-03 -2.19811874e-02
    -2.03870342e-02]
   [ 2.77635258e-02 -3.80908384e-03  1.42433797e-02  2.12909009e-03
    -9.32381908e-03]]

  [[-1.07103852e-02 -4.96136676e-03  1.73814191e-02  1.15020450e-02
     1.10709127e-02]
   [ 8.24908547e-03  4.68015052e-03  7.09088905e-06 -1.11275468e-02
     1.85420575e-03]
   [-9.16502461e-03 -9.51102139e-04 -1.92971772e-02 -1.62033200e-02
     4.04149887e-03]
   [-8.45957800e-03 -1.10731664e-03 -2.48203218e-02  1.28318740e-03
    -6.60303194e-03]
   [-2.45048368e-03 -2.54455868e-02  2.54574440e-02  2.56295405e-02
    -1.76518145e-02]]

  ...

  [[-5.67453078e-03  2.93380938e-02 -4.77780801e-03  9.84493370e-03
    -5.70056443e-04]
   [ 4.02514633e-03  2.53779198e-02 -1.41447341e-02 -1.15553548e-02
     1.87032894e-02]
   [-1.04457550e-02 -2.20473037e-02  1.99248210e-02  2.73013545e-02
    -1.04884446e-02]
   [-3.72966871e-03 -2.34966550e-02 -1.17910173e-02 -2.68213862e-02
     2.03383917e-02]
   [ 2.77680354e-02  6.16595523e-03  1.90666099e-02  6.68332344e-03
     1.07581139e-02]]

  [[-1.33739101e-02 -1.75431526e-02 -2.30568377e-02  2.91439038e-02
    -1.86870296e-03]
   [-7.61855097e-03  2.83252065e-04  1.68799028e-02 -1.62772830e-02
    -1.31567628e-02]
   [ 5.42414474e-03  1.86806142e-02 -1.24136302e-02  3.95033404e-03
     2.65481951e-02]
   [-1.39386877e-02 -1.15300560e-02 -2.38698746e-02 -5.00252317e-03
    -5.64690886e-03]
   [ 1.81204614e-02  1.03231835e-02 -2.41768330e-02 -1.59511757e-02
    -1.53613233e-02]]

  [[-9.58036923e-03 -3.39377721e-03 -1.09406266e-03 -4.84667640e-04
     2.13075611e-04]
   [-1.86754794e-02 -2.85375292e-02  2.73691064e-02 -3.66928419e-04
    -6.64591407e-03]
   [-1.35399518e-02 -1.42271118e-02 -4.95131782e-03 -3.04998679e-03
    -1.27827918e-02]
   [-3.54198089e-03 -1.13274889e-02 -2.63974007e-02  1.22199792e-02
    -6.42181604e-03]
   [ 1.94107668e-02  1.10071148e-02  1.55855500e-02  2.07138095e-02
     2.24621626e-02]]]


 [[[ 1.99770258e-02 -2.85515828e-03  2.03687757e-02  1.74861151e-02
     1.91121928e-03]
   [-2.74352418e-02 -2.19780324e-02 -1.40388562e-02  2.00519061e-02
     2.36438499e-02]
   [ 2.66103330e-02  2.69018540e-02  1.63191818e-02 -4.35407830e-03
     2.01663534e-02]
   [-2.40808123e-03 -8.98038570e-03  2.29603233e-02  1.60593051e-02
    -1.82091108e-02]
   [-5.62048844e-03 -1.45742496e-02  7.66156600e-03 -2.75093024e-03
     1.29278397e-02]]

  [[-2.11957293e-02  2.48441951e-02 -2.43992020e-02  1.77198341e-02
    -2.94272739e-02]
   [ 7.43848735e-03 -2.88215228e-03  1.47237272e-02  2.18828471e-02
     1.82858022e-02]
   [ 2.70861147e-02  3.25166290e-04  2.06404114e-02 -2.11424733e-02
    -2.95607328e-02]
   [ 2.23109730e-02  7.24101637e-03 -1.12341124e-02 -3.85011893e-03
    -2.02924839e-02]
   [-1.34015669e-02 -1.41778166e-02  8.09837035e-03 -5.14888886e-03
    -1.12608152e-02]]

  [[ 2.81540169e-03 -1.79186116e-02 -1.31122771e-02 -1.79585922e-02
     2.53097491e-04]
   [-1.19784469e-02 -2.81904290e-02  2.25945853e-02 -2.01839588e-02
     1.61626197e-02]
   [ 2.15587033e-02  2.79632310e-02  6.39042407e-03 -2.87773981e-02
     1.56427882e-02]
   [-1.03225308e-02  1.79694522e-02  2.67404777e-02  1.91439899e-02
     1.51702486e-02]
   [-1.66413831e-02 -6.69518180e-03  6.27785406e-03  1.87386559e-02
     1.40119452e-02]]

  ...

  [[-2.05525709e-02  2.14775533e-02 -9.93754421e-03 -2.04698512e-02
     2.11368557e-02]
   [-1.73588821e-02  1.30820449e-02  2.40764916e-02  2.18332598e-02
    -3.43097844e-03]
   [-1.25477465e-04  1.21389066e-02 -1.32646544e-02  1.58597276e-02
    -9.95304492e-03]
   [ 5.49247747e-03  4.65801252e-03  2.67650441e-02 -2.19276673e-02
     2.55949898e-02]
   [-1.03513803e-02 -9.29524731e-03  3.18052225e-03 -1.05639665e-02
     2.33448640e-02]]

  [[ 2.20903465e-02  7.10014067e-03  9.55406163e-03 -4.42101271e-03
     6.11017919e-03]
   [ 1.95364482e-02  1.88142445e-02  1.02887150e-04 -1.17430462e-02
     2.21773108e-02]
   [ 1.33947507e-02 -1.74544688e-02  1.95891984e-02  7.36749920e-03
     9.49195080e-03]
   [-1.21495137e-02 -2.36245583e-02  9.53153850e-03 -1.01127249e-02
     2.40112615e-02]
   [-1.06121885e-02  2.37462732e-02 -2.03285959e-02  6.04495451e-03
    -2.28534965e-02]]

  [[-9.06453297e-03  2.86234246e-02  2.09151838e-02 -2.03140206e-02
    -1.12247743e-02]
   [ 1.28176580e-02 -8.77975581e-04  6.28042051e-04 -2.95463142e-03
     2.82693549e-02]
   [ 1.74261104e-03 -1.74053208e-02 -2.32941504e-02 -1.82669769e-02
     8.94019809e-03]
   [ 1.52828534e-02  7.51487264e-04 -2.19050312e-02 -2.90658183e-02
     4.98559614e-03]
   [-2.58996973e-03  1.47345282e-02  5.04298795e-03 -2.24684697e-02
     9.05414956e-04]]]


 ...


 [[[ 1.84294749e-02  1.14833959e-02  4.59922880e-04 -2.58290549e-02
     2.57919042e-03]
   [-2.05507775e-03  6.89936920e-03  4.56387918e-03  1.73838992e-02
     2.12351572e-02]
   [-1.41524830e-02 -2.90232986e-03 -4.33613033e-03 -2.14020814e-02
    -1.38175849e-02]
   [ 7.63945326e-03  1.57812572e-02 -2.12420425e-02 -1.40867505e-02
    -4.13749628e-03]
   [ 1.11136726e-02  1.20511353e-02 -2.27819854e-02  5.63774898e-03
    -1.42426571e-02]]

  [[ 1.73656612e-02 -8.99545402e-03  9.94851596e-03 -1.35389527e-02
    -2.56612273e-02]
   [ 7.31625924e-03  5.37335885e-03  2.28879439e-02 -2.21611496e-02
    -9.69106439e-03]
   [ 2.47735307e-02 -2.13526604e-02 -1.04212593e-02  2.49326116e-02
     3.24772739e-03]
   [-6.71413097e-04  3.95818383e-03  1.24877674e-02 -1.69352150e-02
    -2.29745797e-02]
   [ 1.24472005e-02 -6.62807053e-03  8.55937972e-03  2.58576653e-02
    -1.31957223e-02]]

  [[ 5.07374612e-04  1.92202074e-02 -2.61981584e-02  8.64819578e-03
    -4.42584019e-03]
   [ 1.02518423e-02 -5.84592820e-03  8.24620407e-04  2.27909821e-02
     1.94801021e-02]
   [ 7.27705551e-03 -1.45733295e-04 -1.24617300e-02  6.02595330e-03
     1.42489461e-02]
   [-2.18791225e-02  1.09843307e-02 -2.48636520e-02  2.08462141e-02
     1.87383077e-02]
   [-2.59448178e-02 -1.66121765e-02 -8.19101997e-03  1.30004564e-02
     1.08151742e-02]]

  ...

  [[ 1.71322746e-02 -2.55558373e-03  2.33780184e-02  2.74834291e-02
     5.11665053e-03]
   [ 2.60763323e-02  2.16987514e-02 -4.46999681e-03  2.36841616e-02
     1.79655387e-02]
   [-1.62139021e-02 -1.51803051e-04 -9.04971646e-03  5.12316680e-03
     1.47752924e-02]
   [-1.23370560e-02 -1.07730166e-02  2.90668438e-02 -1.92847894e-02
     1.96249035e-02]
   [-2.87367162e-03 -1.58990088e-02 -1.79193935e-02  2.90255474e-02
     7.11966161e-03]]

  [[-1.16900488e-03  2.14208523e-02 -2.50188577e-02 -1.12549622e-02
     1.53630305e-02]
   [ 2.34802006e-02  4.46233161e-04 -2.63608981e-02  5.45740922e-03
    -2.16943190e-02]
   [-1.56779379e-02  1.24717969e-02 -1.56980886e-02 -1.99411766e-02
    -2.91749327e-02]
   [ 2.69188642e-02 -5.36399937e-03  1.85137595e-02  4.41828676e-03
    -2.39494460e-02]
   [ 2.78103144e-02  2.45861611e-02  2.31311004e-02  3.31195440e-03
    -2.86021636e-02]]

  [[ 1.22491137e-02 -2.90592872e-02 -1.24940740e-02 -1.22249288e-02
    -7.10603692e-03]
   [-1.51185716e-02  1.61596594e-02 -9.79080580e-03 -2.41253181e-02
    -2.74504068e-03]
   [-2.77899170e-02 -2.48150282e-02  6.22791225e-03  2.34390427e-02
    -7.96577427e-03]
   [-1.42397108e-02 -3.87331412e-03 -2.75807648e-03 -2.78372283e-02
     2.33819161e-02]
   [-5.54132332e-03  1.14674866e-02 -5.70850290e-03  1.68498474e-02
    -1.78917028e-02]]]


 [[[-1.27889008e-02 -2.23867668e-03  2.70606456e-02  3.71106272e-03
     8.83170526e-03]
   [ 2.61623670e-02 -2.42199116e-02 -5.43180118e-03 -6.24867781e-03
     3.93130078e-03]
   [ 2.34405273e-02 -2.48994263e-02 -6.13996430e-03 -2.36721426e-02
    -2.57384952e-02]
   [ 2.20452018e-02  1.05664280e-02  2.01708156e-03 -2.01387659e-02
    -3.09197454e-03]
   [-2.59834799e-02  3.60739534e-03  5.22953938e-03  2.29898494e-02
    -1.18385703e-02]]

  [[-1.08182201e-02 -2.75704454e-02  3.33595391e-03 -2.52289335e-02
     2.79320733e-02]
   [-2.61829887e-02  2.26169741e-02 -5.92397832e-03  1.73714711e-02
    -6.01027486e-03]
   [ 8.51765711e-03 -1.94334866e-03 -1.06215275e-02  1.97665993e-02
     9.99537348e-03]
   [-4.09908897e-03 -6.83619533e-04  1.76080409e-02 -2.28482305e-02
     3.11240485e-03]
   [-1.25821789e-02  2.49106263e-02 -1.51389275e-02  1.12029058e-02
     1.33464645e-02]]

  [[-1.68672165e-02 -1.09852831e-02  1.45804830e-02 -4.84937628e-03
     7.18035183e-03]
   [-6.05301224e-03 -1.13438029e-02  1.00234837e-02 -1.97269866e-02
    -1.52114347e-02]
   [-1.43467676e-03  2.67609151e-03 -3.64798178e-03 -2.30081875e-02
     2.38071198e-02]
   [-2.47346490e-02 -2.57605589e-02 -1.71014463e-02  6.83388707e-03
     9.24841508e-03]
   [-9.23091086e-04 -6.36587373e-03 -2.13039671e-02  1.84192907e-02
    -3.86401742e-03]]

  ...

  [[ 1.53891378e-02  4.75879865e-03 -9.99949160e-03 -3.61570830e-03
    -2.49693369e-02]
   [ 2.57909226e-02 -7.75702741e-03 -2.76303215e-02  1.77065199e-02
     1.58185855e-02]
   [ 2.00324151e-02  2.19278774e-02 -1.63235749e-02  1.29729851e-02
    -1.38866242e-02]
   [-4.66235661e-03 -2.65315432e-02  5.56824217e-03  1.84275589e-02
     6.53521251e-04]
   [ 2.12589317e-02 -2.23809312e-02  2.20041593e-02 -8.59027580e-03
     2.62574356e-02]]

  [[-2.64016821e-02 -1.12910102e-02  2.46157007e-02  2.28961050e-02
    -1.56512021e-03]
   [-1.09898372e-02 -8.11678012e-03  2.33764339e-02  9.76816711e-03
    -1.15312672e-02]
   [ 5.05476663e-03 -6.03599573e-03  2.30946300e-02  2.11682977e-02
     2.63368295e-02]
   [ 8.41893389e-04 -4.34153499e-03 -2.55723831e-02  2.53033409e-02
     3.35809769e-03]
   [ 6.22174539e-03 -2.40613351e-02  2.60346785e-02 -9.46604788e-03
    -1.02429812e-02]]

  [[ 2.19395868e-02 -3.94854103e-03 -2.26642663e-02  2.26625402e-02
    -8.40526832e-03]
   [-2.24122104e-02  2.24493800e-02  2.49060603e-02  5.84579324e-03
    -4.13755550e-03]
   [-1.32935883e-02 -9.85171944e-03 -1.44894254e-02 -1.00723195e-02
     1.24312075e-02]
   [ 1.23643357e-02 -1.85115701e-02  2.91294360e-02  2.20711237e-02
    -1.85445467e-02]
   [ 2.54683971e-02  8.66412227e-03  2.54070222e-03  1.05646132e-02
     2.64089321e-02]]]


 [[[ 2.94013499e-02 -2.64974173e-03  9.62100779e-03 -2.19974777e-02
     1.53875794e-02]
   [-2.78820195e-02  2.37259949e-02  1.00952334e-02  4.15284402e-03
    -1.57691616e-02]
   [ 2.75435425e-02  3.83481182e-03  1.90926662e-02 -1.60160897e-02
    -2.02632628e-02]
   [ 2.17303506e-02 -2.38465944e-02  3.88637012e-05 -5.34064422e-03
     2.16362998e-02]
   [ 1.75884293e-02 -1.92347676e-02  2.44970586e-02 -1.24306642e-02
     1.11162666e-02]]

  [[ 3.27975172e-03 -1.15089601e-02  2.13278842e-02 -2.36441563e-02
     1.26858080e-02]
   [ 2.10599343e-02  2.44426657e-02  4.67054461e-03  2.93867103e-02
    -3.44234562e-04]
   [-1.91228724e-02 -2.95088475e-02 -7.43826710e-03  2.04428049e-02
    -3.01531154e-03]
   [ 2.68206386e-02  2.01849069e-02  1.06678982e-02 -2.37164186e-02
    -2.32007788e-02]
   [-2.60894604e-02  5.36407993e-03 -5.15036536e-03  2.10734499e-02
     2.84856662e-02]]

  [[ 5.09839651e-03 -2.15993310e-02 -2.74519630e-03  2.91274996e-03
    -3.82753878e-03]
   [ 1.49101308e-02 -1.46337490e-02 -1.09046198e-02 -2.25383594e-03
     1.71079584e-02]
   [ 3.41025504e-03  6.00703932e-03 -3.82233909e-03  1.77615481e-02
    -1.98143783e-02]
   [-2.67329874e-02  1.41267014e-02  2.56360239e-02 -2.34544988e-02
    -7.43665356e-03]
   [ 1.80546658e-02 -1.06974083e-02  1.67795890e-02  1.76145711e-02
     2.79409553e-02]]

  ...

  [[ 3.91481483e-03 -2.86417302e-02 -1.56457409e-04  1.64345633e-02
     1.71579080e-02]
   [-7.27127170e-03 -9.73875537e-03  2.38673661e-02  1.61681082e-02
     2.69575510e-02]
   [-1.82643620e-02 -1.25146690e-02  4.06977672e-03  1.93679864e-02
    -4.55931916e-04]
   [-4.90184733e-03  7.44523951e-03 -3.99393832e-03 -1.14610479e-03
    -1.63921847e-02]
   [-6.35523280e-03 -1.01714193e-02 -5.71108902e-03  1.15781618e-02
    -1.64650500e-02]]

  [[-7.31015021e-03 -1.52981274e-02 -2.44114473e-02  1.30609394e-02
    -2.21794891e-02]
   [-2.31283210e-02 -2.60643995e-02  1.39017529e-02  2.73932605e-02
     1.76753153e-02]
   [ 4.43548211e-03  1.92394745e-02 -2.88517573e-03 -1.73721722e-02
     4.54512048e-03]
   [ 1.86710614e-02 -4.70205104e-03  2.74965850e-02  1.85288006e-02
     2.24354350e-02]
   [-2.50927815e-02 -2.53444225e-02  2.43297769e-02 -9.60692972e-03
     2.25067411e-02]]

  [[-1.61914964e-02  9.50101089e-03 -6.08627441e-03 -1.85881064e-02
     1.85957177e-02]
   [ 1.48998061e-02 -8.91080919e-04 -1.18242122e-02 -3.26752476e-03
    -2.14091200e-02]
   [-5.17308314e-03  2.26013201e-02 -2.57314841e-02  1.17461287e-02
     2.20425819e-03]
   [-1.81699104e-02 -6.58043050e-03  1.42649163e-02 -2.53015012e-02
    -2.17391506e-02]
   [ 3.71149258e-03 -1.89480512e-02 -1.39187182e-02  2.89499803e-02
    -2.81190393e-02]]]][0.007107987481493671, 0.004565762755661628, 0.0007889169089183301, -0.02558764270113353, 0.01967667211990041, 0.010354346180386994, -0.028021001661193718, 0.007753402521996345, -0.016100697258944023, -0.02495222068671482, 0.006926165461008365, -0.02017823941113292, 0.009533813904278574, -0.017780178013157094, -0.025926766298782638, 0.0019016296317910276, 0.018736450133671662, 0.008418674591686163, -0.008431303774504705, -0.01138424506682641, -0.0028097556667918376, 0.008577733722399592, 0.021064578051950316, -0.006934845024567159, 0.008094177507680291, -1.5991865632034724e-05, -0.028603198116848683, 0.0027109840066071762, 0.02078414966189698, -0.0019308155479912555, -0.0202710791545316, -0.022266084185691044, -0.00986151204857838, -0.014080740470216437, 0.02318363775801747, -0.02107926334175919, -0.0067811920780285785, -0.00983055654936988, -0.02328891884710664, -0.013745168736155083, 0.0011540944009704492, -0.011060234493943354, 0.015452392749301987, 0.00740470896698146, 0.0019891708456772662, 0.010014509638391737, 0.0180793632675697, 0.02764589774910464, 0.003434534649774248, -0.012608797928955827, -0.00569721276573194, 0.0052234472802126335, -0.01029236286118421, 0.006871414687364848, -0.01646787182958257, -0.023178951409662894, 0.01753515199183475, -0.0008180244259989831, 0.017958820869103605, -0.015759855846404165, -0.009677287020969389, -0.005848661040618135, 0.01570018667034628, 0.02480646615838133, 0.013237473156524873, 0.016926177918830203, 0.026858511261585363, 0.014001040744502823, 0.017661632771761793, -0.005954723365626104, 0.021439757930679326, 0.007888052616077782, 0.01635603070549235, -0.022276914937201842, -0.00418867236022227, -0.021436859701895898, 0.012607297906461559, 0.0062733670149416505, -0.011695884640471842, 0.029205668444972053, -0.0026931760602671787, 0.02817779939510619, -0.00663213472584968, 0.0032348194832667355, 0.019559983457579356, -0.0009423481028087571, -0.02228857997698252, -0.01959773720084776, 0.008525140160507875, -0.00756868971899587, -0.001283935267475056, 0.012870825478877624, 0.011068174921519982, 0.019316613392505403, -0.023880625899786442, -0.022638674791133864, -0.024051378466653405, 0.020356746209683477, -0.001458178264025299, -0.014004231021167494, 0.023661406276415563, 0.009143025296280565, 0.008244522201294898, 0.015012778402529407, 0.01367226841391973, 0.018831427158092075, 0.00308456140372115, 0.0028229222683323514, 0.008150924799941981, -0.015654486112679854, 0.006738745751215202, -0.0066695216375360945, -0.009089558662584353, -0.0033188862879089606, -0.022080511910517, -0.016482233211473792, -0.019290627933128975, 0.015367020548794078, 0.024213983764307837, 0.01839458437296895]
-----------------------------------------------
[[-0.00967488 -0.00487991  0.00516865 ... -0.00528745  0.00390759
   0.01044326]
 [ 0.01395851 -0.00406344  0.00320492 ... -0.006752   -0.0180776
  -0.01069673]
 [-0.00227566  0.01302728  0.00454483 ... -0.01622029 -0.01692202
   0.00472368]
 ...
 [-0.01792935  0.0088891   0.01238691 ... -0.00251722 -0.01003423
   0.01200045]
 [ 0.006895   -0.01401714 -0.00516895 ... -0.01706078  0.01545813
   0.0007242 ]
 [-0.0189128  -0.00485255  0.01831244 ... -0.0017455   0.00404317
   0.00515891]][-1.87188629e-02  1.70945074e-03  3.67331936e-03  1.43111989e-02
 -9.14746849e-03 -1.91338646e-02 -4.44391791e-04  1.76552288e-02
 -4.33011862e-03  2.68304828e-04 -1.03230461e-02  1.78886051e-02
 -9.87559883e-03  1.37150921e-02 -1.39792904e-02 -3.31488980e-05
 -5.06840105e-03  1.00058325e-02 -1.86168535e-02  7.29003255e-03
  1.15557785e-02 -2.40266700e-03 -1.69488236e-02  1.94208976e-02
  8.32576394e-03 -4.28902110e-03  7.31165362e-03  1.76512049e-02
 -8.87883372e-03  1.23208482e-02 -1.70622735e-02 -1.72603233e-02
 -8.08982287e-03 -1.47725398e-02  8.47247193e-03  1.54737733e-02
 -1.86690048e-02  1.11396019e-02  8.96686929e-03  3.69912728e-03
 -1.76619927e-02 -1.59149051e-02  8.23989332e-04  5.82174836e-03
 -1.78878721e-02  3.96227635e-03  4.69674952e-03  1.61582729e-02
 -1.65524417e-02 -5.35883825e-03 -7.15764714e-03  7.85108939e-03
  1.41606547e-02 -9.29715951e-03  1.54434190e-03  9.60455021e-03
 -5.15587929e-03  4.62599755e-04 -8.92933928e-03  1.58107201e-03
  8.72365190e-03  1.44478651e-02  1.49250960e-02 -4.16825242e-03
  3.19860040e-03 -5.18105286e-03 -8.76036252e-03  1.07205567e-03
 -1.20620435e-02  1.06410853e-02 -7.56121058e-03 -1.75495618e-02
 -5.39918610e-03  7.62325199e-03  1.54860193e-03  1.14400968e-02
 -6.43521109e-03 -1.97228455e-02  1.27489638e-02 -2.71075602e-03
  5.40222919e-03  1.33969436e-02  1.39073972e-02  6.35617507e-03]
-----------------------------------------------
[[-1.  1.  1.  1.  1.  1. -1. -1. -1. -1.  1.  1. -1.  1.  1. -1. -1. -1.
   1.  1. -1. -1.  1.  1.  1.  1. -1. -1. -1.  1.  1. -1.  1. -1.  1.  1.
   1.  1.  1. -1. -1. -1.  1.  1.  1. -1.  1. -1.  1.  1. -1. -1. -1. -1.
  -1. -1. -1.  1.  1. -1. -1. -1. -1.  1. -1. -1. -1. -1.  1.  1.  1.  1.
  -1.  1.  1. -1. -1. -1.  1. -1. -1.  1.  1. -1.]
 [-1. -1. -1.  1.  1. -1. -1. -1. -1. -1.  1. -1. -1.  1. -1.  1.  1.  1.
  -1.  1. -1.  1.  1.  1. -1. -1. -1.  1.  1. -1.  1. -1.  1. -1.  1. -1.
  -1.  1.  1. -1.  1. -1.  1. -1. -1. -1.  1. -1. -1.  1. -1. -1.  1. -1.
  -1. -1.  1.  1.  1. -1.  1.  1.  1.  1. -1.  1.  1.  1.  1.  1. -1. -1.
  -1. -1. -1.  1. -1.  1.  1. -1.  1. -1. -1.  1.]
 [ 1.  1.  1.  1. -1. -1. -1. -1.  1.  1. -1.  1. -1.  1. -1. -1.  1. -1.
  -1. -1.  1.  1.  1. -1. -1. -1. -1. -1.  1.  1. -1. -1. -1.  1.  1.  1.
  -1. -1.  1.  1. -1. -1.  1. -1.  1. -1. -1.  1.  1. -1.  1. -1.  1. -1.
  -1.  1.  1. -1.  1. -1.  1. -1. -1.  1.  1.  1. -1.  1.  1.  1. -1. -1.
   1. -1.  1.  1. -1.  1. -1.  1. -1. -1.  1. -1.]
 [ 1.  1.  1.  1.  1. -1.  1. -1. -1.  1.  1.  1.  1. -1.  1. -1. -1. -1.
   1. -1.  1. -1.  1. -1.  1.  1.  1. -1. -1. -1. -1. -1. -1.  1.  1. -1.
  -1. -1. -1. -1.  1.  1. -1.  1. -1.  1. -1.  1. -1.  1. -1.  1.  1.  1.
  -1. -1.  1. -1. -1.  1. -1.  1.  1. -1. -1. -1. -1.  1.  1. -1.  1.  1.
   1.  1.  1.  1. -1. -1.  1.  1. -1.  1.  1. -1.]
 [-1.  1. -1. -1.  1.  1. -1. -1.  1. -1. -1.  1.  1. -1.  1. -1.  1.  1.
   1.  1. -1.  1. -1.  1. -1.  1.  1.  1. -1.  1.  1. -1.  1. -1.  1.  1.
  -1. -1.  1. -1.  1.  1.  1. -1. -1. -1.  1.  1.  1. -1.  1. -1.  1. -1.
  -1.  1.  1.  1. -1.  1.  1. -1. -1.  1. -1.  1. -1.  1.  1.  1. -1.  1.
   1. -1.  1. -1.  1. -1. -1. -1.  1.  1.  1. -1.]
 [ 1.  1. -1. -1. -1.  1.  1. -1.  1.  1.  1. -1.  1. -1.  1. -1.  1.  1.
  -1. -1. -1. -1.  1. -1. -1. -1. -1. -1. -1. -1. -1. -1. -1. -1. -1. -1.
   1.  1. -1. -1. -1. -1. -1.  1.  1. -1. -1. -1. -1. -1. -1. -1. -1.  1.
   1.  1. -1.  1. -1.  1. -1. -1.  1. -1.  1.  1.  1. -1. -1. -1. -1. -1.
  -1. -1. -1.  1.  1.  1. -1.  1.  1.  1. -1.  1.]
 [-1. -1.  1.  1.  1. -1. -1.  1. -1.  1. -1. -1.  1.  1.  1. -1. -1. -1.
  -1. -1.  1. -1.  1.  1. -1.  1.  1. -1.  1.  1.  1. -1. -1.  1. -1.  1.
   1.  1.  1. -1.  1.  1.  1.  1.  1. -1. -1.  1. -1.  1.  1.  1. -1. -1.
   1.  1.  1. -1.  1. -1.  1.  1. -1.  1. -1.  1. -1. -1.  1. -1. -1. -1.
  -1. -1. -1.  1. -1.  1. -1. -1.  1.  1.  1.  1.]
 [ 1.  1.  1. -1.  1.  1.  1.  1. -1. -1.  1. -1. -1. -1.  1. -1.  1. -1.
  -1. -1. -1.  1.  1. -1.  1. -1.  1. -1.  1. -1.  1.  1.  1.  1. -1.  1.
  -1.  1.  1.  1.  1.  1. -1. -1. -1.  1. -1.  1. -1. -1. -1. -1.  1.  1.
  -1. -1.  1.  1.  1. -1. -1. -1.  1.  1. -1.  1.  1.  1. -1. -1.  1.  1.
   1. -1.  1. -1. -1. -1. -1. -1. -1. -1.  1.  1.]
 [ 1.  1. -1. -1. -1.  1. -1. -1.  1. -1. -1. -1.  1.  1.  1.  1. -1. -1.
  -1.  1. -1. -1. -1.  1.  1.  1.  1. -1.  1. -1.  1. -1.  1.  1. -1.  1.
  -1. -1.  1. -1.  1.  1.  1.  1. -1.  1. -1. -1.  1. -1. -1. -1. -1.  1.
  -1.  1.  1. -1. -1.  1. -1.  1. -1. -1.  1. -1. -1.  1. -1. -1.  1.  1.
   1.  1. -1. -1. -1. -1. -1.  1. -1.  1. -1. -1.]
 [-1.  1. -1.  1.  1.  1.  1. -1. -1.  1. -1.  1.  1. -1. -1. -1. -1. -1.
   1.  1.  1. -1. -1.  1.  1. -1. -1.  1. -1. -1. -1.  1.  1. -1. -1. -1.
   1.  1.  1. -1. -1.  1. -1.  1.  1. -1. -1.  1.  1.  1.  1.  1. -1. -1.
  -1.  1. -1.  1. -1.  1.  1.  1.  1.  1.  1. -1. -1.  1. -1.  1. -1.  1.
   1.  1. -1. -1. -1.  1.  1.  1.  1. -1.  1. -1.]]
-----------------------------------------------
