[[[[ 0.17027357  0.37394269 -0.09836999 -0.08581857  0.28984026]
   [-0.09745909  0.02688973 -0.0425745  -0.39447057  0.39168102]
   [-0.14850728 -0.16650343 -0.23274342  0.36694245 -0.35978648]
   [-0.23338147 -0.0730484   0.13665663 -0.37127112  0.10417053]
   [ 0.06690032  0.27209112 -0.13672786  0.19727121 -0.30951559]]]


 [[[ 0.19698877  0.19035757 -0.18739645 -0.0891611   0.0320987 ]
   [-0.18935613  0.20992294 -0.00359094 -0.10986413 -0.02041001]
   [ 0.12666942 -0.13858842 -0.14980378 -0.15469553  0.25112119]
   [ 0.28557103  0.10917229  0.13874144 -0.21331247  0.3353884 ]
   [ 0.34088971 -0.28352426 -0.28047734  0.17259159 -0.00965315]]]


 [[[ 0.09513967 -0.29290917 -0.16613434  0.18897223  0.03214825]
   [-0.09775192 -0.0154482   0.0358846   0.13238859  0.26549716]
   [-0.00561839  0.0282073  -0.3376657  -0.11297592 -0.3339519 ]
   [ 0.21514164 -0.24448675  0.3775707   0.2821532  -0.32761068]
   [-0.15700142 -0.32114056  0.05539549  0.04257165  0.34324392]]]


 [[[ 0.27692863 -0.12540069  0.00953675 -0.17965541  0.3350954 ]
   [-0.3274587   0.14177476 -0.32114128  0.3611821   0.04091691]
   [-0.04494605 -0.20105376  0.36339595  0.112096   -0.39917463]
   [-0.24749218 -0.18239827  0.22489649  0.04187956 -0.39302354]
   [ 0.21206938  0.31382967  0.02877747 -0.09974306  0.0658779 ]]]


 [[[ 0.2650813   0.36784086 -0.29295187 -0.03096595 -0.1217886 ]
   [-0.15611145  0.20498039 -0.17705171 -0.15029119  0.23770899]
   [-0.3004755  -0.09354484 -0.17872552 -0.34081448 -0.13416175]
   [ 0.38323969 -0.3502607   0.12448261  0.2082822  -0.33127773]
   [-0.20002741  0.14880291  0.0618176  -0.35267274 -0.1133294 ]]]


 [[[ 0.24576112  0.12636174  0.05105166 -0.08616677 -0.33071437]
   [ 0.18138967 -0.23064167  0.25596301 -0.07691411  0.19524116]
   [-0.14591685  0.29654518  0.0655164   0.00124927  0.33350122]
   [ 0.33405609 -0.04093006  0.09096065 -0.22690295 -0.01453597]
   [ 0.1153212  -0.3779496  -0.29330444  0.32639476  0.1946891 ]]]][-0.17767899 -0.2218179   0.10675732  0.22735066  0.10711277 -0.39580302]
-----------------------------------------------
[[ 0.0694547  -0.20340264]
 [-0.14036168  0.21546824]
 [ 0.10251213  0.25284244]
 [-0.24801792  0.09041765]
 [ 0.20334604  0.19091913]
 [-0.07160677  0.09034782]]
-----------------------------------------------
[array([[[ 0.09567821, -0.02004069, -0.03845375,  0.11721572,
         -0.16147557],
        [-0.11112918,  0.00398104, -0.06721722, -0.07612065,
          0.11433464],
        [ 0.10067304,  0.05349843,  0.03567643,  0.12341869,
         -0.12614653],
        [-0.03924517,  0.05672044,  0.06312944, -0.06734038,
         -0.07511595],
        [-0.08639078, -0.12654964, -0.04031406, -0.10267611,
         -0.08160319]],

       [[ 0.14309076, -0.06161892, -0.06081921,  0.08966883,
         -0.09924859],
        [-0.02613903, -0.0995557 ,  0.03292002, -0.0175186 ,
         -0.06743841],
        [-0.02920653,  0.14098715,  0.10243697, -0.08207852,
          0.10010927],
        [-0.06798498, -0.03945709, -0.06126124, -0.07131348,
         -0.13155565],
        [ 0.16101385,  0.10467377,  0.00721795, -0.09976315,
         -0.06444207]],

       [[ 0.03227722, -0.00050874,  0.00557328,  0.1006511 ,
         -0.01412552],
        [ 0.09156049, -0.01184787,  0.0152692 ,  0.05372563,
          0.12383995],
        [ 0.14098378, -0.03750431,  0.12588785,  0.07345517,
          0.01974614],
        [-0.0313219 ,  0.01984753,  0.08719854,  0.08797668,
          0.1273258 ],
        [ 0.02375455,  0.16300767,  0.08843121,  0.03540369,
         -0.05666357]]])
 array([[[ 0.11348378,  0.07616635,  0.10797033,  0.0658498 ,
         -0.08153034],
        [ 0.13479208, -0.13852672, -0.04268806,  0.00650016,
          0.06173073],
        [-0.05698503, -0.03531175,  0.02300377, -0.06647298,
         -0.11591986],
        [ 0.13484938, -0.01487451, -0.14872706,  0.00813481,
         -0.04541728],
        [ 0.02053529, -0.13503484, -0.03208947,  0.02794344,
         -0.13033428]],

       [[ 0.05513171, -0.078379  ,  0.09953607, -0.07707672,
          0.00897456],
        [-0.07234981, -0.15873814, -0.04695404, -0.05910057,
         -0.0039255 ],
        [-0.03587514,  0.00819755, -0.05059012, -0.04288546,
          0.03168228],
        [ 0.03248327, -0.11161514, -0.06802063, -0.10797497,
         -0.02337023],
        [-0.02802218,  0.05767461, -0.11296539,  0.05149307,
          0.00721084]],

       [[ 0.01096435, -0.13702405,  0.09056283,  0.04623534,
          0.00760167],
        [ 0.01142842,  0.04028793,  0.11002283, -0.07255683,
          0.10361756],
        [ 0.11100143,  0.11491892,  0.09091824,  0.14666539,
          0.13770847],
        [ 0.09153513,  0.04176184,  0.06561462,  0.08118141,
         -0.08962374],
        [ 0.06607809, -0.05287426,  0.12324045,  0.1220662 ,
          0.15355711]]])
 array([[[-0.16291168,  0.09855679, -0.14813417,  0.07711385,
         -0.00831326],
        [-0.14175824,  0.10989783, -0.15263584,  0.12501445,
          0.07333955],
        [ 0.09301862, -0.02100834,  0.11690482, -0.07537359,
         -0.09689102],
        [-0.08660185, -0.14417662, -0.03621841, -0.06772308,
         -0.13821929],
        [-0.0480277 , -0.08761711, -0.02868574, -0.10693272,
         -0.16148009]],

       [[-0.10332218,  0.02901757, -0.05780505,  0.09910374,
         -0.01384492],
        [ 0.0760303 ,  0.15587171,  0.09270524,  0.15581839,
         -0.05250111],
        [ 0.08608484,  0.04989652,  0.01376687, -0.0374057 ,
          0.08506413],
        [ 0.00364878, -0.11545587, -0.03513686, -0.01150015,
         -0.01399436],
        [-0.04205716, -0.06104258, -0.12819257, -0.03780465,
         -0.09487739]],

       [[ 0.01953541, -0.10861147,  0.05408961, -0.01654562,
         -0.08157145],
        [-0.13315305, -0.01027547,  0.08224426, -0.02030683,
         -0.08558221],
        [-0.11753   , -0.09897456,  0.15575908,  0.07236926,
          0.0471495 ],
        [-0.05508937, -0.08895943,  0.00373706,  0.15062648,
          0.01903557],
        [ 0.14153073,  0.10482557, -0.07301624,  0.02798094,
         -0.13253241]]])
 array([[[ 0.15225394,  0.03457909, -0.00131191,  0.06962634,
          0.08148246],
        [ 0.04149392, -0.03135417, -0.11606704, -0.13055514,
         -0.04195497],
        [-0.10211269, -0.06530253, -0.03325071,  0.14544055,
          0.06557816],
        [ 0.03230915,  0.09386778,  0.13274013,  0.0483003 ,
          0.15281901],
        [ 0.15403195,  0.1537957 ,  0.06803085,  0.13412087,
         -0.04617771]],

       [[ 0.00250786,  0.13983512,  0.04313361,  0.05986013,
         -0.13571559],
        [ 0.14214874, -0.10288814,  0.08956591, -0.12923606,
          0.02200557],
        [-0.13620287,  0.07462312, -0.12066196, -0.00131553,
          0.14393261],
        [-0.02953536, -0.05777757, -0.04396664,  0.0428732 ,
         -0.13930993],
        [ 0.12817274, -0.0228967 , -0.03538554, -0.08466412,
         -0.07424269]],

       [[-0.00533938, -0.03524261, -0.05911737,  0.03806818,
         -0.02784533],
        [ 0.00568097, -0.07217264, -0.08109074,  0.12851411,
         -0.13103439],
        [ 0.06327036,  0.07828442,  0.10230182, -0.07920276,
         -0.13248882],
        [-0.04198523, -0.08275478, -0.0728343 ,  0.07185416,
          0.04156269],
        [ 0.02190571,  0.02369356,  0.09190736,  0.03902801,
         -0.01629351]]])
 array([[[ 0.01462524,  0.08708108, -0.00416834, -0.07261393,
          0.12773546],
        [-0.03627885, -0.01321113, -0.05777659,  0.09697673,
          0.13966093],
        [ 0.01376885, -0.02315358,  0.07861527,  0.05604565,
         -0.1138772 ],
        [ 0.05487449,  0.07497626,  0.09920452, -0.05219165,
          0.01004183],
        [ 0.09504129,  0.00491584,  0.12412831,  0.00184848,
         -0.11225286]],

       [[-0.02928107, -0.04279513,  0.0243844 ,  0.02112453,
          0.03614955],
        [-0.13473885, -0.04696681,  0.0097184 , -0.04610618,
         -0.09345579],
        [-0.09312455,  0.12198161,  0.01329558,  0.06809624,
         -0.01504209],
        [-0.08373748,  0.03490249,  0.02407735,  0.04489016,
          0.11451071],
        [ 0.0688882 ,  0.08733763, -0.05767154, -0.03934905,
         -0.07445025]],

       [[-0.03214803,  0.09697495,  0.09753906,  0.13640734,
          0.07607852],
        [ 0.09329968,  0.01442215,  0.12413916, -0.08915676,
          0.12536717],
        [ 0.02069004,  0.00043242, -0.03123409, -0.01293344,
         -0.1087499 ],
        [ 0.13990699, -0.14044462,  0.09348048, -0.05795443,
          0.12713588],
        [-0.02970433,  0.00159406,  0.00857727,  0.11456404,
         -0.01843128]]])
 array([[[-0.03560789,  0.07972175,  0.09446265,  0.09088502,
         -0.00525291],
        [-0.08801404,  0.13519395,  0.05853655, -0.08705537,
         -0.14078669],
        [-0.08041112, -0.11855012, -0.03558471,  0.14564667,
          0.02204137],
        [-0.05127034, -0.07860638, -0.08398807, -0.01962772,
          0.06878773],
        [-0.11112996,  0.02718707, -0.10884702,  0.07203178,
          0.12641751]],

       [[ 0.06929421,  0.09966588, -0.12792711, -0.04804335,
          0.10879489],
        [-0.09527994, -0.12036716, -0.00422503, -0.01993002,
          0.02487815],
        [-0.14515008, -0.01354267, -0.0215504 , -0.12176417,
          0.12677599],
        [-0.05983559, -0.1322729 ,  0.12836029, -0.13072778,
          0.06636988],
        [-0.11173306, -0.01014663, -0.14262712,  0.06462687,
         -0.13943658]],

       [[ 0.06610548, -0.00967158, -0.08715917,  0.02340888,
          0.09424948],
        [-0.00951736, -0.03576604, -0.08629119,  0.08876052,
         -0.06252994],
        [-0.04736464,  0.01154417, -0.13543653, -0.10969102,
          0.02018271],
        [ 0.07751039, -0.14219769,  0.10820894, -0.10158559,
          0.07516844],
        [ 0.04941214, -0.10117507, -0.06607766, -0.08630151,
         -0.01621756]]])
 array([[[-0.00445761, -0.02683909, -0.04800404, -0.0474145 ,
          0.07653322],
        [ 0.11653215,  0.02251143,  0.03467262,  0.101162  ,
          0.02199727],
        [-0.00681314, -0.02401001,  0.02803673,  0.04630615,
          0.01041606],
        [-0.07282133,  0.08366284,  0.10059132,  0.11121304,
          0.06528326],
        [-0.06525531,  0.10150835,  0.10465429,  0.06025201,
         -0.06994386]],

       [[-0.08861995, -0.04391443, -0.04586902,  0.10183505,
         -0.02111734],
        [-0.06270052,  0.04003949,  0.06815743,  0.04299103,
         -0.0331884 ],
        [-0.11693203, -0.00047375, -0.11450183, -0.11874965,
          0.02715513],
        [-0.06187815,  0.02070232,  0.06699387, -0.11122369,
         -0.10896218],
        [-0.12061049, -0.05269795, -0.03025998,  0.02439446,
          0.0029013 ]],

       [[ 0.0112862 ,  0.0952262 ,  0.10128571,  0.00755906,
          0.01736325],
        [-0.01348622, -0.10364599, -0.06055217, -0.03648448,
          0.03140714],
        [ 0.03288227, -0.07467174,  0.09007051,  0.03114272,
         -0.08111614],
        [ 0.0877354 , -0.06915184, -0.02791238, -0.05997957,
         -0.12031888],
        [ 0.01760238, -0.1088003 , -0.10251095,  0.10488835,
         -0.00169739]],

       [[ 0.03404204,  0.04523057, -0.06996947, -0.08437649,
          0.04044806],
        [ 0.00494648,  0.00619933,  0.10054186, -0.10700356,
         -0.00215215],
        [ 0.07375542,  0.03031093,  0.09540318, -0.06181613,
          0.01852103],
        [-0.02933152,  0.0994536 ,  0.01444082,  0.0400108 ,
          0.01727077],
        [-0.08471162,  0.1070897 , -0.07215493, -0.07388562,
          0.02039032]]])
 array([[[ 0.05280226, -0.1127631 ,  0.00560598,  0.0451079 ,
          0.05492807],
        [ 0.09651925, -0.03598528, -0.08037656,  0.08658134,
         -0.03654222],
        [-0.09618518,  0.02073169, -0.08648781, -0.09990214,
         -0.02975912],
        [-0.07097087,  0.09129158, -0.03736691,  0.02891875,
         -0.00663799],
        [-0.05942139, -0.10123845,  0.04752408,  0.08945437,
          0.08403783]],

       [[-0.11594088,  0.08426436, -0.09896399, -0.04655804,
          0.01828453],
        [ 0.05096686, -0.0617893 , -0.07952371, -0.03902496,
         -0.10173786],
        [-0.06181819,  0.0457266 ,  0.09597142, -0.05455146,
          0.00272705],
        [-0.00479402, -0.04532625, -0.10301002, -0.0037451 ,
         -0.07975098],
        [ 0.08445048,  0.05125524,  0.04196322, -0.1149001 ,
         -0.05594562]],

       [[ 0.08312967,  0.01548331, -0.06198439, -0.0860301 ,
          0.05346399],
        [-0.01234348,  0.10118948, -0.0360774 , -0.08711874,
         -0.07770836],
        [-0.06505117,  0.04558218,  0.11204404,  0.06232682,
         -0.03077183],
        [-0.10115713,  0.04385344,  0.04436619,  0.0734453 ,
         -0.02231835],
        [ 0.08084966, -0.09993761,  0.02670994, -0.10128738,
          0.03488932]],

       [[-0.08922199, -0.03170102,  0.03040247,  0.02328058,
          0.05134852],
        [-0.06272472, -0.09406066, -0.06197407, -0.04707497,
         -0.01187063],
        [ 0.11523365, -0.00624594, -0.00932439,  0.08124139,
         -0.02624195],
        [ 0.0117258 ,  0.07569508,  0.08317516, -0.10251772,
         -0.09944787],
        [ 0.10345085,  0.08003425, -0.0671405 ,  0.08021532,
         -0.0419092 ]]])
 array([[[ 0.03819356,  0.09343983, -0.00247839,  0.0586251 ,
         -0.08384841],
        [-0.07483222, -0.04706629,  0.08660687,  0.04943219,
          0.09839189],
        [-0.09964301,  0.01842357, -0.10543399, -0.08362181,
         -0.0549591 ],
        [-0.00728679, -0.06161454, -0.11879215, -0.05725426,
         -0.04723151],
        [ 0.06901027, -0.03870545, -0.09254821, -0.11160553,
         -0.12223371]],

       [[-0.04121308, -0.05139508,  0.07619666, -0.08172814,
         -0.02083514],
        [-0.02746806,  0.09313724,  0.08063781, -0.08470416,
         -0.09312273],
        [ 0.11975562,  0.00957017, -0.07762788,  0.07127784,
         -0.07244497],
        [-0.07867133, -0.02447127, -0.07773201, -0.00210705,
          0.04558289],
        [ 0.0854449 , -0.09383054,  0.11047728,  0.06217254,
          0.0380851 ]],

       [[-0.0857033 , -0.01513609, -0.08886393,  0.01431021,
          0.09009586],
        [ 0.06051151,  0.01185328,  0.08860489, -0.05835768,
         -0.04402521],
        [ 0.04815587,  0.00255587,  0.04152041, -0.06859246,
          0.04643092],
        [-0.10068708, -0.03977464,  0.06279339,  0.01229782,
         -0.04898441],
        [-0.00252223, -0.04519976, -0.10609655, -0.03515371,
          0.10210231]],

       [[-0.07685094,  0.04329788, -0.04895889, -0.08058214,
         -0.06643873],
        [-0.00911559,  0.07049245, -0.05824223, -0.00071265,
         -0.09170452],
        [-0.06377949,  0.09277487,  0.0326062 ,  0.08452083,
         -0.01848967],
        [-0.07826218,  0.09116117, -0.09302925, -0.05760041,
         -0.10809888],
        [ 0.09395149, -0.05399837, -0.02231619, -0.11592268,
         -0.09559257]]])
 array([[[-0.02678343, -0.04643279, -0.0689107 , -0.08129679,
          0.01967002],
        [-0.02443003, -0.01538751,  0.01381745, -0.10069476,
          0.06967339],
        [-0.04156636,  0.0261633 ,  0.07051166,  0.07994536,
         -0.01926049],
        [ 0.07561229,  0.05927237, -0.10953375, -0.01750718,
         -0.12052639],
        [ 0.05636806,  0.07003787, -0.10477311, -0.05061703,
         -0.00745337]],

       [[-0.03865187,  0.05983549, -0.04559334, -0.0477768 ,
         -0.04048194],
        [ 0.01465074,  0.07867932, -0.08924624, -0.09577169,
         -0.0967613 ],
        [-0.01806268, -0.06260257,  0.03815126, -0.03270871,
         -0.05647984],
        [ 0.07873068, -0.08270646,  0.04001091, -0.05009825,
          0.10243787],
        [-0.02326937, -0.0532713 ,  0.02617103,  0.11928817,
          0.02250681]],

       [[ 0.04037791, -0.01686166,  0.02814118, -0.09358212,
         -0.10107697],
        [-0.04662904,  0.03705028,  0.01397913,  0.01708422,
         -0.00359065],
        [ 0.04297726,  0.07044472, -0.01071031,  0.01952108,
          0.03591135],
        [-0.05415852, -0.08817732, -0.04094507,  0.11089823,
          0.05652376],
        [-0.07167896,  0.01527035, -0.03039222,  0.08266639,
          0.09145959]],

       [[ 0.0515546 , -0.13555654,  0.01761647, -0.04404267,
          0.01314336],
        [-0.08428045, -0.09328101, -0.06279291,  0.06642243,
         -0.06493686],
        [-0.09698941,  0.03193468,  0.05525922, -0.08697365,
         -0.02397064],
        [ 0.02241813, -0.10943353, -0.00421578, -0.08862437,
          0.0728667 ],
        [-0.04646803, -0.04046927, -0.02834174,  0.05580916,
         -0.11422743]]])
 array([[[ 5.70440372e-02, -1.46730939e-03,  1.12472213e-01,
         -3.54945068e-02,  2.45223271e-02],
        [-9.26676376e-02,  5.96328284e-02, -5.51482529e-03,
         -7.01548569e-02, -6.60197523e-02],
        [-5.23697861e-02, -3.21138756e-02, -5.86127006e-02,
          3.43999974e-02, -1.11141002e-01],
        [ 4.29328054e-03, -4.37454810e-02, -9.69874611e-02,
         -1.20304217e-01,  8.89556141e-02],
        [ 2.86291965e-02,  8.65128330e-02,  5.91113727e-02,
          1.00906365e-01, -6.24613371e-02]],

       [[ 4.90586897e-02, -5.68802390e-02,  9.08979614e-02,
         -1.53925945e-02,  7.75875649e-02],
        [ 3.72938205e-02, -6.24141047e-02,  8.05006975e-02,
          6.26723348e-02,  5.36729077e-02],
        [ 7.15598853e-02,  1.10244646e-01,  5.13183714e-02,
         -4.42289969e-02, -9.67734328e-02],
        [ 4.46826433e-02, -9.20216854e-02,  7.11364207e-02,
          1.92501289e-02, -1.02452341e-01],
        [ 1.44861675e-02,  3.18179150e-02,  3.27402202e-03,
         -8.66901003e-02,  6.60849286e-03]],

       [[-1.11466853e-01, -2.97420003e-02,  5.45261058e-02,
          1.85824633e-02, -9.85506614e-02],
        [ 2.34012408e-03, -5.40132861e-02, -8.69710565e-02,
          5.58025802e-03,  8.65292387e-02],
        [-6.37433363e-02,  8.19598754e-03,  2.89629415e-02,
         -1.00815821e-01,  4.94138027e-02],
        [-2.77870990e-02, -1.22438061e-01, -3.27539770e-02,
         -1.13813546e-01,  5.32381254e-02],
        [-2.36626106e-02, -1.12987145e-01, -8.85295049e-02,
         -4.73386091e-02,  8.84915166e-02]],

       [[ 6.57771992e-02,  4.90753535e-02,  6.77966978e-03,
          2.80721373e-02,  7.83292933e-02],
        [-1.46409057e-02,  6.33002016e-02,  1.05773811e-01,
         -6.03472506e-02, -6.94537824e-02],
        [ 8.76274177e-02,  4.50489365e-02,  8.06607386e-02,
          3.33990147e-03, -6.71427659e-03],
        [-6.34172527e-05, -5.08381775e-02,  2.42200609e-03,
          9.05005154e-02,  1.29152340e-01],
        [ 5.64258874e-02, -5.15130708e-02,  5.04030192e-02,
          2.31931042e-02,  2.69322330e-02]]])
 array([[[ 0.03919787, -0.06511799, -0.10088288, -0.01616794,
         -0.06108169],
        [ 0.00791308,  0.02510899,  0.02704361, -0.10202052,
          0.04624615],
        [-0.09561288, -0.10326152, -0.00895809, -0.09950843,
          0.04410055],
        [ 0.03081242, -0.09593823,  0.09138954,  0.03488051,
          0.00094997],
        [-0.09495012,  0.00148036, -0.07683616, -0.06513237,
          0.03307233]],

       [[ 0.01469726,  0.07152435,  0.11481837,  0.03617741,
         -0.08554049],
        [ 0.06637088, -0.06206649,  0.09916038,  0.11303312,
         -0.01757229],
        [ 0.04710244,  0.0412898 , -0.03620338,  0.10192544,
         -0.04072344],
        [-0.0661266 , -0.03191331,  0.09876708, -0.01753367,
          0.09319158],
        [ 0.10059337, -0.00557133,  0.10135646,  0.09808846,
         -0.01069207]],

       [[ 0.04711016, -0.09912554, -0.07238206, -0.05890077,
          0.02238244],
        [-0.1019842 ,  0.04122167, -0.12466475,  0.0971728 ,
          0.02734652],
        [-0.07106723, -0.0453675 ,  0.03814206, -0.112495  ,
          0.05373291],
        [-0.10721488, -0.07950136,  0.04822752,  0.03250319,
          0.01720541],
        [ 0.00715384,  0.04654514, -0.08369763, -0.11784657,
          0.06681715]],

       [[ 0.01895982,  0.05110415, -0.0061288 , -0.12240967,
         -0.11292387],
        [-0.11428597, -0.1092614 , -0.11880465, -0.08904427,
         -0.08835557],
        [-0.11714077, -0.09783596, -0.119913  , -0.01114727,
         -0.0806374 ],
        [-0.01777335, -0.10949689,  0.00581934, -0.08429308,
          0.07890596],
        [ 0.00421738, -0.03933217, -0.01560165, -0.00386825,
         -0.10978805]]])
 array([[[ 0.09115298,  0.10178879,  0.10682699,  0.07375845,
         -0.04490051],
        [ 0.08839038,  0.05431419,  0.02246078,  0.02824506,
         -0.02805043],
        [ 0.06631537,  0.03206524,  0.12921403, -0.06913229,
          0.07787084],
        [ 0.08946888, -0.00405166,  0.04399956,  0.09994596,
          0.00821778],
        [ 0.06402527,  0.11679138, -0.01075069,  0.11260015,
          0.02079059]],

       [[-0.09071309, -0.00767733, -0.12624189, -0.06189582,
         -0.03566699],
        [-0.00885807, -0.07708213,  0.01263124, -0.04111153,
          0.05249545],
        [ 0.00326062, -0.07887567,  0.04062178, -0.08441647,
          0.03827799],
        [-0.05153573,  0.03845136, -0.01094167,  0.01428345,
          0.03084091],
        [ 0.06910038, -0.1193345 , -0.00127568,  0.06746902,
          0.07017335]],

       [[ 0.11196079,  0.03674003,  0.08199257,  0.11749315,
          0.01570071],
        [-0.00937145, -0.07597725, -0.01958201, -0.09778445,
         -0.06088973],
        [-0.01789064, -0.0241922 ,  0.0398986 ,  0.07027209,
         -0.06080725],
        [ 0.057686  , -0.04766965,  0.03949595,  0.07623383,
         -0.02900491],
        [ 0.0371864 , -0.02296654, -0.07046207, -0.09356331,
         -0.05558453]],

       [[ 0.01281574,  0.07204829, -0.08195561, -0.08381642,
          0.02530282],
        [-0.07456102,  0.11101815, -0.05124702, -0.05099639,
          0.06031783],
        [-0.0271974 , -0.10928106, -0.06590238, -0.01298382,
         -0.05983435],
        [ 0.00512748, -0.02745415, -0.02642809,  0.03576804,
          0.10770856],
        [-0.05382004,  0.0588887 ,  0.0858342 ,  0.05599751,
          0.01794892]]])
 array([[[ 0.02544506,  0.12465192,  0.12128837,  0.09408125,
          0.04892363],
        [ 0.0339539 , -0.01907626,  0.11589337,  0.12079741,
          0.06856303],
        [-0.07579124,  0.04861041,  0.04545129, -0.0286109 ,
         -0.06263529],
        [ 0.03816424,  0.03360736, -0.0993981 , -0.01503741,
         -0.02873008],
        [ 0.10887779,  0.05260497,  0.08306963,  0.04507633,
          0.02997678]],

       [[ 0.08147945,  0.05867721,  0.12819954, -0.07506688,
          0.12749619],
        [ 0.10888548, -0.08686549, -0.0781732 ,  0.00545965,
          0.06325676],
        [-0.02956504, -0.02285632,  0.09970928, -0.04028486,
         -0.0602376 ],
        [ 0.0865741 ,  0.05726255,  0.09850888,  0.03864772,
         -0.09671696],
        [ 0.07329759,  0.00697721, -0.04060916,  0.08554828,
          0.04348571]],

       [[ 0.10291348,  0.07464328, -0.04907493,  0.0620541 ,
          0.02422355],
        [-0.08989352,  0.089643  ,  0.10242884,  0.03280659,
          0.08215184],
        [ 0.06646859, -0.04644512,  0.00097983,  0.07020771,
          0.05917512],
        [ 0.09743591, -0.00324139, -0.01334801,  0.00045516,
          0.03947398],
        [-0.06392317, -0.02707537, -0.00931253, -0.03853166,
          0.08777998]],

       [[-0.00405351, -0.09413589, -0.04735665, -0.0726931 ,
         -0.0992996 ],
        [ 0.02356596, -0.03202099, -0.07829635, -0.06252115,
          0.01325348],
        [-0.08239281, -0.05819512,  0.01691195,  0.06034098,
          0.09061826],
        [-0.08884173, -0.0472251 , -0.0106073 ,  0.04754706,
         -0.05210707],
        [ 0.09545459,  0.10343087,  0.02363411, -0.07571319,
          0.09803517]]])
 array([[[-0.00089534, -0.02210324,  0.09338295,  0.09349584,
         -0.11335071],
        [ 0.07331319, -0.02037896, -0.03307759, -0.08785722,
         -0.04576939],
        [ 0.05092562, -0.06646458,  0.05753605,  0.03924718,
          0.04186545],
        [-0.12161072, -0.00603192,  0.06697678, -0.05661506,
          0.00179586],
        [-0.02935072, -0.01924616, -0.02474146,  0.01797126,
          0.10134178]],

       [[-0.08496135,  0.1005786 ,  0.08303218, -0.06713788,
         -0.03282854],
        [ 0.06335894,  0.01824726, -0.02437907,  0.09845447,
         -0.10355513],
        [-0.09801484,  0.05616508, -0.07922516, -0.05345416,
          0.0432164 ],
        [ 0.03007644,  0.12190737,  0.05998785, -0.08932622,
         -0.02004356],
        [-0.01237845, -0.07056887, -0.04659878,  0.06780573,
          0.06390482]],

       [[ 0.01775859, -0.09419846,  0.08263026, -0.10309264,
          0.0054748 ],
        [ 0.11018132, -0.06455835, -0.01192848, -0.01288284,
         -0.03584024],
        [-0.09727693,  0.01619817,  0.01492469, -0.03335488,
          0.10702763],
        [-0.01089327, -0.10006743,  0.04437414, -0.06313635,
          0.04581638],
        [-0.06639104, -0.07397964,  0.04196747,  0.00820565,
         -0.07303648]],

       [[-0.08368079,  0.08241702,  0.034562  , -0.09983285,
         -0.04673747],
        [-0.01642307, -0.01460937,  0.03564155,  0.00451208,
         -0.01202132],
        [ 0.02027449, -0.06565638,  0.09895978, -0.02666784,
         -0.06635803],
        [-0.03603527,  0.06751159,  0.06542639, -0.08747589,
          0.10745897],
        [ 0.07108711,  0.08740004,  0.1079299 ,  0.06402054,
          0.07741448]]])
 array([[[-0.09899012,  0.00377137, -0.0582628 , -0.07443146,
         -0.02249565],
        [-0.03688456, -0.02937972, -0.07357987,  0.02951165,
          0.01909145],
        [-0.04263159,  0.00778707, -0.10369898, -0.07850358,
         -0.06023568],
        [-0.00048033,  0.00406382,  0.00501567, -0.0161398 ,
         -0.03891103],
        [ 0.01695173, -0.08568078, -0.0759278 ,  0.00622567,
         -0.04021833]],

       [[ 0.05817241,  0.02546561,  0.0602885 , -0.01762183,
          0.09699154],
        [ 0.10589353, -0.01241274,  0.05374242,  0.03797197,
          0.03962746],
        [-0.00904532, -0.03591641, -0.02738057,  0.00894566,
         -0.01486361],
        [ 0.01014703, -0.04280157,  0.00752208,  0.01589464,
          0.08495329],
        [ 0.05743676,  0.06128476,  0.02687966,  0.09820677,
          0.01571967]],

       [[ 0.10234657,  0.0469719 ,  0.05716192, -0.02601813,
          0.09337392],
        [ 0.05830907,  0.04546604,  0.01754905,  0.0062405 ,
         -0.0435627 ],
        [ 0.08728631,  0.03883068,  0.02011677, -0.03128766,
          0.02573049],
        [ 0.05302132,  0.04745121,  0.01163284,  0.07369116,
         -0.04542124],
        [-0.01371815,  0.07558653,  0.02795492,  0.01264959,
          0.09732785]],

       [[-0.02794075,  0.02132214, -0.00501473,  0.04214565,
         -0.0159186 ],
        [ 0.04557568,  0.0565446 , -0.06621374,  0.0080611 ,
          0.04075843],
        [-0.02003958,  0.00440069, -0.06115082, -0.05336376,
         -0.01267129],
        [-0.02008761, -0.05027524, -0.07206904, -0.08198666,
         -0.05556538],
        [ 0.03572709, -0.01278121, -0.03752604,  0.03348968,
         -0.01014192]],

       [[-0.05900089,  0.06150441,  0.05998925, -0.06666488,
          0.07880003],
        [-0.08531391, -0.0665236 ,  0.0213298 ,  0.02858199,
          0.05858412],
        [ 0.01045254, -0.06305404, -0.00684376, -0.04570131,
         -0.0072025 ],
        [-0.02439169, -0.06127845, -0.06368963,  0.06452774,
          0.01174855],
        [-0.01297131, -0.03020791,  0.03168391,  0.00232403,
          0.00508219]],

       [[ 0.01259623, -0.05288572, -0.04522952,  0.06348686,
          0.05886739],
        [ 0.01874041, -0.02968574,  0.02261194, -0.01069116,
          0.05440774],
        [-0.01814703, -0.00397704,  0.0008467 , -0.02120208,
         -0.01987023],
        [-0.0394083 , -0.05948725,  0.06507497,  0.00342041,
         -0.03666715],
        [ 0.08880294, -0.06196479,  0.08584485,  0.00342741,
         -0.01782511]]])][ 0.13628556 -0.08253697  0.02011407 -0.13286572 -0.12706653  0.02321285
 -0.12812242  0.05903824 -0.04184749  0.16362139  0.11968512 -0.05494923
 -0.16258338  0.10265279 -0.04721271  0.03353681]
-----------------------------------------------
[[-0.86302512 -2.27119637]
 [ 0.8851528  -2.53735175]
 [ 0.50365243 -3.28274511]
 [-0.77224142  2.66313472]
 [ 0.49745411 -0.65335143]
 [ 0.17717748  2.33735967]
 [-0.70072114  1.59422158]
 [ 0.20782606 -0.75703499]
 [-0.4235383   2.5660459 ]
 [-0.71649878 -1.3999721 ]
 [ 0.71168454  1.15200045]
 [-0.70662114  0.64578761]
 [ 0.63419593 -1.11536864]
 [-0.45741019 -0.34238442]
 [-0.20979523 -0.62061073]
 [-0.50801287 -0.59643781]]
-----------------------------------------------
[[[[ 3.53609669e-03  4.03286130e-02 -7.84946912e-03 -1.58681701e-02
     2.47318288e-02]
   [-1.02154156e-02  2.39395453e-02  2.85637298e-02  3.59643952e-02
    -1.00877480e-02]
   [-9.54524257e-03  7.57808555e-03  9.13929474e-04  1.28961475e-02
     3.65086035e-02]
   [ 6.63521171e-03 -1.04183114e-03  4.00675360e-02  4.28351200e-02
     4.25783332e-02]
   [ 1.39844570e-02  3.77623919e-02 -1.24364805e-02 -7.19114666e-03
     1.25110001e-02]]

  [[-8.21703870e-03  4.23485930e-02  2.28263329e-02 -1.36376492e-03
     3.03595746e-02]
   [ 1.50258785e-02  7.16010904e-03  3.43626990e-02  3.38820291e-02
    -2.84388582e-03]
   [-9.01209799e-03  3.08825123e-02  2.86796928e-02  2.49909792e-02
     1.00546144e-02]
   [ 3.77734052e-02  1.53543673e-02  3.70500134e-02  4.01358112e-02
     4.25364553e-02]
   [-1.05107549e-02  4.02066839e-02  3.17267731e-02  3.05277328e-02
     3.34728905e-02]]

  [[-5.99291451e-03  3.09282638e-02 -8.27307111e-03  2.02534104e-02
     2.59426367e-02]
   [ 2.74968515e-02  4.25059558e-02 -5.23321975e-03 -1.01273494e-02
     3.20570719e-02]
   [ 8.58665395e-03  1.31042508e-02 -1.45748158e-02  9.04504899e-03
     1.75358830e-02]
   [ 3.83058003e-02  4.12269908e-02 -2.13030951e-03  3.43783255e-02
     1.98327411e-02]
   [ 3.07579379e-02 -2.19603853e-03  2.38336662e-02 -4.60519315e-03
    -1.51251314e-02]]

  ...

  [[-1.19953272e-02  1.80064033e-02 -5.99911388e-03  2.74561213e-02
    -2.80383061e-03]
   [ 1.57583877e-02  2.46411915e-02 -2.06428726e-02  2.79826802e-02
     1.04097543e-02]
   [-2.22185188e-02  5.49993059e-04 -2.72487707e-02  2.06760259e-02
     1.91417514e-02]
   [ 3.07759423e-02  3.28734373e-02 -2.07657591e-02 -7.41091470e-03
     1.59617774e-02]
   [ 2.15543043e-03 -9.04196459e-03  2.82832402e-02  1.45058553e-02
     1.69876339e-02]]

  [[-9.52263275e-03 -1.42685882e-02 -1.93153995e-02  1.83949137e-02
     8.12007010e-03]
   [-2.51283179e-02 -1.72914983e-02  1.22835571e-02  1.02429166e-02
     2.12122193e-02]
   [ 2.01908547e-02  1.66787936e-02 -1.15088509e-02 -3.32920204e-03
     3.16235592e-02]
   [-1.00891828e-02 -1.20750395e-02 -2.74857743e-03 -7.25244210e-04
    -4.93347942e-03]
   [ 7.64331816e-03 -4.98265448e-03 -9.08248272e-03  1.51140575e-02
    -2.01870570e-02]]

  [[ 2.99903314e-02  2.92225133e-02  2.47924438e-02  4.06498798e-03
     6.83547301e-03]
   [ 6.26143512e-03  1.52080707e-02  3.84421783e-02  3.55036664e-02
     7.76041604e-03]
   [ 2.41353920e-02  3.79699620e-03  1.93232797e-02 -1.05585105e-02
     3.32688249e-02]
   [ 1.95235887e-03  1.68314986e-02  5.80602138e-03  2.13016502e-02
     3.11390535e-02]
   [ 1.04578248e-02 -1.12886659e-02  2.38315315e-02 -2.20676236e-02
     6.40132320e-03]]]


 [[[-1.58728953e-02  1.12789375e-02 -3.05866783e-02 -3.02877651e-02
     1.17855026e-02]
   [-8.93909931e-03 -4.10772518e-02 -4.31265398e-02 -2.45412297e-02
     2.68968091e-03]
   [-4.26310978e-04 -2.22023961e-02  8.37658935e-03 -9.24447170e-03
    -3.68345748e-03]
   [-4.23850513e-02  2.82512873e-03  4.26799449e-03 -1.40693670e-02
    -3.55097487e-03]
   [-1.96073900e-02  1.34678519e-02 -2.66914542e-02 -3.19012210e-02
    -4.18763591e-02]]

  [[-3.52265502e-02 -3.30752706e-02 -2.21001870e-02 -4.12152804e-02
    -3.40887771e-02]
   [-2.55764631e-02 -8.79882003e-03 -1.01636017e-02  6.52335667e-03
    -7.78557656e-03]
   [-2.71696326e-02 -2.47407755e-02 -3.29273276e-02 -3.29436535e-02
     1.76582651e-03]
   [-3.29442164e-02  4.46547092e-03 -2.61992139e-02 -3.04288033e-02
    -2.16412095e-03]
   [-4.97724577e-05  6.70953571e-03 -1.20903616e-02 -2.11115590e-02
    -4.26459695e-02]]

  [[-1.64250735e-02 -4.66316690e-03  4.52424885e-03 -1.32989874e-02
    -5.77993427e-03]
   [-8.63554646e-03 -4.27483457e-02 -2.82533568e-02  3.92466701e-03
    -1.52132291e-02]
   [-2.27883932e-02 -9.04207392e-03  6.63530442e-04 -3.83312917e-02
     7.26310993e-04]
   [ 1.52050130e-02  5.76666196e-03 -3.19283705e-02  1.31041339e-02
    -3.20075452e-02]
   [-2.11092507e-02 -4.18497715e-02 -3.47668992e-02  1.53018122e-02
    -1.22023003e-02]]

  ...

  [[ 1.53099291e-02 -3.26270831e-02 -2.90624894e-03  1.03900082e-02
     1.39050838e-02]
   [-5.98594913e-03  8.67498917e-03  1.93034447e-02  2.38878537e-02
     5.59452900e-03]
   [ 7.13440263e-03 -1.84749957e-02 -2.55467083e-02  3.51676488e-03
    -2.29153957e-02]
   [ 1.49996973e-02  2.40290064e-02  2.18125592e-03  1.65584264e-02
    -1.36912377e-02]
   [ 4.64969958e-03 -1.29691311e-02 -5.30731701e-03 -3.19199894e-02
    -1.49219733e-03]]

  [[-3.24561433e-02  1.07366563e-02  2.39172094e-02  3.60965142e-03
     2.49968542e-02]
   [-2.74051768e-03 -2.13116107e-02  2.23007394e-02 -2.22549903e-03
    -1.86786273e-02]
   [ 7.95432019e-03  1.23091392e-02  1.39463455e-02 -1.35629285e-02
     1.87895553e-02]
   [ 1.41970073e-02 -2.24902164e-02  2.55521701e-02  2.31404142e-03
    -2.13393001e-02]
   [ 2.32197921e-02 -2.39654607e-02 -1.27843028e-02 -1.29785071e-02
     2.26626734e-02]]

  [[-2.41575862e-02  2.87201610e-03 -3.07922367e-03 -2.76828941e-02
    -1.28812027e-02]
   [-1.89372069e-02 -1.85122311e-02  2.02597132e-02 -1.95603337e-03
     6.16520816e-03]
   [ 1.13955601e-02 -2.42510785e-02  1.48568608e-02 -1.67808397e-02
    -1.87199707e-03]
   [ 1.37605693e-02  1.57010774e-04 -3.45758900e-03 -3.75003376e-02
    -2.22311067e-02]
   [-1.81570688e-02  1.35415692e-02 -3.48256614e-02  3.57951256e-03
    -1.96164586e-02]]]


 [[[-3.22781222e-02 -6.78770367e-03 -4.45250088e-02 -1.35266898e-04
    -1.70377664e-02]
   [ 5.49325371e-03 -3.73362718e-02 -3.73913104e-02 -3.84335719e-02
    -4.30697765e-02]
   [-4.57780813e-02 -9.69396237e-03 -2.87464839e-02 -1.54702353e-02
     1.33976567e-02]
   [-6.24104325e-03 -1.51972321e-02 -1.18293692e-02 -3.07109404e-02
    -1.48471486e-02]
   [ 7.16497266e-04  7.22445410e-03  7.29077553e-03 -3.83623810e-02
    -1.42484289e-02]]

  [[-2.73160592e-02 -1.31441504e-02 -5.27076359e-03  7.58697433e-03
    -2.29982859e-02]
   [-3.46638210e-02 -1.60088036e-02 -1.80781093e-04 -4.07036445e-02
    -6.72522113e-03]
   [-4.37904682e-02 -4.46127725e-02 -1.95487703e-02 -3.55878674e-02
    -1.86912804e-03]
   [-4.21365954e-02 -4.20121113e-02 -2.61915579e-03 -1.17745681e-02
     4.82441250e-03]
   [-1.05387320e-02  3.20247992e-04 -3.76047157e-02  8.52475163e-03
    -3.74673591e-02]]

  [[-1.05877975e-02 -4.35327934e-02 -2.45308548e-02 -3.97090922e-02
     3.12208910e-03]
   [-3.70996794e-02 -1.74472347e-02  6.33508055e-03 -1.96970918e-02
    -2.70922039e-02]
   [ 6.93633202e-03 -1.89741319e-02 -3.60468093e-02 -3.07696326e-02
     1.10941841e-02]
   [-1.91864475e-02 -3.63227346e-02 -6.41084870e-03 -3.43139337e-02
    -2.48158186e-02]
   [-1.68715747e-02 -2.02298122e-03 -2.15231227e-02 -3.15964722e-02
    -3.90697363e-02]]

  ...

  [[-2.72921753e-02 -1.91756185e-02  1.50181872e-02 -5.73051843e-03
    -1.74435169e-02]
   [ 9.05233351e-03 -4.99567245e-04 -1.84291978e-03  1.65572419e-02
    -1.87466245e-03]
   [ 1.73674116e-02  2.12656564e-02 -1.18111271e-02 -2.85697094e-03
    -1.61633739e-02]
   [ 8.82404560e-03  3.01121718e-03 -2.54445922e-02  1.86218028e-02
    -1.41732190e-02]
   [-1.87310175e-02  1.51764610e-02 -2.51703848e-02  1.87671592e-02
    -2.81069464e-02]]

  [[-3.13459508e-02 -1.59041954e-02 -3.11367586e-02 -5.24502161e-03
    -2.77003155e-02]
   [ 1.68371450e-02  1.79050129e-02  1.89788937e-02 -1.94729117e-02
     2.01539938e-02]
   [-1.21164397e-02  1.52598924e-02 -2.43423441e-02  2.16396829e-02
    -1.99050583e-02]
   [-3.15262506e-02  9.76679352e-03  3.13994398e-03 -3.21160949e-02
    -5.36225419e-03]
   [-2.41917230e-02 -1.12302876e-02 -3.01877948e-02 -2.42702313e-03
    -2.68113483e-02]]

  [[ 1.67342568e-02 -1.89463335e-02 -9.12859831e-03 -3.80778641e-02
    -2.38009782e-02]
   [-3.80572736e-02 -3.44008386e-02 -3.43780557e-02 -3.95245491e-02
    -2.49148905e-02]
   [-2.19687180e-02 -1.67755403e-02 -3.43854897e-02 -2.46502879e-03
    -1.26551950e-02]
   [-2.32950048e-02  6.37603152e-03  2.03368845e-02 -6.79295458e-04
     1.43024003e-02]
   [ 1.54259633e-02 -8.30667653e-04  7.80610229e-03  1.32222341e-02
     1.74505253e-02]]]


 ...


 [[[-8.87196467e-03 -4.45947324e-02 -9.88810587e-03 -1.95818224e-02
    -1.00092920e-02]
   [-3.99863089e-02  1.02372541e-02  1.02232933e-02 -1.61181690e-03
     8.12622405e-03]
   [ 1.00969920e-02 -1.23825780e-02 -4.27875004e-02 -1.13924461e-03
    -1.16567797e-02]
   [ 6.07383652e-03 -4.18687429e-02 -4.46083182e-03  3.17957188e-03
     6.83626566e-03]
   [-7.56851173e-03 -1.12490905e-02 -2.21749473e-02 -3.39829328e-02
    -3.71758092e-02]]

  [[ 1.65875413e-03 -6.71620301e-03 -1.39725188e-02 -3.63308253e-02
    -6.72581628e-03]
   [-2.54999645e-03  6.70980780e-03 -2.60961106e-02 -2.03289842e-02
    -3.66888268e-02]
   [ 9.97725546e-03 -9.77058622e-03 -1.52736383e-02 -4.36662805e-02
    -7.20648207e-03]
   [-4.35878308e-02 -2.60292001e-02  9.85374113e-03 -4.57011354e-02
    -1.36151677e-02]
   [-1.34105262e-02 -4.49582337e-02 -4.08950270e-02 -1.71141307e-03
    -4.45176572e-03]]

  [[-4.41005792e-02 -1.64448857e-02 -4.42696907e-02 -4.11067623e-02
    -3.61757737e-02]
   [-3.62853534e-02 -1.30008469e-02  1.30809425e-02 -4.40583764e-02
    -1.75235221e-02]
   [-2.61700436e-02 -3.46717860e-02 -1.94817936e-02 -3.93373001e-02
    -2.49162753e-02]
   [-4.01883936e-02 -1.62941829e-02 -3.93240637e-02 -3.85129012e-02
    -4.32927183e-02]
   [-2.83302811e-03 -2.80015090e-03  3.90871867e-03 -3.68612492e-02
     7.16688309e-03]]

  ...

  [[-3.59156201e-02 -6.04912613e-03  2.15039919e-02  4.78871062e-03
     8.05584410e-03]
   [ 1.36744203e-02  4.24754553e-03  2.54449830e-02  1.29664063e-02
    -2.22541714e-03]
   [-1.72673037e-02 -2.15873076e-02  2.64939822e-02 -7.77254674e-03
     1.38278022e-02]
   [-2.60320770e-02  7.62704865e-03  1.31858998e-02  1.21105266e-02
    -3.99292106e-03]
   [-1.36996858e-02  2.31236019e-02 -1.60592320e-02 -5.84264985e-03
    -1.14812387e-02]]

  [[ 5.60182085e-03  1.20714020e-02 -1.35204074e-02 -2.90495993e-02
     1.93700535e-02]
   [-1.72108580e-02 -2.56395196e-02 -2.04091240e-02 -9.30541601e-03
     1.12036234e-02]
   [-1.35477109e-02  1.04694378e-02 -1.99943009e-02 -8.46761014e-03
    -3.55124017e-03]
   [-3.02551827e-02 -2.38022023e-02  6.28076206e-03  7.83403337e-03
    -2.13428603e-02]
   [ 2.25496810e-02 -2.01837850e-02  2.87487358e-03  2.00495704e-02
    -1.17492725e-02]]

  [[-2.08527990e-03 -2.47785986e-03 -1.83948220e-02  5.20318140e-03
     1.13012414e-02]
   [ 1.48785230e-02  1.65362639e-02 -6.51530291e-03  1.42369006e-03
    -1.59291733e-03]
   [-3.82604612e-02 -6.22221408e-03  1.86401649e-02 -1.83365105e-02
    -1.03155330e-02]
   [-9.38527214e-03 -1.19340986e-02 -2.71632114e-03 -3.89362881e-02
    -1.05860708e-02]
   [-3.37575251e-02 -5.36870133e-03 -1.87932077e-02  1.22463178e-03
    -1.90219230e-02]]]


 [[[ 3.05925687e-02 -6.26444659e-03 -6.57384743e-03  1.70031414e-02
     1.40672269e-02]
   [-7.82861049e-03  4.37013893e-02  4.20578893e-02  2.12183007e-02
    -6.75104956e-03]
   [ 3.16735524e-02 -3.61480585e-03  5.39853638e-03  3.52829327e-02
     4.29162273e-02]
   [ 3.08481976e-02  1.17320650e-02  1.19248925e-02  3.75930723e-02
     6.18875942e-03]
   [ 3.47714652e-02  2.33255484e-02  2.12767305e-02  2.27034170e-02
    -5.31971499e-04]]

  [[-7.28109548e-04  2.80037017e-02  1.83565838e-02  4.10020337e-02
     1.36000794e-02]
   [ 9.15045797e-03  1.49904810e-02  4.06020880e-02  4.85607583e-03
     1.41091583e-03]
   [ 2.19123368e-02  2.90294514e-03  1.70868269e-02  4.48313040e-02
     2.30633551e-02]
   [ 3.59295436e-02 -7.80059492e-03  2.28067581e-03 -5.36412504e-03
     1.19033590e-02]
   [-5.39856334e-03  8.23996026e-03 -4.66778087e-03  4.18491186e-02
     4.48337498e-02]]

  [[ 3.37220806e-02  3.80571104e-02  3.85081336e-02  9.96680531e-03
     3.05626187e-02]
   [ 1.03967525e-02 -8.81809086e-03 -1.40519759e-02  3.76362798e-02
     1.59093144e-02]
   [ 2.48756670e-03  2.09428203e-02  1.39998536e-02  2.91987826e-02
     6.56433069e-04]
   [ 3.85050518e-02  3.05415983e-02  6.24575532e-03  3.54647938e-02
     2.88756199e-02]
   [-1.23325341e-02 -1.26959811e-03  2.74002861e-02  1.18923885e-02
    -9.84395865e-03]]

  ...

  [[ 3.59366322e-02  1.03411939e-02  2.58841976e-02  2.72349616e-02
     1.13021078e-03]
   [ 6.54590567e-04  7.02747529e-04 -2.28412933e-02 -2.47452122e-02
     3.44335231e-02]
   [ 2.43704508e-02 -2.18355734e-02 -1.79118645e-02 -1.78526189e-04
    -1.20332174e-02]
   [ 1.87169127e-02 -1.57548130e-02  2.78731678e-02  2.43833002e-02
    -1.26513341e-02]
   [-2.07402107e-02  4.20757103e-03 -1.78279876e-02  3.04273822e-02
     2.57160604e-02]]

  [[-4.90306422e-03  4.54791673e-04  1.55413514e-02  2.98913217e-02
     4.99795250e-03]
   [ 9.40415995e-03  2.26452405e-02  1.04602031e-02  1.78544347e-02
     8.54358724e-03]
   [-7.55755385e-03  2.95821386e-02  2.31449454e-02  9.58224867e-03
     2.61531144e-02]
   [-1.01529534e-02 -1.04358285e-02 -4.49113447e-03  1.57151229e-02
    -1.00417717e-02]
   [-2.30395378e-02  2.17395099e-02 -1.15922149e-02  1.14491739e-02
    -2.54691293e-02]]

  [[ 2.58072774e-02  2.85596554e-02 -1.54800385e-02 -1.08013373e-02
     1.00857869e-02]
   [ 3.11018729e-02  1.94303981e-02 -1.56158111e-02 -2.84890914e-03
     3.22703075e-02]
   [ 6.26195416e-03  3.59255966e-02  3.60245307e-02 -1.03376157e-02
    -1.42061977e-02]
   [ 2.16462531e-02  2.62751623e-02  1.71763135e-02  2.01995267e-02
     7.01395216e-03]
   [-2.13271059e-02  9.56795608e-03  2.58828841e-02  2.09417331e-02
     2.37001288e-02]]]


 [[[-8.25317087e-03  6.25268643e-03 -2.43033125e-02 -7.91371822e-04
    -3.90015409e-02]
   [-1.18247313e-02 -1.46530021e-03  4.09540634e-03 -3.81862502e-02
    -8.53073576e-03]
   [ 1.27296840e-02 -2.04834852e-02  1.18630998e-02  1.21083073e-02
    -1.54923592e-02]
   [-1.60925328e-02 -1.31445198e-02 -1.78802127e-02 -7.25793540e-04
    -3.91509052e-02]
   [-3.07365506e-02 -3.38025393e-02 -2.18349192e-02 -3.14323737e-02
    -3.74475284e-03]]

  [[-1.66254924e-02 -1.80703942e-02  2.77044052e-03 -2.35788879e-02
     2.35399069e-03]
   [-2.69476325e-02  1.37571114e-02 -1.05486341e-02 -3.11063482e-02
    -3.54900086e-02]
   [ 9.08823081e-03 -2.66369995e-02 -3.50535067e-02 -2.81664158e-02
    -1.81745971e-02]
   [ 4.51939595e-03 -2.65042194e-02 -5.15265080e-03 -3.44490716e-02
     2.92869722e-03]
   [-4.91638666e-03 -4.04315901e-02 -2.55808330e-02 -3.06860640e-02
    -6.04450287e-03]]

  [[-4.01124832e-03 -1.97793543e-02 -4.55543310e-02 -3.15574668e-02
    -9.48137069e-04]
   [-4.51485331e-02 -1.00230488e-02 -1.02603161e-02 -3.93106634e-02
    -2.15320466e-02]
   [-3.00239099e-02 -1.42161891e-02 -2.84609593e-02 -1.72549125e-02
    -3.49405027e-02]
   [ 9.79912518e-03 -3.14271668e-02 -3.01504497e-02  2.45087399e-03
    -3.34391315e-02]
   [-1.68350148e-02 -3.31864434e-03 -3.59838209e-02 -1.34610084e-02
    -3.68015731e-02]]

  ...

  [[-2.98437845e-02  2.08412461e-02  1.25298382e-02 -2.28812596e-02
    -1.51540355e-02]
   [-3.39193638e-02 -7.22273095e-03  2.43827759e-02  5.91272699e-03
    -1.56463926e-02]
   [ 1.33040938e-02 -3.02962874e-02  7.41743995e-03 -1.52566064e-02
     2.09094277e-02]
   [-3.35756091e-02 -3.03155321e-02  2.71463182e-02  8.68890580e-03
     2.05836302e-02]
   [-1.92037396e-02 -3.20512399e-02  3.65227928e-03 -2.63090772e-02
     2.14173994e-02]]

  [[-1.71492779e-02 -1.91729006e-02 -1.80145393e-02  1.30282243e-02
     1.16718311e-02]
   [ 3.29066051e-03 -1.69185919e-02  3.79279206e-03  8.71404985e-03
    -5.88566609e-03]
   [-1.79446510e-02 -1.79287886e-02  2.40327464e-02 -2.50689541e-02
    -4.43069670e-04]
   [ 9.09099488e-03  2.32050887e-02  1.36464994e-03  3.83958143e-03
    -2.95261504e-02]
   [-8.96261734e-03  8.38361235e-03  2.37620963e-02 -1.93475074e-02
    -2.11079713e-02]]

  [[ 4.55854980e-03 -2.94030814e-02 -3.27114704e-02 -1.57463257e-02
    -2.67643651e-02]
   [-3.29158614e-02 -2.88714361e-02 -3.43593742e-02 -2.83449400e-02
     1.20788457e-03]
   [ 1.82898166e-02  1.41076997e-02  7.63292056e-03  1.81356051e-02
    -3.68818416e-02]
   [-2.46462398e-02  1.09431636e-02 -3.62010702e-02 -2.78904046e-02
    -1.84192120e-02]
   [ 7.77655113e-03  5.81509153e-03 -1.40139819e-02 -2.58277748e-02
     1.77593347e-02]]]][ 7.30967920e-03 -1.85538649e-02  8.85221066e-03 -1.60758730e-02
 -3.57046863e-02  1.43594357e-02  6.68392128e-03  5.14758724e-03
  3.29911998e-02 -1.94401185e-02  3.71350333e-02 -1.85250430e-02
 -1.45613299e-02  2.62439509e-03  1.11122007e-02  1.32483021e-02
  1.03517483e-03 -2.65297525e-02  2.62968436e-03 -7.39224252e-05
  3.08861424e-02 -9.50912435e-03 -8.23212698e-04  2.70179250e-02
  2.99998898e-03 -4.09385711e-03  3.39825079e-02  1.18608260e-02
 -1.41222832e-02 -2.11804802e-02  8.08008220e-03 -3.20629350e-02
 -1.29011181e-02 -3.26541455e-02  3.62286719e-02 -4.05247267e-02
 -1.12329820e-02  1.55354493e-02  1.94911829e-03  9.90464626e-03
  2.94453716e-02  9.05345675e-03 -1.66750394e-02  3.91837166e-02
 -1.52642586e-03  2.55076928e-02  2.90289728e-02 -2.79898170e-02
 -1.01285347e-02  2.71922033e-02  5.31785740e-03 -1.84918073e-02
 -1.68284743e-02 -8.23418052e-03 -1.34467612e-02 -8.63871585e-03
 -2.54141009e-02 -1.41450706e-02 -1.20925198e-02  1.42220620e-02
  1.71277081e-02 -1.91713707e-02 -1.74977243e-02  8.83562847e-03
  3.77335715e-03 -6.87010770e-03 -3.57209371e-02  1.91959376e-02
  6.36379384e-03 -1.35499464e-03  3.61805146e-02 -8.29007519e-03
  1.03205786e-03 -2.08354283e-02  4.39284085e-02  1.01004017e-02
  1.51224754e-02 -1.06724980e-02 -1.50130650e-02  1.32519355e-02
  2.96861147e-03  1.54463818e-02 -2.37327186e-02  2.68976237e-02
  1.38663901e-02  3.37315877e-02  1.58093073e-02  7.47641835e-03
 -3.42753264e-02 -8.00204165e-03 -1.63604789e-02  1.53349094e-02
  3.90603505e-02 -4.16080786e-02  1.72073676e-02  1.02638607e-02
 -1.13669935e-02  8.36473307e-03  1.20128732e-02 -5.79607440e-03
 -5.34926052e-03  4.05732744e-02  1.29294673e-02 -2.99813738e-03
  2.36479989e-03  1.07144073e-03  1.28813102e-02 -1.75477365e-02
  1.70469631e-03 -1.45488032e-03  2.43924699e-02  7.56636995e-03
  2.82579508e-02 -1.02304652e-02  2.60488126e-02 -3.35397787e-02
  7.39762510e-03  2.25144944e-02 -8.99937141e-03  2.06909618e-02]
-----------------------------------------------
[[-0.03402126  0.03430599  0.03399686 ...  0.04026483 -0.03489305
   0.02524346]
 [ 0.05160036 -0.04557849 -0.03682016 ... -0.05418582  0.05175353
  -0.04204929]
 [-0.46797975  0.46276553  0.46977311 ...  0.48208983 -0.4794194
   0.45764115]
 ...
 [ 0.12436239 -0.1148272  -0.10806149 ... -0.09612488  0.11931793
  -0.12129865]
 [-0.18749603  0.18717304  0.15634569 ...  0.15565469 -0.16808381
   0.15756888]
 [-0.04879631  0.04703459  0.03634086 ...  0.06537745 -0.04301253
   0.05188385]][ 0.01399705 -0.04231128  0.27297719 -0.01853747 -0.06150034  0.04185277
  0.00907748 -0.05870088 -0.04516028 -0.03517529 -0.02698868 -0.02694624
  0.02128457 -0.03925643  0.04794505  0.0112527  -0.05094451  0.01557861
 -0.00502087  0.0254909   0.03039436  0.02360586  0.03995755  0.04234884
 -0.05266623  0.03138045 -0.01694726 -0.00529324  0.02432259 -0.07650717
  0.05075126 -0.03848939 -0.0195882   0.06427014 -0.02445174 -0.0023169
  0.00348899 -0.06678898 -0.03969926 -0.03152818 -0.02726059 -0.02301496
 -0.05101093 -0.03060321  0.00077072  0.01804869 -0.02285532  0.01007839
 -0.02763593  0.13516455  0.13159689  0.03114625 -0.03094043 -0.02804379
 -0.08147068  0.00160998  0.03895265 -0.01521678  0.12596596 -0.03490247
  0.01284782 -0.01535823  0.02607783  0.04905111  0.00279027 -0.04060036
  0.05165224 -0.0266132  -0.03247182 -0.047781   -0.02395329 -0.00511607
 -0.04989564  0.02462915 -0.02436714 -0.01203576 -0.04182461 -0.04494112
 -0.04080373 -0.04057172 -0.10088897 -0.07633932  0.12710358  0.03502478]
-----------------------------------------------
[[ 1.64487840e+00 -2.08881597e+00 -2.45089330e+00  3.17860462e+00
   3.01339907e+00 -1.64277177e+00  2.65448858e+00  2.44802858e+00
   4.80716486e+00  2.58448733e+00  2.30232084e+00  2.89162117e+00
   1.04040251e+00  3.14816114e+00 -2.82115025e+00 -4.46085487e+00
   3.14117308e+00 -4.55504594e+00  4.42345660e+00 -1.52794065e+00
  -4.61735233e+00  7.85029245e-01  3.97645546e-01 -2.33041094e+00
   3.50954739e+00 -2.66056628e-01  1.92987960e+00  2.89016220e+00
   1.29746407e+00 -3.65423696e-03 -4.50565736e+00  5.19343612e+00
   1.34961380e+00 -4.45294507e+00  4.40892508e+00 -1.14055729e+00
  -4.34530960e+00  3.90252188e+00  2.86126194e+00  2.93533553e+00
   1.38335388e+00  3.39963624e+00  5.06640012e+00  5.10335243e-01
  -5.05998383e+00 -2.74967826e+00 -5.79542032e-01  9.60279693e-01
   7.00157238e-01 -5.38511631e+00 -3.41822555e+00 -4.38935335e+00
  -8.12268835e-01  1.84314732e+00  3.13271935e+00  5.08617633e+00
  -2.93623883e+00  2.67319824e+00 -2.96086102e+00  3.18678029e+00
  -3.15226611e+00  4.90840866e+00  6.41783239e-01 -4.47805450e+00
  -5.63137305e+00  2.95554602e+00 -1.66276246e+00  3.77804310e+00
   5.41211091e+00  1.21034498e+00  1.99129794e+00  4.96808666e+00
   2.94848685e+00 -4.01077436e+00  3.19081596e+00  5.17953903e+00
   1.41789555e+00  1.80643451e+00  5.77557253e-01 -2.58675231e-01
   2.36718038e+00  5.20845068e+00 -2.57216260e+00 -9.33131111e-01]
 [-1.04949727e+00 -1.68916664e+00 -3.03290367e+00  3.57278385e+00
   5.83439985e+00 -4.58148544e+00  2.96727612e+00  2.98186221e+00
   3.56895295e+00  5.18955838e+00  2.97906336e+00  3.06388149e+00
  -2.57231156e-02  6.23814583e+00 -3.50743623e+00 -5.15829246e+00
   4.05277070e+00 -3.27045366e+00  2.96350715e+00 -1.80848505e+00
  -3.20140383e+00 -1.69803939e+00 -2.11159629e+00 -5.17182875e+00
   1.76288557e+00 -4.89452539e-01  4.73877353e+00  5.58051551e+00
  -1.00697492e+00  1.97814790e-01 -5.23083934e+00  3.83904348e+00
   1.94045074e+00 -4.61030665e+00  2.73225399e+00  6.09404671e-01
  -2.42185899e+00  1.97231116e+00  3.47442939e+00  1.20518490e+00
   1.94442141e+00  4.40227729e+00  5.61116286e+00  1.18929810e+00
  -3.67058025e+00 -3.30492381e+00  1.93661038e-01  1.45999648e+00
   9.24751503e-01 -3.94058596e+00 -3.81943206e+00 -2.32477929e+00
  -5.05356887e-01  2.65895786e+00  3.37017471e+00  3.53225630e+00
  -3.60095356e+00  1.14389282e+00 -5.94541896e+00  3.98221884e+00
  -3.43526579e+00  5.44353955e+00  3.26325153e-01 -2.56493783e+00
  -6.15685191e+00  5.70142216e+00 -1.71919029e+00  4.15555098e+00
   3.68622137e+00  1.61890634e+00  2.46203963e+00  3.65133754e+00
   5.88752324e+00 -4.25704805e+00  3.69047291e+00  5.78722730e+00
   4.34381180e+00  2.63300917e+00  3.44580248e+00 -6.56820455e-02
   2.44284651e+00  4.05215235e+00 -2.84461186e+00 -4.04362974e+00]
 [ 1.16762515e+00  9.97625751e-02 -2.77914362e+00  5.18147092e-01
   2.50273393e+00 -3.88204671e+00  4.67570883e-01  4.27659790e+00
   2.94302384e+00  2.60633746e+00  2.49770431e+00  5.01877742e+00
  -1.22050374e+00  2.87866212e+00 -4.60570703e+00 -1.85304734e+00
   3.17448238e+00 -2.10687199e+00  2.06973388e+00 -1.64551406e+00
  -2.76690476e+00  5.54373880e-01 -9.13231170e-02 -2.42107949e+00
   3.59812201e+00  3.35225794e-01  4.77160005e+00  3.46976285e+00
   1.30146031e+00  3.19971729e-01 -2.01750370e+00  2.63151803e+00
  -6.54909302e-01 -4.88335554e+00  2.58397010e+00  6.73835380e-01
  -4.56811892e+00  1.31303301e+00  4.21612314e+00  3.81341572e+00
   1.92040120e+00  3.16540289e+00  3.24063746e+00  2.39780963e+00
  -5.84907669e+00 -5.17766281e+00 -5.50957273e-01  1.32902209e+00
  -1.20465309e+00 -2.84187608e+00 -2.50966111e+00 -4.46751409e+00
   1.21253703e+00  2.31722998e+00  2.14816629e+00  3.60596460e+00
  -5.19135516e+00  3.60576810e+00 -5.59330633e+00  3.13957810e+00
  -1.46480997e+00  2.59779769e+00 -1.55847433e+00 -4.80356585e+00
  -6.25586638e+00  3.34012376e+00 -1.42596423e+00  4.68036803e+00
   2.49890581e+00  2.05976030e+00  2.36877905e+00  2.91636552e+00
   3.43397161e+00 -1.72299198e+00  5.80867665e+00  5.03231391e+00
   1.75480250e+00  4.85659537e+00  3.53830447e-01  6.90446968e-01
   2.29532544e+00  2.95155317e+00 -5.38752266e+00 -1.61310918e+00]
 [ 1.32937161e+00 -1.98960468e-01 -3.15480958e+00  3.49953981e+00
   5.52094205e+00 -1.81009595e+00  1.08947778e-01  4.91340714e+00
   5.34837600e+00  2.96845604e+00  2.86633565e+00  3.02338821e+00
   1.67770211e+00  3.61050191e+00 -2.77828627e+00 -2.66449578e+00
   3.46278477e+00 -4.78129579e+00  4.94135081e+00  4.51841563e-01
  -2.91637012e+00  8.28941910e-01 -2.14021286e+00 -2.85859526e+00
   1.18132591e+00 -2.82586941e+00  1.83494177e+00  5.18905518e+00
  -9.65577324e-01  4.56280699e-01 -4.73730101e+00  5.34522819e+00
  -7.83159864e-01 -2.54368123e+00  2.77982524e+00 -1.15646783e+00
  -4.30062050e+00  3.71803750e+00  3.05223998e+00  1.57803666e+00
   2.00786747e+00  3.78476154e+00  2.80433273e+00  3.04374282e+00
  -5.30428398e+00 -5.15583130e+00  2.30682767e+00 -1.24917431e+00
   1.28752870e+00 -3.52556446e+00 -5.68210686e+00 -1.89348167e+00
  -3.65332211e-01  2.00161383e+00  5.17548576e+00  3.10871727e+00
  -4.99160289e+00  3.08492667e+00 -5.42142717e+00  3.48825096e+00
  -9.16951486e-01  4.88127196e+00 -1.36612816e+00 -2.39419260e+00
  -3.38796904e+00  2.80174774e+00 -2.05843821e+00  1.35454552e+00
   5.35209636e+00  3.85514075e+00  4.47061019e+00  3.08681119e+00
   4.93894061e+00 -2.12108069e+00  3.39080529e+00  3.34583803e+00
   4.44342937e+00  4.15986705e+00  1.22720795e+00  1.39029191e+00
   1.40794890e-02  5.64721831e+00 -2.85387243e+00 -1.14051140e+00]
 [ 1.12305942e+00 -2.43808342e+00 -5.54616238e+00  3.31880000e+00
   5.71093765e+00 -4.18055878e+00  1.92315067e+00  5.40765321e+00
   5.26485484e+00  5.74558139e+00  2.83032220e+00  5.19181398e+00
   7.07927624e-01  4.07643822e+00 -5.26267245e+00 -5.41274945e+00
   3.76504600e+00 -3.07837083e+00  2.61343427e+00 -1.18049353e+00
  -3.52752390e+00 -1.67455665e+00 -3.22811412e-01 -4.92188940e+00
   1.86644840e+00 -2.49901122e+00  1.86971339e+00  5.83060416e+00
  -9.00457689e-01  4.50590130e-01 -3.06439145e+00  5.33556847e+00
  -5.82612948e-01 -2.26379632e+00  5.06058017e+00  1.20848468e+00
  -2.27293256e+00  1.05689359e+00  3.62455187e+00  3.94530561e+00
   1.70708753e+00  6.45230027e+00  5.72312096e+00  2.74089708e+00
  -3.42455603e+00 -3.45573865e+00  2.45902749e+00  6.98501901e-01
  -9.45822196e-01 -5.99154826e+00 -6.00478192e+00 -1.77989473e+00
   1.78249985e+00  2.09701621e+00  2.71485376e+00  5.64308900e+00
  -3.23761572e+00  1.07332633e+00 -3.75838528e+00  4.11567016e+00
  -9.50492573e-01  5.51467349e+00  9.33799592e-01 -2.65002733e+00
  -3.87784049e+00  3.39046961e+00  6.82073720e-02  1.85010204e+00
   3.68347327e+00  1.95666961e+00  2.18422281e+00  5.73977354e+00
   3.77105743e+00 -2.50954329e+00  3.85600544e+00  3.43533617e+00
   4.60983065e+00  5.12610645e+00  1.18478672e+00 -5.96059010e-01
   5.26362984e-01  3.84688619e+00 -2.94598661e+00 -1.90026255e+00]
 [-7.95792833e-01 -2.14718213e+00 -2.61185702e+00  1.30551978e+00
   2.99262476e+00 -3.98725361e+00  2.42624074e+00  4.59009627e+00
   2.85446651e+00  4.77252299e+00  4.48681496e+00  2.60799047e+00
  -1.01583427e+00  3.17762040e+00 -2.52549062e+00 -4.53391686e+00
   5.43821921e+00 -2.06012140e+00  4.42384078e+00  6.99182151e-01
  -2.50469560e+00  9.20773153e-01 -1.90082525e+00 -2.43939526e+00
   3.59432774e+00 -1.71724766e-01  1.63456149e+00  4.81301080e+00
  -9.17110525e-01 -2.85259124e-01 -4.64046604e+00  4.89078459e+00
  -8.13435745e-01 -4.03009403e+00  2.54006466e+00  8.28947230e-01
  -4.23694366e+00  1.58085449e+00  4.90428313e+00  1.41741804e+00
   3.34943436e+00  3.47335629e+00  3.09425684e+00  8.61469266e-01
  -4.97942073e+00 -4.82257594e+00  1.58670463e+00  7.48647454e-01
  -6.69839082e-01 -3.07359029e+00 -5.00572972e+00 -1.55167906e+00
   1.02199122e+00  4.08219222e+00  4.68224633e+00  4.85653851e+00
  -3.03533966e+00  2.61657015e+00 -2.97165201e+00  5.13861839e+00
  -2.99889552e+00  2.55785522e+00  4.35498027e-01 -1.99624420e+00
  -5.37721272e+00  5.13322108e+00 -2.06236045e+00  2.00296000e+00
   5.19681752e+00  3.58586550e+00  4.08536451e+00  4.80146633e+00
   2.80851727e+00 -3.89030685e+00  3.03656152e+00  2.89373193e+00
   1.68543461e+00  3.96130760e+00  3.26795160e+00 -2.60181834e-01
  -3.26428404e-02  3.15344270e+00 -2.25565763e+00 -3.19492185e+00]
 [-9.64722955e-01  8.74096073e+00  3.61802336e+01 -1.68781551e+01
  -3.83489865e+01  2.37418462e+01 -1.11669518e+01 -3.16706554e+01
  -3.73763527e+01 -3.50965058e+01 -3.31658869e+01 -3.56546644e+01
  -3.88676290e+00 -3.87734875e+01  3.42904698e+01  3.41160983e+01
  -3.97535856e+01  3.23347262e+01 -3.20427955e+01  4.63166845e+00
   3.64208956e+01  3.89470146e+00  9.54198124e+00  3.30013027e+01
  -2.38397854e+01  1.14764761e+01 -2.78681099e+01 -3.99971624e+01
  -1.73395483e+00 -1.17576775e+01  3.24990185e+01 -3.90214501e+01
  -5.25590293e+00  3.27220436e+01 -3.38954771e+01  4.29553042e-01
   3.01843785e+01 -2.46918681e+01 -3.60958417e+01 -2.09348407e+01
  -2.19598884e+01 -4.20871652e+01 -3.99424226e+01 -1.60539936e+01
   4.07594947e+01  3.77651972e+01 -7.91371736e+00 -6.59934197e-02
  -1.43491658e+00  4.09491892e+01  4.01273303e+01  2.58132460e+01
  -4.70134471e+00 -3.00922348e+01 -3.42628004e+01 -3.82696113e+01
   3.62997151e+01 -1.57208004e+01  4.11692954e+01 -4.16590405e+01
   1.81112482e+01 -3.67058086e+01  5.66267386e+00  3.24929584e+01
   4.17837561e+01 -3.87500354e+01  6.94088549e+00 -2.77081492e+01
  -4.04219019e+01 -2.22502646e+01 -2.70635876e+01 -3.63231424e+01
  -3.89988932e+01  2.81483714e+01 -4.21863379e+01 -3.79238680e+01
  -2.82211608e+01 -3.05156456e+01 -1.89790326e+01 -5.69053311e+00
  -1.16199589e+01 -4.15392061e+01  3.60495754e+01  2.22495245e+01]
 [-6.57466134e-01  2.55482709e-01 -3.20506055e+00  3.30164506e+00
   3.56448761e+00 -2.02346890e+00  2.55806496e-01  3.04527729e+00
   3.30958677e+00  3.49325841e+00  5.28477133e+00  5.35767730e+00
   1.44141125e+00  6.13502609e+00 -5.46226529e+00 -3.07892270e+00
   4.09398655e+00 -4.87142321e+00  2.90077437e+00  9.61014744e-01
  -3.49884087e+00 -1.37907544e+00 -2.18130035e+00 -2.80719690e+00
   1.37485555e+00 -2.32614650e+00  4.11662365e+00  3.85415811e+00
  -7.44292091e-01 -2.21211283e-01 -4.98092556e+00  5.77273701e+00
  -4.26678038e-01 -4.84842097e+00  5.01093569e+00  1.17574489e+00
  -2.33470151e+00  3.64556153e+00  3.41196693e+00  3.55803480e+00
   1.68100050e+00  4.43235413e+00  3.53186757e+00  2.65927221e+00
  -5.51369363e+00 -3.22234357e+00  1.83078371e+00 -1.31841827e+00
  -5.89684096e-01 -6.28147916e+00 -3.91597053e+00 -4.15805209e+00
  -2.56259608e-01  2.19198703e+00  3.18379798e+00  5.64822564e+00
  -3.49604368e+00  4.23775668e-01 -5.89448450e+00  6.03620189e+00
  -3.14778630e+00  5.34966904e+00  1.89108796e-01 -4.80137825e+00
  -6.05993381e+00  5.55101457e+00  4.98878730e-01  4.38836439e+00
   5.69265922e+00  3.92854307e+00  4.67120735e+00  5.52705688e+00
   5.87160488e+00 -2.44902950e+00  3.80915235e+00  5.77751685e+00
   4.55351446e+00  4.81192893e+00  3.50680039e+00  1.78542383e+00
   1.72898367e-01  6.01082331e+00 -5.19172753e+00 -3.44212239e+00]
 [-4.47351060e-01 -3.38755145e-01 -2.58742646e+00  2.93480802e+00
   5.03820926e+00 -1.56785488e+00 -3.50720645e-01  2.31149738e+00
   4.43497758e+00  2.05774530e+00  2.53838902e+00  2.21680336e+00
  -6.73422370e-01  3.11208114e+00 -3.93971451e+00 -4.12895274e+00
   2.84256896e+00 -1.92785140e+00  4.25815749e+00  9.37323451e-01
  -4.95314256e+00 -1.55509406e+00 -1.86071102e+00 -1.77210397e+00
   3.23725185e+00 -2.47841449e+00  3.48779387e+00  2.69786063e+00
  -1.22569837e+00 -1.30772652e-02 -1.74674153e+00  2.55863201e+00
   1.44775422e+00 -4.08670732e+00  1.92095237e+00 -1.40118122e+00
  -4.07895009e+00  1.11089327e+00  2.28323594e+00  3.44296607e+00
   8.11433688e-01  3.04805596e+00  4.65529334e+00  6.05069368e-01
  -4.83824454e+00 -2.23830979e+00  1.74318499e+00 -1.20467250e+00
  -9.89695220e-01 -3.06193666e+00 -2.77408027e+00 -3.09785518e+00
   1.46340544e+00  4.25175565e+00  2.49464765e+00  4.77941206e+00
  -2.42814539e+00  2.74649573e+00 -2.66892810e+00  3.21275696e+00
  -4.94864190e-01  2.11754165e+00 -1.79114591e+00 -4.30369854e+00
  -5.02012860e+00  2.91723046e+00 -1.68989055e+00  4.02114783e+00
   4.86791002e+00  1.28487505e+00  1.63324751e+00  4.14849244e+00
   4.66056698e+00 -1.99041545e+00  5.17937249e+00  2.43935183e+00
   1.43607755e+00  3.89553229e+00  7.46568576e-01 -9.47208179e-01
   5.45159061e-02  5.20243138e+00 -4.24825701e+00 -7.74549311e-01]
 [-1.35010433e+00 -2.19524224e+00 -2.81197701e+00 -7.51693091e-01
   2.17125231e+00 -6.63101408e-02  2.71419117e+00  1.69623546e+00
   4.84494941e+00  1.67855849e+00  5.38016522e+00  2.28271102e+00
   1.95480290e+00  2.39685069e+00 -1.38774716e+00 -2.82486607e+00
   1.78255399e+00 -3.68329195e+00  1.44854010e+00 -1.51859707e+00
  -2.43466164e+00 -6.77054104e-01 -1.33084648e+00 -4.27880268e+00
   3.71502095e+00 -7.55026369e-01  5.48422251e+00  5.67203294e+00
   8.95141377e-01  2.85622205e+00 -3.57519251e+00  3.45450219e+00
   1.77888008e+00 -3.00273645e+00  2.85796977e+00 -1.22776356e+00
  -1.62494267e+00  4.39176165e+00  2.26774941e+00  3.03914341e+00
   3.15488836e+00  1.92902061e+00  6.21535067e+00  4.60999029e-02
  -6.11965503e+00 -5.63813306e+00 -1.07597287e+00 -1.35818911e+00
   9.22172825e-01 -4.84749200e+00 -2.99734232e+00 -1.50636530e-01
   1.16012871e+00  2.64833470e+00  3.36070856e+00  2.00923162e+00
  -1.38242020e+00  2.35284672e+00 -3.95483207e+00  5.35896492e+00
  -1.54991626e+00  3.33505129e+00 -1.47344026e+00 -4.50085935e+00
  -2.01658005e+00  2.95925998e+00 -8.89365395e-01  3.47706730e+00
   6.03170745e+00  7.50159027e-01  1.19681863e+00  3.48375228e+00
   2.67822431e+00 -5.19718120e+00  6.22447527e+00  2.03301295e+00
   3.97636426e+00  1.26486425e+00  2.66852713e+00  1.95217670e+00
  -2.20607319e-01  5.46624801e+00 -3.74977707e+00 -3.20728695e+00]]
-----------------------------------------------
