[[[[-0.21141261 -0.19165208  0.28853275 -0.3351072  -0.04314367]
   [ 0.32024891 -0.06477189 -0.20034731  0.08420847  0.35981777]
   [-0.01845055 -0.2266061  -0.07457866  0.20429822 -0.39467591]
   [ 0.16161594 -0.37104699  0.35344021  0.00429497  0.33973084]
   [ 0.39028816 -0.02137559 -0.24342815  0.36885972 -0.13268407]]]


 [[[ 0.00277014  0.23158491  0.12240073  0.05959441  0.00375071]
   [ 0.03287352  0.10835306  0.1092995   0.30088938  0.37862131]
   [-0.21818185  0.23327939 -0.23807283  0.36200833  0.39021378]
   [ 0.03150418  0.00148167  0.15358832 -0.36579119  0.11738074]
   [ 0.09570686  0.3049359  -0.06256406  0.10338782 -0.2989032 ]]]


 [[[ 0.31531318  0.08134761  0.00880572 -0.34397836 -0.29124763]
   [-0.09646462  0.0106366   0.18604307 -0.04811451  0.32448456]
   [ 0.08571832 -0.04278031  0.17008976  0.19662697 -0.31667728]
   [ 0.31313062 -0.38608063 -0.08627699  0.34021965  0.26536002]
   [-0.294773    0.20697643  0.16822529  0.32196639  0.27150023]]]


 [[[-0.21546227  0.10737769 -0.24227832 -0.1670284   0.3948653 ]
   [-0.04006632 -0.23612247  0.02669848 -0.39988271  0.31515133]
   [ 0.0857571   0.33142805  0.13272201  0.2601617   0.0961147 ]
   [-0.27009402  0.30265701 -0.32762037 -0.28762136  0.1240558 ]
   [-0.37039072  0.32317449  0.19742261  0.29201632 -0.31651   ]]]


 [[[ 0.03240547  0.24102525 -0.38377046 -0.25805663 -0.07668457]
   [-0.25292443  0.04309879 -0.36951838  0.38821647  0.15000647]
   [ 0.38809937  0.25468739  0.39959994 -0.13768646  0.33330194]
   [ 0.3464741   0.23256474  0.16349571 -0.3739034  -0.33744468]
   [ 0.07503063  0.21182763 -0.34399387 -0.08487839  0.10192271]]]


 [[[ 0.34233133  0.06368223 -0.31220397 -0.05513032  0.18089711]
   [ 0.36942906 -0.28047946 -0.25035461 -0.34933931  0.13200664]
   [ 0.26992574 -0.16816774 -0.33728597 -0.0428171   0.29179647]
   [ 0.3011533  -0.39205244 -0.3998125   0.25405529  0.03550604]
   [-0.31470114  0.09017238  0.12257858 -0.12433447  0.09672957]]]][-0.14380231  0.17374931 -0.28448867  0.22629034 -0.31856084 -0.21906243]
-----------------------------------------------
[[-0.13838169  0.39319909]
 [-0.33782608 -0.33896124]
 [-0.34116836  0.37141358]
 [ 0.40130435  0.01775964]
 [ 0.00128656  0.45264814]
 [-0.36561244 -0.42643064]]
-----------------------------------------------
[array([[[-0.09966795, -0.07264143,  0.03145245,  0.00519976,
          0.11943936],
        [-0.02872409,  0.03539468, -0.14018233, -0.03013627,
          0.13440771],
        [ 0.00234252, -0.10208477,  0.00809264, -0.06370022,
         -0.08306829],
        [ 0.07614576, -0.12930651, -0.00290955,  0.03845956,
         -0.0719241 ],
        [-0.07796678, -0.02285927,  0.13497697, -0.08441597,
         -0.11189732]],

       [[-0.08166788,  0.09778607,  0.12107147,  0.05527778,
          0.00105026],
        [ 0.08388527,  0.04145708, -0.03247226,  0.11663567,
          0.01390209],
        [ 0.12962772,  0.12472041,  0.07852347,  0.04110502,
          0.1036884 ],
        [ 0.15584638, -0.03267838,  0.061447  ,  0.03629475,
         -0.07180332],
        [-0.10720305, -0.06527701,  0.08271512, -0.06032193,
          0.08287043]],

       [[-0.02093015,  0.04870299, -0.04061931,  0.0913745 ,
          0.03281862],
        [ 0.08017602,  0.06765316, -0.04053551,  0.12338281,
         -0.14373267],
        [-0.05511365, -0.11018143, -0.14101887,  0.14719612,
         -0.05999753],
        [-0.08643465, -0.02518113,  0.05190145, -0.0933487 ,
         -0.09913577],
        [-0.05397737,  0.10209622,  0.03568931,  0.11338365,
         -0.15818649]]])
 array([[[ 0.0137731 ,  0.009178  ,  0.1535553 ,  0.19026928,
         -0.0207808 ],
        [ 0.18975774,  0.06740757, -0.07194006,  0.03884566,
          0.00385372],
        [-0.0234985 ,  0.02306515, -0.10486333,  0.00106836,
          0.14942515],
        [-0.09291716, -0.04514013,  0.10327069,  0.10184835,
         -0.07446882],
        [ 0.11666335,  0.10479235,  0.11395923,  0.11122813,
          0.04627532]],

       [[ 0.06263307,  0.05324616, -0.05224708,  0.06445746,
         -0.10058137],
        [ 0.13503313, -0.07155708,  0.01110226,  0.01412348,
         -0.03465926],
        [ 0.0787679 , -0.14888239,  0.10180767,  0.04842134,
         -0.00953353],
        [-0.0393416 ,  0.11738463,  0.04395991, -0.00378852,
         -0.10761195],
        [ 0.09580189, -0.14622926, -0.08317641, -0.09797315,
          0.0969697 ]],

       [[-0.00777349,  0.09522188,  0.04635153, -0.13740058,
         -0.09646271],
        [-0.07104576,  0.00970611, -0.05564022, -0.02539252,
         -0.0420522 ],
        [-0.1407215 , -0.04162256, -0.10810683, -0.14095234,
         -0.10146507],
        [-0.07131444, -0.12654798,  0.07050652,  0.05338747,
          0.04538898],
        [ 0.01508003,  0.04330166, -0.0406722 ,  0.01619236,
         -0.15070718]]])
 array([[[-0.04048351,  0.07084051, -0.01676086, -0.0442849 ,
         -0.10776874],
        [ 0.07475084,  0.13337201,  0.00950025, -0.00886239,
         -0.04126051],
        [-0.14924726, -0.03554829,  0.13152649, -0.07337272,
          0.03781248],
        [ 0.06427502,  0.10240432,  0.06669833,  0.05412691,
         -0.01103052],
        [-0.08017026,  0.04188553, -0.11238449, -0.01895849,
          0.05963608]],

       [[-0.14571571, -0.08497618, -0.04584607, -0.0740872 ,
          0.02131551],
        [-0.06323669,  0.13699457,  0.07416701,  0.02028746,
          0.02164938],
        [-0.09337576, -0.02360191,  0.13967954, -0.12452638,
          0.0289027 ],
        [ 0.06829783,  0.03353463, -0.09492244,  0.08341129,
          0.09716974],
        [ 0.03044181, -0.10075696,  0.05168157,  0.03703386,
         -0.03449929]],

       [[-0.03021444,  0.08463769,  0.0048267 , -0.01492022,
         -0.07181186],
        [-0.00855441,  0.0894858 ,  0.05363671,  0.0100787 ,
         -0.03822424],
        [-0.04427887, -0.01662505, -0.00437513,  0.0137325 ,
          0.1147929 ],
        [-0.1248956 ,  0.05646169, -0.05775947, -0.09944831,
          0.13996929],
        [-0.03716879,  0.10938818,  0.07079204, -0.15006668,
         -0.08401579]]])
 array([[[ 1.29265634e-01, -6.83702552e-02,  1.17478670e-01,
          1.48029841e-01, -6.00553712e-02],
        [-8.88149575e-02,  3.54530902e-02,  2.73122258e-02,
         -5.75218829e-02, -4.80955298e-02],
        [-6.10421276e-04,  1.24519832e-01, -7.27199756e-02,
         -1.96826530e-02, -1.08153458e-01],
        [-9.59977590e-02, -3.50671275e-02,  1.33154065e-01,
         -7.71493437e-02,  1.43382002e-01],
        [-1.32744979e-01, -7.68355822e-02, -2.58867649e-02,
          1.42002580e-01,  5.31656381e-02]],

       [[-6.18800040e-02,  1.19524807e-01,  1.48994323e-01,
          5.06731309e-02, -9.35718826e-02],
        [ 7.76672011e-02,  1.59042400e-01,  4.31027265e-05,
         -1.22138868e-02,  7.79393880e-02],
        [-1.10468756e-01,  1.00181122e-01,  3.78370067e-02,
          1.18276411e-01,  1.13630581e-01],
        [ 1.30281428e-01,  1.20195159e-01, -8.20091088e-02,
          1.46142198e-01,  1.56013382e-01],
        [ 8.80462773e-02, -6.48049349e-02, -1.11837061e-01,
          3.14104839e-03,  2.59208411e-02]],

       [[-6.87119874e-02, -2.73241708e-02, -6.02037164e-02,
          7.07977802e-02,  7.03426931e-02],
        [-2.02330293e-02,  2.11837863e-03,  9.31565981e-02,
         -1.91251633e-02, -1.08573099e-01],
        [ 1.24529538e-01,  4.87560284e-02,  4.05558275e-02,
          6.27113722e-02,  4.62804874e-03],
        [ 5.29876587e-02,  1.11149549e-01,  6.04007641e-02,
          4.63285072e-02,  5.13259605e-02],
        [ 2.06195492e-02, -5.80605984e-02, -1.26478457e-01,
         -1.35470699e-01, -2.41846370e-02]]])
 array([[[ 0.10073187,  0.07970258, -0.05132817, -0.09965306,
         -0.05293091],
        [ 0.07334345,  0.12396084, -0.11207864, -0.1291803 ,
         -0.02373837],
        [ 0.09945766,  0.02330805, -0.1047773 ,  0.03704267,
         -0.03492694],
        [-0.15608725, -0.02950375,  0.11042549, -0.0416115 ,
          0.13474429],
        [-0.00155108, -0.10075965, -0.09650999,  0.03119085,
         -0.13907656]],

       [[ 0.01176637, -0.14264863,  0.07915746,  0.02037118,
         -0.09214576],
        [ 0.08182594, -0.10409446, -0.10297734,  0.05525479,
          0.03413646],
        [ 0.07798389,  0.10255533, -0.01357827,  0.12440743,
         -0.13351289],
        [-0.02795039, -0.08210274, -0.12934552, -0.13161523,
          0.04828766],
        [ 0.12433716,  0.05938835,  0.10208695, -0.1509453 ,
          0.06394246]],

       [[ 0.04899551, -0.12021112, -0.03291879,  0.08324255,
          0.01337055],
        [-0.04451142, -0.15401328, -0.06778959,  0.1147095 ,
         -0.08400032],
        [ 0.06503138, -0.02120495, -0.01814457, -0.12709128,
         -0.04338644],
        [-0.04849255, -0.09786977, -0.0398912 , -0.15384451,
         -0.14060478],
        [-0.10363211, -0.01662684,  0.10619489,  0.03508548,
          0.00842368]]])
 array([[[-0.10958739, -0.11774582, -0.06286759, -0.13891458,
          0.00652086],
        [ 0.03815674,  0.03140703, -0.07943194,  0.02894739,
          0.12533488],
        [ 0.10834745,  0.0151    , -0.10086949,  0.07444606,
          0.00720923],
        [ 0.06796785,  0.04977509,  0.06818829, -0.13087764,
          0.01630603],
        [ 0.01748043, -0.08701401,  0.08581565, -0.10713177,
         -0.04821379]],

       [[ 0.0156464 , -0.09871218, -0.03857713,  0.12090395,
          0.13411316],
        [-0.08359538, -0.04734172, -0.10496532,  0.0144555 ,
          0.08628504],
        [ 0.04751444,  0.0788217 , -0.0696343 , -0.12929873,
         -0.10833338],
        [ 0.02553139,  0.10409373, -0.12874221, -0.04017096,
          0.14432423],
        [-0.02599387,  0.07654683,  0.08918172,  0.04725768,
         -0.11401634]],

       [[ 0.02951024, -0.04013283, -0.10418997, -0.13585358,
         -0.12630871],
        [-0.14167551, -0.10850739, -0.0180813 ,  0.00472865,
         -0.13893664],
        [ 0.03539151,  0.06213108,  0.06696293, -0.14733575,
         -0.02520619],
        [-0.13929176,  0.01502553,  0.09310554,  0.09113597,
         -0.06165817],
        [ 0.08904183, -0.06410316, -0.01033423,  0.08484927,
         -0.03691233]]])
 array([[[ 0.00172694, -0.03700741,  0.062624  , -0.04380011,
          0.01595502],
        [-0.11237505,  0.09700003, -0.01978342, -0.11739164,
          0.03614405],
        [ 0.02533247, -0.09171586, -0.03352008,  0.04049065,
         -0.10991659],
        [ 0.02287909,  0.02467881, -0.05917507,  0.10428041,
          0.06523671],
        [ 0.0296708 , -0.06753258,  0.06080571,  0.07256356,
         -0.07741763]],

       [[-0.06294608, -0.10669555, -0.0386619 , -0.02970758,
         -0.09067671],
        [-0.06564965, -0.03626076,  0.04073206, -0.06460615,
         -0.04597964],
        [-0.09464477, -0.05387687, -0.06982543,  0.04771314,
          0.05546013],
        [ 0.0158582 ,  0.06603451, -0.11600118, -0.07296688,
         -0.09662038],
        [ 0.0887953 , -0.01582425,  0.0938535 , -0.02115896,
          0.05065431]],

       [[ 0.08701438, -0.07644139, -0.14168698, -0.11216822,
          0.07325556],
        [-0.09755113, -0.06201811, -0.1307197 , -0.08940681,
         -0.12178356],
        [ 0.06754694, -0.10473855, -0.05212718,  0.06550304,
         -0.07333003],
        [-0.00607429, -0.09886882,  0.08992177,  0.10918637,
         -0.08545014],
        [-0.05194898, -0.11532401, -0.01361752, -0.09774524,
          0.04835192]],

       [[-0.07916031, -0.0839134 , -0.00712064,  0.0762739 ,
          0.09170084],
        [ 0.07116889, -0.01466569,  0.0649253 ,  0.01098723,
          0.09517641],
        [-0.11223336, -0.03531276, -0.08462339, -0.03920283,
         -0.09792579],
        [-0.0154142 , -0.00823718,  0.03174277,  0.01815175,
         -0.00398586],
        [-0.08683245,  0.10043829, -0.12407772, -0.09991003,
          0.0300169 ]]])
 array([[[ 0.10059396, -0.06858543,  0.03022513,  0.02456194,
          0.07470447],
        [-0.00016737,  0.09647884,  0.0260489 , -0.08096612,
          0.10540043],
        [ 0.05233438,  0.1318714 , -0.02414427, -0.06601722,
          0.00507396],
        [-0.02244279, -0.04672826,  0.05475928,  0.01931298,
         -0.01992907],
        [ 0.11757298,  0.0918368 ,  0.12924344,  0.03142827,
          0.04989434]],

       [[-0.07619808, -0.09243235,  0.02439501,  0.01862031,
          0.00414073],
        [-0.07502778,  0.10411113, -0.06219518, -0.10088837,
         -0.07116965],
        [ 0.07433257,  0.0359997 ,  0.09241721, -0.01613617,
          0.0526422 ],
        [ 0.0453773 , -0.03265445, -0.09593072,  0.02060854,
          0.09143615],
        [ 0.00369727, -0.00620807, -0.0783856 , -0.00579581,
          0.06338627]],

       [[-0.12032571, -0.08986474, -0.00196336,  0.06481319,
          0.02358768],
        [ 0.0439574 ,  0.04844437,  0.07365211,  0.056107  ,
         -0.00423904],
        [ 0.07290409, -0.00438692,  0.05592635,  0.04331393,
         -0.04179652],
        [-0.0317472 , -0.00817803,  0.05580554, -0.07931913,
          0.06141881],
        [-0.030499  , -0.07751466, -0.08087655, -0.11528774,
          0.04568784]],

       [[ 0.04564837,  0.05498977,  0.08943604, -0.05982403,
          0.03211542],
        [-0.10587161, -0.03267997,  0.00283005, -0.07813267,
         -0.12590376],
        [-0.06282407, -0.10405875,  0.0101208 ,  0.0144504 ,
          0.04234208],
        [-0.00121873,  0.05194389,  0.02189664, -0.01079507,
          0.05180519],
        [ 0.04702302, -0.0908018 ,  0.08257607,  0.02574332,
          0.05015251]]])
 array([[[-0.0582652 , -0.03084152,  0.07423577, -0.08806807,
         -0.07344318],
        [ 0.05474955,  0.05953638,  0.08557877,  0.03457347,
          0.0304165 ],
        [-0.09401386,  0.01706518, -0.07472376,  0.11091602,
         -0.07746013],
        [ 0.02109716,  0.05663231,  0.1119063 ,  0.10175154,
          0.05398501],
        [ 0.03635165, -0.07988039,  0.06963329,  0.02660849,
          0.05089002]],

       [[ 0.03904948, -0.05847244, -0.03488745,  0.07297894,
          0.02092855],
        [ 0.08220443, -0.02765749,  0.11808188,  0.03599887,
         -0.01109653],
        [-0.0800258 ,  0.08318393,  0.05834669,  0.0605937 ,
         -0.07742749],
        [ 0.09035488,  0.05854276, -0.08066653, -0.04011044,
         -0.04572943],
        [ 0.01062349,  0.08108925, -0.07533833,  0.08327761,
         -0.04907714]],

       [[-0.03050421,  0.01404598, -0.07295217, -0.04152892,
          0.01691717],
        [-0.03679615, -0.04744519, -0.09566295,  0.00394396,
          0.1250877 ],
        [ 0.12559199, -0.06023845, -0.00710117, -0.0379497 ,
         -0.01426541],
        [ 0.05076204, -0.02340432, -0.06478954,  0.10598084,
          0.04236288],
        [-0.0746553 , -0.03175917,  0.01604939,  0.01908743,
         -0.05006034]],

       [[-0.11072015,  0.06019091, -0.00323874,  0.00907438,
          0.10378215],
        [ 0.07908873,  0.06813771,  0.07877448, -0.1004192 ,
         -0.10738962],
        [ 0.08256185,  0.01019038, -0.00075039,  0.08783588,
          0.05262171],
        [-0.06115343, -0.01836483, -0.06508637,  0.0789614 ,
          0.00815461],
        [ 0.10141533, -0.08781449,  0.07172592, -0.08268055,
          0.08029778]]])
 array([[[-0.0159491 , -0.03544203, -0.06220119,  0.09972037,
          0.11763232],
        [ 0.10829819, -0.05325742,  0.11896038,  0.06375656,
          0.08446082],
        [ 0.07013042,  0.03641947,  0.01148754,  0.0423023 ,
          0.0120343 ],
        [-0.04878516, -0.04888775,  0.02162266, -0.08667959,
         -0.0055193 ],
        [ 0.01437396,  0.01519647,  0.01771808,  0.01244941,
          0.09338274]],

       [[ 0.13685212,  0.06444763,  0.01485334, -0.02488233,
          0.13520038],
        [ 0.0592316 ,  0.02471915,  0.02251652,  0.11166341,
          0.12268365],
        [-0.06370008,  0.0672211 , -0.02211192,  0.07093092,
          0.1342656 ],
        [ 0.02922334, -0.01003459, -0.04815094,  0.13186443,
         -0.05829452],
        [-0.04608948,  0.11119875, -0.02599352, -0.04045532,
         -0.03038383]],

       [[ 0.09337717, -0.08628148,  0.07981015,  0.03679863,
         -0.00769711],
        [-0.02641039, -0.02352808, -0.10128524, -0.05729392,
          0.10213588],
        [-0.10723551,  0.09988814,  0.06229309,  0.02305944,
          0.04536135],
        [-0.0189955 ,  0.04739969,  0.06670539,  0.06540698,
          0.04228968],
        [ 0.00714538, -0.06195443,  0.0898435 ,  0.00254924,
          0.07154781]],

       [[ 0.04940993,  0.12488833,  0.09284539,  0.11314811,
          0.00444332],
        [ 0.06963005,  0.12507834, -0.05792896, -0.04842525,
          0.0158866 ],
        [-0.0462964 ,  0.08018584,  0.06691853,  0.12498864,
          0.0839977 ],
        [ 0.12188109,  0.13572633,  0.05730326,  0.08237446,
          0.02703763],
        [ 0.11971558,  0.09574131, -0.08193893, -0.01659498,
          0.04683781]]])
 array([[[ 0.0429962 , -0.06349264,  0.02150593, -0.06642154,
         -0.07838545],
        [ 0.02526436, -0.01996285,  0.01693597,  0.07019337,
         -0.1315744 ],
        [-0.10787432,  0.01466488,  0.02299511,  0.08441247,
         -0.06577632],
        [ 0.09275218, -0.03112029,  0.00923675, -0.07421214,
         -0.01863468],
        [-0.05325237, -0.08590014,  0.06186507, -0.02065922,
         -0.03158319]],

       [[ 0.06357748, -0.10832456,  0.10933287, -0.09024465,
          0.01776967],
        [-0.05066457, -0.10188788,  0.03608272, -0.02890327,
         -0.00550731],
        [-0.05199909, -0.0037615 ,  0.09747101, -0.02250011,
         -0.00360167],
        [ 0.08489705, -0.00212314, -0.02614559,  0.10298928,
          0.00473095],
        [-0.05665767,  0.0500076 ,  0.04435861, -0.05773197,
          0.02537814]],

       [[-0.08391743,  0.00216109,  0.00406769,  0.05882819,
         -0.02313259],
        [-0.07930862,  0.03239275, -0.11377364,  0.04492997,
          0.0583328 ],
        [ 0.02713847, -0.12480632,  0.01585916, -0.05376557,
         -0.06387123],
        [ 0.06078927,  0.02839437, -0.06083925,  0.0447875 ,
         -0.07770559],
        [ 0.09319785, -0.06389365, -0.0065635 ,  0.08704854,
         -0.06372183]],

       [[-0.00117002, -0.05397033,  0.00033796,  0.13359996,
          0.03827311],
        [-0.04331972,  0.11476857,  0.05778166, -0.02127264,
          0.08692424],
        [-0.03545854,  0.13067971, -0.06577172,  0.05848642,
          0.03939932],
        [ 0.06335473, -0.03600507, -0.06322215,  0.14246211,
          0.14227732],
        [ 0.11580098,  0.11021872,  0.11828341,  0.13979586,
          0.1024209 ]]])
 array([[[-0.03602343,  0.09837852, -0.01862912,  0.00183982,
          0.08330465],
        [-0.09196685, -0.00762841, -0.01440512,  0.07786539,
          0.0563047 ],
        [ 0.00464647, -0.06616026, -0.03628882, -0.08268838,
          0.04000601],
        [ 0.1105581 ,  0.08508054, -0.0341274 , -0.08814095,
         -0.04892304],
        [-0.04797306,  0.04746425,  0.03077397,  0.10911344,
         -0.07643483]],

       [[ 0.12978479, -0.03072665,  0.12102757, -0.01925473,
          0.07357557],
        [ 0.05011   , -0.08943701, -0.09915514,  0.09323104,
          0.11829101],
        [ 0.12094285,  0.00772359,  0.09098877,  0.08247639,
          0.07702965],
        [ 0.01172655,  0.10239473, -0.02499135, -0.07468193,
          0.01835882],
        [-0.06883693,  0.07857491, -0.02829718, -0.04199125,
          0.03752388]],

       [[-0.07934329, -0.05329521,  0.00690698,  0.00229962,
         -0.10852949],
        [-0.13283481, -0.09829385, -0.03099626, -0.08881145,
         -0.02389257],
        [-0.08510282, -0.14089127, -0.07335678, -0.00602172,
         -0.09767854],
        [-0.04104623, -0.06949808, -0.03412381, -0.00380454,
         -0.10663448],
        [-0.14265272, -0.1021326 , -0.08949646,  0.07248333,
          0.03738348]],

       [[-0.05175893, -0.04897615, -0.01394644, -0.10157185,
          0.11735337],
        [-0.00576326,  0.05771796,  0.09404655, -0.01916621,
         -0.07037878],
        [-0.08845158,  0.05659032,  0.02845606,  0.0852142 ,
         -0.04726161],
        [-0.09033272, -0.04470362,  0.07878514, -0.07155396,
          0.11137981],
        [-0.03507566, -0.06072187,  0.10469539, -0.08938351,
          0.02259412]]])
 array([[[-0.08791457,  0.0249799 ,  0.08833034, -0.00727856,
         -0.0031037 ],
        [-0.12380778,  0.02938495, -0.06348749, -0.07979882,
          0.06251458],
        [-0.01472654,  0.09375573, -0.07559701,  0.05867554,
         -0.06421992],
        [-0.09272594, -0.10020018, -0.0932546 , -0.00617405,
         -0.11486635],
        [-0.03745077, -0.0680927 ,  0.08787876, -0.05387361,
          0.0240535 ]],

       [[ 0.02231858,  0.05317996,  0.10833299, -0.02902916,
         -0.04527032],
        [ 0.0972083 ,  0.0496934 ,  0.04387157, -0.07888868,
          0.103749  ],
        [ 0.04454751,  0.02225279,  0.0988936 ,  0.03128878,
         -0.05426235],
        [-0.03102352,  0.07062007, -0.04918624,  0.09942027,
          0.01423735],
        [-0.05763689,  0.097629  , -0.07360882,  0.10832173,
          0.00273035]],

       [[-0.11553804, -0.11817657, -0.07632435, -0.04476299,
         -0.00159526],
        [ 0.02327557,  0.06654127,  0.08021025, -0.0822843 ,
         -0.02127822],
        [ 0.07061756, -0.04076907, -0.09521297, -0.11967172,
         -0.05310212],
        [ 0.01606972, -0.10432825, -0.10116673, -0.03408754,
          0.08846086],
        [ 0.0448643 ,  0.04435478, -0.0041307 , -0.0781508 ,
          0.00511804]],

       [[-0.0927551 , -0.12519557, -0.10830856,  0.06950593,
         -0.12247798],
        [-0.11179242, -0.07609708,  0.06594048,  0.00822058,
          0.08813555],
        [-0.08493034, -0.04799122, -0.02288044, -0.04594736,
          0.07339194],
        [ 0.01282686, -0.02901544, -0.06179543, -0.02031041,
         -0.01351432],
        [-0.11497458,  0.05940019, -0.06086538, -0.11846896,
         -0.11107761]]])
 array([[[-0.13325229, -0.0598617 , -0.09488894, -0.08583115,
          0.02288884],
        [ 0.00372865, -0.12855324, -0.12898657, -0.12364481,
          0.04122631],
        [ 0.04447129, -0.09642077, -0.08779553, -0.12003372,
          0.05753237],
        [-0.11665284,  0.08061187,  0.0041443 , -0.03871987,
         -0.08793274],
        [-0.10622311, -0.11439809,  0.01697801, -0.0834763 ,
         -0.0410316 ]],

       [[-0.08178649,  0.01165295,  0.04014049, -0.01566695,
         -0.03782163],
        [ 0.00301145, -0.03206225,  0.10313782,  0.06453631,
          0.03507141],
        [ 0.08601532,  0.09492736, -0.00883144,  0.00185271,
          0.01203721],
        [ 0.1027551 ,  0.105322  , -0.07483428,  0.01475843,
          0.02579496],
        [ 0.00317726,  0.11311007,  0.02986182, -0.07442602,
         -0.01911542]],

       [[ 0.05040133,  0.02781698,  0.07990103, -0.01039467,
          0.05250149],
        [ 0.12726725,  0.12123881, -0.01648695,  0.00540189,
          0.00554833],
        [-0.04374106,  0.03792233,  0.07085943,  0.10505698,
          0.05740537],
        [ 0.02033599,  0.07720209, -0.03123017,  0.08005105,
          0.10270268],
        [-0.09658142,  0.11047808,  0.07742544,  0.02954109,
         -0.04988866]],

       [[-0.00657135, -0.04285652, -0.08547554,  0.05636573,
         -0.05468453],
        [ 0.08845107,  0.05675984, -0.04398124, -0.02703409,
          0.09535169],
        [-0.1037736 ,  0.06119158, -0.07577828, -0.04098655,
          0.07892127],
        [-0.01390474,  0.05990768, -0.04420586,  0.07626879,
         -0.09878677],
        [ 0.07432736,  0.09297178, -0.08554628, -0.10237971,
         -0.04572421]]])
 array([[[-1.70808189e-02, -1.41427670e-02, -1.93618609e-02,
          1.31487048e-02,  2.77577114e-02],
        [-5.85291072e-02,  6.33978062e-02, -1.20677904e-01,
         -5.61306856e-02,  5.29694837e-03],
        [-9.20405065e-02, -8.33307019e-02, -1.61564750e-02,
          3.74866051e-02,  4.89969172e-02],
        [ 5.30105704e-02,  5.10295735e-02, -1.24045279e-01,
         -8.89446896e-02, -1.11232619e-01],
        [-7.41466434e-02,  3.90098749e-02, -7.59804991e-02,
          1.06446119e-02, -1.10094821e-01]],

       [[ 7.20850770e-02, -9.08845444e-02, -7.01965978e-03,
          9.36046906e-02, -1.70945475e-02],
        [ 4.39670928e-02,  8.41112267e-02,  1.11863008e-01,
          3.37336530e-02, -3.00278390e-02],
        [ 9.10729583e-02,  1.02877938e-01, -9.97540925e-02,
         -6.27606662e-02, -1.21715031e-01],
        [ 7.13287151e-02, -8.60785753e-02,  6.31304814e-05,
         -2.74383143e-02, -8.04386794e-02],
        [-8.85572364e-03,  1.28068097e-02, -1.27163951e-01,
         -1.38648985e-01, -1.42554304e-01]],

       [[-1.10699818e-01, -1.02354307e-01, -4.28413689e-02,
          8.57310372e-03, -1.54162270e-02],
        [ 7.45084782e-02,  8.96195969e-02,  8.20504324e-02,
          2.50219943e-02, -9.12398554e-02],
        [-5.43407305e-02, -6.05573409e-02, -1.14602851e-01,
          4.43949160e-02, -7.69439493e-02],
        [-7.15341427e-02, -4.55773190e-02, -3.06462806e-02,
         -7.03598756e-03,  9.49854443e-03],
        [-8.50692050e-02, -8.61888570e-03, -1.07585398e-01,
         -6.40713152e-02, -2.69312743e-02]],

       [[-7.47683115e-02,  5.57453927e-02, -7.45358746e-02,
          5.89142381e-02,  1.09547891e-01],
        [-9.06575093e-02,  9.28683566e-02, -6.80359548e-02,
          4.87326040e-02,  6.94103355e-02],
        [ 2.61659485e-03, -1.04194018e-02, -2.32697808e-02,
         -8.18565602e-02,  9.38519433e-02],
        [ 7.33222880e-02,  3.47380210e-02,  3.75251965e-02,
         -6.70768287e-02, -2.44242031e-03],
        [ 1.02758010e-01, -2.43322629e-03,  3.83706771e-02,
          7.01839411e-02, -6.41536928e-02]]])
 array([[[-0.05350101, -0.03753478,  0.08788186, -0.00852538,
          0.04335466],
        [-0.02976317,  0.08058334,  0.06368203, -0.00397962,
          0.09418107],
        [-0.03125869,  0.03644809,  0.01651026,  0.08363446,
         -0.01883434],
        [ 0.06201577, -0.02277305,  0.0694442 ,  0.02965101,
         -0.02392589],
        [ 0.00147833,  0.0716308 ,  0.03133628, -0.02703925,
          0.08012201]],

       [[ 0.03713309,  0.03467256, -0.05039802, -0.07315278,
         -0.05501221],
        [ 0.00831238, -0.10092368, -0.02490463, -0.00449251,
         -0.00260913],
        [-0.05201149, -0.05687229, -0.06639609,  0.03067263,
          0.01886216],
        [-0.09369711, -0.11146233,  0.00471743, -0.07727677,
         -0.01332418],
        [-0.00196031, -0.04238852, -0.03019171, -0.07217637,
          0.02767588]],

       [[ 0.01825122, -0.04476221,  0.00297919,  0.03989992,
          0.06527929],
        [ 0.02851927, -0.00384814,  0.0710824 ,  0.0491598 ,
          0.08628783],
        [ 0.05249572,  0.02539983,  0.02905167,  0.06381844,
          0.08108547],
        [ 0.0102629 , -0.00184757,  0.08364944,  0.08150511,
          0.01009401],
        [ 0.06858705, -0.05523751, -0.05003982,  0.01864279,
         -0.02257462]],

       [[ 0.0316114 ,  0.08396209,  0.04904471,  0.0631401 ,
         -0.03837722],
        [ 0.05101569,  0.01361536,  0.06302844,  0.02255274,
          0.01623633],
        [ 0.0017118 ,  0.07005723,  0.06190931,  0.03641818,
          0.02406763],
        [ 0.02300324,  0.04703105,  0.05342929, -0.00403262,
         -0.04353994],
        [ 0.06817365,  0.00405097, -0.00250127,  0.00905271,
         -0.01369807]],

       [[-0.04880182,  0.0550428 ,  0.04217584, -0.0130489 ,
          0.00267666],
        [ 0.02174654, -0.00267799, -0.0295414 ,  0.09321396,
          0.02616994],
        [ 0.04645312, -0.03200503,  0.02288604, -0.01950914,
          0.06167302],
        [ 0.0210547 , -0.05232288,  0.07454276,  0.08659227,
          0.01570275],
        [ 0.04424859,  0.02887061,  0.06724756,  0.04248208,
         -0.02836206]],

       [[-0.06857194, -0.00475438,  0.06364877, -0.02582735,
          0.00365456],
        [-0.00602629,  0.07503759, -0.03961616,  0.07293133,
         -0.00044403],
        [-0.03830189,  0.00115797,  0.03586417, -0.05491941,
          0.02371831],
        [ 0.03948891, -0.00404246, -0.05130395, -0.0292646 ,
         -0.07497938],
        [ 0.0030301 ,  0.03961546,  0.04621233, -0.06363747,
         -0.04926806]]])][-0.07226132  0.07505415  0.08653574  0.05886375  0.0486437  -0.1212828
 -0.05593016 -0.13394771  0.04990269  0.07888045 -0.08118167 -0.05242262
 -0.10870611  0.02592794 -0.13476817  0.00310084]
-----------------------------------------------
[[-1.18019969  1.51190431]
 [ 0.64911232 -2.15178691]
 [-0.07059617  1.17729456]
 [ 0.83055887  0.82006791]
 [ 0.40832588 -0.83915886]
 [ 0.32437595  2.3776352 ]
 [ 0.8750487  -0.45535575]
 [ 0.57967698 -1.12788727]
 [-0.26489363 -1.48739629]
 [-0.89906099 -0.90123134]
 [-0.63805996  1.58322547]
 [-0.78170108 -0.5283651 ]
 [ 0.6033567  -0.59456547]
 [-0.68217919 -0.63817804]
 [ 0.48768176  0.13574692]
 [ 0.34751737  0.64511295]]
-----------------------------------------------
[[[[-1.13466401e-02 -3.48735278e-02 -8.93435713e-03 -3.39176673e-02
    -1.29659064e-02]
   [-4.38828882e-02 -1.69387458e-03 -2.47146183e-02  9.12598535e-03
     6.68393459e-03]
   [-3.11096459e-02 -3.28018925e-02 -1.76613388e-02  5.13447298e-03
    -1.07461193e-02]
   [ 4.60315315e-03 -4.38401987e-02 -3.05774497e-02  2.89263272e-03
    -2.21386669e-02]
   [ 7.88398601e-04 -5.34806508e-03  5.24493328e-03 -2.27616599e-02
    -1.41806895e-03]]

  [[ 2.21967768e-02  8.13146421e-03  2.02435533e-02  1.24329161e-02
     9.97309196e-03]
   [-1.65464820e-02  1.23885680e-02 -1.34766269e-03  2.37378722e-02
     3.89219794e-02]
   [ 1.51337543e-02  4.30984728e-03  1.32297652e-02  1.95900982e-02
     3.23595502e-02]
   [ 2.40107317e-02  3.35584583e-02  2.30800014e-02  9.89472599e-03
     9.34344266e-03]
   [ 6.49568873e-03  1.60325207e-02  2.74332750e-02  4.92658051e-03
    -6.93211313e-03]]

  [[ 3.28261993e-03 -6.15947816e-03 -8.93393148e-03 -2.07555261e-02
     7.05142941e-03]
   [-2.87205371e-02 -8.08782510e-03  1.35801940e-02 -3.01188508e-02
    -1.03677932e-02]
   [-9.81050131e-03  1.53499988e-02  2.31334720e-02  2.19314942e-02
     3.55971416e-05]
   [-2.39780045e-02  1.86631314e-03  6.31800147e-03 -2.96615292e-02
    -5.59466516e-03]
   [-2.33619197e-02 -1.17384407e-02  4.03582884e-03  1.21404617e-02
    -2.26996625e-02]]

  ...

  [[ 7.56072836e-03  2.59962169e-02  6.17127730e-04  4.31495074e-02
     1.26950537e-02]
   [ 2.76049992e-02  4.14143886e-02  2.32502694e-02  3.41774944e-02
    -1.27575034e-02]
   [ 3.59918618e-02  4.10496243e-02  3.21912144e-02  3.74958431e-02
    -7.11441354e-03]
   [-9.85043843e-03  6.99429756e-03  4.21883860e-03  1.94152790e-02
    -4.56679230e-03]
   [ 3.35553673e-02 -1.10919876e-02  4.25048463e-02  9.11607973e-03
     1.91617587e-02]]

  [[ 3.01074169e-02  4.21397408e-03  2.40364860e-02 -2.74375257e-02
    -2.05472726e-03]
   [ 1.32964966e-02  1.05682859e-02  3.58809282e-04 -4.09803245e-03
     2.75897139e-02]
   [ 2.53528603e-03  1.47306873e-02  2.68265142e-02 -9.96155998e-03
    -1.00912240e-02]
   [ 1.38098599e-02 -6.75054661e-03  1.25744159e-02 -2.26231126e-03
    -1.45703944e-02]
   [ 6.43724450e-03 -1.73002655e-02  2.13508538e-02 -3.91471913e-03
     1.59789723e-02]]

  [[-1.08076933e-02 -2.66142165e-02  5.19567190e-03 -2.09071879e-02
     1.50839843e-03]
   [ 1.55289208e-03 -3.41299493e-02 -1.92774343e-02  1.37245161e-02
    -1.03348257e-02]
   [-3.89625657e-02  1.15748748e-02  5.27021625e-03 -2.15642301e-02
    -3.17167347e-02]
   [-2.16440273e-02 -6.23346629e-03  2.70527664e-03 -2.98057612e-02
    -1.44192688e-02]
   [-1.05654268e-03  1.44519860e-02 -4.00080000e-02 -3.97084167e-02
     9.20288723e-03]]]


 [[[-1.70047636e-02 -1.00343540e-02  3.42706200e-02  3.24139907e-02
    -1.25514535e-02]
   [ 2.26063250e-02  3.69347052e-02  3.51047139e-02  1.24343872e-02
     2.27405405e-03]
   [ 8.54207785e-03  2.76673269e-02 -1.48305500e-02  2.47464082e-03
     3.78680041e-02]
   [ 1.98305434e-02 -1.65768325e-02  2.37895950e-02  1.03253954e-02
     3.30117955e-02]
   [ 3.18197647e-02  3.58954195e-02  2.29288792e-02  1.37634946e-02
     2.42618208e-02]]

  [[ 5.27108000e-03 -3.52433112e-02 -2.78899468e-02 -1.18848935e-02
    -1.68824675e-02]
   [-2.84264629e-02 -2.51130543e-02 -7.20169708e-03  6.83171958e-03
     3.34619866e-03]
   [-6.15911465e-03 -1.99849627e-02 -1.00781643e-03  8.56689769e-03
    -1.12912202e-02]
   [-2.57202012e-02 -1.83143357e-02  7.77626775e-04 -3.09178029e-02
     9.76388137e-03]
   [ 1.28155820e-02 -1.99938502e-02  1.38792429e-02  5.07505410e-03
    -3.64195944e-02]]

  [[-2.60358473e-02  1.83605136e-02  3.07028996e-02 -2.04127213e-02
    -2.52900983e-02]
   [ 3.02604608e-02  2.42791299e-02 -1.15557452e-02  2.44616997e-02
     1.48308112e-02]
   [ 2.56985721e-02 -2.40775161e-02  2.04678793e-02  1.87685260e-02
    -1.83635052e-02]
   [-1.94804549e-02 -2.12475383e-02  2.06345755e-02  6.13596190e-03
     9.02420784e-03]
   [ 5.25808589e-03  2.80213727e-02  1.48716016e-02 -1.30879126e-02
     1.93568135e-02]]

  ...

  [[ 1.00794464e-02 -2.46930033e-02 -3.48940570e-02 -1.93487438e-02
    -1.98343921e-02]
   [-3.44651158e-02 -9.82126011e-03  2.92161971e-04  4.78455482e-03
     1.38775754e-02]
   [-2.17567585e-02 -3.34225035e-02 -1.18469818e-02 -4.70158100e-03
    -4.40107024e-02]
   [-4.16876553e-02 -1.58059380e-03  1.05184489e-02 -2.26126338e-02
    -3.61234153e-03]
   [-3.65829220e-02 -3.25854324e-02 -1.54822554e-02 -4.15838391e-02
    -1.77577462e-02]]

  [[-1.37630610e-02  4.27737222e-03  2.42436878e-02 -1.76876018e-02
    -1.55478569e-02]
   [-1.74947979e-03  1.31850366e-03 -1.34720801e-02  2.80310505e-03
     6.61323622e-03]
   [ 2.18400416e-02  2.59918609e-03 -1.91825652e-02 -5.56897513e-04
    -1.10394127e-02]
   [-2.61184237e-02 -2.35576942e-02  1.20469208e-02 -2.80081377e-02
    -2.35523168e-02]
   [ 1.89141354e-02  1.49476631e-02 -1.11905689e-02 -5.13995911e-03
    -7.23234661e-03]]

  [[-1.35872342e-02  1.41300570e-02  3.46755404e-02  3.02723907e-02
     2.48863735e-02]
   [ 1.03311136e-02 -1.83568718e-02 -1.00249391e-02  1.90914435e-02
    -8.57080756e-03]
   [ 1.12972405e-02 -1.50200554e-02 -1.33011486e-02 -1.04235049e-02
    -1.13897999e-02]
   [-1.04458429e-02 -1.58457578e-02  3.02434318e-03  1.37067010e-02
     6.99136919e-03]
   [ 3.06178981e-02  2.53900139e-02  1.96644402e-02  2.49350179e-02
     2.74254786e-03]]]


 [[[ 1.43340354e-03 -2.25666087e-02 -1.43231215e-02 -3.35770600e-02
    -4.04047491e-02]
   [-1.89273075e-02 -8.47591149e-03 -7.81081189e-03 -2.62523186e-02
     5.06522051e-03]
   [-3.42087617e-02 -2.25030145e-02 -9.39321657e-03 -1.20773896e-02
    -1.60248941e-02]
   [-2.18576120e-02  5.27254878e-03  7.15244205e-03 -3.13562079e-02
     1.18481789e-02]
   [-1.05619782e-02 -2.26461085e-02 -8.58631678e-03 -1.40540216e-02
     1.30066398e-02]]

  [[ 1.78675706e-02 -1.22071167e-03  2.87679757e-02  3.53518034e-02
     3.43330323e-03]
   [ 2.82278845e-02 -6.05743549e-03  7.60101806e-03  2.42473966e-02
     4.08211781e-02]
   [ 2.32988549e-03  3.64378590e-02  3.36996362e-02 -3.18292916e-03
    -9.45155790e-03]
   [ 3.47620145e-02  1.89577879e-02  1.25142585e-02  3.99699814e-02
     3.30055673e-02]
   [-1.93466903e-03  1.38775475e-02  1.28036091e-02 -4.31095573e-03
     2.26156436e-02]]

  [[ 3.92137504e-04 -6.79472754e-03  1.23964834e-02  5.24644861e-03
    -1.18402150e-02]
   [ 4.22442618e-03  2.96882535e-03 -6.45042896e-03  1.25042476e-03
     2.37118845e-03]
   [ 2.08021472e-02 -1.19924240e-02 -2.09801566e-02 -7.68055874e-03
    -1.05376271e-02]
   [ 3.78913844e-03 -1.89144348e-02  4.20534096e-03 -4.01583011e-03
     1.18934072e-02]
   [-1.78208720e-02 -4.78971856e-03  1.23081641e-02 -6.17304167e-03
    -8.28777841e-03]]

  ...

  [[-1.64085474e-03  7.32755001e-03  2.12845861e-03  1.49936616e-02
     1.41309837e-02]
   [ 2.49796575e-02  2.81318403e-02  5.94123408e-03  9.78039757e-03
     1.07148724e-02]
   [ 4.47526628e-03  1.37171669e-02  1.85180519e-02  2.48994982e-02
     4.61495162e-03]
   [ 4.97968912e-02  4.27706425e-02  3.81583225e-02  4.72546502e-02
     4.04676187e-02]
   [ 1.16970743e-02  5.02254264e-02  4.74940802e-02  2.33377971e-02
     2.31377063e-02]]

  [[ 1.76660418e-03  1.97468501e-02  1.36049208e-02 -4.46138793e-03
    -2.13859193e-02]
   [-1.97978508e-03 -1.49028210e-02 -2.25605688e-02  1.04191838e-02
    -2.92762658e-03]
   [ 2.66790771e-03 -2.66943959e-02  9.07128995e-03 -1.26838344e-02
     1.24092531e-02]
   [ 1.68712311e-02 -2.15845548e-02  7.96132737e-03  3.68533752e-03
     3.13728606e-02]
   [-8.56900496e-03 -4.95658015e-03  2.88347744e-02 -1.42230073e-02
     1.23892266e-02]]

  [[ 2.52394272e-03  2.15757058e-02  8.09819484e-03 -2.12023592e-02
    -3.24279843e-02]
   [ 2.13290779e-03 -2.95569279e-02 -1.82323202e-02  9.98953506e-03
    -1.59907465e-02]
   [-2.06633726e-02 -3.40730405e-02 -2.69236149e-02 -2.90999996e-02
    -1.51724717e-02]
   [-4.96400288e-03 -3.70633708e-02 -2.12306018e-02  1.08700245e-02
    -3.59758035e-02]
   [ 2.20095257e-02 -2.43601775e-02 -3.39532491e-02 -3.86685258e-02
     9.16020384e-03]]]


 ...


 [[[ 3.93446572e-03  3.74453172e-02  4.74737881e-03  7.41146066e-03
     1.49524087e-02]
   [-6.50684323e-03  7.06855458e-03 -3.90967353e-03  1.48965432e-02
     2.91545395e-02]
   [ 1.36728439e-02  3.67390572e-02  3.46541259e-02  4.79687019e-03
     5.23484645e-03]
   [ 4.19071182e-02 -8.28112991e-03  1.92202051e-02  3.09695911e-02
     1.78602541e-02]
   [ 1.43522862e-02 -7.83678863e-03  1.62559387e-02  7.89682955e-03
     3.99688318e-02]]

  [[ 5.21296779e-03 -2.35381388e-02 -2.07411893e-02  7.25065811e-04
    -4.16895199e-02]
   [-2.06897922e-02 -3.58759843e-02 -1.66838564e-02 -1.18088537e-02
    -2.06105991e-02]
   [-2.07791223e-03 -3.91416908e-02 -1.09955958e-02 -1.65095488e-02
    -3.63077314e-02]
   [-3.04177334e-02 -1.78172674e-02 -1.94733900e-02 -3.97107570e-02
    -2.21783216e-02]
   [ 1.33254228e-02  6.10234340e-03 -8.61241676e-03  9.86676696e-03
    -6.49392007e-03]]

  [[-2.34069523e-02  1.93319819e-02 -2.16284957e-02 -2.29734393e-02
     9.81816695e-03]
   [ 3.71380759e-03 -6.61067710e-03 -1.03708561e-02  2.73683316e-03
    -5.33537322e-03]
   [ 2.82170357e-02 -1.65963021e-02  1.95972151e-02 -2.34262573e-02
    -9.69317522e-03]
   [-1.88668422e-02 -1.99480856e-02 -2.45656390e-02  1.01333736e-02
     3.48416302e-03]
   [ 2.73760461e-02 -6.58527840e-03  2.04260644e-03 -2.03234920e-02
    -2.12835640e-02]]

  ...

  [[-1.37901214e-03 -1.41959978e-02 -3.07671096e-02 -2.17619604e-02
    -1.36269538e-02]
   [-1.92913102e-02  1.14075063e-02 -1.52018387e-02 -4.53106373e-02
     2.40863577e-03]
   [-4.51263350e-02 -3.96594866e-02  8.04742977e-04 -4.33439179e-03
    -2.75549738e-02]
   [-1.69055974e-02 -2.93293663e-02 -6.70909938e-03 -3.02555864e-02
    -1.67877446e-02]
   [-3.44533204e-03 -3.62530567e-02  1.01524839e-02  2.28884279e-03
    -4.19546628e-02]]

  [[-1.37508441e-02  5.54592288e-03  1.91866814e-02  2.09995599e-02
     1.99649638e-02]
   [ 1.91985375e-02 -2.02678223e-02  1.34023958e-02 -9.78360508e-03
     3.14942418e-03]
   [-3.87514865e-03 -4.35786688e-03 -5.13559599e-03 -2.96499731e-02
    -1.07101513e-02]
   [ 1.04874056e-02 -3.24080473e-02 -9.55465814e-03  1.31480349e-04
    -2.02917767e-02]
   [-2.73169552e-02  5.05438088e-03 -1.22154547e-02 -6.26483191e-03
    -2.74394449e-02]]

  [[ 2.33201558e-02 -1.61360625e-04 -6.47793871e-04 -1.70233760e-02
     2.65880104e-02]
   [-7.63796429e-03  9.73093055e-03  4.05822681e-03  2.01688870e-02
     3.41837554e-02]
   [ 1.97506070e-02  1.27793253e-02 -1.24705961e-02  5.93284365e-03
     1.63208217e-02]
   [ 4.91271531e-03  1.41174361e-02  8.56408070e-03  3.66916063e-02
     9.74800911e-03]
   [ 2.80340288e-02 -4.65447309e-04  1.61588012e-02  4.26835869e-02
    -1.26432114e-03]]]


 [[[ 5.23203761e-03 -1.77449548e-02  1.44872162e-02 -2.21095538e-02
    -3.50376854e-02]
   [-7.35988026e-03 -5.81902927e-03 -3.82361007e-02 -1.56276254e-02
    -2.53991831e-02]
   [ 1.11236011e-02  9.34715304e-03 -3.21242942e-02 -2.56748277e-02
     2.61587109e-04]
   [-1.58403555e-02 -1.74462481e-02 -3.09803966e-02  1.01416857e-02
    -3.09446060e-02]
   [ 6.50333044e-03 -4.35907893e-02 -1.91815135e-02 -6.01766370e-03
    -2.08888394e-02]]

  [[ 3.63535781e-02  1.48137016e-02  2.71891550e-02  6.40712586e-03
     2.49577485e-02]
   [-1.36107830e-02  1.59151331e-02  3.86767965e-02 -4.51143376e-03
     3.27911913e-02]
   [ 2.39748323e-02 -8.78861961e-03  3.24675970e-02  3.84718465e-03
     3.88330149e-02]
   [ 5.32024093e-03  3.31464315e-03  1.68169789e-02  1.96806752e-02
     2.75622293e-02]
   [ 8.45005856e-03 -9.56802252e-05  1.68814402e-04  3.01726819e-02
     2.99390693e-02]]

  [[ 2.11815565e-02  2.57554245e-02 -2.24311817e-03 -1.45943346e-02
    -1.19816003e-02]
   [-5.46229007e-04  2.39201238e-03 -3.91669442e-03  2.29386275e-02
     6.83325167e-03]
   [-1.69561686e-02  2.60247520e-02 -2.60647796e-02 -1.12323370e-02
    -9.84555266e-03]
   [-1.43275535e-02  2.33516101e-02  1.03388876e-02 -2.97866556e-02
    -1.11932791e-02]
   [ 4.80448491e-03 -1.60509874e-02  2.55089934e-02 -1.17507894e-02
     2.14072551e-02]]

  ...

  [[ 4.30887544e-02  1.10898905e-02  3.96176353e-03  1.29365166e-02
     1.81882389e-02]
   [-4.66127703e-03  3.86205566e-02  3.80776986e-02  4.84475707e-02
     3.76480672e-02]
   [ 1.32083268e-02  2.50062089e-02  4.67192578e-02  4.71535512e-03
     3.57365260e-02]
   [ 3.33780442e-02  4.27240345e-02  3.61523909e-02  4.39558672e-02
     3.99131491e-02]
   [-4.89617474e-03  4.23165535e-02 -6.74465640e-03  1.78639838e-02
    -3.81867799e-03]]

  [[-1.94567882e-02  2.74591744e-03 -2.56961816e-02  1.64780805e-02
     5.39803980e-04]
   [ 2.42686435e-02  2.40333301e-02  2.04932025e-02 -1.00462894e-02
     3.78204588e-03]
   [ 1.87823854e-02  1.57603842e-02 -1.32927339e-02  3.27577044e-03
     3.75745901e-02]
   [ 2.93985765e-02 -5.42287459e-04  8.32927848e-03  2.17987915e-02
    -1.52630012e-02]
   [-1.02557977e-03  2.02008115e-02  1.94272672e-02 -1.17202084e-02
     1.46060728e-02]]

  [[-6.32272231e-03  1.97506970e-02 -8.98968086e-03  1.69663659e-03
     8.14343358e-03]
   [ 8.55059168e-04  8.21113715e-04 -1.44378935e-02  9.01124002e-03
    -3.21106268e-02]
   [ 1.41257051e-02 -1.47409365e-02  1.66860024e-02  1.07630061e-02
    -4.37212734e-03]
   [-2.59509481e-03 -1.39421592e-02 -2.61736796e-02  6.75992317e-04
     1.06172027e-03]
   [-1.17374127e-02 -5.84158704e-03 -2.63966332e-02 -9.89617966e-03
    -3.04235611e-02]]]


 [[[-1.85807302e-02 -5.61802349e-03 -1.29206259e-03 -4.11305884e-02
    -1.04352055e-02]
   [-3.19262801e-02 -1.33512793e-02  6.60556783e-03 -2.65182282e-02
    -2.48928684e-02]
   [-4.15976134e-02 -2.44462765e-02  1.17650620e-02 -2.77479229e-02
    -8.25276606e-04]
   [-1.30430752e-02 -2.81124320e-02 -3.41001283e-02 -6.76921684e-03
    -4.49661013e-02]
   [ 1.16447875e-02 -1.23052943e-02 -1.05664617e-02  9.72199784e-03
    -2.24761936e-02]]

  [[ 1.24110185e-02  2.23656550e-02 -6.49665981e-03  4.04584306e-02
    -2.03355864e-03]
   [ 2.13880625e-02  3.34278893e-02 -7.47068008e-03  1.74918005e-02
     7.06480121e-03]
   [-1.53712294e-02  2.43413323e-02  2.11514197e-02  1.23658356e-02
     1.13655763e-02]
   [-7.61387473e-03  3.83423405e-02  2.54186644e-02  2.42087333e-02
    -1.26099658e-02]
   [ 1.37947135e-02  6.78782254e-03  4.46818834e-02  7.31084596e-03
     2.36249958e-02]]

  [[-2.87268773e-02  1.85627969e-02 -2.32366176e-02 -1.45274453e-02
    -3.98879338e-03]
   [-9.32721917e-03  4.59045943e-03 -2.22522278e-02  2.06497883e-02
     2.46852095e-02]
   [-2.52736413e-02 -5.19937636e-03  1.05032593e-04 -5.12977884e-03
    -1.04324101e-03]
   [-1.04690415e-02 -6.66184680e-03 -5.59848342e-03  2.19837691e-02
    -2.17527710e-02]
   [ 3.81296512e-03  1.29486821e-02  2.16388320e-02  1.27361071e-02
    -2.34460924e-02]]

  ...

  [[ 4.64014997e-02 -5.91791857e-03  3.56182381e-02  3.56836658e-02
     1.35489402e-02]
   [ 2.92035387e-02  9.56424131e-04 -8.78843063e-03  3.08214346e-02
    -2.72635816e-03]
   [ 4.59531276e-02 -6.67164304e-03  3.27001985e-02  2.91119822e-02
     1.73473625e-02]
   [ 2.48082782e-02  4.18940837e-02  1.97768715e-02  3.85163367e-02
     8.79711776e-03]
   [-2.03946730e-03  3.85554218e-02  4.74681611e-02  4.03596316e-02
     3.73938696e-02]]

  [[ 5.33838850e-04 -1.01728091e-04  2.27521566e-02 -6.33656920e-03
    -1.07173069e-02]
   [-2.53754334e-02 -1.06388092e-02  1.82026633e-02 -1.76962129e-02
    -7.11967565e-03]
   [-1.90167703e-02  3.80178891e-03 -2.29950223e-02  1.34149254e-02
     1.34732896e-02]
   [ 1.66614634e-02  1.34255322e-02  2.80869780e-02 -4.01945787e-03
     3.24935260e-02]
   [-1.29634108e-02  3.44879170e-02 -1.34015404e-02 -2.05937866e-03
     8.52232717e-03]]

  [[-1.90402669e-02 -2.26458307e-03 -2.19240991e-02  1.06259921e-02
     1.53291050e-02]
   [ 9.96200133e-03  1.75179845e-03 -9.16641974e-03 -3.69094423e-02
    -1.23541558e-02]
   [-1.57900979e-02 -2.68248657e-02 -3.31540675e-02  1.87948949e-02
     4.03867419e-03]
   [-1.43877430e-02 -2.75638418e-02 -2.04581658e-02 -6.47676662e-03
    -2.88927496e-03]
   [ 1.20437355e-02 -1.62168850e-02 -3.01479948e-02 -4.33568524e-02
    -3.40776426e-02]]]][ 1.36465838e-02 -1.92161686e-02 -1.71642555e-03 -2.03342111e-02
 -1.02303990e-02  2.20692752e-02  1.81828684e-02 -1.92648572e-02
 -3.78430898e-02  3.39968150e-02  1.85518135e-02  1.65961610e-02
  3.99164626e-02 -1.29009655e-02 -1.35412112e-02  1.04216173e-02
  1.95269521e-02  8.97892128e-03  9.58500787e-03  1.41273173e-02
  2.16619391e-02  3.22775569e-03  1.33436774e-02 -2.44311598e-03
  8.43741619e-03  8.07216580e-03 -4.94747415e-03 -2.65088285e-02
 -1.61710552e-02 -2.80106574e-02 -6.94356766e-03  9.55243654e-04
 -3.68775349e-02  2.77945931e-02 -9.83508455e-03 -2.86414985e-02
 -4.00172783e-02 -1.08179242e-02  4.43604964e-03 -1.17457952e-02
 -3.73994770e-02  3.45689593e-02 -1.25592801e-03 -1.36141344e-02
 -3.17923901e-02 -2.46115796e-02  3.29764958e-03  3.14888719e-02
 -3.69789195e-02  1.18636052e-02  9.56686526e-03  1.21747257e-02
  1.43397089e-02 -2.87330577e-02  2.28022550e-02  3.23835968e-02
  4.29733862e-02 -2.79925852e-02 -3.02722343e-02 -7.22708290e-03
  2.41421653e-02 -3.91206625e-03  1.92446839e-02 -3.60688907e-02
 -1.89060624e-02  1.27859544e-02 -2.67333128e-03 -1.57707745e-02
 -2.98396149e-02  6.78918256e-03 -2.00497442e-02 -1.00084030e-02
 -5.37586829e-03  3.29988679e-03  1.39054422e-02 -1.21712160e-02
  2.69624743e-02  2.68084198e-02  4.24083216e-02 -3.00017677e-02
  3.07521049e-02  3.43647868e-02  3.93826364e-02  1.11392024e-02
 -1.88305676e-03 -3.21496802e-02  2.58975192e-02 -7.87884628e-03
  2.74760149e-02  1.76421022e-02 -2.79477719e-02 -7.69109459e-03
 -4.01351105e-02 -4.06371479e-02  1.67992282e-02 -4.06263153e-02
 -1.19928359e-02 -3.96680494e-02 -1.70746806e-02  1.30443940e-02
 -3.30474144e-03  4.52585208e-03  2.31210208e-02 -2.90459402e-02
 -1.34591300e-02 -3.65018714e-02 -3.68589407e-02  1.95645353e-02
  1.41436877e-03 -2.07811480e-02 -7.08326050e-05 -7.71008087e-03
 -1.92138816e-02  3.67837223e-04 -2.69926411e-02 -1.63458376e-02
 -2.85994822e-02  3.64374151e-02 -2.48875377e-02 -1.77026594e-02]
-----------------------------------------------
[[-0.04529622  0.05185902 -0.05618256 ...  0.05791782 -0.02668058
  -0.03072093]
 [-0.06658109  0.05809545 -0.05921929 ...  0.05551717 -0.0385449
  -0.06207114]
 [-0.06342737  0.05215887 -0.04888823 ...  0.03656854 -0.03485891
  -0.04313937]
 ...
 [-0.05649553  0.05628332 -0.04944077 ...  0.040401   -0.03446402
  -0.05442262]
 [-0.05062736  0.02754459 -0.01721157 ...  0.0321172  -0.0429869
  -0.03612466]
 [-0.08665953  0.10606278 -0.11643381 ...  0.08728622 -0.09927682
  -0.08957546]][ 1.63376150e-02  1.05007348e-02  4.02277441e-02  2.86545322e-02
  1.65414004e-02  2.50814330e-02  5.60605854e-02 -3.87660717e-02
 -4.47472117e-02 -2.00456612e-02  9.18707066e-03 -2.27859139e-02
 -5.65130485e-02 -1.40686019e-02  1.46856751e-02 -2.13003934e-02
 -1.40955540e-02  1.49179998e-01  9.14769648e-02  2.05427906e-02
 -3.51476483e-02 -3.77399403e-02  2.20576982e-01 -1.80529461e-04
  3.91172432e-02 -2.82630231e-02  8.27800319e-02 -3.78753845e-02
 -3.41892793e-02  1.92511437e-02 -1.01972507e-01 -1.08306107e-01
  5.18540881e-02 -4.50444757e-02  3.05308780e-02  2.88023621e-02
  8.30092677e-03 -4.06087378e-02  3.38289685e-02  3.87053560e-02
  4.08326909e-02  1.24126095e-03  3.88560310e-02 -4.13468301e-02
  5.92947589e-02 -4.27662570e-02 -1.75349491e-02  2.69884701e-02
 -3.98109436e-02 -3.77282348e-03  3.41306629e-02 -2.04479537e-02
 -3.63682423e-03  3.45559263e-02  5.46071406e-02 -4.45269986e-02
  3.52603486e-02  4.33015683e-02  4.49927316e-02 -1.45203342e-02
  3.71264992e-02  3.70166582e-02 -4.50559584e-02  1.79817090e-02
  7.12425962e-02 -4.68187123e-02  1.70963895e-02 -1.70433782e-02
  1.25687213e-02  4.53658324e-02 -7.01642040e-02 -4.65847483e-02
  1.69792932e-02  1.23739357e-01  1.09448409e-02  1.22832611e-02
 -4.32740866e-02 -8.66478844e-02 -2.07150438e-02  3.94887348e-02
 -2.45749310e-02  1.78648477e-02  3.91145682e-02  7.33871353e-02]
-----------------------------------------------
[[-6.24818152e-01 -4.41924773e+00  8.45691979e-02 -2.80667376e+00
   2.48598166e-01  3.30573625e+00 -1.88753624e-02  8.76553269e-01
  -3.51225241e-01  4.65224806e+00 -7.77479135e-01  2.39390835e+00
   3.07484914e+00  4.13309372e+00 -8.21099321e-01  9.46879308e-01
  -4.96981307e+00 -3.27101398e+00 -1.88821543e+00 -2.68721231e-01
   1.74003297e+00 -1.63154457e-01 -2.54211811e+00  5.23421987e+00
  -2.27578730e+00  1.83718063e+00 -3.10568054e+00  3.61226703e+00
   3.63479622e+00 -4.46743290e+00  2.72127528e+00  5.25602658e+00
   2.46987672e-01  1.05016261e+00 -4.69316487e+00 -4.04126273e+00
  -5.29707979e+00  4.84198626e+00 -3.66485835e+00  4.55277747e+00
  -5.24768521e-01 -3.68481901e+00 -8.10402980e-01 -1.62038541e+00
   3.04131410e+00  5.31358490e+00  3.58813727e+00 -1.07640824e-01
   3.99163584e+00  4.09832995e+00 -4.84557484e+00  1.54537241e+00
   2.89377241e+00 -2.49619766e+00  1.94551130e+00  1.71533136e+00
  -4.19624568e+00 -4.13841995e+00 -2.59051433e+00  4.29342834e+00
  -3.10654773e+00 -5.72553636e+00  3.09873393e+00 -5.34658906e+00
  -2.66659496e+00  5.43540998e+00 -2.26437488e+00 -9.66402921e-01
  -3.38570700e+00  1.44853479e+00  3.42031838e+00  5.33594735e-01
  -2.04182402e+00 -5.18262609e+00  1.54701492e+00 -3.98395304e+00
   5.08046299e+00  1.84086156e+00 -4.09716624e+00  1.17293009e+00
   1.76433301e+00 -2.82474649e+00 -1.00978701e+00 -2.33862106e+00]
 [-8.12763794e-01 -5.13209980e+00  1.59414695e-01 -3.00567936e+00
   3.86532763e-01  3.56491480e+00 -4.04033674e-01  1.35985020e+00
  -2.37430980e+00  5.10483728e+00 -1.39754101e+00  5.46386875e-01
   3.73234816e+00  2.59383218e+00  1.25437211e+00  3.60616222e+00
  -3.23337291e+00 -6.14112980e+00 -2.14433161e+00 -2.22257529e+00
   2.02446461e+00  1.83183413e-02 -5.31511362e+00  4.04853202e+00
  -5.36923254e+00  4.30326291e+00 -3.67437304e+00  1.92648396e+00
   3.94607178e+00 -4.80836115e+00  5.43085336e+00  5.95235269e+00
  -2.62188425e-01  1.22806232e+00 -5.23057109e+00 -2.45815882e+00
  -6.19308597e+00  3.60804875e+00 -6.44806302e+00  3.13390720e+00
  -2.94604694e+00 -4.23309861e+00 -1.09421107e+00  5.09681349e-01
   1.27976049e+00  6.28419471e+00  4.58493790e+00  2.00986730e+00
   4.36523430e+00  2.79699743e+00 -3.30397337e+00  1.13688369e+00
   3.24371955e+00 -2.56696295e+00  4.47893375e+00 -3.02412943e-01
  -2.70221322e+00 -4.53499293e+00 -5.41260671e+00  2.66022956e+00
  -5.91958946e+00 -4.38410275e+00  1.64051401e+00 -6.21847684e+00
  -5.09849256e+00  4.14656880e+00 -4.81962245e+00 -5.68279144e-01
  -1.84429317e+00  1.46755552e+00  4.01810078e+00  3.03130841e+00
  -3.32079201e-01 -3.76227772e+00 -5.81641597e-01 -2.55032995e+00
   5.80235962e+00  2.83058495e+00 -4.37795092e+00  1.32916124e+00
   2.26408930e+00 -3.07338175e+00 -1.57217961e+00 -2.59757560e+00]
 [-3.22601415e+00 -4.84516170e+00 -7.34865591e-02 -4.96023660e+00
  -8.65323308e-02  3.91655129e+00 -2.57289784e+00 -1.25867728e+00
  -2.39756701e+00  4.82339973e+00  1.32707168e+00  2.58092054e+00
   3.23130637e+00  4.21520839e+00 -1.12641666e+00  1.19701041e+00
  -4.62667515e+00 -3.45250769e+00 -4.28762295e+00 -2.41514048e+00
  -5.49018072e-01  1.91914089e+00 -2.67741639e+00  5.72956650e+00
  -3.10777840e+00  4.31142111e+00 -2.88738987e+00  1.50034338e+00
   1.44625006e+00 -2.68404321e+00  2.98089932e+00  5.31956470e+00
  -1.81355246e+00  1.27532272e+00 -4.93304009e+00 -4.51801454e+00
  -3.86803749e+00  4.95182920e+00 -3.56357515e+00  4.94761208e+00
  -3.02396198e+00 -1.99365382e+00  1.27782902e+00 -2.04658998e+00
   1.11425483e+00  5.96105856e+00  5.91602408e+00 -1.03821332e-01
   1.71983327e+00  2.58803534e+00 -5.27726731e+00  1.03543261e+00
   2.37166864e+00 -4.52796023e+00  3.96503213e+00 -4.42214186e-01
  -4.53008118e+00 -4.46017583e+00 -2.60823256e+00  4.50371329e+00
  -5.27787143e+00 -4.07623140e+00  1.70769614e+00 -3.50172578e+00
  -5.34222094e+00  5.65315572e+00 -4.24414813e+00 -1.31578716e+00
  -3.94038211e+00 -6.52467029e-01  3.69825120e+00  6.97461489e-01
  -2.39726826e+00 -3.05718329e+00 -5.90486734e-03 -3.80937992e+00
   5.39707329e+00  2.43197811e+00 -3.67666563e+00 -9.40725227e-01
   4.35049963e+00 -8.44044493e-01  9.91006426e-01 -2.58953225e+00]
 [-8.10221955e-01 -2.56355889e+00  4.39471483e-01 -2.82497772e+00
   4.98409041e-01  3.70828723e+00  1.77427226e-01  7.41118115e-01
  -1.98953813e+00  4.85480743e+00 -8.46488341e-01  3.78947895e-01
   5.60399409e+00  2.02968195e+00 -1.23749595e+00  1.84869779e+00
  -4.68411711e+00 -5.22072973e+00 -1.94248334e+00 -2.58906937e+00
   2.05384653e+00  9.81256410e-02 -2.49580458e+00  5.57824166e+00
  -4.46503803e+00  4.34202143e+00 -2.95069093e+00  3.96390461e+00
   3.84816123e+00 -2.15939215e+00  4.56485250e+00  3.51119945e+00
   2.74237465e-01 -5.63628362e-01 -2.91353853e+00 -4.36531906e+00
  -3.08756819e+00  2.66669111e+00 -3.27076709e+00  5.08095260e+00
  -7.50043309e-01 -4.03121898e+00 -8.77531449e-01 -1.94783607e+00
   3.56531019e+00  3.26937714e+00  5.43705705e+00 -6.87398980e-01
   4.64221221e+00  4.62541537e+00 -2.54081114e+00 -1.37356657e+00
   6.64318405e-01 -2.67466692e+00  4.34199856e+00 -2.89473515e-01
  -2.60479003e+00 -2.09372739e+00 -2.64998831e+00  1.91292769e+00
  -2.71600756e+00 -3.40405205e+00  1.52901963e+00 -5.36350308e+00
  -5.31736887e+00  5.50312738e+00 -4.24470767e+00  1.24917747e+00
  -1.25405750e+00 -8.32283766e-01  4.12075807e+00  3.12776968e+00
  -3.06504573e-01 -2.69390738e+00  2.44406112e+00 -4.45406871e+00
   5.18281916e+00  4.27856490e+00 -1.74238221e+00  1.62005717e+00
   1.90486471e+00 -1.11896070e+00  6.08127035e-01 -2.03908664e+00]
 [-3.43408945e+00 -1.86240866e+00 -1.67392512e+00 -5.20240580e+00
  -2.05933840e-02  4.28605979e-01 -1.02422160e+00 -1.27617330e+00
   5.42764420e-01  3.98976415e+00  1.20352739e+00  3.99671450e+00
   5.81089357e+00  1.85807109e+00  3.05156607e-01  4.10482396e+00
  -2.61237371e+00 -5.70724060e+00 -4.23431072e+00 -1.84026174e+00
  -1.69576636e+00  2.07177677e+00 -4.82518770e+00  6.72111223e+00
  -4.90214571e+00  2.99651744e+00 -2.50022615e+00  3.95099930e+00
   1.36504073e+00 -2.39738298e+00  3.08159328e+00  4.08668182e+00
  -1.83609059e+00  1.71479391e-02 -5.49557358e+00 -5.22717024e+00
  -4.57656096e+00  3.89545305e+00 -3.31946493e+00  6.28430469e+00
  -1.04185276e+00 -1.61011145e+00  1.54600328e+00 -1.17929233e+00
   1.61883877e+00  2.73439068e+00  3.49170672e+00 -8.85487179e-01
   4.67031685e+00  3.24711897e+00 -6.06930867e+00 -1.66210106e+00
   1.04459341e-01 -5.00439812e+00  2.69323553e+00  5.62810857e-01
  -3.90400372e+00 -1.58864594e+00 -4.64302765e+00  2.72202840e+00
  -6.58645055e+00 -3.16934709e+00  1.52907073e+00 -3.93789577e+00
  -5.05731647e+00  6.15687203e+00 -3.46066204e+00 -1.02956017e+00
  -3.76037082e+00  9.69939148e-01  5.55826221e+00  7.81892190e-01
  -2.06329618e+00 -5.75339113e+00  2.30568020e+00 -5.48757184e+00
   3.21104190e+00  1.96610284e+00 -2.04414332e+00 -1.52811250e+00
   1.32693407e+00 -4.48984913e+00 -1.58349280e+00 -2.35706508e+00]
 [-2.80635382e+00 -4.55784949e+00 -1.85667837e+00 -2.15344365e+00
  -1.97833555e+00  1.50367677e+00  6.78923305e-02 -1.17362673e+00
  -2.09054519e+00  4.75427145e+00 -8.07586368e-01  2.35525101e+00
   5.17979293e+00  3.87632429e+00 -1.11072422e+00  8.87457664e-01
  -4.61629163e+00 -3.14667959e+00 -1.86221691e+00 -1.91559734e+00
  -5.27155961e-01 -3.91374246e-01 -2.12256638e+00  5.26052457e+00
  -4.63018735e+00  1.75057445e+00 -4.96648859e+00  1.42448439e+00
   1.60276020e+00 -4.03528481e+00  2.78879708e+00  2.93051790e+00
  -2.03044210e-02 -8.75794187e-01 -4.67637019e+00 -4.03824064e+00
  -3.00887628e+00  2.94600324e+00 -3.51827774e+00  2.08735160e+00
  -7.73062387e-01 -1.59227707e+00  2.06292891e+00  6.58712862e-01
   2.86132153e+00  3.63380899e+00  5.60243174e+00 -3.49578739e-01
   1.96275998e+00  4.64914015e+00 -2.43977709e+00 -7.30630950e-01
   2.91321481e+00 -2.46150585e+00  4.10301043e+00 -6.78149897e-01
  -4.08721765e+00 -4.34430499e+00 -2.73949563e+00  4.23306802e+00
  -4.81227850e+00 -5.45943686e+00  3.12944558e+00 -5.49399411e+00
  -2.47654600e+00  3.31008512e+00 -3.98223662e+00  8.02568327e-01
  -3.32231407e+00  1.11456699e+00  1.72566833e+00  5.13533985e-01
  -1.83739234e+00 -4.99480619e+00 -2.75094091e-01 -1.43009479e+00
   2.73459948e+00  2.19966730e+00 -1.65065877e+00 -4.51861824e-01
   1.76739486e+00 -6.52857247e-01  7.61568474e-01 -4.15235373e+00]
 [-1.04299697e+00 -2.85878033e+00 -4.61511990e-02 -5.00939810e+00
  -6.77421077e-02  3.80662302e+00 -2.55086244e+00 -1.26763922e+00
  -4.69003631e-01  5.23316505e+00  1.58715501e+00  2.90540291e+00
   3.24307620e+00  4.28515357e+00 -1.21828091e+00  3.66483282e+00
  -5.29130206e+00 -5.59687027e+00 -2.60253735e+00 -2.31247557e+00
   1.68238196e+00  2.09449593e+00 -4.95045610e+00  3.48535842e+00
  -2.96765036e+00  4.38409873e+00 -3.43928638e+00  3.82091535e+00
   1.48072031e+00 -2.73633497e+00  5.17380323e+00  5.62256411e+00
   7.06349523e-02  1.37392453e+00 -2.91895073e+00 -4.53927782e+00
  -3.70303176e+00  5.41747551e+00 -6.10743793e+00  2.90046669e+00
  -7.54838210e-01 -4.60371794e+00  1.91974110e+00  1.54908963e-01
   3.52740215e+00  3.76883973e+00  4.00677247e+00  1.74399185e+00
   4.56925999e+00  2.71968829e+00 -5.38791272e+00 -1.51324610e+00
   9.41541929e-01 -2.89551602e+00  4.46634981e+00 -3.21816943e-02
  -2.43776582e+00 -4.78506608e+00 -3.02618626e+00  2.62930086e+00
  -5.55805330e+00 -4.00917617e+00  3.67527023e+00 -5.82484444e+00
  -5.22575418e+00  3.68900498e+00 -2.54249365e+00  1.08832201e+00
  -1.91965787e+00  1.24871065e+00  1.64010702e+00  3.32277732e+00
  -1.90866410e+00 -3.56356230e+00  1.84106640e+00 -2.39697246e+00
   3.34827729e+00  2.39630522e+00 -2.56062732e+00 -2.64965896e-01
   4.76187461e+00 -3.30518843e+00  9.66644428e-01 -2.65927710e+00]
 [-2.95653136e-02 -3.51139318e+00 -8.45538190e-01 -2.34616778e+00
  -2.35879602e+00  4.03619331e+00  6.94317867e-01 -1.42164440e+00
   2.59326032e-01  5.99057769e+00  1.44006926e+00  2.97602757e+00
   6.20533591e+00  1.66974593e+00 -1.48884610e+00  4.17973200e+00
  -4.79278972e+00 -3.22286968e+00 -5.04755747e+00  4.23437187e-01
   1.45828712e+00  2.45893688e+00 -2.45789750e+00  4.45804660e+00
  -4.74288487e+00  1.54076438e+00 -5.39919470e+00  1.15967410e+00
   2.00825808e+00 -2.43471895e+00  5.72549824e+00  6.17145416e+00
  -2.58062331e+00  2.36772634e+00 -2.72199840e+00 -4.23902184e+00
  -5.98383638e+00  3.14672405e+00 -3.71270328e+00  5.06207841e+00
  -1.79041426e-01 -3.42376646e+00  1.65315254e+00  1.08928407e+00
   1.09204105e+00  4.30704792e+00  3.43438190e+00 -2.68597878e-01
   5.33135594e+00  2.49558309e+00 -5.78395365e+00  6.36020362e-01
   4.55859051e-01 -5.18840808e+00  4.65881687e+00  2.23345353e+00
  -1.38260663e+00 -2.10792490e+00 -2.76423064e+00  4.08458513e+00
  -3.00258913e+00 -5.86814255e+00  3.68379803e+00 -6.46929151e+00
  -2.92801484e+00  6.40677678e+00 -2.22139156e+00 -1.89084609e+00
  -1.64470445e+00 -1.56563546e+00  2.85570584e+00  3.41432723e+00
  -1.32298720e+00 -3.55465936e+00  2.01214650e+00 -2.18912271e+00
   3.98760050e+00  4.77752630e+00 -2.58307569e+00 -5.91559218e-01
   2.24931030e+00 -1.09608815e+00 -1.09822112e+00 -3.92638883e+00]
 [-2.44740057e+00 -4.15956990e+00 -1.67175799e+00 -4.21456059e+00
   5.45427473e-01  9.56982822e-01  1.54652918e-01 -8.52656437e-01
  -2.38616079e+00  4.75972125e+00  1.35418878e+00  2.42789034e+00
   3.05092687e+00  3.55244397e+00 -3.93943248e-01  3.18339867e+00
  -4.49145362e+00 -2.67147430e+00 -3.87163726e+00  6.67023963e-01
  -1.10942377e-01 -2.80672292e-01 -4.18858145e+00  2.85085085e+00
  -4.07039408e+00  1.71855448e+00 -2.60937523e+00  9.88425486e-01
   1.06822406e+00 -4.02683401e+00  4.31414362e+00  2.90775344e+00
  -2.21424538e+00  1.54260225e+00 -4.27794145e+00 -1.86025723e+00
  -5.29351982e+00  2.56510434e+00 -3.22276965e+00  2.55508113e+00
  -4.82210438e-01 -3.60412416e+00  1.46113859e+00 -1.97797588e+00
   8.78564357e-01  3.05600763e+00  3.16316142e+00  1.58187939e+00
   4.09341041e+00  4.05383555e+00 -2.30481415e+00 -1.19314840e+00
   8.64302014e-01 -4.17352248e+00  1.95192735e+00  1.56849563e+00
  -1.76951160e+00 -3.94489575e+00 -4.86392454e+00  3.97795766e+00
  -4.59321402e+00 -3.14286801e+00  1.14726712e+00 -2.94923623e+00
  -4.79390079e+00  4.93540032e+00 -3.64787489e+00  9.03655896e-01
  -3.47356678e+00 -5.39020675e-01  3.66424581e+00  3.12949035e+00
   8.11440736e-01 -2.54770676e+00  1.55995432e+00 -3.76906934e+00
   4.92252246e+00  1.64200738e+00 -3.99369805e+00  1.64056509e+00
   3.98908846e+00 -7.96422725e-01  9.22980790e-01 -1.76973272e+00]
 [ 1.52342242e+01  3.39100697e+01  5.48408205e+00  3.45235434e+01
   8.83303195e+00 -2.32275715e+01  9.47660056e+00  2.27289578e+00
   1.12562593e+01 -3.81627921e+01 -3.08291728e+00 -1.45614500e+01
  -4.11325232e+01 -2.82135551e+01  1.83727769e+00 -2.16189948e+01
   3.53181890e+01  4.04305156e+01  2.98809130e+01  1.04733799e+01
  -4.07613041e+00 -9.82559346e+00  3.35751418e+01 -4.33664527e+01
   3.45310986e+01 -2.91843955e+01  3.55327054e+01 -2.23474976e+01
  -2.24002827e+01  3.17497851e+01 -3.67817159e+01 -4.17581149e+01
   1.01351445e+01 -5.41552615e+00  3.58611489e+01  3.12867229e+01
   4.30115966e+01 -3.80393155e+01  4.28279171e+01 -3.66045319e+01
   1.44758260e+01  2.47767875e+01 -3.13864793e+00  6.35949242e+00
  -2.09788075e+01 -4.03283103e+01 -4.32246106e+01 -6.93321362e+00
  -3.13460188e+01 -3.32741441e+01  3.79533929e+01  2.11898400e+00
  -1.44528561e+01  3.39891383e+01 -3.06048157e+01 -8.33565915e+00
   2.96144355e+01  2.99981537e+01  3.52982066e+01 -3.10172390e+01
   3.95726017e+01  4.32388933e+01 -2.31408154e+01  4.31055568e+01
   3.69062096e+01 -4.32364011e+01  3.14275119e+01  1.72715178e+00
   2.45450538e+01 -2.65990017e+00 -2.67014177e+01 -1.65521554e+01
   7.39857514e+00  3.91101202e+01 -8.84728292e+00  3.00705628e+01
  -3.96667567e+01 -2.83635986e+01  2.87263682e+01 -1.98548892e+00
  -2.83783890e+01  1.82015391e+01  3.01335339e+00  2.84296330e+01]]
-----------------------------------------------
