[[[[ 0.22891967 -0.14861829 -0.32014548  0.05056578 -0.13684021]
   [ 0.23927616 -0.24923148 -0.29601422  0.21065893  0.1151959 ]
   [ 0.3069636   0.239504    0.17067603 -0.06712104 -0.39031995]
   [-0.07536383 -0.14620907  0.12121759 -0.14158506  0.31674966]
   [ 0.39250119  0.38713564  0.13948372  0.00694551  0.00331298]]]


 [[[ 0.37371229 -0.08182873 -0.11517417  0.37145414  0.07689981]
   [-0.11868688  0.35765341  0.16890019 -0.24658209 -0.17067546]
   [-0.30142741 -0.32831168 -0.00160212  0.12342966  0.3424677 ]
   [ 0.31407565  0.0463203   0.06279986  0.28854772  0.13932552]
   [-0.18357464  0.20312397  0.13198912  0.32256276 -0.04072703]]]


 [[[ 0.20233629 -0.3679328  -0.2375768   0.12502335  0.18779455]
   [ 0.12732927 -0.1285311   0.24404544  0.09648332  0.25735204]
   [ 0.36400728  0.22025473 -0.22266607 -0.25651603 -0.17253965]
   [-0.23289101 -0.32083235 -0.08987775  0.01611432 -0.08669711]
   [-0.19008142  0.37876769  0.28627023  0.1985014   0.30171348]]]


 [[[-0.13880943  0.29974646 -0.12530366  0.24369102  0.06310569]
   [ 0.08835346 -0.16866541 -0.17543953  0.05902748  0.36497616]
   [-0.2934853   0.01869441 -0.39269947 -0.23325989 -0.16357866]
   [-0.33939753 -0.02754984  0.31346016  0.17216165 -0.0603318 ]
   [-0.04698847  0.21397521  0.03133679 -0.0681927  -0.11472532]]]


 [[[-0.32514107  0.14906487  0.00926826  0.21776438  0.38523966]
   [-0.15125369 -0.11040234  0.14747476 -0.01775681 -0.299559  ]
   [-0.20371395 -0.22986085 -0.09853027 -0.22840065  0.34542727]
   [-0.13139334 -0.23465282  0.31539664  0.24522127 -0.07910443]
   [ 0.33742578  0.02894907 -0.37953375 -0.23660373  0.38469627]]]


 [[[-0.27749374  0.28469893 -0.04072979 -0.22830675 -0.03815532]
   [-0.09040123  0.08204613  0.11062605  0.08503845  0.19524278]
   [-0.13749521 -0.13358196  0.18858366  0.23572164 -0.06069678]
   [-0.27703589 -0.12019796 -0.0363704  -0.00751746 -0.35048454]
   [ 0.2873575   0.14331758 -0.02936546  0.30255826 -0.32188996]]]][-0.16761395  0.11925465  0.0741054   0.22187263  0.32038535 -0.31885163]
-----------------------------------------------
[[ 0.14350534  0.2684333 ]
 [-0.22351574 -0.40774619]
 [ 0.37092481  0.04823481]
 [ 0.05981103 -0.18054557]
 [-0.08680575  0.38778814]
 [ 0.36545484 -0.3343402 ]]
-----------------------------------------------
[array([[[-0.14378467, -0.01740188,  0.05263045,  0.11525519,
          0.11790737],
        [ 0.01291447, -0.11233972,  0.06716144,  0.05553257,
         -0.09878169],
        [ 0.00672444,  0.03360371,  0.03389147, -0.09627775,
         -0.05499393],
        [ 0.07246825,  0.13524057, -0.06289275,  0.11081208,
          0.07763514],
        [-0.06456019, -0.11834873, -0.00589726,  0.07190058,
          0.06216437]],

       [[ 0.01014389,  0.03424539, -0.00517076,  0.07606347,
         -0.08881853],
        [-0.10033847,  0.13928579,  0.05949838,  0.00552837,
         -0.11259651],
        [ 0.14400886, -0.14235924, -0.07532089,  0.06699581,
          0.02966456],
        [ 0.11040835,  0.14285338,  0.02166669, -0.09205031,
         -0.09811955],
        [ 0.05016341, -0.0966246 ,  0.10839969,  0.12705769,
          0.03623228]],

       [[-0.10333084,  0.03174203,  0.15096888, -0.14093447,
         -0.1379961 ],
        [ 0.1496586 ,  0.13001638,  0.08846333,  0.0872818 ,
         -0.03201121],
        [-0.09059362, -0.06532443, -0.00057374,  0.12906079,
          0.08589881],
        [ 0.06103815,  0.12706305,  0.12341331,  0.05083218,
         -0.13116372],
        [ 0.03241207, -0.00768019,  0.08784121, -0.13330682,
          0.03203867]]])
 array([[[-0.05926443, -0.08882552, -0.00541016,  0.01507338,
         -0.07105061],
        [-0.10075452, -0.11490333, -0.03524034, -0.06347488,
          0.16517227],
        [-0.107359  , -0.19799096, -0.01541524,  0.05979662,
          0.07956799],
        [-0.09666906,  0.02577604, -0.03170547,  0.0542202 ,
          0.12525284],
        [ 0.01193683,  0.0992872 ,  0.10914933,  0.14921759,
         -0.16249924]],

       [[ 0.02240341,  0.20208324,  0.16360886, -0.03134813,
          0.03359971],
        [ 0.05674532,  0.2233504 ,  0.18164521,  0.0443481 ,
         -0.01658181],
        [ 0.07374541, -0.03034348, -0.15426269, -0.17299101,
         -0.02641094],
        [-0.06569724, -0.15147681, -0.06089367,  0.06963672,
          0.09349604],
        [-0.19592744, -0.06080484, -0.04458878,  0.11361789,
          0.13938826]],

       [[ 0.05678877, -0.09887292, -0.13358015,  0.0635166 ,
          0.14190674],
        [-0.00615317, -0.0391054 ,  0.03927406,  0.08386883,
         -0.05603634],
        [-0.05531682,  0.07275057,  0.10972846, -0.17440195,
          0.09853116],
        [ 0.08690549, -0.14285687, -0.00044948,  0.03937283,
          0.03167049],
        [ 0.14347029,  0.1173559 ,  0.06390719,  0.15827778,
          0.12450114]]])
 array([[[ 0.02753926, -0.00125132,  0.12904163, -0.05675344,
         -0.02215478],
        [-0.20757153,  0.12377318,  0.02468702, -0.13748118,
         -0.02222092],
        [-0.01071015, -0.04343378, -0.13858678, -0.16030089,
         -0.21318786],
        [-0.06643781,  0.08389267,  0.04970657, -0.21906728,
         -0.23992546],
        [ 0.24131635,  0.19784459, -0.09208876, -0.13897891,
         -0.07982127]],

       [[-0.13932663, -0.04673409, -0.15359558,  0.1068679 ,
         -0.00171502],
        [ 0.10599687, -0.10702544, -0.08460398,  0.09952575,
         -0.01073982],
        [ 0.16020259,  0.11716585,  0.05833488,  0.10323465,
          0.11586436],
        [-0.00384796, -0.08379419,  0.06985617,  0.01218898,
         -0.01850787],
        [-0.01822002, -0.11081956,  0.00760202, -0.13226548,
         -0.02523277]],

       [[ 0.18167606,  0.00445031, -0.10277003, -0.05330871,
          0.06574902],
        [-0.04553916,  0.13068975,  0.09254141, -0.01804205,
         -0.07504735],
        [-0.00499362,  0.11283785,  0.12135787,  0.06975889,
          0.13671775],
        [ 0.04353003, -0.10447581,  0.15910002,  0.12708185,
         -0.07649034],
        [ 0.07788287, -0.03890702,  0.05486585,  0.18329295,
          0.08846477]]])
 array([[[-0.13270341,  0.01479733, -0.07284709, -0.038436  ,
         -0.11292466],
        [ 0.11229937, -0.03133122, -0.02813619,  0.02753797,
          0.06441851],
        [-0.01662392,  0.0358001 ,  0.05158644, -0.11634688,
         -0.11408227],
        [-0.12656433,  0.06245674,  0.0683543 , -0.02670621,
          0.11539931],
        [-0.02669905, -0.07100285, -0.14407127,  0.09540434,
         -0.05279614]],

       [[ 0.11412648, -0.03596045, -0.06276772,  0.08107827,
          0.02837188],
        [-0.02710977,  0.04178805,  0.10985072, -0.06611172,
          0.10828336],
        [ 0.09442567, -0.02692699,  0.11522195, -0.06148626,
          0.12246123],
        [ 0.01033992,  0.07025095,  0.07167297, -0.06806902,
          0.04941837],
        [-0.02402973,  0.09633155, -0.10707646, -0.1332853 ,
         -0.03483581]],

       [[ 0.13835077,  0.13308935, -0.00443759, -0.03836316,
          0.13715337],
        [ 0.08474938,  0.08323539,  0.0953776 ,  0.07896986,
          0.13827531],
        [ 0.05304425, -0.08426789, -0.0705538 ,  0.01249249,
         -0.08569231],
        [ 0.10051363,  0.0508644 ,  0.05488734, -0.08671447,
         -0.13858712],
        [ 0.10044622, -0.06727844,  0.05308429,  0.1036582 ,
         -0.00878935]]])
 array([[[ 0.03057443,  0.09253812,  0.10456284,  0.01492781,
         -0.14731681],
        [ 0.06747081, -0.13729191, -0.04062319, -0.07409949,
          0.07743229],
        [ 0.02358258, -0.05150192,  0.04379247,  0.09235001,
          0.05867214],
        [-0.08704827,  0.05953891, -0.11574846,  0.12568393,
          0.01864216],
        [ 0.07038009,  0.02884376, -0.13840555, -0.04606324,
          0.04301478]],

       [[ 0.01363192,  0.01061731,  0.14987841,  0.12294586,
          0.05183657],
        [-0.12413232, -0.11475606,  0.14681686,  0.02688537,
          0.11834989],
        [ 0.02980581,  0.09874761,  0.01850638,  0.13986206,
          0.12388829],
        [-0.02235703,  0.03360893,  0.14538789, -0.06249137,
          0.04824142],
        [-0.07179641,  0.12459961, -0.03324156, -0.07441898,
          0.03786372]],

       [[ 0.00075887, -0.13130006, -0.12038418,  0.14633924,
         -0.07804256],
        [-0.09809683, -0.10560035,  0.08984544, -0.05718815,
         -0.00829304],
        [-0.14881033,  0.03297956, -0.07592664, -0.10935002,
          0.01053375],
        [-0.13217103,  0.09044162, -0.09048014, -0.1306717 ,
          0.01263036],
        [-0.03624831,  0.15027851,  0.01487167, -0.12531533,
          0.13738092]]])
 array([[[-0.00513616, -0.16413695,  0.1335892 ,  0.00958805,
         -0.10740349],
        [-0.167565  ,  0.00626476,  0.11268167, -0.05840283,
         -0.03414124],
        [ 0.0791121 , -0.11311635,  0.10959128,  0.05606335,
         -0.03360774],
        [ 0.1251229 , -0.05841512,  0.05687278, -0.05272541,
          0.05718595],
        [ 0.10129232, -0.0621668 , -0.02324398, -0.01115187,
          0.07190662]],

       [[-0.04972442, -0.14443282, -0.16468853, -0.13505713,
          0.06903351],
        [ 0.02104174,  0.15519415, -0.13730571,  0.04860841,
          0.03034085],
        [-0.10732114, -0.03045932,  0.14259225, -0.00963607,
          0.03479985],
        [-0.01151494,  0.0600219 , -0.00038178, -0.13894067,
         -0.17529769],
        [ 0.0208643 ,  0.14181301,  0.02473044, -0.12508349,
          0.10077051]],

       [[ 0.0343276 , -0.08743169,  0.01382003, -0.05608549,
         -0.14320001],
        [ 0.10566819,  0.03087053, -0.03915807,  0.02074565,
         -0.18542635],
        [ 0.06761054, -0.11830985, -0.03869662, -0.08778959,
         -0.0749364 ],
        [ 0.01952366, -0.1121856 , -0.02956385,  0.13633564,
          0.13175798],
        [ 0.03141298,  0.09326007,  0.13539848,  0.05521396,
         -0.02391008]]])
 array([[[ 0.06299376,  0.08534299,  0.03252453,  0.14442604,
          0.18046748],
        [-0.10123898, -0.08564142,  0.04789638,  0.03943066,
          0.16325916],
        [ 0.00128259, -0.09080679, -0.14446245,  0.0871184 ,
          0.11085868],
        [ 0.05751982, -0.05031125, -0.08906907, -0.12318875,
         -0.12501574],
        [-0.04060189, -0.08449886, -0.04631811, -0.00284006,
         -0.09594561]],

       [[ 0.00556622, -0.01793464, -0.05067609, -0.02963911,
         -0.02708063],
        [-0.06395618, -0.09985804,  0.0229161 , -0.16652186,
         -0.0567774 ],
        [ 0.0992021 , -0.0776529 ,  0.04826696, -0.12642196,
         -0.13955229],
        [ 0.07663247, -0.04497134,  0.00133933,  0.10755433,
          0.10413807],
        [-0.02434182,  0.09437481,  0.14470189,  0.0374119 ,
          0.04316062]],

       [[ 0.09315228,  0.00359949, -0.00841681,  0.07095365,
          0.09966784],
        [ 0.12511006, -0.04883785, -0.06292452, -0.01496904,
         -0.01224108],
        [ 0.12874989,  0.02847361, -0.0086059 ,  0.03358089,
          0.00551855],
        [ 0.0707357 ,  0.01068803, -0.00512933, -0.04163703,
          0.11146791],
        [-0.01748449, -0.11593336, -0.07660363,  0.02071047,
         -0.10159915]],

       [[ 0.0804299 , -0.05250509, -0.10947833,  0.03540766,
         -0.04181526],
        [-0.02905013,  0.01407446,  0.02538845, -0.1068807 ,
          0.08680248],
        [ 0.123555  ,  0.04704115,  0.05602393, -0.06572655,
         -0.12769876],
        [ 0.00744459, -0.00648672, -0.02099255,  0.02964617,
         -0.06670975],
        [ 0.08392561, -0.07557921,  0.13241296,  0.09908836,
          0.10304882]]])
 array([[[ 0.06662481,  0.05385908, -0.02192923,  0.03779606,
          0.01896868],
        [ 0.03192007,  0.01425327, -0.03041849,  0.12669189,
          0.09671451],
        [ 0.00249149,  0.09292461, -0.10582692, -0.0841196 ,
          0.04409022],
        [ 0.06014315, -0.0998112 , -0.04400988,  0.04500787,
         -0.05610749],
        [ 0.02742137,  0.06623481, -0.06297365, -0.02952873,
         -0.144943  ]],

       [[ 0.0409237 ,  0.10917231, -0.10777464, -0.06088374,
          0.04399076],
        [-0.08320047,  0.00735099, -0.10767405, -0.08577455,
          0.10767826],
        [ 0.06714141, -0.0186301 , -0.06751035,  0.14601687,
         -0.03274969],
        [ 0.01854416, -0.06876094,  0.04534414,  0.16658112,
         -0.08039159],
        [-0.07657767,  0.08594514,  0.13349974,  0.13088905,
         -0.02937134]],

       [[ 0.02353579,  0.05407431,  0.06896103,  0.004921  ,
         -0.10851915],
        [ 0.02991957,  0.06807926, -0.00515679, -0.05494858,
          0.04904594],
        [-0.10846873, -0.05031115, -0.10892371, -0.07265501,
          0.02296906],
        [-0.04810843,  0.02557691, -0.02241239,  0.0726933 ,
         -0.07769769],
        [ 0.09226324,  0.03329301, -0.069448  ,  0.0547184 ,
         -0.04944028]],

       [[ 0.09299485, -0.06868463, -0.06777831,  0.04762877,
          0.04288333],
        [-0.02066611, -0.07174684,  0.05188063,  0.11128317,
          0.03360942],
        [-0.05868148, -0.00737547, -0.05859924,  0.04440735,
          0.02033427],
        [ 0.01874492, -0.01917328, -0.0637318 ,  0.00509884,
          0.08972712],
        [-0.11387584, -0.00599322, -0.12215337, -0.0475354 ,
          0.11836448]]])
 array([[[-0.01927785, -0.19381211, -0.19733678, -0.06777752,
          0.06963255],
        [-0.13744163, -0.22132946, -0.07983364,  0.14019245,
          0.00636241],
        [-0.18210388, -0.24822755, -0.11492564, -0.0443723 ,
          0.03032189],
        [-0.10205818, -0.16944477,  0.04238052, -0.02463117,
         -0.01127194],
        [-0.1305027 , -0.11436941, -0.06215822,  0.08765737,
         -0.16439304]],

       [[ 0.04236658,  0.03060051, -0.01508419, -0.02284223,
         -0.0978843 ],
        [-0.10232412, -0.01238758,  0.04488178, -0.03987207,
         -0.04557425],
        [ 0.07079706, -0.07663244,  0.10921031, -0.06893837,
          0.06853178],
        [-0.00798498,  0.04802424,  0.01008346,  0.04566035,
         -0.00783934],
        [ 0.03607532, -0.06513215,  0.12523457, -0.05427047,
          0.08220684]],

       [[ 0.05457294,  0.07557949, -0.05671013, -0.0578213 ,
          0.00855578],
        [-0.03661272, -0.03655827,  0.08074011, -0.10474638,
         -0.13920679],
        [ 0.05466166,  0.00509451, -0.01352928,  0.04801442,
         -0.0580986 ],
        [ 0.04287072, -0.02344234, -0.01779381, -0.06388035,
          0.07019147],
        [ 0.0605299 ,  0.03012248, -0.07123442,  0.02943941,
          0.09284353]],

       [[ 0.10024163, -0.00490045, -0.12758601, -0.03800326,
          0.04372929],
        [-0.04043749, -0.0898883 , -0.01098723, -0.17501159,
          0.06768052],
        [-0.08905318, -0.13739006, -0.1673023 ,  0.04566653,
          0.18883455],
        [-0.11130193, -0.14481712, -0.05430508,  0.02540836,
          0.1097435 ],
        [-0.08535989,  0.05950724,  0.05878179,  0.13139335,
          0.02192481]]])
 array([[[-0.0144861 , -0.068756  , -0.04584363,  0.01842587,
         -0.05900796],
        [ 0.04600703,  0.04336485,  0.05069382,  0.01497845,
         -0.0333192 ],
        [-0.10757386, -0.04933149, -0.05881468, -0.00081649,
         -0.02286063],
        [ 0.10522283,  0.07046266,  0.07306741, -0.10281406,
          0.02764038],
        [-0.09767248, -0.02795227, -0.0488093 ,  0.04656646,
         -0.01005595]],

       [[ 0.00146896,  0.09691219,  0.03508353, -0.09942352,
         -0.08974322],
        [-0.11214094, -0.01973017,  0.0237352 ,  0.09533065,
          0.06153214],
        [-0.09478844,  0.02268783,  0.11624641, -0.03236138,
         -0.12128334],
        [-0.1091657 , -0.09591664,  0.11427576,  0.11015482,
          0.10193324],
        [-0.08865165, -0.04757068,  0.11822391,  0.0127053 ,
         -0.08211562]],

       [[-0.07788724, -0.00286147, -0.03524439,  0.05547775,
          0.12888471],
        [-0.09323495,  0.05706478,  0.12655478, -0.00992153,
          0.01302298],
        [ 0.02819583,  0.03391345,  0.00945763, -0.03719112,
          0.06929138],
        [ 0.10393071, -0.04705812,  0.04720064,  0.00122496,
         -0.08838615],
        [ 0.02559903, -0.11079126, -0.1187208 , -0.03953304,
          0.13098029]],

       [[-0.11297179,  0.02425244,  0.03091002, -0.03520236,
         -0.10204468],
        [ 0.06128433,  0.00181843,  0.12761823, -0.10120579,
         -0.02614358],
        [-0.0314892 ,  0.06991754,  0.02368201, -0.05980557,
         -0.04603207],
        [-0.08350881, -0.0564296 ,  0.06433667,  0.08925383,
          0.09409271],
        [ 0.12092483,  0.14840632,  0.12679355,  0.20455172,
          0.12969566]]])
 array([[[-0.07380836,  0.12141812,  0.0145062 ,  0.10094094,
          0.10693753],
        [-0.03716269,  0.06894608,  0.10989725, -0.01352345,
          0.00410864],
        [ 0.07872712, -0.10990776,  0.07012035,  0.07870124,
         -0.10401829],
        [-0.00147328,  0.04348401, -0.08776907, -0.13669297,
          0.05462506],
        [ 0.02133156,  0.08116062,  0.00555319, -0.11769938,
         -0.05539074]],

       [[ 0.00141941,  0.05633132, -0.13557334,  0.02369213,
         -0.06543379],
        [-0.00182009,  0.04003981,  0.04107035,  0.00923082,
         -0.03036088],
        [ 0.12251745,  0.01896333, -0.04077318, -0.09905537,
         -0.01387057],
        [ 0.01510727, -0.08729079,  0.1397593 ,  0.09311343,
          0.12359453],
        [ 0.04279235, -0.05336119, -0.08577684,  0.05801765,
         -0.05245428]],

       [[-0.05077506, -0.02053992,  0.03676389,  0.16699268,
         -0.00274466],
        [-0.08891918, -0.179947  , -0.15337677,  0.02210768,
          0.11481032],
        [-0.14106684, -0.19278187, -0.21316373, -0.0912632 ,
         -0.1526244 ],
        [ 0.05975091,  0.02099835,  0.02362297, -0.02468636,
         -0.05879249],
        [ 0.06674753,  0.09926718,  0.00820151, -0.0308443 ,
         -0.10516103]],

       [[-0.13555572, -0.21015562, -0.07513362, -0.12337661,
         -0.01766023],
        [-0.09431185,  0.06991596,  0.01765509, -0.04466634,
         -0.07824217],
        [ 0.03054174,  0.12753392, -0.063751  ,  0.07659065,
         -0.13678268],
        [ 0.04949134,  0.13269535,  0.12486607,  0.06500804,
         -0.00494664],
        [-0.01204076,  0.00443159,  0.10100925, -0.02744383,
          0.05970238]]])
 array([[[-0.09182372, -0.00851542, -0.06422852, -0.11200973,
         -0.15297663],
        [ 0.00620949, -0.12207423, -0.02645619, -0.04336102,
          0.10387852],
        [-0.09072652, -0.01703096, -0.03910143,  0.10331783,
          0.06116702],
        [ 0.03777417,  0.03065867, -0.08012209,  0.08241372,
         -0.08909096],
        [-0.03411752, -0.00654699, -0.01119163, -0.07381764,
         -0.08308   ]],

       [[-0.10830945, -0.11705855, -0.01622816, -0.02334099,
         -0.09847665],
        [-0.11008654, -0.01486261, -0.11846998, -0.07075481,
          0.07950813],
        [-0.03608324, -0.08526016, -0.13765955, -0.09259687,
         -0.10083773],
        [ 0.06589153, -0.04986975,  0.11338803,  0.02735393,
          0.10566783],
        [ 0.09431013,  0.0803661 , -0.05259971,  0.12768729,
          0.10181373]],

       [[-0.093897  , -0.09333603, -0.04289458,  0.07601282,
          0.03839421],
        [-0.03704824,  0.14358233,  0.15531094, -0.06297128,
          0.07756988],
        [-0.00372025,  0.01502703, -0.02548178,  0.12469193,
         -0.1031491 ],
        [ 0.09070182,  0.06314141,  0.11424332, -0.01596593,
          0.08560064],
        [-0.06900934, -0.03029391,  0.04059578,  0.04114465,
         -0.10672504]],

       [[-0.10313726, -0.15424745, -0.1226625 ,  0.10627294,
          0.00738099],
        [-0.03815082, -0.08431997, -0.09948178,  0.06229546,
         -0.02110405],
        [ 0.07089417,  0.06216336, -0.01282223,  0.07831025,
          0.06702435],
        [-0.07633795,  0.04028124,  0.08286766, -0.02127228,
         -0.02804532],
        [-0.06913538, -0.09370553,  0.00825647, -0.10434339,
         -0.09312231]]])
 array([[[ 0.04145003, -0.00661474,  0.0946872 ,  0.16529464,
          0.02812827],
        [-0.04599278, -0.06753907, -0.12113666,  0.00291214,
          0.0171913 ],
        [-0.13886726, -0.11183994, -0.13855068, -0.02659671,
         -0.03342497],
        [-0.10611467,  0.02142551,  0.07952691,  0.07295634,
          0.08517016],
        [-0.01827782, -0.03588334, -0.01375373,  0.04873567,
         -0.05254679]],

       [[-0.08714894,  0.0358242 , -0.00304672,  0.01771734,
         -0.00964833],
        [-0.04201003, -0.07402791, -0.08794903,  0.0916417 ,
          0.06724562],
        [ 0.13089392,  0.07248264, -0.06611198, -0.10597981,
         -0.07952779],
        [ 0.1268319 ,  0.04425213, -0.02139535, -0.04104476,
          0.03446527],
        [ 0.0707927 ,  0.02089585,  0.09650722, -0.04598529,
         -0.13667531]],

       [[ 0.05207733, -0.02679142, -0.09112897, -0.00022082,
         -0.12389157],
        [ 0.0657079 ,  0.11477274,  0.06385496, -0.1198497 ,
         -0.09774624],
        [ 0.12876068,  0.1381088 ,  0.07016415,  0.0411192 ,
          0.1111938 ],
        [-0.05666231,  0.09758073, -0.03031016,  0.00991408,
          0.07216645],
        [-0.05217913,  0.01094978,  0.04492699, -0.035859  ,
         -0.11194165]],

       [[ 0.03672624, -0.00086098,  0.12696869, -0.04786268,
          0.02677386],
        [-0.07843019, -0.08218325,  0.10437883,  0.09024551,
          0.01073424],
        [-0.13115716,  0.07441686, -0.03051757,  0.11756937,
         -0.04273313],
        [-0.05092397,  0.0019021 , -0.0769565 ,  0.03417835,
         -0.07183565],
        [ 0.11509231, -0.07547066,  0.07892214,  0.10364914,
          0.10250143]]])
 array([[[-0.00690425, -0.01666221, -0.15232424,  0.09396476,
          0.04382356],
        [ 0.09019289, -0.11271082, -0.19491551, -0.13326875,
         -0.11330472],
        [-0.07305455, -0.0707182 , -0.06674667, -0.13336892,
         -0.12607043],
        [ 0.00657333, -0.07803961,  0.02991123, -0.05574271,
          0.07842687],
        [ 0.06670963,  0.12214644,  0.04817699,  0.11982392,
         -0.04733583]],

       [[ 0.05381092,  0.18956961,  0.0260196 ,  0.0706014 ,
          0.08531064],
        [-0.07001284,  0.15369672,  0.07282278,  0.10341339,
          0.05297228],
        [-0.03109935,  0.0612867 ,  0.00693   , -0.08616838,
          0.02904652],
        [-0.06365223, -0.08980343, -0.14503635, -0.13730644,
         -0.04216683],
        [-0.00417018, -0.02528788, -0.03277625, -0.08513847,
         -0.15217868]],

       [[-0.11078625,  0.05481291, -0.04307063, -0.04424445,
          0.01133447],
        [-0.08153832, -0.12087661,  0.07394381,  0.10731059,
          0.11369138],
        [-0.1182454 , -0.1412894 , -0.00881054,  0.07949452,
          0.06283578],
        [ 0.07961784,  0.02218421,  0.05390332,  0.11297875,
          0.09800262],
        [-0.08030497, -0.13635689, -0.05694349, -0.06702782,
         -0.02764527]],

       [[-0.12940932,  0.04949117, -0.02557814,  0.14226263,
         -0.04781203],
        [-0.14371054,  0.04492367, -0.05037541,  0.07383768,
         -0.06853021],
        [-0.05202867,  0.09840426,  0.04198042, -0.01722573,
          0.0061712 ],
        [ 0.07342254,  0.08398555,  0.17481343,  0.14356291,
          0.09702053],
        [-0.06393019,  0.13556865,  0.03689138,  0.04198842,
          0.03740992]]])
 array([[[ 0.0600379 ,  0.00295091,  0.03318552, -0.05143538,
         -0.0690381 ],
        [ 0.01064026, -0.04217089, -0.11786988,  0.03596486,
         -0.0433338 ],
        [ 0.10457927, -0.02091453, -0.02638362, -0.08309971,
         -0.04985669],
        [ 0.11248289, -0.00958658,  0.01075943,  0.09328639,
         -0.0424848 ],
        [ 0.05163779,  0.01379618,  0.12233247, -0.01790289,
          0.05260558]],

       [[-0.10180634, -0.0191157 , -0.03627354,  0.0615256 ,
         -0.02136124],
        [-0.00825202, -0.03950761, -0.09088211, -0.03537935,
         -0.0320466 ],
        [-0.08851666, -0.08248936,  0.03441789, -0.08327094,
         -0.00091212],
        [ 0.06990023, -0.02423962, -0.01741283,  0.08010301,
          0.05583502],
        [ 0.0201629 ,  0.12362372,  0.10211105, -0.07754825,
         -0.08027396]],

       [[ 0.00067967, -0.01812967, -0.04978829, -0.04489052,
         -0.06193687],
        [-0.02179371,  0.04728249, -0.11002462,  0.05833805,
          0.02244032],
        [ 0.10287409,  0.00530736,  0.06302041,  0.01172153,
          0.04593809],
        [-0.02656853, -0.03918374, -0.07138293, -0.05664562,
         -0.02882856],
        [ 0.09426854, -0.04237252,  0.04680449,  0.02954977,
         -0.00188808]],

       [[ 0.05414684,  0.01514869, -0.01172497, -0.01478466,
         -0.10448867],
        [-0.05000348,  0.03093219, -0.05627682,  0.03849089,
         -0.01085149],
        [ 0.11111858,  0.10983584,  0.02094434, -0.03982027,
          0.07982574],
        [ 0.07286225,  0.01977252,  0.09362789, -0.09993926,
         -0.01920048],
        [-0.1160027 ,  0.04076072,  0.0796787 ,  0.05635324,
          0.02249303]]])
 array([[[ 7.33166753e-02, -2.87485410e-02,  3.84209646e-02,
         -1.99533871e-02,  1.75060777e-02],
        [ 3.46898254e-02,  3.68943749e-02,  2.16330073e-02,
         -2.46154873e-02, -5.62355167e-02],
        [-1.51958977e-03, -3.37116536e-02,  6.94395207e-02,
         -1.33400538e-02, -2.19613968e-03],
        [-1.97330718e-02, -2.45735871e-02,  5.38882169e-02,
          5.03700451e-02,  6.69524129e-02],
        [-1.89965445e-02,  1.47840749e-02, -3.18714523e-02,
          4.84540008e-02,  3.44208455e-02]],

       [[ 1.67540219e-02, -4.34329247e-02, -5.82680312e-02,
         -6.20740413e-03,  5.07082753e-02],
        [-1.10352626e-02, -2.75086922e-02, -2.67696495e-02,
         -3.43630473e-02,  5.71838972e-02],
        [-1.58141849e-03, -5.51632297e-02, -6.79513099e-02,
          2.37474336e-02, -5.29263094e-02],
        [-6.77663018e-02, -6.80969991e-02, -2.08956660e-02,
          5.49521514e-02, -1.67574539e-02],
        [-2.56648635e-02, -4.38860916e-02, -4.73342157e-03,
          1.51541204e-02,  2.15891827e-02]],

       [[-3.47799269e-02, -9.93825670e-03, -5.99819758e-02,
         -2.07671492e-02, -1.19716768e-02],
        [ 7.03890347e-02, -3.74098525e-02,  5.42223985e-02,
         -7.80944276e-02,  5.63593363e-02],
        [ 2.50549792e-02,  1.47270058e-02, -4.49815639e-02,
          7.32843225e-02, -2.12258858e-02],
        [ 7.76918759e-02,  3.89285762e-02, -6.82037547e-02,
         -3.57272686e-02, -1.22575411e-02],
        [ 2.22774108e-02, -4.05255483e-02,  5.95260571e-02,
          3.99574415e-02, -7.21060777e-02]],

       [[-2.94740104e-02, -4.59627809e-02,  4.03669167e-02,
          2.93242868e-02, -2.54836712e-02],
        [-4.21265580e-02,  1.88720484e-02, -1.61405500e-02,
         -7.78832140e-02, -4.89928983e-02],
        [ 2.81875394e-02, -7.00759240e-02, -2.71730251e-02,
         -6.17939713e-02,  1.91064095e-02],
        [-2.89975956e-02,  3.19367113e-02,  4.29380922e-03,
          6.91588418e-02, -9.51365918e-03],
        [ 2.81677324e-03,  5.35283188e-02,  4.96821376e-02,
         -2.38414888e-02, -4.89081648e-02]],

       [[ 3.85615912e-02,  2.80309293e-02, -1.12853884e-02,
          4.58136744e-02,  5.67935397e-02],
        [-7.42787929e-02,  5.29819231e-02, -3.17009050e-02,
          4.27102260e-05, -7.32198946e-02],
        [-1.13917214e-02,  2.35522775e-02, -3.58709309e-02,
          4.18294809e-02,  1.89342494e-02],
        [-6.11603242e-02,  1.36532942e-02,  1.45797468e-02,
         -3.53735073e-02, -1.60375908e-02],
        [ 1.41498296e-02,  7.26092856e-02, -3.34229789e-02,
          5.39698732e-03, -1.51120999e-02]],

       [[ 5.54150179e-02, -5.86163219e-02, -4.10883787e-02,
          5.36194391e-02, -6.56225474e-02],
        [ 6.07559466e-02, -5.98494734e-02,  1.73164332e-02,
         -1.83039052e-02, -1.69683130e-02],
        [ 1.09375023e-02,  1.73148085e-02,  6.93006982e-02,
         -1.61817217e-02, -6.12575664e-02],
        [ 3.03698514e-02,  6.74184472e-02,  5.12984138e-03,
          5.95129445e-03, -4.94113929e-02],
        [ 7.36544052e-02,  6.35914445e-02, -1.25364570e-02,
          2.04128110e-02, -1.01937887e-02]]])][-0.06504591 -0.06732471  0.02972932 -0.06019356  0.04883642 -0.11326249
 -0.14039924 -0.00783149 -0.017726   -0.08458825  0.12372549  0.12961824
  0.01878953  0.00976507  0.11384576 -0.02092171]
-----------------------------------------------
[[-0.09775826 -1.29061439]
 [-2.04756642  0.4990113 ]
 [-2.00672483 -0.51139342]
 [-0.34151497  0.51683255]
 [ 0.56783466 -0.66921686]
 [-1.03165273 -0.05638875]
 [ 1.4936234  -0.56806175]
 [ 1.00393057 -0.44705384]
 [-1.63212762 -0.64767559]
 [-1.19113442  0.47346909]
 [-1.44304109 -0.26436365]
 [-0.87969095 -0.29598153]
 [ 0.91493729 -0.34956719]
 [-1.07492921 -0.11762051]
 [ 0.41287281  0.14336617]
 [ 0.12126175 -0.04113065]]
-----------------------------------------------
[[[[ 2.22373893e-02 -1.24762275e-02 -2.12452796e-02 -2.10141676e-02
    -2.18126421e-03]
   [-2.60890173e-02  2.40454983e-02 -2.94945896e-02 -1.38096501e-02
     4.06296391e-03]
   [-2.38057644e-02 -1.37473459e-02  2.11885166e-02 -2.70842785e-02
    -1.28590269e-02]
   [ 1.98582203e-02 -2.38487416e-02 -1.48778649e-02 -3.04657327e-02
    -1.94373853e-02]
   [-3.91276495e-03  1.88120493e-02  1.28637925e-02  1.75986025e-02
     1.97621081e-02]]

  [[-2.01431929e-02 -2.12938770e-02 -2.32928119e-02  1.60122345e-02
    -1.25167576e-02]
   [-1.27550302e-02  2.37046118e-02  1.06898692e-02  9.19011314e-03
     6.13200346e-03]
   [ 2.04897462e-02 -3.42999491e-02 -4.67744835e-02  2.87813905e-04
    -2.09472124e-02]
   [ 2.00461166e-02 -2.42035163e-02 -4.53324757e-03 -4.82661300e-03
    -3.05957840e-02]
   [-1.32251183e-02 -9.03570328e-03 -1.47595011e-02  7.53540288e-03
    -5.44503659e-02]]

  [[ 4.79931938e-02 -1.12839836e-02  2.45726736e-02 -1.08257027e-03
    -2.17444455e-02]
   [ 6.38091900e-02 -2.22444824e-02  4.97123354e-02 -1.07331827e-02
     9.29548161e-03]
   [ 3.32002275e-02  1.79394338e-02  3.90463543e-02  1.58157301e-02
    -1.40510723e-02]
   [ 2.62107341e-02  2.01805478e-02  1.17313110e-02  1.24385500e-02
    -1.88736126e-02]
   [ 2.22644886e-02  1.40814440e-02  4.14561418e-03  7.98081976e-03
     6.66975501e-03]]

  ...

  [[-2.15678332e-02 -4.57232928e-02 -2.88299736e-02  7.61533448e-03
     2.11794382e-02]
   [-2.89260510e-03 -1.82851905e-02  2.19978419e-02  3.86503655e-03
    -3.11703074e-02]
   [-2.50308430e-02 -3.80697790e-02  2.49048056e-02  9.32547706e-04
    -1.33389266e-02]
   [ 7.91619410e-03 -3.85746419e-02 -3.97112707e-03 -5.33406827e-02
    -1.83776073e-02]
   [-2.50833976e-02 -1.05022012e-03  1.58405559e-02 -2.33104786e-03
    -2.48252348e-02]]

  [[-9.21763399e-03 -3.20927503e-02 -2.40107761e-02 -1.95848491e-02
     2.18298725e-04]
   [-1.31048320e-03  1.56799685e-02  1.56161932e-03 -1.90993045e-02
     2.26471529e-03]
   [ 1.24130619e-02  3.15123241e-03  9.26275582e-04  1.53637984e-02
     1.67672756e-03]
   [ 4.07244609e-03 -2.73423867e-03 -2.74658105e-02  1.37528291e-02
     2.56851334e-02]
   [-1.28165782e-02 -1.92677284e-02  2.18893385e-02 -1.83522329e-02
     5.49831869e-03]]

  [[ 4.05763798e-04 -1.14158596e-02 -1.29079889e-02 -3.87208520e-03
    -2.47388709e-02]
   [-1.82631985e-02 -8.23779843e-03  1.49576731e-02  1.30093290e-02
     1.10085417e-02]
   [-1.75659941e-02 -1.69473462e-02 -1.07056714e-02 -9.86667977e-03
     1.66413947e-02]
   [-5.40161310e-03 -4.16931694e-03 -2.73400893e-02 -2.63669393e-02
    -2.21258157e-02]
   [-2.82638504e-02 -1.93724143e-02  2.13179146e-02 -2.08006876e-03
    -2.71647742e-02]]]


 [[[ 1.81305747e-02 -1.48745102e-02  5.47883761e-03  2.97234723e-02
    -2.25369652e-02]
   [ 1.69860907e-02  2.81716725e-04  2.18322961e-02  2.73263203e-02
    -9.28919789e-03]
   [-1.93348488e-03  1.22076300e-02  1.67132173e-02 -2.21158143e-02
     2.06757892e-02]
   [ 6.09865942e-03 -2.30757554e-02 -1.83027422e-02 -1.89334902e-02
     1.60817517e-02]
   [ 2.87610420e-03  1.94503368e-02  6.84673192e-03  2.39216083e-02
     2.82806551e-02]]

  [[-5.91931460e-03 -1.79529639e-02  9.78160385e-03 -1.88810538e-02
    -2.51889222e-02]
   [-2.86348825e-02 -1.52709063e-03  3.22448598e-02 -1.35182805e-02
     2.25166372e-02]
   [ 1.39114625e-02  3.88392355e-02 -2.38364481e-02 -3.59214696e-02
     2.13514266e-02]
   [-1.39485869e-02  2.16580371e-02 -6.69329616e-03  8.88346596e-03
     3.93476786e-02]
   [-3.25301082e-03 -4.12024744e-02 -2.85029671e-02  1.95540782e-02
     1.76683482e-02]]

  [[-2.21204495e-02  4.20294743e-02 -8.25091148e-04  1.65242464e-02
    -4.77592438e-03]
   [-2.90701784e-02  1.37353081e-02  4.96030404e-03 -3.22194723e-03
     1.76162724e-02]
   [-3.29510822e-02  1.43120525e-02 -3.79625182e-03 -2.03661389e-02
    -1.32742107e-02]
   [ 4.39146986e-02 -1.43370273e-02  3.90975446e-02  3.78108816e-02
     4.79816978e-03]
   [ 6.17891202e-03 -1.03977095e-02  1.99186912e-02  2.02251384e-02
     2.14835735e-04]]

  ...

  [[-2.27281830e-02 -1.16161472e-03 -2.46080083e-02 -2.55997919e-02
     1.81464486e-02]
   [ 1.27891527e-02  3.21340999e-02 -1.70381175e-02  1.90826185e-02
    -3.40165045e-03]
   [-1.46668093e-02 -2.93381054e-02 -4.22915413e-02  9.73931226e-03
    -1.57740054e-03]
   [ 2.62842466e-02  2.56655616e-03  1.58915917e-02  2.50915738e-02
    -1.67436288e-02]
   [-1.02754282e-02 -3.54033104e-02  3.21629309e-02  7.55110940e-03
     2.14278712e-02]]

  [[ 5.42023006e-03 -1.27913817e-02  2.50417975e-02 -1.99265740e-02
     1.55502213e-02]
   [ 2.71611527e-03  1.44721549e-02  3.11188368e-03  1.34113122e-02
     1.10510269e-02]
   [-6.19415330e-03 -2.08836545e-02 -2.88375685e-03  2.65041654e-02
    -1.52417868e-02]
   [ 1.21556464e-02 -6.05685596e-03  2.24266214e-02 -2.59567227e-02
    -2.71766741e-02]
   [ 2.12427981e-02 -1.40428985e-02 -2.14966577e-02  1.02634627e-03
    -1.37872307e-02]]

  [[ 1.63146938e-02  7.54813700e-04 -2.17521970e-02  1.43458084e-02
     1.16198352e-02]
   [ 1.34692664e-02  1.72898180e-02 -2.84492705e-02  1.86437490e-02
    -1.09778275e-02]
   [-1.48791146e-02 -2.40780075e-03  6.63849527e-03  1.26544206e-02
    -1.21064605e-02]
   [ 1.75431951e-03 -2.37930910e-02  2.69720296e-02 -2.13600341e-02
     1.18819733e-02]
   [-1.29689718e-02 -2.31196761e-02 -3.27657191e-03  1.14030816e-03
     1.84782805e-02]]]


 [[[-2.00947295e-02  2.40391227e-04 -2.23156746e-02 -2.24348683e-02
     5.92456895e-03]
   [ 2.53591583e-02  1.70779909e-02 -1.39084730e-02 -2.50009128e-02
     6.52412033e-03]
   [-6.66274557e-03  7.72531775e-04 -1.37425500e-02 -2.60691309e-02
     2.76145337e-02]
   [-2.83046376e-02 -1.84799745e-02 -3.71982203e-03  1.33240105e-02
     4.92746458e-03]
   [-2.32567160e-02  8.77696101e-03  8.00947173e-04 -2.76447495e-02
    -2.57418658e-02]]

  [[ 5.84073988e-03  1.85065549e-02 -9.66785390e-03  3.37808464e-02
    -4.09128107e-03]
   [ 1.94080180e-02  1.24697696e-02 -1.19806929e-02  3.68791014e-02
    -4.46359653e-03]
   [-3.42842904e-05  9.93114406e-03 -4.83199448e-02 -3.18400406e-03
    -1.54692372e-02]
   [ 1.75415897e-02 -5.07537291e-02 -2.59563241e-02  5.30956221e-03
    -2.46236349e-02]
   [-1.43228656e-02 -3.54421012e-02 -3.23802354e-02  7.48139574e-03
     3.97470241e-04]]

  [[ 1.47737161e-02 -4.67624701e-02 -1.13600982e-02  9.62036042e-03
     3.56820479e-02]
   [ 7.10068994e-02  7.66078436e-03  1.65877533e-02  1.66876227e-02
     8.73484041e-03]
   [ 5.16011142e-02 -7.37547667e-03  2.78500972e-02  9.74740471e-03
     1.65813924e-03]
   [ 2.80150352e-02 -1.49684458e-02  2.87829377e-02  2.19201961e-02
    -1.24831515e-02]
   [ 9.06120714e-03 -1.86189531e-02  1.64876399e-02  2.40938329e-02
     2.99821303e-02]]

  ...

  [[-4.65943913e-03 -3.05508248e-02 -8.28464065e-04 -8.33599555e-03
    -3.99551547e-05]
   [-9.14183746e-03  1.90893802e-02  4.32191494e-02 -5.42876406e-03
    -4.80215721e-02]
   [ 2.68513768e-02 -1.22471825e-02  2.64133853e-02  2.40845263e-02
    -3.33442955e-02]
   [ 1.61995130e-03 -4.23976769e-02 -1.11717797e-02  1.16598353e-02
     2.14672910e-02]
   [-1.62585980e-02 -4.00905892e-02 -2.64184830e-02  1.55256877e-04
    -2.34047543e-02]]

  [[-2.78314963e-02  2.15661592e-02  1.96938021e-02  2.18854120e-03
    -7.79096028e-03]
   [-2.91843426e-02 -2.63956577e-02  2.17014075e-02  3.76081931e-02
     1.65393633e-02]
   [ 1.90097659e-02  3.61139336e-03  2.53978125e-02  4.64355849e-03
    -2.21009772e-02]
   [ 1.23067015e-02 -3.09672808e-02 -1.83018493e-02  2.42756854e-02
    -9.99400536e-03]
   [-1.41030743e-02  2.00316021e-02 -2.11611685e-02 -7.46108596e-03
     7.95571860e-03]]

  [[ 2.73655525e-02 -7.85982604e-04 -8.97320588e-03 -8.58010775e-03
    -2.10480025e-02]
   [-1.43542688e-02 -1.65478916e-02  1.71593508e-02 -1.35422869e-02
    -1.29866049e-02]
   [-2.47838364e-02  1.85371238e-02 -6.78419747e-03 -2.58874615e-02
    -1.07376756e-02]
   [ 6.51510780e-05  2.60443916e-02 -1.41076405e-02 -1.90579470e-02
    -1.07410222e-02]
   [-9.75290029e-03  2.30905374e-02  2.80996918e-02 -6.38666665e-03
     7.21006222e-03]]]


 ...


 [[[-2.10998892e-02 -2.58454931e-02 -2.94004535e-02 -1.00811105e-02
    -2.35634016e-02]
   [-2.43725160e-02 -6.64168415e-03 -1.51535874e-02 -2.05651846e-02
    -3.51317458e-03]
   [ 1.84883490e-02 -2.33285201e-02  7.18987732e-03  2.06757704e-02
    -8.14345250e-03]
   [-2.92547239e-02 -2.48187955e-02 -2.18976332e-02  1.21894083e-02
     1.87481975e-02]
   [-2.19424056e-02  2.00293573e-02 -2.29133872e-02 -3.10702562e-02
    -1.31152321e-02]]

  [[ 1.78857668e-02  1.48290813e-02 -1.32755602e-05  5.58470659e-03
     2.68042717e-02]
   [ 1.37841836e-02 -8.19428879e-03 -3.26176944e-02 -2.84699555e-02
    -4.04052327e-03]
   [ 1.07335088e-02 -3.13510399e-02 -2.80647911e-02 -1.42438675e-02
     2.61003818e-02]
   [ 2.57365258e-02 -2.66365644e-02 -2.91278173e-02 -3.02718745e-02
    -2.65108437e-02]
   [-1.70194475e-02  2.37487885e-02 -2.97552488e-02  8.36300106e-03
    -1.95688910e-02]]

  [[ 1.69982840e-03  9.87341933e-03 -9.75458109e-04  1.81724571e-02
    -5.47379704e-04]
   [ 1.28235392e-02  1.52703431e-02  2.29487373e-02 -5.03512591e-03
    -1.87012249e-02]
   [ 4.85959240e-04  2.04321112e-02 -1.80235936e-02 -1.91910374e-03
     1.29005261e-02]
   [ 3.05280111e-02  8.68533585e-03 -5.76939514e-03  6.51280390e-03
     2.50819441e-02]
   [-2.04651810e-02  2.08603902e-02 -3.07576350e-03  4.07099925e-03
    -1.95444315e-02]]

  ...

  [[-4.73448696e-03 -1.26072795e-02 -2.94094994e-02 -2.32458887e-02
    -1.93034124e-02]
   [-2.18081597e-02 -2.58206463e-02  9.71954320e-03 -2.40287684e-02
     7.31275933e-03]
   [-2.35216452e-02  1.74128387e-02 -1.99416881e-02 -2.75777917e-02
     2.71980372e-03]
   [-5.23747932e-03 -1.91347337e-02  2.41208614e-02 -1.35088466e-02
    -8.86163939e-03]
   [-1.62540703e-02 -1.33154615e-02 -3.21744604e-02  2.34001589e-02
    -2.08525030e-02]]

  [[-1.35867131e-02 -9.25321753e-03 -9.00246004e-03  6.76885397e-03
     2.53872453e-02]
   [ 7.51696427e-03 -9.86829698e-04  9.74094931e-03 -3.33170958e-02
    -1.94368957e-02]
   [-3.66571340e-03  5.02391536e-03 -2.36784871e-02 -1.09426782e-03
     2.10364178e-03]
   [-2.69396024e-02 -3.49983417e-02 -8.60634229e-03 -3.27397101e-04
     2.55228103e-02]
   [-9.91197169e-03 -2.02120017e-02 -8.77695931e-03  1.80408876e-02
     1.62471964e-02]]

  [[ 2.43859368e-02 -2.01440936e-02 -7.12332885e-03  4.80132358e-03
     1.22332584e-02]
   [-2.39755860e-02 -2.28932891e-02 -2.60979875e-02 -8.31278126e-03
    -2.75678612e-02]
   [ 2.28050107e-02 -8.76182314e-03 -1.32499228e-02  7.20732349e-05
    -2.10583353e-02]
   [ 1.59495433e-02  2.52156902e-02 -1.71548246e-02  2.61667095e-02
     1.36558119e-02]
   [-2.44305743e-02 -1.32082922e-02 -7.87296314e-03  1.75798781e-02
    -5.75874474e-03]]]


 [[[-3.94208754e-03  6.66221513e-03 -1.68405775e-02 -1.31392475e-02
    -1.71583582e-02]
   [ 1.98363318e-02 -9.98866609e-03  9.47278795e-03  2.81572534e-02
     1.03100622e-02]
   [ 1.81505389e-02  1.52030502e-02  2.19012929e-02 -2.29060196e-03
    -2.30552605e-02]
   [-2.25471577e-02  2.13721595e-03 -2.54237093e-02  1.09117242e-02
     3.31788879e-02]
   [ 5.69248635e-03  2.81019870e-03  9.86311431e-03  5.27571394e-03
     1.14242570e-03]]

  [[-4.48937097e-03 -3.47299628e-02 -5.17332858e-02  4.64598718e-02
    -2.29634873e-02]
   [ 1.78104990e-02 -2.19071743e-02  5.42090453e-02 -8.82226024e-03
    -2.11801371e-02]
   [ 2.04446642e-02  4.84863438e-02  7.81582910e-03 -6.44245956e-02
     2.06760129e-02]
   [ 2.11226041e-02  1.12977919e-02 -4.49872856e-02 -2.93179129e-02
    -2.13686467e-02]
   [ 1.39791007e-03 -3.39191545e-02  5.19742729e-04 -1.98141631e-02
     1.21186323e-02]]

  [[ 1.13554609e-02 -1.33946469e-03  2.44588802e-02  3.38455583e-02
     2.24786165e-02]
   [ 6.06577868e-03 -1.95687949e-02  4.15278520e-02 -2.13438631e-02
     8.06237448e-04]
   [ 4.62044146e-02  3.80693781e-03 -1.86741912e-02 -8.52714451e-03
     3.07389333e-02]
   [-6.44417215e-03 -3.25218284e-03 -1.01331080e-02  5.90670029e-04
     1.42772041e-02]
   [ 1.04778139e-02  3.15998993e-02  3.62186138e-02  2.93580643e-02
    -2.16783251e-02]]

  ...

  [[-4.44606839e-02  5.67316784e-03 -4.37127779e-03  2.03730560e-02
     9.61524767e-03]
   [ 2.61938195e-02 -8.20610600e-03  2.20880257e-03 -3.41026026e-02
    -7.73749476e-03]
   [ 2.49680616e-02 -1.81112983e-02 -1.01576365e-02 -2.55539631e-03
     1.40077287e-02]
   [-3.70865810e-03 -9.18836280e-03  1.04197462e-02 -1.66513022e-02
     4.32759730e-03]
   [ 1.90235406e-02  6.78815816e-04 -1.74263360e-02  1.61108248e-02
    -1.54734362e-02]]

  [[ 1.30535906e-02  6.95749730e-03 -2.47605532e-02 -2.57851783e-02
    -2.38672946e-02]
   [-2.38920316e-02 -1.66542276e-02  4.24820467e-03  8.29143812e-03
     1.07166687e-02]
   [ 6.79710739e-03  7.80605786e-03 -2.71861830e-02 -2.75111485e-02
     3.00153686e-02]
   [ 1.64041705e-02 -2.09264494e-02 -2.61929461e-02  1.44768829e-02
    -8.84507500e-03]
   [-2.11422912e-02 -2.12773626e-02  3.69569474e-03  1.73332278e-02
     1.42643247e-02]]

  [[-2.57030024e-02  1.98086466e-02 -1.49495396e-02 -1.30711491e-02
     1.06655650e-02]
   [ 1.82671963e-02  1.66542864e-02 -1.71211387e-02 -2.97045224e-04
    -1.36651783e-02]
   [-1.86495194e-02 -3.03024410e-03 -6.10458616e-03 -2.56791804e-02
    -2.71241084e-02]
   [-2.77147818e-02  1.11471655e-02 -2.18515263e-02  2.34054305e-02
     1.22165688e-02]
   [-1.32524210e-02  9.54548896e-03 -1.99214096e-02 -8.25576971e-03
     2.14084883e-02]]]


 [[[ 7.71318874e-03  1.98510588e-02 -1.00376812e-02  6.52484192e-03
    -2.09527651e-02]
   [-6.95013144e-03  1.74362584e-02 -2.93159029e-02  1.20336391e-02
     2.71792278e-02]
   [ 7.09663653e-03 -1.83248213e-02  2.35599830e-02  1.29855993e-02
     1.20422105e-02]
   [ 1.63499515e-03 -7.88648631e-03 -2.07692498e-02 -5.99464410e-03
    -1.26197322e-02]
   [ 1.50181789e-03 -2.72511780e-02 -1.26562633e-03  2.16727527e-02
     1.21184824e-02]]

  [[ 1.16436575e-02  3.80876183e-03 -1.03655712e-02 -2.24215938e-02
    -1.72575119e-02]
   [ 2.03344840e-02  4.90454678e-03 -8.20023705e-03  1.50975598e-03
    -5.61467969e-03]
   [ 9.81881538e-03  3.08461437e-02 -3.79758946e-02  1.87695491e-02
     3.10968034e-03]
   [-1.59090482e-02  1.26248883e-03 -2.80832204e-02  1.56480026e-02
     2.46494778e-02]
   [ 2.47284342e-02  1.64683435e-02 -1.55243027e-02  1.82179651e-03
     1.26782450e-02]]

  [[-4.78980375e-03 -1.01500529e-02 -5.78586712e-03 -9.68829866e-04
     1.58704501e-02]
   [ 1.37056097e-02  1.87764231e-02 -4.37641470e-02 -1.32392686e-02
    -2.73309318e-02]
   [ 2.06451459e-02  4.23841551e-02 -1.26044677e-02  2.02062821e-02
    -5.16543621e-03]
   [-7.28697924e-03  9.44615856e-04  1.39592945e-02 -3.06421036e-03
     8.45964540e-03]
   [-1.47567105e-02 -3.79624664e-03  5.44713882e-03  1.04815763e-02
     8.98689253e-03]]

  ...

  [[ 3.03370646e-03 -9.26222132e-03 -2.05203848e-02 -3.20684484e-02
    -9.21177981e-03]
   [ 1.55444415e-02  2.19524739e-02  8.63579171e-03  3.39631299e-02
     2.29745350e-02]
   [-3.72338634e-03  4.51881234e-03  7.62864617e-03  3.63130866e-02
     3.09176658e-02]
   [-9.42474365e-03 -1.23199216e-02 -2.13054590e-02  3.67766343e-02
     1.07719878e-02]
   [ 2.00091859e-02 -1.40282657e-02  1.76662966e-02  1.66964528e-02
    -3.60974140e-03]]

  [[-9.31766121e-04 -2.20497615e-02 -1.75331799e-02 -1.51671219e-02
     2.09857479e-02]
   [ 2.72048690e-02 -1.42940822e-02  2.97902236e-02  2.93412694e-02
     6.58292911e-03]
   [ 1.56663458e-02  1.21817616e-02 -6.56157203e-03 -6.83034732e-03
     2.36265132e-03]
   [ 2.34651239e-02  1.08474254e-02 -2.54544413e-02  7.04101199e-03
    -4.27000724e-03]
   [-1.74890437e-02  2.28978217e-02  1.51882348e-02  6.52652132e-03
     1.79282965e-02]]

  [[-2.22703654e-02  1.64520005e-02 -1.03319314e-02  2.44546391e-02
    -2.46308308e-02]
   [ 2.25702137e-02 -1.22439751e-02 -2.17495116e-02  4.87130337e-03
    -2.24057424e-03]
   [ 9.48032706e-03  1.14784749e-02  1.37884654e-02  1.22542808e-02
     1.45332823e-02]
   [-8.06307221e-05 -1.44424983e-03 -2.34371944e-04  1.33201274e-02
     2.63532675e-02]
   [ 2.71892292e-02 -6.73805604e-03  1.73069643e-02  1.28859400e-03
     1.03222391e-02]]]][-0.01146048  0.00717017 -0.00750382 -0.00627658  0.01064545 -0.02671576
  0.02528451  0.00103607  0.0117218   0.01801016 -0.0183715   0.01514494
 -0.00186918 -0.01510874 -0.01426046  0.01760747 -0.00328416  0.02728696
 -0.01918845 -0.00793189  0.00435082  0.02046736 -0.02110362 -0.00783156
  0.01603751 -0.0161042  -0.00944183 -0.00771984 -0.01092347  0.03176254
  0.00184518 -0.00553756 -0.00493673 -0.01659395 -0.00445791 -0.0154628
 -0.01189082 -0.03260129 -0.00659804 -0.01131848 -0.00163361  0.01092625
 -0.02231527 -0.02434055  0.01301599 -0.0270711  -0.01866547 -0.02395477
  0.00613513  0.01317583  0.02550437 -0.01387818 -0.02490314  0.00354282
  0.00831282 -0.00029319  0.02301698 -0.02545722  0.02334411  0.02540631
 -0.02961365 -0.0096764   0.00170064  0.00370871 -0.02268494 -0.02791464
  0.01747987  0.02195323 -0.01630371  0.01576166  0.00544934 -0.02480189
  0.0213292   0.0225609  -0.00920761  0.02156509 -0.01641653  0.02135688
 -0.02856676  0.01353638  0.02628945 -0.01409066  0.00453477 -0.00869216
 -0.01632453  0.00816021 -0.01714442 -0.01147996  0.01127084  0.00092628
  0.02388872 -0.02259876 -0.00079474  0.00783495  0.02317987 -0.02008595
  0.00309254  0.01458825 -0.00976395  0.00516201 -0.02350462  0.01574761
 -0.01529308 -0.0047951   0.00635211  0.00028917 -0.01375468  0.01933977
  0.01786343  0.02079693 -0.01145343  0.02345123  0.00523022 -0.02036013
 -0.02113185  0.00218068 -0.01833529  0.02733435  0.02008843  0.01300732]
-----------------------------------------------
[[-0.00549353 -0.00390128 -0.06416879 ... -0.00670058 -0.019147
   0.00466491]
 [ 0.04697648  0.01977516  0.01677887 ...  0.00025202  0.00471547
   0.03460325]
 [-0.02521303 -0.02970308 -0.01194417 ...  0.03206103 -0.02655734
  -0.02824949]
 ...
 [ 0.05023726  0.01730688  0.03256588 ... -0.00442473  0.03693497
  -0.03017421]
 [ 0.01786831  0.01557434  0.04896032 ... -0.01641037  0.04536076
   0.02681718]
 [ 0.01534518  0.0047638   0.01706154 ... -0.00204106 -0.00258971
  -0.01409361]][ 0.01662455  0.00946826  0.03791185 -0.0182773   0.02256381 -0.02772463
 -0.00467319  0.01832194 -0.00696727 -0.03389116  0.03414746 -0.01326117
 -0.00096784 -0.03823587  0.00830445  0.01128979 -0.03581766  0.02426743
  0.0199244   0.03243677  0.00640758 -0.02144169  0.01115909  0.02532336
 -0.0038395   0.02198711  0.01079706 -0.01763405 -0.00364183  0.01750165
  0.00510307  0.0289622   0.01018914  0.02663218 -0.03564971 -0.0263088
 -0.02007265 -0.00316638  0.03272754 -0.00694795 -0.00451491 -0.00035962
 -0.03535527  0.01191192 -0.00852318  0.00457667  0.02705466 -0.03606596
  0.01174281  0.00576844  0.050389    0.00048319  0.01583612  0.00183163
 -0.02387236  0.01352695  0.01820781 -0.00755382  0.00260506  0.00563784
 -0.05495118  0.0001065  -0.01072348  0.0174324  -0.01217546 -0.01729894
 -0.00576816 -0.00475891  0.00838667  0.01147382 -0.00402437  0.00182996
 -0.00866231 -0.00295841 -0.00619615 -0.04072993  0.01209656  0.01175478
 -0.01618267 -0.01242733  0.03126383 -0.02546167 -0.00400273 -0.00614982]
-----------------------------------------------
[[-1.01730453 -0.99832746  1.0444841  -1.00156067 -1.03736795 -1.03840624
  -1.01121403  1.00310386  0.99847247 -1.02681958  1.05596258  1.01847486
   1.00663426  0.99178165 -0.94011584  1.04712874 -1.07888152  1.0907725
   1.02370833  1.04910823  1.04085368 -1.04876069  1.04674122  1.02804046
  -0.96313905  1.0237274   1.04724702 -1.08689234 -1.03016609  1.11062452
   1.0087307  -0.98190429  0.98172261  0.97187951  0.96110421  0.9677102
  -1.05364891  1.03878189  1.0497439  -1.02923479  1.04365246  0.96759203
  -1.07274735 -0.96533875  0.97484146  0.98220715  1.07476829 -1.11197316
  -0.99852996 -1.03715945  1.04926987  1.04676426  1.01884358  1.01751919
   1.01645824 -1.00700181 -1.01507634 -1.04552012  0.98706633  1.01709335
  -1.09649219  0.97490223 -1.039165    1.07762551 -1.01593169 -0.98271029
  -1.05066034  1.02176985 -1.01446404  0.98220941 -1.01623663  1.03068435
   1.02726945 -1.04450109 -1.00758168 -1.09684551 -1.04402187 -1.04020492
  -1.0780244   1.06350956  1.02206876  1.04219508 -0.96965676  1.08483012]
 [ 1.01193472 -1.00715761  1.00855293 -1.00800792  1.01195692  1.01235303
   1.01460713  1.006808    1.00724224 -1.00792063  1.00609942 -1.01646709
   1.00502067 -1.0103033   1.01726623 -1.01045901 -1.00581653 -1.00979939
   1.01191369  1.00575586 -1.0080948  -1.00541635  1.00918983  1.00786115
   1.01337147  1.00443963  1.00701309  1.00513308 -1.00783077 -1.00646108
  -1.0105817   1.01189142  1.00033899  1.00524661 -1.01447693 -1.0166123
  -1.00879873 -1.01415363  1.0056339  -1.00982325 -1.01399872 -1.01646469
  -1.01294491  1.01411863  1.0023768   1.00336278  1.0094412   1.00660191
  -1.00708067  1.00897293  1.00562181  1.00933751 -1.01067209 -1.0090552
  -1.01533505 -1.00960104  1.01514821 -1.00888449 -1.00981546 -1.0140262
  -1.01013283  1.00229744  1.00608124  1.00775052  1.01310824 -1.00660794
  -1.00705035 -1.01265924  1.00958337  1.00349161  1.00638024  1.00963086
   1.00637602  1.01271643  1.01058699 -1.00902357  1.00714188  1.00840743
  -1.00634625 -1.01241013  1.00482031 -1.01034439 -1.00768886 -1.00939225]
 [-0.99807196  0.99822236  0.98260221  1.00367366  1.00806697 -0.98986249
   0.99807081 -1.00453592 -0.99952546 -0.98688674  0.97541369 -1.00344625
   0.99351968  1.00987547  0.96860332  0.98362781 -0.96502993  0.96645434
   0.9894337  -1.02228362  0.99095509  1.02132158 -1.01661433  0.98700357
   0.97992325 -1.00888591 -1.0201764  -0.96879542 -0.98351495  0.95965118
  -0.99445248  0.98427357 -0.99447388 -0.98868473 -0.9769234  -0.98302916
  -0.97805333 -1.01067745 -1.02237589 -0.9854522  -1.01401896 -0.97987996
  -0.97132973  0.97908736 -0.98830049  1.00638857  0.96681046 -0.95921254
   0.99908296  1.00877272 -1.02211946 -1.01816101  0.99659546  0.99735857
  -1.00196845 -0.99529441  0.99963177  1.01863299  1.01297266  0.99663838
  -0.95933236 -0.9882805  -0.98983232  0.96627793 -0.99834465 -1.00483649
  -0.97888103  0.99319674 -1.00104507 -0.99607783 -0.99923747  0.98536695
  -1.01017873 -0.98480245  0.9960216   1.03967917 -0.98538619 -0.99016963
  -0.96530141 -1.021087   -1.01067804  0.98876375  0.98741741 -1.02925405]
 [ 0.99977949  1.00551496 -1.02005064  1.00483141 -0.99809591  1.01354135
   1.00438401  0.9984221  -1.00024735  1.01520863 -1.02154647  1.00444535
  -1.00617375 -0.99520415  0.97977894  0.99873132 -0.97835657  0.98196239
  -1.0102087   0.98595058  0.99252694 -0.98609116  0.98381639  0.99420506
   0.98790701  0.99507889 -1.01724721 -0.98219456  1.00894206  0.9736384
  -1.00321698  0.99233709 -0.99770707 -0.99930334 -0.9831771  -0.98325198
  -0.98360826 -1.00584339  0.98583482  1.01343569  0.99815702  1.01685287
  -0.97970182 -1.01749282 -0.99657622 -0.99892447 -1.02634684 -0.97317032
   0.99952302 -0.99557811  0.98585119  0.98764146  1.00006968 -1.0034489
  -0.99869775 -1.00062574  1.0014587   1.01609031 -0.99710987 -1.00039707
   1.03439647 -0.99746002 -0.99704496  0.97295779  1.00582299 -1.00682577
  -0.98541319  1.00479059  1.00511315  1.00794345 -1.00142414  0.99594966
   0.99308283  1.00735857  0.9994745  -0.97156568 -0.9938257  -0.99829922
   1.02545234  0.99068881 -1.01082123  0.99404681  0.99841067  0.98189289]
 [-0.9951752  -1.00922122  1.02448341  1.00981063 -1.01780358 -1.02368759
  -1.02566887 -1.01485278 -1.00332568  0.99833917  1.0156371   0.99714616
  -1.01460418 -1.01179394 -0.98741425 -1.02180829 -1.01510013  1.02198547
  -1.01171862  1.01264703  1.00665056 -1.01295083  1.02957867 -1.01220278
   1.01543774  1.01291863  1.01813629  0.9870249   1.02169699  1.03569936
   1.02682645  0.99578583  0.99248273  1.00187749 -1.01010545 -1.0255144
  -1.01224944  1.02123804  1.01228952  1.01184449  1.00245269  0.9877445
   0.99087937  1.01491368  1.00787682  0.98539877  1.01587964 -1.03529856
   1.00370703  0.98876449  1.01237043  1.01560081 -1.01728519 -1.01244054
   1.00252259  1.03023721 -1.01813547  0.98446254 -1.00298129 -1.00926981
  -1.03415459  1.00749518  1.01143354  1.02457337 -1.00467177  1.03442242
  -1.01101659 -1.0281131  -1.00517998 -1.02759579  1.01635311 -1.02617176
   1.0144931  -0.99922472 -1.01253283 -1.03770104  1.01198159  1.00552379
  -1.01962778  1.02327408  1.01271758  1.01113978  1.00014562  1.03649925]
 [-0.99571127  0.99787773  1.02445453  0.99955932 -0.99978601  0.98542449
   0.99607319 -0.99989978  0.99402228  0.98386229 -0.97752479  0.99412753
  -0.99641028 -1.01409366  1.02857951  0.99895955 -1.0281856   1.02199792
   1.00732462  1.01980274 -0.9942468  -1.01929006 -0.98293509  1.00460548
   1.0187342   1.00622249  1.01872901 -1.02120045 -1.00636465  1.03292368
  -1.0011039  -0.98757112 -1.00553059 -1.00452846  0.9751872   0.97598326
   0.98316022  1.0045427   1.01969668  0.98772116  1.00055585 -1.0231929
  -1.02275734  1.02655911 -1.00760249 -1.00566954  1.03177352 -1.03265512
  -0.99388484  0.99718311  1.01890133  1.01498464 -1.00166793 -1.00182336
   0.99542641  1.00634876  1.00183263 -1.01682063 -1.00848466  0.99779273
  -1.04115988 -1.00725952 -1.00126674 -0.96519919  0.99525604  1.01193432
  -1.01785372  0.99350806  0.99975119 -1.01348136  1.00689844  1.00162924
  -0.99559315 -1.00645544 -0.99658858 -1.03561823  0.99519309 -0.9985039
  -1.02934218  1.01070634  1.0138869  -0.99504167  1.00668352  1.02330506]
 [ 1.00475953  1.00353134 -1.01264678 -0.99865761  1.00677525 -0.99454075
  -0.99932472  1.00009289 -1.00298024 -0.99388996  0.98813294  1.0002499
   0.99802371 -0.99800571  0.98926368  0.99357672 -0.98526693  0.98533513
  -1.00860229  0.99028443 -1.00785815 -0.99047343 -1.0117838  -1.0067451
  -1.00906768 -1.00706761  0.989736   -0.98593866 -0.99383681  0.98104772
  -1.00319863  0.99660093  1.00202166 -0.99867707 -0.99197232  1.00937586
   1.01315978  0.99390816  0.98996632 -0.99287668  0.99435089 -0.99303349
   1.0162253   0.9914702  -0.99927975 -1.00045319  0.9832756  -0.98089943
   1.00295545 -0.99645084  0.99045624 -1.01228781  0.99964279  0.99905787
   0.99893622  1.00394596 -0.999242   -0.99095174 -0.99753492  0.99951028
  -0.97985155 -0.9983692   1.00732304  0.98454331 -0.99908112  0.99879958
   1.01200564  0.99898472  1.00425947  1.00466155  1.00238458 -1.0086515
  -1.00760613 -0.99297437  1.00293313 -0.98118351 -0.99456734  1.00647883
  -0.984054    0.99136383  0.99454886 -1.00888594  0.99681876  0.98583742]
 [ 0.99919798 -0.99673813  0.98347605 -1.00014654  1.00422012 -0.99292272
  -0.9996121   1.00013543 -1.00005004 -0.99136472 -1.01611396 -0.9984978
  -1.0012298  -0.99264735  0.98211614 -1.00164909  1.02073911 -1.01752571
   0.99361468  0.98579155  0.99439374 -0.98603484  0.98567768 -1.00687216
  -1.01477223 -1.00845508  0.98631927 -0.98522195  1.00665993  0.97693568
   1.00050149 -1.00735858 -0.99672341  1.00360317 -0.98627316 -0.985278
   1.01525533 -1.00451422  0.98653665 -0.99284996 -1.00314508 -0.98696021
  -0.98193476  0.98516955 -0.9976253  -0.99696733  0.9794973  -0.97695551
   1.00013412 -0.99642223  0.98689408  0.98672703  1.00261297  1.00208376
  -0.99927466  1.00010299  1.00075175 -0.98737334  1.00682386 -0.99830231
  -0.97286115 -0.99789328 -0.99773403  0.97838798 -0.99945762  0.99473633
   1.01521863 -0.9961673  -1.00032741 -0.99324988 -1.00263273 -1.00506629
  -1.00822522  1.00521733 -1.00116485 -0.97413864 -0.99691599  1.00339587
   1.02048848 -1.0105618   0.99101546 -1.00538823 -1.00419321  0.98397911]
 [-1.00079377 -1.00279161 -0.99495429 -1.00015357 -1.00219346  0.99667584
   0.99727789 -1.00226792  1.00088032  0.99841119  1.00252412 -1.00265768
  -1.00213819  1.00016047  1.00247188  0.99796043  0.99934902  1.00281166
   1.00167246 -0.9986316   1.00260879  0.99876311  1.00441091 -1.00135951
   1.00218302 -0.99950009  1.00293946 -1.00295668 -0.99856257  1.00515254
   1.00483144  0.99806264 -1.00259031 -0.99975277 -1.00180215 -1.00411639
  -1.00260675  1.00219066 -0.99931319 -1.00094505  0.99941002 -1.00306882
  -1.00343758  1.00270765 -0.99986405 -1.00183625  1.00397548 -1.00516991
  -1.00028167 -1.00213658 -0.99902919  1.00286164 -1.00207211  1.00085185
   1.0001194  -0.99746129 -1.00184734 -1.00320205 -0.99899809 -1.00094646
  -1.00651408 -1.00015048 -1.00094226 -0.99646198  0.99905269  1.00421328
   0.99879422 -1.00412814 -1.00300801 -1.0052601  -1.00013142  0.99817043
   1.00140395 -1.00015857 -1.00326327 -1.00547674 -1.00018086 -1.00077733
  -1.00317737  1.00195246 -0.99868935  1.00224171  0.99932163  1.00481964]
 [ 0.991385    1.00908964  0.95959848  0.99065132 -0.97577235 -0.96857492
  -0.97459332 -0.9870059   1.00551145 -0.98893966  0.97141536 -0.99337497
   1.01735788  1.02023052  0.95945039 -0.98606819 -0.96345092  0.95600568
  -0.99713787 -1.02842521 -1.01778905  1.02893267  0.95191852  1.00546382
   0.96942228  0.98152164 -1.03269653 -0.95895793  0.98297686  0.93078799
   0.97166362 -1.00211749 -0.97954074 -0.99166042  1.02843911 -0.95526708
  -0.9726099   0.97452724 -1.02801269  0.99818059 -1.00741616 -0.96958933
  -0.96225117 -1.03119461  1.0041532  -0.97350649 -1.03907463 -0.93126736
  -1.00562543 -0.97594605 -1.0282163  -1.03346854 -0.98606717 -0.99010324
  -0.99818694  0.96934937 -0.9845219  -0.96643348  1.00806145  1.01190711
  -0.93389784  1.00471815  1.00114752  0.94954475  1.00424688  0.95687457
  -0.97514326 -0.97118217  1.00531734 -0.96264106  0.98764603 -0.98154192
   0.97897787  1.0028243   1.012115   -0.92812626  1.00058139 -0.99585093
  -0.96006743  0.96256385 -1.01886925  0.98127311 -1.00725879  0.9374828 ]]
-----------------------------------------------
